#                                                                                        --- full sequence --- -------------- this domain -------------   hmm coord   ali coord   env coord
# target name                    accession   tlen query name           accession   qlen   E-value  score  bias   #  of  c-Evalue  i-Evalue  score  bias  from    to  from    to  from    to  acc description of target
#            ------------------- ---------- ----- -------------------- ---------- ----- --------- ------ ----- --- --- --------- --------- ------ ----- ----- ----- ----- ----- ----- ----- ---- ---------------------
Pdum_DN88256_c0_g1_i4:512-2926   -            805 111746at33208        -            606    2e-205  681.6  32.9   1   3   5.2e-61   1.3e-59  200.0   8.7     1   213     2   272     2   284 0.86 -
Pdum_DN88256_c0_g1_i4:512-2926   -            805 111746at33208        -            606    2e-205  681.6  32.9   2   3   6.6e-39   1.7e-37  127.0   3.4   204   335   301   460   293   464 0.85 -
Pdum_DN88256_c0_g1_i4:512-2926   -            805 111746at33208        -            606    2e-205  681.6  32.9   3   3  4.7e-111  1.2e-109  365.2   5.0   334   604   479   781   473   786 0.90 -
Pdum_DN74150_c0_g1_i3:157-2955   -            933 111746at33208        -            606   1.3e-58  196.6  13.3   1   4   5.2e-24   1.3e-22   77.8   1.0   335   494    64   230    32   245 0.87 -
Pdum_DN74150_c0_g1_i3:157-2955   -            933 111746at33208        -            606   1.3e-58  196.6  13.3   2   4       1.7        41    0.1   0.0   458   495   273   313   265   329 0.55 -
Pdum_DN74150_c0_g1_i3:157-2955   -            933 111746at33208        -            606   1.3e-58  196.6  13.3   3   4   7.7e-13   1.9e-11   40.9   0.9   361   492   393   524   373   535 0.83 -
Pdum_DN74150_c0_g1_i3:157-2955   -            933 111746at33208        -            606   1.3e-58  196.6  13.3   4   4   1.5e-25   3.7e-24   82.9   0.0   332   497   538   710   530   726 0.86 -
Pdum_DN78086_c1_g1_i5:2830-3705  -            292 111746at33208        -            606   6.3e-49  164.7   4.0   1   3   6.5e-08   1.6e-06   24.6   0.0    74   128     4    58     2    63 0.96 -
Pdum_DN78086_c1_g1_i5:2830-3705  -            292 111746at33208        -            606   6.3e-49  164.7   4.0   2   3   1.8e-23   4.4e-22   76.0   1.1   351   461    64   178    58   186 0.93 -
Pdum_DN78086_c1_g1_i5:2830-3705  -            292 111746at33208        -            606   6.3e-49  164.7   4.0   3   3     4e-20     1e-18   64.9   0.1   338   444   177   287   174   292 0.92 -
Pdum_DN80129_c0_g2_i7:710-1570   -            287 111746at33208        -            606     1e-44  150.8   8.6   1   3   5.1e-08   1.3e-06   25.0   0.0   371   418     2    49     1    52 0.93 -
Pdum_DN80129_c0_g2_i7:710-1570   -            287 111746at33208        -            606     1e-44  150.8   8.6   2   3   1.4e-25   3.5e-24   82.9   1.6   339   456    50   171    47   178 0.93 -
Pdum_DN80129_c0_g2_i7:710-1570   -            287 111746at33208        -            606     1e-44  150.8   8.6   3   3     1e-14   2.6e-13   47.0   0.2   379   467   179   270   175   283 0.84 -
Pdum_DN87680_c1_g3_i1:3327-4124  -            266 111746at33208        -            606     4e-43  145.5   7.9   1   4   1.5e-08   3.7e-07   26.7   0.1    74   127     4    57     1    59 0.76 -
Pdum_DN87680_c1_g3_i1:3327-4124  -            266 111746at33208        -            606     4e-43  145.5   7.9   2   4   3.4e-23   8.6e-22   75.1   1.2   369   467    43   141    39   142 0.96 -
Pdum_DN87680_c1_g3_i1:3327-4124  -            266 111746at33208        -            606     4e-43  145.5   7.9   3   4   3.3e-08   8.3e-07   25.6   0.1    75   134   131   190   131   198 0.92 -
Pdum_DN87680_c1_g3_i1:3327-4124  -            266 111746at33208        -            606     4e-43  145.5   7.9   4   4   7.5e-10   1.9e-08   31.0   0.0   389   446   209   266   205   266 0.97 -
Pdum_DN83656_c0_g1_i2:2236-2991  -            252 111746at33208        -            606   9.8e-37  124.4  12.0   1   3   5.1e-19   1.3e-17   61.3   0.2   350   482    20   172     7   175 0.86 -
Pdum_DN83656_c0_g1_i2:2236-2991  -            252 111746at33208        -            606   9.8e-37  124.4  12.0   2   3   2.3e-18   5.7e-17   59.1   0.8   345   482    72   212    61   214 0.88 -
Pdum_DN83656_c0_g1_i2:2236-2991  -            252 111746at33208        -            606   9.8e-37  124.4  12.0   3   3   6.5e-08   1.6e-06   24.6   0.7   343   443   152   252   151   252 0.88 -
Pdum_DN82012_c2_g2_i1:484-1302   -            273 111746at33208        -            606   1.5e-36  123.8  18.8   1   4   1.5e-13   3.7e-12   43.2   1.4   372   452     2    78     1    80 0.91 -
Pdum_DN82012_c2_g2_i1:484-1302   -            273 111746at33208        -            606   1.5e-36  123.8  18.8   2   4   1.7e-14   4.1e-13   46.4   0.1   389   473    57   140    49   140 0.90 -
Pdum_DN82012_c2_g2_i1:484-1302   -            273 111746at33208        -            606   1.5e-36  123.8  18.8   3   4   1.7e-08   4.3e-07   26.5   0.2    75   131   123   177   123   179 0.91 -
Pdum_DN82012_c2_g2_i1:484-1302   -            273 111746at33208        -            606   1.5e-36  123.8  18.8   4   4   2.3e-12   5.7e-11   39.3   1.1   386   470   174   264   167   272 0.79 -
Pdum_DN78854_c0_g1_i1:1579-2349  -            257 111746at33208        -            606   1.8e-36  123.5   5.3   1   1     2e-36   4.9e-35  118.8   5.3   272   485     1   243     1   252 0.87 -
Pdum_DN75190_c1_g2_i8:1873-2820  -            316 111746at33208        -            606   9.8e-36  121.1   9.3   1   2   1.8e-16   4.5e-15   52.9   3.5   374   488    49   160    33   167 0.89 -
Pdum_DN75190_c1_g2_i8:1873-2820  -            316 111746at33208        -            606   9.8e-36  121.1   9.3   2   2   1.4e-24   3.4e-23   79.7   2.8   309   445   131   279   128   283 0.82 -
Pdum_DN80927_c0_g1_i1:489-1964   -            492 111746at33208        -            606   7.1e-35  118.3  13.2   1   5   1.6e-05   0.00039   16.7   0.0   365   407   139   181   130   186 0.80 -
Pdum_DN80927_c0_g1_i1:489-1964   -            492 111746at33208        -            606   7.1e-35  118.3  13.2   2   5   4.4e-09   1.1e-07   28.5   0.2   332   423   199   293   191   297 0.92 -
Pdum_DN80927_c0_g1_i1:489-1964   -            492 111746at33208        -            606   7.1e-35  118.3  13.2   3   5   5.6e-10   1.4e-08   31.4   1.0   390   466   301   377   295   386 0.91 -
Pdum_DN80927_c0_g1_i1:489-1964   -            492 111746at33208        -            606   7.1e-35  118.3  13.2   4   5   1.4e-05   0.00035   16.9   0.1    90   117   392   419   384   420 0.91 -
Pdum_DN80927_c0_g1_i1:489-1964   -            492 111746at33208        -            606   7.1e-35  118.3  13.2   5   5   1.7e-09   4.3e-08   29.8   0.0    74   126   418   470   417   482 0.92 -
Pdum_DN72920_c0_g1_i5:770-1675   -            302 111746at33208        -            606   1.2e-34  117.5   7.8   1   2   1.3e-11   3.3e-10   36.8   2.6   372   483    11   130     2   149 0.78 -
Pdum_DN72920_c0_g1_i5:770-1675   -            302 111746at33208        -            606   1.2e-34  117.5   7.8   2   2   9.2e-26   2.3e-24   83.5   0.2   341   480   150   296   143   300 0.90 -
Pdum_DN79110_c0_g1_i7:340-1365   -            342 111746at33208        -            606   3.8e-33  112.5   1.6   1   5   3.9e-13   9.7e-12   41.8   0.0   368   468    45   146    24   149 0.92 -
Pdum_DN79110_c0_g1_i7:340-1365   -            342 111746at33208        -            606   3.8e-33  112.5   1.6   2   5   3.9e-06   9.8e-05   18.7   0.1    75   122   135   183   134   184 0.85 -
Pdum_DN79110_c0_g1_i7:340-1365   -            342 111746at33208        -            606   3.8e-33  112.5   1.6   3   5   1.8e-07   4.5e-06   23.1   0.0    78   128   180   230   172   231 0.89 -
Pdum_DN79110_c0_g1_i7:340-1365   -            342 111746at33208        -            606   3.8e-33  112.5   1.6   4   5   0.00022    0.0054   13.0   0.0    75   106   219   250   216   268 0.66 -
Pdum_DN79110_c0_g1_i7:340-1365   -            342 111746at33208        -            606   3.8e-33  112.5   1.6   5   5   6.8e-07   1.7e-05   21.2   0.0    65   129   259   323   252   340 0.65 -
Pdum_DN66431_c0_g1_i1:1561-2364  -            268 111746at33208        -            606   7.8e-33  111.5   2.4   1   3      0.26       6.6    2.8   0.0   388   421    26    59     3    67 0.84 -
Pdum_DN66431_c0_g1_i1:1561-2364  -            268 111746at33208        -            606   7.8e-33  111.5   2.4   2   3   6.5e-21   1.6e-19   67.5   1.5   351   464    68   180    63   180 0.92 -
Pdum_DN66431_c0_g1_i1:1561-2364  -            268 111746at33208        -            606   7.8e-33  111.5   2.4   3   3   1.2e-15   3.1e-14   50.1   0.0   390   503   148   259   145   266 0.87 -
Pdum_DN87134_c2_g1_i3:1621-2460  -            280 111746at33208        -            606     8e-32  108.2  23.3   1   3   2.8e-06   7.1e-05   19.2   0.2    75   125     1    51     1    55 0.76 -
Pdum_DN87134_c2_g1_i3:1621-2460  -            280 111746at33208        -            606     8e-32  108.2  23.3   2   3   9.7e-21   2.4e-19   67.0  12.5   304   456    41   207    35   211 0.80 -
Pdum_DN87134_c2_g1_i3:1621-2460  -            280 111746at33208        -            606     8e-32  108.2  23.3   3   3   1.5e-09   3.8e-08   30.0   0.9   304   363   211   279   207   280 0.59 -
Pdum_DN92078_c7_g2_i1:2888-3787  -            300 111746at33208        -            606     1e-31  107.9   7.4   1   2   3.2e-16     8e-15   52.0   3.0   343   447     2   109     1   118 0.91 -
Pdum_DN92078_c7_g2_i1:2888-3787  -            300 111746at33208        -            606     1e-31  107.9   7.4   2   2   6.3e-18   1.6e-16   57.7   0.1   333   444   120   235   118   251 0.91 -
Pdum_DN84894_c0_g1_i9:97-867     -            257 111746at33208        -            606   1.5e-31  107.3   0.0   1   2   3.5e-22   8.6e-21   71.7   0.0   318   462    30   189     8   195 0.86 -
Pdum_DN84894_c0_g1_i9:97-867     -            257 111746at33208        -            606   1.5e-31  107.3   0.0   2   2   1.6e-10   4.1e-09   33.2   0.1   348   402   198   256   188   257 0.86 -
Pdum_DN83588_c0_g2_i13:1452-2396 -            315 111746at33208        -            606   2.8e-31  106.4   0.1   1   4   1.2e-09   3.1e-08   30.3   0.0   387   453    11    79     4    86 0.86 -
Pdum_DN83588_c0_g2_i13:1452-2396 -            315 111746at33208        -            606   2.8e-31  106.4   0.1   2   4   2.3e-09   5.6e-08   29.4   0.0   379   446    90   157    76   175 0.91 -
Pdum_DN83588_c0_g2_i13:1452-2396 -            315 111746at33208        -            606   2.8e-31  106.4   0.1   3   4     0.012       0.3    7.2   0.0    86   112   195   221   185   233 0.80 -
Pdum_DN83588_c0_g2_i13:1452-2396 -            315 111746at33208        -            606   2.8e-31  106.4   0.1   4   4   5.5e-11   1.4e-09   34.8   0.0   368   445   238   315   225   315 0.79 -
Pdum_DN90586_c2_g3_i4:2166-2804  -            213 111746at33208        -            606   4.1e-31  105.8   1.3   1   3   3.2e-20   8.1e-19   65.2   0.1   336   461     9   139     5   142 0.91 -
Pdum_DN90586_c2_g3_i4:2166-2804  -            213 111746at33208        -            606   4.1e-31  105.8   1.3   2   3   3.9e-10   9.8e-09   31.9   0.0    74   129   134   189   131   192 0.95 -
Pdum_DN90586_c2_g3_i4:2166-2804  -            213 111746at33208        -            606   4.1e-31  105.8   1.3   3   3   2.1e-06   5.3e-05   19.6   0.0    74   106   176   208   169   212 0.91 -
Pdum_DN85045_c0_g1_i5:248-835    -            196 111746at33208        -            606   4.6e-31  105.7   0.0   1   2   2.1e-05   0.00054   16.3   0.1   377   415     3    41     1    50 0.86 -
Pdum_DN85045_c0_g1_i5:248-835    -            196 111746at33208        -            606   4.6e-31  105.7   0.0   2   2   1.1e-26   2.7e-25   86.6   0.0   342   482    48   195    44   196 0.94 -
Pdum_DN77740_c0_g3_i3:100-1476   -            459 111746at33208        -            606   2.9e-29   99.7   2.8   1   4   7.4e-13   1.8e-11   40.9   0.1   366   467   141   242   137   245 0.94 -
Pdum_DN77740_c0_g3_i3:100-1476   -            459 111746at33208        -            606   2.9e-29   99.7   2.8   2   4   3.5e-19   8.6e-18   61.8   0.2   340   483   195   344   192   345 0.87 -
Pdum_DN77740_c0_g3_i3:100-1476   -            459 111746at33208        -            606   2.9e-29   99.7   2.8   3   4   0.00062     0.015   11.5   0.0   391   449   333   390   328   399 0.84 -
Pdum_DN77740_c0_g3_i3:100-1476   -            459 111746at33208        -            606   2.9e-29   99.7   2.8   4   4       1.1        28    0.7   0.0   376   402   409   435   402   444 0.50 -
Pdum_DN91072_c6_g2_i4:11-988     -            326 111746at33208        -            606   1.3e-28   97.5  10.4   1   3   2.5e-15   6.3e-14   49.1   1.1   369   486    26   148    13   164 0.90 -
Pdum_DN91072_c6_g2_i4:11-988     -            326 111746at33208        -            606   1.3e-28   97.5  10.4   2   3   1.3e-16   3.4e-15   53.3   0.8   367   480   161   277   152   302 0.89 -
Pdum_DN91072_c6_g2_i4:11-988     -            326 111746at33208        -            606   1.3e-28   97.5  10.4   3   3       3.3        83   -0.9   0.0    78   105   296   325   287   326 0.70 -
Pdum_DN89838_c3_g2_i15:954-1709  -            252 111746at33208        -            606   1.5e-28   97.4   5.5   1   3   5.2e-14   1.3e-12   44.7   2.4   390   488     2    98     1   120 0.84 -
Pdum_DN89838_c3_g2_i15:954-1709  -            252 111746at33208        -            606   1.5e-28   97.4   5.5   2   3    0.0031     0.077    9.1   0.0    94   122   122   150   110   154 0.78 -
Pdum_DN89838_c3_g2_i15:954-1709  -            252 111746at33208        -            606   1.5e-28   97.4   5.5   3   3   1.3e-13   3.2e-12   43.5   0.0   383   478   153   251   149   252 0.91 -
Pdum_DN78454_c0_g1_i4:576-2111   -            512 111746at33208        -            606   7.8e-27   91.7   0.7   1   3   0.00039    0.0096   12.1   0.0    69   115   207   253   202   259 0.80 -
Pdum_DN78454_c0_g1_i4:576-2111   -            512 111746at33208        -            606   7.8e-27   91.7   0.7   2   3     1e-21   2.5e-20   70.2   0.7   336   456   264   388   259   393 0.91 -
Pdum_DN78454_c0_g1_i4:576-2111   -            512 111746at33208        -            606   7.8e-27   91.7   0.7   3   3     0.054       1.4    5.0   0.0   335   364   482   511   429   512 0.71 -
Pdum_DN74356_c1_g1_i1:377-1456   -            360 111746at33208        -            606   9.7e-25   84.8   3.6   1   4   0.00018    0.0046   13.2   0.0    75   117     2    44     1    47 0.88 -
Pdum_DN74356_c1_g1_i1:377-1456   -            360 111746at33208        -            606   9.7e-25   84.8   3.6   2   4   1.5e-07   3.7e-06   23.4   0.0    79   135    48   104    44   115 0.90 -
Pdum_DN74356_c1_g1_i1:377-1456   -            360 111746at33208        -            606   9.7e-25   84.8   3.6   3   4   1.1e-05   0.00027   17.3   0.0   378   449   145   218   132   226 0.86 -
Pdum_DN74356_c1_g1_i1:377-1456   -            360 111746at33208        -            606   9.7e-25   84.8   3.6   4   4   4.1e-09     1e-07   28.6   0.1   339   412   247   325   240   358 0.60 -
Pdum_DN83588_c0_g2_i13:1293-2279 -            329 111746at33208        -            606   1.3e-24   84.3   0.2   1   3   1.8e-11   4.6e-10   36.3   0.0   341   446     8   118     2   136 0.87 -
Pdum_DN83588_c0_g2_i13:1293-2279 -            329 111746at33208        -            606   1.3e-24   84.3   0.2   2   3     0.013      0.32    7.1   0.0    86   112   156   182   146   193 0.79 -
Pdum_DN83588_c0_g2_i13:1293-2279 -            329 111746at33208        -            606   1.3e-24   84.3   0.2   3   3   2.1e-11   5.2e-10   36.2   0.0   368   446   199   277   184   289 0.76 -
Pdum_DN66770_c0_g1_i1:157-1065   -            303 111746at33208        -            606   1.1e-23   81.3  10.6   1   2   2.3e-15   5.8e-14   49.2   1.3   364   483     3   129     1   134 0.83 -
Pdum_DN66770_c0_g1_i1:157-1065   -            303 111746at33208        -            606   1.1e-23   81.3  10.6   2   2   7.7e-12   1.9e-10   37.6   4.8   282   443   114   303   112   303 0.74 -
Pdum_DN84798_c1_g2_i5:993-2768   -            592 111746at33208        -            606   1.2e-23   81.2   4.4   1   6      0.02      0.51    6.5   0.0    74   128    46   102    42   109 0.80 -
Pdum_DN84798_c1_g2_i5:993-2768   -            592 111746at33208        -            606   1.2e-23   81.2   4.4   2   6    0.0006     0.015   11.5   0.0   335   438   135   201    89   203 0.52 -
Pdum_DN84798_c1_g2_i5:993-2768   -            592 111746at33208        -            606   1.2e-23   81.2   4.4   3   6   1.3e-13   3.3e-12   43.4   0.0   305   490   134   344   132   357 0.80 -
Pdum_DN84798_c1_g2_i5:993-2768   -            592 111746at33208        -            606   1.2e-23   81.2   4.4   4   6       1.9        47   -0.0   0.0   304   337   349   383   345   421 0.78 -
Pdum_DN84798_c1_g2_i5:993-2768   -            592 111746at33208        -            606   1.2e-23   81.2   4.4   5   6    0.0092      0.23    7.6   0.0    44   106   444   505   434   513 0.86 -
Pdum_DN84798_c1_g2_i5:993-2768   -            592 111746at33208        -            606   1.2e-23   81.2   4.4   6   6   2.3e-07   5.8e-06   22.8   1.5   338   445   477   591   457   592 0.79 -
Pdum_DN86522_c0_g3_i4:534-1520   -            329 111746at33208        -            606     3e-23   79.9   8.0   1   3   1.7e-09   4.3e-08   29.8   0.4   377   483     3   111     2   112 0.89 -
Pdum_DN86522_c0_g3_i4:534-1520   -            329 111746at33208        -            606     3e-23   79.9   8.0   2   3     9e-07   2.3e-05   20.8   0.1   384   457    93   165    87   170 0.90 -
Pdum_DN86522_c0_g3_i4:534-1520   -            329 111746at33208        -            606     3e-23   79.9   8.0   3   3   1.4e-11   3.5e-10   36.7   1.7   336   482   169   326   165   328 0.85 -
Pdum_DN73138_c0_g1_i1:392-1264   -            291 111746at33208        -            606   3.3e-23   79.7   2.4   1   3   3.8e-10   9.6e-09   32.0   0.2   368   461     4    97     1    97 0.92 -
Pdum_DN73138_c0_g1_i1:392-1264   -            291 111746at33208        -            606   3.3e-23   79.7   2.4   2   3   8.6e-06   0.00021   17.6   0.0    71   108    90   126    85   134 0.87 -
Pdum_DN73138_c0_g1_i1:392-1264   -            291 111746at33208        -            606   3.3e-23   79.7   2.4   3   3   3.2e-10   7.9e-09   32.2   0.1   338   482   140   289   131   291 0.83 -
Pdum_DN87342_c0_g1_i8:5-2425     -            807 111746at33208        -            606   4.4e-23   79.3   2.8   1   6      0.64        16    1.5   0.0     3    89     4   109     2   123 0.59 -
Pdum_DN87342_c0_g1_i8:5-2425     -            807 111746at33208        -            606   4.4e-23   79.3   2.8   2   6      0.47        12    1.9   0.1   392   447   162   219   135   267 0.78 -
Pdum_DN87342_c0_g1_i8:5-2425     -            807 111746at33208        -            606   4.4e-23   79.3   2.8   3   6      0.69        17    1.4   0.0   387   454   306   374   296   381 0.81 -
Pdum_DN87342_c0_g1_i8:5-2425     -            807 111746at33208        -            606   4.4e-23   79.3   2.8   4   6   3.3e-11   8.3e-10   35.5   0.0   338   446   380   494   370   502 0.76 -
Pdum_DN87342_c0_g1_i8:5-2425     -            807 111746at33208        -            606   4.4e-23   79.3   2.8   5   6   3.2e-09   7.9e-08   28.9   0.0    74   129   504   559   498   571 0.83 -
Pdum_DN87342_c0_g1_i8:5-2425     -            807 111746at33208        -            606   4.4e-23   79.3   2.8   6   6      0.72        18    1.3   0.0   504   537   749   782   742   805 0.80 -
Pdum_DN90064_c4_g2_i4:2740-4161  -            474 111746at33208        -            606   7.1e-23   78.6   7.0   1   3   3.4e-12   8.6e-11   38.7   0.1   364   445   131   213   118   229 0.91 -
Pdum_DN90064_c4_g2_i4:2740-4161  -            474 111746at33208        -            606   7.1e-23   78.6   7.0   2   3     0.028       0.7    6.0   0.0   410   460   261   311   255   316 0.91 -
Pdum_DN90064_c4_g2_i4:2740-4161  -            474 111746at33208        -            606   7.1e-23   78.6   7.0   3   3   7.8e-12     2e-10   37.5   1.4   336   425   309   402   306   423 0.86 -
Pdum_DN79208_c0_g1_i2:96-1031    -            312 111746at33208        -            606   7.2e-23   78.6   1.6   1   4     0.001     0.025   10.7   0.0   389   446    10    66     3    78 0.69 -
Pdum_DN79208_c0_g1_i2:96-1031    -            312 111746at33208        -            606   7.2e-23   78.6   1.6   2   4   3.5e-05   0.00086   15.6   0.0    78   129    82   134    76   160 0.77 -
Pdum_DN79208_c0_g1_i2:96-1031    -            312 111746at33208        -            606   7.2e-23   78.6   1.6   3   4     0.035      0.87    5.7   0.0    76   123   123   170   113   196 0.80 -
Pdum_DN79208_c0_g1_i2:96-1031    -            312 111746at33208        -            606   7.2e-23   78.6   1.6   4   4   1.2e-14   2.9e-13   46.9   0.7   371   467   212   309   203   312 0.90 -
Pdum_DN71389_c1_g2_i1:359-1099   -            247 111746at33208        -            606   1.1e-22   78.1  11.0   1   3   3.7e-10   9.3e-09   32.0   0.6   368   462     2   102     1   103 0.81 -
Pdum_DN71389_c1_g2_i1:359-1099   -            247 111746at33208        -            606   1.1e-22   78.1  11.0   2   3   1.9e-14   4.9e-13   46.1   1.8   336   456    98   227    97   229 0.83 -
Pdum_DN71389_c1_g2_i1:359-1099   -            247 111746at33208        -            606   1.1e-22   78.1  11.0   3   3   4.1e-06    0.0001   18.7   0.0    71   129   182   239   177   246 0.87 -
Pdum_DN84241_c0_g1_i1:2776-3423  -            216 111746at33208        -            606   1.5e-22   77.5   6.7   1   3   9.6e-09   2.4e-07   27.3   0.0    69   129     5    64     1    65 0.93 -
Pdum_DN84241_c0_g1_i1:2776-3423  -            216 111746at33208        -            606   1.5e-22   77.5   6.7   2   3   2.3e-16   5.6e-15   52.5   1.7   369   483    48   169    43   176 0.91 -
Pdum_DN84241_c0_g1_i1:2776-3423  -            216 111746at33208        -            606   1.5e-22   77.5   6.7   3   3    0.0082       0.2    7.8   0.2    74   103   182   211   174   215 0.50 -
Pdum_DN84814_c0_g2_i1:1505-2083  -            193 111746at33208        -            606   1.8e-22   77.3   2.5   1   4       7.6   1.9e+02   -2.0   0.0    90   106     9    25     6    33 0.70 -
Pdum_DN84814_c0_g2_i1:1505-2083  -            193 111746at33208        -            606   1.8e-22   77.3   2.5   2   4   1.3e-10   3.3e-09   33.5   0.0    75   129    35    89    27    97 0.94 -
Pdum_DN84814_c0_g2_i1:1505-2083  -            193 111746at33208        -            606   1.8e-22   77.3   2.5   3   4   1.7e-11   4.3e-10   36.4   0.1    76   129   120   173   102   174 0.94 -
Pdum_DN84814_c0_g2_i1:1505-2083  -            193 111746at33208        -            606   1.8e-22   77.3   2.5   4   4   0.00019    0.0048   13.1   0.1    75   106   161   192   161   193 0.94 -
Pdum_DN77965_c1_g1_i1:1646-2635  -            330 111746at33208        -            606   1.9e-22   77.2  19.7   1   4   8.4e-12   2.1e-10   37.5   9.0   339   464    14   151     4   154 0.86 -
Pdum_DN77965_c1_g1_i1:1646-2635  -            330 111746at33208        -            606   1.9e-22   77.2  19.7   2   4   1.6e-12     4e-11   39.8   8.6   338   444   102   217   101   241 0.87 -
Pdum_DN77965_c1_g1_i1:1646-2635  -            330 111746at33208        -            606   1.9e-22   77.2  19.7   3   4     0.082         2    4.5   0.1   351   405   227   278   219   284 0.78 -
Pdum_DN77965_c1_g1_i1:1646-2635  -            330 111746at33208        -            606   1.9e-22   77.2  19.7   4   4    0.0016     0.039   10.1   0.0   337   364   299   327   290   330 0.75 -
Pdum_DN73512_c4_g2_i3:726-1661   -            312 111746at33208        -            606   1.2e-21   74.6   0.1   1   2     1e-06   2.6e-05   20.6   0.0   411   489    10    94     6   101 0.87 -
Pdum_DN73512_c4_g2_i3:726-1661   -            312 111746at33208        -            606   1.2e-21   74.6   0.1   2   2     2e-10     5e-09   32.9   0.1   335   478   100   248    95   261 0.74 -
Pdum_DN73504_c1_g7_i2:375-1772   -            466 111746at33208        -            606   2.4e-21   73.6   5.3   1   3     0.004       0.1    8.8   0.0   371   404   139   172   133   186 0.51 -
Pdum_DN73504_c1_g7_i2:375-1772   -            466 111746at33208        -            606   2.4e-21   73.6   5.3   2   3   4.5e-18   1.1e-16   58.2   1.8   336   489   195   353   190   366 0.87 -
Pdum_DN73504_c1_g7_i2:375-1772   -            466 111746at33208        -            606   2.4e-21   73.6   5.3   3   3     0.064       1.6    4.8   0.0   339   364   375   400   368   428 0.69 -
Pdum_DN80498_c1_g1_i1:1987-2589  -            201 111746at33208        -            606   4.6e-21   72.6   0.8   1   2   3.6e-13   8.9e-12   42.0   0.4   379   461     7    91     1    91 0.89 -
Pdum_DN80498_c1_g1_i1:1987-2589  -            201 111746at33208        -            606   4.6e-21   72.6   0.8   2   2   6.1e-10   1.5e-08   31.3   0.0   336   443    88   201    87   201 0.91 -
Pdum_DN63925_c0_g1_i1:119-1006   -            296 111746at33208        -            606   7.5e-21   71.9   5.2   1   3   1.4e-06   3.5e-05   20.2   0.0    73   127    33    86     4    91 0.89 -
Pdum_DN63925_c0_g1_i1:119-1006   -            296 111746at33208        -            606   7.5e-21   71.9   5.2   2   3   1.9e-10   4.8e-09   33.0   0.0   390   456    92   158    88   168 0.89 -
Pdum_DN63925_c0_g1_i1:119-1006   -            296 111746at33208        -            606   7.5e-21   71.9   5.2   3   3     5e-06   0.00013   18.4   1.5    18   116   164   283   161   291 0.71 -
Pdum_DN92345_c8_g1_i1:3879-4793  -            305 111746at33208        -            606   2.3e-20   70.3   3.8   1   3   2.3e-09   5.6e-08   29.4   0.1   384   456     5    77     2    90 0.92 -
Pdum_DN92345_c8_g1_i1:3879-4793  -            305 111746at33208        -            606   2.3e-20   70.3   3.8   2   3     0.094       2.4    4.2   0.0    82   116   107   140   101   153 0.51 -
Pdum_DN92345_c8_g1_i1:3879-4793  -            305 111746at33208        -            606   2.3e-20   70.3   3.8   3   3   7.1e-11   1.8e-09   34.4   0.3   350   482   162   304   152   305 0.83 -
Pdum_DN73439_c0_g1_i2:1041-1721  -            227 111746at33208        -            606   2.7e-20   70.1   0.9   1   2   4.9e-21   1.2e-19   68.0   0.4   336   458    11   136     6   143 0.84 -
Pdum_DN73439_c0_g1_i2:1041-1721  -            227 111746at33208        -            606   2.7e-20   70.1   0.9   2   2       3.6        90   -1.0   0.0    76   100   198   221   164   227 0.44 -
Pdum_DN66325_c0_g1_i1:831-1904   -            358 111746at33208        -            606     3e-20   70.0   0.6   1   5    0.0033     0.082    9.1   0.0    74   119    29    74    26    77 0.87 -
Pdum_DN66325_c0_g1_i1:831-1904   -            358 111746at33208        -            606     3e-20   70.0   0.6   2   5   6.9e-09   1.7e-07   27.8   0.0    77   123    76   122    68   130 0.90 -
Pdum_DN66325_c0_g1_i1:831-1904   -            358 111746at33208        -            606     3e-20   70.0   0.6   3   5    0.0044      0.11    8.7   0.0    75   115   174   213   170   216 0.80 -
Pdum_DN66325_c0_g1_i1:831-1904   -            358 111746at33208        -            606     3e-20   70.0   0.6   4   5     0.046       1.2    5.3   0.0    78   111   281   313   248   318 0.76 -
Pdum_DN66325_c0_g1_i1:831-1904   -            358 111746at33208        -            606     3e-20   70.0   0.6   5   5   0.00026    0.0066   12.7   0.1   366   401   323   358   321   358 0.94 -
Pdum_DN87178_c0_g1_i10:2619-3539 -            307 111746at33208        -            606   4.3e-20   69.4   2.4   1   4    0.0032     0.079    9.1   0.0   386   405     3    22     1    34 0.57 -
Pdum_DN87178_c0_g1_i10:2619-3539 -            307 111746at33208        -            606   4.3e-20   69.4   2.4   2   4     2e-06     5e-05   19.7   0.0    74   108    42    76    34    84 0.91 -
Pdum_DN87178_c0_g1_i10:2619-3539 -            307 111746at33208        -            606   4.3e-20   69.4   2.4   3   4   0.00018    0.0044   13.2   0.1   369   413    92   137    87   188 0.59 -
Pdum_DN87178_c0_g1_i10:2619-3539 -            307 111746at33208        -            606   4.3e-20   69.4   2.4   4   4   7.3e-08   1.8e-06   24.4   0.1   340   442   196   306   191   307 0.57 -
Pdum_DN76828_c2_g1_i1:4967-5695  -            243 111746at33208        -            606   6.8e-20   68.8   1.3   1   2   2.3e-12   5.9e-11   39.3   0.3   370   459    42   130     3   131 0.85 -
Pdum_DN76828_c2_g1_i1:4967-5695  -            243 111746at33208        -            606   6.8e-20   68.8   1.3   2   2     1e-09   2.6e-08   30.5   0.0   336   444   129   243   127   243 0.89 -
Pdum_DN74384_c0_g2_i2:99-1367    -            423 111746at33208        -            606   1.4e-19   67.7  12.6   1   4   1.3e-06   3.2e-05   20.3   0.3   273   343   103   188   100   191 0.71 -
Pdum_DN74384_c0_g2_i2:99-1367    -            423 111746at33208        -            606   1.4e-19   67.7  12.6   2   4   0.00095     0.024   10.9   0.5    75   105   193   223   189   230 0.87 -
Pdum_DN74384_c0_g2_i2:99-1367    -            423 111746at33208        -            606   1.4e-19   67.7  12.6   3   4   2.3e-05   0.00058   16.2   0.4   369   415   257   302   251   306 0.88 -
Pdum_DN74384_c0_g2_i2:99-1367    -            423 111746at33208        -            606   1.4e-19   67.7  12.6   4   4   1.8e-08   4.5e-07   26.4   0.0   381   483   309   418   305   421 0.81 -
Pdum_DN88766_c3_g2_i10:292-717   -            142 111746at33208        -            606   2.5e-18   63.6   0.3   1   1   1.4e-19   3.4e-18   63.2   0.3   318   439     5   141     2   142 0.88 -
Pdum_DN83800_c0_g2_i3:14-562     -            183 111746at33208        -            606     3e-18   63.4   0.5   1   2     6e-09   1.5e-07   28.0   0.0   394   468    40   113    28   117 0.92 -
Pdum_DN83800_c0_g2_i3:14-562     -            183 111746at33208        -            606     3e-18   63.4   0.5   2   2   8.5e-11   2.1e-09   34.1   0.0   351   407   117   177   111   183 0.75 -
Pdum_DN85879_c0_g1_i1:230-808    -            193 111746at33208        -            606   4.5e-18   62.8   0.2   1   2   1.1e-11   2.7e-10   37.1   0.1   351   440     6    99     2   116 0.90 -
Pdum_DN85879_c0_g1_i1:230-808    -            193 111746at33208        -            606   4.5e-18   62.8   0.2   2   2   7.8e-07   1.9e-05   21.0   0.0    80   129   128   177   123   182 0.91 -
Pdum_DN90273_c4_g1_i2:3537-4052  -            172 111746at33208        -            606   6.7e-18   62.2   2.2   1   2   2.7e-09   6.7e-08   29.2   0.0    74   128    49   103     1   106 0.66 -
Pdum_DN90273_c4_g1_i2:3537-4052  -            172 111746at33208        -            606   6.7e-18   62.2   2.2   2   2   2.1e-09   5.3e-08   29.5   1.2   351   404   108   165   106   170 0.59 -
Pdum_DN83855_c0_g1_i4:658-1428   -            257 111746at33208        -            606     3e-17   60.0   1.6   1   2     2e-07     5e-06   23.0   0.1   351   415     8    82     4    88 0.77 -
Pdum_DN83855_c0_g1_i4:658-1428   -            257 111746at33208        -            606     3e-17   60.0   1.6   2   2   9.1e-11   2.3e-09   34.0   0.2   337   411   102   180    78   186 0.84 -
Pdum_DN70491_c0_g1_i1:1-1254     -            418 111746at33208        -            606   5.9e-17   59.1   0.3   1   3   2.2e-08   5.5e-07   26.1   0.0   388   454   161   228   150   236 0.85 -
Pdum_DN70491_c0_g1_i1:1-1254     -            418 111746at33208        -            606   5.9e-17   59.1   0.3   2   3     3e-12   7.4e-11   38.9   0.1   365   454   180   273   176   280 0.87 -
Pdum_DN70491_c0_g1_i1:1-1254     -            418 111746at33208        -            606   5.9e-17   59.1   0.3   3   3       2.1        53   -0.2   0.0   305   332   303   331   299   346 0.85 -
Pdum_DN84582_c3_g1_i1:332-1036   -            235 111746at33208        -            606   6.8e-17   58.9   0.2   1   2       1.1        28    0.7   0.1   438   468     2    32     1    34 0.83 -
Pdum_DN84582_c3_g1_i1:332-1036   -            235 111746at33208        -            606   6.8e-17   58.9   0.2   2   2   8.4e-18   2.1e-16   57.3   0.1   336   475    22   168    19   182 0.79 -
Pdum_DN66493_c0_g1_i1:720-1655   -            312 111746at33208        -            606   9.3e-17   58.4   0.1   1   3   1.1e-11   2.7e-10   37.1   0.1   335   455    20   146    10   181 0.82 -
Pdum_DN66493_c0_g1_i1:720-1655   -            312 111746at33208        -            606   9.3e-17   58.4   0.1   2   3   1.3e-05   0.00032   17.0   0.0   332   403   188   267   181   273 0.84 -
Pdum_DN66493_c0_g1_i1:720-1655   -            312 111746at33208        -            606   9.3e-17   58.4   0.1   3   3       2.1        53   -0.2   0.0    73    95   278   300   271   306 0.87 -
Pdum_DN84903_c4_g3_i8:753-1754   -            334 111746at33208        -            606   2.9e-16   56.8   1.4   1   3   1.3e-09   3.2e-08   30.3   0.2   367   491    49   175     6   180 0.78 -
Pdum_DN84903_c4_g3_i8:753-1754   -            334 111746at33208        -            606   2.9e-16   56.8   1.4   2   3   2.5e-08   6.4e-07   25.9   0.0   336   479    99   248    97   258 0.81 -
Pdum_DN84903_c4_g3_i8:753-1754   -            334 111746at33208        -            606   2.9e-16   56.8   1.4   3   3   0.00025    0.0062   12.8   0.0    76   109   269   302   263   307 0.89 -
Pdum_DN75190_c1_g2_i8:2335-2706  -            124 111746at33208        -            606   3.2e-16   56.7   4.0   1   1   3.5e-17   8.7e-16   55.2   4.0   374   485    11   119     4   124 0.90 -
Pdum_DN88892_c3_g1_i1:2670-3179  -            170 111746at33208        -            606   5.1e-16   56.0   0.6   1   2   7.6e-07   1.9e-05   21.1   0.0   389   466     9    86     2    91 0.91 -
Pdum_DN88892_c3_g1_i1:2670-3179  -            170 111746at33208        -            606   5.1e-16   56.0   0.6   2   2   5.6e-11   1.4e-09   34.7   0.2   382   461    86   167    81   170 0.80 -
Pdum_DN75651_c0_g1_i1:179-1012   -            278 111746at33208        -            606   7.7e-16   55.4   4.5   1   3   0.00018    0.0045   13.2   0.0    70   108    69   107    63   115 0.88 -
Pdum_DN75651_c0_g1_i1:179-1012   -            278 111746at33208        -            606   7.7e-16   55.4   4.5   2   3   1.1e-05   0.00029   17.2   0.1    74   130   121   176   114   187 0.89 -
Pdum_DN75651_c0_g1_i1:179-1012   -            278 111746at33208        -            606   7.7e-16   55.4   4.5   3   3   5.3e-08   1.3e-06   24.9   0.4   338   401   208   275   195   277 0.90 -
Pdum_DN85054_c1_g3_i7:3145-3996  -            284 111746at33208        -            606   1.5e-15   54.5   2.7   1   3   2.3e-11   5.8e-10   36.0   0.5   373   457     4    94     1   123 0.78 -
Pdum_DN85054_c1_g3_i7:3145-3996  -            284 111746at33208        -            606   1.5e-15   54.5   2.7   2   3      0.19       4.8    3.2   0.0    43   118   137   218   128   227 0.70 -
Pdum_DN85054_c1_g3_i7:3145-3996  -            284 111746at33208        -            606   1.5e-15   54.5   2.7   3   3   9.8e-05    0.0024   14.1   0.0    88   130   233   275   222   284 0.66 -
Pdum_DN79406_c0_g1_i1:209-1183   -            325 111746at33208        -            606   1.7e-15   54.3   0.4   1   3   8.6e-10   2.2e-08   30.8   0.4   336   422    10    98     6   187 0.66 -
Pdum_DN79406_c0_g1_i1:209-1183   -            325 111746at33208        -            606   1.7e-15   54.3   0.4   2   3   0.00098     0.024   10.8   0.1   336   366   188   218   183   253 0.73 -
Pdum_DN79406_c0_g1_i1:209-1183   -            325 111746at33208        -            606   1.7e-15   54.3   0.4   3   3    0.0047      0.12    8.6   0.0    75   114   284   323   280   325 0.93 -
Pdum_DN82224_c0_g1_i1:2783-3526  -            248 111746at33208        -            606     2e-15   54.1   1.7   1   3   1.1e-08   2.7e-07   27.1   0.1   414   489     5    82     1    97 0.58 -
Pdum_DN82224_c0_g1_i1:2783-3526  -            248 111746at33208        -            606     2e-15   54.1   1.7   2   3     7e-07   1.7e-05   21.2   0.1    76   111   118   153   106   159 0.88 -
Pdum_DN82224_c0_g1_i1:2783-3526  -            248 111746at33208        -            606     2e-15   54.1   1.7   3   3      0.13       3.2    3.8   0.0    47   105   189   248   175   248 0.65 -
Pdum_DN89990_c3_g2_i4:936-1778   -            281 111746at33208        -            606   2.7e-15   53.6   3.1   1   3   3.3e-05   0.00083   15.7   0.0   416   487    37   108     8   115 0.86 -
Pdum_DN89990_c3_g2_i4:936-1778   -            281 111746at33208        -            606   2.7e-15   53.6   3.1   2   3   5.8e-08   1.4e-06   24.8   0.5   365   464   111   215   107   229 0.74 -
Pdum_DN89990_c3_g2_i4:936-1778   -            281 111746at33208        -            606   2.7e-15   53.6   3.1   3   3   0.00038    0.0094   12.2   0.0   396   444   233   281   229   281 0.94 -
Pdum_DN91578_c1_g1_i1:293-997    -            235 111746at33208        -            606   4.2e-15   53.0   0.9   1   1   2.8e-16   6.9e-15   52.3   0.9   365   485   109   229   100   232 0.83 -
Pdum_DN89089_c3_g1_i2:1021-1773  -            251 111746at33208        -            606   6.6e-15   52.3   0.1   1   2   0.00068     0.017   11.3   0.0   338   365     4    31     1    39 0.81 -
Pdum_DN89089_c3_g1_i2:1021-1773  -            251 111746at33208        -            606   6.6e-15   52.3   0.1   2   2   6.8e-12   1.7e-10   37.7   0.0   302   404    91   211    66   250 0.83 -
Pdum_DN83552_c2_g1_i4:337-1659   -            441 111746at33208        -            606   1.5e-14   51.1   0.4   1   2   3.6e-10   8.9e-09   32.1   0.0   365   447    56   139    45   154 0.88 -
Pdum_DN83552_c2_g1_i4:337-1659   -            441 111746at33208        -            606   1.5e-14   51.1   0.4   2   2   1.8e-05   0.00046   16.5   0.1   269   336   276   355   198   362 0.67 -
Pdum_DN75461_c3_g1_i3:3415-4074  -            220 111746at33208        -            606   3.7e-14   49.9   0.0   1   2   6.3e-10   1.6e-08   31.2   0.1   271   354    11   105     5   107 0.77 -
Pdum_DN75461_c3_g1_i3:3415-4074  -            220 111746at33208        -            606   3.7e-14   49.9   0.0   2   2   1.6e-05   0.00039   16.7   0.0   386   443   162   220   139   220 0.86 -
Pdum_DN84002_c0_g1_i8:796-1551   -            252 111746at33208        -            606   4.7e-14   49.5   0.4   1   3    0.0032     0.079    9.1   0.0    88   128     8    55     5    56 0.80 -
Pdum_DN84002_c0_g1_i8:796-1551   -            252 111746at33208        -            606   4.7e-14   49.5   0.4   2   3   2.5e-13   6.2e-12   42.5   0.2   366   448    37   120    33   153 0.88 -
Pdum_DN84002_c0_g1_i8:796-1551   -            252 111746at33208        -            606   4.7e-14   49.5   0.4   3   3      0.66        16    1.5   0.0    83   128   187   236   137   239 0.67 -
Pdum_DN88423_c1_g1_i2:993-1421   -            143 111746at33208        -            606   4.8e-14   49.5   2.7   1   2   4.2e-09     1e-07   28.5   0.4   267   336     5    80     2    86 0.82 -
Pdum_DN88423_c1_g1_i2:993-1421   -            143 111746at33208        -            606   4.8e-14   49.5   2.7   2   2     5e-07   1.3e-05   21.7   0.1    70   109    85   123    81   132 0.85 -
Pdum_DN92785_c3_g1_i2:3114-4076  -            321 111746at33208        -            606   5.1e-14   49.4   2.3   1   1   9.1e-15   2.3e-13   47.2   1.6   367   444   240   317   176   320 0.69 -
Pdum_DN92880_c2_g1_i2:4337-5176  -            280 111746at33208        -            606   5.3e-14   49.3   0.9   1   4    0.0034     0.085    9.0   0.0    77   113    13    49     8    72 0.83 -
Pdum_DN92880_c2_g1_i2:4337-5176  -            280 111746at33208        -            606   5.3e-14   49.3   0.9   2   4    0.0015     0.036   10.2   0.1   390   445    28    85    22   132 0.78 -
Pdum_DN92880_c2_g1_i2:4337-5176  -            280 111746at33208        -            606   5.3e-14   49.3   0.9   3   4   2.4e-09     6e-08   29.3   0.2   364   454   140   230   109   236 0.82 -
Pdum_DN92880_c2_g1_i2:4337-5176  -            280 111746at33208        -            606   5.3e-14   49.3   0.9   4   4   3.5e-07   8.6e-06   22.2   0.0   366   442   184   269   180   278 0.66 -
Pdum_DN74464_c0_g1_i5:1442-2167  -            242 111746at33208        -            606   9.2e-14   48.5   2.7   1   2   3.2e-12     8e-11   38.8   0.2   343   486    16   179     8   191 0.79 -
Pdum_DN74464_c0_g1_i5:1442-2167  -            242 111746at33208        -            606   9.2e-14   48.5   2.7   2   2     0.003     0.075    9.2   0.2    75   109   197   231   190   235 0.80 -
Pdum_DN86525_c0_g1_i1:704-1231   -            176 111746at33208        -            606     2e-13   47.4   1.2   1   2   4.7e-06   0.00012   18.5   0.4   437   484     3    54     1    61 0.84 -
Pdum_DN86525_c0_g1_i1:704-1231   -            176 111746at33208        -            606     2e-13   47.4   1.2   2   2   7.5e-11   1.9e-09   34.3   0.0   351   459    40   156    39   167 0.83 -
Pdum_DN63408_c0_g1_i3:4-960      -            319 111746at33208        -            606   3.7e-13   46.5   5.1   1   3   2.8e-13     7e-12   42.3   0.3   398   479     2    86     1   103 0.89 -
Pdum_DN63408_c0_g1_i3:4-960      -            319 111746at33208        -            606   3.7e-13   46.5   5.1   2   3      0.34       8.6    2.4   0.1    77   110   105   140    94   160 0.78 -
Pdum_DN63408_c0_g1_i3:4-960      -            319 111746at33208        -            606   3.7e-13   46.5   5.1   3   3      0.21       5.2    3.1   0.1   417   454   166   203   159   212 0.68 -
Pdum_DN92615_c3_g1_i3:1432-2112  -            227 111746at33208        -            606   5.1e-13   46.1   0.5   1   3   1.8e-07   4.4e-06   23.2   0.1   409   483     6    88     2    99 0.78 -
Pdum_DN92615_c3_g1_i3:1432-2112  -            227 111746at33208        -            606   5.1e-13   46.1   0.5   2   3    0.0027     0.066    9.4   0.0    69   124    96   152    92   156 0.85 -
Pdum_DN92615_c3_g1_i3:1432-2112  -            227 111746at33208        -            606   5.1e-13   46.1   0.5   3   3   0.00088     0.022   11.0   0.2   379   448   154   222   152   227 0.63 -
Pdum_DN84033_c1_g3_i1:1082-1726  -            215 111746at33208        -            606   7.2e-13   45.6   0.7   1   2   0.00098     0.024   10.8   0.0   338   365    12    39     5    45 0.88 -
Pdum_DN84033_c1_g3_i1:1082-1726  -            215 111746at33208        -            606   7.2e-13   45.6   0.7   2   2   2.3e-10   5.7e-09   32.7   0.3   336   434    68   177    51   182 0.80 -
Pdum_DN88147_c0_g1_i1:430-1308   -            293 111746at33208        -            606   9.7e-13   45.1   0.5   1   4   0.00047     0.012   11.9   0.0   393   438     3    48     1    64 0.86 -
Pdum_DN88147_c0_g1_i1:430-1308   -            293 111746at33208        -            606   9.7e-13   45.1   0.5   2   4   0.00011    0.0027   13.9   0.0    81   127    73   119    65   129 0.93 -
Pdum_DN88147_c0_g1_i1:430-1308   -            293 111746at33208        -            606   9.7e-13   45.1   0.5   3   4     0.001     0.025   10.8   0.1    72   117   149   195   145   208 0.82 -
Pdum_DN88147_c0_g1_i1:430-1308   -            293 111746at33208        -            606   9.7e-13   45.1   0.5   4   4       2.3        56   -0.3   0.0    76   113   239   276   219   293 0.74 -
Pdum_DN75894_c0_g1_i3:333-1052   -            240 111746at33208        -            606   2.5e-12   43.8   2.9   1   3   1.2e-10     3e-09   33.6   0.1    75   129    21    75    11    77 0.91 -
Pdum_DN75894_c0_g1_i3:333-1052   -            240 111746at33208        -            606   2.5e-12   43.8   2.9   2   3     0.052       1.3    5.1   0.0   317   345    78   106    75   112 0.73 -
Pdum_DN75894_c0_g1_i3:333-1052   -            240 111746at33208        -            606   2.5e-12   43.8   2.9   3   3      0.12       2.9    4.0   0.1    74   110   151   188   124   228 0.80 -
Pdum_DN76096_c0_g1_i2:374-1027   -            218 111746at33208        -            606   5.1e-12   42.8   6.4   1   3    0.0011     0.027   10.7   0.3   397   464     3    73     1    92 0.63 -
Pdum_DN76096_c0_g1_i2:374-1027   -            218 111746at33208        -            606   5.1e-12   42.8   6.4   2   3   0.00015    0.0038   13.5   0.1    71   126    71   127    66   143 0.81 -
Pdum_DN76096_c0_g1_i2:374-1027   -            218 111746at33208        -            606   5.1e-12   42.8   6.4   3   3   2.3e-07   5.8e-06   22.8   0.4   368   417   166   214   153   218 0.85 -
Pdum_DN72823_c0_g2_i2:1154-1981  -            276 111746at33208        -            606   7.9e-12   42.1   0.2   1   3      0.11       2.7    4.0   0.0    71   107    31    66     5    72 0.64 -
Pdum_DN72823_c0_g2_i2:1154-1981  -            276 111746at33208        -            606   7.9e-12   42.1   0.2   2   3   3.3e-05   0.00082   15.7   0.0    74   106    74   106    71   114 0.91 -
Pdum_DN72823_c0_g2_i2:1154-1981  -            276 111746at33208        -            606   7.9e-12   42.1   0.2   3   3   5.6e-06   0.00014   18.2   0.0    76   126   214   264   183   274 0.78 -
Pdum_DN65740_c0_g1_i1:159-803    -            215 111746at33208        -            606   2.1e-11   40.7   1.8   1   2   7.6e-08   1.9e-06   24.4   0.6   344   405     6    72     1    88 0.77 -
Pdum_DN65740_c0_g1_i1:159-803    -            215 111746at33208        -            606   2.1e-11   40.7   1.8   2   2   0.00019    0.0048   13.1   0.0   380   482   105   215    92   215 0.59 -
Pdum_DN90581_c4_g3_i1:18-467     -            150 111746at33208        -            606   2.1e-11   40.7   1.7   1   1   1.5e-12   3.7e-11   39.9   1.7   315   438     6   146     1   150 0.80 -
Pdum_DN75082_c2_g3_i2:17-943     -            309 111746at33208        -            606   4.6e-11   39.6   5.3   1   3   3.7e-06   9.1e-05   18.8   0.9    72   127    13    70     6    76 0.85 -
Pdum_DN75082_c2_g3_i2:17-943     -            309 111746at33208        -            606   4.6e-11   39.6   5.3   2   3    0.0066      0.16    8.1   0.0   349   387    76   114    71   168 0.61 -
Pdum_DN75082_c2_g3_i2:17-943     -            309 111746at33208        -            606   4.6e-11   39.6   5.3   3   3   0.00043     0.011   12.0   0.0    75   103   280   308   239   309 0.64 -
Pdum_DN90616_c3_g1_i1:602-1432   -            277 111746at33208        -            606   5.3e-11   39.4   0.7   1   2   0.00014    0.0035   13.6   0.1   389   426     6    43     1    52 0.63 -
Pdum_DN90616_c3_g1_i1:602-1432   -            277 111746at33208        -            606   5.3e-11   39.4   0.7   2   2   4.1e-07     1e-05   22.0   0.0    44   134    51   148    47   170 0.80 -
Pdum_DN86294_c0_g1_i3:101-3103   -           1001 111746at33208        -            606   6.1e-11   39.2   1.6   1   4    0.0068      0.17    8.0   0.0    72   132     9    69     4    83 0.77 -
Pdum_DN86294_c0_g1_i3:101-3103   -           1001 111746at33208        -            606   6.1e-11   39.2   1.6   2   4   7.5e-07   1.9e-05   21.1   0.0    74   105   133   164   128   173 0.91 -
Pdum_DN86294_c0_g1_i3:101-3103   -           1001 111746at33208        -            606   6.1e-11   39.2   1.6   3   4     0.093       2.3    4.3   0.1   309   341   231   264   187   279 0.78 -
Pdum_DN86294_c0_g1_i3:101-3103   -           1001 111746at33208        -            606   6.1e-11   39.2   1.6   4   4      0.95        24    0.9   0.2   509   544   738   773   702   790 0.77 -
Pdum_DN67795_c0_g1_i2:1517-2137  -            207 111746at33208        -            606   1.1e-10   38.4   0.9   1   2   6.3e-07   1.6e-05   21.3   0.0    42   107     4    76     1    85 0.59 -
Pdum_DN67795_c0_g1_i2:1517-2137  -            207 111746at33208        -            606   1.1e-10   38.4   0.9   2   2     0.023      0.58    6.3   0.1    79   129    90   140    81   184 0.57 -
Pdum_DN78364_c0_g1_i1:226-1314   -            363 111746at33208        -            606   1.2e-10   38.3   0.1   1   2   4.2e-11     1e-09   35.1   0.0   338   495    22   185     1   197 0.80 -
Pdum_DN78364_c0_g1_i1:226-1314   -            363 111746at33208        -            606   1.2e-10   38.3   0.1   2   2       1.1        28    0.7   0.0   494   546   220   272   211   310 0.75 -
Pdum_DN78785_c0_g1_i2:534-2834   -            767 111746at33208        -            606   1.6e-10   37.8   3.4   1   3      0.52        13    1.8   0.1    86   109    57    80    51    85 0.82 -
Pdum_DN78785_c0_g1_i2:534-2834   -            767 111746at33208        -            606   1.6e-10   37.8   3.4   2   3   0.00094     0.023   10.9   0.1    68   108   171   212   169   233 0.84 -
Pdum_DN78785_c0_g1_i2:534-2834   -            767 111746at33208        -            606   1.6e-10   37.8   3.4   3   3      0.37       9.2    2.3   0.0    78   124   225   275   217   288 0.71 -
Pdum_DN57990_c0_g1_i2:33-530     -            166 111746at33208        -            606   1.9e-10   37.6   0.3   1   2    0.0015     0.036   10.2   0.0    76   119    50    93     5    95 0.89 -
Pdum_DN57990_c0_g1_i2:33-530     -            166 111746at33208        -            606   1.9e-10   37.6   0.3   2   2   3.6e-10     9e-09   32.1   0.1   347   444    61   165    49   166 0.83 -
Pdum_DN92828_c4_g1_i1:1100-1621  -            174 111746at33208        -            606   2.1e-10   37.5   2.2   1   2   3.1e-06   7.7e-05   19.1   0.3    75   130     4    59     2    78 0.83 -
Pdum_DN92828_c4_g1_i1:1100-1621  -            174 111746at33208        -            606   2.1e-10   37.5   2.2   2   2   5.2e-06   0.00013   18.3   0.1    30   106    81   170    77   174 0.74 -
Pdum_DN82173_c1_g1_i7:1104-1730  -            209 111746at33208        -            606   2.3e-10   37.3   0.8   1   3      0.19       4.7    3.3   0.0   145   181     3    43     1    47 0.57 -
Pdum_DN82173_c1_g1_i7:1104-1730  -            209 111746at33208        -            606   2.3e-10   37.3   0.8   2   3   2.7e-08   6.8e-07   25.8   1.1   347   483    17   166    13   171 0.80 -
Pdum_DN82173_c1_g1_i7:1104-1730  -            209 111746at33208        -            606   2.3e-10   37.3   0.8   3   3     0.017      0.42    6.7   0.0    75   104   179   208   169   209 0.57 -
Pdum_DN76013_c0_g1_i3:463-1068   -            202 111746at33208        -            606   2.5e-10   37.2   4.2   1   2   1.7e-10   4.2e-09   33.1   0.9   335   406    48   126     1   145 0.58 -
Pdum_DN76013_c0_g1_i3:463-1068   -            202 111746at33208        -            606   2.5e-10   37.2   4.2   2   2     0.091       2.3    4.3   0.1   318   335   165   182   141   188 0.58 -
Pdum_DN87078_c1_g1_i1:1858-2604  -            249 111746at33208        -            606   3.4e-10   36.8   3.3   1   2    0.0045      0.11    8.6   0.0    85   129   102   146    98   149 0.93 -
Pdum_DN87078_c1_g1_i1:1858-2604  -            249 111746at33208        -            606   3.4e-10   36.8   3.3   2   2   2.2e-08   5.5e-07   26.2   2.2   351   443   151   248   149   249 0.90 -
Pdum_DN91312_c3_g1_i1:2567-3481  -            305 111746at33208        -            606   5.2e-10   36.1   0.1   1   4      0.45        11    2.0   0.0    79   107     3    32     1    45 0.73 -
Pdum_DN91312_c3_g1_i1:2567-3481  -            305 111746at33208        -            606   5.2e-10   36.1   0.1   2   4     3e-05   0.00074   15.8   0.0    73   134    45   108    39   113 0.84 -
Pdum_DN91312_c3_g1_i1:2567-3481  -            305 111746at33208        -            606   5.2e-10   36.1   0.1   3   4      0.12       2.9    3.9   0.0   388   483   150   256   138   264 0.55 -
Pdum_DN91312_c3_g1_i1:2567-3481  -            305 111746at33208        -            606   5.2e-10   36.1   0.1   4   4    0.0033     0.082    9.1   0.0   368   401   272   305   259   305 0.76 -
Pdum_DN38861_c0_g1_i1:595-1392   -            266 111746at33208        -            606   6.8e-10   35.8   0.1   1   3         4     1e+02   -1.1   0.0    77   105     3    30     1    46 0.53 -
Pdum_DN38861_c0_g1_i1:595-1392   -            266 111746at33208        -            606   6.8e-10   35.8   0.1   2   3   3.2e-05    0.0008   15.7   0.0   409   487    78   160    62   194 0.76 -
Pdum_DN38861_c0_g1_i1:595-1392   -            266 111746at33208        -            606   6.8e-10   35.8   0.1   3   3   1.5e-05   0.00038   16.8   0.0   408   447   221   260   188   266 0.62 -
Pdum_DN83655_c1_g1_i2:238-2439   -            734 111746at33208        -            606   8.3e-10   35.5   7.4   1   6   3.3e-05   0.00083   15.7   0.0   391   455    26    90    14   123 0.77 -
Pdum_DN83655_c1_g1_i2:238-2439   -            734 111746at33208        -            606   8.3e-10   35.5   7.4   2   6    0.0028      0.07    9.3   0.1    38   108   183   262   171   270 0.71 -
Pdum_DN83655_c1_g1_i2:238-2439   -            734 111746at33208        -            606   8.3e-10   35.5   7.4   3   6       4.1     1e+02   -1.1   0.0   341   369   276   304   271   313 0.65 -
Pdum_DN83655_c1_g1_i2:238-2439   -            734 111746at33208        -            606   8.3e-10   35.5   7.4   4   6    0.0092      0.23    7.6   0.0   318   339   451   472   333   480 0.80 -
Pdum_DN83655_c1_g1_i2:238-2439   -            734 111746at33208        -            606   8.3e-10   35.5   7.4   5   6       1.3        34    0.4   0.0    84   127   497   539   486   557 0.82 -
Pdum_DN83655_c1_g1_i2:238-2439   -            734 111746at33208        -            606   8.3e-10   35.5   7.4   6   6       1.7        44    0.1   0.5   282   339   545   606   541   620 0.63 -
Pdum_DN87402_c0_g1_i1:93-1976    -            628 111746at33208        -            606   9.7e-10   35.2   0.4   1   3   3.4e-07   8.5e-06   22.2   0.1    74   129   291   345   286   357 0.91 -
Pdum_DN87402_c0_g1_i1:93-1976    -            628 111746at33208        -            606   9.7e-10   35.2   0.4   2   3      0.15       3.7    3.6   0.0    72   129   412   472   397   493 0.81 -
Pdum_DN87402_c0_g1_i1:93-1976    -            628 111746at33208        -            606   9.7e-10   35.2   0.4   3   3     0.054       1.3    5.0   0.0   336   402   545   628   531   628 0.64 -
Pdum_DN86637_c0_g1_i2:178-705    -            176 111746at33208        -            606     2e-09   34.2   3.3   1   2   9.4e-08   2.4e-06   24.1   0.3   281   338    11    79     8    87 0.78 -
Pdum_DN86637_c0_g1_i2:178-705    -            176 111746at33208        -            606     2e-09   34.2   3.3   2   2   0.00074     0.018   11.2   0.2    74   106    88   121    76   128 0.84 -
Pdum_DN80615_c0_g2_i1:231-1205   -            325 111746at33208        -            606   2.3e-09   34.0   1.8   1   3   0.00053     0.013   11.7   0.2   451   494    49    94    44   104 0.83 -
Pdum_DN80615_c0_g2_i1:231-1205   -            325 111746at33208        -            606   2.3e-09   34.0   1.8   2   3   4.2e-05    0.0011   15.3   0.0   395   449   132   186   115   198 0.83 -
Pdum_DN80615_c0_g2_i1:231-1205   -            325 111746at33208        -            606   2.3e-09   34.0   1.8   3   3      0.11       2.8    4.0   0.0   431   486   219   275   208   288 0.82 -
Pdum_DN82853_c0_g1_i2:2495-3019  -            175 111746at33208        -            606   3.6e-09   33.4   0.5   1   3   3.7e-06   9.1e-05   18.8   0.1    75   128     4    58     2    60 0.86 -
Pdum_DN82853_c0_g1_i2:2495-3019  -            175 111746at33208        -            606   3.6e-09   33.4   0.5   2   3   1.8e-05   0.00044   16.6   0.1    71   130    43   104    38   118 0.83 -
Pdum_DN82853_c0_g1_i2:2495-3019  -            175 111746at33208        -            606   3.6e-09   33.4   0.5   3   3       4.6   1.2e+02   -1.3   0.0   222   263   133   175   103   175 0.54 -
Pdum_DN84963_c1_g1_i6:1317-3311  -            665 111746at33208        -            606   1.4e-08   31.5   0.1   1   2   5.4e-09   1.4e-07   28.2   0.1   339   447    44   157    22   169 0.82 -
Pdum_DN84963_c1_g1_i6:1317-3311  -            665 111746at33208        -            606   1.4e-08   31.5   0.1   2   2       1.1        27    0.7   0.0   372   399   633   660   622   664 0.52 -
Pdum_DN92435_c3_g1_i6:249-854    -            202 111746at33208        -            606   1.6e-08   31.2   1.8   1   2   4.5e-09   1.1e-07   28.4   0.7   389   456    26    93     8   120 0.86 -
Pdum_DN92435_c3_g1_i6:249-854    -            202 111746at33208        -            606   1.6e-08   31.2   1.8   2   2      0.47        12    1.9   0.0    76   132   139   195   111   199 0.68 -
Pdum_DN90517_c4_g1_i5:2-985      -            328 111746at33208        -            606   1.7e-08   31.2   1.9   1   3   0.00019    0.0047   13.2   0.1   298   344    46    99    39   103 0.82 -
Pdum_DN90517_c4_g1_i5:2-985      -            328 111746at33208        -            606   1.7e-08   31.2   1.9   2   3     0.021      0.52    6.4   0.0    88   108   127   147   120   157 0.85 -
Pdum_DN90517_c4_g1_i5:2-985      -            328 111746at33208        -            606   1.7e-08   31.2   1.9   3   3    0.0038     0.095    8.9   0.0   369   403   204   241   194   262 0.56 -
Pdum_DN90581_c4_g2_i3:17-301     -             95 111746at33208        -            606   1.8e-08   31.0   0.1   1   1   1.6e-09   4.1e-08   29.9   0.1   336   405    18    93     8    95 0.75 -
Pdum_DN83917_c0_g1_i10:2-1282    -            427 111746at33208        -            606   2.1e-08   30.8   0.0   1   3     0.073       1.8    4.6   0.0   377   406   158   187   149   219 0.79 -
Pdum_DN83917_c0_g1_i10:2-1282    -            427 111746at33208        -            606   2.1e-08   30.8   0.0   2   3   4.7e-06   0.00012   18.5   0.0    45   115   249   325   227   331 0.75 -
Pdum_DN83917_c0_g1_i10:2-1282    -            427 111746at33208        -            606   2.1e-08   30.8   0.0   3   3      0.11       2.8    4.0   0.0   340   362   333   355   330   365 0.84 -
Pdum_DN90079_c2_g2_i8:1469-1858  -            130 111746at33208        -            606   2.5e-08   30.6   0.0   1   2   9.3e-05    0.0023   14.2   0.0   383   418    38    73    24    77 0.81 -
Pdum_DN90079_c2_g2_i8:1469-1858  -            130 111746at33208        -            606   2.5e-08   30.6   0.0   2   2   8.2e-05     0.002   14.4   0.0    83   128    80   125    77   127 0.53 -
Pdum_DN78867_c0_g1_i4:315-983    -            223 111746at33208        -            606   2.5e-08   30.6   0.0   1   1   1.5e-09   3.7e-08   30.0   0.0   369   451    93   175    88   184 0.91 -
Pdum_DN71483_c1_g1_i1:599-1228   -            210 111746at33208        -            606   2.7e-08   30.5   0.6   1   1   1.9e-09   4.9e-08   29.6   0.6   377   479    73   187    63   194 0.78 -
Pdum_DN80990_c0_g1_i2:150-1607   -            486 111746at33208        -            606   2.8e-08   30.4   4.7   1   3   1.7e-06   4.3e-05   19.9   0.3   413   482   247   321   235   333 0.50 -
Pdum_DN80990_c0_g1_i2:150-1607   -            486 111746at33208        -            606   2.8e-08   30.4   4.7   2   3   7.2e-05    0.0018   14.5   1.5    74   183   291   418   290   419 0.67 -
Pdum_DN80990_c0_g1_i2:150-1607   -            486 111746at33208        -            606   2.8e-08   30.4   4.7   3   3   0.00079      0.02   11.1   0.4   407   452   370   415   352   439 0.60 -
Pdum_DN88741_c1_g1_i6:2841-3650  -            270 111746at33208        -            606   2.9e-08   30.4   3.5   1   4     0.027      0.68    6.0   0.3    81   111    62    92     4   103 0.73 -
Pdum_DN88741_c1_g1_i6:2841-3650  -            270 111746at33208        -            606   2.9e-08   30.4   3.5   2   4     0.035      0.88    5.7   0.1    87   128   113   157   100   159 0.78 -
Pdum_DN88741_c1_g1_i6:2841-3650  -            270 111746at33208        -            606   2.9e-08   30.4   3.5   3   4    0.0012     0.029   10.6   0.2    75   135   146   208   143   230 0.86 -
Pdum_DN88741_c1_g1_i6:2841-3650  -            270 111746at33208        -            606   2.9e-08   30.4   3.5   4   4     0.014      0.34    7.0   0.0    73   103   234   264   219   269 0.85 -
Pdum_DN82629_c0_g1_i4:473-2515   -            681 111746at33208        -            606     3e-08   30.3   0.8   1   4    0.0033     0.083    9.0   0.0    77   107   208   238   202   250 0.86 -
Pdum_DN82629_c0_g1_i4:473-2515   -            681 111746at33208        -            606     3e-08   30.3   0.8   2   4      0.25       6.1    2.9   0.1    90   112   323   345   316   356 0.78 -
Pdum_DN82629_c0_g1_i4:473-2515   -            681 111746at33208        -            606     3e-08   30.3   0.8   3   4   0.00035    0.0087   12.3   0.1   342   407   364   438   345   447 0.80 -
Pdum_DN82629_c0_g1_i4:473-2515   -            681 111746at33208        -            606     3e-08   30.3   0.8   4   4    0.0072      0.18    7.9   0.0    75   132   404   459   401   482 0.78 -
Pdum_DN90796_c3_g1_i4:1517-2605  -            363 111746at33208        -            606   4.3e-08   29.8   1.1   1   3      0.81        20    1.2   0.0   456   483     6    35     2    51 0.69 -
Pdum_DN90796_c3_g1_i4:1517-2605  -            363 111746at33208        -            606   4.3e-08   29.8   1.1   2   3   1.2e-05    0.0003   17.1   0.2   379   463   179   267    86   274 0.85 -
Pdum_DN90796_c3_g1_i4:1517-2605  -            363 111746at33208        -            606   4.3e-08   29.8   1.1   3   3     0.096       2.4    4.2   0.0    75   105   331   362   320   363 0.69 -
Pdum_DN89974_c1_g1_i2:3302-3844  -            181 111746at33208        -            606   7.7e-08   29.0   0.5   1   1   4.5e-09   1.1e-07   28.4   0.5   285   343     2    66     1    98 0.51 -
Pdum_DN66486_c0_g1_i1:419-1648   -            410 111746at33208        -            606   1.4e-07   28.1   1.0   1   3      0.88        22    1.1   0.0   414   462    66   115    58   145 0.79 -
Pdum_DN66486_c0_g1_i1:419-1648   -            410 111746at33208        -            606   1.4e-07   28.1   1.0   2   3   6.5e-08   1.6e-06   24.6   0.1   380   451   158   229   149   236 0.92 -
Pdum_DN66486_c0_g1_i1:419-1648   -            410 111746at33208        -            606   1.4e-07   28.1   1.0   3   3       6.7   1.7e+02   -1.9   0.0   388   403   365   380   342   384 0.63 -
Pdum_DN84536_c0_g1_i1:2255-2878  -            208 111746at33208        -            606   2.9e-07   27.1   0.3   1   2   0.00013    0.0031   13.7   0.0    72   110    44    82    40   113 0.83 -
Pdum_DN84536_c0_g1_i1:2255-2878  -            208 111746at33208        -            606   2.9e-07   27.1   0.3   2   2   0.00069     0.017   11.3   0.0   381   449   137   205   133   208 0.85 -
Pdum_DN89096_c2_g3_i4:2-1384     -            461 111746at33208        -            606     3e-07   27.0   1.6   1   2    0.0002     0.005   13.1   0.0   407   464    97   153    77   157 0.70 -
Pdum_DN89096_c2_g3_i4:2-1384     -            461 111746at33208        -            606     3e-07   27.0   1.6   2   2   0.00019    0.0048   13.1   0.1    45   106   151   218   144   240 0.80 -
Pdum_DN71445_c0_g2_i2:766-1509   -            248 111746at33208        -            606   4.2e-07   26.5   6.3   1   4       2.1        53   -0.2   0.1    91   108     1    18     1    23 0.66 -
Pdum_DN71445_c0_g2_i2:766-1509   -            248 111746at33208        -            606   4.2e-07   26.5   6.3   2   4   5.9e-06   0.00015   18.1   0.2    73   109    27    63    23    68 0.91 -
Pdum_DN71445_c0_g2_i2:766-1509   -            248 111746at33208        -            606   4.2e-07   26.5   6.3   3   4     0.012       0.3    7.2   0.1    74   107    69   104    66   115 0.77 -
Pdum_DN71445_c0_g2_i2:766-1509   -            248 111746at33208        -            606   4.2e-07   26.5   6.3   4   4      0.55        14    1.7   0.0    78   105   218   245   211   248 0.86 -
Pdum_DN89809_c3_g1_i10:6324-7073 -            250 111746at33208        -            606   5.8e-07   26.1   0.3   1   1     7e-08   1.7e-06   24.5   0.3   346   459    14   138     3   184 0.77 -
Pdum_DN82465_c0_g2_i1:488-1204   -            239 111746at33208        -            606   6.1e-07   26.0   0.4   1   3       0.2         5    3.2   0.0    90   122     1    33     1    43 0.80 -
Pdum_DN82465_c0_g2_i1:488-1204   -            239 111746at33208        -            606   6.1e-07   26.0   0.4   2   3     0.028      0.69    6.0   0.0    20   109    53   150    33   167 0.59 -
Pdum_DN82465_c0_g2_i1:488-1204   -            239 111746at33208        -            606   6.1e-07   26.0   0.4   3   3   0.00015    0.0039   13.5   0.0   409   445   203   239   192   239 0.91 -
Pdum_DN83005_c1_g1_i1:16-1335    -            440 111746at33208        -            606   6.6e-07   25.9   3.0   1   2     0.066       1.7    4.8   0.0   344   371    10    37     5    50 0.66 -
Pdum_DN83005_c1_g1_i1:16-1335    -            440 111746at33208        -            606   6.6e-07   25.9   3.0   2   2   4.2e-06    0.0001   18.6   2.0    75   157   113   203   104   210 0.70 -
Pdum_DN87538_c0_g1_i11:59-631    -            191 111746at33208        -            606     8e-07   25.6   0.0   1   1   9.8e-06   0.00024   17.4   0.1    75   112     5    42     2    46 0.90 -
Pdum_DN88739_c2_g1_i2:407-1549   -            381 111746at33208        -            606   1.1e-06   25.1   0.5   1   1     7e-08   1.7e-06   24.5   0.1   391   483   198   297   150   312 0.78 -
Pdum_DN85938_c0_g1_i1:258-608    -            117 111746at33208        -            606     2e-06   24.3   0.1   1   1   8.7e-08   2.2e-06   24.2   0.1   373   453     1    83     1   112 0.81 -
Pdum_DN90901_c7_g1_i5:256-1545   -            430 111746at33208        -            606   2.1e-06   24.2   0.1   1   3      0.13       3.4    3.7   0.0    73   114    59    98    55   112 0.84 -
Pdum_DN90901_c7_g1_i5:256-1545   -            430 111746at33208        -            606   2.1e-06   24.2   0.1   2   3      0.18       4.5    3.3   0.0   369   407   144   182   136   203 0.64 -
Pdum_DN90901_c7_g1_i5:256-1545   -            430 111746at33208        -            606   2.1e-06   24.2   0.1   3   3   0.00027    0.0068   12.6   0.0   307   366   208   268   195   325 0.74 -
Pdum_DN69263_c0_g1_i1:405-1196   -            264 111746at33208        -            606   2.3e-06   24.1  16.3   1   4   0.00039    0.0096   12.1   0.0    90   133     3    48     1    50 0.81 -
Pdum_DN69263_c0_g1_i1:405-1196   -            264 111746at33208        -            606   2.3e-06   24.1  16.3   2   4     0.072       1.8    4.6   0.2   282   316    48    88    45   114 0.65 -
Pdum_DN69263_c0_g1_i1:405-1196   -            264 111746at33208        -            606   2.3e-06   24.1  16.3   3   4     0.028      0.69    6.0   0.1    86   107   152   173   146   199 0.66 -
Pdum_DN69263_c0_g1_i1:405-1196   -            264 111746at33208        -            606   2.3e-06   24.1  16.3   4   4     0.015      0.36    6.9   5.5   348   402   202   263   189   264 0.80 -
Pdum_DN90517_c4_g2_i3:211-1731   -            507 111746at33208        -            606   3.2e-06   23.6   3.1   1   3    0.0007     0.017   11.3   0.0   392   449   277   334   246   339 0.89 -
Pdum_DN90517_c4_g2_i3:211-1731   -            507 111746at33208        -            606   3.2e-06   23.6   3.1   2   3    0.0043      0.11    8.7   0.5   373   417   355   399   351   424 0.77 -
Pdum_DN90517_c4_g2_i3:211-1731   -            507 111746at33208        -            606   3.2e-06   23.6   3.1   3   3      0.46        11    2.0   0.0   117   163   432   477   420   480 0.83 -
Pdum_DN92600_c5_g2_i1:144-365    -             74 111746at33208        -            606     4e-06   23.3   0.0   1   1   1.8e-07   4.4e-06   23.2   0.0   380   444     9    73     4    74 0.94 -
Pdum_DN81583_c1_g1_i3:660-1619   -            320 111746at33208        -            606   4.2e-06   23.2   0.0   1   5       5.9   1.5e+02   -1.7   0.0   382   403     3    24     1    50 0.68 -
Pdum_DN81583_c1_g1_i3:660-1619   -            320 111746at33208        -            606   4.2e-06   23.2   0.0   2   5      0.11       2.7    4.0   0.0    86   118    69   101    64   117 0.70 -
Pdum_DN81583_c1_g1_i3:660-1619   -            320 111746at33208        -            606   4.2e-06   23.2   0.0   3   5     0.095       2.4    4.2   0.0    77   137   107   175    91   186 0.71 -
Pdum_DN81583_c1_g1_i3:660-1619   -            320 111746at33208        -            606   4.2e-06   23.2   0.0   4   5      0.25       6.2    2.9   0.0    76   107   196   228   191   238 0.84 -
Pdum_DN81583_c1_g1_i3:660-1619   -            320 111746at33208        -            606   4.2e-06   23.2   0.0   5   5     0.017      0.43    6.7   0.0    81   108   245   273   235   305 0.82 -
Pdum_DN80062_c1_g1_i8:396-980    -            195 111746at33208        -            606   5.3e-06   22.9   1.3   1   3    0.0014     0.034   10.3   0.1    88   334    12    30     1    39 0.49 -
Pdum_DN80062_c1_g1_i8:396-980    -            195 111746at33208        -            606   5.3e-06   22.9   1.3   2   3    0.0052      0.13    8.4   0.1    79   108   109   137    99   146 0.76 -
Pdum_DN80062_c1_g1_i8:396-980    -            195 111746at33208        -            606   5.3e-06   22.9   1.3   3   3      0.17       4.1    3.4   0.2    61   105   135   179   126   188 0.73 -
Pdum_DN92312_c5_g1_i1:3890-4381  -            164 111746at33208        -            606   6.6e-06   22.6   0.7   1   2   0.00032    0.0081   12.4   0.0    87   122    26    61     6    68 0.85 -
Pdum_DN92312_c5_g1_i1:3890-4381  -            164 111746at33208        -            606   6.6e-06   22.6   0.7   2   2     0.012      0.29    7.3   0.1    76   108   105   137    81   148 0.80 -
Pdum_DN77673_c0_g1_i3:1295-1852  -            186 111746at33208        -            606   8.3e-06   22.3   0.4   1   2      0.28         7    2.7   0.0    77   106    23    52    12    58 0.76 -
Pdum_DN77673_c0_g1_i3:1295-1852  -            186 111746at33208        -            606   8.3e-06   22.3   0.4   2   2     3e-05   0.00075   15.8   0.2    83   482    80   180    71   184 0.45 -
Pdum_DN70029_c0_g1_i5:236-670    -            145 111746at33208        -            606   8.5e-06   22.2   0.0   1   1   4.7e-07   1.2e-05   21.8   0.0   366   478    13   142     2   145 0.73 -
Pdum_DN86351_c0_g1_i1:4485-5351  -            289 111746at33208        -            606   8.7e-06   22.2   0.1   1   3   0.00075     0.019   11.2   0.0    74   107   119   153   115   159 0.87 -
Pdum_DN86351_c0_g1_i1:4485-5351  -            289 111746at33208        -            606   8.7e-06   22.2   0.1   2   3      0.48        12    1.9   0.1    79   138   170   231   163   240 0.78 -
Pdum_DN86351_c0_g1_i1:4485-5351  -            289 111746at33208        -            606   8.7e-06   22.2   0.1   3   3     0.015      0.38    6.9   0.0   387   444   226   287   219   289 0.77 -
Pdum_DN84002_c0_g1_i8:2338-3012  -            225 111746at33208        -            606   1.2e-05   21.8   0.2   1   1   2.3e-06   5.8e-05   19.5   0.2   368   480     6   129     3   154 0.71 -
Pdum_DN89224_c5_g2_i10:3220-3918 -            233 111746at33208        -            606   1.2e-05   21.7   2.6   1   1   1.2e-06   3.1e-05   20.4   2.6   365   493    79   212    55   216 0.80 -
Pdum_DN84981_c0_g1_i4:2535-3476  -            314 111746at33208        -            606   1.3e-05   21.6   0.4   1   1   1.2e-05    0.0003   17.1   0.3   365   457    98   190    75   245 0.62 -
Pdum_DN92312_c4_g1_i6:372-914    -            181 111746at33208        -            606   2.8e-05   20.5   2.1   1   3   0.00082      0.02   11.1   0.1    78   108     9    39     3    55 0.87 -
Pdum_DN92312_c4_g1_i6:372-914    -            181 111746at33208        -            606   2.8e-05   20.5   2.1   2   3     0.011      0.27    7.3   0.1    75   115    51    94    43   107 0.64 -
Pdum_DN92312_c4_g1_i6:372-914    -            181 111746at33208        -            606   2.8e-05   20.5   2.1   3   3       1.2        29    0.6   0.0   318   333   162   177   152   181 0.57 -
Pdum_DN75371_c0_g2_i4:68-763     -            232 111746at33208        -            606   5.2e-05   19.6   1.0   1   2     0.028       0.7    6.0   0.1    90   424     2    39     1    61 0.52 -
Pdum_DN75371_c0_g2_i4:68-763     -            232 111746at33208        -            606   5.2e-05   19.6   1.0   2   2   0.00027    0.0068   12.6   0.1   374   450   118   195   105   232 0.82 -
Pdum_DN55647_c0_g1_i2:33-551     -            173 111746at33208        -            606   5.4e-05   19.6   3.7   1   3     0.001     0.026   10.7   0.5    74   117     3    48     1    54 0.80 -
Pdum_DN55647_c0_g1_i2:33-551     -            173 111746at33208        -            606   5.4e-05   19.6   3.7   2   3      0.42        11    2.1   0.1    88   105    67    84    38    96 0.72 -
Pdum_DN55647_c0_g1_i2:33-551     -            173 111746at33208        -            606   5.4e-05   19.6   3.7   3   3    0.0088      0.22    7.7   0.1   372   415   122   165    69   169 0.73 -
Pdum_DN91069_c3_g1_i7:2506-3243  -            246 111746at33208        -            606   7.7e-05   19.1   1.3   1   3    0.0021     0.052    9.7   0.4   267   298    26    66    20    74 0.73 -
Pdum_DN91069_c3_g1_i7:2506-3243  -            246 111746at33208        -            606   7.7e-05   19.1   1.3   2   3      0.76        19    1.3   0.0   304   325    90   114    80   128 0.58 -
Pdum_DN91069_c3_g1_i7:2506-3243  -            246 111746at33208        -            606   7.7e-05   19.1   1.3   3   3     0.046       1.2    5.3   0.0   383   433   186   236   172   246 0.56 -
Pdum_DN79808_c0_g1_i2:642-4217   -           1192 111746at33208        -            606    0.0001   18.7   1.8   1   3   1.5e-05   0.00037   16.8   0.1   240   322    21   117    16   136 0.55 -
Pdum_DN79808_c0_g1_i2:642-4217   -           1192 111746at33208        -            606    0.0001   18.7   1.8   2   3       2.2        56   -0.3   0.0   341   398   273   330   240   340 0.59 -
Pdum_DN79808_c0_g1_i2:642-4217   -           1192 111746at33208        -            606    0.0001   18.7   1.8   3   3       9.1   2.3e+02   -2.3   0.0    75   131   460   516   458   614 0.75 -
Pdum_DN89812_c3_g1_i3:2-727      -            242 111746at33208        -            606   0.00012   18.5   0.3   1   1     3e-05   0.00074   15.8   0.3   306   404    51   125    48   213 0.66 -
Pdum_DN74905_c1_g1_i2:2-1102     -            367 111746at33208        -            606   0.00026   17.3   0.0   1   1   8.7e-05    0.0022   14.3   0.0    70   107   142   179   116   187 0.81 -
Pdum_DN74625_c0_g1_i4:613-1299   -            229 111746at33208        -            606    0.0003   17.1   0.1   1   2   0.00085     0.021   11.0   0.0   431   491     2    64     1    74 0.80 -
Pdum_DN74625_c0_g1_i4:613-1299   -            229 111746at33208        -            606    0.0003   17.1   0.1   2   2     0.094       2.4    4.2   0.0   393   449   143   199   127   223 0.82 -
Pdum_DN91159_c2_g2_i3:4324-5103  -            260 111746at33208        -            606   0.00044   16.6   0.4   1   3     0.018      0.45    6.6   0.0   346   404     3    67     1    86 0.46 -
Pdum_DN91159_c2_g2_i3:4324-5103  -            260 111746at33208        -            606   0.00044   16.6   0.4   2   3     0.011      0.28    7.3   0.0    72   107   128   161   119   174 0.85 -
Pdum_DN91159_c2_g2_i3:4324-5103  -            260 111746at33208        -            606   0.00044   16.6   0.4   3   3       7.1   1.8e+02   -2.0   0.0    73   100   233   260   229   260 0.80 -
Pdum_DN85168_c0_g1_i2:546-2090   -            515 111746at33208        -            606   0.00067   16.0   0.2   1   3       5.7   1.4e+02   -1.6   0.0   335   354    40    59    38    62 0.88 -
Pdum_DN85168_c0_g1_i2:546-2090   -            515 111746at33208        -            606   0.00067   16.0   0.2   2   3    0.0044      0.11    8.6   0.0   427   482   198   255   165   281 0.88 -
Pdum_DN85168_c0_g1_i2:546-2090   -            515 111746at33208        -            606   0.00067   16.0   0.2   3   3      0.21       5.2    3.1   0.1   426   480   337   394   317   424 0.75 -
Pdum_DN90254_c2_g1_i7:1612-2445  -            278 111746at33208        -            606    0.0019   14.5   0.9   1   3       4.3   1.1e+02   -1.2   0.0   166   182    36    52    32    99 0.53 -
Pdum_DN90254_c2_g1_i7:1612-2445  -            278 111746at33208        -            606    0.0019   14.5   0.9   2   3       1.4        36    0.3   0.1   306   333   105   137    97   145 0.49 -
Pdum_DN90254_c2_g1_i7:1612-2445  -            278 111746at33208        -            606    0.0019   14.5   0.9   3   3   0.00066     0.016   11.4   0.0    88   116   219   247   142   277 0.61 -
Pdum_DN77384_c0_g1_i7:393-935    -            181 111746at33208        -            606    0.0022   14.2   0.1   1   2       1.1        28    0.7   0.1   443   471    39    67    29    73 0.85 -
Pdum_DN77384_c0_g1_i7:393-935    -            181 111746at33208        -            606    0.0022   14.2   0.1   2   2    0.0012     0.029   10.5   0.0   391   446   125   181   119   181 0.86 -
Pdum_DN83223_c0_g2_i1:739-1377   -            213 111746at33208        -            606    0.0027   14.0   0.9   1   2     0.052       1.3    5.1   0.1   449   483    28    65     1    74 0.58 -
Pdum_DN83223_c0_g2_i1:739-1377   -            213 111746at33208        -            606    0.0027   14.0   0.9   2   2     0.012      0.31    7.2   0.0   337   366   128   157   109   164 0.72 -
Pdum_DN89900_c1_g2_i1:318-785    -            156 111746at33208        -            606    0.0042   13.3   0.4   1   2     0.012      0.29    7.2   0.0    79   134     1    59     1    80 0.74 -
Pdum_DN89900_c1_g2_i1:318-785    -            156 111746at33208        -            606    0.0042   13.3   0.4   2   2      0.29       7.2    2.6   0.1    76   106   126   155   121   156 0.86 -
Pdum_DN76178_c0_g1_i1:3394-3981  -            196 111746at33208        -            606    0.0042   13.3   0.1   1   2     0.017      0.43    6.7   0.0   306   337     4    37     1    41 0.70 -
Pdum_DN76178_c0_g1_i1:3394-3981  -            196 111746at33208        -            606    0.0042   13.3   0.1   2   2     0.066       1.7    4.8   0.0    78   137    69   131    58   142 0.77 -
Pdum_DN74254_c0_g1_i10:1266-1853 -            196 111746at33208        -            606    0.0063   12.7   0.3   1   2    0.0011     0.027   10.6   0.0   379   444     9    76     4    83 0.89 -
Pdum_DN74254_c0_g1_i10:1266-1853 -            196 111746at33208        -            606    0.0063   12.7   0.3   2   2       2.3        58   -0.4   0.0   102   139   154   194   130   195 0.70 -
Pdum_DN87384_c0_g1_i3:1267-1899  -            211 111746at33208        -            606    0.0075   12.5   0.0   1   1   0.00047     0.012   11.9   0.0    77   400   143   210   125   211 0.56 -
Pdum_DN34036_c0_g1_i1:478-1620   -            381 111746at33208        -            606    0.0077   12.5   0.1   1   1   0.00092     0.023   10.9   0.0    73   130   231   289   227   306 0.81 -
Pdum_DN77163_c0_g1_i7:250-627    -            126 111746at33208        -            606     0.008   12.4   0.0   1   1   0.00078     0.019   11.1   0.0    88   129     9    51     3    54 0.82 -
Pdum_DN83063_c0_g1_i6:381-1082   -            234 111746at33208        -            606    0.0084   12.3   0.1   1   2       2.1        52   -0.2   0.1    90   107    96   113    76   121 0.64 -
Pdum_DN83063_c0_g1_i6:381-1082   -            234 111746at33208        -            606    0.0084   12.3   0.1   2   2    0.0026     0.065    9.4   0.0    83   130   179   226   143   231 0.87 -
Pdum_DN70256_c0_g1_i2:778-1377   -            200 111746at33208        -            606    0.0089   12.3   0.3   1   1    0.0028      0.07    9.3   0.1    82   108   167   193   144   200 0.75 -
Pdum_DN85858_c0_g1_i11:292-1188  -            299 111746at33208        -            606     0.011   11.9   1.7   1   2       2.1        51   -0.2   0.1   456   488    20    59    13    66 0.59 -
Pdum_DN85858_c0_g1_i11:292-1188  -            299 111746at33208        -            606     0.011   11.9   1.7   2   2     0.001     0.026   10.7   0.1   364   445   120   204   108   220 0.72 -
Pdum_DN67806_c2_g1_i2:615-1406   -            264 111746at33208        -            606     0.013   11.7   0.1   1   3       2.1        52   -0.2   0.0    88   108    28    48    15    57 0.77 -
Pdum_DN67806_c2_g1_i2:615-1406   -            264 111746at33208        -            606     0.013   11.7   0.1   2   3     0.061       1.5    4.9   0.0   319   342    85   108    62   150 0.71 -
Pdum_DN67806_c2_g1_i2:615-1406   -            264 111746at33208        -            606     0.013   11.7   0.1   3   3      0.22       5.5    3.0   0.0    75   106   189   221   172   256 0.61 -
Pdum_DN69316_c0_g1_i1:312-956    -            215 111746at33208        -            606     0.023   10.9   0.9   1   2       1.5        37    0.3   0.0    84   115     8    39     4    44 0.73 -
Pdum_DN69316_c0_g1_i1:312-956    -            215 111746at33208        -            606     0.023   10.9   0.9   2   2    0.0039     0.098    8.8   0.1   368   402    45    80    33    96 0.70 -
Pdum_DN78364_c0_g2_i1:5-400      -            132 111746at33208        -            606     0.029   10.5   0.0   1   1    0.0016      0.04   10.1   0.0    54   128    61   131    38   132 0.67 -
Pdum_DN61369_c0_g1_i1:1242-1787  -            182 111746at33208        -            606     0.048    9.8   0.0   1   2      0.98        24    0.9   0.0    77   107    25    55    10    65 0.81 -
Pdum_DN61369_c0_g1_i1:1242-1787  -            182 111746at33208        -            606     0.048    9.8   0.0   2   2     0.015      0.37    6.9   0.0   421   465   125   169    91   174 0.87 -
#
# Program:         hmmsearch
# Version:         3.1b2 (February 2015)
# Pipeline mode:   SEARCH
# Query file:      /mnt/f/phylo/WORMS/busco_analysis/busco_downloads/lineages/metazoa_odb10/hmms/111746at33208.hmm
# Target file:     /mnt/f/phylo/WORMS/busco_analysis/metazoa_lineage_result/run_metazoa_odb10/metaeuk_output/initial_results/Platynereis_ref.eggnog_filter.nucl.fasta.modified.fas
# Option settings: hmmsearch --domtblout /mnt/f/phylo/WORMS/busco_analysis/metazoa_lineage_result/run_metazoa_odb10/hmmer_output/initial_run_results/111746at33208.out --cpu 1 /mnt/f/phylo/WORMS/busco_analysis/busco_downloads/lineages/metazoa_odb10/hmms/111746at33208.hmm /mnt/f/phylo/WORMS/busco_analysis/metazoa_lineage_result/run_metazoa_odb10/metaeuk_output/initial_results/Platynereis_ref.eggnog_filter.nucl.fasta.modified.fas 
# Current dir:     /mnt/f/phylo/WORMS/busco_analysis
# Date:            Sun Mar 12 20:41:31 2023
# [ok]
