#                                                                                       --- full sequence --- -------------- this domain -------------   hmm coord   ali coord   env coord
# target name                   accession   tlen query name           accession   qlen   E-value  score  bias   #  of  c-Evalue  i-Evalue  score  bias  from    to  from    to  from    to  acc description of target
#           ------------------- ---------- ----- -------------------- ---------- ----- --------- ------ ----- --- --- --------- --------- ------ ----- ----- ----- ----- ----- ----- ----- ---- ---------------------
Pdum_DN88447_c2_g1_i5:2-1375    -            458 129179at33208        -            579  7.8e-220  729.0   0.1   1   1  1.2e-222  9.5e-220  728.7   0.1     1   395     1   417     1   441 0.94 -
Pdum_DN87089_c1_g1_i3:1440-2573 -            378 129179at33208        -            579   1.4e-41  140.4   0.2   1   1   2.5e-44     2e-41  139.9   0.2     5   356     1   362     1   378 0.84 -
Pdum_DN86232_c0_g1_i2:1395-2585 -            397 129179at33208        -            579   1.9e-40  136.7   0.0   1   1   3.1e-43   2.5e-40  136.3   0.0    10   356     9   361     2   385 0.89 -
Pdum_DN88447_c2_g2_i4:2-685     -            228 129179at33208        -            579   7.8e-38  128.0   0.6   1   3   1.4e-12   1.1e-09   35.1   0.0   430   469    37    76     2    86 0.76 -
Pdum_DN88447_c2_g2_i4:2-685     -            228 129179at33208        -            579   7.8e-38  128.0   0.6   2   3   1.1e-16   9.1e-14   48.6   0.0   455   511    83   146    71   159 0.83 -
Pdum_DN88447_c2_g2_i4:2-685     -            228 129179at33208        -            579   7.8e-38  128.0   0.6   3   3   8.5e-15   6.8e-12   42.4   0.0   512   552   183   225   177   228 0.89 -
Pdum_DN89201_c2_g1_i5:38-709    -            224 129179at33208        -            579   3.6e-07   26.8   0.0   1   1   5.4e-10   4.3e-07   26.5   0.0   105   280     2   170     1   185 0.91 -
#
# Program:         hmmsearch
# Version:         3.1b2 (February 2015)
# Pipeline mode:   SEARCH
# Query file:      /mnt/f/phylo/WORMS/busco_analysis/busco_downloads/lineages/metazoa_odb10/hmms/129179at33208.hmm
# Target file:     /mnt/f/phylo/WORMS/busco_analysis/metazoa_lineage_result/run_metazoa_odb10/metaeuk_output/initial_results/Platynereis_ref.eggnog_filter.nucl.fasta.modified.fas
# Option settings: hmmsearch --domtblout /mnt/f/phylo/WORMS/busco_analysis/metazoa_lineage_result/run_metazoa_odb10/hmmer_output/initial_run_results/129179at33208.out --cpu 1 /mnt/f/phylo/WORMS/busco_analysis/busco_downloads/lineages/metazoa_odb10/hmms/129179at33208.hmm /mnt/f/phylo/WORMS/busco_analysis/metazoa_lineage_result/run_metazoa_odb10/metaeuk_output/initial_results/Platynereis_ref.eggnog_filter.nucl.fasta.modified.fas 
# Current dir:     /mnt/f/phylo/WORMS/busco_analysis
# Date:            Sun Mar 12 20:41:33 2023
# [ok]
