#                                                                                         --- full sequence --- -------------- this domain -------------   hmm coord   ali coord   env coord
# target name                     accession   tlen query name           accession   qlen   E-value  score  bias   #  of  c-Evalue  i-Evalue  score  bias  from    to  from    to  from    to  acc description of target
#             ------------------- ---------- ----- -------------------- ---------- ----- --------- ------ ----- --- --- --------- --------- ------ ----- ----- ----- ----- ----- ----- ----- ---- ---------------------
Pdum_DN90507_c4_g2_i3:2-1543      -            514 135294at33208        -            600  4.1e-185  614.6  15.2   1   3     0.063       1.3    5.3   0.4   136   169     1    34     1    45 0.92 -
Pdum_DN90507_c4_g2_i3:2-1543      -            514 135294at33208        -            600  4.1e-185  614.6  15.2   2   3      0.42       8.3    2.6   0.1   156   191    52    90    41    94 0.83 -
Pdum_DN90507_c4_g2_i3:2-1543      -            514 135294at33208        -            600  4.1e-185  614.6  15.2   3   3  2.4e-182  4.8e-181  601.1   4.4   181   524   132   514   118   514 0.90 -
Pdum_DN76533_c0_g2_i2:2-862       -            287 135294at33208        -            600   8.4e-29   98.3   2.6   1   4   2.7e-17   5.5e-16   56.0   0.0    63   131    28   103    16   116 0.86 -
Pdum_DN76533_c0_g2_i2:2-862       -            287 135294at33208        -            600   8.4e-29   98.3   2.6   2   4   3.1e-06   6.3e-05   19.5   0.2   129   169   121   161   108   167 0.91 -
Pdum_DN76533_c0_g2_i2:2-862       -            287 135294at33208        -            600   8.4e-29   98.3   2.6   3   4      0.16       3.1    4.0   0.2   156   191   179   217   157   221 0.81 -
Pdum_DN76533_c0_g2_i2:2-862       -            287 135294at33208        -            600   8.4e-29   98.3   2.6   4   4   3.1e-05   0.00061   16.2   0.0   181   209   259   287   247   287 0.89 -
Pdum_DN88021_c1_g4_i1:293-1039    -            249 135294at33208        -            600   5.7e-20   69.2   1.6   1   1   3.3e-21   6.6e-20   69.0   1.6   291   506     6   228     1   237 0.83 -
Pdum_DN88907_c1_g1_i2:395-1117    -            241 135294at33208        -            600   1.2e-19   68.1   3.1   1   1   2.1e-20   4.3e-19   66.3   3.1   334   516    60   241     1   241 0.89 -
Pdum_DN85577_c3_g1_i6:1765-2208   -            148 135294at33208        -            600   3.1e-17   60.1   1.0   1   1   1.7e-18   3.3e-17   60.0   1.0   353   500     2   148     1   148 0.87 -
Pdum_DN80499_c2_g1_i2:1363-2076   -            238 135294at33208        -            600   2.1e-15   54.1   0.1   1   1   1.2e-16   2.3e-15   53.9   0.1   288   479     2   196     1   225 0.82 -
Pdum_DN85454_c2_g2_i2:294-1772    -            493 135294at33208        -            600   7.9e-14   48.9   3.4   1   2   2.8e-09   5.6e-08   29.6   0.0   315   386   234   305   229   313 0.90 -
Pdum_DN85454_c2_g2_i2:294-1772    -            493 135294at33208        -            600   7.9e-14   48.9   3.4   2   2   3.6e-06   7.2e-05   19.3   1.3   423   516   364   461   332   474 0.81 -
Pdum_DN72678_c4_g1_i1:3573-4358   -            262 135294at33208        -            600   1.6e-13   47.9   0.1   1   1   8.9e-15   1.8e-13   47.7   0.1   293   516     7   238     1   259 0.79 -
Pdum_DN88422_c0_g1_i3:2845-6123   -           1093 135294at33208        -            600   1.8e-13   47.7   5.5   1   1   1.6e-14   3.2e-13   46.9   5.5   333   518   883  1070   872  1085 0.85 -
Pdum_DN90268_c3_g2_i1:779-1321    -            181 135294at33208        -            600   1.7e-12   44.5   3.3   1   1     9e-14   1.8e-12   44.4   3.3   358   526     7   178     1   181 0.84 -
Pdum_DN89211_c0_g1_i6:4958-5914   -            319 135294at33208        -            600   1.3e-11   41.5   0.0   1   1   9.4e-13   1.9e-11   41.0   0.0    68   174   115   234    91   254 0.77 -
Pdum_DN90426_c6_g1_i3:3856-4170   -            105 135294at33208        -            600   1.7e-11   41.2   2.5   1   1   8.5e-13   1.7e-11   41.2   2.5   431   520     7    99     1   105 0.90 -
Pdum_DN92472_c6_g1_i6:4218-4949   -            244 135294at33208        -            600   3.5e-11   40.2   0.0   1   1   3.2e-12   6.3e-11   39.3   0.0    64   147    92   186    69   190 0.81 -
Pdum_DN85751_c0_g2_i6:3939-4661   -            241 135294at33208        -            600   5.6e-11   39.5   0.0   1   1   1.3e-11   2.6e-10   37.3   0.0    66   185    87   236    73   240 0.69 -
Pdum_DN91602_c2_g1_i2:819-1583    -            255 135294at33208        -            600   1.1e-10   38.4   0.0   1   1   9.5e-12   1.9e-10   37.7   0.0    64   146    98   191    90   196 0.84 -
Pdum_DN73438_c0_g1_i1:3550-4314   -            255 135294at33208        -            600   1.3e-10   38.3   0.0   1   1   1.1e-11   2.1e-10   37.6   0.0    64   148   103   198    88   216 0.84 -
Pdum_DN79138_c0_g1_i2:1450-2220   -            257 135294at33208        -            600     2e-10   37.7   0.1   1   1   1.4e-11   2.9e-10   37.1   0.0    49   168    94   221    66   242 0.79 -
Pdum_DN80782_c0_g1_i2:1395-2156   -            254 135294at33208        -            600     3e-10   37.1   0.0   1   1   2.9e-11   5.7e-10   36.1   0.0    58   166    94   214    79   230 0.82 -
Pdum_DN86957_c0_g2_i3:4582-5304   -            241 135294at33208        -            600     4e-10   36.6   0.0   1   1   3.1e-11   6.2e-10   36.0   0.0    48   147    75   187    66   234 0.80 -
Pdum_DN86612_c1_g1_i8:3025-3879   -            285 135294at33208        -            600   5.8e-10   36.1   0.0   1   1   3.6e-11   7.2e-10   35.8   0.0    65   151   105   200    50   220 0.84 -
Pdum_DN91973_c5_g1_i2:1809-2546   -            246 135294at33208        -            600   6.6e-10   35.9   0.0   1   1   8.7e-11   1.7e-09   34.6   0.0    50   147    77   184    67   189 0.81 -
Pdum_DN88758_c3_g3_i4:2271-3188   -            306 135294at33208        -            600   8.5e-10   35.6   0.1   1   1   5.3e-11   1.1e-09   35.2   0.1    36   149    89   205    58   243 0.80 -
Pdum_DN87483_c0_g1_i2:3614-4246   -            211 135294at33208        -            600   9.1e-10   35.5   0.0   1   2      0.11       2.3    4.4   0.0    30    67    38    74    28    86 0.83 -
Pdum_DN87483_c0_g1_i2:3614-4246   -            211 135294at33208        -            600   9.1e-10   35.5   0.0   2   2   3.7e-09   7.4e-08   29.2   0.0    63   147    92   188    77   194 0.73 -
Pdum_DN86431_c1_g2_i2:91-915      -            275 135294at33208        -            600   9.7e-10   35.4   0.3   1   1   3.3e-09   6.5e-08   29.3   0.3    33   148    57   209    49   213 0.65 -
Pdum_DN85855_c1_g2_i1:2099-2950   -            284 135294at33208        -            600   1.1e-09   35.2   0.0   1   2       6.2   1.2e+02   -1.3   0.1    27    63    52    87    29    92 0.63 -
Pdum_DN85855_c1_g2_i1:2099-2950   -            284 135294at33208        -            600   1.1e-09   35.2   0.0   2   2   1.7e-10   3.4e-09   33.6   0.0    64   149   109   205    97   222 0.81 -
Pdum_DN89279_c5_g2_i5:620-1405    -            262 135294at33208        -            600   1.2e-09   35.1   0.2   1   1   9.8e-11   1.9e-09   34.4   0.1    64   174   102   220    86   237 0.75 -
Pdum_DN74718_c0_g1_i5:762-1508    -            249 135294at33208        -            600   1.6e-09   34.7   0.0   1   1   3.3e-10   6.6e-09   32.6   0.0    55   148    89   193    39   227 0.80 -
Pdum_DN85684_c0_g1_i5:1248-1946   -            233 135294at33208        -            600   2.2e-09   34.2   0.0   1   1   1.4e-10   2.7e-09   33.9   0.0    67   150    85   178    74   217 0.83 -
Pdum_DN87408_c4_g1_i1:1948-3102   -            385 135294at33208        -            600   3.4e-09   33.6   0.0   1   1   2.9e-10   5.8e-09   32.8   0.0    55   175   102   232    88   266 0.75 -
Pdum_DN77205_c0_g1_i1:2700-3515   -            272 135294at33208        -            600     5e-09   33.0   0.0   1   1   4.4e-10   8.7e-09   32.2   0.0    65   173   112   227    99   242 0.76 -
Pdum_DN87030_c0_g1_i1:2702-3478   -            259 135294at33208        -            600   5.1e-09   33.0   0.0   1   1   3.4e-10   6.8e-09   32.6   0.0    64   178   102   224    87   243 0.77 -
Pdum_DN68196_c4_g1_i3:3357-4142   -            262 135294at33208        -            600   1.1e-08   31.8   0.0   1   1   8.1e-10   1.6e-08   31.3   0.0    63   149   108   205    83   226 0.82 -
Pdum_DN76517_c0_g1_i1:582-1448    -            289 135294at33208        -            600   1.5e-08   31.5   0.0   1   1   2.7e-09   5.3e-08   29.6   0.0    66   148   104   198    38   203 0.81 -
Pdum_DN87573_c0_g1_i1:2973-3596   -            208 135294at33208        -            600   1.5e-08   31.5   0.0   1   1     1e-09     2e-08   31.0   0.0    67   149   101   193    84   196 0.79 -
Pdum_DN81101_c0_g1_i6:1240-2124   -            295 135294at33208        -            600   1.5e-08   31.5   0.0   1   1   1.2e-09   2.5e-08   30.7   0.0    49   146    83   198    72   209 0.78 -
Pdum_DN86628_c0_g1_i2:507-2057    -            517 135294at33208        -            600   1.7e-08   31.3   0.4   1   1   1.3e-09   2.7e-08   30.6   0.4   425   503     6    85     4   166 0.82 -
Pdum_DN85615_c0_g2_i10:812-1420   -            203 135294at33208        -            600   1.8e-08   31.2   0.0   1   1   1.4e-09   2.8e-08   30.5   0.0    47   146    40   147     6   153 0.80 -
Pdum_DN87678_c0_g1_i8:2041-2850   -            270 135294at33208        -            600   2.7e-08   30.6   0.0   1   2         1        21    1.3   0.1    33    65    60    93    53   100 0.76 -
Pdum_DN87678_c0_g1_i8:2041-2850   -            270 135294at33208        -            600   2.7e-08   30.6   0.0   2   2   1.7e-08   3.4e-07   27.0   0.0    51   148   103   217    98   235 0.75 -
Pdum_DN87444_c0_g1_i4:5160-5942   -            261 135294at33208        -            600   2.7e-08   30.6   0.0   1   2       9.5   1.9e+02   -1.9   0.0    30    73    40    83    38    93 0.78 -
Pdum_DN87444_c0_g1_i4:5160-5942   -            261 135294at33208        -            600   2.7e-08   30.6   0.0   2   2   3.3e-09   6.6e-08   29.3   0.0    64   148    94   188    81   249 0.83 -
Pdum_DN84081_c0_g1_i2:1776-2636   -            287 135294at33208        -            600   2.8e-08   30.6   0.0   1   1   1.8e-09   3.6e-08   30.2   0.0    58   164   129   246   113   272 0.72 -
Pdum_DN86921_c0_g1_i4:4455-5228   -            258 135294at33208        -            600   3.3e-08   30.3   0.0   1   1   5.5e-09   1.1e-07   28.6   0.0    64   145   101   194    43   199 0.85 -
Pdum_DN91109_c2_g1_i1:6634-7386   -            251 135294at33208        -            600   3.5e-08   30.2   0.0   1   1   3.3e-09   6.6e-08   29.3   0.0    62   148   102   198    72   202 0.82 -
Pdum_DN92778_c1_g2_i2:1979-2968   -            330 135294at33208        -            600   3.5e-08   30.2   0.0   1   1   2.6e-09   5.1e-08   29.7   0.0    69   149   111   202   103   205 0.80 -
Pdum_DN81485_c0_g1_i2:194-586     -            131 135294at33208        -            600   3.7e-08   30.1   0.0   1   1   2.2e-09   4.3e-08   29.9   0.0    67   149    21   112    10   127 0.81 -
Pdum_DN91144_c0_g1_i1:5324-6091   -            256 135294at33208        -            600   3.9e-08   30.1   0.0   1   2       2.8        56   -0.2   0.0    29    54    47    72    42    85 0.78 -
Pdum_DN91144_c0_g1_i1:5324-6091   -            256 135294at33208        -            600   3.9e-08   30.1   0.0   2   2   9.8e-09   1.9e-07   27.8   0.0    68   148   106   197    88   209 0.76 -
Pdum_DN85409_c0_g1_i3:3487-4353   -            289 135294at33208        -            600   4.6e-08   29.8   0.0   1   1   5.7e-09   1.1e-07   28.6   0.0    63   147   100   195    88   223 0.80 -
Pdum_DN90955_c5_g2_i4:2412-2864   -            151 135294at33208        -            600   4.9e-08   29.8   0.0   1   1   3.1e-09   6.2e-08   29.4   0.0    71   148    56   143    48   145 0.80 -
Pdum_DN81985_c0_g1_i2:1770-2720   -            317 135294at33208        -            600   5.5e-08   29.6   0.0   1   1   3.3e-09   6.5e-08   29.3   0.0    68   149   108   200    50   219 0.81 -
Pdum_DN84630_c2_g1_i5:2401-3183   -            261 135294at33208        -            600   6.4e-08   29.4   0.1   1   1   4.4e-09   8.8e-08   28.9   0.1    63   146   102   197    54   205 0.80 -
Pdum_DN92442_c2_g1_i3:5342-6259   -            306 135294at33208        -            600   6.5e-08   29.3   0.0   1   1   1.7e-07   3.5e-06   23.6   0.0    69   173   107   234   101   252 0.68 -
Pdum_DN79760_c3_g1_i5:696-1412    -            239 135294at33208        -            600   6.8e-08   29.3   0.0   1   2       1.2        24    1.0   0.1    32    66    11    44     6    67 0.77 -
Pdum_DN79760_c3_g1_i5:696-1412    -            239 135294at33208        -            600   6.8e-08   29.3   0.0   2   2   2.8e-08   5.6e-07   26.3   0.0    62   148    63   161    44   170 0.72 -
Pdum_DN79501_c0_g1_i2:534-1166    -            211 135294at33208        -            600   7.5e-08   29.1   0.0   1   2       2.3        46    0.1   0.0    29    66     8    44     1    56 0.77 -
Pdum_DN79501_c0_g1_i2:534-1166    -            211 135294at33208        -            600   7.5e-08   29.1   0.0   2   2   1.5e-08     3e-07   27.1   0.0    49   147    50   160    40   166 0.78 -
Pdum_DN68223_c0_g1_i5:532-1278    -            249 135294at33208        -            600   7.8e-08   29.1   0.0   1   1   5.2e-09     1e-07   28.7   0.0    63   150    96   199    77   213 0.78 -
Pdum_DN90959_c6_g2_i13:2541-3443  -            301 135294at33208        -            600   8.1e-08   29.0   0.0   1   1   5.8e-09   1.1e-07   28.5   0.0    66   148   115   205   102   221 0.81 -
Pdum_DN73762_c0_g1_i2:1282-1800   -            173 135294at33208        -            600   8.6e-08   28.9   0.0   1   1   5.2e-09     1e-07   28.7   0.0    64   149    21   122     6   141 0.76 -
Pdum_DN92334_c4_g1_i2:10288-11049 -            254 135294at33208        -            600   9.1e-08   28.9   0.0   1   1   8.9e-09   1.8e-07   27.9   0.0    64   149   102   198    93   216 0.79 -
Pdum_DN84857_c1_g1_i1:894-1676    -            261 135294at33208        -            600     1e-07   28.7   0.0   1   2       2.2        44    0.2   0.0    34    50    52    68    35    80 0.80 -
Pdum_DN84857_c1_g1_i1:894-1676    -            261 135294at33208        -            600     1e-07   28.7   0.0   2   2   3.2e-08   6.4e-07   26.1   0.0    67   147   107   200    99   218 0.79 -
Pdum_DN90899_c3_g1_i3:3875-4741   -            289 135294at33208        -            600   1.2e-07   28.4   0.0   1   1   1.4e-08   2.8e-07   27.3   0.0    63   148   101   201    44   216 0.77 -
Pdum_DN76942_c0_g1_i6:740-1579    -            280 135294at33208        -            600   1.3e-07   28.4   0.0   1   1   9.8e-09     2e-07   27.8   0.0    64   149   105   204    98   208 0.80 -
Pdum_DN92101_c0_g1_i2:6037-6906   -            290 135294at33208        -            600   1.4e-07   28.3   0.0   1   1   1.2e-08   2.5e-07   27.4   0.0    55   146   111   218    88   281 0.77 -
Pdum_DN91739_c2_g1_i9:6952-7800   -            283 135294at33208        -            600   1.5e-07   28.2   0.0   1   1   1.5e-08   2.9e-07   27.2   0.0    65   153    98   199    77   227 0.76 -
Pdum_DN89421_c2_g1_i2:3592-4371   -            260 135294at33208        -            600   1.5e-07   28.2   0.1   1   1   7.5e-08   1.5e-06   24.8   0.1    65   145    97   189    30   195 0.76 -
Pdum_DN66702_c0_g1_i7:4468-5502   -            345 135294at33208        -            600   1.5e-07   28.1   0.0   1   1     1e-08     2e-07   27.7   0.0    68   153   110   206    94   243 0.75 -
Pdum_DN74701_c0_g1_i3:901-1776    -            292 135294at33208        -            600   1.7e-07   28.0   0.0   1   1   1.1e-08   2.2e-07   27.6   0.0    65   149   106   202    53   218 0.78 -
Pdum_DN70431_c0_g1_i5:72-1061     -            330 135294at33208        -            600   1.7e-07   28.0   0.0   1   1   1.3e-08   2.6e-07   27.4   0.0    56   149    99   203    78   206 0.76 -
Pdum_DN80031_c0_g1_i2:611-1471    -            287 135294at33208        -            600   1.7e-07   27.9   0.0   1   1   1.2e-08   2.3e-07   27.5   0.0    63   146   101   194    73   203 0.77 -
Pdum_DN72702_c0_g1_i4:2130-2816   -            229 135294at33208        -            600     2e-07   27.7   0.0   1   1   1.4e-08   2.9e-07   27.2   0.0    63   146   114   210    86   215 0.74 -
Pdum_DN74575_c0_g1_i2:1-795       -            265 135294at33208        -            600   2.3e-07   27.6   0.0   1   1   1.5e-08     3e-07   27.1   0.0    65   148   108   207    89   226 0.79 -
Pdum_DN91070_c1_g1_i2:3681-4532   -            284 135294at33208        -            600   2.4e-07   27.5   0.2   1   1   2.6e-08   5.1e-07   26.4   0.0    65   146   132   225   121   244 0.80 -
Pdum_DN88067_c1_g1_i3:1954-2838   -            295 135294at33208        -            600   2.6e-07   27.3   0.0   1   1   2.1e-08   4.2e-07   26.7   0.0    64   159   111   216    90   241 0.75 -
Pdum_DN92571_c4_g1_i1:1425-2291   -            289 135294at33208        -            600   2.7e-07   27.3   0.0   1   1     2e-08   3.9e-07   26.8   0.0    65   148   139   236   130   242 0.80 -
Pdum_DN86837_c0_g1_i1:2391-3272   -            294 135294at33208        -            600     3e-07   27.2   0.0   1   2       9.3   1.8e+02   -1.9   0.0    74   102    31    59    18    77 0.79 -
Pdum_DN86837_c0_g1_i1:2391-3272   -            294 135294at33208        -            600     3e-07   27.2   0.0   2   2   4.1e-08   8.1e-07   25.7   0.0    71   148   111   198   103   203 0.76 -
Pdum_DN84940_c0_g1_i2:1925-2809   -            295 135294at33208        -            600   3.4e-07   27.0   0.1   1   1   3.1e-08   6.1e-07   26.1   0.1    63   151   100   205    48   232 0.72 -
Pdum_DN87974_c0_g1_i1:2830-3657   -            276 135294at33208        -            600   3.6e-07   26.9   0.0   1   1   2.9e-08   5.8e-07   26.2   0.0    66   148    96   192    91   199 0.75 -
Pdum_DN86899_c0_g1_i4:2363-3265   -            301 135294at33208        -            600   3.8e-07   26.8   0.0   1   1   2.5e-08     5e-07   26.4   0.0    64   150   111   213    59   233 0.68 -
Pdum_DN86881_c1_g1_i3:2444-3214   -            257 135294at33208        -            600   3.9e-07   26.8   0.0   1   1   2.7e-08   5.4e-07   26.3   0.0    64   150   104   202   100   242 0.79 -
Pdum_DN70958_c0_g1_i1:2104-2859   -            252 135294at33208        -            600   4.4e-07   26.6   0.0   1   1   3.1e-08   6.1e-07   26.1   0.0    68   185   108   248    97   251 0.74 -
Pdum_DN68845_c0_g1_i1:2362-3111   -            250 135294at33208        -            600   6.1e-07   26.1   0.0   1   1   3.9e-08   7.7e-07   25.8   0.0    69   150   113   204    98   245 0.69 -
Pdum_DN89228_c1_g1_i2:506-1345    -            280 135294at33208        -            600   6.4e-07   26.1   0.0   1   1   4.2e-08   8.3e-07   25.7   0.0    66   149   116   211   102   256 0.81 -
Pdum_DN78902_c0_g3_i1:2117-3046   -            310 135294at33208        -            600   6.4e-07   26.1   0.0   1   1     5e-08     1e-06   25.4   0.0    63   149   105   210    83   238 0.74 -
Pdum_DN88676_c1_g1_i9:1579-2421   -            281 135294at33208        -            600   6.7e-07   26.0   0.0   1   1   6.2e-08   1.2e-06   25.1   0.0    68   143   129   217   118   225 0.79 -
Pdum_DN90790_c6_g1_i2:3237-4082   -            282 135294at33208        -            600   1.2e-06   25.2   0.0   1   1   7.6e-08   1.5e-06   24.8   0.0    64   147   131   227   125   271 0.75 -
Pdum_DN86308_c0_g3_i2:2553-3335   -            261 135294at33208        -            600   1.2e-06   25.1   0.0   1   1   7.9e-08   1.6e-06   24.8   0.0    60   149    93   197    65   220 0.73 -
Pdum_DN83145_c0_g1_i4:587-1165    -            193 135294at33208        -            600   1.3e-06   25.0   0.0   1   1   8.2e-08   1.6e-06   24.7   0.0     9   144    52   192    46   193 0.75 -
Pdum_DN91934_c6_g2_i1:134-772     -            213 135294at33208        -            600   1.6e-06   24.7   0.5   1   2       1.2        23    1.1   0.0    35    62     6    33     1    43 0.80 -
Pdum_DN91934_c6_g2_i1:134-772     -            213 135294at33208        -            600   1.6e-06   24.7   0.5   2   2   5.8e-07   1.1e-05   21.9   0.1    65   185    60   198    53   203 0.75 -
Pdum_DN80348_c0_g1_i1:3272-4261   -            330 135294at33208        -            600   1.6e-06   24.7   0.0   1   1     1e-07   2.1e-06   24.4   0.0    56   149    96   200    89   259 0.77 -
Pdum_DN72024_c4_g1_i3:772-1551    -            260 135294at33208        -            600   1.7e-06   24.7   0.0   1   1   9.6e-08   1.9e-06   24.5   0.0    67   148   109   203    78   247 0.74 -
Pdum_DN90945_c3_g1_i1:2039-2818   -            260 135294at33208        -            600   1.7e-06   24.7   0.0   1   1   1.2e-07   2.3e-06   24.2   0.0    63   147   105   203    78   249 0.73 -
Pdum_DN91451_c5_g1_i1:5028-5807   -            260 135294at33208        -            600     2e-06   24.5   0.0   1   1   1.3e-07   2.6e-06   24.1   0.0    62   147   107   205    77   224 0.75 -
Pdum_DN84991_c0_g1_i3:715-1185    -            157 135294at33208        -            600     2e-06   24.5   0.0   1   1   1.1e-07   2.1e-06   24.4   0.0    67   152     3    96     1   132 0.70 -
Pdum_DN81487_c0_g1_i3:1570-2322   -            251 135294at33208        -            600     2e-06   24.4   0.0   1   1   1.8e-07   3.5e-06   23.6   0.0    19   148    57   197    44   216 0.74 -
Pdum_DN84455_c2_g1_i5:330-935     -            202 135294at33208        -            600   2.2e-06   24.3   0.0   1   1   1.6e-07   3.1e-06   23.8   0.0    65   145    42   134    35   144 0.77 -
Pdum_DN90450_c2_g1_i5:462-2957    -            832 135294at33208        -            600   2.3e-06   24.3   0.0   1   1   3.1e-07   6.2e-06   22.8   0.0    66   165   669   793   642   818 0.74 -
Pdum_DN91934_c6_g1_i2:2552-3214   -            221 135294at33208        -            600   2.4e-06   24.2   0.0   1   2   0.00024    0.0048   13.3   0.0    62   107    37    85    22    98 0.85 -
Pdum_DN91934_c6_g1_i2:2552-3214   -            221 135294at33208        -            600   2.4e-06   24.2   0.0   2   2    0.0046     0.091    9.0   0.0   115   151   132   174   126   205 0.71 -
Pdum_DN66745_c0_g1_i1:620-1099    -            160 135294at33208        -            600   2.6e-06   24.1   0.0   1   1   1.5e-07     3e-06   23.9   0.0    69   148     4    94     2   130 0.82 -
Pdum_DN84247_c0_g1_i3:161-931     -            257 135294at33208        -            600   2.6e-06   24.1   0.0   1   1   1.6e-07   3.2e-06   23.8   0.0    68   149   106   198   101   256 0.71 -
Pdum_DN84011_c0_g1_i2:200-1030    -            277 135294at33208        -            600   2.7e-06   24.0   0.0   1   1   1.6e-07   3.2e-06   23.7   0.0    62   150   115   216    88   269 0.78 -
Pdum_DN85134_c1_g1_i9:728-1645    -            306 135294at33208        -            600   2.9e-06   23.9   0.0   1   2       3.6        72   -0.5   0.1    34    63    50    78    45    82 0.77 -
Pdum_DN85134_c1_g1_i9:728-1645    -            306 135294at33208        -            600   2.9e-06   23.9   0.0   2   2   8.8e-07   1.8e-05   21.3   0.0    68   147   104   196    96   213 0.79 -
Pdum_DN91346_c4_g1_i5:3428-4030   -            201 135294at33208        -            600   3.4e-06   23.7   0.0   1   2       3.7        74   -0.6   0.0    33    64    40    70    33    97 0.71 -
Pdum_DN91346_c4_g1_i5:3428-4030   -            201 135294at33208        -            600   3.4e-06   23.7   0.0   2   2   3.6e-07   7.2e-06   22.6   0.0    40   146    72   187    49   192 0.70 -
Pdum_DN92761_c2_g1_i5:386-1156    -            257 135294at33208        -            600   3.8e-06   23.5   0.0   1   1   3.2e-07   6.4e-06   22.8   0.0    61   145    94   190    42   197 0.82 -
Pdum_DN74782_c2_g1_i1:640-1416    -            259 135294at33208        -            600   4.3e-06   23.3   0.1   1   2   1.8e-06   3.5e-05   20.3   0.0    65   147    99   197    37   201 0.75 -
Pdum_DN74782_c2_g1_i1:640-1416    -            259 135294at33208        -            600   4.3e-06   23.3   0.1   2   2       3.5        70   -0.5   0.0   160   187   227   257   223   259 0.78 -
Pdum_DN92842_c8_g1_i1:5090-5839   -            250 135294at33208        -            600   5.2e-06   23.0   0.0   1   1   3.3e-07   6.6e-06   22.7   0.0    49   147    85   195    56   224 0.70 -
Pdum_DN65422_c0_g1_i1:5-646       -            214 135294at33208        -            600   5.4e-06   23.0   0.0   1   1   5.4e-07   1.1e-05   22.0   0.0    65   145   117   211   109   214 0.76 -
Pdum_DN90717_c0_g1_i3:1605-2453   -            283 135294at33208        -            600   5.7e-06   22.9   0.0   1   1   3.8e-07   7.6e-06   22.5   0.0    63   147   127   224   121   267 0.74 -
Pdum_DN81243_c0_g1_i1:5074-6072   -            333 135294at33208        -            600   5.8e-06   22.9   0.0   1   1   4.4e-07   8.7e-06   22.3   0.0    69   149   111   202   104   207 0.79 -
Pdum_DN91616_c3_g1_i1:5499-6350   -            284 135294at33208        -            600     6e-06   22.9   0.0   1   1   6.6e-07   1.3e-05   21.7   0.0    67   150   106   208    52   228 0.76 -
Pdum_DN69932_c1_g1_i7:1491-2408   -            306 135294at33208        -            600   6.2e-06   22.8   0.0   1   1     5e-07   9.9e-06   22.1   0.0    68   150   129   224   122   277 0.75 -
Pdum_DN73942_c0_g1_i6:591-1511    -            307 135294at33208        -            600   6.7e-06   22.7   0.0   1   1   7.3e-07   1.5e-05   21.6   0.0   434   531   185   283   158   293 0.85 -
Pdum_DN83192_c0_g1_i13:1794-2558  -            255 135294at33208        -            600   6.7e-06   22.7   0.0   1   1     5e-07   9.9e-06   22.1   0.0    67   149   106   197   102   215 0.78 -
Pdum_DN72724_c0_g1_i4:2426-3313   -            296 135294at33208        -            600   7.2e-06   22.6   0.0   1   1   9.7e-07   1.9e-05   21.2   0.0    63   148    99   196    40   213 0.79 -
Pdum_DN71940_c0_g2_i1:372-1250    -            293 135294at33208        -            600   7.2e-06   22.6   0.0   1   1   6.8e-07   1.3e-05   21.7   0.0    59   148   100   201    50   206 0.77 -
Pdum_DN88305_c1_g1_i5:3366-4001   -            212 135294at33208        -            600   7.5e-06   22.5   0.0   1   1   8.5e-07   1.7e-05   21.4   0.0    65   148   108   208    78   210 0.74 -
Pdum_DN91634_c1_g1_i1:7275-7952   -            226 135294at33208        -            600   7.8e-06   22.5   0.0   1   1   5.5e-07   1.1e-05   22.0   0.0    69   149    99   195    92   204 0.80 -
Pdum_DN92266_c9_g1_i1:4246-5040   -            265 135294at33208        -            600   7.8e-06   22.5   0.0   1   1   5.4e-07   1.1e-05   22.0   0.0    68   149   105   203    87   220 0.77 -
Pdum_DN82819_c2_g1_i3:2463-3338   -            292 135294at33208        -            600   7.9e-06   22.5   0.0   1   1   5.7e-07   1.1e-05   21.9   0.0    66   150   104   206    85   230 0.76 -
Pdum_DN89562_c3_g1_i3:1655-2452   -            266 135294at33208        -            600   8.1e-06   22.4   0.0   1   1   5.3e-07   1.1e-05   22.0   0.0    60   148   103   205    56   240 0.80 -
Pdum_DN91982_c4_g3_i1:310-930     -            207 135294at33208        -            600   9.5e-06   22.2   0.0   1   1     7e-07   1.4e-05   21.7   0.0    56   148    89   195    72   199 0.79 -
Pdum_DN85800_c0_g1_i4:254-1021    -            256 135294at33208        -            600   1.1e-05   22.0   0.0   1   1   9.4e-07   1.9e-05   21.2   0.0    57   148    93   198    77   215 0.75 -
Pdum_DN89962_c1_g1_i9:924-3572    -            883 135294at33208        -            600   1.2e-05   21.9   0.0   1   1   9.8e-07   1.9e-05   21.2   0.0    67   146    84   177    79   186 0.77 -
Pdum_DN88667_c0_g1_i1:3165-4040   -            292 135294at33208        -            600   1.2e-05   21.8   0.0   1   1   8.6e-07   1.7e-05   21.4   0.0    57   154    94   200    53   239 0.74 -
Pdum_DN80725_c3_g2_i3:1395-2195   -            267 135294at33208        -            600   1.3e-05   21.8   0.0   1   1   1.2e-06   2.4e-05   20.9   0.0    69   148   105   200    97   205 0.76 -
Pdum_DN75999_c0_g3_i2:1860-2501   -            214 135294at33208        -            600   1.3e-05   21.7   0.0   1   1   9.5e-07   1.9e-05   21.2   0.0    64   147   112   209    99   212 0.72 -
Pdum_DN92044_c4_g1_i3:3375-4142   -            256 135294at33208        -            600   1.4e-05   21.7   0.0   1   1   8.6e-07   1.7e-05   21.4   0.0    65   159   107   207   101   243 0.76 -
Pdum_DN90490_c2_g1_i2:1070-1675   -            202 135294at33208        -            600   1.5e-05   21.5   0.0   1   1   1.2e-06   2.4e-05   20.9   0.0    63   147    84   181    64   201 0.72 -
Pdum_DN86836_c2_g3_i3:2321-3157   -            279 135294at33208        -            600   1.5e-05   21.5   0.4   1   2       2.1        41    0.3   0.1    74   118    28    71    24    93 0.70 -
Pdum_DN86836_c2_g3_i3:2321-3157   -            279 135294at33208        -            600   1.5e-05   21.5   0.4   2   2   3.7e-06   7.3e-05   19.3   0.0    66   111   103   151    96   178 0.75 -
Pdum_DN83542_c0_g3_i1:2-550       -            183 135294at33208        -            600   1.5e-05   21.5   0.0   1   1   1.2e-06   2.4e-05   20.9   0.0    43   145    73   183    57   183 0.75 -
Pdum_DN72950_c0_g1_i1:408-1436    -            343 135294at33208        -            600   1.7e-05   21.3   0.0   1   2       3.8        75   -0.6   0.0    28    56    64    92    55   109 0.85 -
Pdum_DN72950_c0_g1_i1:408-1436    -            343 135294at33208        -            600   1.7e-05   21.3   0.0   2   2   3.5e-06   6.9e-05   19.4   0.0    63   201   127   277   116   316 0.71 -
Pdum_DN75823_c2_g2_i4:83-1657     -            525 135294at33208        -            600   1.8e-05   21.3   1.1   1   2       0.2         4    3.6   0.0   268   327   227   286   219   300 0.72 -
Pdum_DN75823_c2_g2_i4:83-1657     -            525 135294at33208        -            600   1.8e-05   21.3   1.1   2   2   3.2e-05   0.00063   16.2   0.5   425   502   419   497   397   520 0.87 -
Pdum_DN90930_c5_g1_i1:399-1265    -            289 135294at33208        -            600   1.8e-05   21.3   0.0   1   1   1.2e-06   2.3e-05   20.9   0.0    60   149   100   201    42   221 0.80 -
Pdum_DN91281_c6_g1_i2:1077-1700   -            208 135294at33208        -            600   1.9e-05   21.2   0.0   1   1   1.3e-06   2.6e-05   20.8   0.0    66   147    76   170    65   174 0.74 -
Pdum_DN91174_c2_g1_i3:1259-2266   -            336 135294at33208        -            600   1.9e-05   21.2   0.0   1   1   1.4e-06   2.7e-05   20.7   0.0    35   146   153   283   137   287 0.65 -
Pdum_DN82784_c1_g1_i4:931-1848    -            306 135294at33208        -            600   1.9e-05   21.2   0.0   1   1   1.7e-06   3.3e-05   20.4   0.0    64   148   124   228   116   256 0.78 -
Pdum_DN81332_c0_g1_i4:19-687      -            223 135294at33208        -            600     2e-05   21.1   0.0   1   1   1.4e-06   2.8e-05   20.6   0.0    67   154    96   194    83   214 0.74 -
Pdum_DN90669_c2_g1_i4:2492-3271   -            260 135294at33208        -            600   2.1e-05   21.0   0.0   1   1   2.7e-06   5.3e-05   19.7   0.0    64   145   100   195    88   202 0.79 -
Pdum_DN89402_c3_g1_i6:2305-3075   -            257 135294at33208        -            600   2.4e-05   20.9   0.0   1   1   1.5e-06     3e-05   20.5   0.0    67   150   100   198    87   247 0.76 -
Pdum_DN83487_c1_g1_i5:3694-4179   -            162 135294at33208        -            600   2.6e-05   20.8   0.0   1   1   1.7e-06   3.3e-05   20.4   0.0    70   147     2    93     1    96 0.74 -
Pdum_DN68200_c0_g1_i3:564-1127    -            188 135294at33208        -            600   2.6e-05   20.7   0.0   1   1   1.7e-06   3.4e-05   20.4   0.0    62   147    87   185    74   188 0.74 -
Pdum_DN83388_c0_g1_i8:4-453       -            150 135294at33208        -            600   2.6e-05   20.7   0.0   1   1   1.6e-06   3.2e-05   20.5   0.0    51   145    42   149    21   150 0.69 -
Pdum_DN91489_c1_g2_i4:565-1293    -            243 135294at33208        -            600   3.1e-05   20.5   0.0   1   1   2.3e-06   4.6e-05   19.9   0.0    63   146   125   221   110   224 0.75 -
Pdum_DN85302_c0_g2_i3:1921-2346   -            142 135294at33208        -            600   3.3e-05   20.4   0.0   1   1   1.9e-06   3.8e-05   20.2   0.0    49   139    40   142    29   142 0.73 -
Pdum_DN92820_c4_g1_i3:857-1621    -            255 135294at33208        -            600   3.6e-05   20.3   0.0   1   1     3e-06     6e-05   19.5   0.0    56   148    91   197    76   203 0.75 -
Pdum_DN83651_c0_g1_i7:207-956     -            250 135294at33208        -            600   4.1e-05   20.1   0.0   1   1   1.5e-05   0.00029   17.3   0.0    61   146    91   187    37   192 0.77 -
Pdum_DN80958_c0_g1_i1:7270-8172   -            301 135294at33208        -            600   5.1e-05   19.8   0.0   1   1   4.1e-06   8.2e-05   19.1   0.0    69   149   111   210   101   215 0.73 -
Pdum_DN76710_c1_g1_i1:558-1295    -            246 135294at33208        -            600   5.4e-05   19.7   0.0   1   1   3.4e-06   6.7e-05   19.4   0.0    57   148    83   188    24   207 0.80 -
Pdum_DN86044_c0_g1_i2:2521-3114   -            198 135294at33208        -            600   5.6e-05   19.7   0.0   1   1   3.5e-06   6.9e-05   19.3   0.0    60   149     6   108     2   139 0.75 -
Pdum_DN86474_c0_g1_i2:747-1646    -            300 135294at33208        -            600   5.7e-05   19.6   0.1   1   1   0.00013    0.0026   14.1   0.1    62   160   103   234    86   279 0.66 -
Pdum_DN91590_c1_g1_i2:2781-3473   -            231 135294at33208        -            600     6e-05   19.6   0.0   1   2       4.4        88   -0.8   0.0    35    62    46    73    37    86 0.87 -
Pdum_DN91590_c1_g1_i2:2781-3473   -            231 135294at33208        -            600     6e-05   19.6   0.0   2   2   6.5e-06   0.00013   18.5   0.0    33   146    69   200    54   205 0.71 -
Pdum_DN90497_c0_g1_i1:458-1120    -            221 135294at33208        -            600   6.5e-05   19.4   0.0   1   1     5e-06    0.0001   18.8   0.0    63   148    92   193    80   211 0.76 -
Pdum_DN89461_c1_g2_i2:2837-3724   -            296 135294at33208        -            600   8.3e-05   19.1   0.0   1   1   6.9e-06   0.00014   18.4   0.0    61   164   100   220    89   238 0.70 -
Pdum_DN87263_c1_g2_i4:2281-2883   -            201 135294at33208        -            600   0.00011   18.7   0.0   1   1   1.1e-05   0.00022   17.7   0.0    64   145    96   191    82   196 0.70 -
Pdum_DN91972_c1_g1_i5:5898-6746   -            283 135294at33208        -            600   0.00011   18.7   0.0   1   1   1.2e-05   0.00023   17.6   0.0    60   143    94   189    84   196 0.76 -
Pdum_DN92109_c3_g2_i1:4750-5706   -            319 135294at33208        -            600   0.00012   18.6   0.0   1   1     9e-06   0.00018   18.0   0.0    64   150   112   213   103   271 0.74 -
Pdum_DN91938_c2_g1_i10:5130-5945  -            272 135294at33208        -            600   0.00012   18.6   0.0   1   1   8.7e-06   0.00017   18.0   0.0    66   146   108   202    87   211 0.72 -
Pdum_DN92164_c6_g2_i8:5350-6369   -            340 135294at33208        -            600   0.00013   18.4   0.4   1   2      0.21       4.2    3.6   0.0    68   107   109   151    90   158 0.81 -
Pdum_DN92164_c6_g2_i8:5350-6369   -            340 135294at33208        -            600   0.00013   18.4   0.4   2   2   0.00041    0.0081   12.5   0.0   115   148   211   247   206   255 0.86 -
Pdum_DN90379_c7_g1_i4:3713-4639   -            309 135294at33208        -            600   0.00014   18.4   0.0   1   1   8.9e-06   0.00018   18.0   0.0    62   151    96   195    74   257 0.79 -
Pdum_DN84829_c0_g1_i23:3798-4790  -            331 135294at33208        -            600   0.00014   18.3   0.0   1   1   9.1e-06   0.00018   18.0   0.0    63   146   108   201    77   222 0.75 -
Pdum_DN84242_c0_g3_i4:2-523       -            174 135294at33208        -            600   0.00014   18.3   0.1   1   2       7.7   1.5e+02   -1.6   0.0    41    58    60    77    29   102 0.51 -
Pdum_DN84242_c0_g3_i4:2-523       -            174 135294at33208        -            600   0.00014   18.3   0.1   2   2   1.7e-05   0.00034   17.1   0.0    65   108   110   156   107   169 0.82 -
Pdum_DN92050_c2_g1_i1:4656-5627   -            324 135294at33208        -            600   0.00015   18.3   0.0   1   1     1e-05    0.0002   17.8   0.0    50   149    92   203    77   226 0.77 -
Pdum_DN89255_c3_g2_i2:4-621       -            206 135294at33208        -            600   0.00015   18.3   0.0   1   1     1e-05    0.0002   17.8   0.0    62   146   101   199    61   203 0.72 -
Pdum_DN92859_c7_g1_i3:4056-5039   -            328 135294at33208        -            600   0.00016   18.2   0.0   1   1   1.3e-05   0.00026   17.4   0.0    57   146   140   241   132   260 0.77 -
Pdum_DN87691_c1_g2_i1:1082-1720   -            213 135294at33208        -            600   0.00016   18.2   0.0   1   1     1e-05    0.0002   17.8   0.0    42   145    77   193    45   198 0.65 -
Pdum_DN84072_c0_g1_i5:1894-2772   -            293 135294at33208        -            600   0.00017   18.1   0.0   1   1   1.3e-05   0.00025   17.5   0.0    63   146   101   196    88   203 0.74 -
Pdum_DN92109_c3_g2_i1:4540-5700   -            387 135294at33208        -            600   0.00018   18.0   0.0   1   1   1.4e-05   0.00027   17.4   0.0    64   150   110   211   101   268 0.75 -
Pdum_DN88646_c1_g1_i3:1861-2886   -            342 135294at33208        -            600   0.00019   17.9   0.0   1   2      0.05         1    5.6   0.0    69   107   110   151    99   159 0.85 -
Pdum_DN88646_c1_g1_i3:1861-2886   -            342 135294at33208        -            600   0.00019   17.9   0.0   2   2    0.0023     0.046   10.0   0.0   116   148   214   249   208   259 0.86 -
Pdum_DN86873_c1_g1_i1:1809-2516   -            236 135294at33208        -            600   0.00019   17.9   0.0   1   1   1.2e-05   0.00024   17.6   0.0    64   151    91   194    71   231 0.76 -
Pdum_DN91207_c3_g2_i5:2517-3341   -            275 135294at33208        -            600   0.00022   17.7   0.0   1   1   1.5e-05   0.00029   17.3   0.0    63   171   119   237   116   260 0.70 -
Pdum_DN90453_c3_g1_i2:6511-7506   -            332 135294at33208        -            600   0.00022   17.7   0.0   1   1   1.3e-05   0.00027   17.4   0.0    63   148   101   199    73   274 0.79 -
Pdum_DN91445_c2_g1_i3:8-799       -            264 135294at33208        -            600   0.00028   17.3   0.0   1   1     2e-05   0.00039   16.9   0.0    57   146   155   257   107   260 0.73 -
Pdum_DN81193_c0_g1_i2:992-1606    -            205 135294at33208        -            600   0.00035   17.0   0.1   1   1   2.8e-05   0.00055   16.4   0.1    54   147    88   195    56   199 0.69 -
Pdum_DN87634_c0_g1_i5:1427-2080   -            218 135294at33208        -            600   0.00038   16.9   0.0   1   1     2e-05    0.0004   16.8   0.0    63   149    75   164    29   212 0.75 -
Pdum_DN81747_c0_g1_i3:1680-2582   -            301 135294at33208        -            600   0.00042   16.8   0.0   1   1   2.9e-05   0.00058   16.3   0.0    59   112   168   223   148   241 0.81 -
Pdum_DN92014_c2_g1_i1:7413-8096   -            228 135294at33208        -            600   0.00047   16.6   0.0   1   1     3e-05    0.0006   16.2   0.0    68   150    32   131    21   152 0.76 -
Pdum_DN80348_c0_g1_i1:2390-3214   -            275 135294at33208        -            600   0.00053   16.4   0.0   1   1   3.9e-05   0.00078   15.9   0.0    64   148   111   210    99   214 0.75 -
Pdum_DN91257_c3_g1_i4:2366-3058   -            231 135294at33208        -            600   0.00063   16.2   0.0   1   1   4.4e-05   0.00087   15.7   0.0    52   146    82   191    51   197 0.73 -
Pdum_DN68112_c0_g1_i7:1152-2048   -            299 135294at33208        -            600    0.0007   16.0   0.0   1   1   5.4e-05    0.0011   15.4   0.0    65   148    95   190    84   201 0.77 -
Pdum_DN69043_c1_g2_i1:110-592     -            161 135294at33208        -            600   0.00074   16.0   0.0   1   1   4.3e-05   0.00084   15.8   0.0    75   149     1    92     1   110 0.75 -
Pdum_DN77346_c1_g1_i1:4034-4762   -            243 135294at33208        -            600   0.00077   15.9   0.0   1   1   7.5e-05    0.0015   14.9   0.0    65   147    91   189    29   194 0.75 -
Pdum_DN90579_c0_g1_i1:769-1530    -            254 135294at33208        -            600   0.00085   15.7   0.0   1   1     6e-05    0.0012   15.3   0.0    65   147    93   190    87   205 0.69 -
Pdum_DN87362_c3_g1_i1:2021-2518   -            166 135294at33208        -            600   0.00086   15.7   0.0   1   1   5.8e-05    0.0012   15.3   0.0    64   144    73   165    64   166 0.71 -
Pdum_DN70957_c4_g4_i2:588-1451    -            288 135294at33208        -            600    0.0011   15.4   0.0   1   1   7.3e-05    0.0014   15.0   0.0    60   147    99   199    81   204 0.77 -
Pdum_DN91538_c3_g1_i5:153-749     -            199 135294at33208        -            600    0.0012   15.3   0.0   1   1   6.7e-05    0.0013   15.1   0.0    58   146    94   196    46   198 0.75 -
Pdum_DN68157_c0_g1_i1:1334-2356   -            341 135294at33208        -            600    0.0012   15.3   0.0   1   1   0.00015    0.0029   14.0   0.0    64   149   146   246   130   254 0.76 -
Pdum_DN88775_c1_g1_i3:2479-3237   -            253 135294at33208        -            600    0.0013   15.1   0.0   1   1   9.7e-05    0.0019   14.6   0.0   455   477   229   251   207   252 0.88 -
Pdum_DN91940_c9_g2_i2:1412-2299   -            296 135294at33208        -            600    0.0013   15.1   0.0   1   1    0.0001     0.002   14.5   0.0    67   147   127   220   109   246 0.72 -
Pdum_DN86401_c2_g1_i5:2075-2953   -            293 135294at33208        -            600    0.0015   15.0   0.0   1   1    0.0001     0.002   14.5   0.0    65   148   128   224    91   246 0.69 -
Pdum_DN91433_c3_g1_i10:2050-3153  -            368 135294at33208        -            600    0.0019   14.6   0.0   1   1   0.00064     0.013   11.9   0.0    97   151   211   270   138   289 0.79 -
Pdum_DN75804_c1_g1_i2:3274-4113   -            280 135294at33208        -            600     0.002   14.5   0.0   1   1   0.00022    0.0044   13.4   0.0   115   149   177   214   166   238 0.78 -
Pdum_DN91868_c1_g1_i1:3787-4569   -            261 135294at33208        -            600     0.002   14.5   0.0   1   1   0.00018    0.0036   13.7   0.0    44   149    85   201    61   218 0.70 -
Pdum_DN85395_c0_g2_i2:1206-1961   -            252 135294at33208        -            600    0.0027   14.1   0.0   1   1    0.0002    0.0041   13.5   0.0    66   148    56   158    40   182 0.68 -
Pdum_DN83961_c0_g1_i5:2749-3594   -            282 135294at33208        -            600    0.0031   13.9   0.0   1   1   0.00034    0.0068   12.8   0.0    54   148    96   217    65   234 0.72 -
Pdum_DN90881_c2_g1_i5:644-1444    -            267 135294at33208        -            600    0.0033   13.8   0.0   1   1   0.00032    0.0065   12.8   0.0    66   147   105   202    84   213 0.76 -
Pdum_DN76794_c0_g1_i4:5-610       -            202 135294at33208        -            600    0.0035   13.7   0.0   1   1   0.00023    0.0046   13.3   0.0    62   145    96   198    67   201 0.71 -
Pdum_DN72382_c3_g5_i3:1427-2161   -            245 135294at33208        -            600    0.0048   13.3   0.0   1   1   0.00033    0.0065   12.8   0.0    64   148    93   189    84   194 0.74 -
Pdum_DN56300_c0_g1_i2:31-249      -             73 135294at33208        -            600    0.0048   13.3   0.0   1   1   0.00028    0.0055   13.1   0.0    63   106    11    57     4    62 0.82 -
Pdum_DN54660_c0_g1_i1:112-411     -            100 135294at33208        -            600    0.0057   13.0   0.0   1   1   0.00032    0.0064   12.9   0.0    57   106    44    96    21    98 0.79 -
Pdum_DN91661_c2_g3_i1:1853-2323   -            157 135294at33208        -            600    0.0071   12.7   0.1   1   1   0.00059     0.012   12.0   0.1    66   165     4   118     2   145 0.63 -
Pdum_DN82849_c0_g1_i2:2563-3069   -            169 135294at33208        -            600    0.0094   12.3   0.0   1   1   0.00056     0.011   12.1   0.0    71   148     2    92     1   116 0.69 -
Pdum_DN91811_c1_g1_i1:1727-2170   -            148 135294at33208        -            600      0.01   12.2   0.0   1   1    0.0011     0.023   11.0   0.0    66   108    96   141    92   145 0.80 -
Pdum_DN87617_c1_g2_i13:2125-2658  -            178 135294at33208        -            600     0.011   12.1   0.0   1   1   0.00063     0.012   11.9   0.0   116   160    22    70    10    99 0.80 -
Pdum_DN78701_c0_g2_i1:2238-3035   -            266 135294at33208        -            600     0.011   12.0   0.0   1   2    0.0036     0.072    9.4   0.0    55   101    89   136    79   142 0.84 -
Pdum_DN78701_c0_g2_i1:2238-3035   -            266 135294at33208        -            600     0.011   12.0   0.0   2   2       2.2        44    0.2   0.0   105   145   164   211   151   217 0.74 -
Pdum_DN87590_c1_g1_i8:311-1024    -            238 135294at33208        -            600     0.012   11.9   0.1   1   2    0.0068      0.13    8.5   0.0    68    98   114   145    87   154 0.85 -
Pdum_DN87590_c1_g1_i8:311-1024    -            238 135294at33208        -            600     0.012   11.9   0.1   2   2       1.2        23    1.1   0.0   115   144   190   228   175   235 0.62 -
Pdum_DN78114_c2_g7_i2:343-1266    -            308 135294at33208        -            600     0.015   11.7   0.0   1   2     0.039      0.78    6.0   0.0    59   132   115   196   106   200 0.80 -
Pdum_DN78114_c2_g7_i2:343-1266    -            308 135294at33208        -            600     0.015   11.7   0.0   2   2       0.2       3.9    3.7   0.0   120   147   209   236   204   259 0.80 -
#
# Program:         hmmsearch
# Version:         3.1b2 (February 2015)
# Pipeline mode:   SEARCH
# Query file:      /mnt/f/phylo/WORMS/busco_analysis/busco_downloads/lineages/metazoa_odb10/hmms/135294at33208.hmm
# Target file:     /mnt/f/phylo/WORMS/busco_analysis/metazoa_lineage_result/run_metazoa_odb10/metaeuk_output/initial_results/Platynereis_ref.eggnog_filter.nucl.fasta.modified.fas
# Option settings: hmmsearch --domtblout /mnt/f/phylo/WORMS/busco_analysis/metazoa_lineage_result/run_metazoa_odb10/hmmer_output/initial_run_results/135294at33208.out --cpu 1 /mnt/f/phylo/WORMS/busco_analysis/busco_downloads/lineages/metazoa_odb10/hmms/135294at33208.hmm /mnt/f/phylo/WORMS/busco_analysis/metazoa_lineage_result/run_metazoa_odb10/metaeuk_output/initial_results/Platynereis_ref.eggnog_filter.nucl.fasta.modified.fas 
# Current dir:     /mnt/f/phylo/WORMS/busco_analysis
# Date:            Sun Mar 12 20:41:34 2023
# [ok]
