#                                                                                       --- full sequence --- -------------- this domain -------------   hmm coord   ali coord   env coord
# target name                   accession   tlen query name           accession   qlen   E-value  score  bias   #  of  c-Evalue  i-Evalue  score  bias  from    to  from    to  from    to  acc description of target
#           ------------------- ---------- ----- -------------------- ---------- ----- --------- ------ ----- --- --- --------- --------- ------ ----- ----- ----- ----- ----- ----- ----- ---- ---------------------
Pdum_DN80587_c0_g2_i1:5-601     -            199 157109at33208        -            227   1.2e-59  199.7  32.7   1   2   8.6e-19   4.5e-17   60.5   6.9     2    56     7    62     6    75 0.89 -
Pdum_DN80587_c0_g2_i1:5-601     -            199 157109at33208        -            227   1.2e-59  199.7  32.7   2   2   2.4e-44   1.3e-42  144.0  19.0    63   156   103   198    68   199 0.86 -
Pdum_DN85561_c4_g4_i2:2-739     -            246 157109at33208        -            227   8.6e-10   36.6  26.0   1   5   2.3e-05    0.0012   16.5   1.3   125   177     1    58     1    59 0.76 -
Pdum_DN85561_c4_g4_i2:2-739     -            246 157109at33208        -            227   8.6e-10   36.6  26.0   2   5     0.034       1.8    6.1   4.7   114   154    45    92    37   108 0.77 -
Pdum_DN85561_c4_g4_i2:2-739     -            246 157109at33208        -            227   8.6e-10   36.6  26.0   3   5      0.48        25    2.4   0.1   123   153    84   120    80   125 0.79 -
Pdum_DN85561_c4_g4_i2:2-739     -            246 157109at33208        -            227   8.6e-10   36.6  26.0   4   5   7.3e-06   0.00038   18.2   5.8   117   198   133   219   125   224 0.82 -
Pdum_DN85561_c4_g4_i2:2-739     -            246 157109at33208        -            227   8.6e-10   36.6  26.0   5   5     0.057       2.9    5.4   0.1   121   143   223   245   218   246 0.87 -
Pdum_DN72855_c0_g2_i8:429-1499  -            357 157109at33208        -            227   9.9e-10   36.4  60.5   1   4   0.00038      0.02   12.5   2.6   118   178     4    68     1    76 0.84 -
Pdum_DN72855_c0_g2_i8:429-1499  -            357 157109at33208        -            227   9.9e-10   36.4  60.5   2   4   4.4e-05    0.0023   15.6  22.0    50   153    86   183    74   184 0.72 -
Pdum_DN72855_c0_g2_i8:429-1499  -            357 157109at33208        -            227   9.9e-10   36.4  60.5   3   4   1.5e-06   7.9e-05   20.4   6.8   124   202   178   258   174   263 0.82 -
Pdum_DN72855_c0_g2_i8:429-1499  -            357 157109at33208        -            227   9.9e-10   36.4  60.5   4   4      0.42        22    2.6  10.8   124   205   265   345   258   354 0.65 -
Pdum_DN83320_c3_g2_i3:2-655     -            218 157109at33208        -            227     4e-08   31.2  10.5   1   3    0.0032      0.17    9.5   0.1   124   145    16    37     2    54 0.72 -
Pdum_DN83320_c3_g2_i3:2-655     -            218 157109at33208        -            227     4e-08   31.2  10.5   2   3   0.00025     0.013   13.1   2.7   125   202    45   122    42   149 0.71 -
Pdum_DN83320_c3_g2_i3:2-655     -            218 157109at33208        -            227     4e-08   31.2  10.5   3   3   8.8e-05    0.0046   14.6   3.0    65   178   108   212   107   216 0.77 -
Pdum_DN88785_c2_g1_i3:1061-1816 -            252 157109at33208        -            227   1.3e-07   29.4  38.4   1   5      0.12       6.2    4.4   0.5   125   145     2    22     1    25 0.93 -
Pdum_DN88785_c2_g1_i3:1061-1816 -            252 157109at33208        -            227   1.3e-07   29.4  38.4   2   5   0.00055     0.029   12.0   2.0   124   154    29    63    22    69 0.80 -
Pdum_DN88785_c2_g1_i3:1061-1816 -            252 157109at33208        -            227   1.3e-07   29.4  38.4   3   5     0.028       1.5    6.4   5.1   124   170    86   132    63   137 0.63 -
Pdum_DN88785_c2_g1_i3:1061-1816 -            252 157109at33208        -            227   1.3e-07   29.4  38.4   4   5   0.00037     0.019   12.6   8.6   100   177   121   200   117   200 0.84 -
Pdum_DN88785_c2_g1_i3:1061-1816 -            252 157109at33208        -            227   1.3e-07   29.4  38.4   5   5   0.00021     0.011   13.4   2.1   123   161   198   240   186   251 0.75 -
Pdum_DN74060_c1_g1_i4:333-992   -            220 157109at33208        -            227   4.1e-07   27.9  31.0   1   3     5e-05    0.0026   15.4  12.5   123   200    27   103     1   113 0.72 -
Pdum_DN74060_c1_g1_i4:333-992   -            220 157109at33208        -            227   4.1e-07   27.9  31.0   2   3      0.84        44    1.6   0.0   180   201   114   135   108   140 0.72 -
Pdum_DN74060_c1_g1_i4:333-992   -            220 157109at33208        -            227   4.1e-07   27.9  31.0   3   3   4.3e-05    0.0023   15.6  10.5   118   181   138   204   115   220 0.71 -
Pdum_DN91006_c1_g1_i2:1040-1456 -            139 157109at33208        -            227   4.2e-07   27.8  11.4   1   2   0.00028     0.015   13.0   2.6   124   179     2    61     1    80 0.77 -
Pdum_DN91006_c1_g1_i2:1040-1456 -            139 157109at33208        -            227   4.2e-07   27.8  11.4   2   2   5.1e-05    0.0027   15.4   4.8    98   171    63   133    56   136 0.65 -
Pdum_DN81082_c4_g1_i7:44-706    -            221 157109at33208        -            227   7.8e-07   26.9  23.0   1   4     3e-06   0.00016   19.4   2.2   124   178     4    62     2    70 0.90 -
Pdum_DN81082_c4_g1_i7:44-706    -            221 157109at33208        -            227   7.8e-07   26.9  23.0   2   4    0.0069      0.36    8.4   0.3   124   152    60    92    57    94 0.79 -
Pdum_DN81082_c4_g1_i7:44-706    -            221 157109at33208        -            227   7.8e-07   26.9  23.0   3   4         1        54    1.3   4.9   118   160   138   184   126   199 0.60 -
Pdum_DN81082_c4_g1_i7:44-706    -            221 157109at33208        -            227   7.8e-07   26.9  23.0   4   4     0.096         5    4.7   0.1   113   142   187   218   179   221 0.78 -
Pdum_DN69037_c1_g1_i9:125-664   -            180 157109at33208        -            227   1.9e-06   25.7  22.7   1   3   1.4e-06   7.1e-05   20.5   9.3   119   199    15    99     3   103 0.83 -
Pdum_DN69037_c1_g1_i9:125-664   -            180 157109at33208        -            227   1.9e-06   25.7  22.7   2   3    0.0004     0.021   12.5   4.2   118   156    97   141    87   164 0.69 -
Pdum_DN69037_c1_g1_i9:125-664   -            180 157109at33208        -            227   1.9e-06   25.7  22.7   3   3       2.7   1.4e+02   -0.1   0.1   122   135   158   172   140   180 0.60 -
Pdum_DN69389_c3_g1_i6:99-476    -            126 157109at33208        -            227   2.3e-06   25.4  13.2   1   3         2     1e+02    0.4   0.0   124   144     4    24     2    27 0.84 -
Pdum_DN69389_c3_g1_i6:99-476    -            126 157109at33208        -            227   2.3e-06   25.4  13.2   2   3   5.8e-05     0.003   15.2   1.4   117   155    23    67    10    76 0.74 -
Pdum_DN69389_c3_g1_i6:99-476    -            126 157109at33208        -            227   2.3e-06   25.4  13.2   3   3   0.00015    0.0076   13.9   3.6   105   154    72   122    67   125 0.71 -
Pdum_DN73818_c0_g1_i2:37-798    -            254 157109at33208        -            227   4.8e-06   24.4  29.0   1   4   0.00022     0.011   13.3   2.0   125   209     1    85     1    88 0.83 -
Pdum_DN73818_c0_g1_i2:37-798    -            254 157109at33208        -            227   4.8e-06   24.4  29.0   2   4    0.0023      0.12   10.0  12.8    66   179    36   147    35   166 0.76 -
Pdum_DN73818_c0_g1_i2:37-798    -            254 157109at33208        -            227   4.8e-06   24.4  29.0   3   4      0.03       1.6    6.3  12.2   114   205   132   224   122   229 0.76 -
Pdum_DN73818_c0_g1_i2:37-798    -            254 157109at33208        -            227   4.8e-06   24.4  29.0   4   4     0.023       1.2    6.7   0.3   106   144   213   249   209   251 0.70 -
Pdum_DN85566_c4_g2_i4:69-872    -            268 157109at33208        -            227   1.2e-05   23.1   7.0   1   3      0.02       1.1    6.9   4.1   120   179    11    75     2    90 0.75 -
Pdum_DN85566_c4_g2_i4:69-872    -            268 157109at33208        -            227   1.2e-05   23.1   7.0   2   3   2.3e-07   1.2e-05   23.1   7.0   117   208    91   183    83   195 0.72 -
Pdum_DN85566_c4_g2_i4:69-872    -            268 157109at33208        -            227   1.2e-05   23.1   7.0   3   3      0.22        11    3.5   2.0   103   143   226   266   195   268 0.62 -
Pdum_DN82701_c1_g1_i10:149-1261 -            371 157109at33208        -            227   1.5e-05   22.8  40.6   1   5   0.00029     0.015   12.9   2.3   124   179     5    64     1    86 0.75 -
Pdum_DN82701_c1_g1_i10:149-1261 -            371 157109at33208        -            227   1.5e-05   22.8  40.6   2   5   0.00032     0.017   12.8   0.8   121   171   120   170   106   178 0.69 -
Pdum_DN82701_c1_g1_i10:149-1261 -            371 157109at33208        -            227   1.5e-05   22.8  40.6   3   5      0.62        32    2.0  21.4    67   203   160   290   157   303 0.76 -
Pdum_DN82701_c1_g1_i10:149-1261 -            371 157109at33208        -            227   1.5e-05   22.8  40.6   4   5       5.3   2.8e+02   -1.0   6.6   117   163   259   313   246   320 0.59 -
Pdum_DN82701_c1_g1_i10:149-1261 -            371 157109at33208        -            227   1.5e-05   22.8  40.6   5   5     0.078       4.1    5.0   0.2   123   161   322   366   311   371 0.71 -
Pdum_DN78526_c2_g2_i3:13-495    -            161 157109at33208        -            227   1.8e-05   22.5  13.9   1   3   0.00061     0.032   11.9   1.4   124   171     2    49     1    55 0.75 -
Pdum_DN78526_c2_g2_i3:13-495    -            161 157109at33208        -            227   1.8e-05   22.5  13.9   2   3   7.4e-05    0.0039   14.9   3.8   117   178    49   116    37   120 0.79 -
Pdum_DN78526_c2_g2_i3:13-495    -            161 157109at33208        -            227   1.8e-05   22.5  13.9   3   3     0.077         4    5.0   0.4   122   155   111   149    97   161 0.73 -
Pdum_DN88649_c1_g1_i5:283-1092  -            270 157109at33208        -            227   2.1e-05   22.3  33.3   1   4     0.014      0.72    7.4   8.1   112   204    20   112     6   126 0.84 -
Pdum_DN88649_c1_g1_i5:283-1092  -            270 157109at33208        -            227   2.1e-05   22.3  33.3   2   4      0.74        39    1.8   0.0   147   172   143   168   140   172 0.88 -
Pdum_DN88649_c1_g1_i5:283-1092  -            270 157109at33208        -            227   2.1e-05   22.3  33.3   3   4    0.0035      0.18    9.4   1.3   124   152   171   199   168   199 0.93 -
Pdum_DN88649_c1_g1_i5:283-1092  -            270 157109at33208        -            227   2.1e-05   22.3  33.3   4   4   2.5e-05    0.0013   16.4  10.1   124   199   195   269   189   270 0.87 -
Pdum_DN72368_c0_g1_i4:143-637   -            165 157109at33208        -            227     4e-05   21.4  14.1   1   3      0.25        13    3.3   0.0   124   143     7    26     3    30 0.87 -
Pdum_DN72368_c0_g1_i4:143-637   -            165 157109at33208        -            227     4e-05   21.4  14.1   2   3   6.6e-05    0.0034   15.0   3.5   124   199    35   109    25   117 0.70 -
Pdum_DN72368_c0_g1_i4:143-637   -            165 157109at33208        -            227     4e-05   21.4  14.1   3   3      0.02         1    6.9   3.4   124   155   119   154   107   165 0.69 -
Pdum_DN79475_c2_g1_i3:0-704     -            235 157109at33208        -            227     5e-05   21.0  32.2   1   3      0.02         1    6.9   6.9   124   203    15    93     1    96 0.81 -
Pdum_DN79475_c2_g1_i3:0-704     -            235 157109at33208        -            227     5e-05   21.0  32.2   2   3   0.00012    0.0062   14.2  16.5    70   161    83   171    72   183 0.67 -
Pdum_DN79475_c2_g1_i3:0-704     -            235 157109at33208        -            227     5e-05   21.0  32.2   3   3    0.0024      0.12    9.9   5.0   124   188   161   228   154   235 0.77 -
Pdum_DN70651_c0_g1_i1:111-914   -            268 157109at33208        -            227   6.7e-05   20.6  29.3   1   5      0.67        35    1.9   5.3   140   203     2    65     1    71 0.78 -
Pdum_DN70651_c0_g1_i1:111-914   -            268 157109at33208        -            227   6.7e-05   20.6  29.3   2   5     0.065       3.4    5.2   2.4   117   155    63   107    59   121 0.66 -
Pdum_DN70651_c0_g1_i1:111-914   -            268 157109at33208        -            227   6.7e-05   20.6  29.3   3   5     0.099       5.2    4.6   1.4   123   154    98   134    91   147 0.65 -
Pdum_DN70651_c0_g1_i1:111-914   -            268 157109at33208        -            227   6.7e-05   20.6  29.3   4   5   4.1e-05    0.0022   15.7   4.1   123   200   155   231   140   237 0.64 -
Pdum_DN70651_c0_g1_i1:111-914   -            268 157109at33208        -            227   6.7e-05   20.6  29.3   5   5     0.012      0.62    7.6   0.8   103   144   222   260   214   262 0.69 -
Pdum_DN84755_c0_g1_i2:258-635   -            126 157109at33208        -            227   8.8e-05   20.2  10.9   1   3    0.0023      0.12   10.0   2.5   125   177     5    61     1    62 0.83 -
Pdum_DN84755_c0_g1_i2:258-635   -            126 157109at33208        -            227   8.8e-05   20.2  10.9   2   3    0.0045      0.23    9.0   1.0   117   142    53    78    37    83 0.71 -
Pdum_DN84755_c0_g1_i2:258-635   -            126 157109at33208        -            227   8.8e-05   20.2  10.9   3   3     0.005      0.26    8.9   0.3   123   154    86   122    80   125 0.75 -
Pdum_DN84890_c0_g1_i1:3383-4135 -            251 157109at33208        -            227   0.00021   19.0  36.8   1   4     0.009      0.47    8.0   6.0   124   198     4    78     1    85 0.67 -
Pdum_DN84890_c0_g1_i1:3383-4135 -            251 157109at33208        -            227   0.00021   19.0  36.8   2   4    0.0031      0.16    9.5   8.7   124   182    89   149    72   156 0.81 -
Pdum_DN84890_c0_g1_i1:3383-4135 -            251 157109at33208        -            227   0.00021   19.0  36.8   3   4   0.00042     0.022   12.4   6.8    97   169   149   218   144   226 0.76 -
Pdum_DN84890_c0_g1_i1:3383-4135 -            251 157109at33208        -            227   0.00021   19.0  36.8   4   4       1.1        55    1.3   0.2   100   143   212   250   208   251 0.68 -
Pdum_DN77822_c0_g1_i8:1871-2647 -            259 157109at33208        -            227   0.00025   18.8  20.6   1   4      0.46        24    2.5  19.6   103   179    10    87     1    93 0.80 -
Pdum_DN77822_c0_g1_i8:1871-2647 -            259 157109at33208        -            227   0.00025   18.8  20.6   2   4   4.3e-05    0.0023   15.6   8.4    98   177    89   171    87   172 0.81 -
Pdum_DN77822_c0_g1_i8:1871-2647 -            259 157109at33208        -            227   0.00025   18.8  20.6   3   4   2.8e-05    0.0015   16.2   4.3   120   179   138   201   134   226 0.83 -
Pdum_DN77822_c0_g1_i8:1871-2647 -            259 157109at33208        -            227   0.00025   18.8  20.6   4   4       8.4   4.4e+02   -1.7   0.1   123   143   227   247   204   250 0.58 -
Pdum_DN84146_c0_g3_i2:44-469    -            142 157109at33208        -            227   0.00078   17.1  19.0   1   3     0.035       1.8    6.1   0.5   124   146     4    25     1    34 0.88 -
Pdum_DN84146_c0_g3_i2:44-469    -            142 157109at33208        -            227   0.00078   17.1  19.0   2   3    0.0045      0.23    9.0   4.1   122   156    47    86    28   103 0.74 -
Pdum_DN84146_c0_g3_i2:44-469    -            142 157109at33208        -            227   0.00078   17.1  19.0   3   3   0.00077      0.04   11.5   2.2   120   154   103   140    88   142 0.75 -
Pdum_DN67887_c0_g1_i1:435-1184  -            250 157109at33208        -            227   0.00094   16.9  40.3   1   3      0.15         8    4.0   5.6   123   179     5    63     1    89 0.52 -
Pdum_DN67887_c0_g1_i1:435-1184  -            250 157109at33208        -            227   0.00094   16.9  40.3   2   3    0.0075      0.39    8.3  27.4    66   205    44   199    40   202 0.59 -
Pdum_DN67887_c0_g1_i1:435-1184  -            250 157109at33208        -            227   0.00094   16.9  40.3   3   3    0.0011     0.055   11.1   7.1    98   156   181   240   180   250 0.76 -
Pdum_DN68269_c1_g1_i10:0-707    -            236 157109at33208        -            227     0.001   16.8  35.3   1   5    0.0049      0.26    8.9   1.0   125   172     1    52     1    57 0.71 -
Pdum_DN68269_c1_g1_i10:0-707    -            236 157109at33208        -            227     0.001   16.8  35.3   2   5    0.0022      0.12   10.0   2.7   122   158    53    90    37   100 0.75 -
Pdum_DN68269_c1_g1_i10:0-707    -            236 157109at33208        -            227     0.001   16.8  35.3   3   5     0.011      0.57    7.8  10.6   118   171   105   161    89   180 0.73 -
Pdum_DN68269_c1_g1_i10:0-707    -            236 157109at33208        -            227     0.001   16.8  35.3   4   5      0.87        45    1.6   5.2   119   145   180   206   165   227 0.71 -
Pdum_DN68269_c1_g1_i10:0-707    -            236 157109at33208        -            227     0.001   16.8  35.3   5   5       1.3        70    0.9   0.1   123   142   217   236   203   236 0.69 -
Pdum_DN81863_c0_g1_i1:753-1832  -            360 157109at33208        -            227    0.0011   16.7  55.3   1   6     0.005      0.26    8.9   2.1   125   163     6    48     1    60 0.70 -
Pdum_DN81863_c0_g1_i1:753-1832  -            360 157109at33208        -            227    0.0011   16.7  55.3   2   6   0.00088     0.046   11.3   8.4   117   202    52   139    39   143 0.78 -
Pdum_DN81863_c0_g1_i1:753-1832  -            360 157109at33208        -            227    0.0011   16.7  55.3   3   6         4   2.1e+02   -0.6  14.1    70   211   101   231    97   242 0.71 -
Pdum_DN81863_c0_g1_i1:753-1832  -            360 157109at33208        -            227    0.0011   16.7  55.3   4   6      0.03       1.6    6.3  10.4   105   179   233   316   219   319 0.62 -
Pdum_DN81863_c0_g1_i1:753-1832  -            360 157109at33208        -            227    0.0011   16.7  55.3   5   6     0.043       2.2    5.8   0.8   124   145   313   334   307   335 0.87 -
Pdum_DN81863_c0_g1_i1:753-1832  -            360 157109at33208        -            227    0.0011   16.7  55.3   6   6     0.013      0.67    7.5   2.1    99   141   323   360   318   360 0.71 -
Pdum_DN73642_c0_g1_i7:2278-2541 -             88 157109at33208        -            227    0.0012   16.6  13.6   1   1     6e-05    0.0031   15.2  13.6    64   152     6    88     1    88 0.81 -
Pdum_DN76078_c1_g1_i5:2-388     -            129 157109at33208        -            227    0.0012   16.5  12.8   1   2   0.00024     0.013   13.2   1.6   124   174     1    55     1    56 0.88 -
Pdum_DN76078_c1_g1_i5:2-388     -            129 157109at33208        -            227    0.0012   16.5  12.8   2   2    0.0066      0.35    8.5   7.5    66   144    37   120    36   123 0.69 -
Pdum_DN89738_c4_g2_i5:219-590   -            124 157109at33208        -            227    0.0013   16.4   8.9   1   1   3.9e-05     0.002   15.8   8.6   116   202    23   109     7   116 0.74 -
Pdum_DN88633_c6_g1_i1:2-346     -            115 157109at33208        -            227    0.0014   16.3   4.8   1   2   0.00074     0.038   11.6   2.3   101   177    12    89     6    90 0.74 -
Pdum_DN88633_c6_g1_i1:2-346     -            115 157109at33208        -            227    0.0014   16.3   4.8   2   2    0.0059      0.31    8.6   0.4   118   145    80   109    71   111 0.76 -
Pdum_DN85573_c2_g1_i12:508-1356 -            283 157109at33208        -            227    0.0015   16.2  33.5   1   4         1        52    1.4   7.7    68   142    16    80     2    87 0.60 -
Pdum_DN85573_c2_g1_i12:508-1356 -            283 157109at33208        -            227    0.0015   16.2  33.5   2   4    0.0051      0.26    8.9   2.5   124   169   109   159    87   170 0.73 -
Pdum_DN85573_c2_g1_i12:508-1356 -            283 157109at33208        -            227    0.0015   16.2  33.5   3   4       1.5        78    0.8   4.8   124   165   138   183   132   203 0.64 -
Pdum_DN85573_c2_g1_i12:508-1356 -            283 157109at33208        -            227    0.0015   16.2  33.5   4   4   0.00014    0.0072   14.0   8.2    77   159   187   263   172   277 0.67 -
Pdum_DN83838_c0_g1_i2:2-319     -            106 157109at33208        -            227    0.0015   16.2   9.0   1   1   0.00011    0.0055   14.4   8.9   115   157    38    86     5   106 0.73 -
Pdum_DN73409_c0_g1_i1:491-1045  -            185 157109at33208        -            227    0.0016   16.1  33.2   1   3   0.00016    0.0083   13.8   5.5   124   170     2    55     1    60 0.80 -
Pdum_DN73409_c0_g1_i1:491-1045  -            185 157109at33208        -            227    0.0016   16.1  33.2   2   3      0.21        11    3.6  11.3   124   174    60   110    46   119 0.70 -
Pdum_DN73409_c0_g1_i1:491-1045  -            185 157109at33208        -            227    0.0016   16.1  33.2   3   3     0.022       1.2    6.8   1.2   119   146   155   182   149   184 0.91 -
Pdum_DN86824_c0_g1_i1:951-1646  -            232 157109at33208        -            227    0.0016   16.1  10.8   1   3     3e-05    0.0016   16.1  10.8   117   205     3    92     1    94 0.89 -
Pdum_DN86824_c0_g1_i1:951-1646  -            232 157109at33208        -            227    0.0016   16.1  10.8   2   3      0.38        20    2.7  14.6    65   165    75   172    58   181 0.68 -
Pdum_DN86824_c0_g1_i1:951-1646  -            232 157109at33208        -            227    0.0016   16.1  10.8   3   3      0.24        13    3.4   4.2   105   152   168   219   154   226 0.68 -
Pdum_DN86174_c0_g1_i7:988-1344  -            119 157109at33208        -            227    0.0018   16.0  13.8   1   1   0.00013    0.0067   14.1  13.8    65   179     9   114     3   118 0.80 -
Pdum_DN77293_c4_g1_i2:24-512    -            163 157109at33208        -            227    0.0019   15.8   6.9   1   2     0.016      0.85    7.2   0.5   124   156     4    40     1    61 0.74 -
Pdum_DN77293_c4_g1_i2:24-512    -            163 157109at33208        -            227    0.0019   15.8   6.9   2   2   0.00076      0.04   11.6   1.0   124   178    98   156    78   162 0.69 -
Pdum_DN90819_c1_g1_i4:2929-3744 -            272 157109at33208        -            227     0.002   15.8  50.7   1   4    0.0007     0.036   11.7   3.1   149   201     2    50     1    58 0.86 -
Pdum_DN90819_c1_g1_i4:2929-3744 -            272 157109at33208        -            227     0.002   15.8  50.7   2   4   0.00084     0.044   11.4   7.6   124   206    58   140    54   151 0.83 -
Pdum_DN90819_c1_g1_i4:2929-3744 -            272 157109at33208        -            227     0.002   15.8  50.7   3   4      0.16       8.3    4.0  17.5    66   167    95   207    82   213 0.66 -
Pdum_DN90819_c1_g1_i4:2929-3744 -            272 157109at33208        -            227     0.002   15.8  50.7   4   4      0.71        37    1.8  24.1    63   174   165   268   153   272 0.69 -
Pdum_DN77907_c0_g2_i5:19-429    -            137 157109at33208        -            227    0.0026   15.5   8.2   1   3     0.017       0.9    7.1   1.0   125   156    18    53     2    67 0.62 -
Pdum_DN77907_c0_g2_i5:19-429    -            137 157109at33208        -            227    0.0026   15.5   8.2   2   3     0.016      0.84    7.2   1.8   123   158    43    83    30    95 0.57 -
Pdum_DN77907_c0_g2_i5:19-429    -            137 157109at33208        -            227    0.0026   15.5   8.2   3   3    0.0025      0.13    9.9   2.3   123   178    71   131    61   137 0.75 -
Pdum_DN91216_c8_g1_i3:1384-2127 -            248 157109at33208        -            227    0.0031   15.2  41.2   1   4      0.01      0.52    7.9   3.5   125   160     1    40     1    50 0.74 -
Pdum_DN91216_c8_g1_i3:1384-2127 -            248 157109at33208        -            227    0.0031   15.2  41.2   2   4      0.15         8    4.0   4.2   114   153    44    91    36   109 0.71 -
Pdum_DN91216_c8_g1_i3:1384-2127 -            248 157109at33208        -            227    0.0031   15.2  41.2   3   4     0.022       1.2    6.7  18.0   121   201   112   190    97   216 0.72 -
Pdum_DN91216_c8_g1_i3:1384-2127 -            248 157109at33208        -            227    0.0031   15.2  41.2   4   4     0.051       2.6    5.6   1.4   123   144   224   246   201   248 0.79 -
Pdum_DN81559_c0_g1_i7:299-1357  -            353 157109at33208        -            227    0.0031   15.2  60.9   1   5      0.12       6.2    4.4   7.7   125   178     2    59     1    64 0.82 -
Pdum_DN81559_c0_g1_i7:299-1357  -            353 157109at33208        -            227    0.0031   15.2  60.9   2   5      0.03       1.6    6.3  15.5    69   174    68   162    63   165 0.73 -
Pdum_DN81559_c0_g1_i7:299-1357  -            353 157109at33208        -            227    0.0031   15.2  60.9   3   5   0.00028     0.015   13.0   6.9   122   170   162   213   157   229 0.77 -
Pdum_DN81559_c0_g1_i7:299-1357  -            353 157109at33208        -            227    0.0031   15.2  60.9   4   5    0.0051      0.26    8.9   3.1   124   201   245   321   232   327 0.71 -
Pdum_DN81559_c0_g1_i7:299-1357  -            353 157109at33208        -            227    0.0031   15.2  60.9   5   5      0.21        11    3.5   0.4   124   146   329   351   321   353 0.85 -
Pdum_DN72994_c0_g1_i1:774-1160  -            129 157109at33208        -            227    0.0035   15.0   5.8   1   2   0.00012    0.0065   14.1   2.5   126   199    13    86     2    93 0.78 -
Pdum_DN72994_c0_g1_i1:774-1160  -            129 157109at33208        -            227    0.0035   15.0   5.8   2   2     0.049       2.6    5.6   0.5   147   206    65   122    57   128 0.67 -
Pdum_DN77318_c0_g1_i1:1259-1621 -            121 157109at33208        -            227    0.0037   14.9   9.7   1   3     0.048       2.5    5.7   1.8   125   169     1    45     1    50 0.64 -
Pdum_DN77318_c0_g1_i1:1259-1621 -            121 157109at33208        -            227    0.0037   14.9   9.7   2   3    0.0016     0.083   10.5   0.7   106   145    41    78    34    91 0.65 -
Pdum_DN77318_c0_g1_i1:1259-1621 -            121 157109at33208        -            227    0.0037   14.9   9.7   3   3     0.094       4.9    4.7   0.2   124   143    85   104    78   119 0.76 -
Pdum_DN84175_c0_g2_i3:24-401    -            126 157109at33208        -            227    0.0039   14.8   6.6   1   1   4.3e-05    0.0022   15.6   4.2   118   202    24   109    10   119 0.72 -
Pdum_DN74476_c0_g1_i5:1895-2977 -            361 157109at33208        -            227    0.0057   14.3   4.7   1   2     0.023       1.2    6.7   0.3   125   144   292   313   268   315 0.83 -
Pdum_DN74476_c0_g1_i5:1895-2977 -            361 157109at33208        -            227    0.0057   14.3   4.7   2   2    0.0039       0.2    9.2   0.5   123   145   320   342   313   344 0.85 -
Pdum_DN69963_c0_g1_i4:206-1072  -            289 157109at33208        -            227     0.006   14.2  31.9   1   4    0.0061      0.32    8.6   0.1   124   146     7    28     1    58 0.83 -
Pdum_DN69963_c0_g1_i4:206-1072  -            289 157109at33208        -            227     0.006   14.2  31.9   2   4      0.27        14    3.2   6.0   124   165    76   120    66   144 0.68 -
Pdum_DN69963_c0_g1_i4:206-1072  -            289 157109at33208        -            227     0.006   14.2  31.9   3   4      0.07       3.7    5.1   4.0    83   146   103   173    96   197 0.61 -
Pdum_DN69963_c0_g1_i4:206-1072  -            289 157109at33208        -            227     0.006   14.2  31.9   4   4     0.037       1.9    6.0  10.0    51   144   201   282   183   284 0.78 -
Pdum_DN79222_c1_g1_i4:1699-2466 -            256 157109at33208        -            227     0.007   14.0  32.1   1   3     0.025       1.3    6.6  10.7   104   209    12   115     9   123 0.65 -
Pdum_DN79222_c1_g1_i4:1699-2466 -            256 157109at33208        -            227     0.007   14.0  32.1   2   3      0.26        13    3.3  10.4    82   146   101   165    97   167 0.55 -
Pdum_DN79222_c1_g1_i4:1699-2466 -            256 157109at33208        -            227     0.007   14.0  32.1   3   3   0.00048     0.025   12.2   3.1   118   205   164   253   162   255 0.81 -
Pdum_DN81780_c2_g2_i4:2-316     -            105 157109at33208        -            227    0.0074   13.9   1.3   1   2     0.014      0.73    7.4   0.2   125   169     3    51     1    59 0.66 -
Pdum_DN81780_c2_g2_i4:2-316     -            105 157109at33208        -            227    0.0074   13.9   1.3   2   2     0.026       1.3    6.6   0.2   122   154    55    92    45   105 0.73 -
Pdum_DN77293_c2_g1_i1:129-497   -            123 157109at33208        -            227    0.0077   13.9  10.8   1   1    0.0009     0.047   11.3  10.8    85   154    58   118     1   123 0.72 -
Pdum_DN85895_c0_g1_i4:768-1817  -            350 157109at33208        -            227    0.0077   13.9  56.3   1   5     0.034       1.8    6.2   0.8   123   143    33    53     7    71 0.64 -
Pdum_DN85895_c0_g1_i4:768-1817  -            350 157109at33208        -            227    0.0077   13.9  56.3   2   5         2   1.1e+02    0.3   2.2   123   153    88   124    74   129 0.66 -
Pdum_DN85895_c0_g1_i4:768-1817  -            350 157109at33208        -            227    0.0077   13.9  56.3   3   5         2     1e+02    0.4  19.9    95   202   121   222    98   225 0.74 -
Pdum_DN85895_c0_g1_i4:768-1817  -            350 157109at33208        -            227    0.0077   13.9  56.3   4   5     0.066       3.5    5.2   0.5   120   145   224   250   220   252 0.87 -
Pdum_DN85895_c0_g1_i4:768-1817  -            350 157109at33208        -            227    0.0077   13.9  56.3   5   5   8.8e-05    0.0046   14.6  16.7   101   205   241   336   230   344 0.77 -
Pdum_DN84822_c0_g1_i6:537-1622  -            362 157109at33208        -            227    0.0083   13.8  43.0   1   5      0.11       5.6    4.5   1.2   125   146    17    38    11    83 0.91 -
Pdum_DN84822_c0_g1_i6:537-1622  -            362 157109at33208        -            227    0.0083   13.8  43.0   2   5       3.9   2.1e+02   -0.6   0.2    66    80    69    83    61    91 0.59 -
Pdum_DN84822_c0_g1_i6:537-1622  -            362 157109at33208        -            227    0.0083   13.8  43.0   3   5       4.2   2.2e+02   -0.7   0.1   124   146   115   137   103   139 0.71 -
Pdum_DN84822_c0_g1_i6:537-1622  -            362 157109at33208        -            227    0.0083   13.8  43.0   4   5     0.071       3.7    5.1  13.5   104   173   137   206   111   219 0.75 -
Pdum_DN84822_c0_g1_i6:537-1622  -            362 157109at33208        -            227    0.0083   13.8  43.0   5   5    0.0069      0.36    8.4  17.3    51   205   208   359   200   362 0.82 -
Pdum_DN77498_c1_g1_i8:107-433   -            109 157109at33208        -            227     0.009   13.7  14.1   1   2    0.0011     0.057   11.0   6.7   125   179     3    61     1    76 0.81 -
Pdum_DN77498_c1_g1_i8:107-433   -            109 157109at33208        -            227     0.009   13.7  14.1   2   2     0.014      0.75    7.4   1.6   124   144    86   108    63   109 0.63 -
Pdum_DN85461_c2_g1_i1:35-406    -            124 157109at33208        -            227     0.009   13.7   9.8   1   2   0.00052     0.027   12.1   4.1   115   177    21    89    11    90 0.79 -
Pdum_DN85461_c2_g1_i1:35-406    -            124 157109at33208        -            227     0.009   13.7   9.8   2   2     0.024       1.2    6.7   0.8   123   154    86   122    75   124 0.73 -
Pdum_DN75245_c0_g1_i4:49-420    -            124 157109at33208        -            227    0.0098   13.5  13.3   1   2     0.011      0.57    7.8   3.1   113   145    17    51     8    78 0.70 -
Pdum_DN75245_c0_g1_i4:49-420    -            124 157109at33208        -            227    0.0098   13.5  13.3   2   2    0.0022      0.11   10.1   2.9   115   152    77   119    64   123 0.75 -
Pdum_DN86961_c3_g2_i3:27-353    -            109 157109at33208        -            227     0.012   13.3   9.7   1   3       0.2        11    3.6   0.5   122   146    14    38     3    50 0.70 -
Pdum_DN86961_c3_g2_i3:27-353    -            109 157109at33208        -            227     0.012   13.3   9.7   2   3      0.12       6.1    4.4   0.9   116   144    35    65    25    67 0.74 -
Pdum_DN86961_c3_g2_i3:27-353    -            109 157109at33208        -            227     0.012   13.3   9.7   3   3   0.00051     0.027   12.1   1.5   122   154    70   107    61   109 0.77 -
Pdum_DN89273_c2_g1_i7:2263-2670 -            136 157109at33208        -            227     0.012   13.3   7.6   1   2    0.0018     0.093   10.3   2.5   124   179     4    63     1    77 0.82 -
Pdum_DN89273_c2_g1_i7:2263-2670 -            136 157109at33208        -            227     0.012   13.3   7.6   2   2     0.061       3.2    5.3   0.4   124   154    88   122    69   136 0.56 -
Pdum_DN85307_c1_g1_i23:77-901   -            275 157109at33208        -            227     0.013   13.2  44.0   1   5      0.01      0.54    7.8   5.8   116   153    10    52     4    53 0.84 -
Pdum_DN85307_c1_g1_i23:77-901   -            275 157109at33208        -            227     0.013   13.2  44.0   2   5      0.12       6.3    4.4   5.8   124   154    47    80    40    95 0.76 -
Pdum_DN85307_c1_g1_i23:77-901   -            275 157109at33208        -            227     0.013   13.2  44.0   3   5      0.12       6.5    4.3  11.7    91   198    72   177    69   185 0.63 -
Pdum_DN85307_c1_g1_i23:77-901   -            275 157109at33208        -            227     0.013   13.2  44.0   4   5       9.7   5.1e+02   -1.9  10.4     4   146   163   238   133   242 0.44 -
Pdum_DN85307_c1_g1_i23:77-901   -            275 157109at33208        -            227     0.013   13.2  44.0   5   5     0.014      0.72    7.4   6.7   102   144   225   267   195   270 0.66 -
Pdum_DN84890_c0_g1_i1:2843-3958 -            372 157109at33208        -            227     0.017   12.8  53.2   1   6    0.0074      0.39    8.3   8.7   124   178    30    88     7    93 0.80 -
Pdum_DN84890_c0_g1_i1:2843-3958 -            372 157109at33208        -            227     0.017   12.8  53.2   2   6    0.0013      0.07   10.7   7.1    97   169    90   159    87   164 0.76 -
Pdum_DN84890_c0_g1_i1:2843-3958 -            372 157109at33208        -            227     0.017   12.8  53.2   3   6     0.083       4.3    4.9  11.6    71   169   128   223   127   236 0.76 -
Pdum_DN84890_c0_g1_i1:2843-3958 -            372 157109at33208        -            227     0.017   12.8  53.2   4   6       1.3        69    0.9  12.2    72   155   186   292   184   306 0.66 -
Pdum_DN84890_c0_g1_i1:2843-3958 -            372 157109at33208        -            227     0.017   12.8  53.2   5   6      0.68        35    1.9   9.0    65   145   265   336   258   344 0.77 -
Pdum_DN84890_c0_g1_i1:2843-3958 -            372 157109at33208        -            227     0.017   12.8  53.2   6   6      0.21        11    3.6   3.5    72   143   303   372   296   372 0.59 -
Pdum_DN89839_c2_g1_i9:224-571   -            116 157109at33208        -            227     0.017   12.8   8.9   1   2      0.16       8.4    3.9   0.5   104   141    15    49     4    55 0.64 -
Pdum_DN89839_c2_g1_i9:224-571   -            116 157109at33208        -            227     0.017   12.8   8.9   2   2    0.0005     0.026   12.1   3.7   122   165    57   100    38   113 0.76 -
Pdum_DN81989_c0_g1_i3:659-1072  -            138 157109at33208        -            227     0.017   12.8  16.2   1   1    0.0092      0.48    8.0   3.7   122   154    99   136    80   137 0.76 -
Pdum_DN80756_c2_g1_i2:4-762     -            253 157109at33208        -            227     0.018   12.7  35.4   1   3     0.023       1.2    6.7  10.6    67   171     9   110     5   120 0.66 -
Pdum_DN80756_c2_g1_i2:4-762     -            253 157109at33208        -            227     0.018   12.7  35.4   2   3      0.01      0.53    7.9  18.8    72   199   105   225    95   238 0.69 -
Pdum_DN80756_c2_g1_i2:4-762     -            253 157109at33208        -            227     0.018   12.7  35.4   3   3         4   2.1e+02   -0.6   0.2   116   142   225   253   214   253 0.74 -
Pdum_DN75665_c0_g1_i6:2232-2594 -            121 157109at33208        -            227     0.025   12.2  20.5   1   3    0.0074      0.38    8.3   1.5   125   155     5    39     1    59 0.75 -
Pdum_DN75665_c0_g1_i6:2232-2594 -            121 157109at33208        -            227     0.025   12.2  20.5   2   3    0.0019     0.097   10.3   6.2   117   154    54    94    43    95 0.75 -
Pdum_DN75665_c0_g1_i6:2232-2594 -            121 157109at33208        -            227     0.025   12.2  20.5   3   3      0.18       9.4    3.8   7.5   124   153    88   120    83   121 0.80 -
Pdum_DN69990_c0_g3_i3:741-1223  -            161 157109at33208        -            227     0.035   11.7  19.3   1   2    0.0052      0.27    8.8   9.3   116   154    17    58     8    64 0.82 -
Pdum_DN69990_c0_g3_i3:741-1223  -            161 157109at33208        -            227     0.035   11.7  19.3   2   2    0.0023      0.12   10.0   0.8   105   142    64   100    57   108 0.78 -
Pdum_DN67217_c3_g1_i1:117-488   -            124 157109at33208        -            227     0.039   11.6   9.3   1   2      0.19       9.9    3.7   0.6   113   141    19    49     1    54 0.55 -
Pdum_DN67217_c3_g1_i1:117-488   -            124 157109at33208        -            227     0.039   11.6   9.3   2   2    0.0066      0.34    8.5   6.5   122   172    57   108    31   122 0.60 -
Pdum_DN72357_c0_g1_i4:739-1398  -            220 157109at33208        -            227     0.056   11.1  38.2   1   2      0.14       7.4    4.1  11.8   113   171    26    84     1    93 0.70 -
Pdum_DN72357_c0_g1_i4:739-1398  -            220 157109at33208        -            227     0.056   11.1  38.2   2   2       1.4        74    0.8  22.8    70   184    77   205    67   219 0.36 -
Pdum_DN69272_c1_g2_i10:413-1426 -            338 157109at33208        -            227     0.056   11.1  58.7   1   6      0.21        11    3.6   9.5   124   171     5    52     1    55 0.81 -
Pdum_DN69272_c1_g2_i10:413-1426 -            338 157109at33208        -            227     0.056   11.1  58.7   2   6   0.00066     0.034   11.8   2.3   123   177    59   118    51   118 0.77 -
Pdum_DN69272_c1_g2_i10:413-1426 -            338 157109at33208        -            227     0.056   11.1  58.7   3   6    0.0011     0.056   11.1   2.9   117   170   108   163   104   170 0.68 -
Pdum_DN69272_c1_g2_i10:413-1426 -            338 157109at33208        -            227     0.056   11.1  58.7   4   6       1.8        93    0.5   5.4   103   145   155   197   148   223 0.65 -
Pdum_DN69272_c1_g2_i10:413-1426 -            338 157109at33208        -            227     0.056   11.1  58.7   5   6      0.11       5.7    4.5   8.1   104   145   215   256   201   272 0.74 -
Pdum_DN69272_c1_g2_i10:413-1426 -            338 157109at33208        -            227     0.056   11.1  58.7   6   6      0.16       8.5    3.9   1.4   120   145   287   312   273   338 0.69 -
Pdum_DN72413_c1_g1_i2:40-870    -            277 157109at33208        -            227     0.093   10.3  52.3   1   2      0.94        49    1.4  16.3   114   198    17   100     2   100 0.71 -
Pdum_DN72413_c1_g1_i2:40-870    -            277 157109at33208        -            227     0.093   10.3  52.3   2   2    0.0019     0.098   10.3  18.7    63   192   145   267   135   277 0.76 -
Pdum_DN90819_c1_g1_i4:1975-2358 -            128 157109at33208        -            227       0.1   10.2  17.8   1   1     0.022       1.1    6.8  17.8    65   179    13   123     3   126 0.73 -
Pdum_DN76178_c0_g1_i1:873-1667  -            265 157109at33208        -            227      0.11   10.2  42.9   1   3       4.3   2.3e+02   -0.7  10.8    61   144     3    79     1    93 0.62 -
Pdum_DN76178_c0_g1_i1:873-1667  -            265 157109at33208        -            227      0.11   10.2  42.9   2   3   0.00028     0.015   13.0  25.1    68   205    69   204    40   205 0.81 -
Pdum_DN76178_c0_g1_i1:873-1667  -            265 157109at33208        -            227      0.11   10.2  42.9   3   3       0.1       5.5    4.6   6.3   101   173   188   258   183   263 0.69 -
Pdum_DN91787_c4_g2_i3:1535-1906 -            124 157109at33208        -            227      0.11   10.1  19.1   1   2     0.024       1.2    6.7   6.0   122   155    31    68     8    83 0.67 -
Pdum_DN91787_c4_g2_i3:1535-1906 -            124 157109at33208        -            227      0.11   10.1  19.1   2   2    0.0048      0.25    8.9   6.1   118   152    81   117    71   124 0.72 -
Pdum_DN81885_c0_g2_i4:6-884     -            293 157109at33208        -            227      0.16    9.5  19.1   1   3     0.065       3.4    5.2   0.3   123   148    42    70    23   108 0.72 -
Pdum_DN81885_c0_g2_i4:6-884     -            293 157109at33208        -            227      0.16    9.5  19.1   2   3     0.018      0.94    7.1   4.1   124   162   160   197   125   207 0.70 -
Pdum_DN81885_c0_g2_i4:6-884     -            293 157109at33208        -            227      0.16    9.5  19.1   3   3     0.042       2.2    5.8   2.5   124   145   210   231   199   251 0.86 -
Pdum_DN82029_c2_g1_i12:118-885  -            256 157109at33208        -            227      0.32    8.6  54.9   1   3       1.3        68    1.0  25.0    64   205     6   137     1   139 0.69 -
Pdum_DN82029_c2_g1_i12:118-885  -            256 157109at33208        -            227      0.32    8.6  54.9   2   3    0.0075      0.39    8.3  12.0   106   174   126   192   116   192 0.64 -
Pdum_DN82029_c2_g1_i12:118-885  -            256 157109at33208        -            227      0.32    8.6  54.9   3   3      0.14         7    4.2  10.6    70   141   182   241   175   247 0.66 -
Pdum_DN84275_c0_g1_i17:290-1648 -            453 157109at33208        -            227       0.8    7.3  60.8   1   3     0.011      0.56    7.8   7.5   124   200    73   152    51   162 0.75 -
Pdum_DN84275_c0_g1_i17:290-1648 -            453 157109at33208        -            227       0.8    7.3  60.8   2   3    0.0011     0.055   11.1   9.3    89   179   312   407   287   407 0.79 -
Pdum_DN84275_c0_g1_i17:290-1648 -            453 157109at33208        -            227       0.8    7.3  60.8   3   3    0.0051      0.26    8.9   5.2   124   159   404   443   388   453 0.71 -
Pdum_DN67673_c2_g2_i7:634-1749  -            372 157109at33208        -            227       1.3    6.6  51.8   1   5       5.6   2.9e+02   -1.1  12.1   110   174    43   110    33   117 0.78 -
Pdum_DN67673_c2_g2_i7:634-1749  -            372 157109at33208        -            227       1.3    6.6  51.8   2   5     0.055       2.8    5.5   7.9    64   182    63   174    62   176 0.74 -
Pdum_DN67673_c2_g2_i7:634-1749  -            372 157109at33208        -            227       1.3    6.6  51.8   3   5     0.037       1.9    6.0   7.1   124   184   173   234   156   253 0.66 -
Pdum_DN67673_c2_g2_i7:634-1749  -            372 157109at33208        -            227       1.3    6.6  51.8   4   5    0.0069      0.36    8.4  13.4   123   205   257   342   234   346 0.79 -
Pdum_DN67673_c2_g2_i7:634-1749  -            372 157109at33208        -            227       1.3    6.6  51.8   5   5     0.013      0.66    7.6   3.7    67   146   295   371   292   372 0.78 -
Pdum_DN90412_c4_g1_i9:565-1686  -            374 157109at33208        -            227       1.4    6.5  54.9   1   4   0.00014    0.0072   14.0   5.3   147   221     3    72     1    78 0.82 -
Pdum_DN90412_c4_g1_i9:565-1686  -            374 157109at33208        -            227       1.4    6.5  54.9   2   4         2     1e+02    0.4  21.9    71   201   132   254    72   259 0.74 -
Pdum_DN90412_c4_g1_i9:565-1686  -            374 157109at33208        -            227       1.4    6.5  54.9   3   4     0.053       2.8    5.5   9.4   101   202   242   339   238   343 0.74 -
Pdum_DN90412_c4_g1_i9:565-1686  -            374 157109at33208        -            227       1.4    6.5  54.9   4   4       4.5   2.4e+02   -0.8   0.4   124   146   347   369   340   372 0.81 -
Pdum_DN81774_c0_g1_i8:1877-3124 -            416 157109at33208        -            227       1.4    6.5  60.8   1   5    0.0051      0.26    8.9   7.4   106   155     2    54     1    68 0.83 -
Pdum_DN81774_c0_g1_i8:1877-3124 -            416 157109at33208        -            227       1.4    6.5  60.8   2   5         1        52    1.4   7.5   121   199    74   159    53   166 0.62 -
Pdum_DN81774_c0_g1_i8:1877-3124 -            416 157109at33208        -            227       1.4    6.5  60.8   3   5     0.099       5.2    4.6  12.5   101   203   149   247   117   253 0.73 -
Pdum_DN81774_c0_g1_i8:1877-3124 -            416 157109at33208        -            227       1.4    6.5  60.8   4   5      0.16       8.1    4.0  15.6    65   175   233   344   231   371 0.65 -
Pdum_DN81774_c0_g1_i8:1877-3124 -            416 157109at33208        -            227       1.4    6.5  60.8   5   5     0.056       2.9    5.5   5.4   124   213   322   411   317   416 0.79 -
Pdum_DN90690_c4_g1_i3:2291-3484 -            398 157109at33208        -            227         2    6.0  55.2   1   5    0.0012     0.063   10.9   1.9   124   170     4    50     1    60 0.72 -
Pdum_DN90690_c4_g1_i3:2291-3484 -            398 157109at33208        -            227         2    6.0  55.2   2   5    0.0028      0.15    9.7   5.8   139   199    85   146    61   150 0.83 -
Pdum_DN90690_c4_g1_i3:2291-3484 -            398 157109at33208        -            227         2    6.0  55.2   3   5      0.39        20    2.7  19.7    66   201   132   263   130   270 0.71 -
Pdum_DN90690_c4_g1_i3:2291-3484 -            398 157109at33208        -            227         2    6.0  55.2   4   5       0.4        21    2.7  20.0    64   202   195   325   182   335 0.80 -
Pdum_DN90690_c4_g1_i3:2291-3484 -            398 157109at33208        -            227         2    6.0  55.2   5   5       5.4   2.8e+02   -1.0   7.2   124   202   271   353   264   364 0.69 -
Pdum_DN89079_c3_g1_i3:470-1273  -            268 157109at33208        -            227       2.7    5.6  40.0   1   4      0.92        48    1.5   3.7   125   175    19    72     4    72 0.68 -
Pdum_DN89079_c3_g1_i3:470-1273  -            268 157109at33208        -            227       2.7    5.6  40.0   2   4      0.33        17    2.9  16.3   124   205    48   133    26   136 0.70 -
Pdum_DN89079_c3_g1_i3:470-1273  -            268 157109at33208        -            227       2.7    5.6  40.0   3   4     0.053       2.8    5.5   6.0   124   166   136   178   129   189 0.69 -
Pdum_DN89079_c3_g1_i3:470-1273  -            268 157109at33208        -            227       2.7    5.6  40.0   4   4    0.0023      0.12   10.0   0.8   121   176   210   264   192   268 0.78 -
Pdum_DN80523_c0_g1_i3:205-1068  -            288 157109at33208        -            227       9.3    3.8  50.2   1   3     0.013      0.65    7.6   8.9   122   174     9    61     2    73 0.81 -
Pdum_DN80523_c0_g1_i3:205-1068  -            288 157109at33208        -            227       9.3    3.8  50.2   2   3      0.18       9.3    3.8   2.2   116   142   222   249   208   253 0.77 -
Pdum_DN80523_c0_g1_i3:205-1068  -            288 157109at33208        -            227       9.3    3.8  50.2   3   3     0.007      0.37    8.4   0.1   124   143   263   286   250   288 0.79 -
#
# Program:         hmmsearch
# Version:         3.1b2 (February 2015)
# Pipeline mode:   SEARCH
# Query file:      /mnt/f/phylo/WORMS/busco_analysis/busco_downloads/lineages/metazoa_odb10/hmms/157109at33208.hmm
# Target file:     /mnt/f/phylo/WORMS/busco_analysis/metazoa_lineage_result/run_metazoa_odb10/metaeuk_output/initial_results/Platynereis_ref.eggnog_filter.nucl.fasta.modified.fas
# Option settings: hmmsearch --domtblout /mnt/f/phylo/WORMS/busco_analysis/metazoa_lineage_result/run_metazoa_odb10/hmmer_output/initial_run_results/157109at33208.out --cpu 1 /mnt/f/phylo/WORMS/busco_analysis/busco_downloads/lineages/metazoa_odb10/hmms/157109at33208.hmm /mnt/f/phylo/WORMS/busco_analysis/metazoa_lineage_result/run_metazoa_odb10/metaeuk_output/initial_results/Platynereis_ref.eggnog_filter.nucl.fasta.modified.fas 
# Current dir:     /mnt/f/phylo/WORMS/busco_analysis
# Date:            Sun Mar 12 20:41:36 2023
# [ok]
