#                                                                                        --- full sequence --- -------------- this domain -------------   hmm coord   ali coord   env coord
# target name                    accession   tlen query name           accession   qlen   E-value  score  bias   #  of  c-Evalue  i-Evalue  score  bias  from    to  from    to  from    to  acc description of target
#            ------------------- ---------- ----- -------------------- ---------- ----- --------- ------ ----- --- --- --------- --------- ------ ----- ----- ----- ----- ----- ----- ----- ---- ---------------------
Pdum_DN88256_c0_g1_i4:512-2926   -            805 164767at33208        -            703   1.5e-32  110.5  23.1   1   5   1.5e-06   3.6e-05   19.9   0.6   424   543    34   155    25   158 0.75 -
Pdum_DN88256_c0_g1_i4:512-2926   -            805 164767at33208        -            703   1.5e-32  110.5  23.1   2   5   1.3e-06   3.2e-05   20.1   0.3   460   543   157   240   137   251 0.67 -
Pdum_DN88256_c0_g1_i4:512-2926   -            805 164767at33208        -            703   1.5e-32  110.5  23.1   3   5   2.5e-13   6.1e-12   42.3   1.5   168   316   308   455   286   464 0.88 -
Pdum_DN88256_c0_g1_i4:512-2926   -            805 164767at33208        -            703   1.5e-32  110.5  23.1   4   5   2.6e-06   6.3e-05   19.1   0.0   486   558   479   551   475   554 0.89 -
Pdum_DN88256_c0_g1_i4:512-2926   -            805 164767at33208        -            703   1.5e-32  110.5  23.1   5   5   5.4e-07   1.3e-05   21.4   0.2   480   560   557   637   552   644 0.86 -
Pdum_DN78086_c1_g1_i5:2830-3705  -            292 164767at33208        -            703   1.6e-32  110.4   0.1   1   3    0.0022     0.054    9.4   0.0   487   525     5    43     1    52 0.86 -
Pdum_DN78086_c1_g1_i5:2830-3705  -            292 164767at33208        -            703   1.6e-32  110.4   0.1   2   3   5.5e-24   1.3e-22   77.5   0.1   119   319    52   246    47   248 0.92 -
Pdum_DN78086_c1_g1_i5:2830-3705  -            292 164767at33208        -            703   1.6e-32  110.4   0.1   3   3   1.5e-06   3.8e-05   19.9   0.0   475   518   246   289   245   292 0.92 -
Pdum_DN80129_c0_g2_i7:710-1570   -            287 164767at33208        -            703   3.8e-30  102.5   5.9   1   5   1.6e-05   0.00039   16.5   0.0   485   519     2    36     1    40 0.91 -
Pdum_DN80129_c0_g2_i7:710-1570   -            287 164767at33208        -            703   3.8e-30  102.5   5.9   2   5   1.9e-09   4.6e-08   29.5   0.2   482   525    41    84    36    86 0.92 -
Pdum_DN80129_c0_g2_i7:710-1570   -            287 164767at33208        -            703   3.8e-30  102.5   5.9   3   5   1.3e-06   3.3e-05   20.1   0.0   478   533    79   134    77   136 0.89 -
Pdum_DN80129_c0_g2_i7:710-1570   -            287 164767at33208        -            703   3.8e-30  102.5   5.9   4   5   2.5e-08   6.2e-07   25.8   0.1   482   557   125   201   122   205 0.83 -
Pdum_DN80129_c0_g2_i7:710-1570   -            287 164767at33208        -            703   3.8e-30  102.5   5.9   5   5   8.2e-06    0.0002   17.5   0.1   463   549   192   281   189   286 0.75 -
Pdum_DN74150_c0_g1_i3:157-2955   -            933 164767at33208        -            703   1.4e-29  100.6  14.3   1   6   7.3e-15   1.8e-13   47.4   0.0   141   270    48   176    42   178 0.95 -
Pdum_DN74150_c0_g1_i3:157-2955   -            933 164767at33208        -            703   1.4e-29  100.6  14.3   2   6   0.00035    0.0086   12.1   0.1   474   517   177   220   176   225 0.74 -
Pdum_DN74150_c0_g1_i3:157-2955   -            933 164767at33208        -            703   1.4e-29  100.6  14.3   3   6      0.17       4.3    3.1   0.1   483   535   401   452   376   464 0.83 -
Pdum_DN74150_c0_g1_i3:157-2955   -            933 164767at33208        -            703   1.4e-29  100.6  14.3   4   6   1.3e-05   0.00033   16.8   0.1   388   454   448   517   433   535 0.69 -
Pdum_DN74150_c0_g1_i3:157-2955   -            933 164767at33208        -            703   1.4e-29  100.6  14.3   5   6   2.7e-08   6.7e-07   25.7   0.0   156   317   540   695   526   702 0.82 -
Pdum_DN74150_c0_g1_i3:157-2955   -            933 164767at33208        -            703   1.4e-29  100.6  14.3   6   6       2.5        62   -0.7   0.1   663   698   826   861   805   865 0.87 -
Pdum_DN90586_c2_g3_i4:2166-2804  -            213 164767at33208        -            703   4.3e-26   89.1   0.2   1   4   9.6e-05    0.0023   13.9   0.0   195   270     4    79     1    79 0.60 -
Pdum_DN90586_c2_g3_i4:2166-2804  -            213 164767at33208        -            703   4.3e-26   89.1   0.2   2   4   1.2e-08     3e-07   26.8   0.0   470   519    76   125    75   131 0.93 -
Pdum_DN90586_c2_g3_i4:2166-2804  -            213 164767at33208        -            703   4.3e-26   89.1   0.2   3   4   6.2e-11   1.5e-09   34.4   0.0   474   526   122   174   122   175 0.91 -
Pdum_DN90586_c2_g3_i4:2166-2804  -            213 164767at33208        -            703   4.3e-26   89.1   0.2   4   4   4.1e-05     0.001   15.1   0.0   482   523   172   213   169   213 0.92 -
Pdum_DN79110_c0_g1_i7:340-1365   -            342 164767at33208        -            703   9.9e-26   87.9   0.2   1   5    0.0037      0.09    8.7   0.0   484   518    47    81    39    85 0.91 -
Pdum_DN79110_c0_g1_i7:340-1365   -            342 164767at33208        -            703   9.9e-26   87.9   0.2   2   5   2.8e-05   0.00069   15.7   0.0   484   524    90   130    83   134 0.92 -
Pdum_DN79110_c0_g1_i7:340-1365   -            342 164767at33208        -            703   9.9e-26   87.9   0.2   3   5   3.5e-08   8.4e-07   25.3   0.0   196   270   132   205   127   212 0.82 -
Pdum_DN79110_c0_g1_i7:340-1365   -            342 164767at33208        -            703   9.9e-26   87.9   0.2   4   5   3.1e-08   7.7e-07   25.4   0.0   469   518   201   250   199   285 0.85 -
Pdum_DN79110_c0_g1_i7:340-1365   -            342 164767at33208        -            703   9.9e-26   87.9   0.2   5   5   0.00062     0.015   11.3   0.0   469   513   293   337   281   342 0.76 -
Pdum_DN92078_c7_g2_i1:2888-3787  -            300 164767at33208        -            703   1.1e-25   87.7  10.5   1   5   1.6e-12   3.8e-11   39.7   0.3   457   523     6    71     3    75 0.92 -
Pdum_DN92078_c7_g2_i1:2888-3787  -            300 164767at33208        -            703   1.1e-25   87.7  10.5   2   5   1.8e-05   0.00045   16.3   0.2   484   520    74   110    71   115 0.91 -
Pdum_DN92078_c7_g2_i1:2888-3787  -            300 164767at33208        -            703   1.1e-25   87.7  10.5   3   5   9.2e-05    0.0022   14.0   0.1   489   559   124   194   120   198 0.80 -
Pdum_DN92078_c7_g2_i1:2888-3787  -            300 164767at33208        -            703   1.1e-25   87.7  10.5   4   5   2.9e-05   0.00071   15.6   0.0   480   522   199   241   194   246 0.87 -
Pdum_DN92078_c7_g2_i1:2888-3787  -            300 164767at33208        -            703   1.1e-25   87.7  10.5   5   5     0.023      0.56    6.1   0.0   380   420   245   285   237   299 0.80 -
Pdum_DN87680_c1_g3_i1:3327-4124  -            266 164767at33208        -            703   6.9e-25   85.1  12.0   1   5    0.0003    0.0072   12.3   0.0   484   520     2    38     1    41 0.93 -
Pdum_DN87680_c1_g3_i1:3327-4124  -            266 164767at33208        -            703   6.9e-25   85.1  12.0   2   5   4.6e-11   1.1e-09   34.8   0.6   460   519    20    79    14    85 0.90 -
Pdum_DN87680_c1_g3_i1:3327-4124  -            266 164767at33208        -            703   6.9e-25   85.1  12.0   3   5   8.9e-10   2.2e-08   30.6   0.4   480   557    82   159    77   171 0.86 -
Pdum_DN87680_c1_g3_i1:3327-4124  -            266 164767at33208        -            703   6.9e-25   85.1  12.0   4   5     0.013      0.31    6.9   0.1   500   523   206   229   197   232 0.87 -
Pdum_DN87680_c1_g3_i1:3327-4124  -            266 164767at33208        -            703   6.9e-25   85.1  12.0   5   5   1.3e-06   3.3e-05   20.1   0.5   469   518   217   266   214   266 0.95 -
Pdum_DN83588_c0_g2_i13:1452-2396 -            315 164767at33208        -            703   2.6e-24   83.2   0.2   1   3   0.00031    0.0077   12.2   0.0   484   525    38    79     4    84 0.84 -
Pdum_DN83588_c0_g2_i13:1452-2396 -            315 164767at33208        -            703   2.6e-24   83.2   0.2   2   3   5.4e-11   1.3e-09   34.6   0.0   439   518    79   157    72   163 0.91 -
Pdum_DN83588_c0_g2_i13:1452-2396 -            315 164767at33208        -            703   2.6e-24   83.2   0.2   3   3   5.2e-10   1.3e-08   31.3   0.0   434   557   195   313   186   315 0.80 -
Pdum_DN85045_c0_g1_i5:248-835    -            196 164767at33208        -            703   4.1e-24   82.5   0.1   1   3   3.4e-05   0.00082   15.4   0.0   493   558     5    70     1    76 0.80 -
Pdum_DN85045_c0_g1_i5:248-835    -            196 164767at33208        -            703   4.1e-24   82.5   0.1   2   3   2.7e-07   6.6e-06   22.4   0.0   475   523    71   119    63   120 0.91 -
Pdum_DN85045_c0_g1_i5:248-835    -            196 164767at33208        -            703   4.1e-24   82.5   0.1   3   3   4.7e-14   1.1e-12   44.7   0.0   479   551   117   190   115   196 0.89 -
Pdum_DN78854_c0_g1_i1:1579-2349  -            257 164767at33208        -            703   5.3e-24   82.2   5.8   1   3   2.3e-05   0.00057   15.9   1.2   486   557     1    72     1    73 0.67 -
Pdum_DN78854_c0_g1_i1:1579-2349  -            257 164767at33208        -            703   5.3e-24   82.2   5.8   2   3   2.1e-08   5.2e-07   26.0   0.0   483   547    82   147    74   151 0.83 -
Pdum_DN78854_c0_g1_i1:1579-2349  -            257 164767at33208        -            703   5.3e-24   82.2   5.8   3   3   3.5e-12   8.5e-11   38.5   0.0   458   558   141   241   130   254 0.84 -
Pdum_DN83588_c0_g2_i13:1293-2279 -            329 164767at33208        -            703   9.5e-24   81.3   0.3   1   4   0.00011    0.0028   13.7   0.0   486   546     1    63     1    63 0.85 -
Pdum_DN83588_c0_g2_i13:1293-2279 -            329 164767at33208        -            703   9.5e-24   81.3   0.3   2   4   5.7e-11   1.4e-09   34.5   0.0   439   518    40   118    33   125 0.91 -
Pdum_DN83588_c0_g2_i13:1293-2279 -            329 164767at33208        -            703   9.5e-24   81.3   0.3   3   4   6.1e-10   1.5e-08   31.1   0.0   434   557   156   274   146   275 0.80 -
Pdum_DN83588_c0_g2_i13:1293-2279 -            329 164767at33208        -            703   9.5e-24   81.3   0.3   4   4    0.0011     0.027   10.4   0.0   483   518   242   277   238   297 0.88 -
Pdum_DN87342_c0_g1_i8:5-2425     -            807 164767at33208        -            703   3.5e-22   76.2   1.4   1   5     0.018      0.44    6.4   0.0   488   551    55   118    30   124 0.84 -
Pdum_DN87342_c0_g1_i8:5-2425     -            807 164767at33208        -            703   3.5e-22   76.2   1.4   2   5       1.9        46   -0.3   0.1   457   518   155   218   137   232 0.74 -
Pdum_DN87342_c0_g1_i8:5-2425     -            807 164767at33208        -            703   3.5e-22   76.2   1.4   3   5   6.9e-10   1.7e-08   30.9   0.1   171   320   306   450   294   460 0.88 -
Pdum_DN87342_c0_g1_i8:5-2425     -            807 164767at33208        -            703   3.5e-22   76.2   1.4   4   5   6.2e-08   1.5e-06   24.5   0.0   483   560   415   494   407   497 0.93 -
Pdum_DN87342_c0_g1_i8:5-2425     -            807 164767at33208        -            703   3.5e-22   76.2   1.4   5   5   5.8e-10   1.4e-08   31.2   0.0   462   561   480   579   471   597 0.87 -
Pdum_DN78454_c0_g1_i4:576-2111   -            512 164767at33208        -            703   5.1e-22   75.6   0.0   1   4   3.6e-05   0.00089   15.3   0.0   486   522   212   248   207   267 0.87 -
Pdum_DN78454_c0_g1_i4:576-2111   -            512 164767at33208        -            703   5.1e-22   75.6   0.0   2   4   1.7e-09     4e-08   29.7   0.0   455   526   273   345   260   346 0.90 -
Pdum_DN78454_c0_g1_i4:576-2111   -            512 164767at33208        -            703   5.1e-22   75.6   0.0   3   4   1.1e-07   2.6e-06   23.7   0.1   479   527   340   387   338   399 0.92 -
Pdum_DN78454_c0_g1_i4:576-2111   -            512 164767at33208        -            703   5.1e-22   75.6   0.0   4   4     0.051       1.2    4.9   0.0   462   547   413   501   389   511 0.73 -
Pdum_DN73512_c4_g2_i3:726-1661   -            312 164767at33208        -            703   9.1e-22   74.8   0.0   1   3   5.2e-07   1.3e-05   21.4   0.0   476   548    48   120    31   128 0.90 -
Pdum_DN73512_c4_g2_i3:726-1661   -            312 164767at33208        -            703   9.1e-22   74.8   0.0   2   3   9.4e-11   2.3e-09   33.8   0.1   483   547   139   203   119   216 0.89 -
Pdum_DN73512_c4_g2_i3:726-1661   -            312 164767at33208        -            703   9.1e-22   74.8   0.0   3   3   2.7e-05   0.00067   15.7   0.0   455   522   234   301   232   310 0.91 -
Pdum_DN72920_c0_g1_i5:770-1675   -            302 164767at33208        -            703   1.3e-21   74.2   5.8   1   5     0.001     0.025   10.5   0.5   210   270    26    88    19    92 0.85 -
Pdum_DN72920_c0_g1_i5:770-1675   -            302 164767at33208        -            703   1.3e-21   74.2   5.8   2   5   1.6e-06   3.8e-05   19.8   0.0   462   550    77   166    73   168 0.87 -
Pdum_DN72920_c0_g1_i5:770-1675   -            302 164767at33208        -            703   1.3e-21   74.2   5.8   3   5   1.1e-09   2.8e-08   30.2   0.0   468   522   167   221   160   225 0.91 -
Pdum_DN72920_c0_g1_i5:770-1675   -            302 164767at33208        -            703   1.3e-21   74.2   5.8   4   5   3.6e-05   0.00087   15.3   0.1   483   526   224   267   219   268 0.93 -
Pdum_DN72920_c0_g1_i5:770-1675   -            302 164767at33208        -            703   1.3e-21   74.2   5.8   5   5   0.00025     0.006   12.6   0.6   469   518   252   301   250   302 0.96 -
Pdum_DN80927_c0_g1_i1:489-1964   -            492 164767at33208        -            703   2.2e-21   73.5   4.4   1   4      0.36       8.8    2.1   0.2   241   284   145   189   132   232 0.62 -
Pdum_DN80927_c0_g1_i1:489-1964   -            492 164767at33208        -            703   2.2e-21   73.5   4.4   2   4   9.6e-05    0.0023   13.9   0.0   479   532   235   288   212   307 0.85 -
Pdum_DN80927_c0_g1_i1:489-1964   -            492 164767at33208        -            703   2.2e-21   73.5   4.4   3   4   4.4e-07   1.1e-05   21.7   0.1   466   541   305   381   294   387 0.85 -
Pdum_DN80927_c0_g1_i1:489-1964   -            492 164767at33208        -            703   2.2e-21   73.5   4.4   4   4   5.2e-11   1.3e-09   34.6   0.0   460   544   392   476   384   487 0.89 -
Pdum_DN82012_c2_g2_i1:484-1302   -            273 164767at33208        -            703   2.2e-21   73.5   6.1   1   4   1.5e-07   3.6e-06   23.2   0.1   214   300    15    95     9   103 0.86 -
Pdum_DN82012_c2_g2_i1:484-1302   -            273 164767at33208        -            703   2.2e-21   73.5   6.1   2   4   4.1e-10     1e-08   31.7   0.1   466   533   102   167    97   171 0.90 -
Pdum_DN82012_c2_g2_i1:484-1302   -            273 164767at33208        -            703   2.2e-21   73.5   6.1   3   4    0.0036     0.087    8.7   0.1   502   527   176   201   160   211 0.81 -
Pdum_DN82012_c2_g2_i1:484-1302   -            273 164767at33208        -            703   2.2e-21   73.5   6.1   4   4   1.6e-05   0.00039   16.5   0.2   469   523   185   240   183   250 0.77 -
Pdum_DN77740_c0_g3_i3:100-1476   -            459 164767at33208        -            703   6.9e-21   71.9   0.1   1   3   2.2e-06   5.3e-05   19.4   0.0   482   547   143   209   139   215 0.81 -
Pdum_DN77740_c0_g3_i3:100-1476   -            459 164767at33208        -            703   6.9e-21   71.9   0.1   2   3   6.2e-15   1.5e-13   47.6   0.0   138   316   213   383   206   392 0.84 -
Pdum_DN77740_c0_g3_i3:100-1476   -            459 164767at33208        -            703   6.9e-21   71.9   0.1   3   3     0.022      0.55    6.1   0.0   238   317   352   434   349   446 0.79 -
Pdum_DN88147_c0_g1_i1:430-1308   -            293 164767at33208        -            703   6.9e-21   71.9   0.1   1   3    0.0076      0.19    7.6   0.0   468   544     6    83     1    85 0.81 -
Pdum_DN88147_c0_g1_i1:430-1308   -            293 164767at33208        -            703   6.9e-21   71.9   0.1   2   3   7.2e-16   1.8e-14   50.7   0.0   126   268    77   223    57   232 0.86 -
Pdum_DN88147_c0_g1_i1:430-1308   -            293 164767at33208        -            703   6.9e-21   71.9   0.1   3   3   0.00046     0.011   11.7   0.0   201   254   240   292   232   293 0.88 -
Pdum_DN66770_c0_g1_i1:157-1065   -            303 164767at33208        -            703   1.2e-20   71.1   6.6   1   5    0.0038     0.092    8.7   0.1   280   320     4    44     2    48 0.66 -
Pdum_DN66770_c0_g1_i1:157-1065   -            303 164767at33208        -            703   1.2e-20   71.1   6.6   2   5   1.8e-08   4.3e-07   26.3   0.0   476   542    45   111    43   128 0.89 -
Pdum_DN66770_c0_g1_i1:157-1065   -            303 164767at33208        -            703   1.2e-20   71.1   6.6   3   5   2.6e-09   6.3e-08   29.0   0.7   464   554   119   211   110   219 0.78 -
Pdum_DN66770_c0_g1_i1:157-1065   -            303 164767at33208        -            703   1.2e-20   71.1   6.6   4   5     3e-05   0.00072   15.6   0.0   494   567   192   272   182   281 0.78 -
Pdum_DN66770_c0_g1_i1:157-1065   -            303 164767at33208        -            703   1.2e-20   71.1   6.6   5   5    0.0023     0.057    9.3   0.1   204   270   237   303   210   303 0.55 -
Pdum_DN84798_c1_g2_i5:993-2768   -            592 164767at33208        -            703   1.3e-20   71.0   4.7   1   7         5   1.2e+02   -1.7   0.0   487   519    47    79    41   112 0.60 -
Pdum_DN84798_c1_g2_i5:993-2768   -            592 164767at33208        -            703   1.3e-20   71.0   4.7   2   7     0.039      0.95    5.3   0.0   473   521   121   170   115   206 0.63 -
Pdum_DN84798_c1_g2_i5:993-2768   -            592 164767at33208        -            703   1.3e-20   71.0   4.7   3   7   2.7e-05   0.00067   15.7   0.0   486   536   221   271   219   286 0.91 -
Pdum_DN84798_c1_g2_i5:993-2768   -            592 164767at33208        -            703   1.3e-20   71.0   4.7   4   7    0.0074      0.18    7.7   0.0   484   521   305   342   281   345 0.93 -
Pdum_DN84798_c1_g2_i5:993-2768   -            592 164767at33208        -            703   1.3e-20   71.0   4.7   5   7     0.047       1.2    5.0   0.1   485   553   349   415   346   433 0.87 -
Pdum_DN84798_c1_g2_i5:993-2768   -            592 164767at33208        -            703   1.3e-20   71.0   4.7   6   7   0.00053     0.013   11.5   0.0   472   519   459   506   449   513 0.88 -
Pdum_DN84798_c1_g2_i5:993-2768   -            592 164767at33208        -            703   1.3e-20   71.0   4.7   7   7   2.7e-06   6.7e-05   19.0   0.5   202   270   521   589   511   592 0.89 -
Pdum_DN84903_c4_g3_i8:753-1754   -            334 164767at33208        -            703     2e-20   70.3   0.0   1   3   1.5e-12   3.8e-11   39.7   0.0   164   270    16   125     8   131 0.87 -
Pdum_DN84903_c4_g3_i8:753-1754   -            334 164767at33208        -            703     2e-20   70.3   0.0   2   3   6.1e-07   1.5e-05   21.2   0.0   472   557   124   211   124   213 0.87 -
Pdum_DN84903_c4_g3_i8:753-1754   -            334 164767at33208        -            703     2e-20   70.3   0.0   3   3   0.00035    0.0086   12.1   0.0   130   232   196   300   192   314 0.85 -
Pdum_DN91072_c6_g2_i4:11-988     -            326 164767at33208        -            703   2.3e-19   66.9   4.4   1   3    0.0025     0.062    9.2   0.0   486   521    29    64    16    66 0.88 -
Pdum_DN91072_c6_g2_i4:11-988     -            326 164767at33208        -            703   2.3e-19   66.9   4.4   2   3   3.4e-08   8.2e-07   25.4   0.5   483   566    70   153    64   170 0.86 -
Pdum_DN91072_c6_g2_i4:11-988     -            326 164767at33208        -            703   2.3e-19   66.9   4.4   3   3   2.2e-10   5.3e-09   32.6   0.1   161   318   171   324   152   326 0.82 -
Pdum_DN79208_c0_g1_i2:96-1031    -            312 164767at33208        -            703   3.4e-19   66.3   2.5   1   5    0.0057      0.14    8.1   0.0   499   555     6    63     3    69 0.71 -
Pdum_DN79208_c0_g1_i2:96-1031    -            312 164767at33208        -            703   3.4e-19   66.3   2.5   2   5   6.3e-08   1.5e-06   24.5   0.0   481   541    73   135    62   140 0.87 -
Pdum_DN79208_c0_g1_i2:96-1031    -            312 164767at33208        -            703   3.4e-19   66.3   2.5   3   5   0.00037    0.0091   12.0   0.1   175   270   140   242   136   242 0.75 -
Pdum_DN79208_c0_g1_i2:96-1031    -            312 164767at33208        -            703   3.4e-19   66.3   2.5   4   5    0.0018     0.045    9.7   0.1   484   517   211   244   200   257 0.84 -
Pdum_DN79208_c0_g1_i2:96-1031    -            312 164767at33208        -            703   3.4e-19   66.3   2.5   5   5   5.1e-05    0.0012   14.8   0.3   489   526   259   296   245   310 0.82 -
Pdum_DN73138_c0_g1_i1:392-1264   -            291 164767at33208        -            703   1.6e-18   64.1   0.4   1   5      0.11       2.7    3.8   0.0   487   522     9    44     2    52 0.61 -
Pdum_DN73138_c0_g1_i1:392-1264   -            291 164767at33208        -            703   1.6e-18   64.1   0.4   2   5    0.0002    0.0048   12.9   0.0   481   522    45    86    40    87 0.93 -
Pdum_DN73138_c0_g1_i1:392-1264   -            291 164767at33208        -            703   1.6e-18   64.1   0.4   3   5   7.3e-09   1.8e-07   27.5   0.2   467   521    73   127    62   155 0.82 -
Pdum_DN73138_c0_g1_i1:392-1264   -            291 164767at33208        -            703   1.6e-18   64.1   0.4   4   5   0.00044     0.011   11.7   0.0   216   295   151   224   136   236 0.69 -
Pdum_DN73138_c0_g1_i1:392-1264   -            291 164767at33208        -            703   1.6e-18   64.1   0.4   5   5   9.2e-08   2.3e-06   23.9   0.0   446   548   177   282   159   290 0.86 -
Pdum_DN84894_c0_g1_i9:97-867     -            257 164767at33208        -            703   1.6e-18   64.0   0.0   1   4   0.00066     0.016   11.1   0.0   213   272    28    88    10    94 0.81 -
Pdum_DN84894_c0_g1_i9:97-867     -            257 164767at33208        -            703   1.6e-18   64.0   0.0   2   4   2.6e-08   6.4e-07   25.7   0.0   474   550    87   164    85   166 0.89 -
Pdum_DN84894_c0_g1_i9:97-867     -            257 164767at33208        -            703   1.6e-18   64.0   0.0   3   4   2.9e-06   7.2e-05   18.9   0.0   215   271   157   214   146   217 0.85 -
Pdum_DN84894_c0_g1_i9:97-867     -            257 164767at33208        -            703   1.6e-18   64.0   0.0   4   4    0.0013     0.033   10.1   0.0   482   515   222   255   217   257 0.94 -
Pdum_DN75190_c1_g2_i8:1873-2820  -            316 164767at33208        -            703   1.7e-18   64.0   3.2   1   3   9.2e-08   2.2e-06   23.9   0.2   464   527    65   126    46   139 0.84 -
Pdum_DN75190_c1_g2_i8:1873-2820  -            316 164767at33208        -            703   1.7e-18   64.0   3.2   2   3   2.5e-06   6.1e-05   19.2   0.2   243   321   128   201   125   209 0.74 -
Pdum_DN75190_c1_g2_i8:1873-2820  -            316 164767at33208        -            703   1.7e-18   64.0   3.2   3   3   1.1e-06   2.7e-05   20.4   0.0   240   318   208   278   203   286 0.83 -
Pdum_DN63925_c0_g1_i1:119-1006   -            296 164767at33208        -            703   4.6e-18   62.6   4.1   1   4   3.4e-06   8.4e-05   18.7   0.0   202   270    38   103    27   107 0.79 -
Pdum_DN63925_c0_g1_i1:119-1006   -            296 164767at33208        -            703   4.6e-18   62.6   4.1   2   4   8.7e-08   2.1e-06   24.0   0.0   480   553   110   183   104   185 0.92 -
Pdum_DN63925_c0_g1_i1:119-1006   -            296 164767at33208        -            703   4.6e-18   62.6   4.1   3   4   0.00042      0.01   11.8   0.1    92   166   175   248   173   253 0.85 -
Pdum_DN63925_c0_g1_i1:119-1006   -            296 164767at33208        -            703   4.6e-18   62.6   4.1   4   4     0.002      0.05    9.5   0.3   497   523   252   278   248   295 0.80 -
Pdum_DN84814_c0_g2_i1:1505-2083  -            193 164767at33208        -            703   6.9e-18   62.0   0.4   1   3   4.5e-07   1.1e-05   21.6   0.1   202   274    38   108    23   116 0.80 -
Pdum_DN84814_c0_g2_i1:1505-2083  -            193 164767at33208        -            703   6.9e-18   62.0   0.4   2   3     2e-08     5e-07   26.1   0.0   483   522   115   154   107   158 0.90 -
Pdum_DN84814_c0_g2_i1:1505-2083  -            193 164767at33208        -            703   6.9e-18   62.0   0.4   3   3   0.00029    0.0072   12.3   0.0   483   518   157   192   153   193 0.93 -
Pdum_DN74356_c1_g1_i1:377-1456   -            360 164767at33208        -            703   1.6e-17   60.7   0.4   1   3   2.3e-09   5.5e-08   29.2   0.0   133   318    20   213     6   226 0.81 -
Pdum_DN74356_c1_g1_i1:377-1456   -            360 164767at33208        -            703   1.6e-17   60.7   0.4   2   3   8.5e-07   2.1e-05   20.7   0.3   425   527   186   283   182   291 0.83 -
Pdum_DN74356_c1_g1_i1:377-1456   -            360 164767at33208        -            703   1.6e-17   60.7   0.4   3   3   0.00017    0.0042   13.1   0.0   484   546   282   351   279   359 0.73 -
Pdum_DN80498_c1_g1_i1:1987-2589  -            201 164767at33208        -            703   7.1e-17   58.6   0.5   1   2   1.3e-12   3.1e-11   39.9   0.1   448   549     5   108     1   130 0.86 -
Pdum_DN80498_c1_g1_i1:1987-2589  -            201 164767at33208        -            703   7.1e-17   58.6   0.5   2   2   9.9e-06   0.00024   17.2   0.0   460   515   146   201   136   201 0.93 -
Pdum_DN88766_c3_g2_i10:292-717   -            142 164767at33208        -            703   1.7e-16   57.4   0.3   1   2   2.8e-10   6.9e-09   32.2   0.0   465   523    10    69     4    73 0.87 -
Pdum_DN88766_c3_g2_i10:292-717   -            142 164767at33208        -            703   1.7e-16   57.4   0.3   2   2   4.2e-08     1e-06   25.0   0.0   481   541    69   130    64   140 0.80 -
Pdum_DN85879_c0_g1_i1:230-808    -            193 164767at33208        -            703     2e-16   57.1   0.0   1   2   3.3e-10   8.1e-09   32.0   0.0   466   550    11    96     1   105 0.86 -
Pdum_DN85879_c0_g1_i1:230-808    -            193 164767at33208        -            703     2e-16   57.1   0.0   2   2   1.2e-07     3e-06   23.5   0.0   455   515   133   193   121   193 0.92 -
Pdum_DN86522_c0_g3_i4:534-1520   -            329 164767at33208        -            703   2.2e-16   57.0   6.5   1   3   0.00031    0.0077   12.2   0.0   471   526    26    81     9    86 0.72 -
Pdum_DN86522_c0_g3_i4:534-1520   -            329 164767at33208        -            703   2.2e-16   57.0   6.5   2   3      0.55        13    1.5   0.1   494   522    89   117    78   141 0.70 -
Pdum_DN86522_c0_g3_i4:534-1520   -            329 164767at33208        -            703   2.2e-16   57.0   6.5   3   3     6e-14   1.5e-12   44.4   0.8   134   318   142   327   137   329 0.88 -
Pdum_DN90273_c4_g1_i2:3537-4052  -            172 164767at33208        -            703   2.7e-16   56.7   1.5   1   4   2.5e-05   0.00061   15.8   0.0   482   528     3    49     1    58 0.92 -
Pdum_DN90273_c4_g1_i2:3537-4052  -            172 164767at33208        -            703   2.7e-16   56.7   1.5   2   4   0.00038    0.0092   12.0   0.0   424   457    51    84    48    89 0.89 -
Pdum_DN90273_c4_g1_i2:3537-4052  -            172 164767at33208        -            703   2.7e-16   56.7   1.5   3   4   1.5e-07   3.6e-06   23.2   0.2   459   521    64   126    58   131 0.87 -
Pdum_DN90273_c4_g1_i2:3537-4052  -            172 164767at33208        -            703   2.7e-16   56.7   1.5   4   4   5.9e-05    0.0014   14.6   0.1   481   518   128   165   122   169 0.89 -
Pdum_DN71389_c1_g2_i1:359-1099   -            247 164767at33208        -            703   5.3e-16   55.7   3.1   1   3      0.47        11    1.7   0.0   286   319     5    38     3    52 0.72 -
Pdum_DN71389_c1_g2_i1:359-1099   -            247 164767at33208        -            703   5.3e-16   55.7   3.1   2   3   3.4e-09   8.3e-08   28.6   0.7   483   565    51   133    45   137 0.89 -
Pdum_DN71389_c1_g2_i1:359-1099   -            247 164767at33208        -            703   5.3e-16   55.7   3.1   3   3   7.6e-07   1.9e-05   20.9   0.0   470   546   169   245   165   247 0.92 -
Pdum_DN73504_c1_g7_i2:375-1772   -            466 164767at33208        -            703   5.8e-16   55.6   3.8   1   5   0.00015    0.0036   13.3   0.0   484   520   138   174   133   181 0.92 -
Pdum_DN73504_c1_g7_i2:375-1772   -            466 164767at33208        -            703   5.8e-16   55.6   3.8   2   5    0.0018     0.043    9.7   0.1   483   526   190   233   184   237 0.91 -
Pdum_DN73504_c1_g7_i2:375-1772   -            466 164767at33208        -            703   5.8e-16   55.6   3.8   3   5   1.5e-08   3.7e-07   26.5   0.0   194   271   231   307   228   315 0.88 -
Pdum_DN73504_c1_g7_i2:375-1772   -            466 164767at33208        -            703   5.8e-16   55.6   3.8   4   5      0.16       3.8    3.3   0.1   216   270   334   399   309   404 0.51 -
Pdum_DN73504_c1_g7_i2:375-1772   -            466 164767at33208        -            703   5.8e-16   55.6   3.8   5   5      0.19       4.7    3.0   0.0   212   232   383   403   373   453 0.67 -
Pdum_DN87134_c2_g1_i3:1621-2460  -            280 164767at33208        -            703   7.8e-16   55.2  10.9   1   4   3.3e-08   8.1e-07   25.4   1.0   214   326    13   124     3   129 0.79 -
Pdum_DN87134_c2_g1_i3:1621-2460  -            280 164767at33208        -            703   7.8e-16   55.2  10.9   2   4   2.4e-06   5.9e-05   19.2   0.1   214   297   101   177    88   180 0.85 -
Pdum_DN87134_c2_g1_i3:1621-2460  -            280 164767at33208        -            703   7.8e-16   55.2  10.9   3   4   7.8e-05    0.0019   14.2   0.1   483   526   164   205   160   212 0.85 -
Pdum_DN87134_c2_g1_i3:1621-2460  -            280 164767at33208        -            703   7.8e-16   55.2  10.9   4   4   0.00024    0.0058   12.6   0.1   216   270   227   279   215   280 0.87 -
Pdum_DN87178_c0_g1_i10:2619-3539 -            307 164767at33208        -            703   9.2e-16   54.9   1.1   1   4     0.034      0.83    5.5   0.0   255   273     3    21     1    29 0.84 -
Pdum_DN87178_c0_g1_i10:2619-3539 -            307 164767at33208        -            703   9.2e-16   54.9   1.1   2   4    0.0056      0.14    8.1   0.0   481   522    37    78    29    88 0.90 -
Pdum_DN87178_c0_g1_i10:2619-3539 -            307 164767at33208        -            703   9.2e-16   54.9   1.1   3   4     0.017      0.41    6.5   0.1   239   271    92   125    83   177 0.70 -
Pdum_DN87178_c0_g1_i10:2619-3539 -            307 164767at33208        -            703   9.2e-16   54.9   1.1   4   4   1.2e-09     3e-08   30.1   0.1   464   552   210   303   199   306 0.85 -
Pdum_DN66493_c0_g1_i1:720-1655   -            312 164767at33208        -            703   9.8e-16   54.9   0.2   1   3   0.00061     0.015   11.3   0.1   479   521    12    54     4    69 0.87 -
Pdum_DN66493_c0_g1_i1:720-1655   -            312 164767at33208        -            703   9.8e-16   54.9   0.2   2   3   3.6e-06   8.7e-05   18.7   0.0   467   522    86   141    58   164 0.83 -
Pdum_DN66493_c0_g1_i1:720-1655   -            312 164767at33208        -            703   9.8e-16   54.9   0.2   3   3   4.4e-07   1.1e-05   21.6   0.0   457   547   205   299   184   307 0.84 -
Pdum_DN83656_c0_g1_i2:2236-2991  -            252 164767at33208        -            703   1.4e-15   54.3   1.8   1   5   0.00084      0.02   10.8   0.0   482   529     2    47     1    61 0.87 -
Pdum_DN83656_c0_g1_i2:2236-2991  -            252 164767at33208        -            703   1.4e-15   54.3   1.8   2   5   9.1e-11   2.2e-09   33.8   0.0   461   537    78   155    70   170 0.86 -
Pdum_DN83656_c0_g1_i2:2236-2991  -            252 164767at33208        -            703   1.4e-15   54.3   1.8   3   5      0.14       3.4    3.5   0.0   240   299   143   197   141   211 0.78 -
Pdum_DN83656_c0_g1_i2:2236-2991  -            252 164767at33208        -            703   1.4e-15   54.3   1.8   4   5     0.078       1.9    4.3   0.0   479   527   178   224   172   232 0.87 -
Pdum_DN83656_c0_g1_i2:2236-2991  -            252 164767at33208        -            703   1.4e-15   54.3   1.8   5   5      0.03      0.74    5.7   0.0   470   515   209   252   202   252 0.86 -
Pdum_DN80990_c0_g1_i2:150-1607   -            486 164767at33208        -            703   2.7e-15   53.4   1.3   1   2   5.3e-07   1.3e-05   21.4   0.1   210   517   260   323   243   331 0.66 -
Pdum_DN80990_c0_g1_i2:150-1607   -            486 164767at33208        -            703   2.7e-15   53.4   1.3   2   2     7e-10   1.7e-08   30.9   0.1   448   545   339   439   323   460 0.83 -
Pdum_DN87078_c1_g1_i1:1858-2604  -            249 164767at33208        -            703   7.8e-15   51.9   1.2   1   2   2.1e-08   5.2e-07   26.0   0.0   172   232   107   167    92   179 0.86 -
Pdum_DN87078_c1_g1_i1:1858-2604  -            249 164767at33208        -            703   7.8e-15   51.9   1.2   2   2   5.9e-08   1.5e-06   24.5   0.4   457   516   190   249   177   249 0.93 -
Pdum_DN76828_c2_g1_i1:4967-5695  -            243 164767at33208        -            703   9.5e-15   51.6   2.3   1   4   1.3e-05   0.00031   16.8   0.0   479   539    37    97    15    98 0.88 -
Pdum_DN76828_c2_g1_i1:4967-5695  -            243 164767at33208        -            703   9.5e-15   51.6   2.3   2   4   1.9e-07   4.7e-06   22.8   0.3   466   526    65   125    60   126 0.92 -
Pdum_DN76828_c2_g1_i1:4967-5695  -            243 164767at33208        -            703   9.5e-15   51.6   2.3   3   4   7.6e-06   0.00019   17.6   0.0   483   544   124   188   119   192 0.89 -
Pdum_DN76828_c2_g1_i1:4967-5695  -            243 164767at33208        -            703   9.5e-15   51.6   2.3   4   4    0.0055      0.14    8.1   0.1   464   516   191   243   183   243 0.92 -
Pdum_DN74384_c0_g2_i2:99-1367    -            423 164767at33208        -            703   5.5e-14   49.1   4.4   1   3   1.5e-08   3.6e-07   26.5   0.0   215   344   116   251   105   259 0.79 -
Pdum_DN74384_c0_g2_i2:99-1367    -            423 164767at33208        -            703   5.5e-14   49.1   4.4   2   3   2.1e-05   0.00053   16.1   0.5   483   550   257   323   251   333 0.89 -
Pdum_DN74384_c0_g2_i2:99-1367    -            423 164767at33208        -            703   5.5e-14   49.1   4.4   3   3   1.9e-06   4.6e-05   19.6   2.0   130   270   275   417   273   423 0.90 -
Pdum_DN84981_c0_g1_i4:2535-3476  -            314 164767at33208        -            703     9e-14   48.4   1.2   1   3   9.7e-12   2.4e-10   37.0   0.3   456   568    75   187    43   192 0.84 -
Pdum_DN84981_c0_g1_i4:2535-3476  -            314 164767at33208        -            703     9e-14   48.4   1.2   2   3      0.41        10    1.9   0.0   214   240   207   233   199   249 0.71 -
Pdum_DN84981_c0_g1_i4:2535-3476  -            314 164767at33208        -            703     9e-14   48.4   1.2   3   3     0.018      0.45    6.4   0.0   452   508   250   306   236   313 0.85 -
Pdum_DN75651_c0_g1_i1:179-1012   -            278 164767at33208        -            703     2e-13   47.2   1.2   1   3   1.7e-07   4.1e-06   23.0   0.0    94   265    10   186     4   196 0.79 -
Pdum_DN75651_c0_g1_i1:179-1012   -            278 164767at33208        -            703     2e-13   47.2   1.2   2   3     0.013      0.33    6.8   0.0   476   515   194   233   172   244 0.71 -
Pdum_DN75651_c0_g1_i1:179-1012   -            278 164767at33208        -            703     2e-13   47.2   1.2   3   3   3.6e-05   0.00089   15.3   0.2   486   517   246   277   236   278 0.92 -
Pdum_DN83552_c2_g1_i4:337-1659   -            441 164767at33208        -            703   2.7e-13   46.8   0.6   1   2     7e-08   1.7e-06   24.3   0.0   214   278    79   143    68   146 0.87 -
Pdum_DN83552_c2_g1_i4:337-1659   -            441 164767at33208        -            703   2.7e-13   46.8   0.6   2   2   1.6e-06   3.9e-05   19.8   0.1   456   633   248   432   237   439 0.73 -
Pdum_DN90064_c4_g2_i4:2740-4161  -            474 164767at33208        -            703   2.9e-13   46.7   5.3   1   3   0.00013    0.0032   13.5   0.1   479   561   132   215   120   224 0.70 -
Pdum_DN90064_c4_g2_i4:2740-4161  -            474 164767at33208        -            703   2.9e-13   46.7   5.3   2   3   2.9e-08   7.1e-07   25.6   0.1   469   534   290   356   277   359 0.86 -
Pdum_DN90064_c4_g2_i4:2740-4161  -            474 164767at33208        -            703   2.9e-13   46.7   5.3   3   3   0.00026    0.0064   12.5   0.3   480   540   344   404   339   419 0.80 -
Pdum_DN78785_c0_g1_i2:534-2834   -            767 164767at33208        -            703   3.1e-13   46.6   2.9   1   4   1.7e-06   4.2e-05   19.7   0.3   213   273    59   121    50   126 0.81 -
Pdum_DN78785_c0_g1_i2:534-2834   -            767 164767at33208        -            703   3.1e-13   46.6   2.9   2   4   8.6e-07   2.1e-05   20.7   0.1   439   519    86   167    81   172 0.89 -
Pdum_DN78785_c0_g1_i2:534-2834   -            767 164767at33208        -            703   3.1e-13   46.6   2.9   3   4   0.00017    0.0042   13.1   0.1   451   520   141   212   129   224 0.82 -
Pdum_DN78785_c0_g1_i2:534-2834   -            767 164767at33208        -            703   3.1e-13   46.6   2.9   4   4    0.0012      0.03   10.3   0.0   196   273   219   300   214   307 0.85 -
Pdum_DN84033_c1_g3_i1:1082-1726  -            215 164767at33208        -            703   3.5e-13   46.4   2.2   1   3     0.089       2.2    4.1   0.0   483   518     5    40     1    49 0.84 -
Pdum_DN84033_c1_g3_i1:1082-1726  -            215 164767at33208        -            703   3.5e-13   46.4   2.2   2   3   4.7e-09   1.2e-07   28.2   1.8   437   517    23    97    13   105 0.80 -
Pdum_DN84033_c1_g3_i1:1082-1726  -            215 164767at33208        -            703   3.5e-13   46.4   2.2   3   3    0.0002    0.0049   12.9   0.0   483   551   106   181   100   184 0.79 -
Pdum_DN83855_c0_g1_i4:658-1428   -            257 164767at33208        -            703   6.9e-13   45.4   0.4   1   2    0.0019     0.046    9.7   0.0   482   519    35    72     7    80 0.85 -
Pdum_DN83855_c0_g1_i4:658-1428   -            257 164767at33208        -            703   6.9e-13   45.4   0.4   2   2   9.1e-11   2.2e-09   33.8   0.1   478   552    91   166    86   200 0.84 -
Pdum_DN89990_c3_g2_i4:936-1778   -            281 164767at33208        -            703   9.6e-13   45.0   0.5   1   3   3.3e-06   8.2e-05   18.7   0.1   171   270    50   147     4   155 0.74 -
Pdum_DN89990_c3_g2_i4:936-1778   -            281 164767at33208        -            703   9.6e-13   45.0   0.5   2   3   2.2e-05   0.00054   16.0   0.1   479   558   156   239   148   243 0.84 -
Pdum_DN89990_c3_g2_i4:936-1778   -            281 164767at33208        -            703   9.6e-13   45.0   0.5   3   3     0.012      0.29    7.0   0.0   478   516   243   281   240   281 0.95 -
Pdum_DN79406_c0_g1_i1:209-1183   -            325 164767at33208        -            703   1.1e-12   44.8   0.9   1   5      0.94        23    0.7   0.0   484   515     6    37     3    48 0.66 -
Pdum_DN79406_c0_g1_i1:209-1183   -            325 164767at33208        -            703   1.1e-12   44.8   0.9   2   5   4.9e-06   0.00012   18.2   0.1   483   553    47   117    41   155 0.83 -
Pdum_DN79406_c0_g1_i1:209-1183   -            325 164767at33208        -            703   1.1e-12   44.8   0.9   3   5       2.4        60   -0.6   0.0   188   231   134   176   130   182 0.71 -
Pdum_DN79406_c0_g1_i1:209-1183   -            325 164767at33208        -            703   1.1e-12   44.8   0.9   4   5   3.7e-06   9.1e-05   18.6   0.1   484   541   184   241   159   247 0.90 -
Pdum_DN79406_c0_g1_i1:209-1183   -            325 164767at33208        -            703   1.1e-12   44.8   0.9   5   5       0.4       9.7    2.0   0.0   483   515   280   312   250   318 0.71 -
Pdum_DN89089_c3_g1_i2:1021-1773  -            251 164767at33208        -            703   1.9e-12   44.0   0.0   1   2   6.3e-09   1.5e-07   27.8   0.0   455   557    63   166    49   169 0.85 -
Pdum_DN89089_c3_g1_i2:1021-1773  -            251 164767at33208        -            703   1.9e-12   44.0   0.0   2   2   2.1e-06   5.1e-05   19.4   0.0   460   517   153   210   146   214 0.92 -
Pdum_DN92345_c8_g1_i1:3879-4793  -            305 164767at33208        -            703   2.1e-12   43.8   1.0   1   4    0.0097      0.24    7.3   0.0   471   521    20    69     5    93 0.77 -
Pdum_DN92345_c8_g1_i1:3879-4793  -            305 164767at33208        -            703   2.1e-12   43.8   1.0   2   4    0.0089      0.22    7.4   0.0   221   276   119   181   102   189 0.77 -
Pdum_DN92345_c8_g1_i1:3879-4793  -            305 164767at33208        -            703   2.1e-12   43.8   1.0   3   4   0.00036    0.0087   12.0   0.0   215   252   208   245   204   249 0.92 -
Pdum_DN92345_c8_g1_i1:3879-4793  -            305 164767at33208        -            703   2.1e-12   43.8   1.0   4   4   6.8e-05    0.0017   14.4   0.0   205   270   242   304   240   305 0.87 -
Pdum_DN83655_c1_g1_i2:238-2439   -            734 164767at33208        -            703   3.2e-12   43.2   2.9   1   5     0.001     0.025   10.5   0.0   470   532    32    95     1   107 0.77 -
Pdum_DN83655_c1_g1_i2:238-2439   -            734 164767at33208        -            703   3.2e-12   43.2   2.9   2   5    0.0088      0.22    7.4   0.1    96   159   165   230   156   231 0.81 -
Pdum_DN83655_c1_g1_i2:238-2439   -            734 164767at33208        -            703   3.2e-12   43.2   2.9   3   5   3.4e-05   0.00082   15.4   0.0   478   552   219   294   215   312 0.89 -
Pdum_DN83655_c1_g1_i2:238-2439   -            734 164767at33208        -            703   3.2e-12   43.2   2.9   4   5     0.088       2.1    4.1   0.1   234   318   423   465   402   474 0.48 -
Pdum_DN83655_c1_g1_i2:238-2439   -            734 164767at33208        -            703   3.2e-12   43.2   2.9   5   5     0.013      0.31    6.9   0.1   458   546   501   588   496   626 0.61 -
Pdum_DN84241_c0_g1_i1:2776-3423  -            216 164767at33208        -            703   4.3e-12   42.8   0.8   1   3     0.001     0.025   10.5   0.0   238   311     5    74     1    88 0.65 -
Pdum_DN84241_c0_g1_i1:2776-3423  -            216 164767at33208        -            703   4.3e-12   42.8   0.8   2   3   1.5e-05   0.00037   16.6   0.1   482   542    91   153    76   155 0.76 -
Pdum_DN84241_c0_g1_i1:2776-3423  -            216 164767at33208        -            703   4.3e-12   42.8   0.8   3   3   3.6e-05   0.00089   15.3   0.1   191   271   131   212   128   216 0.87 -
Pdum_DN76013_c0_g1_i3:463-1068   -            202 164767at33208        -            703   4.7e-12   42.7   1.4   1   1   2.1e-12   5.2e-11   39.2   1.5   201   322    50   183    43   187 0.89 -
Pdum_DN76096_c0_g1_i2:374-1027   -            218 164767at33208        -            703   4.9e-12   42.6   6.4   1   3    0.0036     0.089    8.7   0.0   470   521     4    55     2    65 0.85 -
Pdum_DN76096_c0_g1_i2:374-1027   -            218 164767at33208        -            703   4.9e-12   42.6   6.4   2   3   4.6e-05    0.0011   15.0   0.6   485   544    72   133    67   146 0.80 -
Pdum_DN76096_c0_g1_i2:374-1027   -            218 164767at33208        -            703   4.9e-12   42.6   6.4   3   3   6.6e-07   1.6e-05   21.1   0.1   483   524   167   208   158   217 0.89 -
Pdum_DN83800_c0_g2_i3:14-562     -            183 164767at33208        -            703   9.4e-12   41.7   0.1   1   2   1.3e-09   3.1e-08   30.1   0.1   484   558    57   130    46   137 0.87 -
Pdum_DN83800_c0_g2_i3:14-562     -            183 164767at33208        -            703   9.4e-12   41.7   0.1   2   2    0.0011     0.027   10.4   0.0   481   527   137   183   125   183 0.90 -
Pdum_DN65740_c0_g1_i1:159-803    -            215 164767at33208        -            703   1.9e-11   40.7   0.1   1   3   9.5e-07   2.3e-05   20.5   0.0   457   521     9    74     6    89 0.92 -
Pdum_DN65740_c0_g1_i1:159-803    -            215 164767at33208        -            703   1.9e-11   40.7   0.1   2   3     0.002      0.05    9.5   0.0   485   521    96   132    76   167 0.80 -
Pdum_DN65740_c0_g1_i1:159-803    -            215 164767at33208        -            703   1.9e-11   40.7   0.1   3   3    0.0049      0.12    8.3   0.0   461   515   161   215   136   215 0.81 -
Pdum_DN82173_c1_g1_i7:1104-1730  -            209 164767at33208        -            703   2.6e-11   40.2   0.0   1   3   4.9e-05    0.0012   14.9   0.0   465   544    25   107    15   110 0.80 -
Pdum_DN82173_c1_g1_i7:1104-1730  -            209 164767at33208        -            703   2.6e-11   40.2   0.0   2   3   1.4e-06   3.4e-05   20.0   0.1   481   562    85   170    79   174 0.88 -
Pdum_DN82173_c1_g1_i7:1104-1730  -            209 164767at33208        -            703   2.6e-11   40.2   0.0   3   3    0.0057      0.14    8.1   0.0   481   517   173   209   169   209 0.94 -
Pdum_DN38861_c0_g1_i1:595-1392   -            266 164767at33208        -            703   5.3e-11   39.2   0.0   1   2   1.3e-07   3.2e-06   23.4   0.0   117   235    44   162    16   171 0.73 -
Pdum_DN38861_c0_g1_i1:595-1392   -            266 164767at33208        -            703   5.3e-11   39.2   0.0   2   2   0.00025    0.0062   12.5   0.0   460   519   199   260   190   263 0.89 -
Pdum_DN89974_c1_g1_i2:3302-3844  -            181 164767at33208        -            703   5.4e-11   39.2   1.6   1   1   9.4e-12   2.3e-10   37.1   1.4   483   599    22   135     3   169 0.75 -
Pdum_DN63408_c0_g1_i3:4-960      -            319 164767at33208        -            703   7.3e-11   38.7   0.1   1   2   6.5e-11   1.6e-09   34.3   0.1   191   325    11   141     4   150 0.87 -
Pdum_DN63408_c0_g1_i3:4-960      -            319 164767at33208        -            703   7.3e-11   38.7   0.1   2   2      0.32       7.9    2.3   0.0   495   529   172   206   164   213 0.84 -
Pdum_DN89838_c3_g2_i15:954-1709  -            252 164767at33208        -            703     1e-10   38.3   0.7   1   2   4.6e-05    0.0011   15.0   0.1   467   538     7    76     3    83 0.84 -
Pdum_DN89838_c3_g2_i15:954-1709  -            252 164767at33208        -            703     1e-10   38.3   0.7   2   2   2.8e-07   6.8e-06   22.3   0.1    94   256    85   242    66   250 0.80 -
Pdum_DN87402_c0_g1_i1:93-1976    -            628 164767at33208        -            703   1.5e-10   37.7   0.1   1   3   7.7e-08   1.9e-06   24.2   0.0   484   547   289   353   286   388 0.89 -
Pdum_DN87402_c0_g1_i1:93-1976    -            628 164767at33208        -            703   1.5e-10   37.7   0.1   2   3     0.036      0.88    5.4   0.0   187   270   448   529   421   573 0.44 -
Pdum_DN87402_c0_g1_i1:93-1976    -            628 164767at33208        -            703   1.5e-10   37.7   0.1   3   3     0.088       2.1    4.1   0.0   490   515   602   627   587   628 0.80 -
Pdum_DN75894_c0_g1_i3:333-1052   -            240 164767at33208        -            703   1.6e-10   37.7   0.4   1   3     0.023      0.56    6.1   0.0   483   526    17    60     3    61 0.86 -
Pdum_DN75894_c0_g1_i3:333-1052   -            240 164767at33208        -            703   1.6e-10   37.7   0.4   2   3   3.2e-05   0.00077   15.5   0.0   195   239    59   103    56   111 0.90 -
Pdum_DN75894_c0_g1_i3:333-1052   -            240 164767at33208        -            703   1.6e-10   37.7   0.4   3   3   9.5e-05    0.0023   13.9   0.1   206   323   115   231   110   237 0.68 -
Pdum_DN88892_c3_g1_i1:2670-3179  -            170 164767at33208        -            703   1.9e-10   37.4   1.0   1   1   1.6e-11     4e-10   36.3   1.0   134   272    12   151     2   160 0.86 -
Pdum_DN74464_c0_g1_i5:1442-2167  -            242 164767at33208        -            703   2.2e-10   37.1   1.1   1   3     0.012      0.28    7.0   0.0   241   319     6    85     1    94 0.77 -
Pdum_DN74464_c0_g1_i5:1442-2167  -            242 164767at33208        -            703   2.2e-10   37.1   1.1   2   3   1.6e-06   3.9e-05   19.8   0.1   481   548    99   167    93   178 0.82 -
Pdum_DN74464_c0_g1_i5:1442-2167  -            242 164767at33208        -            703   2.2e-10   37.1   1.1   3   3    0.0097      0.24    7.3   0.1   479   517   187   227   183   231 0.87 -
Pdum_DN66325_c0_g1_i1:831-1904   -            358 164767at33208        -            703   3.1e-10   36.7   0.1   1   3   1.1e-06   2.6e-05   20.4   0.0   215   317    45   148    33   158 0.79 -
Pdum_DN66325_c0_g1_i1:831-1904   -            358 164767at33208        -            703   3.1e-10   36.7   0.1   2   3       1.1        27    0.5   0.0   243   517   174   203   168   214 0.49 -
Pdum_DN66325_c0_g1_i1:831-1904   -            358 164767at33208        -            703   3.1e-10   36.7   0.1   3   3   0.00052     0.013   11.5   0.0   209   270   287   358   232   358 0.50 -
Pdum_DN92785_c3_g1_i2:3114-4076  -            321 164767at33208        -            703   4.3e-10   36.2   3.8   1   4      0.89        22    0.8   0.0   504   530     2    28     1    52 0.59 -
Pdum_DN92785_c3_g1_i2:3114-4076  -            321 164767at33208        -            703   4.3e-10   36.2   3.8   2   4       2.3        57   -0.6   0.0   511   545    68   101    62   119 0.73 -
Pdum_DN92785_c3_g1_i2:3114-4076  -            321 164767at33208        -            703   4.3e-10   36.2   3.8   3   4       1.8        44   -0.2   0.0   132   153   202   223   186   244 0.74 -
Pdum_DN92785_c3_g1_i2:3114-4076  -            321 164767at33208        -            703   4.3e-10   36.2   3.8   4   4   1.8e-09   4.4e-08   29.5   0.8   486   558   245   317   198   319 0.79 -
Pdum_DN75371_c0_g2_i4:68-763     -            232 164767at33208        -            703   1.3e-09   34.6   0.4   1   2   5.8e-06   0.00014   17.9   0.0   215   264     2    51     1    58 0.83 -
Pdum_DN75371_c0_g2_i4:68-763     -            232 164767at33208        -            703   1.3e-09   34.6   0.4   2   2   7.4e-05    0.0018   14.3   0.1   184   277   101   195    86   232 0.72 -
Pdum_DN85054_c1_g3_i7:3145-3996  -            284 164767at33208        -            703   1.7e-09   34.2   0.0   1   2   1.3e-07   3.3e-06   23.4   0.0   208   326    13   132     3   171 0.80 -
Pdum_DN85054_c1_g3_i7:3145-3996  -            284 164767at33208        -            703   1.7e-09   34.2   0.0   2   2    0.0061      0.15    8.0   0.0   137   219   198   282   185   284 0.73 -
Pdum_DN78364_c0_g1_i1:226-1314   -            363 164767at33208        -            703   1.7e-09   34.2   0.0   1   2    0.0016     0.038    9.9   0.0   471   547     3    80     1    90 0.83 -
Pdum_DN78364_c0_g1_i1:226-1314   -            363 164767at33208        -            703   1.7e-09   34.2   0.0   2   2   2.5e-07     6e-06   22.5   0.0   479   549    95   165    84   170 0.90 -
Pdum_DN86294_c0_g1_i3:101-3103   -           1001 164767at33208        -            703     2e-09   34.0   0.4   1   3      0.11       2.6    3.9   0.0   487   517    12    42     8    62 0.89 -
Pdum_DN86294_c0_g1_i3:101-3103   -           1001 164767at33208        -            703     2e-09   34.0   0.4   2   3   4.5e-06   0.00011   18.3   0.0   467   540   115   187   111   197 0.83 -
Pdum_DN86294_c0_g1_i3:101-3103   -           1001 164767at33208        -            703     2e-09   34.0   0.4   3   3    0.0071      0.17    7.7   0.0   213   238   239   264   214   282 0.54 -
Pdum_DN92615_c3_g1_i3:1432-2112  -            227 164767at33208        -            703   4.6e-09   32.8   0.5   1   3    0.0092      0.22    7.4   0.0   235   273     4    43     2    72 0.64 -
Pdum_DN92615_c3_g1_i3:1432-2112  -            227 164767at33208        -            703   4.6e-09   32.8   0.5   2   3     0.058       1.4    4.7   0.0   497   531   113   147    56   167 0.77 -
Pdum_DN92615_c3_g1_i3:1432-2112  -            227 164767at33208        -            703   4.6e-09   32.8   0.5   3   3   9.2e-06   0.00023   17.3   0.1   457   523   160   225   157   227 0.87 -
Pdum_DN75461_c3_g1_i3:3415-4074  -            220 164767at33208        -            703   4.8e-09   32.7   0.4   1   3   0.00016    0.0038   13.2   0.2   484   523    10    48     4    55 0.86 -
Pdum_DN75461_c3_g1_i3:3415-4074  -            220 164767at33208        -            703   4.8e-09   32.7   0.4   2   3   0.00015    0.0036   13.3   0.0   198   236    52    90    44   107 0.87 -
Pdum_DN75461_c3_g1_i3:3415-4074  -            220 164767at33208        -            703   4.8e-09   32.7   0.4   3   3      0.45        11    1.8   0.0   127   160   160   193   152   202 0.83 -
Pdum_DN92435_c3_g1_i6:249-854    -            202 164767at33208        -            703   7.1e-09   32.2   2.4   1   1   3.9e-10   9.6e-09   31.7   2.4   448   534     6    99     1   118 0.82 -
Pdum_DN70491_c0_g1_i1:1-1254     -            418 164767at33208        -            703   1.2e-08   31.5   0.1   1   3   4.4e-07   1.1e-05   21.7   0.0   449   525   149   227   133   232 0.88 -
Pdum_DN70491_c0_g1_i1:1-1254     -            418 164767at33208        -            703   1.2e-08   31.5   0.1   2   3     0.094       2.3    4.0   0.1   486   519   233   266   226   281 0.72 -
Pdum_DN70491_c0_g1_i1:1-1254     -            418 164767at33208        -            703   1.2e-08   31.5   0.1   3   3      0.49        12    1.7   0.0   195   249   354   411   338   416 0.68 -
Pdum_DN81583_c1_g1_i3:660-1619   -            320 164767at33208        -            703   1.3e-08   31.4   0.2   1   3      0.85        21    0.9   0.0   496   529     3    36     1    55 0.76 -
Pdum_DN81583_c1_g1_i3:660-1619   -            320 164767at33208        -            703   1.3e-08   31.4   0.2   2   3      0.07       1.7    4.5   0.0   496   554    67   131    64   136 0.75 -
Pdum_DN81583_c1_g1_i3:660-1619   -            320 164767at33208        -            703   1.3e-08   31.4   0.2   3   3   2.7e-06   6.7e-05   19.0   0.0   150   261   188   311   185   317 0.55 -
Pdum_DN75190_c1_g2_i8:2335-2706  -            124 164767at33208        -            703   1.7e-08   30.9   3.5   1   2   1.1e-08   2.8e-07   26.9   0.3   464   528    27    89     7   101 0.84 -
Pdum_DN75190_c1_g2_i8:2335-2706  -            124 164767at33208        -            703   1.7e-08   30.9   3.5   2   2     0.039      0.96    5.3   0.3   503   521   104   122    98   124 0.83 -
Pdum_DN84536_c0_g1_i1:2255-2878  -            208 164767at33208        -            703   1.7e-08   30.9   0.1   1   2   0.00031    0.0076   12.2   0.0   239   276    43    81    14   116 0.90 -
Pdum_DN84536_c0_g1_i1:2255-2878  -            208 164767at33208        -            703   1.7e-08   30.9   0.1   2   2     1e-05   0.00025   17.1   0.0   465   522   149   206   131   208 0.84 -
Pdum_DN66431_c0_g1_i1:1561-2364  -            268 164767at33208        -            703   4.2e-08   29.6   0.2   1   3   8.7e-06   0.00021   17.4   0.2   171   271    25   121     6   157 0.75 -
Pdum_DN66431_c0_g1_i1:1561-2364  -            268 164767at33208        -            703   4.2e-08   29.6   0.2   2   3   1.1e-05   0.00027   17.0   0.0   215   317   107   201   104   209 0.85 -
Pdum_DN66431_c0_g1_i1:1561-2364  -            268 164767at33208        -            703   4.2e-08   29.6   0.2   3   3     0.062       1.5    4.6   0.0   483   516   169   202   164   222 0.88 -
Pdum_DN88423_c1_g1_i2:993-1421   -            143 164767at33208        -            703   4.6e-08   29.5   1.1   1   1   8.7e-08   2.1e-06   24.0   1.2   431   517    17   119     5   124 0.43 -
Pdum_DN92425_c3_g2_i1:539-1228   -            230 164767at33208        -            703   7.1e-08   28.9   1.1   1   3   1.2e-05   0.00028   17.0   0.1   458   531    17    94    11   107 0.81 -
Pdum_DN92425_c3_g2_i1:539-1228   -            230 164767at33208        -            703   7.1e-08   28.9   1.1   2   3       2.3        57   -0.6   0.0   512   541   114   144   107   146 0.81 -
Pdum_DN92425_c3_g2_i1:539-1228   -            230 164767at33208        -            703   7.1e-08   28.9   1.1   3   3    0.0047      0.11    8.3   0.0   459   537   147   223   141   229 0.83 -
Pdum_DN84002_c0_g1_i8:796-1551   -            252 164767at33208        -            703   8.7e-08   28.6   0.5   1   3     0.036      0.89    5.4   0.0   502   521    10    29     2    36 0.87 -
Pdum_DN84002_c0_g1_i8:796-1551   -            252 164767at33208        -            703   8.7e-08   28.6   0.5   2   3   8.8e-07   2.1e-05   20.7   0.1   442   516    42   116    28   122 0.85 -
Pdum_DN84002_c0_g1_i8:796-1551   -            252 164767at33208        -            703   8.7e-08   28.6   0.5   3   3       5.5   1.4e+02   -1.8   0.0   257   320   147   211   141   217 0.68 -
Pdum_DN90796_c3_g1_i4:1517-2605  -            363 164767at33208        -            703   9.1e-08   28.5   0.3   1   5      0.54        13    1.5   0.0   239   275     3    39     1    44 0.89 -
Pdum_DN90796_c3_g1_i4:1517-2605  -            363 164767at33208        -            703   9.1e-08   28.5   0.3   2   5      0.43        11    1.9   0.0   484   546    87   149    82   155 0.87 -
Pdum_DN90796_c3_g1_i4:1517-2605  -            363 164767at33208        -            703   9.1e-08   28.5   0.3   3   5    0.0057      0.14    8.1   0.0   460   517   146   203   136   208 0.87 -
Pdum_DN90796_c3_g1_i4:1517-2605  -            363 164767at33208        -            703   9.1e-08   28.5   0.3   4   5     0.013      0.31    6.9   0.1   481   523   213   255   205   263 0.88 -
Pdum_DN90796_c3_g1_i4:1517-2605  -            363 164767at33208        -            703   9.1e-08   28.5   0.3   5   5     0.072       1.8    4.4   0.0   485   517   329   362   293   363 0.77 -
Pdum_DN57990_c0_g1_i2:33-530     -            166 164767at33208        -            703     1e-07   28.4   0.1   1   3      0.08         2    4.3   0.0   288   322     1    36     1    46 0.88 -
Pdum_DN57990_c0_g1_i2:33-530     -            166 164767at33208        -            703     1e-07   28.4   0.1   2   3    0.0033      0.08    8.9   0.0   486   551    49   117    36   122 0.79 -
Pdum_DN57990_c0_g1_i2:33-530     -            166 164767at33208        -            703     1e-07   28.4   0.1   3   3     2e-05   0.00049   16.2   0.0   459   517   108   166   102   166 0.94 -
Pdum_DN82224_c0_g1_i1:2783-3526  -            248 164767at33208        -            703     1e-07   28.3   3.9   1   3    0.0074      0.18    7.7   0.0   485   520     4    39     1    46 0.90 -
Pdum_DN82224_c0_g1_i1:2783-3526  -            248 164767at33208        -            703     1e-07   28.3   3.9   2   3    0.0018     0.045    9.7   0.1   180   234    29    81    23   101 0.83 -
Pdum_DN82224_c0_g1_i1:2783-3526  -            248 164767at33208        -            703     1e-07   28.3   3.9   3   3   0.00016     0.004   13.2   0.2   477   522   107   152   103   159 0.88 -
Pdum_DN88741_c1_g1_i6:2841-3650  -            270 164767at33208        -            703   1.1e-07   28.3   1.4   1   2     0.072       1.8    4.4   0.1   250   323    12    90     2    98 0.66 -
Pdum_DN88741_c1_g1_i6:2841-3650  -            270 164767at33208        -            703   1.1e-07   28.3   1.4   2   2     5e-08   1.2e-06   24.8   0.4   132   319    73   266    60   269 0.77 -
Pdum_DN92880_c2_g1_i2:4337-5176  -            280 164767at33208        -            703   1.2e-07   28.1   0.2   1   3         1        25    0.6   0.0   218   236    29    47    17   131 0.72 -
Pdum_DN92880_c2_g1_i2:4337-5176  -            280 164767at33208        -            703   1.2e-07   28.1   0.2   2   3      0.22       5.4    2.8   0.0   484   547    98   168    84   171 0.75 -
Pdum_DN92880_c2_g1_i2:4337-5176  -            280 164767at33208        -            703   1.2e-07   28.1   0.2   3   3   6.9e-08   1.7e-06   24.3   0.0   212   273   161   222   154   271 0.82 -
Pdum_DN84963_c1_g1_i6:1317-3311  -            665 164767at33208        -            703   1.2e-07   28.1   0.4   1   3    0.0009     0.022   10.7   0.1   208   516    49   111    33   119 0.41 -
Pdum_DN84963_c1_g1_i6:1317-3311  -            665 164767at33208        -            703   1.2e-07   28.1   0.4   2   3   2.7e-06   6.7e-05   19.0   0.3   457   518    94   156    88   165 0.91 -
Pdum_DN84963_c1_g1_i6:1317-3311  -            665 164767at33208        -            703   1.2e-07   28.1   0.4   3   3       3.8        94   -1.3   0.0   485   515   632   662   627   663 0.88 -
Pdum_DN86637_c0_g1_i2:178-705    -            176 164767at33208        -            703   1.4e-07   27.9   0.1   1   1   7.4e-09   1.8e-07   27.5   0.1   211   324     9   125     1   156 0.83 -
Pdum_DN67795_c0_g1_i2:1517-2137  -            207 164767at33208        -            703   1.7e-07   27.6   0.0   1   2   1.2e-05   0.00029   16.9   0.1   217   318    19   115     2   133 0.60 -
Pdum_DN67795_c0_g1_i2:1517-2137  -            207 164767at33208        -            703   1.7e-07   27.6   0.0   2   2    0.0044      0.11    8.4   0.0   470   516   156   207   152   207 0.81 -
Pdum_DN84582_c3_g1_i1:332-1036   -            235 164767at33208        -            703   1.8e-07   27.5   0.0   1   1   6.4e-08   1.6e-06   24.4   0.0   173   314    38   173     2   178 0.78 -
Pdum_DN73439_c0_g1_i2:1041-1721  -            227 164767at33208        -            703   1.9e-07   27.5   0.0   1   2   0.00075     0.018   11.0   0.0   239   320     7    82     1    87 0.81 -
Pdum_DN73439_c0_g1_i2:1041-1721  -            227 164767at33208        -            703   1.9e-07   27.5   0.0   2   2   1.1e-05   0.00026   17.1   0.0   471   527    77   133    75   153 0.87 -
Pdum_DN82629_c0_g1_i4:473-2515   -            681 164767at33208        -            703   4.2e-07   26.3   0.0   1   4      0.23       5.6    2.8   0.0   425   462   208   245   200   269 0.83 -
Pdum_DN82629_c0_g1_i4:473-2515   -            681 164767at33208        -            703   4.2e-07   26.3   0.0   2   4     0.021      0.52    6.2   0.0   491   516   361   386   342   392 0.76 -
Pdum_DN82629_c0_g1_i4:473-2515   -            681 164767at33208        -            703   4.2e-07   26.3   0.0   3   4    0.0012     0.029   10.3   0.0   460   547   372   468   369   477 0.75 -
Pdum_DN82629_c0_g1_i4:473-2515   -            681 164767at33208        -            703   4.2e-07   26.3   0.0   4   4      0.62        15    1.3   0.0   137   184   477   524   471   531 0.87 -
Pdum_DN78867_c0_g1_i4:315-983    -            223 164767at33208        -            703   6.5e-07   25.7   0.0   1   2     0.012      0.29    7.0   0.0   461   558    30   126     5   131 0.60 -
Pdum_DN78867_c0_g1_i4:315-983    -            223 164767at33208        -            703   6.5e-07   25.7   0.0   2   2   1.4e-06   3.4e-05   20.0   0.1   468   547   120   199   114   205 0.93 -
Pdum_DN92312_c5_g1_i1:3890-4381  -            164 164767at33208        -            703   7.6e-07   25.5   0.0   1   2   1.1e-05   0.00027   17.0   0.0   484   533     5    60     3    70 0.76 -
Pdum_DN92312_c5_g1_i1:3890-4381  -            164 164767at33208        -            703   7.6e-07   25.5   0.0   2   2     0.016      0.39    6.6   0.0   465   522    82   139    69   153 0.67 -
Pdum_DN90517_c4_g2_i3:211-1731   -            507 164767at33208        -            703   1.1e-06   25.0   0.8   1   3       0.8        20    1.0   0.0   485   515    72   103    70   125 0.76 -
Pdum_DN90517_c4_g2_i3:211-1731   -            507 164767at33208        -            703   1.1e-06   25.0   0.8   2   3   0.00078     0.019   10.9   0.0   218   512   276   325   257   337 0.56 -
Pdum_DN90517_c4_g2_i3:211-1731   -            507 164767at33208        -            703   1.1e-06   25.0   0.8   3   3     0.002     0.048    9.6   0.2   487   556   355   426   348   436 0.82 -
Pdum_DN74254_c0_g1_i10:1266-1853 -            196 164767at33208        -            703   1.1e-06   25.0   0.2   1   2   5.4e-07   1.3e-05   21.4   0.0   389   425     8    44     2    77 0.81 -
Pdum_DN74254_c0_g1_i10:1266-1853 -            196 164767at33208        -            703   1.1e-06   25.0   0.2   2   2      0.45        11    1.8   0.0    98   124   153   179    89   190 0.66 -
Pdum_DN83005_c1_g1_i1:16-1335    -            440 164767at33208        -            703   1.1e-06   24.9   5.6   1   3      0.14       3.5    3.4   0.1   495   527     9    41     4    55 0.83 -
Pdum_DN83005_c1_g1_i1:16-1335    -            440 164767at33208        -            703   1.1e-06   24.9   5.6   2   3   2.1e-05   0.00051   16.1   0.4   486   546   112   173    77   177 0.71 -
Pdum_DN83005_c1_g1_i1:16-1335    -            440 164767at33208        -            703   1.1e-06   24.9   5.6   3   3     0.056       1.4    4.8   0.0   470   494   178   202   175   245 0.73 -
Pdum_DN83917_c0_g1_i10:2-1282    -            427 164767at33208        -            703   1.2e-06   24.8   0.6   1   2      0.15       3.8    3.3   0.0   293   327   159   192   142   224 0.62 -
Pdum_DN83917_c0_g1_i10:2-1282    -            427 164767at33208        -            703   1.2e-06   24.8   0.6   2   2   2.5e-06   6.2e-05   19.1   0.2   437   547   278   395   262   406 0.77 -
Pdum_DN90079_c2_g2_i8:1469-1858  -            130 164767at33208        -            703   1.3e-06   24.7   0.0   1   1   5.7e-08   1.4e-06   24.6   0.0   464   526    47   111     5   119 0.84 -
Pdum_DN71445_c0_g2_i2:766-1509   -            248 164767at33208        -            703   1.6e-06   24.4   1.4   1   3   9.6e-07   2.3e-05   20.5   0.2   478   533    20    75     1    82 0.86 -
Pdum_DN71445_c0_g2_i2:766-1509   -            248 164767at33208        -            703   1.6e-06   24.4   1.4   2   3       2.7        66   -0.8   0.0   439   454    88   103    83   121 0.62 -
Pdum_DN71445_c0_g2_i2:766-1509   -            248 164767at33208        -            703   1.6e-06   24.4   1.4   3   3      0.89        22    0.8   0.0   201   452   217   244   131   248 0.71 -
Pdum_DN89812_c3_g1_i3:2-727      -            242 164767at33208        -            703   1.7e-06   24.3   0.1   1   3     0.031      0.77    5.6   0.0   225   270    34    78    28    81 0.77 -
Pdum_DN89812_c3_g1_i3:2-727      -            242 164767at33208        -            703   1.7e-06   24.3   0.1   2   3   3.5e-05   0.00087   15.4   0.0   480   529    87   136    82   167 0.87 -
Pdum_DN89812_c3_g1_i3:2-727      -            242 164767at33208        -            703   1.7e-06   24.3   0.1   3   3         2        50   -0.4   0.0   269   311   165   206   151   213 0.71 -
Pdum_DN90581_c4_g3_i1:18-467     -            150 164767at33208        -            703   1.8e-06   24.2   0.5   1   1   3.4e-06   8.2e-05   18.7   0.5   458   550    49   145     2   150 0.79 -
Pdum_DN92828_c4_g1_i1:1100-1621  -            174 164767at33208        -            703   2.3e-06   23.9   3.4   1   2   6.7e-05    0.0016   14.4   0.7   485   556     2    75     1    90 0.83 -
Pdum_DN92828_c4_g1_i1:1100-1621  -            174 164767at33208        -            703   2.3e-06   23.9   3.4   2   2    0.0019     0.047    9.6   0.1   169   229   107   168    88   174 0.62 -
Pdum_DN71483_c1_g1_i1:599-1228   -            210 164767at33208        -            703   2.4e-06   23.8   0.8   1   2    0.0013     0.032   10.2   0.0   483   522    65   105    55   110 0.83 -
Pdum_DN71483_c1_g1_i1:599-1228   -            210 164767at33208        -            703   2.4e-06   23.8   0.8   2   2   0.00052     0.013   11.5   0.4   483   551   115   185   105   190 0.83 -
Pdum_DN90254_c2_g1_i7:1612-2445  -            278 164767at33208        -            703   2.5e-06   23.8   0.0   1   3   7.1e-05    0.0017   14.4   0.0   179   304    35   171    32   183 0.71 -
Pdum_DN90254_c2_g1_i7:1612-2445  -            278 164767at33208        -            703   2.5e-06   23.8   0.0   2   3    0.0057      0.14    8.1   0.0   200   270   156   234   141   241 0.78 -
Pdum_DN90254_c2_g1_i7:1612-2445  -            278 164767at33208        -            703   2.5e-06   23.8   0.0   3   3      0.03      0.74    5.7   0.0   484   527   197   246   189   261 0.64 -
Pdum_DN77965_c1_g1_i1:1646-2635  -            330 164767at33208        -            703   2.7e-06   23.6  12.0   1   5      0.14       3.5    3.4   0.6   483   551     6    78     1    85 0.66 -
Pdum_DN77965_c1_g1_i1:1646-2635  -            330 164767at33208        -            703   2.7e-06   23.6  12.0   2   5   0.00029    0.0072   12.3   0.7   487   557    55   127    46   128 0.82 -
Pdum_DN77965_c1_g1_i1:1646-2635  -            330 164767at33208        -            703   2.7e-06   23.6  12.0   3   5   0.00022    0.0053   12.7   1.8   480   551    92   167    70   173 0.76 -
Pdum_DN77965_c1_g1_i1:1646-2635  -            330 164767at33208        -            703   2.7e-06   23.6  12.0   4   5    0.0095      0.23    7.3   0.3   483   516   184   217   176   222 0.93 -
Pdum_DN77965_c1_g1_i1:1646-2635  -            330 164767at33208        -            703   2.7e-06   23.6  12.0   5   5      0.22       5.4    2.8   0.0   486   516   296   327   287   329 0.54 -
Pdum_DN89782_c4_g2_i2:556-4518   -           1321 164767at33208        -            703   3.2e-06   23.4   0.1   1   3    0.0036     0.087    8.7   0.0   501   563    25    86    16    92 0.91 -
Pdum_DN89782_c4_g2_i2:556-4518   -           1321 164767at33208        -            703   3.2e-06   23.4   0.1   2   3      0.38       9.4    2.0   0.0   131   189   110   167    86   195 0.66 -
Pdum_DN89782_c4_g2_i2:556-4518   -           1321 164767at33208        -            703   3.2e-06   23.4   0.1   3   3    0.0036     0.088    8.7   0.0   174   270   201   299   191   312 0.77 -
Pdum_DN73667_c0_g1_i4:202-1662   -            487 164767at33208        -            703   3.9e-06   23.1   1.9   1   2   1.3e-05   0.00032   16.8   0.6   455   559   159   274   144   285 0.80 -
Pdum_DN73667_c0_g1_i4:202-1662   -            487 164767at33208        -            703   3.9e-06   23.1   1.9   2   2     0.031      0.76    5.6   0.0   490   546   289   345   274   356 0.88 -
Pdum_DN73864_c0_g1_i1:430-1335   -            302 164767at33208        -            703   4.1e-06   23.1   0.0   1   2      0.17       4.2    3.2   0.0   202   270    34   101     2   149 0.65 -
Pdum_DN73864_c0_g1_i1:430-1335   -            302 164767at33208        -            703   4.1e-06   23.1   0.0   2   2     8e-06    0.0002   17.5   0.0   144   269   156   280    97   297 0.64 -
Pdum_DN70029_c0_g1_i5:236-670    -            145 164767at33208        -            703   4.5e-06   22.9   0.0   1   2   0.00067     0.016   11.1   0.0   484   517    17    51    12    57 0.58 -
Pdum_DN70029_c0_g1_i5:236-670    -            145 164767at33208        -            703   4.5e-06   22.9   0.0   2   2    0.0016     0.038    9.9   0.0   198   264    68   140    60   145 0.76 -
Pdum_DN82853_c0_g1_i2:2495-3019  -            175 164767at33208        -            703   6.2e-06   22.5   0.2   1   1   9.4e-07   2.3e-05   20.6   0.2   204   530     9    92     1   124 0.48 -
Pdum_DN86351_c0_g1_i1:4485-5351  -            289 164767at33208        -            703     7e-06   22.3   0.0   1   2     0.041      0.99    5.2   0.0   189   232   110   153    88   159 0.81 -
Pdum_DN86351_c0_g1_i1:4485-5351  -            289 164767at33208        -            703     7e-06   22.3   0.0   2   2   4.6e-05    0.0011   15.0   0.0   160   270   169   286   164   287 0.88 -
Pdum_DN84002_c0_g1_i8:2338-3012  -            225 164767at33208        -            703   8.7e-06   22.0   0.7   1   3   0.00053     0.013   11.5   0.1   483   519     7    44     2    59 0.84 -
Pdum_DN84002_c0_g1_i8:2338-3012  -            225 164767at33208        -            703   8.7e-06   22.0   0.7   2   3    0.0034     0.082    8.8   0.0   458   515    75   131    56   150 0.53 -
Pdum_DN84002_c0_g1_i8:2338-3012  -            225 164767at33208        -            703   8.7e-06   22.0   0.7   3   3     0.041      0.99    5.2   0.0   456   510   114   169    87   200 0.62 -
Pdum_DN86525_c0_g1_i1:704-1231   -            176 164767at33208        -            703   1.1e-05   21.6   0.0   1   1   5.1e-06   0.00012   18.2   0.0   140   274     6   143     3   155 0.78 -
Pdum_DN92312_c4_g1_i6:372-914    -            181 164767at33208        -            703   1.2e-05   21.6   4.1   1   3    0.0063      0.15    7.9   0.1   489   518     8    37     4    46 0.87 -
Pdum_DN92312_c4_g1_i6:372-914    -            181 164767at33208        -            703   1.2e-05   21.6   4.1   2   3   0.00013    0.0032   13.5   0.3   485   536    49   103    41   111 0.79 -
Pdum_DN92312_c4_g1_i6:372-914    -            181 164767at33208        -            703   1.2e-05   21.6   4.1   3   3       1.5        36    0.1   0.0   211   231   158   178   140   181 0.71 -
Pdum_DN89224_c5_g2_i10:3220-3918 -            233 164767at33208        -            703   1.6e-05   21.1   3.8   1   2      0.61        15    1.3   0.7   451   517    50   118    32   122 0.74 -
Pdum_DN89224_c5_g2_i10:3220-3918 -            233 164767at33208        -            703   1.6e-05   21.1   3.8   2   2   1.1e-06   2.7e-05   20.3   0.1   452   519   138   206   125   211 0.82 -
Pdum_DN80615_c0_g2_i1:231-1205   -            325 164767at33208        -            703   1.9e-05   20.9   0.1   1   3      0.02      0.49    6.3   0.0   387   431     6    50     1    87 0.78 -
Pdum_DN80615_c0_g2_i1:231-1205   -            325 164767at33208        -            703   1.9e-05   20.9   0.1   2   3   0.00058     0.014   11.3   0.0   219   516   129   181   115   191 0.58 -
Pdum_DN80615_c0_g2_i1:231-1205   -            325 164767at33208        -            703   1.9e-05   20.9   0.1   3   3       5.1   1.3e+02   -1.7   0.0   511   538   227   254   203   301 0.59 -
Pdum_DN89096_c2_g3_i4:2-1384     -            461 164767at33208        -            703   1.9e-05   20.8   0.7   1   3   0.00072     0.018   11.0   0.0   478   554    96   172    74   180 0.86 -
Pdum_DN89096_c2_g3_i4:2-1384     -            461 164767at33208        -            703   1.9e-05   20.8   0.7   2   3     0.011      0.26    7.2   0.0   485   548   185   248   179   255 0.87 -
Pdum_DN89096_c2_g3_i4:2-1384     -            461 164767at33208        -            703   1.9e-05   20.8   0.7   3   3       9.7   2.4e+02   -2.6   0.1   200   236   269   304   266   318 0.82 -
Pdum_DN72823_c0_g2_i2:1154-1981  -            276 164767at33208        -            703   2.1e-05   20.7   0.3   1   3      0.62        15    1.3   0.0   499   533     6    40     1    51 0.75 -
Pdum_DN72823_c0_g2_i2:1154-1981  -            276 164767at33208        -            703   2.1e-05   20.7   0.3   2   3    0.0023     0.056    9.4   0.0   485   544    73   130    67   151 0.78 -
Pdum_DN72823_c0_g2_i2:1154-1981  -            276 164767at33208        -            703   2.1e-05   20.7   0.3   3   3      0.02      0.49    6.3   0.0   202   253   216   265   211   276 0.71 -
Pdum_DN91312_c3_g1_i1:2567-3481  -            305 164767at33208        -            703   2.5e-05   20.5   0.2   1   3     0.069       1.7    4.5   0.0   201   232     1    32     1    37 0.79 -
Pdum_DN91312_c3_g1_i1:2567-3481  -            305 164767at33208        -            703   2.5e-05   20.5   0.2   2   3    0.0063      0.15    7.9   0.0   485   550    45   110    35   121 0.74 -
Pdum_DN91312_c3_g1_i1:2567-3481  -            305 164767at33208        -            703   2.5e-05   20.5   0.2   3   3      0.13       3.2    3.6   0.0   205   270   232   305   205   305 0.64 -
Pdum_DN91057_c2_g1_i2:7938-8480  -            181 164767at33208        -            703   3.2e-05   20.1   0.0   1   1   1.8e-06   4.5e-05   19.6   0.0   133   232     5   114     1   129 0.73 -
Pdum_DN61369_c0_g1_i1:1242-1787  -            182 164767at33208        -            703   3.7e-05   19.9   0.0   1   2       3.6        88   -1.2   0.0   144   228    10    51     3    60 0.59 -
Pdum_DN61369_c0_g1_i1:1242-1787  -            182 164767at33208        -            703   3.7e-05   19.9   0.0   2   2   4.4e-06   0.00011   18.4   0.0   173   239    92   158    77   179 0.82 -
Pdum_DN80657_c0_g1_i8:864-1619   -            252 164767at33208        -            703   4.1e-05   19.7   1.1   1   2     0.017      0.42    6.5   0.1   483   547    69   134    56   142 0.77 -
Pdum_DN80657_c0_g1_i8:864-1619   -            252 164767at33208        -            703   4.1e-05   19.7   1.1   2   2    0.0009     0.022   10.7   0.1   468   551   142   226   137   240 0.82 -
Pdum_DN92600_c5_g2_i1:144-365    -             74 164767at33208        -            703   5.2e-05   19.4   0.0   1   1   2.3e-06   5.6e-05   19.3   0.0   459   517    16    74     9    74 0.94 -
Pdum_DN90616_c3_g1_i1:602-1432   -            277 164767at33208        -            703   5.4e-05   19.4   0.2   1   2   0.00016    0.0039   13.2   0.1   498   546    58   106     2   108 0.71 -
Pdum_DN90616_c3_g1_i1:602-1432   -            277 164767at33208        -            703   5.4e-05   19.4   0.2   2   2     0.075       1.8    4.4   0.0   489   533    90   135    83   144 0.82 -
Pdum_DN70256_c0_g1_i2:778-1377   -            200 164767at33208        -            703   5.7e-05   19.3   0.0   1   2       1.2        29    0.4   0.0   394   415     6    27     2    45 0.77 -
Pdum_DN70256_c0_g1_i2:778-1377   -            200 164767at33208        -            703   5.7e-05   19.3   0.0   2   2   1.3e-05   0.00031   16.8   0.0   133   233    94   193    35   200 0.88 -
Pdum_DN87384_c0_g1_i3:1267-1899  -            211 164767at33208        -            703   7.8e-05   18.8   0.0   1   1   6.2e-06   0.00015   17.9   0.0   486   549   140   204   119   211 0.78 -
Pdum_DN91578_c1_g1_i1:293-997    -            235 164767at33208        -            703   0.00011   18.4   0.1   1   2       2.6        64   -0.7   0.0   131   163     7    39     2    62 0.55 -
Pdum_DN91578_c1_g1_i1:293-997    -            235 164767at33208        -            703   0.00011   18.4   0.1   2   2   1.6e-05    0.0004   16.5   0.0   149   270   109   226    73   231 0.61 -
Pdum_DN66486_c0_g1_i1:419-1648   -            410 164767at33208        -            703   0.00012   18.2   1.6   1   3       3.7        92   -1.3   0.0   279   337    59   115    39   122 0.65 -
Pdum_DN66486_c0_g1_i1:419-1648   -            410 164767at33208        -            703   0.00012   18.2   1.6   2   3   1.4e-05   0.00035   16.7   0.1   455   525   161   231   148   238 0.94 -
Pdum_DN66486_c0_g1_i1:419-1648   -            410 164767at33208        -            703   0.00012   18.2   1.6   3   3       4.9   1.2e+02   -1.6   0.0   240   270   347   378   334   380 0.72 -
Pdum_DN90162_c3_g1_i6:3068-3295  -             76 164767at33208        -            703   0.00013   18.0   0.0   1   1   5.9e-06   0.00014   17.9   0.0   214   270    20    76     7    76 0.84 -
Pdum_DN87538_c0_g1_i11:59-631    -            191 164767at33208        -            703   0.00019   17.6   0.0   1   1   8.2e-06    0.0002   17.5   0.0   241   321     3    82     1   134 0.75 -
Pdum_DN91159_c2_g2_i3:4324-5103  -            260 164767at33208        -            703   0.00022   17.3   0.1   1   2     0.034      0.82    5.5   0.0   467   517    16    66     4    78 0.65 -
Pdum_DN91159_c2_g2_i3:4324-5103  -            260 164767at33208        -            703   0.00022   17.3   0.1   2   2    0.0016      0.04    9.8   0.0   216   277   101   164    94   169 0.78 -
Pdum_DN89809_c3_g1_i10:6324-7073 -            250 164767at33208        -            703   0.00035   16.7   0.3   1   2   0.00047     0.012   11.6   0.0   486   523     1    39     1    45 0.87 -
Pdum_DN89809_c3_g1_i10:6324-7073 -            250 164767at33208        -            703   0.00035   16.7   0.3   2   2      0.17       4.1    3.2   0.0   485   526    50    92    42   122 0.68 -
Pdum_DN91069_c3_g1_i7:2506-3243  -            246 164767at33208        -            703   0.00036   16.6   0.5   1   2     0.061       1.5    4.7   0.4   437   461    50    74    32   120 0.76 -
Pdum_DN91069_c3_g1_i7:2506-3243  -            246 164767at33208        -            703   0.00036   16.6   0.5   2   2    0.0021     0.052    9.5   0.0   131   184   192   245   180   246 0.92 -
Pdum_DN82465_c0_g2_i1:488-1204   -            239 164767at33208        -            703   0.00065   15.8   0.3   1   4       3.2        77   -1.0   0.0   503   535     2    35     1    47 0.74 -
Pdum_DN82465_c0_g2_i1:488-1204   -            239 164767at33208        -            703   0.00065   15.8   0.3   2   4       4.1        99   -1.4   0.0   214   229   130   145   106   152 0.63 -
Pdum_DN82465_c0_g2_i1:488-1204   -            239 164767at33208        -            703   0.00065   15.8   0.3   3   4      0.16         4    3.2   0.0    11    43   169   201   165   203 0.88 -
Pdum_DN82465_c0_g2_i1:488-1204   -            239 164767at33208        -            703   0.00065   15.8   0.3   4   4   0.00047     0.011   11.6   0.0   468   516   191   238   173   239 0.81 -
Pdum_DN90172_c5_g1_i3:2389-3285  -            299 164767at33208        -            703   0.00071   15.6   0.5   1   3         1        25    0.6   0.0   503   527   139   163   124   174 0.78 -
Pdum_DN90172_c5_g1_i3:2389-3285  -            299 164767at33208        -            703   0.00071   15.6   0.5   2   3       1.5        37    0.0   0.0   482   518   171   210   162   218 0.72 -
Pdum_DN90172_c5_g1_i3:2389-3285  -            299 164767at33208        -            703   0.00071   15.6   0.5   3   3   0.00054     0.013   11.4   0.1   454   517   234   299   203   299 0.82 -
Pdum_DN90517_c4_g1_i5:2-985      -            328 164767at33208        -            703   0.00076   15.6   0.4   1   3     0.041         1    5.2   0.0   281   328    47    95    38   121 0.72 -
Pdum_DN90517_c4_g1_i5:2-985      -            328 164767at33208        -            703   0.00076   15.6   0.4   2   3      0.38       9.4    2.0   0.1   241   247   101   107    58   163 0.46 -
Pdum_DN90517_c4_g1_i5:2-985      -            328 164767at33208        -            703   0.00076   15.6   0.4   3   3     0.011      0.28    7.1   0.0   480   522   201   246   175   274 0.73 -
Pdum_DN55647_c0_g1_i2:33-551     -            173 164767at33208        -            703   0.00079   15.5   0.1   1   2     0.011      0.26    7.1   0.1   241   303     2    62     1    81 0.83 -
Pdum_DN55647_c0_g1_i2:33-551     -            173 164767at33208        -            703   0.00079   15.5   0.1   2   2     0.013      0.32    6.9   0.0   471   535   105   171    65   173 0.74 -
Pdum_DN79808_c0_g1_i2:642-4217   -           1192 164767at33208        -            703    0.0009   15.3   0.2   1   2   0.00017    0.0043   13.1   0.0   459   555    31   125    12   142 0.76 -
Pdum_DN79808_c0_g1_i2:642-4217   -           1192 164767at33208        -            703    0.0009   15.3   0.2   2   2       2.7        65   -0.8   0.0   390   441   273   326   261   354 0.67 -
Pdum_DN85938_c0_g1_i1:258-608    -            117 164767at33208        -            703   0.00092   15.3   4.0   1   2   9.7e-05    0.0024   13.9   1.1   487   527     1    41     1    54 0.90 -
Pdum_DN85938_c0_g1_i1:258-608    -            117 164767at33208        -            703   0.00092   15.3   4.0   2   2      0.33       8.1    2.2   0.1   129   151    59    81    46    95 0.76 -
Pdum_DN90581_c4_g2_i3:17-301     -             95 164767at33208        -            703   0.00097   15.2   0.1   1   1   0.00024     0.006   12.6   0.1   482   541    12    74     7    89 0.69 -
Pdum_DN76178_c0_g1_i1:3394-3981  -            196 164767at33208        -            703    0.0013   14.8   0.1   1   2    0.0048      0.12    8.3   0.0   242   286     3    47     1    57 0.87 -
Pdum_DN76178_c0_g1_i1:3394-3981  -            196 164767at33208        -            703    0.0013   14.8   0.1   2   2      0.16       3.8    3.3   0.0   164   234   116   184    67   195 0.55 -
Pdum_DN83063_c0_g1_i6:381-1082   -            234 164767at33208        -            703    0.0013   14.8   0.0   1   3       8.8   2.1e+02   -2.5   0.0   503   520     4    21     1    50 0.53 -
Pdum_DN83063_c0_g1_i6:381-1082   -            234 164767at33208        -            703    0.0013   14.8   0.0   2   3      0.18       4.3    3.1   0.0   506   554   100   151    63   155 0.82 -
Pdum_DN83063_c0_g1_i6:381-1082   -            234 164767at33208        -            703    0.0013   14.8   0.0   3   3    0.0029      0.07    9.0   0.0   483   535   165   220   155   228 0.76 -
Pdum_DN82661_c0_g1_i10:527-1123  -            199 164767at33208        -            703     0.002   14.2   0.4   1   1   0.00014    0.0034   13.4   0.5   487   543     1    56     1    79 0.90 -
Pdum_DN77384_c0_g1_i7:393-935    -            181 164767at33208        -            703    0.0027   13.7   0.0   1   1   0.00012    0.0029   13.6   0.0   175   272    82   180    42   181 0.79 -
Pdum_DN85168_c0_g1_i2:546-2090   -            515 164767at33208        -            703    0.0032   13.5   0.2   1   3   0.00013    0.0032   13.5   0.2   172   275   154   260    73   269 0.78 -
Pdum_DN85168_c0_g1_i2:546-2090   -            515 164767at33208        -            703    0.0032   13.5   0.2   2   3      0.96        23    0.7   0.1   499   548   338   388   318   397 0.68 -
Pdum_DN85168_c0_g1_i2:546-2090   -            515 164767at33208        -            703    0.0032   13.5   0.2   3   3       8.6   2.1e+02   -2.5   0.1   480   515   472   511   469   514 0.74 -
Pdum_DN74905_c1_g1_i2:2-1102     -            367 164767at33208        -            703     0.005   12.8   0.0   1   1   0.00039    0.0095   11.9   0.0   210   322    70   180    59   191 0.84 -
Pdum_DN77163_c0_g1_i7:250-627    -            126 164767at33208        -            703    0.0068   12.4   0.0   1   1   0.00046     0.011   11.7   0.0   213   253     9    49     3    72 0.79 -
Pdum_DN77673_c0_g1_i3:1295-1852  -            186 164767at33208        -            703    0.0079   12.2   0.1   1   2      0.11       2.6    3.9   0.0   480   540    14    74     8    80 0.88 -
Pdum_DN77673_c0_g1_i3:1295-1852  -            186 164767at33208        -            703    0.0079   12.2   0.1   2   2     0.016       0.4    6.6   0.0   214   297    86   163    75   184 0.55 -
Pdum_DN69324_c0_g1_i2:232-1023   -            264 164767at33208        -            703     0.008   12.2   0.1   1   1    0.0013     0.032   10.2   0.1   258   322    35    97    15   106 0.71 -
Pdum_DN78364_c0_g2_i1:5-400      -            132 164767at33208        -            703     0.012   11.5   0.0   1   1   0.00063     0.015   11.2   0.0   198   298    35   130    26   132 0.68 -
Pdum_DN71959_c0_g1_i4:1320-1871  -            184 164767at33208        -            703     0.014   11.4   0.0   1   2    0.0021      0.05    9.5   0.0   457   515    18    78     3    82 0.82 -
Pdum_DN71959_c0_g1_i4:1320-1871  -            184 164767at33208        -            703     0.014   11.4   0.0   2   2       2.5        62   -0.7   0.0   295   337   108   150    92   168 0.75 -
Pdum_DN90416_c1_g1_i6:5174-6010  -            279 164767at33208        -            703     0.018   11.0   1.7   1   3         5   1.2e+02   -1.7   0.0   442   457    79    94    56   105 0.60 -
Pdum_DN90416_c1_g1_i6:5174-6010  -            279 164767at33208        -            703     0.018   11.0   1.7   2   3     0.044       1.1    5.1   0.1   239   321   138   224   130   235 0.78 -
Pdum_DN90416_c1_g1_i6:5174-6010  -            279 164767at33208        -            703     0.018   11.0   1.7   3   3     0.091       2.2    4.1   0.1   484   517   247   279   234   279 0.85 -
Pdum_DN80062_c1_g1_i8:396-980    -            195 164767at33208        -            703     0.038    9.9   0.4   1   3     0.053       1.3    4.9   0.1   250   275     8    32     1    77 0.68 -
Pdum_DN80062_c1_g1_i8:396-980    -            195 164767at33208        -            703     0.038    9.9   0.4   2   3      0.17       4.1    3.2   0.0   227   270    87   132    57   146 0.62 -
Pdum_DN80062_c1_g1_i8:396-980    -            195 164767at33208        -            703     0.038    9.9   0.4   3   3       8.6   2.1e+02   -2.5   0.0   423   452   149   178   142   183 0.80 -
Pdum_DN87740_c0_g1_i7:59-2773    -            905 164767at33208        -            703     0.076    8.9   3.8   1   3       6.9   1.7e+02   -2.1   0.1   583   607   348   372   331   373 0.75 -
Pdum_DN87740_c0_g1_i7:59-2773    -            905 164767at33208        -            703     0.076    8.9   3.8   2   3    0.0012      0.03   10.3   0.1   389   457   626   697   615   721 0.86 -
Pdum_DN87740_c0_g1_i7:59-2773    -            905 164767at33208        -            703     0.076    8.9   3.8   3   3        10   2.4e+02   -2.7   0.1   126   547   757   806   744   844 0.56 -
Pdum_DN75082_c2_g3_i2:17-943     -            309 164767at33208        -            703      0.61    5.9  11.3   1   3    0.0017     0.041    9.8   1.3   480   521     8    50     3    92 0.77 -
Pdum_DN75082_c2_g3_i2:17-943     -            309 164767at33208        -            703      0.61    5.9  11.3   2   3      0.42        10    1.9   0.3   485   531   112   160   103   176 0.77 -
Pdum_DN75082_c2_g3_i2:17-943     -            309 164767at33208        -            703      0.61    5.9  11.3   3   3       1.9        47   -0.3   0.2   483   515   276   308   268   309 0.80 -
#
# Program:         hmmsearch
# Version:         3.1b2 (February 2015)
# Pipeline mode:   SEARCH
# Query file:      /mnt/f/phylo/WORMS/busco_analysis/busco_downloads/lineages/metazoa_odb10/hmms/164767at33208.hmm
# Target file:     /mnt/f/phylo/WORMS/busco_analysis/metazoa_lineage_result/run_metazoa_odb10/metaeuk_output/initial_results/Platynereis_ref.eggnog_filter.nucl.fasta.modified.fas
# Option settings: hmmsearch --domtblout /mnt/f/phylo/WORMS/busco_analysis/metazoa_lineage_result/run_metazoa_odb10/hmmer_output/initial_run_results/164767at33208.out --cpu 1 /mnt/f/phylo/WORMS/busco_analysis/busco_downloads/lineages/metazoa_odb10/hmms/164767at33208.hmm /mnt/f/phylo/WORMS/busco_analysis/metazoa_lineage_result/run_metazoa_odb10/metaeuk_output/initial_results/Platynereis_ref.eggnog_filter.nucl.fasta.modified.fas 
# Current dir:     /mnt/f/phylo/WORMS/busco_analysis
# Date:            Sun Mar 12 20:41:38 2023
# [ok]
