#                                                                                        --- full sequence --- -------------- this domain -------------   hmm coord   ali coord   env coord
# target name                    accession   tlen query name           accession   qlen   E-value  score  bias   #  of  c-Evalue  i-Evalue  score  bias  from    to  from    to  from    to  acc description of target
#            ------------------- ---------- ----- -------------------- ---------- ----- --------- ------ ----- --- --- --------- --------- ------ ----- ----- ----- ----- ----- ----- ----- ---- ---------------------
Pdum_DN88379_c0_g1_i1:132-2336   -            735 177858at33208        -            591  7.7e-282  933.8   8.3   1   3   3.3e-39   2.5e-37  126.3   0.1     1    71     2    72     2    81 0.96 -
Pdum_DN88379_c0_g1_i1:132-2336   -            735 177858at33208        -            591  7.7e-282  933.8   8.3   2   3   5.8e-50   4.5e-48  161.8   2.2    69   196    90   246    85   251 0.85 -
Pdum_DN88379_c0_g1_i1:132-2336   -            735 177858at33208        -            591  7.7e-282  933.8   8.3   3   3  3.2e-197  2.5e-195  648.1   0.0   203   591   286   727   274   727 0.90 -
Pdum_DN81723_c0_g1_i1:1002-2198  -            399 177858at33208        -            591   1.1e-55  186.9   0.1   1   3   2.4e-08   1.9e-06   24.4   0.0     6    59    12    65     6    74 0.91 -
Pdum_DN81723_c0_g1_i1:1002-2198  -            399 177858at33208        -            591   1.1e-55  186.9   0.1   2   3   1.7e-21   1.3e-19   67.8   0.0   200   342    76   220    67   242 0.83 -
Pdum_DN81723_c0_g1_i1:1002-2198  -            399 177858at33208        -            591   1.1e-55  186.9   0.1   3   3     1e-28     8e-27   91.6   0.0   396   506   254   367   246   375 0.92 -
Pdum_DN78091_c0_g1_i4:389-1459   -            357 177858at33208        -            591   1.1e-49  167.0   0.9   1   3   1.9e-18   1.5e-16   57.7   0.0     3    66     2    65     1    70 0.96 -
Pdum_DN78091_c0_g1_i4:389-1459   -            357 177858at33208        -            591   1.1e-49  167.0   0.9   2   3   2.7e-13   2.1e-11   40.7   0.1   207   305    70   175    62   219 0.73 -
Pdum_DN78091_c0_g1_i4:389-1459   -            357 177858at33208        -            591   1.1e-49  167.0   0.9   3   3   3.9e-21     3e-19   66.6   0.0   382   498   226   345   223   355 0.91 -
Pdum_DN75940_c0_g1_i2:1196-4401  -            411 177858at33208        -            591   2.6e-48  162.6   0.1   1   3   4.9e-11   3.8e-09   33.2   0.0     3    60    33    90    31   101 0.90 -
Pdum_DN75940_c0_g1_i2:1196-4401  -            411 177858at33208        -            591   2.6e-48  162.6   0.1   2   3   5.2e-15     4e-13   46.4   0.0   201   329   100   231    92   241 0.82 -
Pdum_DN75940_c0_g1_i2:1196-4401  -            411 177858at33208        -            591   2.6e-48  162.6   0.1   3   3   3.8e-25   2.9e-23   79.9   0.2   381   495   264   381   234   391 0.84 -
Pdum_DN80143_c2_g1_i1:1065-2234  -            390 177858at33208        -            591   2.8e-47  159.2   1.0   1   3   4.2e-11   3.2e-09   33.5   0.0     6    62    18    74    13    80 0.87 -
Pdum_DN80143_c2_g1_i1:1065-2234  -            390 177858at33208        -            591   2.8e-47  159.2   1.0   2   3   1.1e-19   8.7e-18   61.8   0.0   201   354    82   241    76   247 0.86 -
Pdum_DN80143_c2_g1_i1:1065-2234  -            390 177858at33208        -            591   2.8e-47  159.2   1.0   3   3   1.4e-19   1.1e-17   61.4   0.1   397   497   262   365   256   371 0.90 -
Pdum_DN85679_c0_g1_i8:213-1418   -            402 177858at33208        -            591   1.1e-46  157.2   0.2   1   2   3.9e-12     3e-10   36.9   0.0     3    65     2    64     1    69 0.95 -
Pdum_DN85679_c0_g1_i8:213-1418   -            402 177858at33208        -            591   1.1e-46  157.2   0.2   2   2     3e-34   2.3e-32  109.9   0.3   208   554    71   400    65   402 0.81 -
Pdum_DN90760_c2_g2_i1:528-1784   -            419 177858at33208        -            591   4.7e-46  155.1   0.1   1   3   5.2e-11     4e-09   33.1   0.0     2    61    25    84    24    90 0.92 -
Pdum_DN90760_c2_g2_i1:528-1784   -            419 177858at33208        -            591   4.7e-46  155.1   0.1   2   3   2.4e-18   1.9e-16   57.4   0.0   199   335    91   230    84   251 0.86 -
Pdum_DN90760_c2_g2_i1:528-1784   -            419 177858at33208        -            591   4.7e-46  155.1   0.1   3   3   1.3e-19     1e-17   61.6   0.0   393   497   267   374   239   381 0.90 -
Pdum_DN80245_c0_g1_i2:407-1405   -            333 177858at33208        -            591   8.1e-46  154.3   0.5   1   3   8.8e-07   6.8e-05   19.2   0.0    19    69     8    58     1    60 0.88 -
Pdum_DN80245_c0_g1_i2:407-1405   -            333 177858at33208        -            591   8.1e-46  154.3   0.5   2   3   2.7e-17   2.1e-15   53.9   0.0   205   363    58   219    54   227 0.85 -
Pdum_DN80245_c0_g1_i2:407-1405   -            333 177858at33208        -            591   8.1e-46  154.3   0.5   3   3   4.7e-25   3.6e-23   79.5   0.0   394   496   228   333   222   333 0.93 -
Pdum_DN66523_c0_g1_i3:235-1803   -            523 177858at33208        -            591   2.2e-45  152.9   0.8   1   2     1e-09   7.9e-08   28.9   0.0    20    63     7    50     3    56 0.91 -
Pdum_DN66523_c0_g1_i3:235-1803   -            523 177858at33208        -            591   2.2e-45  152.9   0.8   2   2   4.6e-38   3.6e-36  122.5   0.2   195   495    52   368    47   374 0.73 -
Pdum_DN82891_c5_g1_i1:742-1983   -            414 177858at33208        -            591   7.8e-44  147.8   0.4   1   4   1.6e-11   1.3e-09   34.8   0.0     5    65    23    83    19    96 0.84 -
Pdum_DN82891_c5_g1_i1:742-1983   -            414 177858at33208        -            591   7.8e-44  147.8   0.4   2   4   4.5e-16   3.5e-14   49.9   0.0   204   289    95   187    89   202 0.84 -
Pdum_DN82891_c5_g1_i1:742-1983   -            414 177858at33208        -            591   7.8e-44  147.8   0.4   3   4      0.91        70   -0.7   0.0   541   580   202   244   191   252 0.75 -
Pdum_DN82891_c5_g1_i1:742-1983   -            414 177858at33208        -            591   7.8e-44  147.8   0.4   4   4   8.2e-19   6.3e-17   58.9   0.0   398   498   294   397   278   409 0.88 -
Pdum_DN92841_c1_g1_i2:8029-9183  -            385 177858at33208        -            591   1.9e-42  143.2   5.4   1   3   3.3e-10   2.5e-08   30.5   0.0    12    62     5    55     2    62 0.91 -
Pdum_DN92841_c1_g1_i2:8029-9183  -            385 177858at33208        -            591   1.9e-42  143.2   5.4   2   3   2.2e-15   1.7e-13   47.6   0.2   204   334    61   194    56   221 0.78 -
Pdum_DN92841_c1_g1_i2:8029-9183  -            385 177858at33208        -            591   1.9e-42  143.2   5.4   3   3   4.5e-21   3.5e-19   66.4   0.7   391   497   227   336   214   348 0.90 -
Pdum_DN80241_c2_g1_i2:419-1648   -            410 177858at33208        -            591   3.5e-42  142.3   1.9   1   3   3.4e-14   2.6e-12   43.7   0.0     6    65     9    68     2    72 0.92 -
Pdum_DN80241_c2_g1_i2:419-1648   -            410 177858at33208        -            591   3.5e-42  142.3   1.9   2   3   4.3e-15   3.3e-13   46.6   0.1   204   324    75   202    70   239 0.74 -
Pdum_DN80241_c2_g1_i2:419-1648   -            410 177858at33208        -            591   3.5e-42  142.3   1.9   3   3   2.8e-16   2.2e-14   50.5   0.1   414   487   272   345   240   355 0.81 -
Pdum_DN67523_c0_g1_i4:51-998     -            316 177858at33208        -            591   3.4e-41  139.1   4.7   1   3   2.9e-06   0.00023   17.5   0.0    19    63     8    52     1    59 0.86 -
Pdum_DN67523_c0_g1_i4:51-998     -            316 177858at33208        -            591   3.4e-41  139.1   4.7   2   3     3e-21   2.3e-19   66.9   0.4   203   362    56   218    51   223 0.85 -
Pdum_DN67523_c0_g1_i4:51-998     -            316 177858at33208        -            591   3.4e-41  139.1   4.7   3   3   4.4e-18   3.4e-16   56.5   0.1   393   479   227   316   216   316 0.89 -
Pdum_DN84187_c0_g2_i1:9-944      -            312 177858at33208        -            591     2e-36  123.3   2.8   1   2   5.2e-07     4e-05   19.9   0.0    26    63    21    58     7    61 0.88 -
Pdum_DN84187_c0_g2_i1:9-944      -            312 177858at33208        -            591     2e-36  123.3   2.8   2   2   4.4e-29   3.4e-27   92.8   2.5   204   458    68   312    64   312 0.77 -
Pdum_DN80432_c0_g2_i1:5-1411     -            469 177858at33208        -            591   3.2e-36  122.6   2.9   1   3   3.5e-11   2.7e-09   33.7   0.0    11    64    15    68     9    81 0.87 -
Pdum_DN80432_c0_g2_i1:5-1411     -            469 177858at33208        -            591   3.2e-36  122.6   2.9   2   3   2.5e-13     2e-11   40.8   0.0   208   294    81   180    72   198 0.78 -
Pdum_DN80432_c0_g2_i1:5-1411     -            469 177858at33208        -            591   3.2e-36  122.6   2.9   3   3   2.4e-15   1.8e-13   47.5   0.2   382   495   248   364   215   372 0.84 -
Pdum_DN72720_c0_g1_i1:588-1733   -            382 177858at33208        -            591   5.6e-35  118.5   0.6   1   2     1e-16   7.8e-15   52.0   0.0     3    65     1    63     1    72 0.94 -
Pdum_DN72720_c0_g1_i1:588-1733   -            382 177858at33208        -            591   5.6e-35  118.5   0.6   2   2   7.9e-20   6.1e-18   62.3   0.5   206   497    73   375    65   379 0.78 -
Pdum_DN85617_c0_g1_i1:1355-2476  -            374 177858at33208        -            591   6.3e-35  118.4   0.3   1   2   0.00023     0.017   11.2   0.0    20    58     5    43     1    52 0.88 -
Pdum_DN85617_c0_g1_i1:1355-2476  -            374 177858at33208        -            591   6.3e-35  118.4   0.3   2   2   5.8e-32   4.5e-30  102.3   0.1   202   498    51   338    45   359 0.79 -
Pdum_DN83158_c0_g2_i1:277-1755   -            493 177858at33208        -            591   5.1e-30  102.2   0.1   1   3   9.3e-08   7.2e-06   22.4   0.0     5    61    73   129    69   135 0.92 -
Pdum_DN83158_c0_g2_i1:277-1755   -            493 177858at33208        -            591   5.1e-30  102.2   0.1   2   3   2.8e-06   0.00021   17.6   0.0   208   290   141   233   132   269 0.71 -
Pdum_DN83158_c0_g2_i1:277-1755   -            493 177858at33208        -            591   5.1e-30  102.2   0.1   3   3   9.9e-19   7.7e-17   58.6   0.0   418   496   341   420   318   433 0.86 -
Pdum_DN77144_c0_g2_i3:157-1767   -            537 177858at33208        -            591   2.7e-29   99.7   1.2   1   3   6.1e-05    0.0047   13.1   0.0    39    64    93   118    53   125 0.79 -
Pdum_DN77144_c0_g2_i3:157-1767   -            537 177858at33208        -            591   2.7e-29   99.7   1.2   2   3   1.8e-09   1.4e-07   28.0   0.0   207   288   126   223   119   244 0.73 -
Pdum_DN77144_c0_g2_i3:157-1767   -            537 177858at33208        -            591   2.7e-29   99.7   1.2   3   3   5.6e-18   4.3e-16   56.2   0.0   430   510   420   501   411   511 0.89 -
Pdum_DN92497_c1_g1_i3:0-551      -            184 177858at33208        -            591   7.9e-28   94.9   0.0   1   2   2.4e-12   1.9e-10   37.6   0.0     7    61    20    74    14    83 0.86 -
Pdum_DN92497_c1_g1_i3:0-551      -            184 177858at33208        -            591   7.9e-28   94.9   0.0   2   2   7.7e-18     6e-16   55.7   0.0   205   288    93   183    86   184 0.85 -
Pdum_DN81743_c0_g1_i14:412-1305  -            298 177858at33208        -            591   2.4e-26   90.0   0.2   1   2   1.2e-11   9.4e-10   35.2   0.2   211   353     3   148     1   158 0.77 -
Pdum_DN81743_c0_g1_i14:412-1305  -            298 177858at33208        -            591   2.4e-26   90.0   0.2   2   2   4.9e-17   3.8e-15   53.1   0.0   394   496   167   278   155   284 0.82 -
Pdum_DN88503_c2_g1_i2:128-2101   -            658 177858at33208        -            591     6e-26   88.7   0.0   1   2   5.9e-11   4.6e-09   33.0   0.0   230   337    14   122     2   131 0.80 -
Pdum_DN88503_c2_g1_i2:128-2101   -            658 177858at33208        -            591     6e-26   88.7   0.0   2   2   3.6e-17   2.8e-15   53.5   0.0   396   496   160   263   140   268 0.82 -
Pdum_DN85296_c0_g1_i7:1661-2491  -            277 177858at33208        -            591   9.9e-26   88.0   0.0   1   1   1.7e-27   1.3e-25   87.6   0.0   368   495    62   192    53   208 0.93 -
Pdum_DN77204_c1_g9_i1:2-901      -            300 177858at33208        -            591   1.2e-24   84.4   0.4   1   3   1.5e-13   1.1e-11   41.6   0.0    14    64     5    55     1    63 0.92 -
Pdum_DN77204_c1_g9_i1:2-901      -            300 177858at33208        -            591   1.2e-24   84.4   0.4   2   3   5.9e-13   4.6e-11   39.6   0.0   208   337    67   199    59   226 0.82 -
Pdum_DN77204_c1_g9_i1:2-901      -            300 177858at33208        -            591   1.2e-24   84.4   0.4   3   3      0.51        39    0.2   0.1   419   454   264   300   229   300 0.83 -
Pdum_DN92497_c2_g1_i2:1599-2393  -            265 177858at33208        -            591   3.2e-24   83.0   0.0   1   1   5.8e-26   4.5e-24   82.5   0.0   398   496    93   194    76   202 0.92 -
Pdum_DN73487_c1_g1_i8:1202-1762  -            187 177858at33208        -            591   5.7e-24   82.2   0.3   1   2   1.9e-08   1.5e-06   24.7   0.0    10    61     3    54     1    61 0.95 -
Pdum_DN73487_c1_g1_i8:1202-1762  -            187 177858at33208        -            591   5.7e-24   82.2   0.3   2   2     6e-18   4.6e-16   56.1   0.1   208   317    65   181    58   185 0.83 -
Pdum_DN87163_c1_g1_i3:2-1276     -            425 177858at33208        -            591   1.8e-22   77.3   0.2   1   2   1.3e-12     1e-10   38.4   0.0     2    61   173   232   172   241 0.95 -
Pdum_DN87163_c1_g1_i3:2-1276     -            425 177858at33208        -            591   1.8e-22   77.3   0.2   2   2   3.3e-12   2.6e-10   37.1   0.1   206   325   244   367   236   387 0.75 -
Pdum_DN83505_c0_g1_i5:2034-2504  -            157 177858at33208        -            591   3.4e-22   76.3   0.0   1   1   5.7e-24   4.4e-22   76.0   0.0   104   196    34   142    29   147 0.90 -
Pdum_DN78888_c0_g1_i2:2-1057     -            352 177858at33208        -            591   5.9e-22   75.5   0.1   1   2   3.3e-11   2.5e-09   33.8   0.1     2    63   105   166   104   176 0.92 -
Pdum_DN78888_c0_g1_i2:2-1057     -            352 177858at33208        -            591   5.9e-22   75.5   0.1   2   2   3.5e-13   2.7e-11   40.3   0.0   196   291   172   275   165   301 0.72 -
Pdum_DN82890_c0_g2_i1:648-1319   -            224 177858at33208        -            591   1.8e-21   73.9   0.0   1   1   4.4e-23   3.4e-21   73.0   0.0   399   499    71   174    58   178 0.92 -
Pdum_DN85758_c0_g1_i1:5-1366     -            454 177858at33208        -            591   2.7e-21   73.3   0.0   1   2   1.8e-07   1.4e-05   21.5   0.0     5    75   124   192   120   215 0.79 -
Pdum_DN85758_c0_g1_i1:5-1366     -            454 177858at33208        -            591   2.7e-21   73.3   0.0   2   2   4.7e-16   3.6e-14   49.8   0.0   207   317   302   425   290   443 0.80 -
Pdum_DN76963_c1_g1_i2:188-1180   -            331 177858at33208        -            591   5.1e-18   62.5   0.0   1   1   8.2e-20   6.3e-18   62.2   0.0   396   496    77   180    16   196 0.88 -
Pdum_DN79265_c1_g2_i1:2459-2989  -            177 177858at33208        -            591   7.1e-12   42.2   0.1   1   2   3.4e-10   2.6e-08   30.5   0.0     4    64    27    87    24    94 0.90 -
Pdum_DN79265_c1_g2_i1:2459-2989  -            177 177858at33208        -            591   7.1e-12   42.2   0.1   2   2   0.00037     0.028   10.5   0.0   207   280    94   177    89   177 0.74 -
Pdum_DN88503_c2_g2_i1:26-283     -             86 177858at33208        -            591   2.2e-11   40.7   0.0   1   1   3.3e-13   2.6e-11   40.4   0.0     3    61    25    83    23    85 0.95 -
Pdum_DN80116_c1_g2_i14:1736-2950 -            405 177858at33208        -            591   1.7e-08   31.1   0.2   1   2      0.38        29    0.6   0.0    31    56    11    36     6    44 0.82 -
Pdum_DN80116_c1_g2_i14:1736-2950 -            405 177858at33208        -            591   1.7e-08   31.1   0.2   2   2   1.8e-09   1.4e-07   28.0   0.1   392   487   237   342   210   352 0.73 -
Pdum_DN82890_c0_g1_i3:14-271     -             86 177858at33208        -            591   1.3e-07   28.1   0.1   1   1   1.9e-09   1.5e-07   28.0   0.1     2    60    28    86    27    86 0.96 -
Pdum_DN69090_c3_g1_i1:2467-3987  -            507 177858at33208        -            591     3e-07   27.0   0.5   1   3       1.8   1.4e+02   -1.6   0.0    28    59     9    41     6    73 0.81 -
Pdum_DN69090_c3_g1_i1:2467-3987  -            507 177858at33208        -            591     3e-07   27.0   0.5   2   3      0.19        15    1.6   0.0   262   318   110   166    93   178 0.87 -
Pdum_DN69090_c3_g1_i1:2467-3987  -            507 177858at33208        -            591     3e-07   27.0   0.5   3   3     1e-07   7.9e-06   22.3   0.2   390   486   227   332   205   345 0.80 -
Pdum_DN64287_c0_g2_i3:929-2215   -            429 177858at33208        -            591     4e-07   26.6   0.0   1   2         8   6.1e+02   -3.8   0.0    28    54    26    52    23    58 0.80 -
Pdum_DN64287_c0_g2_i3:929-2215   -            429 177858at33208        -            591     4e-07   26.6   0.0   2   2     1e-08   7.8e-07   25.6   0.0   385   489   247   363   232   374 0.77 -
Pdum_DN67100_c0_g4_i4:537-2051   -            478 177858at33208        -            591     2e-06   24.2   0.0   1   2       8.5   6.6e+02   -3.9   0.0   262   286    81   105    72   108 0.81 -
Pdum_DN67100_c0_g4_i4:537-2051   -            478 177858at33208        -            591     2e-06   24.2   0.0   2   2   5.4e-08   4.2e-06   23.2   0.0   392   492   199   309   188   326 0.82 -
Pdum_DN90808_c2_g1_i5:29-1042    -            338 177858at33208        -            591   2.6e-06   23.9   0.4   1   2       4.4   3.4e+02   -2.9   0.0    29    60    12    43     9    66 0.79 -
Pdum_DN90808_c2_g1_i5:29-1042    -            338 177858at33208        -            591   2.6e-06   23.9   0.4   2   2   5.8e-08   4.5e-06   23.1   0.1   396   493   231   331   216   336 0.85 -
Pdum_DN72561_c0_g1_i2:626-1912   -            429 177858at33208        -            591   1.9e-05   21.0   0.0   1   1   4.7e-07   3.6e-05   20.1   0.0   262   495   139   372   121   397 0.83 -
Pdum_DN82040_c3_g1_i2:1563-2027  -            155 177858at33208        -            591     2e-05   21.0   0.2   1   1   3.3e-07   2.5e-05   20.6   0.2   119   177    70   132    56   143 0.87 -
Pdum_DN84328_c0_g1_i2:1130-2086  -            319 177858at33208        -            591   2.6e-05   20.6   0.2   1   1   5.5e-07   4.2e-05   19.9   0.2   388   493    17   127     7   137 0.81 -
Pdum_DN83663_c0_g1_i2:1838-2830  -            331 177858at33208        -            591   8.5e-05   18.9   0.0   1   1   1.6e-06   0.00012   18.4   0.0   397   486   230   322   205   328 0.85 -
Pdum_DN92368_c11_g1_i1:2177-3325 -            383 177858at33208        -            591   0.00017   17.9   0.1   1   2       3.8   2.9e+02   -2.7   0.0    40    60    22    42    19    56 0.80 -
Pdum_DN92368_c11_g1_i1:2177-3325 -            383 177858at33208        -            591   0.00017   17.9   0.1   2   2   4.6e-06   0.00036   16.8   0.1   206   320    60   183    40   188 0.77 -
Pdum_DN81908_c1_g1_i2:745-1948   -            388 177858at33208        -            591   0.00093   15.4   0.1   1   3     0.059       4.6    3.2   0.0    28    74     9    58     1    77 0.76 -
Pdum_DN81908_c1_g1_i2:745-1948   -            388 177858at33208        -            591   0.00093   15.4   0.1   2   3       2.7   2.1e+02   -2.2   0.0   272   302   113   144    89   172 0.66 -
Pdum_DN81908_c1_g1_i2:745-1948   -            388 177858at33208        -            591   0.00093   15.4   0.1   3   3   0.00076     0.058    9.5   0.0   425   489   256   323   238   367 0.75 -
Pdum_DN66806_c0_g2_i2:1112-2254  -            381 177858at33208        -            591    0.0011   15.3   0.0   1   1   2.1e-05    0.0016   14.6   0.0   410   495   246   329   242   343 0.85 -
Pdum_DN83806_c0_g2_i5:2999-4324  -            442 177858at33208        -            591    0.0015   14.8   0.0   1   2    0.0065       0.5    6.4   0.0    25    60    21    57    13    94 0.88 -
Pdum_DN83806_c0_g2_i5:2999-4324  -            442 177858at33208        -            591    0.0015   14.8   0.0   2   2    0.0088      0.68    6.0   0.0   393   489   253   352   229   363 0.78 -
Pdum_DN63641_c0_g1_i1:1528-2619  -            364 177858at33208        -            591    0.0026   14.0   0.0   1   1   7.9e-05    0.0061   12.7   0.0   429   490   223   288   155   341 0.78 -
Pdum_DN87660_c0_g1_i5:870-1892   -            341 177858at33208        -            591    0.0062   12.7   0.0   1   1   0.00014     0.011   11.9   0.0   410   485   266   339   228   341 0.90 -
Pdum_DN69428_c0_g1_i13:60-572    -            171 177858at33208        -            591     0.011   11.9   0.1   1   1   0.00019     0.014   11.5   0.1   122   177    87   147    70   152 0.85 -
Pdum_DN92167_c4_g1_i1:1982-3118  -            379 177858at33208        -            591     0.035   10.2   0.1   1   3     0.031       2.4    4.2   0.0    39    65    20    46     7    55 0.86 -
Pdum_DN92167_c4_g1_i1:1982-3118  -            379 177858at33208        -            591     0.035   10.2   0.1   2   3      0.16        13    1.8   0.0   208   303    52   156    48   180 0.61 -
Pdum_DN92167_c4_g1_i1:1982-3118  -            379 177858at33208        -            591     0.035   10.2   0.1   3   3      0.49        38    0.2   0.0   427   458   301   332   287   353 0.83 -
#
# Program:         hmmsearch
# Version:         3.1b2 (February 2015)
# Pipeline mode:   SEARCH
# Query file:      /mnt/f/phylo/WORMS/busco_analysis/busco_downloads/lineages/metazoa_odb10/hmms/177858at33208.hmm
# Target file:     /mnt/f/phylo/WORMS/busco_analysis/metazoa_lineage_result/run_metazoa_odb10/metaeuk_output/initial_results/Platynereis_ref.eggnog_filter.nucl.fasta.modified.fas
# Option settings: hmmsearch --domtblout /mnt/f/phylo/WORMS/busco_analysis/metazoa_lineage_result/run_metazoa_odb10/hmmer_output/initial_run_results/177858at33208.out --cpu 1 /mnt/f/phylo/WORMS/busco_analysis/busco_downloads/lineages/metazoa_odb10/hmms/177858at33208.hmm /mnt/f/phylo/WORMS/busco_analysis/metazoa_lineage_result/run_metazoa_odb10/metaeuk_output/initial_results/Platynereis_ref.eggnog_filter.nucl.fasta.modified.fas 
# Current dir:     /mnt/f/phylo/WORMS/busco_analysis
# Date:            Sun Mar 12 20:41:40 2023
# [ok]
