#                                                                                        --- full sequence --- -------------- this domain -------------   hmm coord   ali coord   env coord
# target name                    accession   tlen query name           accession   qlen   E-value  score  bias   #  of  c-Evalue  i-Evalue  score  bias  from    to  from    to  from    to  acc description of target
#            ------------------- ---------- ----- -------------------- ---------- ----- --------- ------ ----- --- --- --------- --------- ------ ----- ----- ----- ----- ----- ----- ----- ---- ---------------------
Pdum_DN84798_c1_g2_i5:993-2768   -            592 179485at33208        -            501  2.2e-192  638.1   2.5   1   2  2.1e-188  5.3e-187  620.3   0.5     6   480     1   546     1   547 0.88 -
Pdum_DN84798_c1_g2_i5:993-2768   -            592 179485at33208        -            501  2.2e-192  638.1   2.5   2   2     3e-08   7.7e-07   26.0   0.1   175   250   517   592   508   592 0.88 -
Pdum_DN78086_c1_g1_i5:2830-3705  -            292 179485at33208        -            501   4.7e-35  119.1   5.7   1   5   3.5e-10   8.8e-09   32.4   0.1   181   258    10    87     2    89 0.88 -
Pdum_DN78086_c1_g1_i5:2830-3705  -            292 179485at33208        -            501   4.7e-35  119.1   5.7   2   5   1.7e-05   0.00044   16.9   0.0   219   254    90   125    88   130 0.84 -
Pdum_DN78086_c1_g1_i5:2830-3705  -            292 179485at33208        -            501   4.7e-35  119.1   5.7   3   5   7.8e-06    0.0002   18.1   0.0   218   258   131   171   123   173 0.89 -
Pdum_DN78086_c1_g1_i5:2830-3705  -            292 179485at33208        -            501   4.7e-35  119.1   5.7   4   5   6.6e-08   1.7e-06   24.9   0.2   180   258   178   255   174   257 0.89 -
Pdum_DN78086_c1_g1_i5:2830-3705  -            292 179485at33208        -            501   4.7e-35  119.1   5.7   5   5   2.3e-07   5.9e-06   23.1   0.0   218   250   257   289   254   292 0.92 -
Pdum_DN74150_c0_g1_i3:157-2955   -            933 179485at33208        -            501   1.4e-34  117.5   4.2   1   5   1.8e-10   4.7e-09   33.3   0.4   174   336    62   220    55   315 0.87 -
Pdum_DN74150_c0_g1_i3:157-2955   -            933 179485at33208        -            501   1.4e-34  117.5   4.2   2   5   0.00044     0.011   12.3   0.0   209   259   395   444   377   449 0.85 -
Pdum_DN74150_c0_g1_i3:157-2955   -            933 179485at33208        -            501   1.4e-34  117.5   4.2   3   5   7.8e-09     2e-07   28.0   0.1   180   250   448   517   444   528 0.89 -
Pdum_DN74150_c0_g1_i3:157-2955   -            933 179485at33208        -            501   1.4e-34  117.5   4.2   4   5   4.8e-05    0.0012   15.5   0.0   178   250   543   614   525   624 0.88 -
Pdum_DN74150_c0_g1_i3:157-2955   -            933 179485at33208        -            501   1.4e-34  117.5   4.2   5   5   4.5e-08   1.1e-06   25.5   0.0   175   255   624   703   617   713 0.88 -
Pdum_DN80129_c0_g2_i7:710-1570   -            287 179485at33208        -            501   1.4e-33  114.2   3.9   1   3   2.2e-17   5.6e-16   56.1   0.4   175   258     3    85     1    86 0.92 -
Pdum_DN80129_c0_g2_i7:710-1570   -            287 179485at33208        -            501   1.4e-33  114.2   3.9   2   3   3.5e-12   8.8e-11   39.0   0.0   172   257    84   168    81   171 0.93 -
Pdum_DN80129_c0_g2_i7:710-1570   -            287 179485at33208        -            501   1.4e-33  114.2   3.9   3   3   1.1e-06   2.7e-05   20.9   0.1   173   259   170   258   166   267 0.82 -
Pdum_DN80927_c0_g1_i1:489-1964   -            492 179485at33208        -            501   7.5e-31  105.2   5.0   1   5   2.5e-05   0.00062   16.4   0.0   217   254   145   182   130   195 0.88 -
Pdum_DN80927_c0_g1_i1:489-1964   -            492 179485at33208        -            501   7.5e-31  105.2   5.0   2   5   1.7e-09   4.3e-08   30.1   0.1   179   260   205   284   198   298 0.91 -
Pdum_DN80927_c0_g1_i1:489-1964   -            492 179485at33208        -            501   7.5e-31  105.2   5.0   3   5   7.3e-06   0.00018   18.2   0.0   191   257   299   364   291   366 0.79 -
Pdum_DN80927_c0_g1_i1:489-1964   -            492 179485at33208        -            501   7.5e-31  105.2   5.0   4   5   9.1e-10   2.3e-08   31.0   0.0   172   257   322   415   315   417 0.80 -
Pdum_DN80927_c0_g1_i1:489-1964   -            492 179485at33208        -            501   7.5e-31  105.2   5.0   5   5   6.8e-08   1.7e-06   24.9   0.1   218   259   418   459   413   462 0.93 -
Pdum_DN72920_c0_g1_i5:770-1675   -            302 179485at33208        -            501   2.4e-30  103.6   7.1   1   5   3.9e-09   9.8e-08   29.0   1.8   216   344     9   140     2   144 0.81 -
Pdum_DN72920_c0_g1_i5:770-1675   -            302 179485at33208        -            501   2.4e-30  103.6   7.1   2   5   6.2e-10   1.6e-08   31.6   0.0   217   340    58   178    48   182 0.92 -
Pdum_DN72920_c0_g1_i5:770-1675   -            302 179485at33208        -            501   2.4e-30  103.6   7.1   3   5   1.6e-11   3.9e-10   36.9   0.0   174   255   142   222   138   226 0.90 -
Pdum_DN72920_c0_g1_i5:770-1675   -            302 179485at33208        -            501   2.4e-30  103.6   7.1   4   5   1.1e-08   2.8e-07   27.5   0.1   219   258   228   267   224   269 0.92 -
Pdum_DN72920_c0_g1_i5:770-1675   -            302 179485at33208        -            501   2.4e-30  103.6   7.1   5   5     0.097       2.4    4.6   0.3   219   248   270   299   268   301 0.90 -
Pdum_DN88256_c0_g1_i4:512-2926   -            805 179485at33208        -            501   5.7e-30  102.3  16.8   1   4   3.9e-08   9.8e-07   25.7   0.6   174   337    53   215    44   222 0.81 -
Pdum_DN88256_c0_g1_i4:512-2926   -            805 179485at33208        -            501   5.7e-30  102.3  16.8   2   4   2.5e-05   0.00063   16.4   2.1   203   335   280   410   267   416 0.82 -
Pdum_DN88256_c0_g1_i4:512-2926   -            805 179485at33208        -            501   5.7e-30  102.3  16.8   3   4   9.3e-06   0.00023   17.8   0.4   163   249   368   458   359   463 0.87 -
Pdum_DN88256_c0_g1_i4:512-2926   -            805 179485at33208        -            501   5.7e-30  102.3  16.8   4   4   1.2e-19   3.1e-18   63.6   0.3   170   367   474   667   460   692 0.86 -
Pdum_DN78854_c0_g1_i1:1579-2349  -            257 179485at33208        -            501   3.7e-29   99.6   9.5   1   4   4.5e-12   1.1e-10   38.6   1.2   176   254     2    79     1    84 0.88 -
Pdum_DN78854_c0_g1_i1:1579-2349  -            257 179485at33208        -            501   3.7e-29   99.6   9.5   2   4   3.5e-14   8.8e-13   45.6   0.1   169   257    79   166    77   168 0.93 -
Pdum_DN78854_c0_g1_i1:1579-2349  -            257 179485at33208        -            501   3.7e-29   99.6   9.5   3   4   1.6e-08     4e-07   26.9   0.1   175   252   127   203   127   210 0.89 -
Pdum_DN78854_c0_g1_i1:1579-2349  -            257 179485at33208        -            501   3.7e-29   99.6   9.5   4   4    0.0023     0.058    9.9   0.0   172   210   208   246   199   257 0.78 -
Pdum_DN79110_c0_g1_i7:340-1365   -            342 179485at33208        -            501     9e-29   98.3   2.0   1   4   4.7e-11   1.2e-09   35.3   0.0   173   257    47   131    42   133 0.90 -
Pdum_DN79110_c0_g1_i7:340-1365   -            342 179485at33208        -            501     9e-29   98.3   2.0   2   4   1.2e-12     3e-11   40.5   0.1   127   250   124   250   123   266 0.85 -
Pdum_DN79110_c0_g1_i7:340-1365   -            342 179485at33208        -            501     9e-29   98.3   2.0   3   4     9e-08   2.3e-06   24.5   0.0   173   255   216   305   214   309 0.81 -
Pdum_DN79110_c0_g1_i7:340-1365   -            342 179485at33208        -            501     9e-29   98.3   2.0   4   4   2.2e-05   0.00056   16.6   0.0   173   246   266   338   258   342 0.77 -
Pdum_DN77965_c1_g1_i1:1646-2635  -            330 179485at33208        -            501     3e-28   96.6   8.0   1   5    0.0045      0.11    9.0   0.1   217   250     8    41     1    53 0.86 -
Pdum_DN77965_c1_g1_i1:1646-2635  -            330 179485at33208        -            501     3e-28   96.6   8.0   2   5   1.6e-12   4.1e-11   40.1   0.1   174   254    53   134    43   140 0.93 -
Pdum_DN77965_c1_g1_i1:1646-2635  -            330 179485at33208        -            501     3e-28   96.6   8.0   3   5   5.9e-10   1.5e-08   31.6   0.2   173   248   141   217   134   239 0.92 -
Pdum_DN77965_c1_g1_i1:1646-2635  -            330 179485at33208        -            501     3e-28   96.6   8.0   4   5      0.92        23    1.3   0.0   206   248   231   275   218   291 0.82 -
Pdum_DN77965_c1_g1_i1:1646-2635  -            330 179485at33208        -            501     3e-28   96.6   8.0   5   5   2.5e-05   0.00062   16.4   0.0   216   250   294   329   280   330 0.86 -
Pdum_DN73512_c4_g2_i3:726-1661   -            312 179485at33208        -            501   2.4e-27   93.7   1.8   1   4   2.1e-07   5.2e-06   23.3   0.1   174   258    12    98     7    99 0.82 -
Pdum_DN73512_c4_g2_i3:726-1661   -            312 179485at33208        -            501   2.4e-27   93.7   1.8   2   4   7.1e-15   1.8e-13   47.9   0.1   175   269    99   193    94   196 0.94 -
Pdum_DN73512_c4_g2_i3:726-1661   -            312 179485at33208        -            501   2.4e-27   93.7   1.8   3   4      0.16       4.1    3.8   0.0   426   460   188   221   179   231 0.82 -
Pdum_DN73512_c4_g2_i3:726-1661   -            312 179485at33208        -            501   2.4e-27   93.7   1.8   4   4     2e-06   5.1e-05   20.0   0.0   167   249   215   296   200   306 0.83 -
Pdum_DN83588_c0_g2_i13:1452-2396 -            315 179485at33208        -            501   3.4e-27   93.1   4.6   1   6    0.0088      0.22    8.0   0.1   228   251     5    29     2    35 0.75 -
Pdum_DN83588_c0_g2_i13:1452-2396 -            315 179485at33208        -            501   3.4e-27   93.1   4.6   2   6   2.3e-10   5.9e-09   33.0   0.0   176   257    41   122    30   125 0.93 -
Pdum_DN83588_c0_g2_i13:1452-2396 -            315 179485at33208        -            501   3.4e-27   93.1   4.6   3   6   0.00026    0.0067   13.0   0.0    48    80   122   156   117   165 0.81 -
Pdum_DN83588_c0_g2_i13:1452-2396 -            315 179485at33208        -            501   3.4e-27   93.1   4.6   4   6       3.8        96   -0.7   0.0   346   368   192   214   161   240 0.69 -
Pdum_DN83588_c0_g2_i13:1452-2396 -            315 179485at33208        -            501   3.4e-27   93.1   4.6   5   6   6.3e-08   1.6e-06   25.0   0.0   217   248   241   272   223   281 0.89 -
Pdum_DN83588_c0_g2_i13:1452-2396 -            315 179485at33208        -            501   3.4e-27   93.1   4.6   6   6   0.00061     0.015   11.8   0.0   217   248   283   314   279   315 0.70 -
Pdum_DN83588_c0_g2_i13:1293-2279 -            329 179485at33208        -            501   1.2e-25   88.1   1.1   1   5   3.7e-10   9.4e-09   32.3   0.0   176   257     2    83     1    86 0.93 -
Pdum_DN83588_c0_g2_i13:1293-2279 -            329 179485at33208        -            501   1.2e-25   88.1   1.1   2   5   0.00031    0.0078   12.8   0.0    48    80    83   117    79   126 0.82 -
Pdum_DN83588_c0_g2_i13:1293-2279 -            329 179485at33208        -            501   1.2e-25   88.1   1.1   3   5       4.4   1.1e+02   -0.9   0.0   346   368   153   175   120   197 0.69 -
Pdum_DN83588_c0_g2_i13:1293-2279 -            329 179485at33208        -            501   1.2e-25   88.1   1.1   4   5   7.1e-08   1.8e-06   24.8   0.0   217   249   202   234   191   243 0.89 -
Pdum_DN83588_c0_g2_i13:1293-2279 -            329 179485at33208        -            501   1.2e-25   88.1   1.1   5   5   0.00014    0.0035   14.0   0.0   217   255   244   282   237   297 0.76 -
Pdum_DN66770_c0_g1_i1:157-1065   -            303 179485at33208        -            501   6.7e-25   85.6   4.2   1   3   1.4e-09   3.5e-08   30.4   0.1   173   259     9    96     7   100 0.90 -
Pdum_DN66770_c0_g1_i1:157-1065   -            303 179485at33208        -            501   6.7e-25   85.6   4.2   2   3   1.1e-08   2.7e-07   27.5   0.0   181   248   102   171    96   176 0.88 -
Pdum_DN66770_c0_g1_i1:157-1065   -            303 179485at33208        -            501   6.7e-25   85.6   4.2   3   3   1.2e-07     3e-06   24.1   0.3   173   275   182   285   171   303 0.73 -
Pdum_DN87680_c1_g3_i1:3327-4124  -            266 179485at33208        -            501     1e-24   85.0   7.1   1   4   1.8e-09   4.5e-08   30.1   0.2   175   258     4    86     1    87 0.91 -
Pdum_DN87680_c1_g3_i1:3327-4124  -            266 179485at33208        -            501     1e-24   85.0   7.1   2   4   2.6e-12   6.6e-11   39.4   0.8   170   259    41   129    40   130 0.93 -
Pdum_DN87680_c1_g3_i1:3327-4124  -            266 179485at33208        -            501     1e-24   85.0   7.1   3   4   4.7e-06   0.00012   18.8   0.1   172   256   127   230   124   234 0.73 -
Pdum_DN87680_c1_g3_i1:3327-4124  -            266 179485at33208        -            501     1e-24   85.0   7.1   4   4   6.2e-06   0.00016   18.4   0.1   188   249   205   265   204   266 0.91 -
Pdum_DN85045_c0_g1_i5:248-835    -            196 179485at33208        -            501   1.1e-24   84.9   0.1   1   3   4.6e-06   0.00012   18.8   0.0   221   258     1    38     1    43 0.89 -
Pdum_DN85045_c0_g1_i5:248-835    -            196 179485at33208        -            501   1.1e-24   84.9   0.1   2   3   6.7e-09   1.7e-07   28.2   0.0   183   256    48   120    39   124 0.91 -
Pdum_DN85045_c0_g1_i5:248-835    -            196 179485at33208        -            501   1.1e-24   84.9   0.1   3   3   4.9e-11   1.2e-09   35.2   0.0   173   248   122   196   119   196 0.91 -
Pdum_DN77740_c0_g3_i3:100-1476   -            459 179485at33208        -            501   1.5e-24   84.4   0.6   1   3   1.8e-09   4.5e-08   30.1   0.0   171   258   143   229   124   231 0.91 -
Pdum_DN77740_c0_g3_i3:100-1476   -            459 179485at33208        -            501   1.5e-24   84.4   0.6   2   3   3.1e-10   7.8e-09   32.6   0.1   218   353   231   364   228   367 0.83 -
Pdum_DN77740_c0_g3_i3:100-1476   -            459 179485at33208        -            501   1.5e-24   84.4   0.6   3   3   8.7e-07   2.2e-05   21.2   0.1   171   249   352   436   347   445 0.77 -
Pdum_DN76828_c2_g1_i1:4967-5695  -            243 179485at33208        -            501   8.4e-24   82.0   0.5   1   4   1.7e-10   4.3e-09   33.4   0.0   179   258     2    83     1    85 0.80 -
Pdum_DN76828_c2_g1_i1:4967-5695  -            243 179485at33208        -            501   8.4e-24   82.0   0.5   2   4   9.6e-05    0.0024   14.5   0.0   218   258    85   125    81   127 0.92 -
Pdum_DN76828_c2_g1_i1:4967-5695  -            243 179485at33208        -            501   8.4e-24   82.0   0.5   3   4     1e-07   2.6e-06   24.3   0.0   170   251   122   204   119   208 0.88 -
Pdum_DN76828_c2_g1_i1:4967-5695  -            243 179485at33208        -            501   8.4e-24   82.0   0.5   4   4    0.0093      0.23    7.9   0.0   300   335   209   243   203   243 0.91 -
Pdum_DN78454_c0_g1_i4:576-2111   -            512 179485at33208        -            501   4.9e-23   79.4   2.1   1   4   0.00057     0.014   11.9   0.0   172   212   209   249   193   263 0.62 -
Pdum_DN78454_c0_g1_i4:576-2111   -            512 179485at33208        -            501   4.9e-23   79.4   2.1   2   4   1.2e-14   3.1e-13   47.1   0.1   179   259   266   346   251   354 0.93 -
Pdum_DN78454_c0_g1_i4:576-2111   -            512 179485at33208        -            501   4.9e-23   79.4   2.1   3   4    0.0033     0.084    9.4   0.1   219   259   348   387   346   403 0.76 -
Pdum_DN78454_c0_g1_i4:576-2111   -            512 179485at33208        -            501   4.9e-23   79.4   2.1   4   4    0.0083      0.21    8.1   0.0   177   248   442   511   432   512 0.84 -
Pdum_DN84894_c0_g1_i9:97-867     -            257 179485at33208        -            501   9.8e-23   78.4   0.0   1   5     0.015      0.39    7.2   0.0   186   255    25    94     3    98 0.81 -
Pdum_DN84894_c0_g1_i9:97-867     -            257 179485at33208        -            501   9.8e-23   78.4   0.0   2   5   1.3e-05   0.00032   17.4   0.0   180   255    62   136    52   140 0.89 -
Pdum_DN84894_c0_g1_i9:97-867     -            257 179485at33208        -            501   9.8e-23   78.4   0.0   3   5   6.6e-09   1.7e-07   28.2   0.0   173   255    97   178    94   182 0.91 -
Pdum_DN84894_c0_g1_i9:97-867     -            257 179485at33208        -            501   9.8e-23   78.4   0.0   4   5   1.6e-07     4e-06   23.7   0.0   174   248   140   214   137   220 0.88 -
Pdum_DN84894_c0_g1_i9:97-867     -            257 179485at33208        -            501   9.8e-23   78.4   0.0   5   5   3.5e-07   8.8e-06   22.5   0.1   173   248   181   256   177   257 0.86 -
Pdum_DN87342_c0_g1_i8:5-2425     -            807 179485at33208        -            501   5.4e-22   76.0   3.2   1   5         4     1e+02   -0.8   0.0   185   256    22    91    15    95 0.62 -
Pdum_DN87342_c0_g1_i8:5-2425     -            807 179485at33208        -            501   5.4e-22   76.0   3.2   2   5    0.0065      0.16    8.4   0.0   177   289    96   214    90   224 0.75 -
Pdum_DN87342_c0_g1_i8:5-2425     -            807 179485at33208        -            501   5.4e-22   76.0   3.2   3   5   2.5e-10   6.3e-09   32.9   0.1   171   258   372   458   364   462 0.91 -
Pdum_DN87342_c0_g1_i8:5-2425     -            807 179485at33208        -            501   5.4e-22   76.0   3.2   4   5   7.9e-08     2e-06   24.6   0.0   186   299   472   584   453   614 0.80 -
Pdum_DN87342_c0_g1_i8:5-2425     -            807 179485at33208        -            501   5.4e-22   76.0   3.2   5   5      0.09       2.3    4.7   0.0   211   260   599   650   581   655 0.79 -
Pdum_DN91072_c6_g2_i4:11-988     -            326 179485at33208        -            501   4.1e-21   73.1   1.3   1   3   4.1e-08     1e-06   25.6   0.0   174   257    28   112    20   114 0.90 -
Pdum_DN91072_c6_g2_i4:11-988     -            326 179485at33208        -            501   4.1e-21   73.1   1.3   2   3     2e-09   5.1e-08   29.9   0.0   168   256   108   204   105   208 0.80 -
Pdum_DN91072_c6_g2_i4:11-988     -            326 179485at33208        -            501   4.1e-21   73.1   1.3   3   3   8.8e-06   0.00022   17.9   0.1   216   335   206   324   201   326 0.74 -
Pdum_DN84241_c0_g1_i1:2776-3423  -            216 179485at33208        -            501   4.7e-21   72.9   0.3   1   3   0.00012     0.003   14.2   0.0   216   249     7    40     1    48 0.90 -
Pdum_DN84241_c0_g1_i1:2776-3423  -            216 179485at33208        -            501   4.7e-21   72.9   0.3   2   3     2e-08     5e-07   26.6   0.0   173   253    49   130    43   137 0.83 -
Pdum_DN84241_c0_g1_i1:2776-3423  -            216 179485at33208        -            501   4.7e-21   72.9   0.3   3   3   2.5e-09   6.2e-08   29.6   0.1   172   248   135   212   132   215 0.85 -
Pdum_DN90586_c2_g3_i4:2166-2804  -            213 179485at33208        -            501   4.9e-21   72.9   0.0   1   2   2.3e-09   5.8e-08   29.7   0.0   218   337     7   124     2   129 0.76 -
Pdum_DN90586_c2_g3_i4:2166-2804  -            213 179485at33208        -            501   4.9e-21   72.9   0.0   2   2   6.7e-13   1.7e-11   41.4   0.0   171   252   130   210   126   213 0.91 -
Pdum_DN73138_c0_g1_i1:392-1264   -            291 179485at33208        -            501     2e-20   70.8   1.3   1   2   2.8e-16     7e-15   52.5   0.1   172   340     5   169     2   178 0.84 -
Pdum_DN73138_c0_g1_i1:392-1264   -            291 179485at33208        -            501     2e-20   70.8   1.3   2   2   6.7e-06   0.00017   18.3   0.1   221   313   177   270   165   291 0.60 -
Pdum_DN74356_c1_g1_i1:377-1456   -            360 179485at33208        -            501   2.6e-20   70.4   4.7   1   5   2.2e-07   5.6e-06   23.2   0.0   219   342     2   126     1   133 0.82 -
Pdum_DN74356_c1_g1_i1:377-1456   -            360 179485at33208        -            501   2.6e-20   70.4   4.7   2   5   1.9e-07   4.9e-06   23.4   0.0   158   253   122   218   120   232 0.90 -
Pdum_DN74356_c1_g1_i1:377-1456   -            360 179485at33208        -            501   2.6e-20   70.4   4.7   3   5    0.0056      0.14    8.6   0.3   220   255   244   279   231   282 0.84 -
Pdum_DN74356_c1_g1_i1:377-1456   -            360 179485at33208        -            501   2.6e-20   70.4   4.7   4   5   4.1e-05     0.001   15.7   0.0   298   340   278   320   273   327 0.91 -
Pdum_DN74356_c1_g1_i1:377-1456   -            360 179485at33208        -            501   2.6e-20   70.4   4.7   5   5      0.82        21    1.5   0.0   424   443   335   354   327   358 0.83 -
Pdum_DN92078_c7_g2_i1:2888-3787  -            300 179485at33208        -            501   7.9e-20   68.9   3.2   1   3   0.00012     0.003   14.2   0.2   185   251     3    67     1    72 0.87 -
Pdum_DN92078_c7_g2_i1:2888-3787  -            300 179485at33208        -            501   7.9e-20   68.9   3.2   2   3   1.1e-07   2.7e-06   24.2   0.1   173   252    74   155    67   159 0.88 -
Pdum_DN92078_c7_g2_i1:2888-3787  -            300 179485at33208        -            501   7.9e-20   68.9   3.2   3   3   7.2e-11   1.8e-09   34.7   0.0   175   345   121   288   109   295 0.81 -
Pdum_DN88766_c3_g2_i10:292-717   -            142 179485at33208        -            501   9.1e-20   68.6   0.1   1   2   6.7e-19   1.7e-17   61.2   0.0   151   257     2   113     1   116 0.84 -
Pdum_DN88766_c3_g2_i10:292-717   -            142 179485at33208        -            501   9.1e-20   68.6   0.1   2   2     0.027      0.69    6.4   0.0   217   242   115   140   111   142 0.80 -
Pdum_DN75190_c1_g2_i8:1873-2820  -            316 179485at33208        -            501   4.5e-19   66.4   6.6   1   2   5.4e-11   1.4e-09   35.1   2.3   181   339    53   202    43   203 0.84 -
Pdum_DN75190_c1_g2_i8:1873-2820  -            316 179485at33208        -            501   4.5e-19   66.4   6.6   2   2   9.1e-13   2.3e-11   40.9   0.1   191   339   141   282   127   309 0.84 -
Pdum_DN71389_c1_g2_i1:359-1099   -            247 179485at33208        -            501   7.5e-19   65.6   5.8   1   2   1.2e-11   3.1e-10   37.2   0.5   169   250    48   128    42   135 0.92 -
Pdum_DN71389_c1_g2_i1:359-1099   -            247 179485at33208        -            501   7.5e-19   65.6   5.8   2   2   1.5e-09   3.7e-08   30.4   0.3   174   258   140   225   133   235 0.85 -
Pdum_DN86522_c0_g3_i4:534-1520   -            329 179485at33208        -            501   8.9e-19   65.4   9.3   1   3   1.7e-05   0.00042   17.0   1.0   188   262    12    85     2    91 0.80 -
Pdum_DN86522_c0_g3_i4:534-1520   -            329 179485at33208        -            501   8.9e-19   65.4   9.3   2   3   3.9e-15   9.7e-14   48.8   0.9   170   344   117   294   109   308 0.85 -
Pdum_DN86522_c0_g3_i4:534-1520   -            329 179485at33208        -            501   8.9e-19   65.4   9.3   3   3      0.29       7.3    3.0   0.0   231   249   310   328   297   329 0.83 -
Pdum_DN83855_c0_g1_i4:658-1428   -            257 179485at33208        -            501   9.3e-19   65.3   0.1   1   3       1.8        45    0.4   0.0   231   252     4    25     2    34 0.79 -
Pdum_DN83855_c0_g1_i4:658-1428   -            257 179485at33208        -            501   9.3e-19   65.3   0.1   2   3   1.6e-14     4e-13   46.7   0.1   170   256    34   137    23   140 0.75 -
Pdum_DN83855_c0_g1_i4:658-1428   -            257 179485at33208        -            501   9.3e-19   65.3   0.1   3   3   0.00024     0.006   13.2   0.0   217   257   140   180   137   185 0.92 -
Pdum_DN78785_c0_g1_i2:534-2834   -            767 179485at33208        -            501     2e-18   64.2   0.7   1   2   2.5e-15   6.2e-14   49.4   0.5   152   339    20   212     5   226 0.85 -
Pdum_DN78785_c0_g1_i2:534-2834   -            767 179485at33208        -            501     2e-18   64.2   0.7   2   2     6e-07   1.5e-05   21.7   0.0   177   330   135   293   133   303 0.78 -
Pdum_DN79406_c0_g1_i1:209-1183   -            325 179485at33208        -            501   2.7e-18   63.8   0.2   1   2   7.1e-13   1.8e-11   41.3   0.0   173   265     6    97     2   107 0.90 -
Pdum_DN79406_c0_g1_i1:209-1183   -            325 179485at33208        -            501   2.7e-18   63.8   0.2   2   2   4.4e-06   0.00011   18.9   0.0   185   269   154   237   140   320 0.89 -
Pdum_DN87134_c2_g1_i3:1621-2460  -            280 179485at33208        -            501   2.9e-18   63.7  17.5   1   4   1.9e-09   4.7e-08   30.0   4.7   219   342     1   123     1   128 0.79 -
Pdum_DN87134_c2_g1_i3:1621-2460  -            280 179485at33208        -            501   2.9e-18   63.7  17.5   2   4   2.1e-09   5.3e-08   29.8   0.9   228   341    96   201    92   205 0.88 -
Pdum_DN87134_c2_g1_i3:1621-2460  -            280 179485at33208        -            501   2.9e-18   63.7  17.5   3   4   2.2e-06   5.7e-05   19.9   0.2   172   257   164   249   163   252 0.78 -
Pdum_DN87134_c2_g1_i3:1621-2460  -            280 179485at33208        -            501   2.9e-18   63.7  17.5   4   4     0.038      0.96    5.9   0.1   217   248   251   280   245   280 0.81 -
Pdum_DN80498_c1_g1_i1:1987-2589  -            201 179485at33208        -            501   5.9e-18   62.7   1.2   1   3   1.9e-07   4.7e-06   23.4   0.1   225   259     7    41     1    51 0.88 -
Pdum_DN80498_c1_g1_i1:1987-2589  -            201 179485at33208        -            501   5.9e-18   62.7   1.2   2   3   0.00038    0.0096   12.5   0.0   219   259    43    85    41    88 0.83 -
Pdum_DN80498_c1_g1_i1:1987-2589  -            201 179485at33208        -            501   5.9e-18   62.7   1.2   3   3   1.3e-06   3.3e-05   20.6   0.0   174   256    85   168    82   172 0.91 -
Pdum_DN88147_c0_g1_i1:430-1308   -            293 179485at33208        -            501   7.2e-18   62.4   1.5   1   2   1.3e-09   3.3e-08   30.5   0.4   217   349    23   152     1   159 0.83 -
Pdum_DN88147_c0_g1_i1:430-1308   -            293 179485at33208        -            501   7.2e-18   62.4   1.5   2   2   5.7e-12   1.4e-10   38.3   0.0   170   340   103   272   102   291 0.88 -
Pdum_DN79208_c0_g1_i2:96-1031    -            312 179485at33208        -            501   5.6e-17   59.5   0.4   1   4    0.0007     0.018   11.6   0.0   172   254    32   114    27   120 0.86 -
Pdum_DN79208_c0_g1_i2:96-1031    -            312 179485at33208        -            501   5.6e-17   59.5   0.4   2   4     0.064       1.6    5.2   0.0   305   342   122   158   115   174 0.86 -
Pdum_DN79208_c0_g1_i2:96-1031    -            312 179485at33208        -            501   5.6e-17   59.5   0.4   3   4   4.1e-06    0.0001   19.0   0.0   178   258   166   253   157   258 0.78 -
Pdum_DN79208_c0_g1_i2:96-1031    -            312 179485at33208        -            501   5.6e-17   59.5   0.4   4   4   2.3e-11   5.8e-10   36.3   0.1   170   258   208   296   194   310 0.89 -
Pdum_DN84033_c1_g3_i1:1082-1726  -            215 179485at33208        -            501   6.3e-17   59.3   5.6   1   3   1.7e-08   4.2e-07   26.9   0.1   172   251     5    99     2   111 0.76 -
Pdum_DN84033_c1_g3_i1:1082-1726  -            215 179485at33208        -            501   6.3e-17   59.3   5.6   2   3   1.5e-08   3.7e-07   27.1   0.3   174   248    65   139    61   145 0.90 -
Pdum_DN84033_c1_g3_i1:1082-1726  -            215 179485at33208        -            501   6.3e-17   59.3   5.6   3   3   1.7e-06   4.2e-05   20.3   0.1    44   147   102   213    99   215 0.73 -
Pdum_DN73504_c1_g7_i2:375-1772   -            466 179485at33208        -            501   9.2e-17   58.7   3.1   1   3   7.5e-06   0.00019   18.1   0.0   301   341   137   176   127   183 0.88 -
Pdum_DN73504_c1_g7_i2:375-1772   -            466 179485at33208        -            501   9.2e-17   58.7   3.1   2   3   9.2e-11   2.3e-09   34.3   0.3   175   258   193   275   183   348 0.85 -
Pdum_DN73504_c1_g7_i2:375-1772   -            466 179485at33208        -            501   9.2e-17   58.7   3.1   3   3      0.12         3    4.3   0.2   241   336   300   401   277   407 0.53 -
Pdum_DN82012_c2_g2_i1:484-1302   -            273 179485at33208        -            501   3.8e-16   56.7   7.6   1   2   1.6e-08   4.1e-07   26.9   1.1   219   350     3   127     1   127 0.81 -
Pdum_DN82012_c2_g2_i1:484-1302   -            273 179485at33208        -            501   3.8e-16   56.7   7.6   2   2   3.3e-11   8.3e-10   35.8   1.8   176   340    83   238    77   238 0.83 -
Pdum_DN75651_c0_g1_i1:179-1012   -            278 179485at33208        -            501   4.1e-16   56.6   1.3   1   3   5.4e-07   1.4e-05   21.9   0.0   180   254    35   109    25   117 0.93 -
Pdum_DN75651_c0_g1_i1:179-1012   -            278 179485at33208        -            501   4.1e-16   56.6   1.3   2   3     3e-06   7.6e-05   19.4   0.0   170   248   116   192   109   206 0.85 -
Pdum_DN75651_c0_g1_i1:179-1012   -            278 179485at33208        -            501   4.1e-16   56.6   1.3   3   3    0.0002    0.0051   13.4   0.1   177   247   206   275   197   277 0.83 -
Pdum_DN89089_c3_g1_i2:1021-1773  -            251 179485at33208        -            501   4.4e-16   56.5   0.2   1   4   4.6e-05    0.0012   15.5   0.0   219   247     1    29     1    50 0.87 -
Pdum_DN89089_c3_g1_i2:1021-1773  -            251 179485at33208        -            501   4.4e-16   56.5   0.2   2   4   1.1e-05   0.00028   17.6   0.0   184   256    60   131    40   137 0.80 -
Pdum_DN89089_c3_g1_i2:1021-1773  -            251 179485at33208        -            501   4.4e-16   56.5   0.2   3   4     0.022      0.56    6.7   0.0   224   259   143   178   127   179 0.85 -
Pdum_DN89089_c3_g1_i2:1021-1773  -            251 179485at33208        -            501   4.4e-16   56.5   0.2   4   4   0.00011    0.0027   14.3   0.0   172   244   176   251   175   251 0.85 -
Pdum_DN89990_c3_g2_i4:936-1778   -            281 179485at33208        -            501   2.1e-15   54.3   1.5   1   2    0.0003    0.0076   12.8   0.1   231   337     4   107     1   115 0.81 -
Pdum_DN89990_c3_g2_i4:936-1778   -            281 179485at33208        -            501   2.1e-15   54.3   1.5   2   2   9.8e-12   2.5e-10   37.5   0.1   176   335   119   281   109   281 0.83 -
Pdum_DN83552_c2_g1_i4:337-1659   -            441 179485at33208        -            501   5.8e-15   52.8   0.6   1   2   5.4e-06   0.00014   18.6   0.0   173   251    61   139    47   145 0.85 -
Pdum_DN83552_c2_g1_i4:337-1659   -            441 179485at33208        -            501   5.8e-15   52.8   0.6   2   2     1e-08   2.5e-07   27.6   0.1   173   253   277   356   239   362 0.79 -
Pdum_DN82224_c0_g1_i1:2783-3526  -            248 179485at33208        -            501   1.4e-14   51.5   4.3   1   4   7.9e-06    0.0002   18.0   0.0   217   254     4    41     2    45 0.93 -
Pdum_DN82224_c0_g1_i1:2783-3526  -            248 179485at33208        -            501   1.4e-14   51.5   4.3   2   4   1.2e-05    0.0003   17.5   0.1   295   344    38    85    37    99 0.85 -
Pdum_DN82224_c0_g1_i1:2783-3526  -            248 179485at33208        -            501   1.4e-14   51.5   4.3   3   4     0.013      0.33    7.4   0.1   213   253   110   151    97   159 0.71 -
Pdum_DN82224_c0_g1_i1:2783-3526  -            248 179485at33208        -            501   1.4e-14   51.5   4.3   4   4    0.0018     0.046   10.3   0.0   182   249   179   248   169   248 0.83 -
Pdum_DN83656_c0_g1_i2:2236-2991  -            252 179485at33208        -            501   2.1e-14   50.9   4.2   1   3      0.01      0.25    7.8   0.0   300   354     2    55     1    69 0.72 -
Pdum_DN83656_c0_g1_i2:2236-2991  -            252 179485at33208        -            501   2.1e-14   50.9   4.2   2   3   4.3e-07   1.1e-05   22.2   0.4   221   340    64   178    42   180 0.87 -
Pdum_DN83656_c0_g1_i2:2236-2991  -            252 179485at33208        -            501   2.1e-14   50.9   4.2   3   3     9e-11   2.3e-09   34.3   1.3   219   364   104   250   102   252 0.83 -
Pdum_DN90796_c3_g1_i4:1517-2605  -            363 179485at33208        -            501   2.2e-14   50.9   0.9   1   3   3.5e-05   0.00088   15.9   0.0   217   338     5   122     1   128 0.88 -
Pdum_DN90796_c3_g1_i4:1517-2605  -            363 179485at33208        -            501   2.2e-14   50.9   0.9   2   3   5.3e-09   1.3e-07   28.5   0.1   173   256   170   256   161   270 0.88 -
Pdum_DN90796_c3_g1_i4:1517-2605  -            363 179485at33208        -            501   2.2e-14   50.9   0.9   3   3      0.32       8.1    2.8   0.0   295   335   321   361   289   363 0.72 -
Pdum_DN90064_c4_g2_i4:2740-4161  -            474 179485at33208        -            501   3.3e-14   50.3   5.6   1   3     0.031      0.78    6.2   0.1   217   254   138   176   104   181 0.76 -
Pdum_DN90064_c4_g2_i4:2740-4161  -            474 179485at33208        -            501   3.3e-14   50.3   5.6   2   3    0.0012     0.031   10.8   0.0   217   249   181   213   171   220 0.88 -
Pdum_DN90064_c4_g2_i4:2740-4161  -            474 179485at33208        -            501   3.3e-14   50.3   5.6   3   3   1.8e-10   4.7e-09   33.3   0.9   217   339   264   383   256   402 0.90 -
Pdum_DN74384_c0_g2_i2:99-1367    -            423 179485at33208        -            501     7e-14   49.2   8.3   1   4      0.34       8.7    2.7   0.1   228   250   110   132    99   139 0.63 -
Pdum_DN74384_c0_g2_i2:99-1367    -            423 179485at33208        -            501     7e-14   49.2   8.3   2   4    0.0014     0.034   10.7   0.3   190   252   161   226   146   242 0.69 -
Pdum_DN74384_c0_g2_i2:99-1367    -            423 179485at33208        -            501     7e-14   49.2   8.3   3   4   1.5e-06   3.9e-05   20.4   0.3   217   259   259   300   248   309 0.87 -
Pdum_DN74384_c0_g2_i2:99-1367    -            423 179485at33208        -            501     7e-14   49.2   8.3   4   4   0.00013    0.0034   14.0   0.0   169   249   339   419   332   422 0.90 -
Pdum_DN83800_c0_g2_i3:14-562     -            183 179485at33208        -            501   1.9e-13   47.8   0.6   1   3   5.9e-09   1.5e-07   28.4   0.0   209   256    50    97    30   101 0.85 -
Pdum_DN83800_c0_g2_i3:14-562     -            183 179485at33208        -            501   1.9e-13   47.8   0.6   2   3     0.024      0.61    6.5   0.0   219   252   102   134    97   141 0.79 -
Pdum_DN83800_c0_g2_i3:14-562     -            183 179485at33208        -            501   1.9e-13   47.8   0.6   3   3    0.0019     0.048   10.2   0.0   219   257   143   181   137   183 0.74 -
Pdum_DN87178_c0_g1_i10:2619-3539 -            307 179485at33208        -            501     2e-13   47.8   0.1   1   3       1.4        35    0.7   0.0   234   252     5    23     1    35 0.85 -
Pdum_DN87178_c0_g1_i10:2619-3539 -            307 179485at33208        -            501     2e-13   47.8   0.1   2   3   4.6e-07   1.2e-05   22.1   0.0   174   262    41   140    39   147 0.76 -
Pdum_DN87178_c0_g1_i10:2619-3539 -            307 179485at33208        -            501     2e-13   47.8   0.1   3   3   1.5e-05   0.00039   17.1   0.0   178   259   193   273   183   287 0.89 -
Pdum_DN84903_c4_g3_i8:753-1754   -            334 179485at33208        -            501   2.9e-13   47.2   0.4   1   2   5.4e-11   1.4e-09   35.1   0.2   171   336    50   211    41   213 0.82 -
Pdum_DN84903_c4_g3_i8:753-1754   -            334 179485at33208        -            501   2.9e-13   47.2   0.4   2   2   1.2e-05    0.0003   17.4   0.0   171   337   134   299   132   309 0.83 -
Pdum_DN74464_c0_g1_i5:1442-2167  -            242 179485at33208        -            501   3.2e-13   47.0   1.6   1   3    0.0053      0.13    8.7   0.0   426   470    12    58     8    61 0.78 -
Pdum_DN74464_c0_g1_i5:1442-2167  -            242 179485at33208        -            501   3.2e-13   47.0   1.6   2   3   0.00022    0.0056   13.3   0.0   182   254    60   141    54   150 0.76 -
Pdum_DN74464_c0_g1_i5:1442-2167  -            242 179485at33208        -            501   3.2e-13   47.0   1.6   3   3   2.5e-07   6.3e-06   23.0   0.6   183   250   154   228   138   235 0.74 -
Pdum_DN66493_c0_g1_i1:720-1655   -            312 179485at33208        -            501   3.5e-13   46.9   0.1   1   4    0.0048      0.12    8.9   0.1   171   213    15    57    10    84 0.82 -
Pdum_DN66493_c0_g1_i1:720-1655   -            312 179485at33208        -            501   3.5e-13   46.9   0.1   2   4    0.0001    0.0026   14.4   0.0   286   344    88   144    73   148 0.88 -
Pdum_DN66493_c0_g1_i1:720-1655   -            312 179485at33208        -            501   3.5e-13   46.9   0.1   3   4   1.4e-05   0.00034   17.3   0.0   163   251   179   269   170   275 0.74 -
Pdum_DN66493_c0_g1_i1:720-1655   -            312 179485at33208        -            501   3.5e-13   46.9   0.1   4   4   1.1e-05   0.00027   17.6   0.0   161   238   222   299   216   306 0.86 -
Pdum_DN89096_c2_g3_i4:2-1384     -            461 179485at33208        -            501   8.5e-13   45.7   3.6   1   4   9.3e-05    0.0023   14.5   0.0   189   248    77   134    70   146 0.83 -
Pdum_DN89096_c2_g3_i4:2-1384     -            461 179485at33208        -            501   8.5e-13   45.7   3.6   2   4   1.1e-06   2.8e-05   20.9   0.1   171   240   100   167    95   171 0.85 -
Pdum_DN89096_c2_g3_i4:2-1384     -            461 179485at33208        -            501   8.5e-13   45.7   3.6   3   4   2.1e-05   0.00052   16.7   0.1    21   107   156   241   140   246 0.83 -
Pdum_DN89096_c2_g3_i4:2-1384     -            461 179485at33208        -            501   8.5e-13   45.7   3.6   4   4   5.1e-05    0.0013   15.4   0.0   176   243   228   292   221   310 0.79 -
Pdum_DN84814_c0_g2_i1:1505-2083  -            193 179485at33208        -            501   8.6e-13   45.6   0.4   1   2   4.5e-05    0.0011   15.6   0.1   162   257    21   114     9   120 0.84 -
Pdum_DN84814_c0_g2_i1:1505-2083  -            193 179485at33208        -            501   8.6e-13   45.6   0.4   2   2   3.4e-09   8.6e-08   29.1   0.0   175   250   118   192   112   193 0.90 -
Pdum_DN71445_c0_g2_i2:766-1509   -            248 179485at33208        -            501   9.3e-13   45.5   0.6   1   2   8.3e-11   2.1e-09   34.5   0.2   215   256    24    66     1    69 0.78 -
Pdum_DN71445_c0_g2_i2:766-1509   -            248 179485at33208        -            501   9.3e-13   45.5   0.6   2   2    0.0024      0.06    9.9   0.0   214   315    65   165    62   198 0.67 -
Pdum_DN76096_c0_g1_i2:374-1027   -            218 179485at33208        -            501   1.1e-12   45.3   0.2   1   1   1.8e-13   4.7e-12   43.2   0.2   173   340    18   205    12   217 0.71 -
Pdum_DN90581_c4_g3_i1:18-467     -            150 179485at33208        -            501   1.1e-12   45.3   0.1   1   2   2.1e-06   5.3e-05   20.0   0.0   190   257     8    73     2    87 0.88 -
Pdum_DN90581_c4_g3_i1:18-467     -            150 179485at33208        -            501   1.1e-12   45.3   0.1   2   2   1.5e-07   3.8e-06   23.7   0.0   184   243    89   147    79   150 0.89 -
Pdum_DN85879_c0_g1_i1:230-808    -            193 179485at33208        -            501   1.4e-12   45.0   0.1   1   3   1.1e-06   2.8e-05   20.8   0.0   188   252     2    65     1    70 0.90 -
Pdum_DN85879_c0_g1_i1:230-808    -            193 179485at33208        -            501   1.4e-12   45.0   0.1   2   3     0.038      0.97    5.9   0.0   298   337    67   105    62   117 0.67 -
Pdum_DN85879_c0_g1_i1:230-808    -            193 179485at33208        -            501   1.4e-12   45.0   0.1   3   3   3.8e-05   0.00096   15.8   0.0   179   247   126   193   118   193 0.88 -
Pdum_DN80990_c0_g1_i2:150-1607   -            486 179485at33208        -            501   2.1e-12   44.3   2.5   1   3   0.00023    0.0059   13.2   0.0   218   258   248   289   232   291 0.87 -
Pdum_DN80990_c0_g1_i2:150-1607   -            486 179485at33208        -            501   2.1e-12   44.3   2.5   2   3     0.049       1.2    5.5   0.0   218   250   291   324   288   347 0.63 -
Pdum_DN80990_c0_g1_i2:150-1607   -            486 179485at33208        -            501   2.1e-12   44.3   2.5   3   3   1.4e-07   3.5e-06   23.8   0.2   191   256   351   415   339   428 0.83 -
Pdum_DN66325_c0_g1_i1:831-1904   -            358 179485at33208        -            501   6.4e-12   42.8   0.9   1   4   5.1e-09   1.3e-07   28.6   0.1   218   336    29   150    22   160 0.82 -
Pdum_DN66325_c0_g1_i1:831-1904   -            358 179485at33208        -            501   6.4e-12   42.8   0.9   2   4   4.4e-05    0.0011   15.6   0.0   217   341    72   208    67   214 0.78 -
Pdum_DN66325_c0_g1_i1:831-1904   -            358 179485at33208        -            501   6.4e-12   42.8   0.9   3   4       4.6   1.2e+02   -1.0   0.0   309   343   282   315   276   320 0.68 -
Pdum_DN66325_c0_g1_i1:831-1904   -            358 179485at33208        -            501   6.4e-12   42.8   0.9   4   4     0.028       0.7    6.4   0.1   216   247   327   358   288   358 0.72 -
Pdum_DN84963_c1_g1_i6:1317-3311  -            665 179485at33208        -            501   1.6e-11   41.4   0.1   1   3   4.3e-07   1.1e-05   22.2   0.0   178   250    42   113    31   121 0.88 -
Pdum_DN84963_c1_g1_i6:1317-3311  -            665 179485at33208        -            501   1.6e-11   41.4   0.1   2   3   9.7e-05    0.0025   14.4   0.0   172   239   121   190   113   211 0.83 -
Pdum_DN84963_c1_g1_i6:1317-3311  -            665 179485at33208        -            501   1.6e-11   41.4   0.1   3   3       1.3        33    0.9   0.0   173   204   631   662   577   664 0.68 -
Pdum_DN83005_c1_g1_i1:16-1335    -            440 179485at33208        -            501   2.1e-11   41.1   2.1   1   3   0.00074     0.019   11.6   0.0    60    93    10    42     4    62 0.49 -
Pdum_DN83005_c1_g1_i1:16-1335    -            440 179485at33208        -            501   2.1e-11   41.1   2.1   2   3   2.7e-05   0.00069   16.3   0.3   191   254    84   148    64   153 0.85 -
Pdum_DN83005_c1_g1_i1:16-1335    -            440 179485at33208        -            501   2.1e-11   41.1   2.1   3   3   0.00054     0.014   12.0   0.1   217   259   153   193   144   205 0.85 -
Pdum_DN85054_c1_g3_i7:3145-3996  -            284 179485at33208        -            501   2.2e-11   41.0   0.2   1   4   2.8e-10     7e-09   32.7   0.1   174   274     2   105     1   113 0.78 -
Pdum_DN85054_c1_g3_i7:3145-3996  -            284 179485at33208        -            501   2.2e-11   41.0   0.2   2   4       1.4        35    0.7   0.0   181   205   100   124    82   167 0.66 -
Pdum_DN85054_c1_g3_i7:3145-3996  -            284 179485at33208        -            501   2.2e-11   41.0   0.2   3   4      0.69        18    1.7   0.0   180   259   138   215   128   220 0.80 -
Pdum_DN85054_c1_g3_i7:3145-3996  -            284 179485at33208        -            501   2.2e-11   41.0   0.2   4   4       0.5        13    2.2   0.0   190   240   234   283   222   284 0.65 -
Pdum_DN63925_c0_g1_i1:119-1006   -            296 179485at33208        -            501   2.4e-11   40.9   2.9   1   4     0.041         1    5.8   0.0   212   255    28    70    14    75 0.80 -
Pdum_DN63925_c0_g1_i1:119-1006   -            296 179485at33208        -            501   2.4e-11   40.9   2.9   2   4     0.064       1.6    5.2   0.0   305   337    76   106    72   116 0.86 -
Pdum_DN63925_c0_g1_i1:119-1006   -            296 179485at33208        -            501   2.4e-11   40.9   2.9   3   4     0.014      0.35    7.3   0.0   191   254    90   152    89   163 0.79 -
Pdum_DN63925_c0_g1_i1:119-1006   -            296 179485at33208        -            501   2.4e-11   40.9   2.9   4   4   5.1e-08   1.3e-06   25.3   0.3   172   340   113   276   110   280 0.84 -
Pdum_DN82173_c1_g1_i7:1104-1730  -            209 179485at33208        -            501     3e-11   40.6   0.1   1   2      0.42        11    2.5   0.0   454   482     5    34     1    48 0.75 -
Pdum_DN82173_c1_g1_i7:1104-1730  -            209 179485at33208        -            501     3e-11   40.6   0.1   2   2   3.8e-10   9.6e-09   32.3   0.0   176   335    49   208    38   209 0.81 -
Pdum_DN71483_c1_g1_i1:599-1228   -            210 179485at33208        -            501   3.5e-11   40.3   0.0   1   2   0.00058     0.015   11.9   0.0   216   252    66   103    32   110 0.79 -
Pdum_DN71483_c1_g1_i1:599-1228   -            210 179485at33208        -            501   3.5e-11   40.3   0.0   2   2   2.1e-08   5.4e-07   26.5   0.0   173   257   116   200   112   205 0.89 -
Pdum_DN82629_c0_g1_i4:473-2515   -            681 179485at33208        -            501   3.5e-11   40.3   0.6   1   4    0.0025     0.063    9.8   0.0   169   256   199   290   189   302 0.83 -
Pdum_DN82629_c0_g1_i4:473-2515   -            681 179485at33208        -            501   3.5e-11   40.3   0.6   2   4    0.0019     0.047   10.2   0.1   206   252   294   341   284   352 0.78 -
Pdum_DN82629_c0_g1_i4:473-2515   -            681 179485at33208        -            501   3.5e-11   40.3   0.6   3   4   1.8e-05   0.00047   16.8   0.0   182   250   363   435   346   441 0.79 -
Pdum_DN82629_c0_g1_i4:473-2515   -            681 179485at33208        -            501   3.5e-11   40.3   0.6   4   4       9.5   2.4e+02   -2.0   0.0   420   440   447   467   439   477 0.89 -
Pdum_DN65740_c0_g1_i1:159-803    -            215 179485at33208        -            501   3.9e-11   40.2   3.2   1   2     4e-05     0.001   15.7   0.3   190   252    11    73     3    80 0.77 -
Pdum_DN65740_c0_g1_i1:159-803    -            215 179485at33208        -            501   3.9e-11   40.2   3.2   2   2   2.3e-08   5.8e-07   26.4   0.3   197   334    73   215    71   215 0.76 -
Pdum_DN76013_c0_g1_i3:463-1068   -            202 179485at33208        -            501     6e-11   39.5   1.4   1   3   1.5e-07   3.7e-06   23.8   0.1   188   252    15    82     1    89 0.83 -
Pdum_DN76013_c0_g1_i3:463-1068   -            202 179485at33208        -            501     6e-11   39.5   1.4   2   3    0.0004      0.01   12.4   0.0   217   251    90   125    81   134 0.88 -
Pdum_DN76013_c0_g1_i3:463-1068   -            202 179485at33208        -            501     6e-11   39.5   1.4   3   3       0.8        20    1.5   0.0   219   250   149   181   134   188 0.57 -
Pdum_DN73439_c0_g1_i2:1041-1721  -            227 179485at33208        -            501   7.3e-11   39.3   0.0   1   1   9.1e-12   2.3e-10   37.6   0.0   173   259    48   133    44   143 0.91 -
Pdum_DN89838_c3_g2_i15:954-1709  -            252 179485at33208        -            501   1.3e-10   38.5   2.7   1   3    0.0001    0.0026   14.4   0.3   295   356    17    77     3    95 0.78 -
Pdum_DN89838_c3_g2_i15:954-1709  -            252 179485at33208        -            501   1.3e-10   38.5   2.7   2   3      0.79        20    1.6   0.0   227   257    72   102    65   110 0.76 -
Pdum_DN89838_c3_g2_i15:954-1709  -            252 179485at33208        -            501   1.3e-10   38.5   2.7   3   3   8.9e-07   2.3e-05   21.2   0.1   238   340   122   221   110   242 0.82 -
Pdum_DN75082_c2_g3_i2:17-943     -            309 179485at33208        -            501   1.8e-10   38.0   0.7   1   3   2.6e-08   6.6e-07   26.2   0.2   172   248    12    91     3    95 0.88 -
Pdum_DN75082_c2_g3_i2:17-943     -            309 179485at33208        -            501   1.8e-10   38.0   0.7   2   3      0.76        19    1.6   0.0   426   457   118   151   108   177 0.60 -
Pdum_DN75082_c2_g3_i2:17-943     -            309 179485at33208        -            501   1.8e-10   38.0   0.7   3   3     0.024      0.62    6.5   0.0   209   247   269   308   264   309 0.78 -
Pdum_DN87078_c1_g1_i1:1858-2604  -            249 179485at33208        -            501   1.8e-10   38.0   0.3   1   3     0.043       1.1    5.7   0.0   427   463    23    59     7    90 0.77 -
Pdum_DN87078_c1_g1_i1:1858-2604  -            249 179485at33208        -            501   1.8e-10   38.0   0.3   2   3   6.4e-08   1.6e-06   25.0   0.0   173   254   131   213   123   219 0.87 -
Pdum_DN87078_c1_g1_i1:1858-2604  -            249 179485at33208        -            501   1.8e-10   38.0   0.3   3   3      0.16         4    3.8   0.0   219   248   220   249   210   249 0.56 -
Pdum_DN83917_c0_g1_i10:2-1282    -            427 179485at33208        -            501   2.3e-10   37.6   1.4   1   3      0.31       7.8    2.9   0.0   220   253   155   188   115   195 0.70 -
Pdum_DN83917_c0_g1_i10:2-1282    -            427 179485at33208        -            501   2.3e-10   37.6   1.4   2   3      0.12         3    4.3   0.0   179   215   157   193   138   240 0.59 -
Pdum_DN83917_c0_g1_i10:2-1282    -            427 179485at33208        -            501   2.3e-10   37.6   1.4   3   3   4.6e-10   1.2e-08   32.0   0.2   183   316   251   387   237   407 0.85 -
Pdum_DN66431_c0_g1_i1:1561-2364  -            268 179485at33208        -            501   1.2e-09   35.3   0.5   1   3     0.011      0.27    7.7   0.0   173   247     3    80     1    88 0.75 -
Pdum_DN66431_c0_g1_i1:1561-2364  -            268 179485at33208        -            501   1.2e-09   35.3   0.5   2   3   5.7e-05    0.0014   15.2   0.0   215   250    88   123    81   130 0.87 -
Pdum_DN66431_c0_g1_i1:1561-2364  -            268 179485at33208        -            501   1.2e-09   35.3   0.5   3   3    0.0086      0.22    8.0   0.0   217   250   171   204   132   214 0.76 -
Pdum_DN91312_c3_g1_i1:2567-3481  -            305 179485at33208        -            501   1.2e-09   35.3   0.0   1   3   4.9e-07   1.2e-05   22.0   0.0   180   262     3    90     1    97 0.82 -
Pdum_DN91312_c3_g1_i1:2567-3481  -            305 179485at33208        -            501   1.2e-09   35.3   0.0   2   3      0.14       3.6    4.0   0.0   188   251   101   167    87   192 0.79 -
Pdum_DN91312_c3_g1_i1:2567-3481  -            305 179485at33208        -            501   1.2e-09   35.3   0.0   3   3     0.037      0.94    5.9   0.0   170   201   271   302   224   305 0.80 -
Pdum_DN86525_c0_g1_i1:704-1231   -            176 179485at33208        -            501   1.6e-09   34.9   0.2   1   1   6.1e-10   1.5e-08   31.6   0.2   200   339     5   144     1   158 0.80 -
Pdum_DN89224_c5_g2_i10:3220-3918 -            233 179485at33208        -            501   5.1e-09   33.2   0.3   1   2   5.6e-06   0.00014   18.5   0.1   173   253    84   164    74   173 0.83 -
Pdum_DN89224_c5_g2_i10:3220-3918 -            233 179485at33208        -            501   5.1e-09   33.2   0.3   2   2    0.0003    0.0075   12.8   0.0   219   261   173   217   168   224 0.77 -
Pdum_DN90517_c4_g2_i3:211-1731   -            507 179485at33208        -            501   5.1e-09   33.2   0.3   1   2      0.14       3.5    4.1   0.0   185   247    38   103    35   113 0.89 -
Pdum_DN90517_c4_g2_i3:211-1731   -            507 179485at33208        -            501   5.1e-09   33.2   0.3   2   2   3.5e-08   8.8e-07   25.8   0.2   174   257   298   393   292   398 0.79 -
Pdum_DN67795_c0_g1_i2:1517-2137  -            207 179485at33208        -            501   5.5e-09   33.1   0.2   1   2   3.8e-08   9.6e-07   25.7   0.0   176   257     2    82     1    89 0.88 -
Pdum_DN67795_c0_g1_i2:1517-2137  -            207 179485at33208        -            501   5.5e-09   33.1   0.2   2   2     0.083       2.1    4.8   0.0   178   258    88   170    81   179 0.64 -
Pdum_DN92785_c3_g1_i2:3114-4076  -            321 179485at33208        -            501   5.8e-09   33.0   4.0   1   3       1.3        33    0.8   0.0    74   113   113   154   108   170 0.75 -
Pdum_DN92785_c3_g1_i2:3114-4076  -            321 179485at33208        -            501   5.8e-09   33.0   4.0   2   3   2.7e-07   6.7e-06   22.9   0.1   216   258   243   285   222   286 0.90 -
Pdum_DN92785_c3_g1_i2:3114-4076  -            321 179485at33208        -            501   5.8e-09   33.0   4.0   3   3    0.0003    0.0075   12.9   0.1   295   337   278   319   277   321 0.90 -
Pdum_DN88892_c3_g1_i1:2670-3179  -            170 179485at33208        -            501   5.8e-09   33.0   0.7   1   2       7.9     2e+02   -1.7   0.0   243   259    17    33     9    37 0.67 -
Pdum_DN88892_c3_g1_i1:2670-3179  -            170 179485at33208        -            501   5.8e-09   33.0   0.7   2   2   1.6e-08   4.1e-07   26.9   0.4   180   310    39   168    22   170 0.79 -
Pdum_DN69263_c0_g1_i1:405-1196   -            264 179485at33208        -            501     6e-09   33.0   5.7   1   4     0.069       1.7    5.0   0.0   234   254     3    23     1    33 0.85 -
Pdum_DN69263_c0_g1_i1:405-1196   -            264 179485at33208        -            501     6e-09   33.0   5.7   2   4   0.00056     0.014   11.9   0.2   189   240    47    99    41   111 0.86 -
Pdum_DN69263_c0_g1_i1:405-1196   -            264 179485at33208        -            501     6e-09   33.0   5.7   3   4    0.0028      0.07    9.7   0.2   173   232    75   138    72   155 0.79 -
Pdum_DN69263_c0_g1_i1:405-1196   -            264 179485at33208        -            501     6e-09   33.0   5.7   4   4   0.00014    0.0035   13.9   0.3   170   248   179   263   170   264 0.79 -
Pdum_DN84536_c0_g1_i1:2255-2878  -            208 179485at33208        -            501   6.8e-09   32.8   0.1   1   2   0.00025    0.0064   13.1   0.0   181   254     2    82     1   115 0.78 -
Pdum_DN84536_c0_g1_i1:2255-2878  -            208 179485at33208        -            501   6.8e-09   32.8   0.1   2   2   7.8e-06    0.0002   18.1   0.0   181   254   134   206   122   208 0.87 -
Pdum_DN85858_c0_g1_i11:292-1188  -            299 179485at33208        -            501   1.1e-08   32.0   0.9   1   2   3.4e-09   8.6e-08   29.1   0.1   186   267    96   180    90   186 0.79 -
Pdum_DN85858_c0_g1_i11:292-1188  -            299 179485at33208        -            501   1.1e-08   32.0   0.9   2   2       1.7        44    0.4   0.0   191   424   189   205   179   245 0.59 -
Pdum_DN75894_c0_g1_i3:333-1052   -            240 179485at33208        -            501   1.2e-08   32.0   1.8   1   3     0.024      0.59    6.6   0.1   209   257    11    59     2    62 0.67 -
Pdum_DN75894_c0_g1_i3:333-1052   -            240 179485at33208        -            501   1.2e-08   32.0   1.8   2   3   0.00011    0.0029   14.2   0.0   172   243    59   132    55   146 0.80 -
Pdum_DN75894_c0_g1_i3:333-1052   -            240 179485at33208        -            501   1.2e-08   32.0   1.8   3   3    0.0021     0.053   10.1   0.2   173   243   149   221   140   230 0.84 -
Pdum_DN86637_c0_g1_i2:178-705    -            176 179485at33208        -            501   1.3e-08   31.8   0.1   1   1   1.2e-09     3e-08   30.7   0.1   226   345     4   132     1   169 0.79 -
Pdum_DN79808_c0_g1_i2:642-4217   -           1192 179485at33208        -            501   1.5e-08   31.6   5.1   1   4      0.29       7.3    3.0   0.0   219   257    17    54     8    57 0.82 -
Pdum_DN79808_c0_g1_i2:642-4217   -           1192 179485at33208        -            501   1.5e-08   31.6   5.1   2   4   3.8e-08   9.5e-07   25.7   0.1   174   265    56   142    51   175 0.81 -
Pdum_DN79808_c0_g1_i2:642-4217   -           1192 179485at33208        -            501   1.5e-08   31.6   5.1   3   4      0.86        22    1.4   0.5   383   465   320   406   264   413 0.80 -
Pdum_DN79808_c0_g1_i2:642-4217   -           1192 179485at33208        -            501   1.5e-08   31.6   5.1   4   4       2.3        58    0.0   0.0   219   255   460   496   446   519 0.63 -
Pdum_DN90273_c4_g1_i2:3537-4052  -            172 179485at33208        -            501   2.2e-08   31.1   0.0   1   2   2.9e-06   7.2e-05   19.5   0.0   136   256     6   129     2   136 0.85 -
Pdum_DN90273_c4_g1_i2:3537-4052  -            172 179485at33208        -            501   2.2e-08   31.1   0.0   2   2    0.0021     0.054   10.0   0.0   219   250   134   165   131   171 0.85 -
Pdum_DN84582_c3_g1_i1:332-1036   -            235 179485at33208        -            501   2.4e-08   30.9   0.7   1   2   3.8e-09   9.5e-08   29.0   0.5   201   338     4   138     1   155 0.65 -
Pdum_DN84582_c3_g1_i1:332-1036   -            235 179485at33208        -            501   2.4e-08   30.9   0.7   2   2       1.7        43    0.5   0.0   171   205   143   177   137   234 0.60 -
Pdum_DN72823_c0_g2_i2:1154-1981  -            276 179485at33208        -            501   2.6e-08   30.9   0.2   1   2   4.9e-05    0.0012   15.4   0.0   192   260    50   116    43   127 0.82 -
Pdum_DN72823_c0_g2_i2:1154-1981  -            276 179485at33208        -            501   2.6e-08   30.9   0.2   2   2    0.0011     0.028   11.0   0.0   180   239   217   275   202   276 0.83 -
Pdum_DN80657_c0_g1_i8:864-1619   -            252 179485at33208        -            501   3.7e-08   30.4   0.1   1   1   1.4e-08   3.5e-07   27.1   0.1    22   119     1    98     1   252 0.68 -
Pdum_DN38861_c0_g1_i1:595-1392   -            266 179485at33208        -            501   4.5e-08   30.1   0.0   1   2   0.00076     0.019   11.5   0.0   177   338     2   159     1   173 0.72 -
Pdum_DN38861_c0_g1_i1:595-1392   -            266 179485at33208        -            501   4.5e-08   30.1   0.0   2   2   1.3e-05   0.00033   17.3   0.0   177   251   185   260   119   263 0.73 -
Pdum_DN82853_c0_g1_i2:2495-3019  -            175 179485at33208        -            501   5.1e-08   29.9   0.1   1   2   5.5e-09   1.4e-07   28.5   0.0   175   259     3    89     1   126 0.92 -
Pdum_DN82853_c0_g1_i2:2495-3019  -            175 179485at33208        -            501   5.1e-08   29.9   0.1   2   2       2.6        67   -0.2   0.0   321   348   107   134    85   161 0.73 -
Pdum_DN92345_c8_g1_i1:3879-4793  -            305 179485at33208        -            501     6e-08   29.7   5.0   1   6     0.046       1.2    5.6   0.0   232   255     7    30     1    34 0.81 -
Pdum_DN92345_c8_g1_i1:3879-4793  -            305 179485at33208        -            501     6e-08   29.7   5.0   2   6      0.36         9    2.7   0.0   299   341    30    70    25    78 0.74 -
Pdum_DN92345_c8_g1_i1:3879-4793  -            305 179485at33208        -            501     6e-08   29.7   5.0   3   6       2.1        53    0.1   0.0   220   251   101   131    73   143 0.70 -
Pdum_DN92345_c8_g1_i1:3879-4793  -            305 179485at33208        -            501     6e-08   29.7   5.0   4   6      0.65        16    1.8   0.0   303   338   140   179   133   190 0.76 -
Pdum_DN92345_c8_g1_i1:3879-4793  -            305 179485at33208        -            501     6e-08   29.7   5.0   5   6   0.00013    0.0033   14.0   0.0   189   258   206   275   199   277 0.92 -
Pdum_DN92345_c8_g1_i1:3879-4793  -            305 179485at33208        -            501     6e-08   29.7   5.0   6   6      0.19       4.8    3.6   0.0   302   335   275   305   274   305 0.91 -
Pdum_DN90581_c4_g2_i3:17-301     -             95 179485at33208        -            501   6.2e-08   29.6   0.0   1   1   2.6e-09   6.6e-08   29.5   0.0   173   251    14    93     5    95 0.89 -
Pdum_DN84002_c0_g1_i8:2338-3012  -            225 179485at33208        -            501   6.4e-08   29.6   0.2   1   2   2.7e-05   0.00069   16.3   0.0   173   255     8    97     5   102 0.80 -
Pdum_DN84002_c0_g1_i8:2338-3012  -            225 179485at33208        -            501   6.4e-08   29.6   0.2   2   2   0.00061     0.015   11.8   0.0   217   279   101   163    96   188 0.84 -
Pdum_DN75190_c1_g2_i8:2335-2706  -            124 179485at33208        -            501   7.6e-08   29.3   2.0   1   2    0.0052      0.13    8.8   0.0   218   256     9    45     2    48 0.82 -
Pdum_DN75190_c1_g2_i8:2335-2706  -            124 179485at33208        -            501   7.6e-08   29.3   2.0   2   2      0.26       6.5    3.2   0.1   235   253   104   122    90   124 0.86 -
Pdum_DN78364_c0_g1_i1:226-1314   -            363 179485at33208        -            501   7.7e-08   29.3   0.2   1   3   0.00039    0.0098   12.5   0.0   172   250    15    91     6   101 0.82 -
Pdum_DN78364_c0_g1_i1:226-1314   -            363 179485at33208        -            501   7.7e-08   29.3   0.2   2   3   1.9e-06   4.9e-05   20.1   0.0   174   263    59   147    55   170 0.88 -
Pdum_DN78364_c0_g1_i1:226-1314   -            363 179485at33208        -            501   7.7e-08   29.3   0.2   3   3       4.7   1.2e+02   -1.0   0.0    36    84   288   336   282   357 0.73 -
Pdum_DN63408_c0_g1_i3:4-960      -            319 179485at33208        -            501     1e-07   28.9   0.3   1   2   3.7e-07   9.3e-06   22.4   0.1   215   342    15   141     5   153 0.83 -
Pdum_DN63408_c0_g1_i3:4-960      -            319 179485at33208        -            501     1e-07   28.9   0.3   2   2     0.096       2.4    4.6   0.0   230   259   175   204   164   221 0.84 -
Pdum_DN92615_c3_g1_i3:1432-2112  -            227 179485at33208        -            501   1.1e-07   28.8   0.3   1   2     8e-06    0.0002   18.0   0.1   172   353     8   197     4   199 0.82 -
Pdum_DN92615_c3_g1_i3:1432-2112  -            227 179485at33208        -            501   1.1e-07   28.8   0.3   2   2   0.00019    0.0048   13.5   0.0   232   339   116   222   106   227 0.66 -
Pdum_DN73667_c0_g1_i4:202-1662   -            487 179485at33208        -            501   1.1e-07   28.7   0.2   1   3   2.6e-06   6.6e-05   19.6   0.1   180   256   153   229   144   241 0.93 -
Pdum_DN73667_c0_g1_i4:202-1662   -            487 179485at33208        -            501   1.1e-07   28.7   0.2   2   3      0.13       3.2    4.2   0.0   208   254   233   279   228   282 0.80 -
Pdum_DN73667_c0_g1_i4:202-1662   -            487 179485at33208        -            501   1.1e-07   28.7   0.2   3   3      0.12         3    4.3   0.0   183   248   250   315   247   323 0.64 -
Pdum_DN57990_c0_g1_i2:33-530     -            166 179485at33208        -            501   2.7e-07   27.5   0.1   1   2    0.0087      0.22    8.0   0.0   176   257     1    87     1    95 0.75 -
Pdum_DN57990_c0_g1_i2:33-530     -            166 179485at33208        -            501   2.7e-07   27.5   0.1   2   2   7.3e-06   0.00018   18.2   0.0   179   247    97   164    88   166 0.90 -
Pdum_DN85938_c0_g1_i1:258-608    -            117 179485at33208        -            501   2.8e-07   27.5   0.1   1   2   5.4e-06   0.00014   18.6   0.1   219   258     1    40     1    45 0.94 -
Pdum_DN85938_c0_g1_i1:258-608    -            117 179485at33208        -            501   2.8e-07   27.5   0.1   2   2     0.013      0.33    7.4   0.0   180   242    48   110    39   114 0.86 -
Pdum_DN89812_c3_g1_i3:2-727      -            242 179485at33208        -            501   2.8e-07   27.5   0.1   1   1     2e-08     5e-07   26.6   0.1   179   261    54   136    43   216 0.83 -
Pdum_DN84002_c0_g1_i8:796-1551   -            252 179485at33208        -            501   3.4e-07   27.2   5.5   1   2   4.8e-06   0.00012   18.8   0.2   208   255    31    81     7    85 0.68 -
Pdum_DN84002_c0_g1_i8:796-1551   -            252 179485at33208        -            501   3.4e-07   27.2   5.5   2   2    0.0069      0.18    8.3   0.1   217   248    85   116    79   126 0.86 -
Pdum_DN69324_c0_g1_i2:232-1023   -            264 179485at33208        -            501   6.1e-07   26.3   0.9   1   2   1.4e-07   3.6e-06   23.8   0.1   191   251    34    96    26   104 0.89 -
Pdum_DN69324_c0_g1_i2:232-1023   -            264 179485at33208        -            501   6.1e-07   26.3   0.9   2   2       2.7        68   -0.2   0.0   201   253   172   224   157   243 0.67 -
Pdum_DN66486_c0_g1_i1:419-1648   -            410 179485at33208        -            501   1.1e-06   25.6   2.7   1   2   1.2e-07   3.1e-06   24.0   0.3   174   257   149   231   124   240 0.86 -
Pdum_DN66486_c0_g1_i1:419-1648   -            410 179485at33208        -            501   1.1e-06   25.6   2.7   2   2       1.2        30    1.0   0.0   216   253   347   384   283   399 0.63 -
Pdum_DN90901_c7_g1_i5:256-1545   -            430 179485at33208        -            501   1.1e-06   25.5   0.4   1   3   0.00067     0.017   11.7   0.0   178   335    14   177     7   183 0.60 -
Pdum_DN90901_c7_g1_i5:256-1545   -            430 179485at33208        -            501   1.1e-06   25.5   0.4   2   3    0.0038     0.095    9.2   0.0   181   253   198   271   177   279 0.78 -
Pdum_DN90901_c7_g1_i5:256-1545   -            430 179485at33208        -            501   1.1e-06   25.5   0.4   3   3    0.0084      0.21    8.1   0.0   177   267   238   338   222   346 0.63 -
Pdum_DN92880_c2_g1_i2:4337-5176  -            280 179485at33208        -            501   1.4e-06   25.2   0.1   1   2      0.81        21    1.5   0.0   221   256    13    48     4   135 0.66 -
Pdum_DN92880_c2_g1_i2:4337-5176  -            280 179485at33208        -            501   1.4e-06   25.2   0.1   2   2   7.4e-07   1.9e-05   21.4   0.0   176   259   149   231   141   259 0.89 -
Pdum_DN75461_c3_g1_i3:3415-4074  -            220 179485at33208        -            501   1.4e-06   25.1   0.1   1   2   1.7e-05   0.00043   16.9   0.0   219   332    13   124     8   128 0.76 -
Pdum_DN75461_c3_g1_i3:3415-4074  -            220 179485at33208        -            501   1.4e-06   25.1   0.1   2   2       0.1       2.6    4.5   0.0   177   259    99   188    92   214 0.76 -
Pdum_DN84981_c0_g1_i4:2535-3476  -            314 179485at33208        -            501   1.8e-06   24.8   0.1   1   2    0.0066      0.17    8.4   0.0   177   258    24   103    17   104 0.77 -
Pdum_DN84981_c0_g1_i4:2535-3476  -            314 179485at33208        -            501   1.8e-06   24.8   0.1   2   2   5.2e-07   1.3e-05   21.9   0.0   175   338    62   225    49   231 0.80 -
Pdum_DN88741_c1_g1_i6:2841-3650  -            270 179485at33208        -            501   1.9e-06   24.7   1.5   1   3   1.6e-05   0.00039   17.1   0.3   225   335    62   176    22   177 0.77 -
Pdum_DN88741_c1_g1_i6:2841-3650  -            270 179485at33208        -            501   1.9e-06   24.7   1.5   2   3   0.00093     0.024   11.2   0.1   263   338   149   220   111   233 0.72 -
Pdum_DN88741_c1_g1_i6:2841-3650  -            270 179485at33208        -            501   1.9e-06   24.7   1.5   3   3       4.1     1e+02   -0.8   0.0   308   335   239   265   232   269 0.57 -
Pdum_DN78867_c0_g1_i4:315-983    -            223 179485at33208        -            501   2.3e-06   24.5   0.0   1   2   5.8e-05    0.0015   15.2   0.0   170   257    48   135    39   140 0.86 -
Pdum_DN78867_c0_g1_i4:315-983    -            223 179485at33208        -            501   2.3e-06   24.5   0.0   2   2     0.032       0.8    6.2   0.0   180   241   143   202   138   206 0.73 -
Pdum_DN92425_c3_g2_i1:539-1228   -            230 179485at33208        -            501   2.5e-06   24.3   0.1   1   2   1.7e-05   0.00043   16.9   0.0   275   341    17    85     4   101 0.78 -
Pdum_DN92425_c3_g2_i1:539-1228   -            230 179485at33208        -            501   2.5e-06   24.3   0.1   2   2     0.059       1.5    5.3   0.0   298   351   168   219   145   226 0.76 -
Pdum_DN86294_c0_g1_i3:101-3103   -           1001 179485at33208        -            501   3.4e-06   23.9   0.0   1   2     0.043       1.1    5.7   0.0   218   254    11    47     4    84 0.82 -
Pdum_DN86294_c0_g1_i3:101-3103   -           1001 179485at33208        -            501   3.4e-06   23.9   0.0   2   2      0.33       8.3    2.8   0.0   172   236   222   286   214   292 0.86 -
Pdum_DN70029_c0_g1_i5:236-670    -            145 179485at33208        -            501   3.7e-06   23.8   0.0   1   2   0.00048     0.012   12.2   0.0   301   337    16    52     7    79 0.72 -
Pdum_DN70029_c0_g1_i5:236-670    -            145 179485at33208        -            501   3.7e-06   23.8   0.0   2   2    0.0015     0.038   10.5   0.0   196   241    94   140    54   145 0.75 -
Pdum_DN88423_c1_g1_i2:993-1421   -            143 179485at33208        -            501   3.7e-06   23.7   1.4   1   2      0.05       1.3    5.5   0.1   308   349    14    52     3    61 0.53 -
Pdum_DN88423_c1_g1_i2:993-1421   -            143 179485at33208        -            501   3.7e-06   23.7   1.4   2   2   1.8e-05   0.00045   16.9   0.4   190   252    61   122    50   128 0.87 -
Pdum_DN81583_c1_g1_i3:660-1619   -            320 179485at33208        -            501   4.5e-06   23.5   0.0   1   6       0.4        10    2.5   0.0   227   249     2    24     1    37 0.88 -
Pdum_DN81583_c1_g1_i3:660-1619   -            320 179485at33208        -            501   4.5e-06   23.5   0.0   2   6      0.85        21    1.5   0.0   226   266    65   105    39   117 0.85 -
Pdum_DN81583_c1_g1_i3:660-1619   -            320 179485at33208        -            501   4.5e-06   23.5   0.0   3   6      0.31       7.7    2.9   0.0   187   249    69   134    64   144 0.58 -
Pdum_DN81583_c1_g1_i3:660-1619   -            320 179485at33208        -            501   4.5e-06   23.5   0.0   4   6     0.012      0.31    7.5   0.0   173   266   149   242   141   249 0.77 -
Pdum_DN81583_c1_g1_i3:660-1619   -            320 179485at33208        -            501   4.5e-06   23.5   0.0   5   6      0.54        14    2.1   0.0    64    83   254   273   249   289 0.82 -
Pdum_DN81583_c1_g1_i3:660-1619   -            320 179485at33208        -            501   4.5e-06   23.5   0.0   6   6       2.1        52    0.2   0.0   217   242   290   315   275   317 0.86 -
Pdum_DN70491_c0_g1_i1:1-1254     -            418 179485at33208        -            501   5.1e-06   23.3   0.0   1   2   1.1e-06   2.9e-05   20.8   0.0   173   256   185   271   178   277 0.87 -
Pdum_DN70491_c0_g1_i1:1-1254     -            418 179485at33208        -            501   5.1e-06   23.3   0.0   2   2       5.3   1.3e+02   -1.2   0.0   286   313   386   413   372   416 0.85 -
Pdum_DN67806_c2_g1_i2:615-1406   -            264 179485at33208        -            501   5.6e-06   23.2   0.0   1   4    0.0063      0.16    8.5   0.0   182   255    20   105     9   113 0.73 -
Pdum_DN67806_c2_g1_i2:615-1406   -            264 179485at33208        -            501   5.6e-06   23.2   0.0   2   4     0.018      0.46    7.0   0.0   400   472    76   147    62   151 0.87 -
Pdum_DN67806_c2_g1_i2:615-1406   -            264 179485at33208        -            501   5.6e-06   23.2   0.0   3   4       3.1        79   -0.4   0.0   304   344   130   170   121   179 0.76 -
Pdum_DN67806_c2_g1_i2:615-1406   -            264 179485at33208        -            501   5.6e-06   23.2   0.0   4   4    0.0015     0.037   10.6   0.0   217   251   187   222   135   233 0.83 -
Pdum_DN87402_c0_g1_i1:93-1976    -            628 179485at33208        -            501   5.7e-06   23.1   0.0   1   3     0.004       0.1    9.1   0.0   216   259   289   332   281   369 0.67 -
Pdum_DN87402_c0_g1_i1:93-1976    -            628 179485at33208        -            501   5.7e-06   23.1   0.0   2   3    0.0012     0.029   10.9   0.0   196   332   438   570   402   579 0.67 -
Pdum_DN87402_c0_g1_i1:93-1976    -            628 179485at33208        -            501   5.7e-06   23.1   0.0   3   3     0.032      0.82    6.1   0.0   172   247   540   627   534   628 0.67 -
Pdum_DN92828_c4_g1_i1:1100-1621  -            174 179485at33208        -            501   6.1e-06   23.0   0.6   1   2   0.00065     0.017   11.7   0.4   304   420     3   122     1   128 0.69 -
Pdum_DN92828_c4_g1_i1:1100-1621  -            174 179485at33208        -            501   6.1e-06   23.0   0.6   2   2    0.0028     0.071    9.6   0.0   298   336   130   169   124   173 0.83 -
Pdum_DN87538_c0_g1_i11:59-631    -            191 179485at33208        -            501   1.8e-05   21.5   0.0   1   1     1e-06   2.6e-05   20.9   0.0   218   336     4   126     2   143 0.88 -
Pdum_DN83131_c0_g1_i8:1091-1750  -            220 179485at33208        -            501   1.9e-05   21.4   0.0   1   3    0.0018     0.045   10.3   0.0   291   341    28    77    22    81 0.91 -
Pdum_DN83131_c0_g1_i8:1091-1750  -            220 179485at33208        -            501   1.9e-05   21.4   0.0   2   3      0.16       4.1    3.8   0.1   219   336    88   120    77   131 0.58 -
Pdum_DN83131_c0_g1_i8:1091-1750  -            220 179485at33208        -            501   1.9e-05   21.4   0.0   3   3      0.15       3.7    4.0   0.0   191   248   158   218   133   220 0.73 -
Pdum_DN92600_c5_g2_i1:144-365    -             74 179485at33208        -            501   2.4e-05   21.1   0.0   1   1     1e-06   2.6e-05   21.0   0.0   179   247     5    72     2    74 0.91 -
Pdum_DN82465_c0_g2_i1:488-1204   -            239 179485at33208        -            501   2.6e-05   21.0   0.1   1   2     0.015      0.37    7.3   0.0   263   337    68   147    45   154 0.71 -
Pdum_DN82465_c0_g2_i1:488-1204   -            239 179485at33208        -            501   2.6e-05   21.0   0.1   2   2   0.00066     0.017   11.7   0.0   190   249   180   239   164   239 0.88 -
Pdum_DN90172_c5_g1_i3:2389-3285  -            299 179485at33208        -            501   3.8e-05   20.4   0.2   1   3     0.097       2.4    4.6   0.0   228   261   131   165   125   175 0.71 -
Pdum_DN90172_c5_g1_i3:2389-3285  -            299 179485at33208        -            501   3.8e-05   20.4   0.2   2   3     0.029      0.74    6.3   0.0   170   236   170   240   166   258 0.74 -
Pdum_DN90172_c5_g1_i3:2389-3285  -            299 179485at33208        -            501   3.8e-05   20.4   0.2   3   3     0.013      0.32    7.5   0.0   216   249   265   299   233   299 0.70 -
Pdum_DN92312_c5_g1_i1:3890-4381  -            164 179485at33208        -            501   0.00012   18.8   0.0   1   1   1.4e-05   0.00035   17.2   0.0   228   358    23   156     5   163 0.77 -
Pdum_DN91069_c3_g1_i7:2506-3243  -            246 179485at33208        -            501   0.00018   18.2   0.2   1   3     0.004       0.1    9.1   0.1   297   345    24    75    18    82 0.79 -
Pdum_DN91069_c3_g1_i7:2506-3243  -            246 179485at33208        -            501   0.00018   18.2   0.2   2   3      0.19       4.7    3.6   0.0   294   333    82   119    77   126 0.75 -
Pdum_DN91069_c3_g1_i7:2506-3243  -            246 179485at33208        -            501   0.00018   18.2   0.2   3   3      0.51        13    2.2   0.0   422   454   176   208   141   240 0.64 -
Pdum_DN90517_c4_g1_i5:2-985      -            328 179485at33208        -            501   0.00018   18.2   0.2   1   3    0.0034     0.086    9.4   0.1   273   341    22    93    12   121 0.77 -
Pdum_DN90517_c4_g1_i5:2-985      -            328 179485at33208        -            501   0.00018   18.2   0.2   2   3       1.3        33    0.8   0.0   316   338   124   146    93   152 0.57 -
Pdum_DN90517_c4_g1_i5:2-985      -            328 179485at33208        -            501   0.00018   18.2   0.2   3   3      0.12       2.9    4.3   0.0   298   337   201   242   130   306 0.75 -
Pdum_DN87384_c0_g1_i3:1267-1899  -            211 179485at33208        -            501    0.0002   18.1   0.0   1   2       1.1        27    1.1   0.0   448   469    61    83    46   102 0.77 -
Pdum_DN87384_c0_g1_i3:1267-1899  -            211 179485at33208        -            501    0.0002   18.1   0.0   2   2   6.8e-05    0.0017   15.0   0.0   180   247   145   211   117   211 0.89 -
Pdum_DN83063_c0_g1_i6:381-1082   -            234 179485at33208        -            501   0.00023   17.9   0.0   1   3     0.043       1.1    5.7   0.0   233   260     2    29     1   129 0.67 -
Pdum_DN83063_c0_g1_i6:381-1082   -            234 179485at33208        -            501   0.00023   17.9   0.0   2   3       2.5        63   -0.1   0.0   238   253   100   115    28   159 0.63 -
Pdum_DN83063_c0_g1_i6:381-1082   -            234 179485at33208        -            501   0.00023   17.9   0.0   3   3    0.0025     0.062    9.8   0.0   182   230   177   224   156   234 0.71 -
Pdum_DN55647_c0_g1_i2:33-551     -            173 179485at33208        -            501   0.00024   17.8   0.4   1   2   5.9e-05    0.0015   15.2   0.1   217   261     2    46     1    51 0.92 -
Pdum_DN55647_c0_g1_i2:33-551     -            173 179485at33208        -            501   0.00024   17.8   0.4   2   2       1.3        34    0.8   0.0   218   250   122   154    74   166 0.60 -
Pdum_DN89809_c3_g1_i10:6324-7073 -            250 179485at33208        -            501   0.00025   17.7   0.2   1   2     0.052       1.3    5.4   0.0   219   255     2    39     1    45 0.81 -
Pdum_DN89809_c3_g1_i10:6324-7073 -            250 179485at33208        -            501   0.00025   17.7   0.2   2   2    0.0042       0.1    9.1   0.0   219   260    52    94    39    97 0.78 -
Pdum_DN80615_c0_g2_i1:231-1205   -            325 179485at33208        -            501   0.00028   17.5   0.5   1   3      0.83        21    1.5   0.1   203   234    38    68     4    90 0.55 -
Pdum_DN80615_c0_g2_i1:231-1205   -            325 179485at33208        -            501   0.00028   17.5   0.5   2   3       9.8   2.5e+02   -2.0   0.0   319   341   123   145   113   149 0.71 -
Pdum_DN80615_c0_g2_i1:231-1205   -            325 179485at33208        -            501   0.00028   17.5   0.5   3   3   0.00035    0.0089   12.6   0.0   173   342   149   188   144   253 0.71 -
Pdum_DN91159_c2_g2_i3:4324-5103  -            260 179485at33208        -            501    0.0003   17.5   0.0   1   1   0.00016    0.0041   13.7   0.0   185   343     1   166     1   182 0.62 -
Pdum_DN91578_c1_g1_i1:293-997    -            235 179485at33208        -            501   0.00058   16.5   0.2   1   2       2.4        61   -0.0   0.0   348   365   125   142    32   151 0.61 -
Pdum_DN91578_c1_g1_i1:293-997    -            235 179485at33208        -            501   0.00058   16.5   0.2   2   2   0.00013    0.0032   14.1   0.0   301   367   153   227   147   233 0.78 -
Pdum_DN77673_c0_g1_i3:1295-1852  -            186 179485at33208        -            501   0.00059   16.5   0.1   1   1   4.6e-05    0.0012   15.5   0.1   180   339    25   185    11   186 0.69 -
Pdum_DN79525_c1_g1_i2:759-1442   -            228 179485at33208        -            501   0.00076   16.1   0.0   1   1   3.1e-05   0.00078   16.1   0.0   263   408    42   198     1   207 0.73 -
Pdum_DN61369_c0_g1_i1:1242-1787  -            182 179485at33208        -            501   0.00077   16.1   0.0   1   2       1.2        29    1.0   0.0   173   207    20    54    10    67 0.71 -
Pdum_DN61369_c0_g1_i1:1242-1787  -            182 179485at33208        -            501   0.00077   16.1   0.0   2   2   0.00023    0.0059   13.2   0.0   184   259    85   159    74   179 0.85 -
Pdum_DN83655_c1_g1_i2:238-2439   -            734 179485at33208        -            501   0.00083   16.0   0.8   1   5     0.011      0.28    7.7   0.0   104   161    18    72    12    96 0.76 -
Pdum_DN83655_c1_g1_i2:238-2439   -            734 179485at33208        -            501   0.00083   16.0   0.8   2   5      0.52        13    2.2   0.1   180   328   189   251   155   308 0.52 -
Pdum_DN83655_c1_g1_i2:238-2439   -            734 179485at33208        -            501   0.00083   16.0   0.8   3   5       2.5        62   -0.1   0.0   187   251   398   468   380   476 0.72 -
Pdum_DN83655_c1_g1_i2:238-2439   -            734 179485at33208        -            501   0.00083   16.0   0.8   4   5         8     2e+02   -1.8   0.1   185   249   497   561   495   623 0.76 -
Pdum_DN83655_c1_g1_i2:238-2439   -            734 179485at33208        -            501   0.00083   16.0   0.8   5   5         8     2e+02   -1.8   0.1   393   499   552   654   542   655 0.61 -
Pdum_DN76178_c0_g1_i1:3394-3981  -            196 179485at33208        -            501    0.0011   15.7   0.1   1   1   0.00014    0.0034   14.0   0.1   300   366    61   127    46   160 0.82 -
Pdum_DN69316_c0_g1_i1:312-956    -            215 179485at33208        -            501    0.0012   15.5   0.3   1   1   8.4e-05    0.0021   14.7   0.2   182   279     5   110     1   122 0.72 -
Pdum_DN89900_c1_g2_i1:318-785    -            156 179485at33208        -            501    0.0016   15.0   0.2   1   2   0.00047     0.012   12.2   0.0   223   336     1   111     1   124 0.83 -
Pdum_DN89900_c1_g2_i1:318-785    -            156 179485at33208        -            501    0.0016   15.0   0.2   2   2      0.99        25    1.2   0.0   219   481   125   153   110   156 0.47 -
Pdum_DN89974_c1_g1_i2:3302-3844  -            181 179485at33208        -            501    0.0018   14.9   0.4   1   1      0.16       4.1    3.8   0.0   323   355     2    35     1    37 0.80 -
Pdum_DN71959_c0_g1_i4:1320-1871  -            184 179485at33208        -            501    0.0019   14.8   0.6   1   3         3        75   -0.3   0.0   180   205    10    35     3    47 0.61 -
Pdum_DN71959_c0_g1_i4:1320-1871  -            184 179485at33208        -            501    0.0019   14.8   0.6   2   3   0.00052     0.013   12.0   0.2   420   452    48    80    38    93 0.89 -
Pdum_DN71959_c0_g1_i4:1320-1871  -            184 179485at33208        -            501    0.0019   14.8   0.6   3   3       8.7   2.2e+02   -1.9   0.0   359   401   136   182   123   184 0.60 -
Pdum_DN90079_c2_g2_i8:1469-1858  -            130 179485at33208        -            501    0.0019   14.8   0.0   1   1   0.00028    0.0072   12.9   0.0   185   259    37   112    17   126 0.80 -
Pdum_DN77384_c0_g1_i7:393-935    -            181 179485at33208        -            501    0.0028   14.3   0.0   1   1   0.00013    0.0033   14.0   0.0   194   336    40   180    27   181 0.79 -
Pdum_DN90844_c3_g1_i4:5072-5455  -            128 179485at33208        -            501    0.0031   14.1   0.0   1   1   0.00016     0.004   13.8   0.0    67   157    28   118    19   124 0.76 -
Pdum_DN90254_c2_g1_i7:1612-2445  -            278 179485at33208        -            501    0.0032   14.1   0.2   1   2      0.13       3.3    4.1   0.0   191   249    72   137    44   145 0.69 -
Pdum_DN90254_c2_g1_i7:1612-2445  -            278 179485at33208        -            501    0.0032   14.1   0.2   2   2    0.0085      0.21    8.1   0.1   185   259   164   246   136   257 0.66 -
Pdum_DN74905_c1_g1_i2:2-1102     -            367 179485at33208        -            501    0.0047   13.5   0.0   1   3       1.4        37    0.7   0.0   425   452    21    48    18    59 0.83 -
Pdum_DN74905_c1_g1_i2:2-1102     -            367 179485at33208        -            501    0.0047   13.5   0.0   2   3      0.01      0.25    7.8   0.0   302   342   144   183   133   191 0.84 -
Pdum_DN74905_c1_g1_i2:2-1102     -            367 179485at33208        -            501    0.0047   13.5   0.0   3   3       5.3   1.3e+02   -1.2   0.1   288   341   252   309   214   364 0.47 -
Pdum_DN85510_c0_g1_i3:3283-3711  -            143 179485at33208        -            501    0.0059   13.2   0.0   1   1   0.00034    0.0085   12.7   0.0   222   253    34    65    12    70 0.91 -
Pdum_DN83223_c0_g2_i1:739-1377   -            213 179485at33208        -            501    0.0068   13.0   1.0   1   3     0.013      0.33    7.4   0.1   203   247    21    64     1    76 0.66 -
Pdum_DN83223_c0_g2_i1:739-1377   -            213 179485at33208        -            501    0.0068   13.0   1.0   2   3      0.35       8.8    2.7   0.0   179   252    83   159    75   166 0.72 -
Pdum_DN83223_c0_g2_i1:739-1377   -            213 179485at33208        -            501    0.0068   13.0   1.0   3   3       2.2        56    0.1   0.0    95   114   187   206   171   213 0.55 -
Pdum_DN86351_c0_g1_i1:4485-5351  -            289 179485at33208        -            501    0.0073   12.9   0.0   1   1    0.0012     0.031   10.8   0.0   175   335   119   287   112   289 0.73 -
Pdum_DN70256_c0_g1_i2:778-1377   -            200 179485at33208        -            501     0.011   12.3   0.1   1   2         3        76   -0.4   0.0   422   452    37    66     8    79 0.66 -
Pdum_DN70256_c0_g1_i2:778-1377   -            200 179485at33208        -            501     0.011   12.3   0.1   2   2    0.0024      0.06    9.9   0.0   219   257   160   198   124   200 0.82 -
#
# Program:         hmmsearch
# Version:         3.1b2 (February 2015)
# Pipeline mode:   SEARCH
# Query file:      /mnt/f/phylo/WORMS/busco_analysis/busco_downloads/lineages/metazoa_odb10/hmms/179485at33208.hmm
# Target file:     /mnt/f/phylo/WORMS/busco_analysis/metazoa_lineage_result/run_metazoa_odb10/metaeuk_output/initial_results/Platynereis_ref.eggnog_filter.nucl.fasta.modified.fas
# Option settings: hmmsearch --domtblout /mnt/f/phylo/WORMS/busco_analysis/metazoa_lineage_result/run_metazoa_odb10/hmmer_output/initial_run_results/179485at33208.out --cpu 1 /mnt/f/phylo/WORMS/busco_analysis/busco_downloads/lineages/metazoa_odb10/hmms/179485at33208.hmm /mnt/f/phylo/WORMS/busco_analysis/metazoa_lineage_result/run_metazoa_odb10/metaeuk_output/initial_results/Platynereis_ref.eggnog_filter.nucl.fasta.modified.fas 
# Current dir:     /mnt/f/phylo/WORMS/busco_analysis
# Date:            Sun Mar 12 20:41:41 2023
# [ok]
