#                                                                                    --- full sequence --- -------------- this domain -------------   hmm coord   ali coord   env coord
# target name                accession   tlen query name           accession   qlen   E-value  score  bias   #  of  c-Evalue  i-Evalue  score  bias  from    to  from    to  from    to  acc description of target
#        ------------------- ---------- ----- -------------------- ---------- ----- --------- ------ ----- --- --- --------- --------- ------ ----- ----- ----- ----- ----- ----- ----- ---- ---------------------
Pdum_DN82141_c0_g1_i1:5-1951 -            649 189414at33208        -            542   3.4e-92  307.6  27.1   1   5      0.85   1.1e+03   -4.3  11.3     2    42    45    92    44   100 0.62 -
Pdum_DN82141_c0_g1_i1:5-1951 -            649 189414at33208        -            542   3.4e-92  307.6  27.1   2   5   1.5e-10     2e-07   27.9  10.3     3    67    99   170    95   183 0.67 -
Pdum_DN82141_c0_g1_i1:5-1951 -            649 189414at33208        -            542   3.4e-92  307.6  27.1   3   5       0.5   6.7e+02   -3.6   4.5    66   120   239   293   226   301 0.67 -
Pdum_DN82141_c0_g1_i1:5-1951 -            649 189414at33208        -            542   3.4e-92  307.6  27.1   4   5       2.4   3.2e+03   -5.8   4.7    66    89   307   330   268   347 0.53 -
Pdum_DN82141_c0_g1_i1:5-1951 -            649 189414at33208        -            542   3.4e-92  307.6  27.1   5   5   2.9e-91   3.9e-88  294.2   8.8    70   316   372   648   335   649 0.88 -
Pdum_DN82141_c0_g3_i1:83-913 -            277 189414at33208        -            542     4e-81  271.1  15.4   1   2   1.8e-12   2.4e-09   34.2   0.6   321   349     8    36     5    38 0.93 -
Pdum_DN82141_c0_g3_i1:83-913 -            277 189414at33208        -            542     4e-81  271.1  15.4   2   2   2.9e-75   3.9e-72  241.4   8.3   348   541    56   266    52   267 0.89 -
Pdum_DN87875_c1_g1_i4:0-1583 -            528 189414at33208        -            542   5.1e-36  122.2  11.3   1   2   1.8e-17   2.3e-14   50.7   2.0    86   293    28   230    18   239 0.84 -
Pdum_DN87875_c1_g1_i4:0-1583 -            528 189414at33208        -            542   5.1e-36  122.2  11.3   2   2   3.1e-25   4.2e-22   76.3   2.1   365   521   341   501   328   513 0.82 -
#
# Program:         hmmsearch
# Version:         3.1b2 (February 2015)
# Pipeline mode:   SEARCH
# Query file:      /mnt/f/phylo/WORMS/busco_analysis/busco_downloads/lineages/metazoa_odb10/hmms/189414at33208.hmm
# Target file:     /mnt/f/phylo/WORMS/busco_analysis/metazoa_lineage_result/run_metazoa_odb10/metaeuk_output/initial_results/Platynereis_ref.eggnog_filter.nucl.fasta.modified.fas
# Option settings: hmmsearch --domtblout /mnt/f/phylo/WORMS/busco_analysis/metazoa_lineage_result/run_metazoa_odb10/hmmer_output/initial_run_results/189414at33208.out --cpu 1 /mnt/f/phylo/WORMS/busco_analysis/busco_downloads/lineages/metazoa_odb10/hmms/189414at33208.hmm /mnt/f/phylo/WORMS/busco_analysis/metazoa_lineage_result/run_metazoa_odb10/metaeuk_output/initial_results/Platynereis_ref.eggnog_filter.nucl.fasta.modified.fas 
# Current dir:     /mnt/f/phylo/WORMS/busco_analysis
# Date:            Sun Mar 12 20:41:42 2023
# [ok]
