#                                                                                       --- full sequence --- -------------- this domain -------------   hmm coord   ali coord   env coord
# target name                   accession   tlen query name           accession   qlen   E-value  score  bias   #  of  c-Evalue  i-Evalue  score  bias  from    to  from    to  from    to  acc description of target
#           ------------------- ---------- ----- -------------------- ---------- ----- --------- ------ ----- --- --- --------- --------- ------ ----- ----- ----- ----- ----- ----- ----- ---- ---------------------
Pdum_DN90076_c1_g1_i4:435-2837  -            801 195986at33208        -            612  1.4e-280  930.0  51.8   1   3  4.9e-220  6.5e-217  719.7  19.3     1   379     1   420     1   433 0.92 -
Pdum_DN90076_c1_g1_i4:435-2837  -            801 195986at33208        -            612  1.4e-280  930.0  51.8   2   3   5.1e-17   6.8e-14   49.1   6.5   385   462   474   586   426   600 0.72 -
Pdum_DN90076_c1_g1_i4:435-2837  -            801 195986at33208        -            612  1.4e-280  930.0  51.8   3   3   2.6e-53   3.5e-50  169.0   9.7   464   612   638   794   632   794 0.92 -
Pdum_DN80252_c0_g1_i2:4904-5251 -            116 195986at33208        -            612   4.2e-22   76.2   7.0   1   2     3e-18     4e-15   53.2   1.5     6    85     2    82     1    84 0.93 -
Pdum_DN80252_c0_g1_i2:4904-5251 -            116 195986at33208        -            612   4.2e-22   76.2   7.0   2   2   2.4e-11   3.2e-08   30.4   0.7    24    68    72   116    70   116 0.95 -
Pdum_DN82158_c0_g1_i1:3398-3856 -            153 195986at33208        -            612   9.1e-17   58.6   0.9   1   2   1.7e-14   2.2e-11   40.8   0.3    29   103    15    94     1    96 0.77 -
Pdum_DN82158_c0_g1_i1:3398-3856 -            153 195986at33208        -            612   9.1e-17   58.6   0.9   2   2   4.8e-09   6.4e-06   22.8   0.0    45   104    86   150    85   152 0.85 -
#
# Program:         hmmsearch
# Version:         3.1b2 (February 2015)
# Pipeline mode:   SEARCH
# Query file:      /mnt/f/phylo/WORMS/busco_analysis/busco_downloads/lineages/metazoa_odb10/hmms/195986at33208.hmm
# Target file:     /mnt/f/phylo/WORMS/busco_analysis/metazoa_lineage_result/run_metazoa_odb10/metaeuk_output/initial_results/Platynereis_ref.eggnog_filter.nucl.fasta.modified.fas
# Option settings: hmmsearch --domtblout /mnt/f/phylo/WORMS/busco_analysis/metazoa_lineage_result/run_metazoa_odb10/hmmer_output/initial_run_results/195986at33208.out --cpu 1 /mnt/f/phylo/WORMS/busco_analysis/busco_downloads/lineages/metazoa_odb10/hmms/195986at33208.hmm /mnt/f/phylo/WORMS/busco_analysis/metazoa_lineage_result/run_metazoa_odb10/metaeuk_output/initial_results/Platynereis_ref.eggnog_filter.nucl.fasta.modified.fas 
# Current dir:     /mnt/f/phylo/WORMS/busco_analysis
# Date:            Sun Mar 12 20:41:43 2023
# [ok]
