#                                                                                        --- full sequence --- -------------- this domain -------------   hmm coord   ali coord   env coord
# target name                    accession   tlen query name           accession   qlen   E-value  score  bias   #  of  c-Evalue  i-Evalue  score  bias  from    to  from    to  from    to  acc description of target
#            ------------------- ---------- ----- -------------------- ---------- ----- --------- ------ ----- --- --- --------- --------- ------ ----- ----- ----- ----- ----- ----- ----- ---- ---------------------
Pdum_DN78454_c0_g1_i4:576-2111   -            512 197652at33208        -            436  6.2e-233  771.2  10.9   1   2  1.7e-180  4.7e-179  593.6   7.6     1   339     3   381     3   389 0.93 -
Pdum_DN78454_c0_g1_i4:576-2111   -            512 197652at33208        -            436  6.2e-233  771.2  10.9   2   2   1.2e-52   3.4e-51  172.3   0.1   334   436   398   508   387   508 0.92 -
Pdum_DN78086_c1_g1_i5:2830-3705  -            292 197652at33208        -            436   2.7e-39  133.1   9.2   1   6   7.8e-08   2.2e-06   24.6   0.0   264   336     5    79     2    80 0.87 -
Pdum_DN78086_c1_g1_i5:2830-3705  -            292 197652at33208        -            436   2.7e-39  133.1   9.2   2   6   6.7e-09   1.9e-07   28.1   0.0   278   337    63   122    60   126 0.95 -
Pdum_DN78086_c1_g1_i5:2830-3705  -            292 197652at33208        -            436   2.7e-39  133.1   9.2   3   6   4.2e-10   1.2e-08   32.1   0.1   255   337    81   164    77   177 0.91 -
Pdum_DN78086_c1_g1_i5:2830-3705  -            292 197652at33208        -            436   2.7e-39  133.1   9.2   4   6   3.3e-08   9.1e-07   25.9   0.1   266   335   135   204   126   206 0.92 -
Pdum_DN78086_c1_g1_i5:2830-3705  -            292 197652at33208        -            436   2.7e-39  133.1   9.2   5   6     5e-09   1.4e-07   28.6   0.0   269   340   180   251   164   256 0.88 -
Pdum_DN78086_c1_g1_i5:2830-3705  -            292 197652at33208        -            436   2.7e-39  133.1   9.2   6   6   3.4e-09   9.6e-08   29.1   0.0   255   334   207   287   205   290 0.91 -
Pdum_DN80129_c0_g2_i7:710-1570   -            287 197652at33208        -            436   6.7e-33  112.0   4.2   1   3   5.3e-11   1.5e-09   35.1   0.4   264   336     4    77     2    78 0.95 -
Pdum_DN80129_c0_g2_i7:710-1570   -            287 197652at33208        -            436   6.7e-33  112.0   4.2   2   3   7.5e-16   2.1e-14   51.1   0.0   255   337    79   162    77   168 0.92 -
Pdum_DN80129_c0_g2_i7:710-1570   -            287 197652at33208        -            436   6.7e-33  112.0   4.2   3   3   2.7e-08   7.5e-07   26.2   0.1   268   342   177   255   160   277 0.72 -
Pdum_DN72920_c0_g1_i5:770-1675   -            302 197652at33208        -            436   8.7e-32  108.3   3.4   1   3     0.076       2.1    4.9   0.1   199   221    29    51     7    71 0.70 -
Pdum_DN72920_c0_g1_i5:770-1675   -            302 197652at33208        -            436   8.7e-32  108.3   3.4   2   3   5.5e-18   1.5e-16   58.1   0.0   196   340    70   221    59   224 0.86 -
Pdum_DN72920_c0_g1_i5:770-1675   -            302 197652at33208        -            436   8.7e-32  108.3   3.4   3   3   1.1e-17   2.9e-16   57.2   1.9   192   333   150   298   128   301 0.84 -
Pdum_DN79110_c0_g1_i7:340-1365   -            342 197652at33208        -            436     1e-31  108.1   0.1   1   4   4.4e-08   1.2e-06   25.5   0.0   266   335    53   123    35   125 0.89 -
Pdum_DN79110_c0_g1_i7:340-1365   -            342 197652at33208        -            436     1e-31  108.1   0.1   2   4   4.2e-06   0.00012   18.9   0.0   294   336   124   167   122   181 0.82 -
Pdum_DN79110_c0_g1_i7:340-1365   -            342 197652at33208        -            436     1e-31  108.1   0.1   3   4   5.5e-12   1.5e-10   38.3   0.0   267   337   180   251   167   268 0.89 -
Pdum_DN79110_c0_g1_i7:340-1365   -            342 197652at33208        -            436     1e-31  108.1   0.1   4   4   6.4e-07   1.8e-05   21.6   0.0   269   331   275   337   255   342 0.89 -
Pdum_DN87680_c1_g3_i1:3327-4124  -            266 197652at33208        -            436   2.6e-29  100.2   8.2   1   3   4.3e-11   1.2e-09   35.4   0.3   270   336    12    78     2    84 0.88 -
Pdum_DN87680_c1_g3_i1:3327-4124  -            266 197652at33208        -            436   2.6e-29  100.2   8.2   2   3   2.7e-12   7.5e-11   39.3   0.9   256   348    81   177    78   182 0.85 -
Pdum_DN87680_c1_g3_i1:3327-4124  -            266 197652at33208        -            436   2.6e-29  100.2   8.2   3   3   5.8e-09   1.6e-07   28.4   0.0   278   335   208   265   194   266 0.94 -
Pdum_DN73138_c0_g1_i1:392-1264   -            291 197652at33208        -            436   6.1e-29   99.0   1.3   1   3     0.068       1.9    5.1   0.0   308   334    12    38     4    49 0.58 -
Pdum_DN73138_c0_g1_i1:392-1264   -            291 197652at33208        -            436   6.1e-29   99.0   1.3   2   3     2e-13   5.5e-12   43.1   0.0   253   337    40   125    38   131 0.90 -
Pdum_DN73138_c0_g1_i1:392-1264   -            291 197652at33208        -            436   6.1e-29   99.0   1.3   3   3   2.9e-15     8e-14   49.1   0.2   228   336   136   250   132   265 0.85 -
Pdum_DN88256_c0_g1_i4:512-2926   -            805 197652at33208        -            436   6.8e-28   95.5  19.0   1   6   2.8e-13   7.8e-12   42.6   0.2   175   341    42   220    30   235 0.81 -
Pdum_DN88256_c0_g1_i4:512-2926   -            805 197652at33208        -            436   6.8e-28   95.5  19.0   2   6     0.018      0.49    7.0   0.4   265   337   299   372   251   378 0.81 -
Pdum_DN88256_c0_g1_i4:512-2926   -            805 197652at33208        -            436   6.8e-28   95.5  19.0   3   6     0.001     0.028   11.1   0.3   301   338   377   414   371   421 0.91 -
Pdum_DN88256_c0_g1_i4:512-2926   -            805 197652at33208        -            436   6.8e-28   95.5  19.0   4   6      0.41        11    2.5   0.0   304   335   426   458   419   463 0.76 -
Pdum_DN88256_c0_g1_i4:512-2926   -            805 197652at33208        -            436   6.8e-28   95.5  19.0   5   6   7.5e-07   2.1e-05   21.4   0.0   260   339   476   556   471   562 0.88 -
Pdum_DN88256_c0_g1_i4:512-2926   -            805 197652at33208        -            436   6.8e-28   95.5  19.0   6   6   1.9e-06   5.4e-05   20.0   0.2   257   334   557   635   554   664 0.75 -
Pdum_DN87134_c2_g1_i3:1621-2460  -            280 197652at33208        -            436   1.6e-27   94.3  12.0   1   4   5.5e-07   1.5e-05   21.9   0.5   264   336     1    72     1    78 0.86 -
Pdum_DN87134_c2_g1_i3:1621-2460  -            280 197652at33208        -            436   1.6e-27   94.3  12.0   2   4   1.8e-11   4.9e-10   36.7   0.3   262   339    87   161    79   163 0.87 -
Pdum_DN87134_c2_g1_i3:1621-2460  -            280 197652at33208        -            436   1.6e-27   94.3  12.0   3   4     6e-11   1.7e-09   34.9   0.2   254   336   158   242   156   243 0.87 -
Pdum_DN87134_c2_g1_i3:1621-2460  -            280 197652at33208        -            436   1.6e-27   94.3  12.0   4   4    0.0032     0.088    9.5   0.0   255   290   244   278   242   280 0.87 -
Pdum_DN78854_c0_g1_i1:1579-2349  -            257 197652at33208        -            436   1.8e-25   87.5   9.3   1   4     0.001     0.028   11.1   0.1   304   334     1    31     1    40 0.94 -
Pdum_DN78854_c0_g1_i1:1579-2349  -            257 197652at33208        -            436   1.8e-25   87.5   9.3   2   4     1e-11   2.8e-10   37.5   0.9   261   337    41   118    32   124 0.91 -
Pdum_DN78854_c0_g1_i1:1579-2349  -            257 197652at33208        -            436   1.8e-25   87.5   9.3   3   4   2.9e-11   8.1e-10   35.9   0.1   263   341    85   164    82   168 0.91 -
Pdum_DN78854_c0_g1_i1:1579-2349  -            257 197652at33208        -            436   1.8e-25   87.5   9.3   4   4   9.7e-08   2.7e-06   24.3   0.1   258   336   164   243   158   250 0.90 -
Pdum_DN91072_c6_g2_i4:11-988     -            326 197652at33208        -            436   3.7e-25   86.5   1.1   1   4   4.3e-13   1.2e-11   42.0   0.0   261   336    27   105     7   109 0.87 -
Pdum_DN91072_c6_g2_i4:11-988     -            326 197652at33208        -            436   3.7e-25   86.5   1.1   2   4    0.0011      0.03   11.0   0.0   296   347   107   158   104   167 0.83 -
Pdum_DN91072_c6_g2_i4:11-988     -            326 197652at33208        -            436   3.7e-25   86.5   1.1   3   4     4e-09   1.1e-07   28.9   0.0   276   335   180   239   162   249 0.90 -
Pdum_DN91072_c6_g2_i4:11-988     -            326 197652at33208        -            436   3.7e-25   86.5   1.1   4   4         1        29    1.2   0.0   256   335   243   325   240   326 0.74 -
Pdum_DN75190_c1_g2_i8:1873-2820  -            316 197652at33208        -            436   4.2e-25   86.3   1.4   1   3   7.6e-09   2.1e-07   28.0   0.1   251   337    35   118    20   131 0.81 -
Pdum_DN75190_c1_g2_i8:1873-2820  -            316 197652at33208        -            436   4.2e-25   86.3   1.4   2   3   9.3e-06   0.00026   17.8   0.3   279   340   142   204   119   209 0.80 -
Pdum_DN75190_c1_g2_i8:1873-2820  -            316 197652at33208        -            436   4.2e-25   86.3   1.4   3   3   3.2e-12   8.8e-11   39.1   0.0   258   366   205   311   200   314 0.84 -
Pdum_DN92078_c7_g2_i1:2888-3787  -            300 197652at33208        -            436     5e-25   86.1   7.9   1   6   1.1e-07   3.2e-06   24.1   0.1   278   336     8    66     2    67 0.85 -
Pdum_DN92078_c7_g2_i1:2888-3787  -            300 197652at33208        -            436     5e-25   86.1   7.9   2   6   3.9e-09   1.1e-07   28.9   0.3   279   335    51   107    47   114 0.93 -
Pdum_DN92078_c7_g2_i1:2888-3787  -            300 197652at33208        -            436     5e-25   86.1   7.9   3   6   0.00027    0.0075   13.0   0.0   187   223   123   158   110   161 0.85 -
Pdum_DN92078_c7_g2_i1:2888-3787  -            300 197652at33208        -            436     5e-25   86.1   7.9   4   6    0.0002    0.0054   13.4   0.1   302   335   161   194   155   199 0.91 -
Pdum_DN92078_c7_g2_i1:2888-3787  -            300 197652at33208        -            436     5e-25   86.1   7.9   5   6     3e-06   8.4e-05   19.4   0.0   296   334   197   235   194   248 0.91 -
Pdum_DN92078_c7_g2_i1:2888-3787  -            300 197652at33208        -            436     5e-25   86.1   7.9   6   6       1.4        40    0.7   0.0   191   226   254   289   237   295 0.77 -
Pdum_DN74150_c0_g1_i3:157-2955   -            933 197652at33208        -            436   5.6e-24   82.6   9.1   1   6   8.8e-08   2.5e-06   24.5   0.2   263   336    63   137    52   144 0.85 -
Pdum_DN74150_c0_g1_i3:157-2955   -            933 197652at33208        -            436   5.6e-24   82.6   9.1   2   6   0.00018    0.0049   13.6   0.0   262   335   146   220   137   232 0.72 -
Pdum_DN74150_c0_g1_i3:157-2955   -            933 197652at33208        -            436   5.6e-24   82.6   9.1   3   6    0.0038      0.11    9.2   0.1   302   340   402   439   393   451 0.83 -
Pdum_DN74150_c0_g1_i3:157-2955   -            933 197652at33208        -            436   5.6e-24   82.6   9.1   4   6     2e-05   0.00056   16.7   0.1   256   338   438   519   434   528 0.87 -
Pdum_DN74150_c0_g1_i3:157-2955   -            933 197652at33208        -            436   5.6e-24   82.6   9.1   5   6   1.9e-05   0.00054   16.7   0.0   184   254   581   651   561   655 0.75 -
Pdum_DN74150_c0_g1_i3:157-2955   -            933 197652at33208        -            436   5.6e-24   82.6   9.1   6   6         1        29    1.2   0.0   185   218   666   699   660   713 0.87 -
Pdum_DN80927_c0_g1_i1:489-1964   -            492 197652at33208        -            436   6.9e-23   79.0   1.6   1   3     0.037         1    5.9   0.0   302   338   144   180   130   195 0.77 -
Pdum_DN80927_c0_g1_i1:489-1964   -            492 197652at33208        -            436   6.9e-23   79.0   1.6   2   3   4.6e-13   1.3e-11   41.9   0.1   187   336   203   357   188   367 0.84 -
Pdum_DN80927_c0_g1_i1:489-1964   -            492 197652at33208        -            436   6.9e-23   79.0   1.6   3   3   6.5e-09   1.8e-07   28.2   0.0   279   341   393   455   358   471 0.89 -
Pdum_DN90586_c2_g3_i4:2166-2804  -            213 197652at33208        -            436   3.1e-22   76.9   0.2   1   2     0.082       2.3    4.8   0.0   299   336     2    40     1    47 0.83 -
Pdum_DN90586_c2_g3_i4:2166-2804  -            213 197652at33208        -            436   3.1e-22   76.9   0.2   2   2   1.7e-21   4.6e-20   69.7   0.0   185   340    50   212    46   213 0.92 -
Pdum_DN82012_c2_g2_i1:484-1302   -            273 197652at33208        -            436   1.2e-21   74.9   7.7   1   4      0.16       4.5    3.8   0.1   317   335    13    31     2    33 0.79 -
Pdum_DN82012_c2_g2_i1:484-1302   -            273 197652at33208        -            436   1.2e-21   74.9   7.7   2   4   1.7e-10   4.6e-09   33.4   0.7   254   334    33   110    14   115 0.86 -
Pdum_DN82012_c2_g2_i1:484-1302   -            273 197652at33208        -            436   1.2e-21   74.9   7.7   3   4   1.6e-09   4.6e-08   30.2   0.3   257   336   116   192   113   197 0.87 -
Pdum_DN82012_c2_g2_i1:484-1302   -            273 197652at33208        -            436   1.2e-21   74.9   7.7   4   4     1e-07   2.8e-06   24.3   0.1   255   341   154   240   154   246 0.76 -
Pdum_DN74356_c1_g1_i1:377-1456   -            360 197652at33208        -            436   6.1e-21   72.6   0.5   1   4     0.023      0.63    6.6   0.0   186   222     2    38     1    54 0.84 -
Pdum_DN74356_c1_g1_i1:377-1456   -            360 197652at33208        -            436   6.1e-21   72.6   0.5   2   4   2.7e-06   7.4e-05   19.6   0.0   268   337    48   122    32   139 0.79 -
Pdum_DN74356_c1_g1_i1:377-1456   -            360 197652at33208        -            436   6.1e-21   72.6   0.5   3   4   1.3e-06   3.8e-05   20.6   0.0   258   334   135   213   126   218 0.87 -
Pdum_DN74356_c1_g1_i1:377-1456   -            360 197652at33208        -            436   6.1e-21   72.6   0.5   4   4   7.5e-07   2.1e-05   21.4   0.0   266   342   245   323   229   331 0.82 -
Pdum_DN85045_c0_g1_i5:248-835    -            196 197652at33208        -            436   6.9e-21   72.4   0.0   1   3   8.9e-09   2.5e-07   27.8   0.0   270   335     6    71     3    75 0.95 -
Pdum_DN85045_c0_g1_i5:248-835    -            196 197652at33208        -            436   6.9e-21   72.4   0.0   2   3   2.9e-06   8.1e-05   19.5   0.0   281   337    59   115    57   120 0.94 -
Pdum_DN85045_c0_g1_i5:248-835    -            196 197652at33208        -            436   6.9e-21   72.4   0.0   3   3   2.5e-09     7e-08   29.6   0.0   255   333   116   195   113   196 0.70 -
Pdum_DN84798_c1_g2_i5:993-2768   -            592 197652at33208        -            436   8.1e-21   72.2   3.1   1   5   4.1e-07   1.2e-05   22.3   0.0   179   332    40   205    31   212 0.78 -
Pdum_DN84798_c1_g2_i5:993-2768   -            592 197652at33208        -            436   8.1e-21   72.2   3.1   2   5    0.0011     0.031   11.0   0.1   305   339   222   256   218   264 0.84 -
Pdum_DN84798_c1_g2_i5:993-2768   -            592 197652at33208        -            436   8.1e-21   72.2   3.1   3   5   0.00065     0.018   11.7   0.1   295   376   298   385   265   414 0.57 -
Pdum_DN84798_c1_g2_i5:993-2768   -            592 197652at33208        -            436   8.1e-21   72.2   3.1   4   5    0.0091      0.25    7.9   0.0   283   336   450   505   400   516 0.74 -
Pdum_DN84798_c1_g2_i5:993-2768   -            592 197652at33208        -            436   8.1e-21   72.2   3.1   5   5   0.00038     0.011   12.5   0.1   188   254   520   587   516   590 0.79 -
Pdum_DN66770_c0_g1_i1:157-1065   -            303 197652at33208        -            436   4.3e-20   69.8   1.1   1   3     5e-09   1.4e-07   28.6   0.0   262   335    10    86     3    88 0.90 -
Pdum_DN66770_c0_g1_i1:157-1065   -            303 197652at33208        -            436   4.3e-20   69.8   1.1   2   3   1.2e-06   3.4e-05   20.7   0.0   255   334    89   171    87   177 0.82 -
Pdum_DN66770_c0_g1_i1:157-1065   -            303 197652at33208        -            436   4.3e-20   69.8   1.1   3   3   1.3e-05   0.00037   17.3   0.0   191   254   236   301   191   302 0.78 -
Pdum_DN83588_c0_g2_i13:1452-2396 -            315 197652at33208        -            436   4.5e-20   69.8   0.0   1   3   4.6e-05    0.0013   15.5   0.0   277   334    11    70     6    85 0.81 -
Pdum_DN83588_c0_g2_i13:1452-2396 -            315 197652at33208        -            436   4.5e-20   69.8   0.0   2   3     2e-08   5.6e-07   26.6   0.0   268   334    89   155    72   162 0.91 -
Pdum_DN83588_c0_g2_i13:1452-2396 -            315 197652at33208        -            436   4.5e-20   69.8   0.0   3   3   1.3e-07   3.7e-06   23.9   0.0   264   335   243   315   224   315 0.85 -
Pdum_DN73512_c4_g2_i3:726-1661   -            312 197652at33208        -            436   4.7e-19   66.4   1.4   1   3     0.071         2    5.0   0.0   280   334    34    88    12    94 0.84 -
Pdum_DN73512_c4_g2_i3:726-1661   -            312 197652at33208        -            436   4.7e-19   66.4   1.4   2   3   4.6e-13   1.3e-11   41.9   0.3   263   345    99   183    89   192 0.89 -
Pdum_DN73512_c4_g2_i3:726-1661   -            312 197652at33208        -            436   4.7e-19   66.4   1.4   3   3   2.2e-05    0.0006   16.6   0.0   285   334   246   295   233   301 0.87 -
Pdum_DN83588_c0_g2_i13:1293-2279 -            329 197652at33208        -            436   6.8e-19   65.8   0.1   1   3    0.0011     0.032   10.9   0.1   304   334     1    31     1    43 0.88 -
Pdum_DN83588_c0_g2_i13:1293-2279 -            329 197652at33208        -            436   6.8e-19   65.8   0.1   2   3   2.2e-08     6e-07   26.5   0.0   268   334    50   116    33   123 0.91 -
Pdum_DN83588_c0_g2_i13:1293-2279 -            329 197652at33208        -            436   6.8e-19   65.8   0.1   3   3   7.9e-08   2.2e-06   24.6   0.0   264   335   204   276   185   290 0.84 -
Pdum_DN87342_c0_g1_i8:5-2425     -            807 197652at33208        -            436     2e-18   64.3   1.8   1   6       5.6   1.6e+02   -1.2   0.0   270   328    20    77    14    91 0.64 -
Pdum_DN87342_c0_g1_i8:5-2425     -            807 197652at33208        -            436     2e-18   64.3   1.8   2   6     0.057       1.6    5.3   0.1   273   337   153   219   142   237 0.78 -
Pdum_DN87342_c0_g1_i8:5-2425     -            807 197652at33208        -            436     2e-18   64.3   1.8   3   6   7.4e-09   2.1e-07   28.0   0.1   189   335   295   449   291   458 0.69 -
Pdum_DN87342_c0_g1_i8:5-2425     -            807 197652at33208        -            436     2e-18   64.3   1.8   4   6   6.9e-14   1.9e-12   44.6   0.2   188   336   379   536   366   544 0.81 -
Pdum_DN87342_c0_g1_i8:5-2425     -            807 197652at33208        -            436     2e-18   64.3   1.8   5   6         2        55    0.3   0.0   188   217   549   578   538   598 0.73 -
Pdum_DN87342_c0_g1_i8:5-2425     -            807 197652at33208        -            436     2e-18   64.3   1.8   6   6      0.23       6.4    3.3   0.0   309   353   613   655   601   660 0.90 -
Pdum_DN90064_c4_g2_i4:2740-4161  -            474 197652at33208        -            436   3.5e-18   63.5   0.9   1   3   7.3e-08     2e-06   24.7   0.0   256   342   132   219   119   226 0.86 -
Pdum_DN90064_c4_g2_i4:2740-4161  -            474 197652at33208        -            436   3.5e-18   63.5   0.9   2   3   7.6e-06   0.00021   18.1   0.0   274   337   277   340   245   347 0.86 -
Pdum_DN90064_c4_g2_i4:2740-4161  -            474 197652at33208        -            436   3.5e-18   63.5   0.9   3   3   2.4e-09   6.8e-08   29.6   0.3   254   343   298   388   298   398 0.85 -
Pdum_DN71389_c1_g2_i1:359-1099   -            247 197652at33208        -            436   2.2e-17   60.9   4.1   1   3   4.3e-07   1.2e-05   22.2   0.1   276   337    21    87     5    93 0.79 -
Pdum_DN71389_c1_g2_i1:359-1099   -            247 197652at33208        -            436   2.2e-17   60.9   4.1   2   3   2.4e-09   6.7e-08   29.6   0.3   280   338    72   130    72   138 0.95 -
Pdum_DN71389_c1_g2_i1:359-1099   -            247 197652at33208        -            436   2.2e-17   60.9   4.1   3   3   9.8e-07   2.7e-05   21.0   0.1   260   336   138   217   127   233 0.76 -
Pdum_DN86522_c0_g3_i4:534-1520   -            329 197652at33208        -            436   4.7e-17   59.8   0.9   1   3     8e-11   2.2e-09   34.5   0.8   185   330    41   189    30   200 0.77 -
Pdum_DN86522_c0_g3_i4:534-1520   -            329 197652at33208        -            436   4.7e-17   59.8   0.9   2   3      0.14       3.9    4.0   0.1   262   307   166   212   154   219 0.85 -
Pdum_DN86522_c0_g3_i4:534-1520   -            329 197652at33208        -            436   4.7e-17   59.8   0.9   3   3   1.1e-07     3e-06   24.2   0.0   201   336   183   329   177   329 0.82 -
Pdum_DN83656_c0_g1_i2:2236-2991  -            252 197652at33208        -            436   7.8e-17   59.1   5.7   1   3    0.0045      0.13    9.0   0.0   302   335     4    35     1    37 0.89 -
Pdum_DN83656_c0_g1_i2:2236-2991  -            252 197652at33208        -            436   7.8e-17   59.1   5.7   2   3   4.6e-08   1.3e-06   25.4   0.1   278   350    77   152    70   162 0.86 -
Pdum_DN83656_c0_g1_i2:2236-2991  -            252 197652at33208        -            436   7.8e-17   59.1   5.7   3   3   4.8e-12   1.3e-10   38.5   2.4   185   333   103   252   102   252 0.87 -
Pdum_DN77740_c0_g3_i3:100-1476   -            459 197652at33208        -            436   3.8e-16   56.8   0.1   1   3   2.8e-14   7.9e-13   45.9   0.0   184   335   146   304   141   307 0.84 -
Pdum_DN77740_c0_g3_i3:100-1476   -            459 197652at33208        -            436   3.8e-16   56.8   0.1   2   3     0.017      0.47    7.1   0.0   262   334   314   385   305   398 0.81 -
Pdum_DN77740_c0_g3_i3:100-1476   -            459 197652at33208        -            436   3.8e-16   56.8   0.1   3   3       7.8   2.2e+02   -1.7   0.0   311   334   412   435   405   440 0.79 -
Pdum_DN80498_c1_g1_i1:1987-2589  -            201 197652at33208        -            436   4.8e-16   56.5   1.0   1   4   1.7e-09   4.8e-08   30.1   0.3   269   336     7    76     1    77 0.88 -
Pdum_DN80498_c1_g1_i1:1987-2589  -            201 197652at33208        -            436   4.8e-16   56.5   1.0   2   4   1.4e-07   3.9e-06   23.8   0.0   279   334    61   116    55   121 0.91 -
Pdum_DN80498_c1_g1_i1:1987-2589  -            201 197652at33208        -            436   4.8e-16   56.5   1.0   3   4      0.49        14    2.2   0.0   191   217   136   162   116   167 0.78 -
Pdum_DN80498_c1_g1_i1:1987-2589  -            201 197652at33208        -            436   4.8e-16   56.5   1.0   4   4    0.0028     0.077    9.7   0.0   178   214   165   201   158   201 0.87 -
Pdum_DN88766_c3_g2_i10:292-717   -            142 197652at33208        -            436   2.4e-15   54.2   0.2   1   2   1.4e-14     4e-13   46.9   0.1   257   339    26   109     4   116 0.90 -
Pdum_DN88766_c3_g2_i10:292-717   -            142 197652at33208        -            436   2.4e-15   54.2   0.2   2   2   0.00063     0.017   11.8   0.0   282   325    94   137    93   141 0.56 -
Pdum_DN84894_c0_g1_i9:97-867     -            257 197652at33208        -            436   9.2e-15   52.2   0.0   1   3      0.02      0.56    6.8   0.0   303   337     5    47     2    57 0.68 -
Pdum_DN84894_c0_g1_i9:97-867     -            257 197652at33208        -            436   9.2e-15   52.2   0.0   2   3     0.024      0.68    6.5   0.0   278   333    30    86    18   101 0.59 -
Pdum_DN84894_c0_g1_i9:97-867     -            257 197652at33208        -            436   9.2e-15   52.2   0.0   3   3   3.3e-13   9.1e-12   42.4   0.0   190   334   104   256    87   257 0.88 -
Pdum_DN66493_c0_g1_i1:720-1655   -            312 197652at33208        -            436   1.1e-14   52.0   0.4   1   3    0.0087      0.24    8.0   0.0   293   336     8    51     2    60 0.89 -
Pdum_DN66493_c0_g1_i1:720-1655   -            312 197652at33208        -            436   1.1e-14   52.0   0.4   2   3   1.6e-05   0.00044   17.0   0.1   280   337    81   138    56   142 0.86 -
Pdum_DN66493_c0_g1_i1:720-1655   -            312 197652at33208        -            436   1.1e-14   52.0   0.4   3   3   1.6e-07   4.5e-06   23.6   0.0   269   336   199   268   185   290 0.88 -
Pdum_DN79208_c0_g1_i2:96-1031    -            312 197652at33208        -            436   1.4e-14   51.6   0.1   1   3     0.002     0.057   10.1   0.0   278   337     9    67     3    75 0.87 -
Pdum_DN79208_c0_g1_i2:96-1031    -            312 197652at33208        -            436   1.4e-14   51.6   0.1   2   3   0.00069     0.019   11.6   0.0   259   368    31   141    27   158 0.80 -
Pdum_DN79208_c0_g1_i2:96-1031    -            312 197652at33208        -            436   1.4e-14   51.6   0.1   3   3   1.7e-10   4.8e-09   33.4   0.1   265   343   216   295   119   307 0.79 -
Pdum_DN92785_c3_g1_i2:3114-4076  -            321 197652at33208        -            436   6.3e-14   49.5   0.3   1   2       3.6     1e+02   -0.6   0.0   203   225     2    24     1    53 0.76 -
Pdum_DN92785_c3_g1_i2:3114-4076  -            321 197652at33208        -            436   6.3e-14   49.5   0.3   2   2   2.2e-14   6.2e-13   46.2   0.1   190   334   190   317   175   320 0.82 -
Pdum_DN65740_c0_g1_i1:159-803    -            215 197652at33208        -            436     8e-14   49.1   0.7   1   3   1.3e-06   3.6e-05   20.6   0.5   275   337     9    72     2    82 0.86 -
Pdum_DN65740_c0_g1_i1:159-803    -            215 197652at33208        -            436     8e-14   49.1   0.7   2   3     0.014      0.38    7.3   0.0   304   334    97   127    92   135 0.92 -
Pdum_DN65740_c0_g1_i1:159-803    -            215 197652at33208        -            436     8e-14   49.1   0.7   3   3   8.1e-06   0.00023   18.0   0.0   265   333   146   215   128   215 0.83 -
Pdum_DN85879_c0_g1_i1:230-808    -            193 197652at33208        -            436   1.7e-13   48.0   0.0   1   2   2.9e-08   8.2e-07   26.0   0.0   274   336     1    63     1    69 0.97 -
Pdum_DN85879_c0_g1_i1:230-808    -            193 197652at33208        -            436   1.7e-13   48.0   0.0   2   2   4.3e-06   0.00012   18.9   0.0   237   333    93   193    80   193 0.72 -
Pdum_DN90273_c4_g1_i2:3537-4052  -            172 197652at33208        -            436   2.5e-13   47.5   0.0   1   1   1.1e-14   3.1e-13   47.2   0.0   183   337     4   166     1   171 0.85 -
Pdum_DN89838_c3_g2_i15:954-1709  -            252 197652at33208        -            436   3.4e-13   47.1   1.7   1   2   1.3e-06   3.8e-05   20.6   0.8   203   344     2   142     1   151 0.80 -
Pdum_DN89838_c3_g2_i15:954-1709  -            252 197652at33208        -            436   3.4e-13   47.1   1.7   2   2   4.9e-08   1.4e-06   25.3   0.0   277   343   157   225   137   237 0.84 -
Pdum_DN76828_c2_g1_i1:4967-5695  -            243 197652at33208        -            436   3.5e-13   47.0   0.3   1   4       2.4        66   -0.0   0.0   191   219     4    32     1    42 0.77 -
Pdum_DN76828_c2_g1_i1:4967-5695  -            243 197652at33208        -            436   3.5e-13   47.0   0.3   2   4   4.8e-08   1.3e-06   25.3   0.0   263   336    44   117    33   123 0.90 -
Pdum_DN76828_c2_g1_i1:4967-5695  -            243 197652at33208        -            436   3.5e-13   47.0   0.3   3   4    0.0053      0.15    8.7   0.0   294   337   117   160   115   181 0.84 -
Pdum_DN76828_c2_g1_i1:4967-5695  -            243 197652at33208        -            436   3.5e-13   47.0   0.3   4   4    0.0062      0.17    8.5   0.0   175   215   203   243   196   243 0.92 -
Pdum_DN77965_c1_g1_i1:1646-2635  -            330 197652at33208        -            436   3.6e-13   47.0   3.1   1   4      0.47        13    2.3   0.0   303   334     8    39     3    43 0.92 -
Pdum_DN77965_c1_g1_i1:1646-2635  -            330 197652at33208        -            436   3.6e-13   47.0   3.1   2   4   0.00051     0.014   12.1   0.1   261   336    52   130    42   133 0.84 -
Pdum_DN77965_c1_g1_i1:1646-2635  -            330 197652at33208        -            436   3.6e-13   47.0   3.1   3   4     5e-07   1.4e-05   22.0   0.1   262   334   142   217   134   221 0.84 -
Pdum_DN77965_c1_g1_i1:1646-2635  -            330 197652at33208        -            436   3.6e-13   47.0   3.1   4   4    0.0081      0.23    8.1   0.0   305   336   297   329   290   330 0.79 -
Pdum_DN84814_c0_g2_i1:1505-2083  -            193 197652at33208        -            436   7.7e-13   45.9   2.4   1   3      0.01      0.28    7.8   0.1   303   337    33    67    16    70 0.79 -
Pdum_DN84814_c0_g2_i1:1505-2083  -            193 197652at33208        -            436   7.7e-13   45.9   2.4   2   3   0.00015    0.0041   13.8   0.4   272   334    44   105    34   112 0.86 -
Pdum_DN84814_c0_g2_i1:1505-2083  -            193 197652at33208        -            436   7.7e-13   45.9   2.4   3   3   3.2e-09   8.8e-08   29.2   0.1   272   337   128   193   123   193 0.96 -
Pdum_DN66431_c0_g1_i1:1561-2364  -            268 197652at33208        -            436   1.4e-12   45.0   0.2   1   2   4.8e-07   1.3e-05   22.0   0.1   242   334    25   121    20   125 0.87 -
Pdum_DN66431_c0_g1_i1:1561-2364  -            268 197652at33208        -            436   1.4e-12   45.0   0.2   2   2   6.3e-07   1.8e-05   21.6   0.0   255   371   123   242   121   250 0.86 -
Pdum_DN88423_c1_g1_i2:993-1421   -            143 197652at33208        -            436   2.5e-12   44.2   0.3   1   2     0.013      0.38    7.4   0.0   199   236    22    59     5    62 0.78 -
Pdum_DN88423_c1_g1_i2:993-1421   -            143 197652at33208        -            436   2.5e-12   44.2   0.3   2   2     4e-11   1.1e-09   35.5   0.1   278   336    62   120    58   130 0.94 -
Pdum_DN83552_c2_g1_i4:337-1659   -            441 197652at33208        -            436   1.1e-11   42.2   0.1   1   3   1.2e-06   3.2e-05   20.8   0.0   263   338    63   140    57   155 0.91 -
Pdum_DN83552_c2_g1_i4:337-1659   -            441 197652at33208        -            436   1.1e-11   42.2   0.1   2   3       1.7        47    0.5   0.0   381   417   246   284   193   292 0.78 -
Pdum_DN83552_c2_g1_i4:337-1659   -            441 197652at33208        -            436   1.1e-11   42.2   0.1   3   3     1e-05   0.00029   17.7   0.0   273   347   290   369   275   377 0.75 -
Pdum_DN73504_c1_g7_i2:375-1772   -            466 197652at33208        -            436   1.2e-11   42.0   3.2   1   6     0.016      0.45    7.1   0.0   302   337   138   173   132   186 0.87 -
Pdum_DN73504_c1_g7_i2:375-1772   -            466 197652at33208        -            436   1.2e-11   42.0   3.2   2   6     0.002     0.055   10.1   0.0   178   218   186   226   182   231 0.89 -
Pdum_DN73504_c1_g7_i2:375-1772   -            466 197652at33208        -            436   1.2e-11   42.0   3.2   3   6   1.9e-06   5.2e-05   20.1   0.0   298   340   229   271   225   278 0.92 -
Pdum_DN73504_c1_g7_i2:375-1772   -            466 197652at33208        -            436   1.2e-11   42.0   3.2   4   6       5.2   1.5e+02   -1.1   0.0   264   335   278   348   272   371 0.62 -
Pdum_DN73504_c1_g7_i2:375-1772   -            466 197652at33208        -            436   1.2e-11   42.0   3.2   5   6       1.5        43    0.6   0.1   239   333   382   399   330   418 0.73 -
Pdum_DN73504_c1_g7_i2:375-1772   -            466 197652at33208        -            436   1.2e-11   42.0   3.2   6   6      0.94        26    1.3   0.0   239   294   382   400   360   449 0.58 -
Pdum_DN63925_c0_g1_i1:119-1006   -            296 197652at33208        -            436   2.2e-11   41.1   6.0   1   4   1.5e-07   4.1e-06   23.7   0.5   261   336    32   106    25   113 0.91 -
Pdum_DN63925_c0_g1_i1:119-1006   -            296 197652at33208        -            436   2.2e-11   41.1   6.0   2   4      0.18       5.1    3.7   0.0   298   337   110   149   107   157 0.90 -
Pdum_DN63925_c0_g1_i1:119-1006   -            296 197652at33208        -            436   2.2e-11   41.1   6.0   3   4     0.024      0.68    6.5   0.1   172   241   144   211   141   222 0.79 -
Pdum_DN63925_c0_g1_i1:119-1006   -            296 197652at33208        -            436   2.2e-11   41.1   6.0   4   4    0.0033     0.092    9.4   0.0   193   227   249   283   238   292 0.76 -
Pdum_DN76096_c0_g1_i2:374-1027   -            218 197652at33208        -            436   4.6e-11   40.0   2.3   1   3     0.011       0.3    7.7   0.0   287   340     3    56     1    63 0.86 -
Pdum_DN76096_c0_g1_i2:374-1027   -            218 197652at33208        -            436   4.6e-11   40.0   2.3   2   3   1.3e-05   0.00037   17.3   0.1   273   348    86   158    68   168 0.76 -
Pdum_DN76096_c0_g1_i2:374-1027   -            218 197652at33208        -            436   4.6e-11   40.0   2.3   3   3   9.8e-05    0.0027   14.4   0.1   301   342   167   208   157   213 0.89 -
Pdum_DN74464_c0_g1_i5:1442-2167  -            242 197652at33208        -            436   8.3e-11   39.2   1.5   1   2     8e-08   2.2e-06   24.6   0.1   232   348    22   149    13   158 0.74 -
Pdum_DN74464_c0_g1_i5:1442-2167  -            242 197652at33208        -            436   8.3e-11   39.2   1.5   2   2   0.00022    0.0062   13.3   0.1   296   345   188   236   161   241 0.81 -
Pdum_DN84903_c4_g3_i8:753-1754   -            334 197652at33208        -            436   1.9e-10   38.0   0.3   1   2   2.3e-07   6.5e-06   23.1   0.2   263   348    54   143    41   148 0.72 -
Pdum_DN84903_c4_g3_i8:753-1754   -            334 197652at33208        -            436   1.9e-10   38.0   0.3   2   2   0.00028    0.0078   12.9   0.0   196   338   149   301   141   310 0.78 -
Pdum_DN84241_c0_g1_i1:2776-3423  -            216 197652at33208        -            436   2.4e-10   37.7   0.7   1   3   0.00011    0.0031   14.2   0.0   262   333     8    82     2    86 0.87 -
Pdum_DN84241_c0_g1_i1:2776-3423  -            216 197652at33208        -            436   2.4e-10   37.7   0.7   2   3   3.4e-06   9.5e-05   19.2   0.1   255   335    87   170    85   176 0.84 -
Pdum_DN84241_c0_g1_i1:2776-3423  -            216 197652at33208        -            436   2.4e-10   37.7   0.7   3   3       1.2        34    0.9   0.1   305   336   183   214   178   215 0.86 -
Pdum_DN75651_c0_g1_i1:179-1012   -            278 197652at33208        -            436   3.1e-10   37.3   0.8   1   2   1.9e-05   0.00054   16.8   0.0   272   359    40   129    23   143 0.81 -
Pdum_DN75651_c0_g1_i1:179-1012   -            278 197652at33208        -            436   3.1e-10   37.3   0.8   2   2   2.2e-05   0.00062   16.5   1.5   188   334   124   276   116   277 0.82 -
Pdum_DN66325_c0_g1_i1:831-1904   -            358 197652at33208        -            436   3.3e-10   37.2   0.3   1   3   2.3e-05   0.00063   16.5   0.0   174   231    59   119    58   130 0.81 -
Pdum_DN66325_c0_g1_i1:831-1904   -            358 197652at33208        -            436   3.3e-10   37.2   0.3   2   3     0.024      0.66    6.6   0.0   269   338   238   311   230   320 0.76 -
Pdum_DN66325_c0_g1_i1:831-1904   -            358 197652at33208        -            436   3.3e-10   37.2   0.3   3   3     0.017      0.49    7.0   0.0   299   333   324   358   316   358 0.93 -
Pdum_DN83855_c0_g1_i4:658-1428   -            257 197652at33208        -            436   6.2e-10   36.3   0.0   1   2     6e-05    0.0017   15.1   0.0   186   221    40    75    21    90 0.79 -
Pdum_DN83855_c0_g1_i4:658-1428   -            257 197652at33208        -            436   6.2e-10   36.3   0.0   2   2   4.9e-06   0.00014   18.7   0.0   262   349    98   186    80   193 0.86 -
Pdum_DN82224_c0_g1_i1:2783-3526  -            248 197652at33208        -            436   6.6e-10   36.2   1.1   1   3   0.00039     0.011   12.5   0.0   276   334    19    76     3    83 0.86 -
Pdum_DN82224_c0_g1_i1:2783-3526  -            248 197652at33208        -            436   6.6e-10   36.2   1.1   2   3   0.00045     0.013   12.2   0.0   299   336   111   148    96   166 0.66 -
Pdum_DN82224_c0_g1_i1:2783-3526  -            248 197652at33208        -            436   6.6e-10   36.2   1.1   3   3    0.0037       0.1    9.2   0.0   277   335   186   248   172   248 0.83 -
Pdum_DN87078_c1_g1_i1:1858-2604  -            249 197652at33208        -            436   6.8e-10   36.2   0.1   1   2   1.1e-06   3.1e-05   20.8   0.0   280   336   108   166    97   168 0.84 -
Pdum_DN87078_c1_g1_i1:1858-2604  -            249 197652at33208        -            436   6.8e-10   36.2   0.1   2   2   0.00039     0.011   12.4   0.1   269   333   184   248   168   249 0.70 -
Pdum_DN90581_c4_g3_i1:18-467     -            150 197652at33208        -            436   7.8e-10   36.0   0.2   1   2    0.0013     0.036   10.7   0.1   276   334     7    64     2    82 0.84 -
Pdum_DN90581_c4_g3_i1:18-467     -            150 197652at33208        -            436   7.8e-10   36.0   0.2   2   2   1.3e-07   3.5e-06   24.0   0.0   190   250    85   145    68   149 0.85 -
Pdum_DN75461_c3_g1_i3:3415-4074  -            220 197652at33208        -            436     1e-09   35.6   0.2   1   2   6.6e-07   1.8e-05   21.6   0.0   275   336    24    85    10    96 0.86 -
Pdum_DN75461_c3_g1_i3:3415-4074  -            220 197652at33208        -            436     1e-09   35.6   0.2   2   2   0.00056     0.016   11.9   0.0   261   333   145   220   128   220 0.76 -
Pdum_DN83800_c0_g2_i3:14-562     -            183 197652at33208        -            436   1.5e-09   35.1   0.3   1   2   3.6e-05     0.001   15.8   0.0   285   336    41    91    36   100 0.88 -
Pdum_DN83800_c0_g2_i3:14-562     -            183 197652at33208        -            436   1.5e-09   35.1   0.3   2   2   1.4e-05    0.0004   17.2   0.1   264   335   102   173    93   179 0.87 -
Pdum_DN88892_c3_g1_i1:2670-3179  -            170 197652at33208        -            436     2e-09   34.6   0.6   1   1   1.9e-09   5.3e-08   30.0   0.6   208   337    15   153     8   157 0.79 -
Pdum_DN84582_c3_g1_i1:332-1036   -            235 197652at33208        -            436   2.2e-09   34.5   0.7   1   3   1.5e-09   4.1e-08   30.3   0.2   235   337    28   138     1   155 0.73 -
Pdum_DN84582_c3_g1_i1:332-1036   -            235 197652at33208        -            436   2.2e-09   34.5   0.7   2   3      0.61        17    1.9   0.0   303   404   146   181   140   202 0.61 -
Pdum_DN84582_c3_g1_i1:332-1036   -            235 197652at33208        -            436   2.2e-09   34.5   0.7   3   3       4.4   1.2e+02   -0.9   0.0   306   333   206   233   196   235 0.83 -
Pdum_DN79406_c0_g1_i1:209-1183   -            325 197652at33208        -            436     4e-09   33.6   0.1   1   3     3e-05   0.00085   16.1   0.0   233   312    24    99    11   116 0.65 -
Pdum_DN79406_c0_g1_i1:209-1183   -            325 197652at33208        -            436     4e-09   33.6   0.1   2   3      0.01      0.29    7.7   0.1   259   336   141   218   103   241 0.64 -
Pdum_DN79406_c0_g1_i1:209-1183   -            325 197652at33208        -            436     4e-09   33.6   0.1   3   3    0.0092      0.26    7.9   0.1   200   292   159   216   144   317 0.47 -
Pdum_DN73439_c0_g1_i2:1041-1721  -            227 197652at33208        -            436   4.1e-09   33.6   0.1   1   1   2.8e-10   7.7e-09   32.7   0.1   255   337    42   125     8   136 0.86 -
Pdum_DN74384_c0_g2_i2:99-1367    -            423 197652at33208        -            436   4.1e-09   33.6   4.3   1   4      0.14         4    4.0   0.0   316   337   112   133   100   153 0.69 -
Pdum_DN74384_c0_g2_i2:99-1367    -            423 197652at33208        -            436   4.1e-09   33.6   4.3   2   4      0.02      0.55    6.8   0.1   277   334   161   222   132   232 0.78 -
Pdum_DN74384_c0_g2_i2:99-1367    -            423 197652at33208        -            436   4.1e-09   33.6   4.3   3   4   3.5e-06   9.6e-05   19.2   0.1   263   333   260   329   255   340 0.92 -
Pdum_DN74384_c0_g2_i2:99-1367    -            423 197652at33208        -            436   4.1e-09   33.6   4.3   4   4     0.004      0.11    9.1   0.0   278   337   316   379   313   387 0.86 -
Pdum_DN92345_c8_g1_i1:3879-4793  -            305 197652at33208        -            436     5e-09   33.3   0.6   1   2   0.00031    0.0086   12.8   0.0   271   336     3    66     1    74 0.86 -
Pdum_DN92345_c8_g1_i1:3879-4793  -            305 197652at33208        -            436     5e-09   33.3   0.6   2   2   1.9e-05   0.00054   16.7   0.0   202   333   163   304   156   305 0.71 -
Pdum_DN75894_c0_g1_i3:333-1052   -            240 197652at33208        -            436   6.4e-09   33.0   0.4   1   2   1.3e-08   3.7e-07   27.2   0.0   260   336    17    95    10   115 0.89 -
Pdum_DN75894_c0_g1_i3:333-1052   -            240 197652at33208        -            436   6.4e-09   33.0   0.4   2   2      0.11         3    4.4   0.1   247   327   139   219   117   233 0.65 -
Pdum_DN57990_c0_g1_i2:33-530     -            166 197652at33208        -            436   9.7e-09   32.4   0.4   1   2   0.00041     0.012   12.4   0.1   276   333    62   122     9   126 0.78 -
Pdum_DN57990_c0_g1_i2:33-530     -            166 197652at33208        -            436   9.7e-09   32.4   0.4   2   2     1e-07   2.9e-06   24.2   0.1   277   334   108   165    99   166 0.94 -
Pdum_DN83655_c1_g1_i2:238-2439   -            734 197652at33208        -            436   1.2e-08   32.0   0.2   1   4   3.8e-08   1.1e-06   25.7   0.0   270   342    15    87     5    91 0.87 -
Pdum_DN83655_c1_g1_i2:238-2439   -            734 197652at33208        -            436   1.2e-08   32.0   0.2   2   4       1.4        38    0.8   0.0   309   337   233   261   153   302 0.64 -
Pdum_DN83655_c1_g1_i2:238-2439   -            734 197652at33208        -            436   1.2e-08   32.0   0.2   3   4       2.7        76   -0.2   0.0   319   335   450   466   432   479 0.75 -
Pdum_DN83655_c1_g1_i2:238-2439   -            734 197652at33208        -            436   1.2e-08   32.0   0.2   4   4       8.4   2.3e+02   -1.8   0.0   201   216   546   561   487   627 0.56 -
Pdum_DN75190_c1_g2_i8:2335-2706  -            124 197652at33208        -            436   2.1e-08   31.3   0.6   1   2   2.3e-09   6.5e-08   29.7   0.1   264   338    10    81     2    95 0.86 -
Pdum_DN75190_c1_g2_i8:2335-2706  -            124 197652at33208        -            436   2.1e-08   31.3   0.6   2   2       1.8        49    0.4   0.0   320   337   103   120    79   122 0.63 -
Pdum_DN63408_c0_g1_i3:4-960      -            319 197652at33208        -            436   2.2e-08   31.2   0.2   1   3   7.5e-07   2.1e-05   21.4   0.0   290   335     4    49     1    55 0.87 -
Pdum_DN63408_c0_g1_i3:4-960      -            319 197652at33208        -            436   2.2e-08   31.2   0.2   2   3     0.074       2.1    4.9   0.0   256   344    53   144    49   148 0.75 -
Pdum_DN63408_c0_g1_i3:4-960      -            319 197652at33208        -            436   2.2e-08   31.2   0.2   3   3      0.72        20    1.7   0.0   312   337   171   196   160   221 0.75 -
Pdum_DN92435_c3_g1_i6:249-854    -            202 197652at33208        -            436   2.6e-08   31.0   0.2   1   1   1.3e-09   3.7e-08   30.5   0.2   266   340    13    87     5   129 0.93 -
Pdum_DN87178_c0_g1_i10:2619-3539 -            307 197652at33208        -            436   2.7e-08   30.9   0.4   1   4       3.8   1.1e+02   -0.7   0.0   202   337     6    22     3    33 0.57 -
Pdum_DN87178_c0_g1_i10:2619-3539 -            307 197652at33208        -            436   2.7e-08   30.9   0.4   2   4       0.3       8.3    3.0   0.0   188   217    45    74    14    89 0.72 -
Pdum_DN87178_c0_g1_i10:2619-3539 -            307 197652at33208        -            436   2.7e-08   30.9   0.4   3   4    0.0093      0.26    7.9   0.1   304   335    95   126    82   167 0.84 -
Pdum_DN87178_c0_g1_i10:2619-3539 -            307 197652at33208        -            436   2.7e-08   30.9   0.4   4   4   3.6e-05     0.001   15.9   0.0   285   340   213   268   190   307 0.60 -
Pdum_DN85054_c1_g3_i7:3145-3996  -            284 197652at33208        -            436   4.4e-08   30.2   0.0   1   3    0.0017     0.049   10.3   0.0   189   217     7    35     2    48 0.83 -
Pdum_DN85054_c1_g3_i7:3145-3996  -            284 197652at33208        -            436   4.4e-08   30.2   0.0   2   3   0.00013    0.0035   14.1   0.0   190   291    54   162    39   215 0.79 -
Pdum_DN85054_c1_g3_i7:3145-3996  -            284 197652at33208        -            436   4.4e-08   30.2   0.0   3   3      0.35       9.8    2.7   0.0   275   318   232   275   210   284 0.76 -
Pdum_DN90796_c3_g1_i4:1517-2605  -            363 197652at33208        -            436   4.9e-08   30.1   0.7   1   4     0.018       0.5    7.0   0.0   191   252   136   197   122   200 0.73 -
Pdum_DN90796_c3_g1_i4:1517-2605  -            363 197652at33208        -            436   4.9e-08   30.1   0.7   2   4     0.018      0.49    7.0   0.0   181   216   168   203   158   216 0.82 -
Pdum_DN90796_c3_g1_i4:1517-2605  -            363 197652at33208        -            436   4.9e-08   30.1   0.7   3   4   1.2e-05   0.00035   17.4   0.1   269   337   179   251   178   261 0.82 -
Pdum_DN90796_c3_g1_i4:1517-2605  -            363 197652at33208        -            436   4.9e-08   30.1   0.7   4   4     0.068       1.9    5.1   0.0   302   335   328   362   292   363 0.83 -
Pdum_DN90616_c3_g1_i1:602-1432   -            277 197652at33208        -            436   8.1e-08   29.3   0.1   1   3     0.017      0.46    7.1   0.1   275   314     2    41     1    48 0.81 -
Pdum_DN90616_c3_g1_i1:602-1432   -            277 197652at33208        -            436   8.1e-08   29.3   0.1   2   3   9.9e-06   0.00028   17.7   0.0   247   336    30   119    22   126 0.76 -
Pdum_DN90616_c3_g1_i1:602-1432   -            277 197652at33208        -            436   8.1e-08   29.3   0.1   3   3      0.52        15    2.2   0.0   316   336   139   159   131   170 0.84 -
Pdum_DN88147_c0_g1_i1:430-1308   -            293 197652at33208        -            436   9.1e-08   29.2   0.5   1   4     0.034      0.96    6.0   0.0   283   332     3    52     1    65 0.83 -
Pdum_DN88147_c0_g1_i1:430-1308   -            293 197652at33208        -            436   9.1e-08   29.2   0.5   2   4   0.00012    0.0033   14.2   0.0   185   253    66   134    56   141 0.86 -
Pdum_DN88147_c0_g1_i1:430-1308   -            293 197652at33208        -            436   9.1e-08   29.2   0.5   3   4    0.0036       0.1    9.3   0.1   264   340   109   188   108   196 0.83 -
Pdum_DN88147_c0_g1_i1:430-1308   -            293 197652at33208        -            436   9.1e-08   29.2   0.5   4   4       7.3     2e+02   -1.6   0.0   280   336   214   269   195   292 0.60 -
Pdum_DN84963_c1_g1_i6:1317-3311  -            665 197652at33208        -            436   9.1e-08   29.2   0.2   1   2   5.3e-08   1.5e-06   25.2   0.0   258   337    77   157    41   176 0.87 -
Pdum_DN84963_c1_g1_i6:1317-3311  -            665 197652at33208        -            436   9.1e-08   29.2   0.2   2   2       1.2        33    1.0   0.0   184   213   632   661   625   663 0.84 -
Pdum_DN84033_c1_g3_i1:1082-1726  -            215 197652at33208        -            436   1.2e-07   28.7   0.2   1   4      0.03      0.84    6.2   0.0   298   335     2    39     1    42 0.79 -
Pdum_DN84033_c1_g3_i1:1082-1726  -            215 197652at33208        -            436   1.2e-07   28.7   0.2   2   4    0.0072       0.2    8.3   0.0   292   336    54    98    45   105 0.89 -
Pdum_DN84033_c1_g3_i1:1082-1726  -            215 197652at33208        -            436   1.2e-07   28.7   0.2   3   4   8.8e-06   0.00025   17.9   0.1   271   335    75   140    58   163 0.84 -
Pdum_DN84033_c1_g3_i1:1082-1726  -            215 197652at33208        -            436   1.2e-07   28.7   0.2   4   4       6.2   1.7e+02   -1.4   0.0   304   325   157   178   149   187 0.76 -
Pdum_DN80615_c0_g2_i1:231-1205   -            325 197652at33208        -            436   1.4e-07   28.6   0.1   1   2     0.068       1.9    5.1   0.0   187   216     4    33     2    79 0.85 -
Pdum_DN80615_c0_g2_i1:231-1205   -            325 197652at33208        -            436   1.4e-07   28.6   0.1   2   2   7.3e-07     2e-05   21.4   0.0   284   334   131   181   115   188 0.89 -
Pdum_DN92615_c3_g1_i3:1432-2112  -            227 197652at33208        -            436   2.7e-07   27.6   0.2   1   4   0.00019    0.0054   13.5   0.0   299   337     6    44     2    53 0.91 -
Pdum_DN92615_c3_g1_i3:1432-2112  -            227 197652at33208        -            436   2.7e-07   27.6   0.2   2   4       8.8   2.5e+02   -1.9   0.0   322   334    76    88    57   103 0.76 -
Pdum_DN92615_c3_g1_i3:1432-2112  -            227 197652at33208        -            436   2.7e-07   27.6   0.2   3   4    0.0021     0.059   10.0   0.0   275   337   115   180    90   190 0.83 -
Pdum_DN92615_c3_g1_i3:1432-2112  -            227 197652at33208        -            436   2.7e-07   27.6   0.2   4   4       2.9        81   -0.3   0.0   199   217   202   220   182   226 0.54 -
Pdum_DN38861_c0_g1_i1:595-1392   -            266 197652at33208        -            436   2.9e-07   27.5   0.0   1   3         5   1.4e+02   -1.1   0.0   315   369    10    69     2    76 0.69 -
Pdum_DN38861_c0_g1_i1:595-1392   -            266 197652at33208        -            436   2.9e-07   27.5   0.0   2   3   0.00068     0.019   11.7   0.0   271   334    91   156    70   163 0.82 -
Pdum_DN38861_c0_g1_i1:595-1392   -            266 197652at33208        -            436   2.9e-07   27.5   0.0   3   3   0.00033    0.0091   12.7   0.0   299   337   222   260   193   264 0.88 -
Pdum_DN92600_c5_g2_i1:144-365    -             74 197652at33208        -            436     3e-07   27.5   0.0   1   1   1.1e-08   3.2e-07   27.4   0.0   277   334    16    73     7    74 0.94 -
Pdum_DN70491_c0_g1_i1:1-1254     -            418 197652at33208        -            436     3e-07   27.5   0.2   1   2   5.5e-08   1.5e-06   25.2   0.0   254   337   178   266   162   277 0.85 -
Pdum_DN70491_c0_g1_i1:1-1254     -            418 197652at33208        -            436     3e-07   27.5   0.2   2   2         4   1.1e+02   -0.8   0.0   219   252   349   384   343   388 0.85 -
Pdum_DN90254_c2_g1_i7:1612-2445  -            278 197652at33208        -            436   3.2e-07   27.4   0.0   1   3       6.5   1.8e+02   -1.5   0.0   208   253    35    82    31    93 0.73 -
Pdum_DN90254_c2_g1_i7:1612-2445  -            278 197652at33208        -            436   3.2e-07   27.4   0.0   2   3   6.4e-05    0.0018   15.0   0.1   304   382   106   185    98   192 0.80 -
Pdum_DN90254_c2_g1_i7:1612-2445  -            278 197652at33208        -            436   3.2e-07   27.4   0.0   3   3     0.004      0.11    9.1   0.0   278   329   221   271   211   278 0.84 -
Pdum_DN66486_c0_g1_i1:419-1648   -            410 197652at33208        -            436     4e-07   27.1   3.7   1   3       8.5   2.4e+02   -1.9   0.0   295   335    58    98    45   112 0.70 -
Pdum_DN66486_c0_g1_i1:419-1648   -            410 197652at33208        -            436     4e-07   27.1   3.7   2   3   5.4e-08   1.5e-06   25.2   0.6   270   335   158   223   132   234 0.88 -
Pdum_DN66486_c0_g1_i1:419-1648   -            410 197652at33208        -            436     4e-07   27.1   3.7   3   3      0.79        22    1.6   0.1   304   336   349   381   341   389 0.90 -
Pdum_DN78004_c0_g3_i3:3321-3821  -            167 197652at33208        -            436     5e-07   26.8   0.0   1   1   2.2e-08     6e-07   26.5   0.0   133   235     5   104     1   126 0.75 -
Pdum_DN67795_c0_g1_i2:1517-2137  -            207 197652at33208        -            436   5.7e-07   26.6   0.0   1   2   1.1e-05   0.00031   17.6   0.0   264   339     2    78     1   146 0.85 -
Pdum_DN67795_c0_g1_i2:1517-2137  -            207 197652at33208        -            436   5.7e-07   26.6   0.0   2   2     0.014       0.4    7.3   0.0   291   333   159   206   146   207 0.78 -
Pdum_DN82629_c0_g1_i4:473-2515   -            681 197652at33208        -            436   2.1e-06   24.7   0.1   1   2    0.0055      0.15    8.7   0.0   299   337   301   340   275   349 0.83 -
Pdum_DN82629_c0_g1_i4:473-2515   -            681 197652at33208        -            436   2.1e-06   24.7   0.1   2   2   0.00032    0.0088   12.8   0.0   251   338   342   437   339   445 0.60 -
Pdum_DN71445_c0_g2_i2:766-1509   -            248 197652at33208        -            436   2.4e-06   24.5   0.0   1   1   2.6e-07   7.1e-06   22.9   0.0   280   339     2    63     1    77 0.88 -
Pdum_DN84002_c0_g1_i8:796-1551   -            252 197652at33208        -            436   2.7e-06   24.3   0.1   1   1   1.9e-07   5.4e-06   23.3   0.0   256   334    36   116     7   126 0.84 -
Pdum_DN79808_c0_g1_i2:642-4217   -           1192 197652at33208        -            436   3.3e-06   24.1   0.6   1   3   7.8e-06   0.00022   18.0   0.0   266   336    20    89     9   112 0.83 -
Pdum_DN79808_c0_g1_i2:642-4217   -           1192 197652at33208        -            436   3.3e-06   24.1   0.6   2   3         1        28    1.2   0.0   183   215   134   166   127   175 0.82 -
Pdum_DN79808_c0_g1_i2:642-4217   -           1192 197652at33208        -            436   3.3e-06   24.1   0.6   3   3       1.5        42    0.6   0.1   185   233   266   316   248   342 0.76 -
Pdum_DN89089_c3_g1_i2:1021-1773  -            251 197652at33208        -            436     4e-06   23.8   0.0   1   2     0.052       1.4    5.5   0.0   276   336    65   125    47   137 0.80 -
Pdum_DN89089_c3_g1_i2:1021-1773  -            251 197652at33208        -            436     4e-06   23.8   0.0   2   2   9.6e-05    0.0027   14.5   0.0   276   333   150   208   141   245 0.84 -
Pdum_DN89809_c3_g1_i10:6324-7073 -            250 197652at33208        -            436   5.3e-06   23.4   0.1   1   3    0.0011      0.03   11.0   0.0   304   349     1    47     1    50 0.85 -
Pdum_DN89809_c3_g1_i10:6324-7073 -            250 197652at33208        -            436   5.3e-06   23.4   0.1   2   3       1.6        44    0.6   0.1   303   335    50    83    44    86 0.73 -
Pdum_DN89809_c3_g1_i10:6324-7073 -            250 197652at33208        -            436   5.3e-06   23.4   0.1   3   3    0.0088      0.25    8.0   0.0   274   321   105   153    99   179 0.81 -
Pdum_DN91578_c1_g1_i1:293-997    -            235 197652at33208        -            436   5.5e-06   23.3   0.1   1   2       3.7     1e+02   -0.7   0.0   196   220     1    25     1    34 0.84 -
Pdum_DN91578_c1_g1_i1:293-997    -            235 197652at33208        -            436   5.5e-06   23.3   0.1   2   2   8.5e-07   2.4e-05   21.2   0.0   242   334   129   227   101   233 0.77 -
Pdum_DN83005_c1_g1_i1:16-1335    -            440 197652at33208        -            436   5.9e-06   23.2   0.5   1   2     0.033      0.91    6.1   0.0   193   225     8    40     2    46 0.89 -
Pdum_DN83005_c1_g1_i1:16-1335    -            440 197652at33208        -            436   5.9e-06   23.2   0.5   2   2     8e-05    0.0022   14.7   0.4   251   342   102   190    79   200 0.79 -
Pdum_DN91069_c3_g1_i7:2506-3243  -            246 197652at33208        -            436   6.6e-06   23.1   0.1   1   3      0.17       4.7    3.8   0.1   197   218    47    68    22    76 0.59 -
Pdum_DN91069_c3_g1_i7:2506-3243  -            246 197652at33208        -            436   6.6e-06   23.1   0.1   2   3     0.016      0.46    7.1   0.1   140   211    46   117    38   144 0.81 -
Pdum_DN91069_c3_g1_i7:2506-3243  -            246 197652at33208        -            436   6.6e-06   23.1   0.1   3   3   0.00035    0.0096   12.6   0.0   184   221   174   211   158   243 0.76 -
Pdum_DN69324_c0_g1_i2:232-1023   -            264 197652at33208        -            436   7.1e-06   23.0   0.0   1   1   3.5e-07   9.8e-06   22.5   0.0   280   335    36    94    30   128 0.90 -
Pdum_DN89974_c1_g1_i2:3302-3844  -            181 197652at33208        -            436   7.6e-06   22.9   0.1   1   1   9.3e-07   2.6e-05   21.1   0.1   281   337     3    58     1    82 0.83 -
Pdum_DN89224_c5_g2_i10:3220-3918 -            233 197652at33208        -            436   8.2e-06   22.7   0.0   1   1   5.6e-07   1.6e-05   21.8   0.0   267   337   133   206    96   214 0.77 -
Pdum_DN89990_c3_g2_i4:936-1778   -            281 197652at33208        -            436   8.5e-06   22.7   0.0   1   2      0.93        26    1.3   0.1   288   333    61   104    35   112 0.82 -
Pdum_DN89990_c3_g2_i4:936-1778   -            281 197652at33208        -            436   8.5e-06   22.7   0.0   2   2   3.9e-06   0.00011   19.0   0.0   190   333   123   280   110   281 0.83 -
Pdum_DN83917_c0_g1_i10:2-1282    -            427 197652at33208        -            436   1.1e-05   22.3   0.9   1   2   7.2e-05     0.002   14.9   0.2   167   336   134   316   126   317 0.77 -
Pdum_DN83917_c0_g1_i10:2-1282    -            427 197652at33208        -            436   1.1e-05   22.3   0.9   2   2      0.18         5    3.7   0.0   191   223   333   365   329   397 0.82 -
Pdum_DN86294_c0_g1_i3:101-3103   -           1001 197652at33208        -            436   1.1e-05   22.3   0.0   1   3      0.42        12    2.5   0.0   306   334    13    41     6    44 0.83 -
Pdum_DN86294_c0_g1_i3:101-3103   -           1001 197652at33208        -            436   1.1e-05   22.3   0.0   2   3    0.0014      0.04   10.6   0.0   281   336   111   165   104   181 0.84 -
Pdum_DN86294_c0_g1_i3:101-3103   -           1001 197652at33208        -            436   1.1e-05   22.3   0.0   3   3     0.096       2.7    4.6   0.0   188   223   228   263   187   274 0.77 -
Pdum_DN86637_c0_g1_i2:178-705    -            176 197652at33208        -            436   1.6e-05   21.8   0.3   1   2    0.0012     0.032   10.9   0.0   279   335    14    74     4    77 0.86 -
Pdum_DN86637_c0_g1_i2:178-705    -            176 197652at33208        -            436   1.6e-05   21.8   0.3   2   2   4.1e-05    0.0011   15.7   0.1   258   335    38   120    33   127 0.85 -
Pdum_DN74905_c1_g1_i2:2-1102     -            367 197652at33208        -            436   1.7e-05   21.7   0.1   1   2   3.7e-05     0.001   15.8   0.0   278   337   119   179    27   193 0.88 -
Pdum_DN74905_c1_g1_i2:2-1102     -            367 197652at33208        -            436   1.7e-05   21.7   0.1   2   2      0.14       3.8    4.1   0.0   255   300   214   261   197   311 0.72 -
Pdum_DN82173_c1_g1_i7:1104-1730  -            209 197652at33208        -            436     2e-05   21.4   0.0   1   2    0.0028     0.078    9.6   0.0   278   342    20    86     5    99 0.79 -
Pdum_DN82173_c1_g1_i7:1104-1730  -            209 197652at33208        -            436     2e-05   21.4   0.0   2   2   2.9e-05   0.00081   16.2   0.0   187   335    50   209    48   209 0.78 -
Pdum_DN78785_c0_g1_i2:534-2834   -            767 197652at33208        -            436   2.3e-05   21.3   1.1   1   2       1.4        39    0.8   0.1   310   342    50    83     8    95 0.77 -
Pdum_DN78785_c0_g1_i2:534-2834   -            767 197652at33208        -            436   2.3e-05   21.3   1.1   2   2   4.1e-06   0.00011   19.0   1.0   253   337    82   167    44   177 0.80 -
Pdum_DN92880_c2_g1_i2:4337-5176  -            280 197652at33208        -            436   3.6e-05   20.6   0.3   1   2       1.1        29    1.1   0.0   321   335    27    41    15    70 0.69 -
Pdum_DN92880_c2_g1_i2:4337-5176  -            280 197652at33208        -            436   3.6e-05   20.6   0.3   2   2   2.5e-05    0.0007   16.4   0.1   264   336   149   222    49   248 0.59 -
Pdum_DN78867_c0_g1_i4:315-983    -            223 197652at33208        -            436   4.6e-05   20.3   0.0   1   2       7.2     2e+02   -1.6   0.0   193   230    21    58     5    78 0.76 -
Pdum_DN78867_c0_g1_i4:315-983    -            223 197652at33208        -            436   4.6e-05   20.3   0.0   2   2   4.8e-06   0.00013   18.7   0.0   190   251   101   162    90   177 0.91 -
Pdum_DN78364_c0_g1_i1:226-1314   -            363 197652at33208        -            436   5.1e-05   20.1   0.1   1   1     4e-06   0.00011   19.0   0.1   188   302    21   142     6   185 0.62 -
Pdum_DN91312_c3_g1_i1:2567-3481  -            305 197652at33208        -            436   5.5e-05   20.0   0.2   1   3       8.8   2.5e+02   -1.9   0.0   309   336     3    31     2    39 0.61 -
Pdum_DN91312_c3_g1_i1:2567-3481  -            305 197652at33208        -            436   5.5e-05   20.0   0.2   2   3     0.041       1.2    5.8   0.0   262   351    45   132    16   144 0.77 -
Pdum_DN91312_c3_g1_i1:2567-3481  -            305 197652at33208        -            436   5.5e-05   20.0   0.2   3   3     0.001     0.028   11.1   0.1   299   333   271   305   232   305 0.90 -
Pdum_DN81583_c1_g1_i3:660-1619   -            320 197652at33208        -            436   5.6e-05   20.0   0.0   1   2     0.038       1.1    5.9   0.0   194   321    66   211    61   212 0.70 -
Pdum_DN81583_c1_g1_i3:660-1619   -            320 197652at33208        -            436   5.6e-05   20.0   0.0   2   2   2.1e-05   0.00058   16.7   0.0   255   345   186   280    96   285 0.64 -
Pdum_DN83063_c0_g1_i6:381-1082   -            234 197652at33208        -            436   7.2e-05   19.6   0.0   1   3       1.1        29    1.1   0.0   171   209    14    53     2    65 0.56 -
Pdum_DN83063_c0_g1_i6:381-1082   -            234 197652at33208        -            436   7.2e-05   19.6   0.0   2   3         4   1.1e+02   -0.7   0.0   204   226    99   121    77   147 0.68 -
Pdum_DN83063_c0_g1_i6:381-1082   -            234 197652at33208        -            436   7.2e-05   19.6   0.0   3   3   6.6e-05    0.0018   15.0   0.0   194   230   179   215   143   222 0.87 -
Pdum_DN76013_c0_g1_i3:463-1068   -            202 197652at33208        -            436   9.2e-05   19.3   1.0   1   3         4   1.1e+02   -0.7   0.1   304   339     1    37     1    45 0.74 -
Pdum_DN76013_c0_g1_i3:463-1068   -            202 197652at33208        -            436   9.2e-05   19.3   1.0   2   3    0.0002    0.0055   13.4   0.0   263   339    47   127    40   135 0.71 -
Pdum_DN76013_c0_g1_i3:463-1068   -            202 197652at33208        -            436   9.2e-05   19.3   1.0   3   3      0.21       5.9    3.4   0.0   303   337   147   182   141   192 0.78 -
Pdum_DN87402_c0_g1_i1:93-1976    -            628 197652at33208        -            436   0.00014   18.7   0.1   1   3    0.0025      0.07    9.8   0.0   302   337   289   324   280   339 0.85 -
Pdum_DN87402_c0_g1_i1:93-1976    -            628 197652at33208        -            436   0.00014   18.7   0.1   2   3       1.7        48    0.4   0.1    96   121   470   495   461   503 0.84 -
Pdum_DN87402_c0_g1_i1:93-1976    -            628 197652at33208        -            436   0.00014   18.7   0.1   3   3      0.09       2.5    4.7   0.0   258   332   495   571   489   581 0.76 -
Pdum_DN75371_c0_g2_i4:68-763     -            232 197652at33208        -            436   0.00018   18.3   0.2   1   3     0.017      0.49    7.0   0.0   201   253     2    54     1    58 0.95 -
Pdum_DN75371_c0_g2_i4:68-763     -            232 197652at33208        -            436   0.00018   18.3   0.2   2   3     0.012      0.35    7.5   0.1   277   336   132   191   108   205 0.87 -
Pdum_DN75371_c0_g2_i4:68-763     -            232 197652at33208        -            436   0.00018   18.3   0.2   3   3    0.0083      0.23    8.1   0.1   174   252   147   228   140   232 0.66 -
Pdum_DN80990_c0_g1_i2:150-1607   -            486 197652at33208        -            436   0.00019   18.2   0.7   1   2    0.0027     0.076    9.7   0.1   278   334   265   322   236   331 0.85 -
Pdum_DN80990_c0_g1_i2:150-1607   -            486 197652at33208        -            436   0.00019   18.2   0.7   2   2      0.02      0.55    6.8   0.1   294   345   367   418   351   440 0.86 -
Pdum_DN72823_c0_g2_i2:1154-1981  -            276 197652at33208        -            436   0.00025   17.9   0.0   1   3     0.001     0.028   11.1   0.0   199   292     7   104     1   194 0.64 -
Pdum_DN72823_c0_g2_i2:1154-1981  -            276 197652at33208        -            436   0.00025   17.9   0.0   2   3    0.0047      0.13    8.9   0.0   179   215    67   104    53   242 0.86 -
Pdum_DN72823_c0_g2_i2:1154-1981  -            276 197652at33208        -            436   0.00025   17.9   0.0   3   3      0.12       3.4    4.2   0.0   190   246   217   273   202   276 0.70 -
Pdum_DN87538_c0_g1_i11:59-631    -            191 197652at33208        -            436   0.00026   17.8   0.2   1   1     2e-05   0.00057   16.7   0.1   267   346     8    91     1    99 0.84 -
Pdum_DN77673_c0_g1_i3:1295-1852  -            186 197652at33208        -            436   0.00028   17.7   0.0   1   2       3.9   1.1e+02   -0.7   0.0   189   214    24    49    16    57 0.64 -
Pdum_DN77673_c0_g1_i3:1295-1852  -            186 197652at33208        -            436   0.00028   17.7   0.0   2   2   4.4e-05    0.0012   15.6   0.0   180   297    67   186    51   186 0.77 -
Pdum_DN86525_c0_g1_i1:704-1231   -            176 197652at33208        -            436   0.00029   17.6   0.0   1   2     0.019      0.54    6.9   0.1   283   336     1    55     1    66 0.88 -
Pdum_DN86525_c0_g1_i1:704-1231   -            176 197652at33208        -            436   0.00029   17.6   0.0   2   2    0.0062      0.17    8.5   0.0   266   335    69   141    61   147 0.81 -
Pdum_DN84981_c0_g1_i4:2535-3476  -            314 197652at33208        -            436   0.00034   17.4   0.2   1   3     0.094       2.6    4.6   0.0   274   342    75   142    56   174 0.70 -
Pdum_DN84981_c0_g1_i4:2535-3476  -            314 197652at33208        -            436   0.00034   17.4   0.2   2   3     0.033      0.93    6.1   0.0   185   223   192   230   177   242 0.84 -
Pdum_DN84981_c0_g1_i4:2535-3476  -            314 197652at33208        -            436   0.00034   17.4   0.2   3   3       0.2       5.7    3.5   0.0   274   332   253   312   236   314 0.88 -
Pdum_DN88610_c1_g1_i5:2416-2892  -            159 197652at33208        -            436   0.00038   17.2   0.0   1   1   1.7e-05   0.00048   16.9   0.0   140   239     4   111     2   123 0.77 -
Pdum_DN72570_c0_g1_i2:740-1360   -            207 197652at33208        -            436    0.0004   17.2   0.1   1   1   1.7e-05   0.00048   16.9   0.1   139   248    12   121     3   151 0.69 -
Pdum_DN92425_c3_g2_i1:539-1228   -            230 197652at33208        -            436   0.00069   16.4   0.4   1   2    0.0024     0.066    9.9   0.1   276   335    17    80     1    82 0.77 -
Pdum_DN92425_c3_g2_i1:539-1228   -            230 197652at33208        -            436   0.00069   16.4   0.4   2   2     0.013      0.35    7.5   0.1   200   308    64   178    55   223 0.63 -
Pdum_DN82465_c0_g2_i1:488-1204   -            239 197652at33208        -            436   0.00072   16.3   0.1   1   2      0.99        28    1.2   0.0   303   339   115   150   104   158 0.68 -
Pdum_DN82465_c0_g2_i1:488-1204   -            239 197652at33208        -            436   0.00072   16.3   0.1   2   2   0.00039     0.011   12.5   0.0   268   335   172   239   163   239 0.80 -
Pdum_DN82853_c0_g1_i2:2495-3019  -            175 197652at33208        -            436    0.0009   16.0   0.0   1   2    0.0011     0.031   11.0   0.1   187   256     5    77     1    85 0.79 -
Pdum_DN82853_c0_g1_i2:2495-3019  -            175 197652at33208        -            436    0.0009   16.0   0.0   2   2    0.0038      0.11    9.2   0.0   274   335    60   122    45   144 0.81 -
Pdum_DN92312_c4_g1_i6:372-914    -            181 197652at33208        -            436    0.0012   15.6   0.8   1   3     0.073         2    5.0   0.0   308   335     9    36     3    43 0.65 -
Pdum_DN92312_c4_g1_i6:372-914    -            181 197652at33208        -            436    0.0012   15.6   0.8   2   3      0.31       8.7    2.9   0.1   304   335    50    84    43   101 0.75 -
Pdum_DN92312_c4_g1_i6:372-914    -            181 197652at33208        -            436    0.0012   15.6   0.8   3   3     0.078       2.2    4.9   0.0   317   335   159   177   152   180 0.85 -
Pdum_DN85938_c0_g1_i1:258-608    -            117 197652at33208        -            436    0.0013   15.5   0.5   1   1   0.00013    0.0036   14.1   0.6   305   373     1    79     1    91 0.70 -
Pdum_DN89812_c3_g1_i3:2-727      -            242 197652at33208        -            436    0.0016   15.2   0.4   1   2    0.0007      0.02   11.6   0.4   262   338    49   127    41   138 0.85 -
Pdum_DN89812_c3_g1_i3:2-727      -            242 197652at33208        -            436    0.0016   15.2   0.4   2   2       1.2        32    1.0   0.0   285   335   162   214   150   227 0.76 -
Pdum_DN90581_c4_g2_i3:17-301     -             95 197652at33208        -            436    0.0018   15.1   0.2   1   1    0.0011     0.031   10.9   0.2   262   335    15    91    10    94 0.69 -
Pdum_DN84536_c0_g1_i1:2255-2878  -            208 197652at33208        -            436    0.0018   15.1   0.1   1   1   0.00012    0.0032   14.2   0.1   287   334   153   200    62   204 0.86 -
Pdum_DN92312_c5_g1_i1:3890-4381  -            164 197652at33208        -            436    0.0019   14.9   0.0   1   2     0.062       1.7    5.2   0.0   275   313    26    64     6    93 0.79 -
Pdum_DN92312_c5_g1_i1:3890-4381  -            164 197652at33208        -            436    0.0019   14.9   0.0   2   2    0.0089      0.25    8.0   0.0   193   223   111   141    92   156 0.85 -
Pdum_DN85168_c0_g1_i2:546-2090   -            515 197652at33208        -            436    0.0028   14.4   0.2   1   3    0.0031     0.087    9.5   0.0   379   429     9    59     3    65 0.91 -
Pdum_DN85168_c0_g1_i2:546-2090   -            515 197652at33208        -            436    0.0028   14.4   0.2   2   3       4.5   1.3e+02   -0.9   0.0   268   334    98   166    90   182 0.76 -
Pdum_DN85168_c0_g1_i2:546-2090   -            515 197652at33208        -            436    0.0028   14.4   0.2   3   3       1.3        36    0.8   0.0   192   253   193   252   130   264 0.76 -
Pdum_DN87384_c0_g1_i3:1267-1899  -            211 197652at33208        -            436    0.0064   13.2   0.1   1   2     0.046       1.3    5.6   0.0   308   343   144   179   140   185 0.83 -
Pdum_DN87384_c0_g1_i3:1267-1899  -            211 197652at33208        -            436    0.0064   13.2   0.1   2   2     0.061       1.7    5.2   0.1   192   214   189   211   184   211 0.94 -
Pdum_DN71959_c0_g1_i4:1320-1871  -            184 197652at33208        -            436     0.007   13.1   0.0   1   1   0.00053     0.015   12.0   0.0   188   249     8    71     3    80 0.82 -
Pdum_DN89096_c2_g3_i4:2-1384     -            461 197652at33208        -            436    0.0071   13.1   0.1   1   2    0.0013     0.037   10.7   0.0   217   334    94   216    71   232 0.66 -
Pdum_DN89096_c2_g3_i4:2-1384     -            461 197652at33208        -            436    0.0071   13.1   0.1   2   2       6.8   1.9e+02   -1.5   0.0   233   260   273   301   231   320 0.74 -
Pdum_DN90079_c2_g2_i8:1469-1858  -            130 197652at33208        -            436    0.0091   12.7   0.0   1   2      0.14         4    4.0   0.0   279   308    44    73    33    82 0.87 -
Pdum_DN90079_c2_g2_i8:1469-1858  -            130 197652at33208        -            436    0.0091   12.7   0.0   2   2    0.0027     0.075    9.7   0.0   256   315    62   124    60   128 0.82 -
Pdum_DN70029_c0_g1_i5:236-670    -            145 197652at33208        -            436    0.0094   12.7   0.0   1   1   0.00063     0.017   11.8   0.0   302   336    17    52     1   144 0.88 -
Pdum_DN71483_c1_g1_i1:599-1228   -            210 197652at33208        -            436     0.014   12.1   0.0   1   2    0.0094      0.26    7.9   0.0   303   347    67   112    54   121 0.80 -
Pdum_DN71483_c1_g1_i1:599-1228   -            210 197652at33208        -            436     0.014   12.1   0.0   2   2       0.9        25    1.4   0.0   272   306   171   205   157   208 0.77 -
Pdum_DN80657_c0_g1_i8:864-1619   -            252 197652at33208        -            436     0.019   11.6   0.1   1   2     0.014      0.38    7.4   0.0   184   220    28    65    15   106 0.84 -
Pdum_DN80657_c0_g1_i8:864-1619   -            252 197652at33208        -            436     0.019   11.6   0.1   2   2      0.49        14    2.2   0.0   191   218   208   235   181   244 0.65 -
Pdum_DN90517_c4_g2_i3:211-1731   -            507 197652at33208        -            436      0.02   11.6   0.3   1   2     0.071         2    5.0   0.0   286   333   281   328   247   348 0.83 -
Pdum_DN90517_c4_g2_i3:211-1731   -            507 197652at33208        -            436      0.02   11.6   0.3   2   2      0.44        12    2.4   0.3   304   337   354   387   346   393 0.82 -
Pdum_DN75082_c2_g3_i2:17-943     -            309 197652at33208        -            436      0.03   11.0   0.5   1   3     0.075       2.1    4.9   0.0   305   334    16    45    13    52 0.90 -
Pdum_DN75082_c2_g3_i2:17-943     -            309 197652at33208        -            436      0.03   11.0   0.5   2   3         2        55    0.2   0.0   309   338   118   149    46   171 0.71 -
Pdum_DN75082_c2_g3_i2:17-943     -            309 197652at33208        -            436      0.03   11.0   0.5   3   3      0.79        22    1.5   0.0   298   334   273   309   270   309 0.90 -
Pdum_DN80062_c1_g1_i8:396-980    -            195 197652at33208        -            436     0.041   10.6   0.1   1   2     0.011      0.31    7.7   0.1   305   337     1    31     1    40 0.79 -
Pdum_DN80062_c1_g1_i8:396-980    -            195 197652at33208        -            436     0.041   10.6   0.1   2   2       1.3        36    0.9   0.0   275   295   116   136    82   180 0.68 -
#
# Program:         hmmsearch
# Version:         3.1b2 (February 2015)
# Pipeline mode:   SEARCH
# Query file:      /mnt/f/phylo/WORMS/busco_analysis/busco_downloads/lineages/metazoa_odb10/hmms/197652at33208.hmm
# Target file:     /mnt/f/phylo/WORMS/busco_analysis/metazoa_lineage_result/run_metazoa_odb10/metaeuk_output/initial_results/Platynereis_ref.eggnog_filter.nucl.fasta.modified.fas
# Option settings: hmmsearch --domtblout /mnt/f/phylo/WORMS/busco_analysis/metazoa_lineage_result/run_metazoa_odb10/hmmer_output/initial_run_results/197652at33208.out --cpu 1 /mnt/f/phylo/WORMS/busco_analysis/busco_downloads/lineages/metazoa_odb10/hmms/197652at33208.hmm /mnt/f/phylo/WORMS/busco_analysis/metazoa_lineage_result/run_metazoa_odb10/metaeuk_output/initial_results/Platynereis_ref.eggnog_filter.nucl.fasta.modified.fas 
# Current dir:     /mnt/f/phylo/WORMS/busco_analysis
# Date:            Sun Mar 12 20:41:44 2023
# [ok]
