#                                                                                        --- full sequence --- -------------- this domain -------------   hmm coord   ali coord   env coord
# target name                    accession   tlen query name           accession   qlen   E-value  score  bias   #  of  c-Evalue  i-Evalue  score  bias  from    to  from    to  from    to  acc description of target
#            ------------------- ---------- ----- -------------------- ---------- ----- --------- ------ ----- --- --- --------- --------- ------ ----- ----- ----- ----- ----- ----- ----- ---- ---------------------
Pdum_DN78379_c0_g1_i1:122-1579   -            486 219856at33208        -            395  3.6e-202  669.1   9.9   1   1  2.1e-203  1.4e-201  667.2   9.9     1   395    32   484    32   484 0.90 -
Pdum_DN80307_c0_g1_i2:1814-3361  -            516 219856at33208        -            395   8.7e-20   68.6  12.7   1   2   0.00024     0.016   11.8   2.5    19    85    23    97    12   121 0.80 -
Pdum_DN80307_c0_g1_i2:1814-3361  -            516 219856at33208        -            395   8.7e-20   68.6  12.7   2   2   1.9e-17   1.3e-15   54.9   2.7    94   394   159   513   152   514 0.71 -
Pdum_DN76447_c0_g1_i1:852-1934   -            361 219856at33208        -            395   1.5e-16   58.0   0.0   1   2     3e-10   1.9e-08   31.2   0.0   104   225    28   148    16   173 0.89 -
Pdum_DN76447_c0_g1_i1:852-1934   -            361 219856at33208        -            395   1.5e-16   58.0   0.0   2   2   2.7e-08   1.8e-06   24.8   0.0   289   392   245   359   183   361 0.74 -
Pdum_DN74549_c0_g1_i7:3718-4872  -            385 219856at33208        -            395   1.9e-16   57.6   0.2   1   3     9e-09   5.8e-07   26.4   0.0   105   145     1    43     1    58 0.85 -
Pdum_DN74549_c0_g1_i7:3718-4872  -            385 219856at33208        -            395   1.9e-16   57.6   0.2   2   3   0.00013    0.0086   12.6   0.2   156   218   112   171   104   184 0.84 -
Pdum_DN74549_c0_g1_i7:3718-4872  -            385 219856at33208        -            395   1.9e-16   57.6   0.2   3   3   2.5e-05    0.0016   15.0   0.0   287   378   267   372   240   385 0.74 -
Pdum_DN87439_c0_g1_i8:2366-3391  -            342 219856at33208        -            395   3.8e-13   46.7   0.2   1   2   9.7e-12   6.3e-10   36.1   0.1   110   339     1   253     1   259 0.71 -
Pdum_DN87439_c0_g1_i8:2366-3391  -            342 219856at33208        -            395   3.8e-13   46.7   0.2   2   2     0.024       1.5    5.2   0.0   339   394   282   337   276   338 0.85 -
Pdum_DN90287_c1_g1_i5:3599-4060  -            154 219856at33208        -            395   5.5e-11   39.6   0.0   1   1   9.6e-13   6.2e-11   39.4   0.0   101   216    39   153    23   154 0.85 -
Pdum_DN92661_c7_g1_i2:4648-5667  -            340 219856at33208        -            395     2e-10   37.8   0.1   1   3    0.0023      0.15    8.5   0.0   110   141     1    32     1    45 0.91 -
Pdum_DN92661_c7_g1_i2:4648-5667  -            340 219856at33208        -            395     2e-10   37.8   0.1   2   3   0.00023     0.015   11.8   0.0   195   315   115   237   110   267 0.74 -
Pdum_DN92661_c7_g1_i2:4648-5667  -            340 219856at33208        -            395     2e-10   37.8   0.1   3   3   6.5e-05    0.0042   13.7   0.1   337   378   290   335   286   338 0.81 -
Pdum_DN91915_c1_g1_i3:3493-3999  -            169 219856at33208        -            395   2.3e-10   37.6   0.0   1   1   4.7e-12     3e-10   37.2   0.0   110   223     2   114     1   120 0.85 -
Pdum_DN84666_c0_g1_i5:1480-2481  -            334 219856at33208        -            395   2.1e-09   34.4   0.7   1   2   1.1e-07   7.4e-06   22.7   0.1   110   225     1   111     1   131 0.86 -
Pdum_DN84666_c0_g1_i5:1480-2481  -            334 219856at33208        -            395   2.1e-09   34.4   0.7   2   2   0.00084     0.054   10.0   0.0   288   368   201   293   189   310 0.65 -
Pdum_DN89063_c0_g1_i2:3781-4530  -            250 219856at33208        -            395   2.2e-08   31.1   0.0   1   2     7e-10   4.5e-08   30.0   0.0   106   220    11   124     2   133 0.86 -
Pdum_DN89063_c0_g1_i2:3781-4530  -            250 219856at33208        -            395   2.2e-08   31.1   0.0   2   2       5.7   3.7e+02   -2.6   0.0   244   292   183   231   165   249 0.57 -
Pdum_DN83486_c0_g1_i2:1919-2485  -            189 219856at33208        -            395     8e-07   25.9   0.1   1   1   1.4e-08   9.1e-07   25.7   0.1   110   225     1   120     1   153 0.81 -
Pdum_DN83486_c0_g1_i2:650-1570   -            307 219856at33208        -            395   1.7e-06   24.8   0.0   1   2   0.00022     0.014   11.9   0.0   290   339   163   216   158   226 0.80 -
Pdum_DN83486_c0_g1_i2:650-1570   -            307 219856at33208        -            395   1.7e-06   24.8   0.0   2   2    0.0005     0.032   10.7   0.1   339   394   248   304   242   305 0.86 -
Pdum_DN77862_c4_g2_i2:150-896    -            249 219856at33208        -            395   1.4e-05   21.8  29.8   1   8       1.3        82   -0.5   0.0    34    54     1    22     1    27 0.78 -
Pdum_DN77862_c4_g2_i2:150-896    -            249 219856at33208        -            395   1.4e-05   21.8  29.8   2   8      0.15        10    2.5   0.3    31    44    26    39    15    59 0.79 -
Pdum_DN77862_c4_g2_i2:150-896    -            249 219856at33208        -            395   1.4e-05   21.8  29.8   3   8    0.0018      0.12    8.9   0.3    29    57    80   109    74   111 0.80 -
Pdum_DN77862_c4_g2_i2:150-896    -            249 219856at33208        -            395   1.4e-05   21.8  29.8   4   8    0.0035      0.22    8.0   0.5    31    54   110   134   106   139 0.82 -
Pdum_DN77862_c4_g2_i2:150-896    -            249 219856at33208        -            395   1.4e-05   21.8  29.8   5   8     0.011       0.7    6.3   0.2    32    56   139   164   133   167 0.82 -
Pdum_DN77862_c4_g2_i2:150-896    -            249 219856at33208        -            395   1.4e-05   21.8  29.8   6   8    0.0044      0.29    7.6   1.4    31    57   166   193   162   206 0.84 -
Pdum_DN77862_c4_g2_i2:150-896    -            249 219856at33208        -            395   1.4e-05   21.8  29.8   7   8       1.1        74   -0.3   0.1    32    48   195   211   190   221 0.73 -
Pdum_DN77862_c4_g2_i2:150-896    -            249 219856at33208        -            395   1.4e-05   21.8  29.8   8   8    0.0065      0.42    7.1   0.1    30    53   221   245   210   248 0.79 -
Pdum_DN81988_c0_g1_i12:983-1879  -            299 219856at33208        -            395   1.9e-05   21.4   0.5   1   3       1.2        78   -0.4   0.0   110   138    13    41     5    53 0.86 -
Pdum_DN81988_c0_g1_i12:983-1879  -            299 219856at33208        -            395   1.9e-05   21.4   0.5   2   3      0.12       7.6    2.9   0.0   190   223    76   109    61   117 0.79 -
Pdum_DN81988_c0_g1_i12:983-1879  -            299 219856at33208        -            395   1.9e-05   21.4   0.5   3   3   2.8e-05    0.0018   14.9   0.0   293   383   199   290   180   298 0.83 -
Pdum_DN92866_c4_g1_i3:4410-5648  -            413 219856at33208        -            395   2.8e-05   20.8   1.1   1   2    0.0077       0.5    6.8   0.0   181   226   130   173   126   179 0.81 -
Pdum_DN92866_c4_g1_i3:4410-5648  -            413 219856at33208        -            395   2.8e-05   20.8   1.1   2   2   0.00096     0.062    9.8   0.2   227   377   239   404   234   412 0.65 -
Pdum_DN92293_c0_g1_i3:2297-3301  -            335 219856at33208        -            395   6.6e-05   19.6   1.6   1   2   0.00014    0.0094   12.5   0.4   178   315    61   198     1   206 0.65 -
Pdum_DN92293_c0_g1_i3:2297-3301  -            335 219856at33208        -            395   6.6e-05   19.6   1.6   2   2     0.014      0.93    5.9   0.0   336   375   277   325   265   331 0.68 -
Pdum_DN85042_c0_g1_i2:5447-5764  -            106 219856at33208        -            395    0.0001   18.9   0.0   1   1   1.8e-06   0.00012   18.8   0.0   110   221     1   104     1   106 0.84 -
Pdum_DN92510_c3_g1_i4:158-583    -            142 219856at33208        -            395   0.00018   18.1   0.5   1   1   3.1e-05     0.002   14.7   0.5   160   216    41    96     2   109 0.73 -
Pdum_DN90870_c4_g2_i1:1472-2422  -            317 219856at33208        -            395   0.00054   16.6   0.0   1   1   1.3e-05   0.00082   16.0   0.0   285   373   215   316   193   317 0.78 -
Pdum_DN75461_c4_g1_i11:104-637   -            178 219856at33208        -            395    0.0018   14.8  18.6   1   6     0.007      0.45    7.0   0.3    31    55    17    42    11    47 0.83 -
Pdum_DN75461_c4_g1_i11:104-637   -            178 219856at33208        -            395    0.0018   14.8  18.6   2   6      0.75        48    0.3   0.0    32    55    46    70    41    74 0.79 -
Pdum_DN75461_c4_g1_i11:104-637   -            178 219856at33208        -            395    0.0018   14.8  18.6   3   6     0.011      0.74    6.3   0.2    31    54    73    97    59   101 0.82 -
Pdum_DN75461_c4_g1_i11:104-637   -            178 219856at33208        -            395    0.0018   14.8  18.6   4   6     0.024       1.5    5.2   0.1    32    54   102   125    97   130 0.81 -
Pdum_DN75461_c4_g1_i11:104-637   -            178 219856at33208        -            395    0.0018   14.8  18.6   5   6     0.026       1.7    5.1   0.2    32    54   130   153   125   158 0.81 -
Pdum_DN75461_c4_g1_i11:104-637   -            178 219856at33208        -            395    0.0018   14.8  18.6   6   6      0.14       9.2    2.7   0.1    32    48   158   174   153   177 0.84 -
Pdum_DN79879_c4_g4_i4:21-539     -            173 219856at33208        -            395    0.0021   14.7  17.8   1   6     0.014      0.87    6.0   0.1    31    54    12    36     6    41 0.82 -
Pdum_DN79879_c4_g4_i4:21-539     -            173 219856at33208        -            395    0.0021   14.7  17.8   2   6   0.00096     0.062    9.8   0.1    27    55    36    65    34    69 0.85 -
Pdum_DN79879_c4_g4_i4:21-539     -            173 219856at33208        -            395    0.0021   14.7  17.8   3   6      0.23        15    1.9   0.2    28    46    65    83    62    95 0.73 -
Pdum_DN79879_c4_g4_i4:21-539     -            173 219856at33208        -            395    0.0021   14.7  17.8   4   6      0.18        11    2.4   0.1    33    48    98   113    92   125 0.78 -
Pdum_DN79879_c4_g4_i4:21-539     -            173 219856at33208        -            395    0.0021   14.7  17.8   5   6       0.1       6.5    3.2   0.1    31    54   124   148   115   151 0.79 -
Pdum_DN79879_c4_g4_i4:21-539     -            173 219856at33208        -            395    0.0021   14.7  17.8   6   6     0.044       2.9    4.3   0.1    27    46   148   167   144   172 0.79 -
Pdum_DN88633_c6_g1_i1:2-346      -            115 219856at33208        -            395    0.0043   13.6  12.0   1   4      0.51        33    0.8   0.2    32    48     3    19     1    29 0.73 -
Pdum_DN88633_c6_g1_i1:2-346      -            115 219856at33208        -            395    0.0043   13.6  12.0   2   4    0.0034      0.22    8.0   0.4    30    55    29    55    19    59 0.80 -
Pdum_DN88633_c6_g1_i1:2-346      -            115 219856at33208        -            395    0.0043   13.6  12.0   3   4    0.0059      0.38    7.2   0.2    24    54    51    82    49    85 0.85 -
Pdum_DN88633_c6_g1_i1:2-346      -            115 219856at33208        -            395    0.0043   13.6  12.0   4   4    0.0076       0.5    6.8   0.2    32    55    87   111    84   115 0.84 -
Pdum_DN81780_c2_g2_i4:2-316      -            105 219856at33208        -            395    0.0071   12.9   9.4   1   4       0.9        58    0.0   0.1    33    45     2    14     1    27 0.71 -
Pdum_DN81780_c2_g2_i4:2-316      -            105 219856at33208        -            395    0.0071   12.9   9.4   2   4    0.0014     0.093    9.2   0.2    30    55    27    53    10    57 0.81 -
Pdum_DN81780_c2_g2_i4:2-316      -            105 219856at33208        -            395    0.0071   12.9   9.4   3   4    0.0072      0.47    6.9   0.2    32    54    57    80    54    85 0.82 -
Pdum_DN81780_c2_g2_i4:2-316      -            105 219856at33208        -            395    0.0071   12.9   9.4   4   4       0.3        20    1.6   0.1    32    43    85    96    81   103 0.83 -
Pdum_DN77881_c1_g1_i4:4-324      -            107 219856at33208        -            395    0.0078   12.8  11.1   1   4      0.15       9.8    2.6   0.1    32    53     3    25     1    30 0.72 -
Pdum_DN77881_c1_g1_i4:4-324      -            107 219856at33208        -            395    0.0078   12.8  11.1   2   4    0.0015     0.096    9.2   0.0    27    55    26    55    14    60 0.78 -
Pdum_DN77881_c1_g1_i4:4-324      -            107 219856at33208        -            395    0.0078   12.8  11.1   3   4     0.014      0.91    6.0   0.1    30    53    57    81    53    86 0.83 -
Pdum_DN77881_c1_g1_i4:4-324      -            107 219856at33208        -            395    0.0078   12.8  11.1   4   4      0.15       9.7    2.6   0.8    32    46    87   101    82   106 0.84 -
Pdum_DN81068_c0_g1_i3:19-789     -            257 219856at33208        -            395     0.014   11.9   0.2   1   7      0.46        30    1.0   0.1    31    44    12    25     7    39 0.77 -
Pdum_DN81068_c0_g1_i3:19-789     -            257 219856at33208        -            395     0.014   11.9   0.2   2   7     0.041       2.7    4.4   0.1    31    54    40    64    33    70 0.78 -
Pdum_DN81068_c0_g1_i3:19-789     -            257 219856at33208        -            395     0.014   11.9   0.2   3   7      0.43        28    1.1   0.3    31    62    68   100    61   108 0.82 -
Pdum_DN81068_c0_g1_i3:19-789     -            257 219856at33208        -            395     0.014   11.9   0.2   4   7       1.6     1e+02   -0.8   0.0    27    48    92   113    88   121 0.74 -
Pdum_DN81068_c0_g1_i3:19-789     -            257 219856at33208        -            395     0.014   11.9   0.2   5   7   0.00022     0.014   11.9   0.2    27    54   169   197   162   202 0.85 -
Pdum_DN81068_c0_g1_i3:19-789     -            257 219856at33208        -            395     0.014   11.9   0.2   6   7       1.3        83   -0.5   0.0    33    46   203   216   198   226 0.73 -
Pdum_DN81068_c0_g1_i3:19-789     -            257 219856at33208        -            395     0.014   11.9   0.2   7   7      0.35        22    1.4   0.2    30    53   228   252   220   256 0.81 -
Pdum_DN76750_c2_g5_i1:447-773    -            109 219856at33208        -            395     0.025   11.1   8.1   1   3      0.14       8.8    2.7   0.2    32    49     3    20     1    28 0.83 -
Pdum_DN76750_c2_g5_i1:447-773    -            109 219856at33208        -            395     0.025   11.1   8.1   2   3    0.0092       0.6    6.6   0.1    31    53    30    53    24    59 0.76 -
Pdum_DN76750_c2_g5_i1:447-773    -            109 219856at33208        -            395     0.025   11.1   8.1   3   3     0.013      0.84    6.1   0.3    31    53    86   109    78   109 0.75 -
Pdum_DN79305_c2_g1_i5:105-488    -            128 219856at33208        -            395     0.033   10.7   0.4   1   1    0.0098      0.63    6.5   0.4   109   135    12    38     4   118 0.72 -
Pdum_DN92827_c6_g2_i2:179-292    -             38 219856at33208        -            395     0.045   10.2   1.9   1   2    0.0012     0.075    9.5   0.1    32    55     1    25     1    30 0.87 -
Pdum_DN92827_c6_g2_i2:179-292    -             38 219856at33208        -            395     0.045   10.2   1.9   2   2      0.32        21    1.5   0.2    31    41    28    38    24    38 0.86 -
Pdum_DN75503_c0_g1_i7:62-781     -            240 219856at33208        -            395     0.053   10.0  13.8   1   5       1.5        95   -0.7   0.1    27    40    32    45    21    56 0.85 -
Pdum_DN75503_c0_g1_i7:62-781     -            240 219856at33208        -            395     0.053   10.0  13.8   2   5     0.016         1    5.8   0.2    30    46    93   109    85   121 0.79 -
Pdum_DN75503_c0_g1_i7:62-781     -            240 219856at33208        -            395     0.053   10.0  13.8   3   5     0.012       0.8    6.1   0.2    30    54   121   146   114   150 0.83 -
Pdum_DN75503_c0_g1_i7:62-781     -            240 219856at33208        -            395     0.053   10.0  13.8   4   5     0.091       5.9    3.3   0.2    30    55   152   178   148   193 0.77 -
Pdum_DN75503_c0_g1_i7:62-781     -            240 219856at33208        -            395     0.053   10.0  13.8   5   5      0.37        24    1.3   0.0    31    53   210   233   196   238 0.74 -
Pdum_DN78898_c2_g1_i4:276-1106   -            277 219856at33208        -            395     0.061    9.8   7.4   1   3     0.086       5.6    3.4   0.2    29    51    88   111    63   116 0.85 -
Pdum_DN78898_c2_g1_i4:276-1106   -            277 219856at33208        -            395     0.061    9.8   7.4   2   3     0.042       2.7    4.4   0.1    30    53   157   181   139   196 0.79 -
Pdum_DN78898_c2_g1_i4:276-1106   -            277 219856at33208        -            395     0.061    9.8   7.4   3   3     0.028       1.8    5.0   0.4    30    56   241   268   215   272 0.86 -
Pdum_DN67217_c3_g1_i1:117-488    -            124 219856at33208        -            395     0.069    9.7   8.4   1   3    0.0065      0.42    7.1   0.2    32    54     3    26     1    41 0.88 -
Pdum_DN67217_c3_g1_i1:117-488    -            124 219856at33208        -            395     0.069    9.7   8.4   2   3    0.0076       0.5    6.8   0.5    32    55    59    83    35    88 0.84 -
Pdum_DN67217_c3_g1_i1:117-488    -            124 219856at33208        -            395     0.069    9.7   8.4   3   3      0.89        57    0.0   0.1    32    54    87   110    82   116 0.83 -
Pdum_DN86961_c5_g1_i2:5-628      -            208 219856at33208        -            395     0.073    9.6   8.6   1   5      0.36        23    1.3   0.0    33    59     4    31     1    46 0.75 -
Pdum_DN86961_c5_g1_i2:5-628      -            208 219856at33208        -            395     0.073    9.6   8.6   2   5     0.049       3.2    4.2   0.1    28    61    71   105    68   120 0.75 -
Pdum_DN86961_c5_g1_i2:5-628      -            208 219856at33208        -            395     0.073    9.6   8.6   3   5     0.033       2.1    4.8   0.7    31    56   132   158   120   170 0.80 -
Pdum_DN86961_c5_g1_i2:5-628      -            208 219856at33208        -            395     0.073    9.6   8.6   4   5      0.44        29    1.0   0.2    32    54   161   184   157   189 0.82 -
Pdum_DN86961_c5_g1_i2:5-628      -            208 219856at33208        -            395     0.073    9.6   8.6   5   5       1.8   1.2e+02   -1.0   0.0    29    43   186   200   182   204 0.78 -
Pdum_DN87939_c5_g1_i5:54-401     -            116 219856at33208        -            395       0.1    9.1   8.7   1   3     0.016       1.1    5.8   0.4    30    54    21    46     4    49 0.77 -
Pdum_DN87939_c5_g1_i5:54-401     -            116 219856at33208        -            395       0.1    9.1   8.7   2   3     0.014      0.94    5.9   0.2    29    53    48    73    45    79 0.77 -
Pdum_DN87939_c5_g1_i5:54-401     -            116 219856at33208        -            395       0.1    9.1   8.7   3   3      0.16        10    2.5   0.1    32    55    79   103    75   111 0.80 -
Pdum_DN69272_c1_g2_i10:413-1426  -            338 219856at33208        -            395       0.1    9.1   6.6   1   3      0.31        20    1.5   0.1    32    66     4    39     2    46 0.87 -
Pdum_DN69272_c1_g2_i10:413-1426  -            338 219856at33208        -            395       0.1    9.1   6.6   2   3    0.0093       0.6    6.6   0.1    11    50   123   162   113   170 0.79 -
Pdum_DN69272_c1_g2_i10:413-1426  -            338 219856at33208        -            395       0.1    9.1   6.6   3   3      0.18        11    2.4   0.2    32    57   203   229   184   258 0.81 -
Pdum_DN89273_c2_g1_i7:2263-2670  -            136 219856at33208        -            395      0.11    8.9   6.9   1   4       1.1        69   -0.2   0.1    32    54     3    26     2    29 0.75 -
Pdum_DN89273_c2_g1_i7:2263-2670  -            136 219856at33208        -            395      0.11    8.9   6.9   2   4    0.0015     0.099    9.1   0.2    31    59    30    59    24    75 0.82 -
Pdum_DN89273_c2_g1_i7:2263-2670  -            136 219856at33208        -            395      0.11    8.9   6.9   3   4      0.79        51    0.2   0.1    32    55    59    83    55    94 0.78 -
Pdum_DN89273_c2_g1_i7:2263-2670  -            136 219856at33208        -            395      0.11    8.9   6.9   4   4      0.27        17    1.7   0.3    31    57    86   113    78   131 0.77 -
Pdum_DN85566_c4_g3_i1:128-526    -            133 219856at33208        -            395      0.13    8.8   8.6   1   4    0.0031       0.2    8.1   0.4    32    59     3    31     1    39 0.84 -
Pdum_DN85566_c4_g3_i1:128-526    -            133 219856at33208        -            395      0.13    8.8   8.6   2   4       1.1        70   -0.2   0.0    30    54    29    52    23    56 0.82 -
Pdum_DN85566_c4_g3_i1:128-526    -            133 219856at33208        -            395      0.13    8.8   8.6   3   4     0.075       4.8    3.6   0.2    31    54    56    80    50    84 0.85 -
Pdum_DN85566_c4_g3_i1:128-526    -            133 219856at33208        -            395      0.13    8.8   8.6   4   4       0.5        32    0.9   0.1    32    55    86   110    81   124 0.79 -
Pdum_DN86523_c0_g1_i11:1152-1532 -            127 219856at33208        -            395      0.13    8.8   4.5   1   3     0.085       5.5    3.4   0.1    31    53     2    25     1    29 0.76 -
Pdum_DN86523_c0_g1_i11:1152-1532 -            127 219856at33208        -            395      0.13    8.8   4.5   2   3       2.6   1.7e+02   -1.5   0.0    32    46    60    74    57    85 0.74 -
Pdum_DN86523_c0_g1_i11:1152-1532 -            127 219856at33208        -            395      0.13    8.8   4.5   3   3    0.0083      0.54    6.7   0.4    30    59    86   116    77   127 0.75 -
Pdum_DN83320_c3_g2_i3:2-655      -            218 219856at33208        -            395      0.16    8.5  24.2   1   8       4.5   2.9e+02   -2.3   0.0    28    54    11    38     7    43 0.69 -
Pdum_DN83320_c3_g2_i3:2-655      -            218 219856at33208        -            395      0.16    8.5  24.2   2   8     0.037       2.4    4.6   0.1    31    54    42    66    30    69 0.84 -
Pdum_DN83320_c3_g2_i3:2-655      -            218 219856at33208        -            395      0.16    8.5  24.2   3   8   0.00089     0.058    9.9   0.7    27    58    66    99    62   110 0.75 -
Pdum_DN83320_c3_g2_i3:2-655      -            218 219856at33208        -            395      0.16    8.5  24.2   4   8      0.27        17    1.7   1.1    30    58    98   127    85   133 0.82 -
Pdum_DN83320_c3_g2_i3:2-655      -            218 219856at33208        -            395      0.16    8.5  24.2   5   8     0.028       1.8    5.0   0.3    28    54   122   149   118   154 0.82 -
Pdum_DN83320_c3_g2_i3:2-655      -            218 219856at33208        -            395      0.16    8.5  24.2   6   8      0.47        30    0.9   0.2    32    51   154   174   149   180 0.76 -
Pdum_DN83320_c3_g2_i3:2-655      -            218 219856at33208        -            395      0.16    8.5  24.2   7   8     0.083       5.4    3.4   0.5    32    53   181   203   173   209 0.78 -
Pdum_DN83320_c3_g2_i3:2-655      -            218 219856at33208        -            395      0.16    8.5  24.2   8   8       2.7   1.7e+02   -1.6   0.1    32    41   209   218   204   218 0.89 -
Pdum_DN69389_c3_g1_i6:99-476     -            126 219856at33208        -            395      0.17    8.3   2.8   1   3     0.061         4    3.9   0.1    32    54     3    26     1    31 0.85 -
Pdum_DN69389_c3_g1_i6:99-476     -            126 219856at33208        -            395      0.17    8.3   2.8   2   3     0.033       2.1    4.7   0.1    32    56    31    56    27    63 0.86 -
Pdum_DN69389_c3_g1_i6:99-476     -            126 219856at33208        -            395      0.17    8.3   2.8   3   3       3.1     2e+02   -1.8   0.0    34    54    89   110    79   125 0.53 -
Pdum_DN78526_c2_g2_i3:13-495     -            161 219856at33208        -            395      0.17    8.3   9.2   1   4    0.0086      0.55    6.7   0.3    31    57    28    55    11    74 0.83 -
Pdum_DN78526_c2_g2_i3:13-495     -            161 219856at33208        -            395      0.17    8.3   9.2   2   4       0.8        52    0.2   0.2    31    48    84   101    58   111 0.83 -
Pdum_DN78526_c2_g2_i3:13-495     -            161 219856at33208        -            395      0.17    8.3   9.2   3   4     0.054       3.5    4.0   0.1    32    53   113   135   107   141 0.80 -
Pdum_DN78526_c2_g2_i3:13-495     -            161 219856at33208        -            395      0.17    8.3   9.2   4   4      0.43        28    1.1   0.1    32    46   141   155   136   160 0.82 -
Pdum_DN71181_c3_g4_i6:0-491      -            164 219856at33208        -            395      0.19    8.2  17.6   1   6      0.11       7.4    3.0   0.2    31    54     9    33     3    37 0.76 -
Pdum_DN71181_c3_g4_i6:0-491      -            164 219856at33208        -            395      0.19    8.2  17.6   2   6     0.075       4.8    3.6   0.1    31    54    37    61    31    64 0.79 -
Pdum_DN71181_c3_g4_i6:0-491      -            164 219856at33208        -            395      0.19    8.2  17.6   3   6     0.038       2.5    4.5   0.3    32    49    66    83    60    92 0.80 -
Pdum_DN71181_c3_g4_i6:0-491      -            164 219856at33208        -            395      0.19    8.2  17.6   4   6     0.048       3.1    4.2   0.1    32    53    94   116    89   121 0.81 -
Pdum_DN71181_c3_g4_i6:0-491      -            164 219856at33208        -            395      0.19    8.2  17.6   5   6      0.18        12    2.3   0.0    32    54   121   144   110   149 0.80 -
Pdum_DN71181_c3_g4_i6:0-491      -            164 219856at33208        -            395      0.19    8.2  17.6   6   6      0.61        39    0.6   0.2    31    43   148   160   142   163 0.81 -
Pdum_DN73215_c1_g1_i6:275-1447   -            391 219856at33208        -            395      0.22    8.0  16.9   1   6       2.2   1.4e+02   -1.3   0.0    32    53    84   106    78   113 0.75 -
Pdum_DN73215_c1_g1_i6:275-1447   -            391 219856at33208        -            395      0.22    8.0  16.9   2   6     0.016         1    5.8   0.3    32    64   112   145   104   155 0.86 -
Pdum_DN73215_c1_g1_i6:275-1447   -            391 219856at33208        -            395      0.22    8.0  16.9   3   6     0.026       1.7    5.1   0.4    23    57   160   195   149   198 0.75 -
Pdum_DN73215_c1_g1_i6:275-1447   -            391 219856at33208        -            395      0.22    8.0  16.9   4   6       9.3     6e+02   -3.3   0.0    32    54   228   251   221   254 0.75 -
Pdum_DN73215_c1_g1_i6:275-1447   -            391 219856at33208        -            395      0.22    8.0  16.9   5   6     0.012      0.76    6.2   0.7    24    55   276   308   264   323 0.79 -
Pdum_DN73215_c1_g1_i6:275-1447   -            391 219856at33208        -            395      0.22    8.0  16.9   6   6       2.3   1.5e+02   -1.3   0.0    32    54   312   335   303   344 0.81 -
Pdum_DN84890_c0_g1_i1:2843-3958  -            372 219856at33208        -            395      0.25    7.8   8.1   1   3      0.11       7.3    3.0   0.5    27    53    24    51     6    81 0.81 -
Pdum_DN84890_c0_g1_i1:2843-3958  -            372 219856at33208        -            395      0.25    7.8   8.1   2   3    0.0043      0.28    7.7   0.4    26    55   108   138    83   188 0.86 -
Pdum_DN84890_c0_g1_i1:2843-3958  -            372 219856at33208        -            395      0.25    7.8   8.1   3   3       1.4        92   -0.6   0.0    33    55   258   281   251   304 0.73 -
Pdum_DN81068_c1_g1_i3:2-667      -            222 219856at33208        -            395      0.29    7.6  15.0   1   6      0.62        40    0.5   0.1    31    53    31    54    22    59 0.78 -
Pdum_DN81068_c1_g1_i3:2-667      -            222 219856at33208        -            395      0.29    7.6  15.0   2   6     0.033       2.2    4.7   0.1    32    55    59    83    56    88 0.83 -
Pdum_DN81068_c1_g1_i3:2-667      -            222 219856at33208        -            395      0.29    7.6  15.0   3   6      0.37        24    1.3   0.2    31    47    86   102    80   114 0.73 -
Pdum_DN81068_c1_g1_i3:2-667      -            222 219856at33208        -            395      0.29    7.6  15.0   4   6       1.8   1.1e+02   -1.0   0.0    30    48   113   131   108   139 0.82 -
Pdum_DN81068_c1_g1_i3:2-667      -            222 219856at33208        -            395      0.29    7.6  15.0   5   6    0.0052      0.34    7.4   0.1    30    55   172   198   167   203 0.83 -
Pdum_DN81068_c1_g1_i3:2-667      -            222 219856at33208        -            395      0.29    7.6  15.0   6   6      0.27        17    1.7   0.1    27    44   197   214   190   220 0.77 -
Pdum_DN68636_c1_g2_i2:26-523     -            166 219856at33208        -            395      0.34    7.4  19.3   1   6      0.51        33    0.8   0.1    33    54     2    24     1    29 0.74 -
Pdum_DN68636_c1_g2_i2:26-523     -            166 219856at33208        -            395      0.34    7.4  19.3   2   6     0.032       2.1    4.8   1.5    31    54    28    52    14    56 0.82 -
Pdum_DN68636_c1_g2_i2:26-523     -            166 219856at33208        -            395      0.34    7.4  19.3   3   6      0.98        64   -0.1   0.0    30    54    58    83    53    88 0.77 -
Pdum_DN68636_c1_g2_i2:26-523     -            166 219856at33208        -            395      0.34    7.4  19.3   4   6       0.1       6.6    3.1   0.4    31    48    87   104    82   113 0.79 -
Pdum_DN68636_c1_g2_i2:26-523     -            166 219856at33208        -            395      0.34    7.4  19.3   5   6      0.37        24    1.3   0.0    31    54   115   139   111   142 0.83 -
Pdum_DN68636_c1_g2_i2:26-523     -            166 219856at33208        -            395      0.34    7.4  19.3   6   6    0.0062       0.4    7.1   0.2    32    53   144   166   139   166 0.86 -
Pdum_DN92400_c3_g1_i7:469-1257   -            263 219856at33208        -            395      0.39    7.2   6.9   1   3    0.0068      0.44    7.0   1.4    24    56     2    35     1    53 0.80 -
Pdum_DN92400_c3_g1_i7:469-1257   -            263 219856at33208        -            395      0.39    7.2   6.9   2   3         3     2e+02   -1.7   0.0    30    53    58    82    48    87 0.73 -
Pdum_DN92400_c3_g1_i7:469-1257   -            263 219856at33208        -            395      0.39    7.2   6.9   3   3       0.2        13    2.1   0.1    31    59   210   239   203   252 0.84 -
Pdum_DN77907_c0_g2_i5:19-429     -            137 219856at33208        -            395       0.4    7.1  11.2   1   4     0.018       1.2    5.6   0.3    31    54    15    39     9    44 0.78 -
Pdum_DN77907_c0_g2_i5:19-429     -            137 219856at33208        -            395       0.4    7.1  11.2   2   4      0.12       7.9    2.9   0.2    32    53    44    66    39    72 0.80 -
Pdum_DN77907_c0_g2_i5:19-429     -            137 219856at33208        -            395       0.4    7.1  11.2   3   4      0.84        54    0.1   0.1    33    53    73    94    67   100 0.72 -
Pdum_DN77907_c0_g2_i5:19-429     -            137 219856at33208        -            395       0.4    7.1  11.2   4   4     0.036       2.3    4.6   0.1    32    56   100   125    93   137 0.80 -
Pdum_DN71782_c1_g1_i1:425-763    -            113 219856at33208        -            395      0.43    7.0   4.7   1   4    0.0036      0.24    7.9   0.1    32    54    20    43    13    48 0.86 -
Pdum_DN71782_c1_g1_i1:425-763    -            113 219856at33208        -            395      0.43    7.0   4.7   2   4       0.6        39    0.6   0.3    33    53    49    70    44    92 0.72 -
Pdum_DN71782_c1_g1_i1:425-763    -            113 219856at33208        -            395      0.43    7.0   4.7   3   4       3.5   2.3e+02   -1.9   0.2    32    53    76    98    69   109 0.70 -
Pdum_DN71782_c1_g1_i1:425-763    -            113 219856at33208        -            395      0.43    7.0   4.7   4   4       4.6     3e+02   -2.3   0.0    32    41   104   113    96   113 0.81 -
Pdum_DN81778_c1_g1_i7:747-1127   -            127 219856at33208        -            395      0.49    6.8   5.2   1   3      0.13       8.5    2.8   0.2    30    48    30    48     7    58 0.72 -
Pdum_DN81778_c1_g1_i7:747-1127   -            127 219856at33208        -            395      0.49    6.8   5.2   2   3     0.061       3.9    3.9   0.1    31    54    59    83    52    87 0.82 -
Pdum_DN81778_c1_g1_i7:747-1127   -            127 219856at33208        -            395      0.49    6.8   5.2   3   3      0.19        12    2.3   0.1    33    54    89   111    79   114 0.76 -
Pdum_DN72844_c1_g1_i2:79-453     -            125 219856at33208        -            395      0.56    6.6  18.0   1   5      0.33        21    1.5   0.3    32    48     3    19     1    29 0.79 -
Pdum_DN72844_c1_g1_i2:79-453     -            125 219856at33208        -            395      0.56    6.6  18.0   2   5      0.29        18    1.7   0.3    31    54    30    54    21    57 0.77 -
Pdum_DN72844_c1_g1_i2:79-453     -            125 219856at33208        -            395      0.56    6.6  18.0   3   5   0.00068     0.044   10.3   0.6    28    55    55    83    41    88 0.81 -
Pdum_DN72844_c1_g1_i2:79-453     -            125 219856at33208        -            395      0.56    6.6  18.0   4   5     0.089       5.8    3.3   0.1    31    46    86   101    82   113 0.75 -
Pdum_DN72844_c1_g1_i2:79-453     -            125 219856at33208        -            395      0.56    6.6  18.0   5   5      0.27        18    1.7   0.2    31    41   115   125   109   125 0.86 -
Pdum_DN80446_c2_g2_i3:854-1231   -            126 219856at33208        -            395       0.6    6.6  11.2   1   4      0.94        61   -0.0   0.2    32    53     3    25     1    29 0.76 -
Pdum_DN80446_c2_g2_i3:854-1231   -            126 219856at33208        -            395       0.6    6.6  11.2   2   4     0.059       3.8    3.9   0.3    32    50    31    49    23    57 0.78 -
Pdum_DN80446_c2_g2_i3:854-1231   -            126 219856at33208        -            395       0.6    6.6  11.2   3   4    0.0021      0.14    8.7   0.7    32    56    59    84    53   104 0.82 -
Pdum_DN80446_c2_g2_i3:854-1231   -            126 219856at33208        -            395       0.6    6.6  11.2   4   4       2.4   1.6e+02   -1.4   0.0    32    53    87   109    83   116 0.73 -
Pdum_DN85461_c2_g1_i1:35-406     -            124 219856at33208        -            395      0.66    6.4   5.1   1   4       1.2        75   -0.3   0.0    32    53     3    25     2    31 0.75 -
Pdum_DN85461_c2_g1_i1:35-406     -            124 219856at33208        -            395      0.66    6.4   5.1   2   4      0.47        30    0.9   0.1    31    54    30    54    10    57 0.80 -
Pdum_DN85461_c2_g1_i1:35-406     -            124 219856at33208        -            395      0.66    6.4   5.1   3   4     0.022       1.4    5.3   0.2    31    58    58    86    51    96 0.84 -
Pdum_DN85461_c2_g1_i1:35-406     -            124 219856at33208        -            395      0.66    6.4   5.1   4   4      0.36        23    1.3   0.1    32    53    87   109    83   118 0.80 -
Pdum_DN71180_c6_g1_i1:468-821    -            118 219856at33208        -            395      0.71    6.3   7.8   1   4      0.57        37    0.7   0.2    34    46     2    14     1    26 0.74 -
Pdum_DN71180_c6_g1_i1:468-821    -            118 219856at33208        -            395      0.71    6.3   7.8   2   4    0.0025      0.16    8.5   0.6    32    68    28    66    19    77 0.77 -
Pdum_DN71180_c6_g1_i1:468-821    -            118 219856at33208        -            395      0.71    6.3   7.8   3   4      0.18        12    2.3   0.3    23    56    47    81    44    99 0.77 -
Pdum_DN71180_c6_g1_i1:468-821    -            118 219856at33208        -            395      0.71    6.3   7.8   4   4       0.9        58    0.0   0.1    31    53    83   106    75   112 0.72 -
Pdum_DN70651_c0_g1_i1:111-914    -            268 219856at33208        -            395      0.73    6.3  20.4   1   7         4   2.6e+02   -2.1   0.1    27    46     4    23     2    45 0.70 -
Pdum_DN70651_c0_g1_i1:111-914    -            268 219856at33208        -            395      0.73    6.3  20.4   2   7      0.19        13    2.2   0.3    31    54    42    66    33    69 0.74 -
Pdum_DN70651_c0_g1_i1:111-914    -            268 219856at33208        -            395      0.73    6.3  20.4   3   7      0.03         2    4.9   0.4    30    54    69    94    59   100 0.81 -
Pdum_DN70651_c0_g1_i1:111-914    -            268 219856at33208        -            395      0.73    6.3  20.4   4   7     0.017       1.1    5.7   1.0    31    58   126   154    99   164 0.78 -
Pdum_DN70651_c0_g1_i1:111-914    -            268 219856at33208        -            395      0.73    6.3  20.4   5   7      0.16        11    2.5   0.1    30    53   153   177   150   183 0.77 -
Pdum_DN70651_c0_g1_i1:111-914    -            268 219856at33208        -            395      0.73    6.3  20.4   6   7      0.63        41    0.5   0.1    32    54   183   206   178   221 0.75 -
Pdum_DN70651_c0_g1_i1:111-914    -            268 219856at33208        -            395      0.73    6.3  20.4   7   7      0.32        20    1.5   0.0    32    55   239   263   232   267 0.83 -
Pdum_DN85561_c4_g4_i2:2-739      -            246 219856at33208        -            395      0.79    6.2  19.4   1   7      0.28        18    1.7   0.2    32    54    28    51    20    56 0.80 -
Pdum_DN85561_c4_g4_i2:2-739      -            246 219856at33208        -            395      0.79    6.2  19.4   2   7         1        67   -0.2   0.0    32    46    56    70    51    81 0.77 -
Pdum_DN85561_c4_g4_i2:2-739      -            246 219856at33208        -            395      0.79    6.2  19.4   3   7     0.043       2.8    4.4   0.1    28    47    81   100    66   112 0.73 -
Pdum_DN85561_c4_g4_i2:2-739      -            246 219856at33208        -            395      0.79    6.2  19.4   4   7    0.0098      0.64    6.5   0.1    27    54   109   136   100   141 0.82 -
Pdum_DN85561_c4_g4_i2:2-739      -            246 219856at33208        -            395      0.79    6.2  19.4   5   7      0.24        16    1.9   0.1    31    54   140   164   134   174 0.82 -
Pdum_DN85561_c4_g4_i2:2-739      -            246 219856at33208        -            395      0.79    6.2  19.4   6   7      0.16        10    2.5   0.5    32    44   197   209   188   235 0.81 -
Pdum_DN85561_c4_g4_i2:2-739      -            246 219856at33208        -            395      0.79    6.2  19.4   7   7       7.4   4.8e+02   -3.0   0.0    33    42   226   235   218   243 0.74 -
Pdum_DN85263_c3_g1_i13:1-732     -            244 219856at33208        -            395       1.5    5.2  19.7   1   7      0.58        37    0.7   0.1    34    54     1    22     1    27 0.77 -
Pdum_DN85263_c3_g1_i13:1-732     -            244 219856at33208        -            395       1.5    5.2  19.7   2   7      0.11       7.3    3.0   0.3    31    55    26    51    20    57 0.78 -
Pdum_DN85263_c3_g1_i13:1-732     -            244 219856at33208        -            395       1.5    5.2  19.7   3   7      0.99        64   -0.1   0.1    32    46    55    69    47    82 0.71 -
Pdum_DN85263_c3_g1_i13:1-732     -            244 219856at33208        -            395       1.5    5.2  19.7   4   7      0.12       7.7    2.9   0.8    32    58    84   111    64   121 0.82 -
Pdum_DN85263_c3_g1_i13:1-732     -            244 219856at33208        -            395       1.5    5.2  19.7   5   7     0.065       4.2    3.8   0.3    32    49   168   185   160   213 0.84 -
Pdum_DN85263_c3_g1_i13:1-732     -            244 219856at33208        -            395       1.5    5.2  19.7   6   7       2.5   1.6e+02   -1.4   0.0    32    56   196   221   188   224 0.74 -
Pdum_DN85263_c3_g1_i13:1-732     -            244 219856at33208        -            395       1.5    5.2  19.7   7   7     0.036       2.3    4.6   0.1    30    49   222   242   204   244 0.77 -
Pdum_DN82687_c1_g2_i4:3-665      -            221 219856at33208        -            395       2.4    4.6  33.3   1   8      0.11       7.4    3.0   0.3    33    55     1    24     1    29 0.84 -
Pdum_DN82687_c1_g2_i4:3-665      -            221 219856at33208        -            395       2.4    4.6  33.3   2   8      0.17        11    2.4   0.1    32    54    28    51    23    55 0.82 -
Pdum_DN82687_c1_g2_i4:3-665      -            221 219856at33208        -            395       2.4    4.6  33.3   3   8       0.1       6.8    3.1   0.3    31    54    55    79    49    82 0.80 -
Pdum_DN82687_c1_g2_i4:3-665      -            221 219856at33208        -            395       2.4    4.6  33.3   4   8      0.13       8.6    2.7   0.1    32    55    84   108    81   112 0.82 -
Pdum_DN82687_c1_g2_i4:3-665      -            221 219856at33208        -            395       2.4    4.6  33.3   5   8      0.21        14    2.1   0.3    31    54   111   135   105   138 0.74 -
Pdum_DN82687_c1_g2_i4:3-665      -            221 219856at33208        -            395       2.4    4.6  33.3   6   8     0.048       3.1    4.2   0.4    31    54   139   163   129   166 0.82 -
Pdum_DN82687_c1_g2_i4:3-665      -            221 219856at33208        -            395       2.4    4.6  33.3   7   8    0.0089      0.58    6.6   0.1    32    55   168   192   163   196 0.83 -
Pdum_DN82687_c1_g2_i4:3-665      -            221 219856at33208        -            395       2.4    4.6  33.3   8   8       0.1       6.7    3.1   0.4    31    53   195   218   191   220 0.71 -
Pdum_DN79351_c0_g2_i2:16-579     -            188 219856at33208        -            395       2.5    4.5  18.8   1   6       1.4        91   -0.6   0.1    34    54     1    22     1    28 0.77 -
Pdum_DN79351_c0_g2_i2:16-579     -            188 219856at33208        -            395       2.5    4.5  18.8   2   6      0.35        22    1.4   0.1    32    54    27    50    22    55 0.78 -
Pdum_DN79351_c0_g2_i2:16-579     -            188 219856at33208        -            395       2.5    4.5  18.8   3   6      0.21        13    2.1   0.2    31    46    54    69    49    79 0.75 -
Pdum_DN79351_c0_g2_i2:16-579     -            188 219856at33208        -            395       2.5    4.5  18.8   4   6      0.06       3.9    3.9   0.1    32    55   112   136   104   141 0.83 -
Pdum_DN79351_c0_g2_i2:16-579     -            188 219856at33208        -            395       2.5    4.5  18.8   5   6    0.0049      0.32    7.5   0.7    32    59   140   168   136   179 0.84 -
Pdum_DN79351_c0_g2_i2:16-579     -            188 219856at33208        -            395       2.5    4.5  18.8   6   6      0.95        61   -0.1   0.1    31    44   167   180   164   185 0.85 -
Pdum_DN78572_c3_g2_i6:37-438     -            134 219856at33208        -            395       3.1    4.2  14.2   1   4     0.029       1.8    5.0   3.3    32    66     3    38     1    40 0.74 -
Pdum_DN78572_c3_g2_i6:37-438     -            134 219856at33208        -            395       3.1    4.2  14.2   2   4      0.06       3.9    3.9   0.4    30    53    28    52    25    56 0.79 -
Pdum_DN78572_c3_g2_i6:37-438     -            134 219856at33208        -            395       3.1    4.2  14.2   3   4      0.15        10    2.5   0.1    32    53    58    80    53    86 0.77 -
Pdum_DN78572_c3_g2_i6:37-438     -            134 219856at33208        -            395       3.1    4.2  14.2   4   4       1.1        68   -0.2   0.3    31    55    96   121    89   134 0.68 -
Pdum_DN68651_c2_g1_i4:22-393     -            124 219856at33208        -            395       7.3    3.0  10.2   1   4      0.11       6.9    3.1   0.1    33    55     4    27     2    31 0.84 -
Pdum_DN68651_c2_g1_i4:22-393     -            124 219856at33208        -            395       7.3    3.0  10.2   2   4     0.065       4.2    3.8   0.4    28    54    27    54    24    60 0.77 -
Pdum_DN68651_c2_g1_i4:22-393     -            124 219856at33208        -            395       7.3    3.0  10.2   3   4      0.28        18    1.7   0.1    33    53    60    81    54    87 0.76 -
Pdum_DN68651_c2_g1_i4:22-393     -            124 219856at33208        -            395       7.3    3.0  10.2   4   4       1.1        69   -0.2   0.1    31    41   114   124   108   124 0.85 -
Pdum_DN74755_c0_g1_i1:37-363     -            109 219856at33208        -            395       7.3    3.0  16.7   1   4     0.064       4.1    3.8   0.4    32    54     3    26     1    29 0.83 -
Pdum_DN74755_c0_g1_i1:37-363     -            109 219856at33208        -            395       7.3    3.0  16.7   2   4     0.076       4.9    3.6   0.6    30    54    29    54    25    59 0.76 -
Pdum_DN74755_c0_g1_i1:37-363     -            109 219856at33208        -            395       7.3    3.0  16.7   3   4     0.016         1    5.8   0.9    31    53    58    81    52    87 0.76 -
Pdum_DN74755_c0_g1_i1:37-363     -            109 219856at33208        -            395       7.3    3.0  16.7   4   4      0.44        28    1.0   0.2    32    46    87   101    82   109 0.76 -
Pdum_DN71181_c3_g1_i2:4-315      -            104 219856at33208        -            395       7.8    2.9   9.9   1   4      0.18        12    2.3   0.2    31    46    10    25     4    39 0.72 -
Pdum_DN71181_c3_g1_i2:4-315      -            104 219856at33208        -            395       7.8    2.9   9.9   2   4      0.11       7.4    3.0   0.2    31    45    38    52    32    66 0.70 -
Pdum_DN71181_c3_g1_i2:4-315      -            104 219856at33208        -            395       7.8    2.9   9.9   3   4     0.057       3.7    4.0   0.2    27    54    62    90    56    96 0.71 -
Pdum_DN71181_c3_g1_i2:4-315      -            104 219856at33208        -            395       7.8    2.9   9.9   4   4       1.6     1e+02   -0.8   0.1    27    41    90   104    84   104 0.82 -
#
# Program:         hmmsearch
# Version:         3.1b2 (February 2015)
# Pipeline mode:   SEARCH
# Query file:      /mnt/f/phylo/WORMS/busco_analysis/busco_downloads/lineages/metazoa_odb10/hmms/219856at33208.hmm
# Target file:     /mnt/f/phylo/WORMS/busco_analysis/metazoa_lineage_result/run_metazoa_odb10/metaeuk_output/initial_results/Platynereis_ref.eggnog_filter.nucl.fasta.modified.fas
# Option settings: hmmsearch --domtblout /mnt/f/phylo/WORMS/busco_analysis/metazoa_lineage_result/run_metazoa_odb10/hmmer_output/initial_run_results/219856at33208.out --cpu 1 /mnt/f/phylo/WORMS/busco_analysis/busco_downloads/lineages/metazoa_odb10/hmms/219856at33208.hmm /mnt/f/phylo/WORMS/busco_analysis/metazoa_lineage_result/run_metazoa_odb10/metaeuk_output/initial_results/Platynereis_ref.eggnog_filter.nucl.fasta.modified.fas 
# Current dir:     /mnt/f/phylo/WORMS/busco_analysis
# Date:            Sun Mar 12 20:41:47 2023
# [ok]
