#                                                                                        --- full sequence --- -------------- this domain -------------   hmm coord   ali coord   env coord
# target name                    accession   tlen query name           accession   qlen   E-value  score  bias   #  of  c-Evalue  i-Evalue  score  bias  from    to  from    to  from    to  acc description of target
#            ------------------- ---------- ----- -------------------- ---------- ----- --------- ------ ----- --- --- --------- --------- ------ ----- ----- ----- ----- ----- ----- ----- ---- ---------------------
Pdum_DN77740_c0_g3_i3:100-1476   -            459 222489at33208        -            356  9.7e-204  673.7   3.6   1   2   4.9e-08   1.2e-06   25.4   0.0     1    27     1    27     1    59 0.89 -
Pdum_DN77740_c0_g3_i3:100-1476   -            459 222489at33208        -            356  9.7e-204  673.7   3.6   2   2  2.1e-197  5.1e-196  648.3   1.8    23   356   122   459   113   459 0.98 -
Pdum_DN74150_c0_g1_i3:157-2955   -            933 222489at33208        -            356     3e-57  191.8  10.1   1   5      0.35       8.6    2.8   0.0    73    96    46    69    27    74 0.60 -
Pdum_DN74150_c0_g1_i3:157-2955   -            933 222489at33208        -            356     3e-57  191.8  10.1   2   5   5.9e-28   1.4e-26   90.9   0.5    48   204    63   220    57   230 0.95 -
Pdum_DN74150_c0_g1_i3:157-2955   -            933 222489at33208        -            356     3e-57  191.8  10.1   3   5       4.6   1.1e+02   -0.9   0.1   307   347   274   314   269   323 0.73 -
Pdum_DN74150_c0_g1_i3:157-2955   -            933 222489at33208        -            356     3e-57  191.8  10.1   4   5     1e-13   2.5e-12   44.0   0.1    82   204   396   516   391   528 0.88 -
Pdum_DN74150_c0_g1_i3:157-2955   -            933 222489at33208        -            356     3e-57  191.8  10.1   5   5   5.6e-18   1.4e-16   58.1   0.0    53   203   545   696   533   701 0.83 -
Pdum_DN78086_c1_g1_i5:2830-3705  -            292 222489at33208        -            356   8.2e-55  183.8   3.8   1   3   6.3e-34   1.5e-32  110.5   0.3    46   208     2   166     1   167 0.93 -
Pdum_DN78086_c1_g1_i5:2830-3705  -            292 222489at33208        -            356   8.2e-55  183.8   3.8   2   3     1e-13   2.5e-12   44.0   0.1   159   224   159   224   157   228 0.94 -
Pdum_DN78086_c1_g1_i5:2830-3705  -            292 222489at33208        -            356   8.2e-55  183.8   3.8   3   3   1.7e-13   4.1e-12   43.4   0.0   131   207   215   291   214   292 0.96 -
Pdum_DN88256_c0_g1_i4:512-2926   -            805 222489at33208        -            356   7.8e-53  177.3  41.3   1   5   1.4e-10   3.4e-09   33.7   1.3   107   227    29   151    18   155 0.75 -
Pdum_DN88256_c0_g1_i4:512-2926   -            805 222489at33208        -            356   7.8e-53  177.3  41.3   2   5   7.9e-19   1.9e-17   60.9   4.8    54   232    60   241    46   274 0.50 -
Pdum_DN88256_c0_g1_i4:512-2926   -            805 222489at33208        -            356   7.8e-53  177.3  41.3   3   5   1.8e-06   4.3e-05   20.2   3.9   107   203   314   410   240   421 0.79 -
Pdum_DN88256_c0_g1_i4:512-2926   -            805 222489at33208        -            356   7.8e-53  177.3  41.3   4   5   1.4e-11   3.4e-10   37.0   1.0   129   204   378   458   365   464 0.85 -
Pdum_DN88256_c0_g1_i4:512-2926   -            805 222489at33208        -            356   7.8e-53  177.3  41.3   5   5   3.5e-25   8.7e-24   81.7   1.1    37   206   466   639   459   653 0.91 -
Pdum_DN80129_c0_g2_i7:710-1570   -            287 222489at33208        -            356   8.4e-53  177.2   3.2   1   2   1.4e-40   3.4e-39  132.4   0.5    47   215     2   171     1   180 0.97 -
Pdum_DN80129_c0_g2_i7:710-1570   -            287 222489at33208        -            356   8.4e-53  177.2   3.2   2   2   3.5e-14   8.6e-13   45.6   0.1   100   194   182   280   172   287 0.59 -
Pdum_DN87680_c1_g3_i1:3327-4124  -            266 222489at33208        -            356   1.7e-50  169.6   8.3   1   2   2.1e-37   5.1e-36  122.0   3.7    47   232     3   189     2   201 0.96 -
Pdum_DN87680_c1_g3_i1:3327-4124  -            266 222489at33208        -            356   1.7e-50  169.6   8.3   2   2   5.1e-14   1.2e-12   45.1   0.1   148   204   209   265   204   266 0.91 -
Pdum_DN82012_c2_g2_i1:484-1302   -            273 222489at33208        -            356   1.7e-48  163.0  13.2   1   3   2.1e-21   5.1e-20   69.3   2.8   132   230     3    97     1   101 0.87 -
Pdum_DN82012_c2_g2_i1:484-1302   -            273 222489at33208        -            356   1.7e-48  163.0  13.2   2   3   1.5e-16   3.7e-15   53.4   0.2   148   218    97   165    95   173 0.91 -
Pdum_DN82012_c2_g2_i1:484-1302   -            273 222489at33208        -            356   1.7e-48  163.0  13.2   3   3   3.1e-15   7.6e-14   49.0   0.4   132   209   163   239   162   247 0.80 -
Pdum_DN79110_c0_g1_i7:340-1365   -            342 222489at33208        -            356   4.3e-48  161.7   0.1   1   2     1e-23   2.5e-22   76.9   0.0    46   205    47   208    38   210 0.92 -
Pdum_DN79110_c0_g1_i7:340-1365   -            342 222489at33208        -            356   4.3e-48  161.7   0.1   2   2   8.5e-28   2.1e-26   90.4   0.0    45   238   131   334   130   338 0.86 -
Pdum_DN87134_c2_g1_i3:1621-2460  -            280 222489at33208        -            356   2.1e-46  156.1  33.3   1   3   4.6e-14   1.1e-12   45.2   4.9   148   229    15   102     1   105 0.84 -
Pdum_DN87134_c2_g1_i3:1621-2460  -            280 222489at33208        -            356   2.1e-46  156.1  33.3   2   3   9.2e-32   2.2e-30  103.4  12.0    38   214    33   206    30   218 0.87 -
Pdum_DN87134_c2_g1_i3:1621-2460  -            280 222489at33208        -            356   2.1e-46  156.1  33.3   3   3   1.9e-10   4.8e-09   33.3   1.3   131   203   212   280   208   280 0.66 -
Pdum_DN90586_c2_g3_i4:2166-2804  -            213 222489at33208        -            356   4.6e-42  141.9   0.0   1   2   2.2e-23   5.3e-22   75.9   0.0   128   237     4   115     2   116 0.93 -
Pdum_DN90586_c2_g3_i4:2166-2804  -            213 222489at33208        -            356   4.6e-42  141.9   0.0   2   2   5.7e-21   1.4e-19   67.9   0.0   142   246   103   209   101   213 0.91 -
Pdum_DN75190_c1_g2_i8:1873-2820  -            316 222489at33208        -            356   1.8e-39  133.3  10.3   1   2   1.7e-17   4.2e-16   56.5   0.8   135   221    51   133    38   139 0.87 -
Pdum_DN75190_c1_g2_i8:1873-2820  -            316 222489at33208        -            356   1.8e-39  133.3  10.3   2   2   1.5e-24   3.7e-23   79.7   3.3    64   206   141   281   132   283 0.71 -
Pdum_DN80927_c0_g1_i1:489-1964   -            492 222489at33208        -            356   3.4e-39  132.4   8.2   1   3   1.4e-05   0.00035   17.3   0.0    45    81   143   179   130   195 0.66 -
Pdum_DN80927_c0_g1_i1:489-1964   -            492 222489at33208        -            356   3.4e-39  132.4   8.2   2   3     4e-09   9.9e-08   28.9   0.1   143   238   213   307   202   314 0.91 -
Pdum_DN80927_c0_g1_i1:489-1964   -            492 222489at33208        -            356   3.4e-39  132.4   8.2   3   3   6.4e-32   1.6e-30  103.9   2.5    36   286   230   491   230   492 0.87 -
Pdum_DN91072_c6_g2_i4:11-988     -            326 222489at33208        -            356   7.2e-39  131.4   6.6   1   3     1e-19   2.5e-18   63.8   0.8   130   261    28   160    10   168 0.82 -
Pdum_DN91072_c6_g2_i4:11-988     -            326 222489at33208        -            356   7.2e-39  131.4   6.6   2   3   1.5e-21   3.6e-20   69.9   0.4   127   237   162   272   153   280 0.89 -
Pdum_DN91072_c6_g2_i4:11-988     -            326 222489at33208        -            356   7.2e-39  131.4   6.6   3   3       0.5        12    2.3   0.0   105   160   266   323   260   326 0.50 -
Pdum_DN73138_c0_g1_i1:392-1264   -            291 222489at33208        -            356   4.1e-38  128.9   1.1   1   2   1.2e-27   2.9e-26   89.9   0.9    41   226     1   185     1   195 0.89 -
Pdum_DN73138_c0_g1_i1:392-1264   -            291 222489at33208        -            356   4.1e-38  128.9   1.1   2   2   3.8e-12   9.4e-11   38.9   0.0   142   237   185   284   174   291 0.81 -
Pdum_DN78854_c0_g1_i1:1579-2349  -            257 222489at33208        -            356   2.1e-37  126.5   4.0   1   2    0.0007     0.017   11.7   0.0   173   202     1    30     1    41 0.70 -
Pdum_DN78854_c0_g1_i1:1579-2349  -            257 222489at33208        -            356   2.1e-37  126.5   4.0   2   2   2.6e-35   6.5e-34  115.1   2.2    45   244    40   242    35   257 0.92 -
Pdum_DN84894_c0_g1_i9:97-867     -            257 222489at33208        -            356   9.1e-37  124.4   0.0   1   4       0.7        17    1.8   0.0   211   231     2    22     1    27 0.88 -
Pdum_DN84894_c0_g1_i9:97-867     -            257 222489at33208        -            356   9.1e-37  124.4   0.0   2   4   1.9e-21   4.6e-20   69.5   0.0   104   238    29   165    20   166 0.95 -
Pdum_DN84894_c0_g1_i9:97-867     -            257 222489at33208        -            356   9.1e-37  124.4   0.0   3   4   2.6e-10   6.3e-09   32.9   0.0   148   202   158   213   154   215 0.93 -
Pdum_DN84894_c0_g1_i9:97-867     -            257 222489at33208        -            356   9.1e-37  124.4   0.0   4   4   6.3e-07   1.5e-05   21.7   0.0    38    77   216   255   214   257 0.94 -
Pdum_DN72920_c0_g1_i5:770-1675   -            302 222489at33208        -            356   3.3e-36  122.6   7.5   1   2   1.4e-10   3.5e-09   33.7   0.7   146   248    30   136    18   147 0.79 -
Pdum_DN72920_c0_g1_i5:770-1675   -            302 222489at33208        -            356   3.3e-36  122.6   7.5   2   2   3.3e-28   8.2e-27   91.7   0.9    55   203   150   299   141   301 0.95 -
Pdum_DN92078_c7_g2_i1:2888-3787  -            300 222489at33208        -            356     4e-36  122.3   8.3   1   2   4.3e-21   1.1e-19   68.3   1.2    99   230     2   136     1   137 0.89 -
Pdum_DN92078_c7_g2_i1:2888-3787  -            300 222489at33208        -            356     4e-36  122.3   8.3   2   2   3.6e-19   8.8e-18   62.0   0.6   136   288   126   282   121   295 0.89 -
Pdum_DN76828_c2_g1_i1:4967-5695  -            243 222489at33208        -            356   6.7e-36  121.6   0.1   1   2     3e-18   7.4e-17   58.9   0.0   144   265    11   137     1   141 0.83 -
Pdum_DN76828_c2_g1_i1:4967-5695  -            243 222489at33208        -            356   6.7e-36  121.6   0.1   2   2   6.4e-21   1.6e-19   67.7   0.0    47   203    84   243    82   243 0.94 -
Pdum_DN66431_c0_g1_i1:1561-2364  -            268 222489at33208        -            356   1.1e-33  114.3   3.0   1   2   2.9e-12     7e-11   39.3   0.1   131   228     5   104     1   107 0.84 -
Pdum_DN66431_c0_g1_i1:1561-2364  -            268 222489at33208        -            356   1.1e-33  114.3   3.0   2   2   1.9e-25   4.7e-24   82.6   0.5    43   202    86   240    84   249 0.88 -
Pdum_DN83656_c0_g1_i2:2236-2991  -            252 222489at33208        -            356   1.8e-32  110.3   0.9   1   2   2.2e-08   5.5e-07   26.5   0.0   168   228     1    59     1    63 0.84 -
Pdum_DN83656_c0_g1_i2:2236-2991  -            252 222489at33208        -            356   1.8e-32  110.3   0.9   2   2   3.9e-23   9.5e-22   75.0   0.8    43   202    98   252    96   252 0.93 -
Pdum_DN73504_c1_g7_i2:375-1772   -            466 222489at33208        -            356   4.8e-31  105.6  10.5   1   3   0.00014    0.0034   14.0   0.0   170   212   137   179   131   188 0.88 -
Pdum_DN73504_c1_g7_i2:375-1772   -            466 222489at33208        -            356   4.8e-31  105.6  10.5   2   3   1.2e-23     3e-22   76.7   2.1    47   212   192   356   186   366 0.90 -
Pdum_DN73504_c1_g7_i2:375-1772   -            466 222489at33208        -            356   4.8e-31  105.6  10.5   3   3   8.5e-11   2.1e-09   34.4   0.8   167   292   271   406   270   433 0.78 -
Pdum_DN74356_c1_g1_i1:377-1456   -            360 222489at33208        -            356   9.6e-31  104.6   5.2   1   3   2.4e-14   5.9e-13   46.1   0.2    48   143     1    97     1   120 0.55 -
Pdum_DN74356_c1_g1_i1:377-1456   -            360 222489at33208        -            356   9.6e-31  104.6   5.2   2   3     6e-12   1.5e-10   38.2   0.1    55   203    50   213    47   226 0.79 -
Pdum_DN74356_c1_g1_i1:377-1456   -            360 222489at33208        -            356   9.6e-31  104.6   5.2   3   3   2.3e-11   5.6e-10   36.3   0.1   146   210   257   322   245   330 0.89 -
Pdum_DN80498_c1_g1_i1:1987-2589  -            201 222489at33208        -            356     1e-30  104.6   0.1   1   2   1.6e-09     4e-08   30.2   0.0   174   237     1    67     1    67 0.93 -
Pdum_DN80498_c1_g1_i1:1987-2589  -            201 222489at33208        -            356     1e-30  104.6   0.1   2   2   2.2e-24   5.4e-23   79.1   0.0    42   202    36   201    35   201 0.89 -
Pdum_DN89838_c3_g2_i15:954-1709  -            252 222489at33208        -            356   2.1e-30  103.5   3.4   1   2   1.5e-10   3.7e-09   33.6   0.1   149   233     2    83     1    87 0.80 -
Pdum_DN89838_c3_g2_i15:954-1709  -            252 222489at33208        -            356   2.1e-30  103.5   3.4   2   2   6.3e-23   1.5e-21   74.4   1.0    44   233    62   246    57   252 0.82 -
Pdum_DN84798_c1_g2_i5:993-2768   -            592 222489at33208        -            356   3.5e-30  102.8   1.9   1   4    0.0037     0.091    9.3   0.0   129   201    88   163    17   165 0.73 -
Pdum_DN84798_c1_g2_i5:993-2768   -            592 222489at33208        -            356   3.5e-30  102.8   1.9   2   4   2.8e-17   6.7e-16   55.8   0.1    38   290   167   425   163   440 0.85 -
Pdum_DN84798_c1_g2_i5:993-2768   -            592 222489at33208        -            356   3.5e-30  102.8   1.9   3   4    0.0038     0.092    9.3   0.0    46    80   471   505   465   514 0.90 -
Pdum_DN84798_c1_g2_i5:993-2768   -            592 222489at33208        -            356   3.5e-30  102.8   1.9   4   4   1.7e-07   4.2e-06   23.6   0.5    49   121   518   592   512   592 0.90 -
Pdum_DN85045_c0_g1_i5:248-835    -            196 222489at33208        -            356   2.6e-29   99.9   0.0   1   2   6.3e-06   0.00015   18.4   0.0   136   203     3    70     1    75 0.85 -
Pdum_DN85045_c0_g1_i5:248-835    -            196 222489at33208        -            356   2.6e-29   99.9   0.0   2   2   1.9e-24   4.6e-23   79.3   0.0    43   161    77   196    72   196 0.97 -
Pdum_DN90064_c4_g2_i4:2740-4161  -            474 222489at33208        -            356   6.4e-29   98.6   6.9   1   3   7.2e-10   1.8e-08   31.4   0.1   124   202   132   211   124   228 0.78 -
Pdum_DN90064_c4_g2_i4:2740-4161  -            474 222489at33208        -            356   6.4e-29   98.6   6.9   2   3   1.5e-20   3.7e-19   66.5   2.2    88   213   263   389   257   403 0.85 -
Pdum_DN90064_c4_g2_i4:2740-4161  -            474 222489at33208        -            356   6.4e-29   98.6   6.9   3   3       1.2        30    1.0   0.0    70   121   412   471   403   473 0.70 -
Pdum_DN87178_c0_g1_i10:2619-3539 -            307 222489at33208        -            356   2.7e-28   96.5   1.8   1   3    0.0039     0.096    9.2   0.0   187   206     3    22     1    35 0.85 -
Pdum_DN87178_c0_g1_i10:2619-3539 -            307 222489at33208        -            356   2.7e-28   96.5   1.8   2   3     2e-06     5e-05   20.0   0.0   128   203    39   125    35   166 0.82 -
Pdum_DN87178_c0_g1_i10:2619-3539 -            307 222489at33208        -            356   2.7e-28   96.5   1.8   3   3   2.6e-19   6.3e-18   62.5   0.2   131   239   190   303   160   306 0.88 -
Pdum_DN86522_c0_g3_i4:534-1520   -            329 222489at33208        -            356   9.1e-28   94.8  16.5   1   3   1.3e-13   3.2e-12   43.7   0.6    52   216     2   165     1   167 0.89 -
Pdum_DN86522_c0_g3_i4:534-1520   -            329 222489at33208        -            356   9.1e-28   94.8  16.5   2   3   7.4e-09   1.8e-07   28.1   1.1   153   213   144   207   139   222 0.89 -
Pdum_DN86522_c0_g3_i4:534-1520   -            329 222489at33208        -            356   9.1e-28   94.8  16.5   3   3   1.2e-14   2.9e-13   47.1   1.8    48   204   167   328   166   329 0.91 -
Pdum_DN66770_c0_g1_i1:157-1065   -            303 222489at33208        -            356   1.2e-27   94.5   5.3   1   2     9e-23   2.2e-21   73.8   1.2   124   295     4   182     2   189 0.86 -
Pdum_DN66770_c0_g1_i1:157-1065   -            303 222489at33208        -            356   1.2e-27   94.5   5.3   2   2   5.2e-07   1.3e-05   22.0   0.2    55   202   191   303   185   303 0.45 -
Pdum_DN83588_c0_g2_i13:1452-2396 -            315 222489at33208        -            356   1.2e-27   94.5   0.0   1   3   1.3e-17   3.1e-16   56.9   0.0    61   232     9   187     5   196 0.83 -
Pdum_DN83588_c0_g2_i13:1452-2396 -            315 222489at33208        -            356   1.2e-27   94.5   0.0   2   3      0.35       8.5    2.8   0.0    65    79   200   214   192   231 0.61 -
Pdum_DN83588_c0_g2_i13:1452-2396 -            315 222489at33208        -            356   1.2e-27   94.5   0.0   3   3   2.1e-09     5e-08   29.9   0.0    44   120   238   315   230   315 0.92 -
Pdum_DN71389_c1_g2_i1:359-1099   -            247 222489at33208        -            356     2e-27   93.7  14.6   1   3    0.0013     0.033   10.8   0.1   170   212     3    46     1    51 0.81 -
Pdum_DN71389_c1_g2_i1:359-1099   -            247 222489at33208        -            356     2e-27   93.7  14.6   2   3   6.3e-23   1.5e-21   74.3   4.4   129   285    52   216    46   218 0.89 -
Pdum_DN71389_c1_g2_i1:359-1099   -            247 222489at33208        -            356     2e-27   93.7  14.6   3   3   5.6e-09   1.4e-07   28.5   0.5    48   146   141   241   134   247 0.68 -
Pdum_DN73512_c4_g2_i3:726-1661   -            312 222489at33208        -            356   3.1e-27   93.1   0.0   1   2   5.9e-12   1.4e-10   38.3   0.0    86   206     9   132     3   139 0.89 -
Pdum_DN73512_c4_g2_i3:726-1661   -            312 222489at33208        -            356   3.1e-27   93.1   0.0   2   2   2.7e-15   6.7e-14   49.2   0.0    43   211   137   303   133   307 0.89 -
Pdum_DN74384_c0_g2_i2:99-1367    -            423 222489at33208        -            356   3.6e-27   92.9  14.3   1   4   0.00027    0.0066   13.1   0.1    49    98   103   149   100   157 0.83 -
Pdum_DN74384_c0_g2_i2:99-1367    -            423 222489at33208        -            356   3.6e-27   92.9  14.3   2   4   3.3e-07     8e-06   22.7   1.2   145   204   160   223   155   230 0.85 -
Pdum_DN74384_c0_g2_i2:99-1367    -            423 222489at33208        -            356   3.6e-27   92.9  14.3   3   4   7.5e-09   1.8e-07   28.0   0.5   166   216   253   302   246   306 0.89 -
Pdum_DN74384_c0_g2_i2:99-1367    -            423 222489at33208        -            356   3.6e-27   92.9  14.3   4   4   2.6e-11   6.5e-10   36.1   0.1   140   247   309   422   301   423 0.83 -
Pdum_DN87342_c0_g1_i8:5-2425     -            807 222489at33208        -            356   1.4e-26   90.9   0.0   1   4       4.6   1.1e+02   -0.9   0.0   132   175    54    97    19   120 0.75 -
Pdum_DN87342_c0_g1_i8:5-2425     -            807 222489at33208        -            356   1.4e-26   90.9   0.0   2   4     0.013      0.31    7.6   0.0   126   203   137   216    97   225 0.78 -
Pdum_DN87342_c0_g1_i8:5-2425     -            807 222489at33208        -            356   1.4e-26   90.9   0.0   3   4   2.8e-13   6.9e-12   42.6   0.0    61   214   304   459   291   466 0.89 -
Pdum_DN87342_c0_g1_i8:5-2425     -            807 222489at33208        -            356   1.4e-26   90.9   0.0   4   4   4.9e-11   1.2e-09   35.2   0.0    55   173   468   588   463   595 0.89 -
Pdum_DN84241_c0_g1_i1:2776-3423  -            216 222489at33208        -            356   2.6e-26   90.1   0.4   1   1   3.6e-27   8.9e-26   88.3   0.4    89   284     8   212     2   215 0.82 -
Pdum_DN79208_c0_g1_i2:96-1031    -            312 222489at33208        -            356   2.7e-26   90.0   0.6   1   2   3.3e-18     8e-17   58.8   0.0    64   248     9   198     4   201 0.89 -
Pdum_DN79208_c0_g1_i2:96-1031    -            312 222489at33208        -            356   2.7e-26   90.0   0.6   2   2   2.4e-09   5.9e-08   29.7   0.2    46   141   211   308   201   312 0.85 -
Pdum_DN83588_c0_g2_i13:1293-2279 -            329 222489at33208        -            356   2.8e-25   86.6   0.1   1   2   3.4e-16   8.4e-15   52.2   0.0    48   206     1   177     1   186 0.77 -
Pdum_DN83588_c0_g2_i13:1293-2279 -            329 222489at33208        -            356   2.8e-25   86.6   0.1   2   2   1.1e-09   2.8e-08   30.8   0.0    44   120   199   276   191   292 0.92 -
Pdum_DN89089_c3_g1_i2:1021-1773  -            251 222489at33208        -            356   3.2e-25   86.5   0.1   1   2   2.2e-14   5.3e-13   46.3   0.0    49   170     1   132     1   138 0.84 -
Pdum_DN89089_c3_g1_i2:1021-1773  -            251 222489at33208        -            356   3.2e-25   86.5   0.1   2   2   4.9e-12   1.2e-10   38.5   0.0   139   238   145   249   139   251 0.88 -
Pdum_DN90273_c4_g1_i2:3537-4052  -            172 222489at33208        -            356   1.2e-24   84.5   0.4   1   1   7.5e-26   1.8e-24   84.0   0.4    51   205    10   165     3   171 0.93 -
Pdum_DN92345_c8_g1_i1:3879-4793  -            305 222489at33208        -            356   2.5e-24   83.5   3.1   1   3   1.1e-10   2.6e-09   34.1   0.0   140   215     2    77     1    86 0.87 -
Pdum_DN92345_c8_g1_i1:3879-4793  -            305 222489at33208        -            356   2.5e-24   83.5   3.1   2   3   1.7e-09   4.2e-08   30.1   0.0   136   253   104   232   100   234 0.77 -
Pdum_DN92345_c8_g1_i1:3879-4793  -            305 222489at33208        -            356   2.5e-24   83.5   3.1   3   3   1.9e-08   4.6e-07   26.7   0.2   191   283   210   304   195   305 0.50 -
Pdum_DN87402_c0_g1_i1:93-1976    -            628 222489at33208        -            356   2.6e-24   83.4   0.1   1   3   2.7e-10   6.5e-09   32.8   0.0    27   100   268   342   250   362 0.75 -
Pdum_DN87402_c0_g1_i1:93-1976    -            628 222489at33208        -            356   2.6e-24   83.4   0.1   2   3   1.1e-13   2.8e-12   43.9   0.0   110   238   438   567   414   587 0.88 -
Pdum_DN87402_c0_g1_i1:93-1976    -            628 222489at33208        -            356   2.6e-24   83.4   0.1   3   3      0.27       6.6    3.2   0.0    45    77   596   627   573   628 0.62 -
Pdum_DN77965_c1_g1_i1:1646-2635  -            330 222489at33208        -            356   2.9e-24   83.3   3.2   1   2   2.9e-23   7.1e-22   75.4   1.8    87   292     6   226     2   288 0.77 -
Pdum_DN77965_c1_g1_i1:1646-2635  -            330 222489at33208        -            356   2.9e-24   83.3   3.2   2   2      0.08         2    4.9   0.0   173   203   296   327   243   330 0.64 -
Pdum_DN84814_c0_g2_i1:1505-2083  -            193 222489at33208        -            356     1e-23   81.5   0.0   1   2   2.3e-13   5.5e-12   42.9   0.0   147   249     9   111     6   119 0.91 -
Pdum_DN84814_c0_g2_i1:1505-2083  -            193 222489at33208        -            356     1e-23   81.5   0.0   2   2   1.6e-11   3.9e-10   36.8   0.0    89   162   117   191   110   193 0.79 -
Pdum_DN78454_c0_g1_i4:576-2111   -            512 222489at33208        -            356   1.4e-23   81.0   0.1   1   2   4.6e-20   1.1e-18   64.9   0.1    37   210   200   383   182   385 0.84 -
Pdum_DN78454_c0_g1_i4:576-2111   -            512 222489at33208        -            356   1.4e-23   81.0   0.1   2   2    0.0027     0.066    9.8   0.0   147   243   411   511   393   512 0.59 -
Pdum_DN75651_c0_g1_i1:179-1012   -            278 222489at33208        -            356   1.8e-23   80.7   4.6   1   2   1.1e-18   2.6e-17   60.4   0.8    68   288     8   238     1   244 0.86 -
Pdum_DN75651_c0_g1_i1:179-1012   -            278 222489at33208        -            356   1.8e-23   80.7   4.6   2   2   3.3e-09     8e-08   29.2   0.2    44   118   200   275   196   278 0.93 -
Pdum_DN63925_c0_g1_i1:119-1006   -            296 222489at33208        -            356   5.5e-23   79.1   6.2   1   2   2.1e-13   5.1e-12   43.0   0.0   173   269    34   130    25   133 0.86 -
Pdum_DN63925_c0_g1_i1:119-1006   -            296 222489at33208        -            356   5.5e-23   79.1   6.2   2   2   1.6e-13   3.8e-12   43.4   4.2    39   217   107   285   103   293 0.88 -
Pdum_DN84903_c4_g3_i8:753-1754   -            334 222489at33208        -            356   8.2e-23   78.5   0.0   1   2   1.4e-17   3.5e-16   56.7   0.0    47   244    53   253    42   268 0.86 -
Pdum_DN84903_c4_g3_i8:753-1754   -            334 222489at33208        -            356   8.2e-23   78.5   0.0   2   2   1.2e-08     3e-07   27.3   0.0    51   206   141   300   139   319 0.84 -
Pdum_DN83800_c0_g2_i3:14-562     -            183 222489at33208        -            356   2.5e-22   77.0   0.3   1   1   7.3e-23   1.8e-21   74.1   0.2    71   209    41   178    39   183 0.81 -
Pdum_DN66493_c0_g1_i1:720-1655   -            312 222489at33208        -            356   5.2e-22   75.9   0.0   1   3   4.8e-14   1.2e-12   45.1   0.3    46   167    17   141     9   153 0.87 -
Pdum_DN66493_c0_g1_i1:720-1655   -            312 222489at33208        -            356   5.2e-22   75.9   0.0   2   3       2.7        66   -0.1   0.0    56    81   153   178   150   182 0.87 -
Pdum_DN66493_c0_g1_i1:720-1655   -            312 222489at33208        -            356   5.2e-22   75.9   0.0   3   3   2.5e-08   6.2e-07   26.3   0.0   139   242   200   306   193   309 0.85 -
Pdum_DN83552_c2_g1_i4:337-1659   -            441 222489at33208        -            356   2.2e-21   73.8   0.2   1   3   8.7e-12   2.1e-10   37.7   0.0   167   264    57   158    44   165 0.82 -
Pdum_DN83552_c2_g1_i4:337-1659   -            441 222489at33208        -            356   2.2e-21   73.8   0.2   2   3     0.069       1.7    5.1   0.0   105   164   169   227   161   237 0.71 -
Pdum_DN83552_c2_g1_i4:337-1659   -            441 222489at33208        -            356   2.2e-21   73.8   0.2   3   3   3.6e-10   8.9e-09   32.4   0.0    45   219   190   367   184   391 0.79 -
Pdum_DN78785_c0_g1_i2:534-2834   -            767 222489at33208        -            356   2.4e-21   73.7   1.3   1   2   1.3e-10   3.2e-09   33.8   0.2   146   245    60   166    23   173 0.84 -
Pdum_DN78785_c0_g1_i2:534-2834   -            767 222489at33208        -            356   2.4e-21   73.7   1.3   2   2   7.9e-15   1.9e-13   47.7   0.1    65   242   108   297   104   304 0.80 -
Pdum_DN76096_c0_g1_i2:374-1027   -            218 222489at33208        -            356   3.1e-21   73.3   1.9   1   3   3.1e-07   7.5e-06   22.7   0.1    73   120     3    51     1    64 0.91 -
Pdum_DN76096_c0_g1_i2:374-1027   -            218 222489at33208        -            356   3.1e-21   73.3   1.9   2   3   2.6e-07   6.5e-06   23.0   0.0   179   245    81   148    55   162 0.79 -
Pdum_DN76096_c0_g1_i2:374-1027   -            218 222489at33208        -            356   3.1e-21   73.3   1.9   3   3   2.4e-08   5.8e-07   26.4   0.1   169   220   166   216   160   218 0.89 -
Pdum_DN88892_c3_g1_i1:2670-3179  -            170 222489at33208        -            356   3.1e-21   73.3   1.6   1   2   1.6e-11   3.9e-10   36.8   0.3   111   203    14   106     4   108 0.93 -
Pdum_DN88892_c3_g1_i1:2670-3179  -            170 222489at33208        -            356   3.1e-21   73.3   1.6   2   2   1.1e-11   2.7e-10   37.4   0.0    36    97   107   169   106   170 0.94 -
Pdum_DN85879_c0_g1_i1:230-808    -            193 222489at33208        -            356   5.2e-21   72.6   0.1   1   2     1e-13   2.5e-12   44.0   0.1   148   243     6   100     2   114 0.77 -
Pdum_DN85879_c0_g1_i1:230-808    -            193 222489at33208        -            356   5.2e-21   72.6   0.1   2   2   2.4e-08   5.8e-07   26.4   0.0    52   118   126   193   121   193 0.61 -
Pdum_DN92785_c3_g1_i2:3114-4076  -            321 222489at33208        -            356   1.6e-20   71.0   1.3   1   4      0.42        10    2.6   0.0   150   177     3    30     1    56 0.52 -
Pdum_DN92785_c3_g1_i2:3114-4076  -            321 222489at33208        -            356   1.6e-20   71.0   1.3   2   4     0.051       1.2    5.6   0.0    56   130    51   129    42   147 0.72 -
Pdum_DN92785_c3_g1_i2:3114-4076  -            321 222489at33208        -            356   1.6e-20   71.0   1.3   3   4     0.029      0.71    6.4   0.0   255   322   185   253   177   260 0.68 -
Pdum_DN92785_c3_g1_i2:3114-4076  -            321 222489at33208        -            356   1.6e-20   71.0   1.3   4   4   1.2e-16   2.9e-15   53.7   0.8   132   203   246   317   240   321 0.94 -
Pdum_DN38861_c0_g1_i1:595-1392   -            266 222489at33208        -            356   1.9e-20   70.8   0.0   1   3    0.0035     0.085    9.4   0.0   256   284     1    29     1    40 0.89 -
Pdum_DN38861_c0_g1_i1:595-1392   -            266 222489at33208        -            356   1.9e-20   70.8   0.0   2   3   5.9e-09   1.4e-07   28.4   0.0   123   212    75   165    52   185 0.85 -
Pdum_DN38861_c0_g1_i1:595-1392   -            266 222489at33208        -            356   1.9e-20   70.8   0.0   3   3     2e-09   4.9e-08   29.9   0.0   135   206   187   260   170   266 0.89 -
Pdum_DN88766_c3_g2_i10:292-717   -            142 222489at33208        -            356   2.5e-20   70.4   0.0   1   1   1.1e-21   2.7e-20   70.3   0.0    63   197     4   140     1   142 0.90 -
Pdum_DN73439_c0_g1_i2:1041-1721  -            227 222489at33208        -            356   3.5e-20   69.9   0.4   1   2   6.3e-19   1.5e-17   61.2   0.2    92   212    11   131     2   136 0.93 -
Pdum_DN73439_c0_g1_i2:1041-1721  -            227 222489at33208        -            356   3.5e-20   69.9   0.4   2   2     0.019      0.46    7.0   0.0   215   286   157   227   151   227 0.89 -
Pdum_DN66325_c0_g1_i1:831-1904   -            358 222489at33208        -            356   3.6e-20   69.8   2.8   1   4   5.3e-05    0.0013   15.4   0.0   171   209    27    65    16    73 0.85 -
Pdum_DN66325_c0_g1_i1:831-1904   -            358 222489at33208        -            356   3.6e-20   69.8   2.8   2   4   9.1e-06   0.00022   17.9   0.1    51   118    76   148    71   160 0.75 -
Pdum_DN66325_c0_g1_i1:831-1904   -            358 222489at33208        -            356   3.6e-20   69.8   2.8   3   4     0.037      0.91    6.0   0.0   230   286   248   309   239   316 0.78 -
Pdum_DN66325_c0_g1_i1:831-1904   -            358 222489at33208        -            356   3.6e-20   69.8   2.8   4   4   7.6e-06   0.00019   18.2   0.1   168   202   324   358   319   358 0.97 -
Pdum_DN89990_c3_g2_i4:936-1778   -            281 222489at33208        -            356   4.6e-20   69.5   4.7   1   2   4.9e-13   1.2e-11   41.8   1.3    77   275    20   228     6   233 0.79 -
Pdum_DN89990_c3_g2_i4:936-1778   -            281 222489at33208        -            356   4.6e-20   69.5   4.7   2   2   2.5e-11     6e-10   36.2   0.1   165   283   155   280   155   281 0.81 -
Pdum_DN79406_c0_g1_i1:209-1183   -            325 222489at33208        -            356   7.2e-20   68.9   0.2   1   4   2.4e-14   5.8e-13   46.1   0.0   129   223     6    99     4   122 0.89 -
Pdum_DN79406_c0_g1_i1:209-1183   -            325 222489at33208        -            356   7.2e-20   68.9   0.2   2   4     0.074       1.8    5.0   0.0   177   224   148   195   115   199 0.73 -
Pdum_DN79406_c0_g1_i1:209-1183   -            325 222489at33208        -            356   7.2e-20   68.9   0.2   3   4   0.00027    0.0066   13.1   0.1   135   191   190   245   186   267 0.75 -
Pdum_DN79406_c0_g1_i1:209-1183   -            325 222489at33208        -            356   7.2e-20   68.9   0.2   4   4      0.73        18    1.8   0.0    46    77   281   312   276   321 0.79 -
Pdum_DN83005_c1_g1_i1:16-1335    -            440 222489at33208        -            356   1.4e-19   67.9   1.9   1   2   0.00095     0.023   11.3   0.0    59   104    11    58     3    78 0.74 -
Pdum_DN83005_c1_g1_i1:16-1335    -            440 222489at33208        -            356   1.4e-19   67.9   1.9   2   2   3.9e-17   9.5e-16   55.3   1.0    61   189    81   210    73   221 0.85 -
Pdum_DN75190_c1_g2_i8:2335-2706  -            124 222489at33208        -            356   1.9e-19   67.5   4.1   1   2   2.2e-18   5.4e-17   59.4   0.9   135   221    13    95     4   101 0.87 -
Pdum_DN75190_c1_g2_i8:2335-2706  -            124 222489at33208        -            356   1.9e-19   67.5   4.1   2   2    0.0023     0.055   10.0   0.1   146   166   102   122    93   124 0.77 -
Pdum_DN67795_c0_g1_i2:1517-2137  -            207 222489at33208        -            356     2e-19   67.4   0.1   1   2   3.2e-14     8e-13   45.7   0.1   131   232     1   102     1   148 0.72 -
Pdum_DN67795_c0_g1_i2:1517-2137  -            207 222489at33208        -            356     2e-19   67.4   0.1   2   2   6.5e-06   0.00016   18.4   0.0   157   203   156   207   149   207 0.83 -
Pdum_DN88423_c1_g1_i2:993-1421   -            143 222489at33208        -            356     3e-19   66.8   1.2   1   1   1.5e-20   3.7e-19   66.5   1.2    46   162     8   119     4   128 0.89 -
Pdum_DN92615_c3_g1_i3:1432-2112  -            227 222489at33208        -            356   3.4e-19   66.6   0.6   1   3     6e-10   1.5e-08   31.7   0.0   167   250     5    95     2   109 0.79 -
Pdum_DN92615_c3_g1_i3:1432-2112  -            227 222489at33208        -            356   3.4e-19   66.6   0.6   2   3     0.021      0.51    6.8   0.0   112   169    81   140    75   147 0.69 -
Pdum_DN92615_c3_g1_i3:1432-2112  -            227 222489at33208        -            356   3.4e-19   66.6   0.6   3   3   5.2e-09   1.3e-07   28.6   0.2    44   128   143   227   137   227 0.95 -
Pdum_DN91578_c1_g1_i1:293-997    -            235 222489at33208        -            356   1.1e-18   65.0   0.9   1   2       3.4        84   -0.5   0.0   190   222     7    39     2    54 0.54 -
Pdum_DN91578_c1_g1_i1:293-997    -            235 222489at33208        -            356   1.1e-18   65.0   0.9   2   2   1.4e-19   3.5e-18   63.3   0.6   115   249    99   233    87   235 0.87 -
Pdum_DN80990_c0_g1_i2:150-1607   -            486 222489at33208        -            356   2.8e-18   63.6   1.5   1   2   3.2e-10   7.8e-09   32.6   0.2   170   238   245   316   236   323 0.85 -
Pdum_DN80990_c0_g1_i2:150-1607   -            486 222489at33208        -            356   2.8e-18   63.6   1.5   2   2   8.8e-11   2.1e-09   34.4   0.2    63   169   307   415   304   462 0.82 -
Pdum_DN91312_c3_g1_i1:2567-3481  -            305 222489at33208        -            356     3e-18   63.5   0.0   1   2   9.1e-13   2.2e-11   40.9   0.0    59   206    10   167     1   172 0.77 -
Pdum_DN91312_c3_g1_i1:2567-3481  -            305 222489at33208        -            356     3e-18   63.5   0.0   2   2   7.6e-07   1.9e-05   21.4   0.1   103   242   147   305   137   305 0.74 -
Pdum_DN88147_c0_g1_i1:430-1308   -            293 222489at33208        -            356   3.6e-18   63.3   0.3   1   2   3.6e-09   8.9e-08   29.1   0.1    69   222     3   158     1   162 0.75 -
Pdum_DN88147_c0_g1_i1:430-1308   -            293 222489at33208        -            356   3.6e-18   63.3   0.3   2   2   4.9e-11   1.2e-09   35.2   0.0    89   225   150   290   145   293 0.88 -
Pdum_DN75894_c0_g1_i3:333-1052   -            240 222489at33208        -            356     4e-18   63.1   2.6   1   2   6.1e-15   1.5e-13   48.1   0.1   158   282     2   137     1   142 0.81 -
Pdum_DN75894_c0_g1_i3:333-1052   -            240 222489at33208        -            356     4e-18   63.1   2.6   2   2     9e-05    0.0022   14.6   0.3    45   123   148   230   140   237 0.81 -
Pdum_DN87078_c1_g1_i1:1858-2604  -            249 222489at33208        -            356   5.7e-18   62.6   0.5   1   1   3.3e-19     8e-18   62.1   0.5    64   203   107   249    95   249 0.94 -
Pdum_DN92425_c3_g2_i1:539-1228   -            230 222489at33208        -            356   5.9e-18   62.6   4.3   1   2   1.5e-11   3.7e-10   36.9   0.3   128   263     2   138     1   144 0.83 -
Pdum_DN92425_c3_g2_i1:539-1228   -            230 222489at33208        -            356   5.9e-18   62.6   4.3   2   2   9.6e-11   2.4e-09   34.3   0.4    66   228    67   226    62   230 0.89 -
Pdum_DN92880_c2_g1_i2:4337-5176  -            280 222489at33208        -            356   1.5e-17   61.2   0.3   1   3     0.067       1.6    5.2   0.0   186   211    23    48    10    53 0.75 -
Pdum_DN92880_c2_g1_i2:4337-5176  -            280 222489at33208        -            356   1.5e-17   61.2   0.3   2   3   1.8e-05   0.00045   16.9   0.1    82   178    92   195    57   196 0.79 -
Pdum_DN92880_c2_g1_i2:4337-5176  -            280 222489at33208        -            356   1.5e-17   61.2   0.3   3   3   1.6e-12   3.8e-11   40.1   0.0    43   120   185   272   183   279 0.82 -
Pdum_DN83855_c0_g1_i4:658-1428   -            257 222489at33208        -            356   7.3e-17   59.0   0.2   1   2     1e-07   2.5e-06   24.3   0.1   148   211     8    77     2    85 0.70 -
Pdum_DN83855_c0_g1_i4:658-1428   -            257 222489at33208        -            356   7.3e-17   59.0   0.2   2   2   2.8e-05   0.00069   16.3   0.0    48    82   141   175   137   185 0.89 -
Pdum_DN90079_c2_g2_i8:1469-1858  -            130 222489at33208        -            356   8.3e-17   58.8   0.8   1   2      0.14       3.3    4.2   0.1   159   195     2    39     1    45 0.83 -
Pdum_DN90079_c2_g2_i8:1469-1858  -            130 222489at33208        -            356   8.3e-17   58.8   0.8   2   2     8e-17     2e-15   54.3   0.1   107   189    45   129    36   130 0.89 -
Pdum_DN86525_c0_g1_i1:704-1231   -            176 222489at33208        -            356   1.3e-16   58.1   0.0   1   1   2.3e-17   5.7e-16   56.0   0.0   112   256     3   154     1   166 0.85 -
Pdum_DN63408_c0_g1_i3:4-960      -            319 222489at33208        -            356   1.7e-16   57.7   2.7   1   2   1.1e-14   2.8e-13   47.2   0.2   157   226     2    71     1    77 0.94 -
Pdum_DN63408_c0_g1_i3:4-960      -            319 222489at33208        -            356   1.7e-16   57.7   2.7   2   2    0.0067      0.16    8.5   0.2   105   170    76   143    70   207 0.70 -
Pdum_DN84002_c0_g1_i8:796-1551   -            252 222489at33208        -            356   4.9e-16   56.2   0.2   1   2   0.00079     0.019   11.5   0.0   187   215     8    36     5    41 0.90 -
Pdum_DN84002_c0_g1_i8:796-1551   -            252 222489at33208        -            356   4.9e-16   56.2   0.2   2   2   3.2e-13   7.8e-12   42.4   0.1   130   202    42   115    36   121 0.93 -
Pdum_DN65740_c0_g1_i1:159-803    -            215 222489at33208        -            356     1e-15   55.2   1.0   1   2   4.3e-09   1.1e-07   28.8   0.1   147   217    12    84     3    91 0.81 -
Pdum_DN65740_c0_g1_i1:159-803    -            215 222489at33208        -            356     1e-15   55.2   1.0   2   2     9e-08   2.2e-06   24.5   0.1    89   202    96   215    88   215 0.62 -
Pdum_DN76013_c0_g1_i3:463-1068   -            202 222489at33208        -            356   1.9e-15   54.3   1.9   1   2   1.6e-14     4e-13   46.7   0.5     2   121     9   124     8   127 0.89 -
Pdum_DN76013_c0_g1_i3:463-1068   -            202 222489at33208        -            356   1.9e-15   54.3   1.9   2   2     0.027      0.65    6.5   0.0    47    81   147   182   134   185 0.62 -
Pdum_DN82173_c1_g1_i7:1104-1730  -            209 222489at33208        -            356   2.5e-15   53.9   0.3   1   2   4.4e-12   1.1e-10   38.7   0.4   130   285     5   167     1   170 0.84 -
Pdum_DN82173_c1_g1_i7:1104-1730  -            209 222489at33208        -            356   2.5e-15   53.9   0.3   2   2   6.5e-05    0.0016   15.1   0.0   158   203   163   208   158   209 0.66 -
Pdum_DN78364_c0_g1_i1:226-1314   -            363 222489at33208        -            356     1e-14   51.9   0.0   1   2   1.5e-07   3.6e-06   23.8   0.0   157   228     2    73     1    82 0.86 -
Pdum_DN78364_c0_g1_i1:226-1314   -            363 222489at33208        -            356     1e-14   51.9   0.0   2   2   2.9e-08   7.1e-07   26.1   0.0    72   154    83   166    76   179 0.82 -
Pdum_DN90616_c3_g1_i1:602-1432   -            277 222489at33208        -            356   1.4e-14   51.4   0.0   1   2   1.4e-11   3.4e-10   37.0   0.0   146   277     4   151     1   160 0.76 -
Pdum_DN90616_c3_g1_i1:602-1432   -            277 222489at33208        -            356   1.4e-14   51.4   0.0   2   2   2.7e-06   6.5e-05   19.7   0.0   143   248    58   162    47   232 0.78 -
Pdum_DN71483_c1_g1_i1:599-1228   -            210 222489at33208        -            356   1.7e-14   51.2   0.1   1   2   4.4e-06   0.00011   18.9   0.0   171   215    66   111    57   114 0.69 -
Pdum_DN71483_c1_g1_i1:599-1228   -            210 222489at33208        -            356   1.7e-14   51.2   0.1   2   2   1.3e-09   3.2e-08   30.5   0.1   128   212   115   200   111   208 0.92 -
Pdum_DN88741_c1_g1_i6:2841-3650  -            270 222489at33208        -            356   2.6e-14   50.6   2.3   1   3       4.3   1.1e+02   -0.8   0.0   146   160    18    32     4    53 0.66 -
Pdum_DN88741_c1_g1_i6:2841-3650  -            270 222489at33208        -            356   2.6e-14   50.6   2.3   2   3   3.2e-13   7.8e-12   42.4   2.3   103   238    69   211    16   232 0.82 -
Pdum_DN88741_c1_g1_i6:2841-3650  -            270 222489at33208        -            356   2.6e-14   50.6   2.3   3   3      0.19       4.7    3.7   0.0    50    78   237   265   231   270 0.75 -
Pdum_DN80615_c0_g2_i1:231-1205   -            325 222489at33208        -            356   1.2e-13   48.4   3.0   1   3       0.1       2.5    4.5   0.1   211   250    50    88    40   122 0.78 -
Pdum_DN80615_c0_g2_i1:231-1205   -            325 222489at33208        -            356   1.2e-13   48.4   3.0   2   3   6.7e-10   1.6e-08   31.5   0.0   154   211   132   189   112   200 0.65 -
Pdum_DN80615_c0_g2_i1:231-1205   -            325 222489at33208        -            356   1.2e-13   48.4   3.0   3   3    0.0006     0.015   11.9   0.1    40   119   194   272   191   308 0.71 -
Pdum_DN86637_c0_g1_i2:178-705    -            176 222489at33208        -            356   1.5e-13   48.0   0.2   1   1   8.8e-15   2.1e-13   47.6   0.2   146   244    12   120     2   124 0.83 -
Pdum_DN90581_c4_g3_i1:18-467     -            150 222489at33208        -            356     2e-13   47.6   0.6   1   1   6.6e-14   1.6e-12   44.7   0.6   107   231    11   138     5   148 0.79 -
Pdum_DN84582_c3_g1_i1:332-1036   -            235 222489at33208        -            356   2.2e-13   47.5   0.2   1   1   2.3e-14   5.5e-13   46.2   0.2   115   283     4   176     1   231 0.84 -
Pdum_DN90517_c4_g1_i5:2-985      -            328 222489at33208        -            356     3e-13   47.1   3.0   1   2   2.5e-08   6.2e-07   26.3   0.6   166   243    46   143    38   192 0.76 -
Pdum_DN90517_c4_g1_i5:2-985      -            328 222489at33208        -            356     3e-13   47.1   3.0   2   2   1.5e-06   3.7e-05   20.5   0.1    44   147   203   307   196   326 0.75 -
Pdum_DN74905_c1_g1_i2:2-1102     -            367 222489at33208        -            356   3.3e-13   46.9   0.0   1   1   2.5e-14     6e-13   46.1   0.0    67   210    36   183    16   316 0.82 -
Pdum_DN82224_c0_g1_i1:2783-3526  -            248 222489at33208        -            356   3.4e-13   46.9   1.1   1   3     5e-09   1.2e-07   28.6   0.1   129   203     3    76     1    86 0.69 -
Pdum_DN82224_c0_g1_i1:2783-3526  -            248 222489at33208        -            356   3.4e-13   46.9   1.1   2   3   9.8e-05    0.0024   14.5   0.1   260   340   121   207   104   214 0.74 -
Pdum_DN82224_c0_g1_i1:2783-3526  -            248 222489at33208        -            356   3.4e-13   46.9   1.1   3   3      0.19       4.6    3.7   0.0   101   161   183   247   169   248 0.72 -
Pdum_DN80062_c1_g1_i8:396-980    -            195 222489at33208        -            356   5.9e-13   46.1   1.3   1   2   0.00077     0.019   11.6   0.1   132   164     1    31     1    43 0.83 -
Pdum_DN80062_c1_g1_i8:396-980    -            195 222489at33208        -            356   5.9e-13   46.1   1.3   2   2   2.5e-10   6.2e-09   32.9   0.1    50   170    57   187    35   193 0.79 -
Pdum_DN75461_c3_g1_i3:3415-4074  -            220 222489at33208        -            356   4.2e-12   43.3   0.0   1   2   1.1e-09   2.7e-08   30.8   0.0   172   283    11   126     3   146 0.75 -
Pdum_DN75461_c3_g1_i3:3415-4074  -            220 222489at33208        -            356   4.2e-12   43.3   0.0   2   2    0.0012     0.029   10.9   0.0   146   202   162   220   139   220 0.83 -
Pdum_DN72823_c0_g2_i2:1154-1981  -            276 222489at33208        -            356   5.3e-12   43.0   0.1   1   2   1.3e-10   3.1e-09   33.9   0.0   105   252     9   152     4   180 0.83 -
Pdum_DN72823_c0_g2_i2:1154-1981  -            276 222489at33208        -            356   5.3e-12   43.0   0.1   2   2     0.018      0.45    7.0   0.0    53   102   217   266   191   275 0.73 -
Pdum_DN85054_c1_g3_i7:3145-3996  -            284 222489at33208        -            356   5.5e-12   42.9   0.8   1   2   0.00015    0.0036   13.9   0.0    48   118     3    78     1    87 0.78 -
Pdum_DN85054_c1_g3_i7:3145-3996  -            284 222489at33208        -            356   5.5e-12   42.9   0.8   2   2     4e-08   9.9e-07   25.6   0.1   113   193   198   281   138   284 0.85 -
Pdum_DN84536_c0_g1_i1:2255-2878  -            208 222489at33208        -            356     6e-12   42.8   0.1   1   2   4.5e-06   0.00011   18.9   0.0    53   149     1   106     1   127 0.78 -
Pdum_DN84536_c0_g1_i1:2255-2878  -            208 222489at33208        -            356     6e-12   42.8   0.1   2   2   4.3e-07     1e-05   22.3   0.0   157   208   154   205   142   208 0.91 -
Pdum_DN75371_c0_g2_i4:68-763     -            232 222489at33208        -            356   7.5e-12   42.5   0.2   1   1   3.8e-13   9.4e-12   42.2   0.2    67   256     5   201     1   230 0.84 -
Pdum_DN74464_c0_g1_i5:1442-2167  -            242 222489at33208        -            356   1.1e-11   42.0   0.4   1   1   5.6e-12   1.4e-10   38.3   0.4    87   289     4   231     1   235 0.73 -
Pdum_DN84002_c0_g1_i8:2338-3012  -            225 222489at33208        -            356   1.8e-11   41.2   3.6   1   2     1e-09   2.4e-08   30.9   0.2    44   180     6   151     3   170 0.84 -
Pdum_DN84002_c0_g1_i8:2338-3012  -            225 222489at33208        -            356   1.8e-11   41.2   3.6   2   2     7e-06   0.00017   18.3   0.4    51   164    63   182    55   224 0.63 -
Pdum_DN77673_c0_g1_i3:1295-1852  -            186 222489at33208        -            356   2.3e-11   40.9   0.4   1   1     3e-11   7.3e-10   35.9   0.4   131   286    20   183     6   185 0.52 -
Pdum_DN83655_c1_g1_i2:238-2439   -            734 222489at33208        -            356   5.6e-11   39.6   1.6   1   4   2.1e-07   5.1e-06   23.3   0.0   229   290    22    85    10    96 0.62 -
Pdum_DN83655_c1_g1_i2:238-2439   -            734 222489at33208        -            356   5.6e-11   39.6   1.6   2   4    0.0027     0.066    9.8   0.1   154   244   164   259   154   311 0.73 -
Pdum_DN83655_c1_g1_i2:238-2439   -            734 222489at33208        -            356   5.6e-11   39.6   1.6   3   4       3.7        91   -0.6   0.0   186   205   448   467   423   478 0.68 -
Pdum_DN83655_c1_g1_i2:238-2439   -            734 222489at33208        -            356   5.6e-11   39.6   1.6   4   4       1.1        28    1.1   0.1    53   127   533   607   509   621 0.77 -
Pdum_DN90901_c7_g1_i5:256-1545   -            430 222489at33208        -            356   6.9e-11   39.3   0.1   1   2    0.0003    0.0072   12.9   0.1   185   244    22    89    13    93 0.73 -
Pdum_DN90901_c7_g1_i5:256-1545   -            430 222489at33208        -            356   6.9e-11   39.3   0.1   2   2   1.6e-07   3.9e-06   23.7   0.0   130   260   146   287   104   293 0.83 -
Pdum_DN69263_c0_g1_i1:405-1196   -            264 222489at33208        -            356   8.4e-11   39.0   3.4   1   2   3.6e-07   8.8e-06   22.5   0.1    65   151     4    98     2   124 0.71 -
Pdum_DN69263_c0_g1_i1:405-1196   -            264 222489at33208        -            356   8.4e-11   39.0   3.4   2   2   1.4e-05   0.00035   17.2   0.7    62   160   154   262   146   264 0.74 -
Pdum_DN82853_c0_g1_i2:2495-3019  -            175 222489at33208        -            356   8.9e-11   38.9   0.2   1   1   6.2e-12   1.5e-10   38.2   0.2   130   261     2   139     1   174 0.78 -
Pdum_DN66486_c0_g1_i1:419-1648   -            410 222489at33208        -            356   1.1e-10   38.7   2.2   1   2     0.011      0.26    7.8   0.0   123   179    59   115    52   134 0.76 -
Pdum_DN66486_c0_g1_i1:419-1648   -            410 222489at33208        -            356   1.1e-10   38.7   2.2   2   2   3.9e-08   9.4e-07   25.7   1.2   139   334   158   379   149   387 0.70 -
Pdum_DN57990_c0_g1_i2:33-530     -            166 222489at33208        -            356   1.3e-10   38.4   0.0   1   2   8.3e-05     0.002   14.7   0.0    92   173     5    90     2    95 0.56 -
Pdum_DN57990_c0_g1_i2:33-530     -            166 222489at33208        -            356   1.3e-10   38.4   0.0   2   2     6e-07   1.5e-05   21.8   0.0   137   203    99   165    86   166 0.84 -
Pdum_DN91069_c3_g1_i7:2506-3243  -            246 222489at33208        -            356   2.7e-10   37.3   2.7   1   3   2.2e-05   0.00053   16.7   0.3    41    83    24    70     3    82 0.60 -
Pdum_DN91069_c3_g1_i7:2506-3243  -            246 222489at33208        -            356   2.7e-10   37.3   2.7   2   3     0.003     0.074    9.6   0.1   170   197    88   115    80   121 0.90 -
Pdum_DN91069_c3_g1_i7:2506-3243  -            246 222489at33208        -            356   2.7e-10   37.3   2.7   3   3    0.0023     0.056   10.0   0.0    41   107   169   235   142   240 0.86 -
Pdum_DN70491_c0_g1_i1:1-1254     -            418 222489at33208        -            356   3.7e-10   36.9   0.0   1   1   2.8e-11   6.8e-10   36.0   0.0   123   210   179   270   155   299 0.86 -
Pdum_DN84981_c0_g1_i4:2535-3476  -            314 222489at33208        -            356   4.9e-10   36.5   0.0   1   2   5.9e-11   1.4e-09   35.0   0.0   138   295    71   233    23   275 0.71 -
Pdum_DN84981_c0_g1_i4:2535-3476  -            314 222489at33208        -            356   4.9e-10   36.5   0.0   2   2       4.5   1.1e+02   -0.8   0.0    62   111   256   306   236   313 0.69 -
Pdum_DN71445_c0_g2_i2:766-1509   -            248 222489at33208        -            356     5e-10   36.5   0.1   1   2   9.1e-11   2.2e-09   34.4   0.0    67   214     3   112     1   142 0.49 -
Pdum_DN71445_c0_g2_i2:766-1509   -            248 222489at33208        -            356     5e-10   36.5   0.1   2   2       2.8        68   -0.1   0.0   135   161   218   244   201   248 0.78 -
Pdum_DN84033_c1_g3_i1:1082-1726  -            215 222489at33208        -            356   7.9e-10   35.8   5.9   1   2     0.008       0.2    8.2   0.1    45    82     5    42     1    59 0.79 -
Pdum_DN84033_c1_g3_i1:1082-1726  -            215 222489at33208        -            356   7.9e-10   35.8   5.9   2   2   7.6e-09   1.9e-07   28.0   2.5    41   119    59   139    55   214 0.85 -
Pdum_DN79808_c0_g1_i2:642-4217   -           1192 222489at33208        -            356   8.5e-10   35.7   0.7   1   3   3.1e-09   7.7e-08   29.3   0.1   135   267    20   149    10   169 0.80 -
Pdum_DN79808_c0_g1_i2:642-4217   -           1192 222489at33208        -            356   8.5e-10   35.7   0.7   2   3      0.47        11    2.4   0.1    45    80   263   298   256   350 0.80 -
Pdum_DN79808_c0_g1_i2:642-4217   -           1192 222489at33208        -            356   8.5e-10   35.7   0.7   3   3       2.6        63   -0.0   0.0    49   122   419   492   412   504 0.65 -
Pdum_DN89224_c5_g2_i10:3220-3918 -            233 222489at33208        -            356   1.1e-09   35.3   3.1   1   1   1.4e-10   3.3e-09   33.8   3.0   109   246    63   206    44   213 0.77 -
Pdum_DN78867_c0_g1_i4:315-983    -            223 222489at33208        -            356   1.4e-09   35.1   0.0   1   2       6.5   1.6e+02   -1.4   0.0   202   269     1    68     1    85 0.65 -
Pdum_DN78867_c0_g1_i4:315-983    -            223 222489at33208        -            356   1.4e-09   35.1   0.0   2   2   1.4e-10   3.4e-09   33.7   0.0    39   155    87   203    81   215 0.89 -
Pdum_DN90581_c4_g2_i3:17-301     -             95 222489at33208        -            356   2.6e-09   34.1   0.2   1   2   1.8e-06   4.5e-05   20.2   0.1    46    83    14    51     6    55 0.91 -
Pdum_DN90581_c4_g2_i3:17-301     -             95 222489at33208        -            356   2.6e-09   34.1   0.2   2   2   0.00033     0.008   12.8   0.0   170   206    57    93    51    95 0.92 -
Pdum_DN86351_c0_g1_i1:4485-5351  -            289 222489at33208        -            356   2.6e-09   34.1   0.5   1   2     0.098       2.4    4.6   0.1   268   284    86   102    81   112 0.89 -
Pdum_DN86351_c0_g1_i1:4485-5351  -            289 222489at33208        -            356   2.6e-09   34.1   0.5   2   2   8.9e-08   2.2e-06   24.5   0.0    42   202   113   286   107   287 0.78 -
Pdum_DN89809_c3_g1_i10:6324-7073 -            250 222489at33208        -            356   3.4e-09   33.8   0.5   1   1   8.2e-09     2e-07   27.9   0.5   173   291     1   130     1   170 0.43 -
Pdum_DN83917_c0_g1_i10:2-1282    -            427 222489at33208        -            356   3.8e-09   33.6   0.1   1   2   5.8e-06   0.00014   18.5   0.0   132   211   154   236   140   248 0.83 -
Pdum_DN83917_c0_g1_i10:2-1282    -            427 222489at33208        -            356   3.8e-09   33.6   0.1   2   2   0.00049     0.012   12.2   0.0   138   207   291   361   276   405 0.79 -
Pdum_DN89096_c2_g3_i4:2-1384     -            461 222489at33208        -            356   6.3e-09   32.9   0.3   1   2       4.2     1e+02   -0.7   0.0   105   245    27    43    11    54 0.62 -
Pdum_DN89096_c2_g3_i4:2-1384     -            461 222489at33208        -            356   6.3e-09   32.9   0.3   2   2   1.2e-09   2.9e-08   30.7   0.1    63   276    78   288    71   319 0.77 -
Pdum_DN84963_c1_g1_i6:1317-3311  -            665 222489at33208        -            356   7.4e-09   32.6   0.1   1   2   3.1e-09   7.7e-08   29.3   0.2    97   205    46   156    33   161 0.76 -
Pdum_DN84963_c1_g1_i6:1317-3311  -            665 222489at33208        -            356   7.4e-09   32.6   0.1   2   2       4.1     1e+02   -0.7   0.0   168   200   628   660   601   663 0.68 -
Pdum_DN81583_c1_g1_i3:660-1619   -            320 222489at33208        -            356     8e-09   32.5   0.0   1   4   0.00013    0.0032   14.1   0.0    62   206    71   228    60   242 0.74 -
Pdum_DN81583_c1_g1_i3:660-1619   -            320 222489at33208        -            356     8e-09   32.5   0.0   2   4   1.9e-05   0.00046   16.9   0.0    48   163   151   271   137   275 0.83 -
Pdum_DN81583_c1_g1_i3:660-1619   -            320 222489at33208        -            356     8e-09   32.5   0.0   3   4     0.005      0.12    8.9   0.0   265   293   250   278   246   285 0.84 -
Pdum_DN81583_c1_g1_i3:660-1619   -            320 222489at33208        -            356     8e-09   32.5   0.0   4   4      0.11       2.7    4.5   0.0   126   152   286   312   282   317 0.78 -
Pdum_DN92312_c4_g1_i6:372-914    -            181 222489at33208        -            356   1.1e-08   32.0   0.2   1   2   4.7e-09   1.1e-07   28.7   0.1   136   210    10    90     4   109 0.80 -
Pdum_DN92312_c4_g1_i6:372-914    -            181 222489at33208        -            356   1.1e-08   32.0   0.2   2   2      0.99        24    1.3   0.0   185   204   158   177   148   180 0.76 -
Pdum_DN87538_c0_g1_i11:59-631    -            191 222489at33208        -            356   1.3e-08   31.8   0.2   1   2     5e-09   1.2e-07   28.6   0.1    47   165     3   129     1   137 0.83 -
Pdum_DN87538_c0_g1_i11:59-631    -            191 222489at33208        -            356   1.3e-08   31.8   0.2   2   2       1.3        32    0.9   0.0   150   163   166   179   148   189 0.77 -
Pdum_DN73864_c0_g1_i1:430-1335   -            302 222489at33208        -            356   1.5e-08   31.6   0.0   1   3     0.021      0.53    6.8   0.0   137   209    80   149    30   160 0.71 -
Pdum_DN73864_c0_g1_i1:430-1335   -            302 222489at33208        -            356   1.5e-08   31.6   0.0   2   3    0.0052      0.13    8.8   0.0   136   207   170   242   154   247 0.90 -
Pdum_DN73864_c0_g1_i1:430-1335   -            302 222489at33208        -            356   1.5e-08   31.6   0.0   3   3   0.00028    0.0069   13.0   0.0   124   168   245   289   242   295 0.91 -
Pdum_DN90517_c4_g2_i3:211-1731   -            507 222489at33208        -            356   1.7e-08   31.4   0.9   1   3      0.13       3.2    4.2   0.0   171   252    71   161    50   168 0.72 -
Pdum_DN90517_c4_g2_i3:211-1731   -            507 222489at33208        -            356   1.7e-08   31.4   0.9   2   3   2.2e-05   0.00055   16.6   0.0   126   201   247   327   221   335 0.84 -
Pdum_DN90517_c4_g2_i3:211-1731   -            507 222489at33208        -            356   1.7e-08   31.4   0.9   3   3    0.0058      0.14    8.7   0.6    14    90   320   396   311   409 0.79 -
Pdum_DN89974_c1_g1_i2:3302-3844  -            181 222489at33208        -            356   1.8e-08   31.4   1.2   1   1     8e-10     2e-08   31.2   1.2   148   245     1    97     1   147 0.89 -
Pdum_DN90796_c3_g1_i4:1517-2605  -            363 222489at33208        -            356   2.4e-08   31.0   0.6   1   2   8.8e-07   2.2e-05   21.2   0.2    65   288    22   252     2   259 0.72 -
Pdum_DN90796_c3_g1_i4:1517-2605  -            363 222489at33208        -            356   2.4e-08   31.0   0.6   2   2      0.17       4.1    3.9   0.0   129   161   328   361   290   363 0.71 -
Pdum_DN86294_c0_g1_i3:101-3103   -           1001 222489at33208        -            356   6.2e-08   29.6   0.0   1   2   1.3e-07   3.2e-06   24.0   0.0   104   251    26   171     6   178 0.86 -
Pdum_DN86294_c0_g1_i3:101-3103   -           1001 222489at33208        -            356   6.2e-08   29.6   0.0   2   2      0.54        13    2.2   0.0   176   239   228   292   216   320 0.74 -
Pdum_DN69316_c0_g1_i1:312-956    -            215 222489at33208        -            356   6.4e-08   29.6   0.1   1   1   5.9e-09   1.4e-07   28.4   0.1   148   255    15   136     5   172 0.76 -
Pdum_DN82465_c0_g2_i1:488-1204   -            239 222489at33208        -            356   6.4e-08   29.6   0.0   1   3   0.00046     0.011   12.3   0.0   191   280     3    92     1   104 0.58 -
Pdum_DN82465_c0_g2_i1:488-1204   -            239 222489at33208        -            356   6.4e-08   29.6   0.0   2   3     0.023      0.55    6.7   0.0   211   247   112   149   106   161 0.79 -
Pdum_DN82465_c0_g2_i1:488-1204   -            239 222489at33208        -            356   6.4e-08   29.6   0.0   3   3     0.012       0.3    7.6   0.0   152   203   186   238   153   239 0.63 -
Pdum_DN83063_c0_g1_i6:381-1082   -            234 222489at33208        -            356   7.9e-08   29.2   0.1   1   2    0.0014     0.035   10.7   0.0   188   244     2    59     1    67 0.82 -
Pdum_DN83063_c0_g1_i6:381-1082   -            234 222489at33208        -            356   7.9e-08   29.2   0.1   2   2   0.00011    0.0027   14.3   0.1   123   194   161   233    92   234 0.46 -
Pdum_DN92312_c5_g1_i1:3890-4381  -            164 222489at33208        -            356   8.2e-08   29.2   0.0   1   1   3.8e-09   9.4e-08   29.0   0.0    43   175     2   147     1   164 0.81 -
Pdum_DN89812_c3_g1_i3:2-727      -            242 222489at33208        -            356   9.4e-08   29.0   0.1   1   1   9.9e-09   2.4e-07   27.6   0.1    48   202    50   212    40   214 0.75 -
Pdum_DN92828_c4_g1_i1:1100-1621  -            174 222489at33208        -            356   3.1e-07   27.3   1.3   1   1   6.3e-08   1.5e-06   25.0   1.3   171   334     1   168     1   173 0.78 -
Pdum_DN92435_c3_g1_i6:249-854    -            202 222489at33208        -            356     4e-07   26.9   0.5   1   1   2.4e-08   5.8e-07   26.4   0.5   151   288    29   170    14   191 0.84 -
Pdum_DN88739_c2_g1_i2:407-1549   -            381 222489at33208        -            356     5e-07   26.6   0.1   1   1   6.9e-08   1.7e-06   24.9   0.1    68   156   199   292   190   300 0.81 -
Pdum_DN75082_c2_g3_i2:17-943     -            309 222489at33208        -            356   5.1e-07   26.6   1.9   1   3   4.2e-06    0.0001   19.0   0.5    48   100    15    69     6    91 0.57 -
Pdum_DN75082_c2_g3_i2:17-943     -            309 222489at33208        -            356   5.1e-07   26.6   1.9   2   3       1.7        40    0.6   0.0   316   349   127   160   101   166 0.61 -
Pdum_DN75082_c2_g3_i2:17-943     -            309 222489at33208        -            356   5.1e-07   26.6   1.9   3   3      0.35       8.5    2.8   0.0   129   160   277   308   222   309 0.57 -
Pdum_DN92600_c5_g2_i1:144-365    -             74 222489at33208        -            356   2.3e-06   24.4   0.0   1   1   9.4e-08   2.3e-06   24.4   0.0   139   204     9    74     1    74 0.90 -
Pdum_DN69324_c0_g1_i2:232-1023   -            264 222489at33208        -            356   2.4e-06   24.4   0.2   1   1   1.5e-07   3.7e-06   23.8   0.1   148   234    35   125    24   188 0.78 -
Pdum_DN85858_c0_g1_i11:292-1188  -            299 222489at33208        -            356   7.1e-06   22.8   0.6   1   1   5.4e-07   1.3e-05   21.9   0.1   101   166    96   164    90   243 0.70 -
Pdum_DN70029_c0_g1_i5:236-670    -            145 222489at33208        -            356   7.3e-06   22.8   0.0   1   1   4.2e-06    0.0001   19.0   0.0   146   238    35   141    32   145 0.78 -
Pdum_DN82629_c0_g1_i4:473-2515   -            681 222489at33208        -            356   1.2e-05   22.0   0.1   1   2      0.19       4.6    3.7   0.0    51    81   208   238   191   266 0.79 -
Pdum_DN82629_c0_g1_i4:473-2515   -            681 222489at33208        -            356   1.2e-05   22.0   0.1   2   2   7.5e-05    0.0018   14.9   0.1    48   164   306   436   301   468 0.71 -
Pdum_DN85938_c0_g1_i1:258-608    -            117 222489at33208        -            356   3.7e-05   20.5   0.0   1   1   3.4e-06   8.2e-05   19.3   0.0   132   210     1    81     1   110 0.75 -
Pdum_DN61369_c0_g1_i1:1242-1787  -            182 222489at33208        -            356   4.2e-05   20.3   0.0   1   1   1.6e-05   0.00039   17.1   0.0   118   266     9   171     1   181 0.62 -
Pdum_DN90162_c3_g1_i6:3068-3295  -             76 222489at33208        -            356   5.3e-05   19.9   0.0   1   1   2.3e-06   5.6e-05   19.9   0.0   172   242     2    76     1    76 0.82 -
Pdum_DN79525_c1_g1_i2:759-1442   -            228 222489at33208        -            356   0.00025   17.8   0.0   1   2   4.4e-05    0.0011   15.7   0.0    53   119    48   120    41   141 0.82 -
Pdum_DN79525_c1_g1_i2:759-1442   -            228 222489at33208        -            356   0.00025   17.8   0.0   2   2       3.6        89   -0.5   0.0   132   152   196   217   152   226 0.59 -
Pdum_DN83223_c0_g2_i1:739-1377   -            213 222489at33208        -            356   0.00025   17.7   1.4   1   1   1.4e-05   0.00033   17.3   0.8    39   163    26   157     3   164 0.79 -
Pdum_DN77163_c0_g1_i7:250-627    -            126 222489at33208        -            356   0.00032   17.4   0.0   1   1   1.3e-05   0.00032   17.4   0.0   139   216     2    83     1   119 0.78 -
Pdum_DN77384_c0_g1_i7:393-935    -            181 222489at33208        -            356   0.00046   16.9   0.0   1   1   4.4e-05    0.0011   15.6   0.0    66   161    81   179    54   181 0.62 -
Pdum_DN90254_c2_g1_i7:1612-2445  -            278 222489at33208        -            356   0.00051   16.7   0.1   1   2     0.025      0.62    6.6   0.2   116   204    39   137    20   174 0.56 -
Pdum_DN90254_c2_g1_i7:1612-2445  -            278 222489at33208        -            356   0.00051   16.7   0.1   2   2    0.0056      0.14    8.7   0.1   170   213   196   245   101   277 0.70 -
Pdum_DN74254_c0_g1_i10:1266-1853 -            196 222489at33208        -            356   0.00053   16.7   0.1   1   2   0.00014    0.0035   14.0   0.0    51   172     5   126     2   134 0.89 -
Pdum_DN74254_c0_g1_i10:1266-1853 -            196 222489at33208        -            356   0.00053   16.7   0.1   2   2       1.6        39    0.6   0.0    97   137   131   177   126   195 0.63 -
Pdum_DN55647_c0_g1_i2:33-551     -            173 222489at33208        -            356   0.00085   16.0   0.3   1   2    0.0041       0.1    9.2   0.1   132   217     4    97     1   113 0.50 -
Pdum_DN55647_c0_g1_i2:33-551     -            173 222489at33208        -            356   0.00085   16.0   0.3   2   2     0.065       1.6    5.2   0.0    47    90   121   164   110   171 0.86 -
Pdum_DN70256_c0_g1_i2:778-1377   -            200 222489at33208        -            356    0.0009   15.9   0.1   1   1   0.00016    0.0039   13.8   0.0    51   129   120   199   103   200 0.72 -
Pdum_DN78364_c0_g2_i1:5-400      -            132 222489at33208        -            356    0.0011   15.6   0.0   1   1   5.5e-05    0.0013   15.3   0.0    95   180    40   126    28   131 0.85 -
Pdum_DN74625_c0_g1_i4:613-1299   -            229 222489at33208        -            356    0.0062   13.1   0.0   1   1   0.00034    0.0084   12.7   0.0   106   161     2    56     1    67 0.54 -
Pdum_DN83131_c0_g1_i8:1091-1750  -            220 222489at33208        -            356    0.0099   12.5   0.0   1   2      0.17       4.2    3.8   0.0   267   289    54    76    43    88 0.82 -
Pdum_DN83131_c0_g1_i8:1091-1750  -            220 222489at33208        -            356    0.0099   12.5   0.0   2   2     0.052       1.3    5.5   0.0   122   160   179   217   139   219 0.82 -
Pdum_DN91159_c2_g2_i3:4324-5103  -            260 222489at33208        -            356     0.011   12.4   0.1   1   1    0.0017     0.041   10.5   0.1   151   287    13   161     6   172 0.70 -
Pdum_DN34036_c0_g1_i1:478-1620   -            381 222489at33208        -            356     0.013   12.0   0.0   1   1   0.00081      0.02   11.5   0.0   125   208   181   268   167   298 0.77 -
Pdum_DN90986_c2_g1_i1:3877-4698  -            274 222489at33208        -            356     0.021   11.4   0.1   1   2    0.0047      0.11    9.0   0.0   145   187    90   132    81   158 0.88 -
Pdum_DN90986_c2_g1_i1:3877-4698  -            274 222489at33208        -            356     0.021   11.4   0.1   2   2       2.3        57    0.1   0.1   143   178   187   222   171   259 0.70 -
Pdum_DN87384_c0_g1_i3:1267-1899  -            211 222489at33208        -            356     0.029   11.0   0.0   1   1    0.0015     0.038   10.6   0.0   133   202   142   211   109   211 0.65 -
#
# Program:         hmmsearch
# Version:         3.1b2 (February 2015)
# Pipeline mode:   SEARCH
# Query file:      /mnt/f/phylo/WORMS/busco_analysis/busco_downloads/lineages/metazoa_odb10/hmms/222489at33208.hmm
# Target file:     /mnt/f/phylo/WORMS/busco_analysis/metazoa_lineage_result/run_metazoa_odb10/metaeuk_output/initial_results/Platynereis_ref.eggnog_filter.nucl.fasta.modified.fas
# Option settings: hmmsearch --domtblout /mnt/f/phylo/WORMS/busco_analysis/metazoa_lineage_result/run_metazoa_odb10/hmmer_output/initial_run_results/222489at33208.out --cpu 1 /mnt/f/phylo/WORMS/busco_analysis/busco_downloads/lineages/metazoa_odb10/hmms/222489at33208.hmm /mnt/f/phylo/WORMS/busco_analysis/metazoa_lineage_result/run_metazoa_odb10/metaeuk_output/initial_results/Platynereis_ref.eggnog_filter.nucl.fasta.modified.fas 
# Current dir:     /mnt/f/phylo/WORMS/busco_analysis
# Date:            Sun Mar 12 20:41:48 2023
# [ok]
