#                                                                                         --- full sequence --- -------------- this domain -------------   hmm coord   ali coord   env coord
# target name                     accession   tlen query name           accession   qlen   E-value  score  bias   #  of  c-Evalue  i-Evalue  score  bias  from    to  from    to  from    to  acc description of target
#             ------------------- ---------- ----- -------------------- ---------- ----- --------- ------ ----- --- --- --------- --------- ------ ----- ----- ----- ----- ----- ----- ----- ---- ---------------------
Pdum_DN84559_c0_g1_i1:4859-6706   -            616 234290at33208        -            473    2e-240  796.1  27.6   1   1  7.4e-242  2.3e-240  795.9  27.6     1   473   124   616   124   616 0.97 -
Pdum_DN84156_c0_g1_i7:1070-2623   -            518 234290at33208        -            473   1.5e-67  226.1  29.5   1   3   4.5e-37   1.4e-35  120.7  14.9    34   225     1   200     1   204 0.94 -
Pdum_DN84156_c0_g1_i7:1070-2623   -            518 234290at33208        -            473   1.5e-67  226.1  29.5   2   3   1.8e-12   5.5e-11   39.6   5.3   322   400   182   264   179   274 0.86 -
Pdum_DN84156_c0_g1_i7:1070-2623   -            518 234290at33208        -            473   1.5e-67  226.1  29.5   3   3   3.2e-24   9.9e-23   78.3   0.1    10   177   322   498   315   506 0.87 -
Pdum_DN85923_c1_g1_i5:511-1821    -            437 234290at33208        -            473   2.9e-59  198.8  13.7   1   4   1.4e-12   4.3e-11   40.0   0.8    15   106     2    94     1    95 0.95 -
Pdum_DN85923_c1_g1_i5:511-1821    -            437 234290at33208        -            473   2.9e-59  198.8  13.7   2   4   8.6e-30   2.7e-28   96.7   1.5    17   212    74   278    71   280 0.94 -
Pdum_DN85923_c1_g1_i5:511-1821    -            437 234290at33208        -            473   2.9e-59  198.8  13.7   3   4   1.7e-11   5.4e-10   36.3   0.0    38   108   295   365   282   369 0.82 -
Pdum_DN85923_c1_g1_i5:511-1821    -            437 234290at33208        -            473   2.9e-59  198.8  13.7   4   4   1.7e-14   5.4e-13   46.2   1.1    38   108   364   434   360   437 0.93 -
Pdum_DN86193_c0_g1_i2:3136-4725   -            530 234290at33208        -            473     5e-56  188.1  50.2   1   5   2.5e-22   7.9e-21   72.0   5.9   213   383     2   181     1   184 0.90 -
Pdum_DN86193_c0_g1_i2:3136-4725   -            530 234290at33208        -            473     5e-56  188.1  50.2   2   5   8.4e-13   2.6e-11   40.6   4.0    12   111   142   245   140   247 0.82 -
Pdum_DN86193_c0_g1_i2:3136-4725   -            530 234290at33208        -            473     5e-56  188.1  50.2   3   5   3.6e-12   1.1e-10   38.6   0.9    30   138   185   302   182   304 0.84 -
Pdum_DN86193_c0_g1_i2:3136-4725   -            530 234290at33208        -            473     5e-56  188.1  50.2   4   5   9.4e-11   2.9e-09   33.9   0.6   204   317   232   348   227   351 0.85 -
Pdum_DN86193_c0_g1_i2:3136-4725   -            530 234290at33208        -            473     5e-56  188.1  50.2   5   5     1e-17   3.2e-16   56.9   9.6    30   235   305   527   304   530 0.73 -
Pdum_DN91469_c5_g2_i1:74-1186     -            371 234290at33208        -            473     9e-53  177.4  42.8   1   3   2.4e-20   7.5e-19   65.5  10.1    23   178    20   183     8   184 0.89 -
Pdum_DN91469_c5_g2_i1:74-1186     -            371 234290at33208        -            473     9e-53  177.4  42.8   2   3   2.8e-19   8.7e-18   62.0   9.7    14   155   152   301   147   303 0.91 -
Pdum_DN91469_c5_g2_i1:74-1186     -            371 234290at33208        -            473     9e-53  177.4  42.8   3   3   7.1e-24   2.2e-22   77.2   7.0    18   197   205   369   204   370 0.87 -
Pdum_DN91675_c4_g1_i3:3400-5013   -            538 234290at33208        -            473   1.7e-43  146.8  42.6   1   4   2.4e-09   7.5e-08   29.2   0.3   208   293     6    93     3   101 0.86 -
Pdum_DN91675_c4_g1_i3:3400-5013   -            538 234290at33208        -            473   1.7e-43  146.8  42.6   2   4   2.1e-19   6.4e-18   62.5   6.9   119   315   101   313    95   315 0.86 -
Pdum_DN91675_c4_g1_i3:3400-5013   -            538 234290at33208        -            473   1.7e-43  146.8  42.6   3   4   6.3e-21     2e-19   67.4   9.8   143   380   179   430   173   439 0.83 -
Pdum_DN91675_c4_g1_i3:3400-5013   -            538 234290at33208        -            473   1.7e-43  146.8  42.6   4   4   7.9e-09   2.5e-07   27.5   4.3   117   200   437   524   433   529 0.87 -
Pdum_DN89549_c1_g1_i8:4400-5491   -            364 234290at33208        -            473   1.7e-43  146.8  36.7   1   3   1.1e-17   3.4e-16   56.8   6.0   213   382     2   181     1   187 0.84 -
Pdum_DN89549_c1_g1_i8:4400-5491   -            364 234290at33208        -            473   1.7e-43  146.8  36.7   2   3   4.6e-17   1.4e-15   54.7   8.1   119   293    44   228    43   229 0.62 -
Pdum_DN89549_c1_g1_i8:4400-5491   -            364 234290at33208        -            473   1.7e-43  146.8  36.7   3   3     2e-19   6.1e-18   62.5   6.7    14   198   169   364   169   364 0.85 -
Pdum_DN88145_c1_g2_i1:1609-3027   -            473 234290at33208        -            473   1.4e-42  143.7  28.2   1   3     3e-18   9.3e-17   58.6   8.5   169   361     3   208     1   214 0.87 -
Pdum_DN88145_c1_g2_i1:1609-3027   -            473 234290at33208        -            473   1.4e-42  143.7  28.2   2   3   1.2e-14   3.7e-13   46.7   0.4   206   298   213   307   208   311 0.91 -
Pdum_DN88145_c1_g2_i1:1609-3027   -            473 234290at33208        -            473   1.4e-42  143.7  28.2   3   3   6.7e-16   2.1e-14   50.9   6.0   231   404   286   467   284   471 0.86 -
Pdum_DN92522_c1_g1_i1:6356-7147   -            264 234290at33208        -            473     4e-41  139.0  11.7   1   2   5.6e-18   1.7e-16   57.7   2.4    78   193    13   135     2   137 0.89 -
Pdum_DN92522_c1_g1_i1:6356-7147   -            264 234290at33208        -            473     4e-41  139.0  11.7   2   2   1.1e-25   3.4e-24   83.2   4.2    31   162   128   264   126   264 0.90 -
Pdum_DN91871_c1_g1_i7:3931-4680   -            250 234290at33208        -            473     4e-41  139.0   2.2   1   2   4.6e-16   1.4e-14   51.4   0.0    80   187     1   114     1   115 0.89 -
Pdum_DN91871_c1_g1_i7:3931-4680   -            250 234290at33208        -            473     4e-41  139.0   2.2   2   2   3.5e-27   1.1e-25   88.1   0.9    45   185   105   250   103   250 0.92 -
Pdum_DN88556_c2_g1_i1:264-1802    -            513 234290at33208        -            473   4.9e-37  125.5  28.6   1   4   8.1e-24   2.5e-22   77.0  16.3    40   290     4   273     1   278 0.86 -
Pdum_DN88556_c2_g1_i1:264-1802    -            513 234290at33208        -            473   4.9e-37  125.5  28.6   2   4   1.3e-10   4.1e-09   33.4   0.1   121   231   287   405   282   412 0.80 -
Pdum_DN88556_c2_g1_i1:264-1802    -            513 234290at33208        -            473   4.9e-37  125.5  28.6   3   4     0.029      0.89    5.9   0.2   314   358   415   461   404   465 0.86 -
Pdum_DN88556_c2_g1_i1:264-1802    -            513 234290at33208        -            473   4.9e-37  125.5  28.6   4   4   3.1e-05   0.00096   15.7   0.0    52    92   464   505   462   510 0.88 -
Pdum_DN91875_c1_g1_i1:557-1504    -            316 234290at33208        -            473   7.3e-37  124.9  25.1   1   2   1.3e-23     4e-22   76.3  12.3    12   246     2   252     1   256 0.87 -
Pdum_DN91875_c1_g1_i1:557-1504    -            316 234290at33208        -            473   7.3e-37  124.9  25.1   2   2   2.9e-19   8.9e-18   62.0   4.8    33   204   118   302   112   316 0.84 -
Pdum_DN78698_c0_g1_i1:195-1151    -            319 234290at33208        -            473   1.6e-35  120.5  16.7   1   3   5.8e-14   1.8e-12   44.5   1.4   143   210     3    71     2    74 0.65 -
Pdum_DN78698_c0_g1_i1:195-1151    -            319 234290at33208        -            473   1.6e-35  120.5  16.7   2   3   1.9e-21   5.8e-20   69.2   2.9   339   434    67   163    66   171 0.93 -
Pdum_DN78698_c0_g1_i1:195-1151    -            319 234290at33208        -            473   1.6e-35  120.5  16.7   3   3   1.6e-08   5.1e-07   26.5   0.4   375   445   150   220   147   230 0.78 -
Pdum_DN92571_c4_g1_i1:3831-4814   -            328 234290at33208        -            473   8.4e-35  118.1  14.1   1   2     4e-27   1.2e-25   87.9  11.6    37   252     4   240     1   247 0.85 -
Pdum_DN92571_c4_g1_i1:3831-4814   -            328 234290at33208        -            473   8.4e-35  118.1  14.1   2   2   6.4e-10     2e-08   31.1   0.0   144   188   246   290   240   304 0.64 -
Pdum_DN88721_c1_g1_i8:1846-3393   -            516 234290at33208        -            473   3.3e-32  109.6  24.0   1   4   1.2e-09   3.7e-08   30.3   1.4    27   179    15   184     1   186 0.75 -
Pdum_DN88721_c1_g1_i8:1846-3393   -            516 234290at33208        -            473   3.3e-32  109.6  24.0   2   4   2.5e-11   7.6e-10   35.8   6.8   281   400   182   305   116   307 0.78 -
Pdum_DN88721_c1_g1_i8:1846-3393   -            516 234290at33208        -            473   3.3e-32  109.6  24.0   3   4   1.6e-10     5e-09   33.1   0.1   321   400   292   373   286   383 0.89 -
Pdum_DN88721_c1_g1_i8:1846-3393   -            516 234290at33208        -            473   3.3e-32  109.6  24.0   4   4   5.1e-08   1.6e-06   24.9   1.1   304   400   389   489   375   513 0.69 -
Pdum_DN91223_c8_g3_i5:452-1168    -            239 234290at33208        -            473   6.7e-32  108.6   8.0   1   1   2.5e-33   7.9e-32  108.3   8.0    24   212     4   199     1   231 0.90 -
Pdum_DN85865_c4_g2_i4:452-1258    -            269 234290at33208        -            473   5.6e-30  102.2   2.1   1   1   2.9e-31   8.9e-30  101.6   2.1    14   190    20   205     4   226 0.67 -
Pdum_DN86563_c0_g1_i1:1290-2321   -            344 234290at33208        -            473   8.4e-30  101.6  11.5   1   3     6e-10   1.9e-08   31.2   0.6   116   175    25    84    16    89 0.78 -
Pdum_DN86563_c0_g1_i1:1290-2321   -            344 234290at33208        -            473   8.4e-30  101.6  11.5   2   3   1.3e-10     4e-09   33.4   0.2    46   108    90   152    82   153 0.91 -
Pdum_DN86563_c0_g1_i1:1290-2321   -            344 234290at33208        -            473   8.4e-30  101.6  11.5   3   3   1.8e-17   5.6e-16   56.1   2.5    20   119   133   231   132   236 0.93 -
Pdum_DN88406_c0_g2_i1:4425-5549   -            375 234290at33208        -            473   1.4e-25   87.7  22.7   1   3    0.0002    0.0062   13.0   0.1   209   265     1    60     1    68 0.76 -
Pdum_DN88406_c0_g2_i1:4425-5549   -            375 234290at33208        -            473   1.4e-25   87.7  22.7   2   3   1.3e-18     4e-17   59.8  16.1   206   402    71   276    62   277 0.87 -
Pdum_DN88406_c0_g2_i1:4425-5549   -            375 234290at33208        -            473   1.4e-25   87.7  22.7   3   3   8.3e-10   2.6e-08   30.8   5.8    12   157   218   374   215   375 0.74 -
Pdum_DN77445_c0_g4_i1:354-1061    -            236 234290at33208        -            473   5.9e-25   85.7   2.8   1   1   2.4e-26   7.6e-25   85.3   2.8    10   177    14   186     6   220 0.88 -
Pdum_DN86710_c0_g1_i1:1297-2430   -            378 234290at33208        -            473   1.1e-24   84.7  16.6   1   2   3.1e-18   9.8e-17   58.5   6.7   144   349    26   244    10   246 0.81 -
Pdum_DN86710_c0_g1_i1:1297-2430   -            378 234290at33208        -            473   1.1e-24   84.7  16.6   2   2   1.8e-12   5.8e-11   39.5   2.3    77   317   167   306   158   328 0.48 -
Pdum_DN87468_c0_g2_i3:294-1007    -            238 234290at33208        -            473   9.6e-23   78.4  10.6   1   1   4.5e-24   1.4e-22   77.8  10.6   190   401     2   226     1   236 0.89 -
Pdum_DN91576_c4_g1_i3:2317-3696   -            460 234290at33208        -            473   9.9e-23   78.3  28.9   1   3   1.4e-14   4.5e-13   46.5   3.2    31   179    13   168     7   173 0.83 -
Pdum_DN91576_c4_g1_i3:2317-3696   -            460 234290at33208        -            473   9.9e-23   78.3  28.9   2   3   1.4e-05   0.00044   16.8   1.1   120   180   316   378   313   393 0.85 -
Pdum_DN91576_c4_g1_i3:2317-3696   -            460 234290at33208        -            473   9.9e-23   78.3  28.9   3   3      0.34        11    2.4   0.1   141   183   411   458   384   460 0.62 -
Pdum_DN86762_c0_g2_i7:971-1825    -            285 234290at33208        -            473   1.9e-22   77.4  15.3   1   2   7.3e-07   2.3e-05   21.1   0.0    27   101     4    81     1    86 0.81 -
Pdum_DN86762_c0_g2_i7:971-1825    -            285 234290at33208        -            473   1.9e-22   77.4  15.3   2   2   1.8e-17   5.7e-16   56.0  16.9   197   399    67   284    67   285 0.84 -
Pdum_DN86762_c0_g1_i5:1-633       -            211 234290at33208        -            473   2.3e-22   77.1   1.1   1   1   1.5e-23   4.8e-22   76.1   1.1   153   347     2   208     1   210 0.83 -
Pdum_DN91871_c1_g1_i7:4132-4578   -            149 234290at33208        -            473   3.2e-22   76.6   0.2   1   1   2.6e-23     8e-22   75.3   0.2    22   163     2   148     1   149 0.92 -
Pdum_DN91762_c2_g1_i3:2341-3438   -            366 234290at33208        -            473   2.3e-21   73.8  20.5   1   1     2e-22   6.1e-21   72.4  20.5   116   398    59   366    24   366 0.79 -
Pdum_DN91986_c3_g1_i1:3533-4180   -            216 234290at33208        -            473   8.9e-21   71.9   6.9   1   2   6.2e-10   1.9e-08   31.2   0.7   222   334     1   117     1   120 0.77 -
Pdum_DN91986_c3_g1_i1:3533-4180   -            216 234290at33208        -            473   8.9e-21   71.9   6.9   2   2   2.8e-14   8.8e-13   45.5   1.7    12    95   108   191   101   211 0.87 -
Pdum_DN91375_c2_g1_i5:2925-3452   -            176 234290at33208        -            473     1e-20   71.6  18.1   1   2   1.1e-09   3.6e-08   30.3   2.9   114   186    23    93     6    94 0.65 -
Pdum_DN91375_c2_g1_i5:2925-3452   -            176 234290at33208        -            473     1e-20   71.6  18.1   2   2   9.1e-17   2.8e-15   53.7   7.4   121   212    74   166    72   176 0.93 -
Pdum_DN83423_c0_g1_i3:4390-4932   -            181 234290at33208        -            473   1.5e-20   71.1   2.0   1   1   1.3e-21   4.2e-20   69.7   2.0    15   162     1   158     1   163 0.82 -
Pdum_DN92140_c4_g1_i1:6249-7646   -            466 234290at33208        -            473   2.8e-20   70.2   8.3   1   4   1.6e-10   4.9e-09   33.2   0.9    34   103     1    69     1    73 0.85 -
Pdum_DN92140_c4_g1_i1:6249-7646   -            466 234290at33208        -            473   2.8e-20   70.2   8.3   2   4    0.0012     0.037   10.5   0.0   254   292   164   202   144   224 0.67 -
Pdum_DN92140_c4_g1_i1:6249-7646   -            466 234290at33208        -            473   2.8e-20   70.2   8.3   3   4       1.6        50    0.2   0.1    77   357   295   310   288   320 0.49 -
Pdum_DN92140_c4_g1_i1:6249-7646   -            466 234290at33208        -            473   2.8e-20   70.2   8.3   4   4   6.7e-09   2.1e-07   27.8   0.1   144   395   356   407   349   419 0.56 -
Pdum_DN78378_c1_g3_i5:593-2113    -            507 234290at33208        -            473   2.9e-20   70.2  24.1   1   2   5.5e-19   1.7e-17   61.0  19.5    12   359    30   414    18   418 0.81 -
Pdum_DN78378_c1_g3_i5:593-2113    -            507 234290at33208        -            473   2.9e-20   70.2  24.1   2   2     0.001     0.031   10.7   0.2   204   256   419   471   414   485 0.81 -
Pdum_DN78378_c1_g2_i1:372-2222    -            617 234290at33208        -            473   6.3e-20   69.1  41.0   1   2   1.5e-19   4.6e-18   62.9  32.8    12   447    47   526    38   530 0.77 -
Pdum_DN78378_c1_g2_i1:372-2222    -            617 234290at33208        -            473   6.3e-20   69.1  41.0   2   2   0.00043     0.014   11.9   2.2   209   290   514   597   502   610 0.78 -
Pdum_DN70088_c0_g1_i4:987-2129    -            381 234290at33208        -            473   2.8e-19   66.9  15.2   1   1     8e-19   2.5e-17   60.5  15.2    58   400     3   381     1   381 0.79 -
Pdum_DN85765_c0_g1_i13:2137-3027  -            297 234290at33208        -            473   9.2e-19   65.2   2.3   1   2   5.4e-10   1.7e-08   31.4   0.3    72   160    38   131    10   152 0.64 -
Pdum_DN85765_c0_g1_i13:2137-3027  -            297 234290at33208        -            473   9.2e-19   65.2   2.3   2   2   1.5e-10   4.7e-09   33.2   0.3   191   333   141   293   134   297 0.53 -
Pdum_DN74595_c0_g1_i2:261-1511    -            417 234290at33208        -            473   9.4e-19   65.2   9.2   1   1   2.4e-19   7.4e-18   62.2   9.1    12   154   157   306   147   320 0.70 -
Pdum_DN73431_c0_g1_i2:579-1325    -            249 234290at33208        -            473   2.5e-18   63.8   2.7   1   1   3.9e-16   1.2e-14   51.7   1.3   192   375    52   249    52   249 0.86 -
Pdum_DN76481_c1_g1_i2:2536-3198   -            221 234290at33208        -            473   2.8e-18   63.6   8.7   1   1   5.6e-19   1.7e-17   61.0   8.7   122   292    12   191     7   221 0.86 -
Pdum_DN82535_c0_g1_i3:253-918     -            222 234290at33208        -            473   1.4e-17   61.3   8.5   1   2   1.1e-12   3.4e-11   40.3   1.0    62   178     1   127     1   132 0.80 -
Pdum_DN82535_c0_g1_i3:253-918     -            222 234290at33208        -            473   1.4e-17   61.3   8.5   2   2   3.1e-08   9.8e-07   25.6   2.2    23    99   129   207   109   216 0.85 -
Pdum_DN90193_c5_g1_i9:944-1825    -            294 234290at33208        -            473   2.5e-17   60.5   5.0   1   1   1.3e-18   3.9e-17   59.9   4.9   166   376    42   264    25   292 0.87 -
Pdum_DN88282_c1_g1_i4:924-1898    -            325 234290at33208        -            473   5.7e-17   59.3  17.2   1   3   3.4e-07   1.1e-05   22.2   1.0    54   131    19   102     5   109 0.59 -
Pdum_DN88282_c1_g1_i4:924-1898    -            325 234290at33208        -            473   5.7e-17   59.3  17.2   2   3   1.3e-07   4.1e-06   23.5   1.2    12    91    93   179    90   184 0.81 -
Pdum_DN88282_c1_g1_i4:924-1898    -            325 234290at33208        -            473   5.7e-17   59.3  17.2   3   3   5.5e-08   1.7e-06   24.8   2.0    29   111   192   277   183   283 0.62 -
Pdum_DN78561_c0_g1_i1:1181-2056   -            292 234290at33208        -            473   8.8e-17   58.7  16.3   1   3   5.4e-06   0.00017   18.2   0.2    28   114    24   120    15   125 0.81 -
Pdum_DN78561_c0_g1_i1:1181-2056   -            292 234290at33208        -            473   8.8e-17   58.7  16.3   2   3   3.8e-07   1.2e-05   22.0   0.3   341   426    78   171    73   174 0.84 -
Pdum_DN78561_c0_g1_i1:1181-2056   -            292 234290at33208        -            473   8.8e-17   58.7  16.3   3   3   1.8e-12   5.6e-11   39.6   5.5   189   355   109   291   108   292 0.69 -
Pdum_DN90127_c2_g1_i1:4449-5648   -            400 234290at33208        -            473   1.3e-16   58.1   7.4   1   2     3e-08   9.5e-07   25.6   0.0   326   430    17   128    11   153 0.45 -
Pdum_DN90127_c2_g1_i1:4449-5648   -            400 234290at33208        -            473   1.3e-16   58.1   7.4   2   2   7.8e-11   2.4e-09   34.2   3.3   233   421   154   352   133   388 0.75 -
Pdum_DN88840_c3_g1_i2:2856-3701   -            282 234290at33208        -            473   1.5e-16   57.9  13.7   1   2   6.9e-14   2.1e-12   44.2   9.2   217   382    40   215    24   222 0.85 -
Pdum_DN88840_c3_g1_i2:2856-3701   -            282 234290at33208        -            473   1.5e-16   57.9  13.7   2   2   2.4e-07   7.4e-06   22.7   0.6   168   241   201   280   200   282 0.79 -
Pdum_DN89910_c5_g1_i3:2314-2991   -            226 234290at33208        -            473     2e-16   57.5   5.4   1   1     8e-18   2.5e-16   57.2   5.4   143   353     2   224     1   226 0.85 -
Pdum_DN87210_c0_g1_i4:1265-2329   -            355 234290at33208        -            473     2e-16   57.5   3.8   1   2      0.15       4.7    3.5   0.2    74   121    20    68     1   104 0.41 -
Pdum_DN87210_c0_g1_i4:1265-2329   -            355 234290at33208        -            473     2e-16   57.5   3.8   2   2   2.9e-17   8.9e-16   55.4   0.5    12   241   104   355    92   355 0.84 -
Pdum_DN80006_c0_g1_i7:712-1794    -            361 234290at33208        -            473   3.4e-16   56.8  25.7   1   2   1.1e-07   3.3e-06   23.8   4.1    51   177    22   164     1   165 0.78 -
Pdum_DN80006_c0_g1_i7:712-1794    -            361 234290at33208        -            473   3.4e-16   56.8  25.7   2   2   1.5e-14   4.5e-13   46.5  13.7    14   286    59   360    56   361 0.76 -
Pdum_DN88656_c0_g1_i3:3346-4263   -            306 234290at33208        -            473   6.7e-16   55.8  16.9   1   3       1.2        37    0.6   0.0    81   113    34    66    22    76 0.75 -
Pdum_DN88656_c0_g1_i3:3346-4263   -            306 234290at33208        -            473   6.7e-16   55.8  16.9   2   3   4.4e-12   1.4e-10   38.3   3.2    28   155   100   237    78   239 0.78 -
Pdum_DN88656_c0_g1_i3:3346-4263   -            306 234290at33208        -            473   6.7e-16   55.8  16.9   3   3   8.7e-10   2.7e-08   30.7   5.9    11   137   154   290   143   306 0.48 -
Pdum_DN88413_c1_g3_i5:1730-2284   -            185 234290at33208        -            473     1e-15   55.2  10.0   1   2   2.7e-07   8.4e-06   22.5   0.3   204   253    17    66     1    75 0.77 -
Pdum_DN88413_c1_g3_i5:1730-2284   -            185 234290at33208        -            473     1e-15   55.2  10.0   2   2   1.9e-11     6e-10   36.2   4.6    31   126    74   180    67   185 0.77 -
Pdum_DN71249_c0_g2_i4:114-485     -            124 234290at33208        -            473   2.6e-15   53.8   1.9   1   1     2e-16   6.3e-15   52.6   1.9   281   381    16   121     2   124 0.73 -
Pdum_DN87121_c0_g1_i2:1013-1531   -            173 234290at33208        -            473   1.1e-14   51.8   0.1   1   2   6.2e-08   1.9e-06   24.6   0.0   149   245     4    83     1    99 0.36 -
Pdum_DN87121_c0_g1_i2:1013-1531   -            173 234290at33208        -            473   1.1e-14   51.8   0.1   2   2     4e-10   1.2e-08   31.8   0.0   256   351    72   171    67   173 0.89 -
Pdum_DN91181_c2_g2_i2:1663-2265   -            201 234290at33208        -            473   3.2e-14   50.2  13.3   1   1   1.5e-15   4.7e-14   49.7  13.3   194   362     3   184     1   201 0.78 -
Pdum_DN83304_c0_g1_i7:701-2119    -            473 234290at33208        -            473   3.8e-14   50.0  21.7   1   2   5.6e-07   1.7e-05   21.5   8.2   120   298    28   214    20   287 0.65 -
Pdum_DN83304_c0_g1_i7:701-2119    -            473 234290at33208        -            473   3.8e-14   50.0  21.7   2   2   7.9e-10   2.5e-08   30.9   8.2   252   417   293   470   249   473 0.78 -
Pdum_DN92813_c2_g1_i2:24-689      -            222 234290at33208        -            473   4.5e-14   49.8   7.1   1   1   1.8e-13   5.6e-12   42.9   4.3   189   355    44   222    39   222 0.80 -
Pdum_DN89399_c1_g1_i20:1446-1991  -            182 234290at33208        -            473     1e-13   48.6   5.4   1   1   1.9e-14   6.1e-13   46.0   5.4   209   370     3   173     1   179 0.70 -
Pdum_DN84605_c0_g1_i1:2167-2478   -            104 234290at33208        -            473   1.2e-13   48.4   3.3   1   2    0.0091      0.28    7.6   0.2   147   183     1    38     1    51 0.64 -
Pdum_DN84605_c0_g1_i1:2167-2478   -            104 234290at33208        -            473   1.2e-13   48.4   3.3   2   2   6.7e-15   2.1e-13   47.6   2.2    10    92    21   104    12   104 0.73 -
Pdum_DN41956_c0_g1_i2:698-1324    -            209 234290at33208        -            473   5.4e-13   46.2  10.8   1   2   8.1e-06   0.00025   17.6   0.3   256   317     3    65     1    69 0.81 -
Pdum_DN41956_c0_g1_i2:698-1324    -            209 234290at33208        -            473   5.4e-13   46.2  10.8   2   2   2.6e-11     8e-10   35.7   6.8   118   288    47   208    41   209 0.58 -
Pdum_DN83313_c0_g1_i5:1068-1655   -            196 234290at33208        -            473   9.4e-13   45.4   1.0   1   2   1.1e-10   3.5e-09   33.7   0.1   233   336     2   110     1   117 0.52 -
Pdum_DN83313_c0_g1_i5:1068-1655   -            196 234290at33208        -            473   9.4e-13   45.4   1.0   2   2    0.0015     0.046   10.2   0.1   209   337   141   176   133   193 0.59 -
Pdum_DN91775_c3_g1_i1:3810-4184   -            125 234290at33208        -            473     1e-12   45.3   0.8   1   1   6.5e-14     2e-12   44.3   0.8   146   241    22   123     2   125 0.60 -
Pdum_DN92772_c6_g1_i2:2823-4196   -            458 234290at33208        -            473   1.1e-12   45.2  31.1   1   3    0.0088      0.27    7.6   0.8   212   276     4    71     1    83 0.72 -
Pdum_DN92772_c6_g1_i2:2823-4196   -            458 234290at33208        -            473   1.1e-12   45.2  31.1   2   3   0.00063      0.02   11.4   6.5   203   298    84   181    70   242 0.78 -
Pdum_DN92772_c6_g1_i2:2823-4196   -            458 234290at33208        -            473   1.1e-12   45.2  31.1   3   3   1.7e-11   5.2e-10   36.4  10.3   231   388   297   457   260   458 0.82 -
Pdum_DN67653_c1_g3_i5:63-980      -            306 234290at33208        -            473   1.2e-12   45.1  10.9   1   2      0.18       5.6    3.3   0.0    55    96     3    44     1    62 0.72 -
Pdum_DN67653_c1_g3_i5:63-980      -            306 234290at33208        -            473   1.2e-12   45.1  10.9   2   2   1.8e-12   5.7e-11   39.5  10.8    62   290    53   306    46   306 0.79 -
Pdum_DN83762_c0_g1_i1:334-756     -            141 234290at33208        -            473   1.4e-12   44.8   4.1   1   1   6.1e-14   1.9e-12   44.4   4.1   226   353     3   139     1   141 0.79 -
Pdum_DN91775_c3_g1_i1:5136-5582   -            149 234290at33208        -            473   2.8e-12   43.9   2.7   1   1   2.2e-13   6.9e-12   42.6   2.7    21   152    10   149     2   149 0.58 -
Pdum_DN76457_c1_g1_i1:0-767       -            256 234290at33208        -            473   2.8e-12   43.9  10.0   1   2   8.9e-14   2.8e-12   43.9  10.0   256   451     2   206     1   214 0.89 -
Pdum_DN76457_c1_g1_i1:0-767       -            256 234290at33208        -            473   2.8e-12   43.9  10.0   2   2         1        32    0.8   0.0   213   243   224   254   208   256 0.75 -
Pdum_DN91963_c4_g1_i1:5807-6181   -            125 234290at33208        -            473   3.6e-12   43.5   8.8   1   2   1.6e-06   4.9e-05   20.0   0.2    81   114    20    54    14    58 0.88 -
Pdum_DN91963_c4_g1_i1:5807-6181   -            125 234290at33208        -            473   3.6e-12   43.5   8.8   2   2   2.1e-10   6.5e-09   32.7   3.5   319   398    38   123    37   125 0.83 -
Pdum_DN89132_c0_g1_i3:2343-3002   -            220 234290at33208        -            473   6.3e-12   42.7   9.2   1   1   1.2e-12   3.9e-11   40.1   9.2    62   246     3   205     1   220 0.46 -
Pdum_DN90329_c2_g1_i3:2251-2817   -            189 234290at33208        -            473   1.5e-11   41.4   6.1   1   1   1.2e-11   3.8e-10   36.8   5.0    12   158    27   182    17   184 0.80 -
Pdum_DN71036_c0_g1_i3:509-1393    -            295 234290at33208        -            473   2.4e-11   40.8   5.3   1   2   5.4e-12   1.7e-10   38.0   1.5   211   384     5   195     2   203 0.80 -
Pdum_DN71036_c0_g1_i3:509-1393    -            295 234290at33208        -            473   2.4e-11   40.8   5.3   2   2     0.082       2.5    4.4   0.2    83   276   208   226   194   252 0.51 -
Pdum_DN91283_c2_g3_i4:368-1279    -            304 234290at33208        -            473   5.9e-11   39.5  12.6   1   2    0.0015     0.048   10.1   4.8   303   378     7    94     1    99 0.66 -
Pdum_DN91283_c2_g3_i4:368-1279    -            304 234290at33208        -            473   5.9e-11   39.5  12.6   2   2   7.1e-12   2.2e-10   37.6   3.1    12   146    59   205    52   239 0.78 -
Pdum_DN66154_c1_g1_i7:584-1195    -            204 234290at33208        -            473   6.3e-11   39.4   7.3   1   1   2.3e-12     7e-11   39.2   7.3   217   399     3   202     1   204 0.80 -
Pdum_DN70882_c0_g1_i1:213-572     -            120 234290at33208        -            473   6.4e-11   39.4   1.0   1   2     0.041       1.3    5.4   0.1   212   255    15    60     4    69 0.74 -
Pdum_DN70882_c0_g1_i1:213-572     -            120 234290at33208        -            473   6.4e-11   39.4   1.0   2   2   1.3e-11   4.1e-10   36.7   0.3    17    92    44   120    38   120 0.76 -
Pdum_DN88406_c0_g2_i1:5136-5561   -            142 234290at33208        -            473   1.7e-10   38.0   2.7   1   2   1.2e-05   0.00036   17.1   0.1   208   266     4    65     2    72 0.76 -
Pdum_DN88406_c0_g2_i1:5136-5561   -            142 234290at33208        -            473   1.7e-10   38.0   2.7   2   2   1.1e-06   3.5e-05   20.4   1.2   206   391    75   126    58   142 0.51 -
Pdum_DN84389_c0_g1_i3:1713-2219   -            169 234290at33208        -            473   1.7e-10   37.9   0.1   1   1   7.3e-12   2.3e-10   37.6   0.1   147   337     4   110     1   148 0.52 -
Pdum_DN84936_c0_g4_i3:47-598      -            184 234290at33208        -            473   2.3e-10   37.5   3.7   1   1     2e-11   6.2e-10   36.1   3.3   142   247     8   123     3   148 0.82 -
Pdum_DN70239_c0_g1_i1:1594-2223   -            210 234290at33208        -            473   2.5e-10   37.4   8.1   1   2   0.00056     0.018   11.5   0.8   189   354     3    56     1    67 0.43 -
Pdum_DN70239_c0_g1_i1:1594-2223   -            210 234290at33208        -            473   2.5e-10   37.4   8.1   2   2   1.7e-09   5.4e-08   29.7   1.4   119   206    81   172    72   209 0.41 -
Pdum_DN72094_c0_g2_i1:1021-1449   -            143 234290at33208        -            473   3.1e-10   37.1   2.7   1   2   4.8e-09   1.5e-07   28.3   0.7    12    95    16   100     9   105 0.85 -
Pdum_DN72094_c0_g2_i1:1021-1449   -            143 234290at33208        -            473   3.1e-10   37.1   2.7   2   2    0.0023     0.072    9.5   0.0    75   113   104   143   100   143 0.86 -
Pdum_DN91775_c3_g1_i1:4479-4844   -            122 234290at33208        -            473   4.6e-10   36.6   1.0   1   1   2.6e-11   8.2e-10   35.7   1.0   256   346    27   120     1   122 0.56 -
Pdum_DN87327_c2_g2_i1:23-1717     -            565 234290at33208        -            473   5.8e-10   36.2  16.9   1   4   0.00014    0.0044   13.5   0.7   327   413     2   101     1   113 0.46 -
Pdum_DN87327_c2_g2_i1:23-1717     -            565 234290at33208        -            473   5.8e-10   36.2  16.9   2   4      0.82        25    1.1   0.0    52   112   118   184    87   193 0.60 -
Pdum_DN87327_c2_g2_i1:23-1717     -            565 234290at33208        -            473   5.8e-10   36.2  16.9   3   4      0.02      0.63    6.4   0.1    94   185   204   301   159   310 0.66 -
Pdum_DN87327_c2_g2_i1:23-1717     -            565 234290at33208        -            473   5.8e-10   36.2  16.9   4   4   2.5e-07   7.8e-06   22.6   3.9    14   119   392   501   386   550 0.82 -
Pdum_DN85767_c2_g1_i2:2897-3337   -            147 234290at33208        -            473     1e-09   35.4  13.1   1   2   1.7e-07   5.1e-06   23.2   3.4   135   202    14    80     1    86 0.75 -
Pdum_DN85767_c2_g1_i2:2897-3337   -            147 234290at33208        -            473     1e-09   35.4  13.1   2   2   1.1e-05   0.00036   17.1   2.1   120   175    90   147    82   147 0.84 -
Pdum_DN91576_c4_g1_i3:2980-3495   -            172 234290at33208        -            473   1.3e-09   35.0  10.4   1   3      0.16       4.9    3.5   0.1   116   133    13    30     6    31 0.87 -
Pdum_DN91576_c4_g1_i3:2980-3495   -            172 234290at33208        -            473   1.3e-09   35.0  10.4   2   3   9.7e-09     3e-07   27.3   2.4   106   178    27   100    13   104 0.78 -
Pdum_DN91576_c4_g1_i3:2980-3495   -            172 234290at33208        -            473   1.3e-09   35.0  10.4   3   3    0.0014     0.045   10.2   1.6   111   178   103   168    99   171 0.84 -
Pdum_DN92253_c7_g1_i3:6699-7001   -            101 234290at33208        -            473   1.7e-09   34.7   0.1   1   1   6.4e-11     2e-09   34.4   0.1    65   149     2    95     1   100 0.73 -
Pdum_DN85891_c0_g1_i2:2053-2511   -            153 234290at33208        -            473   2.1e-09   34.4   5.4   1   2   1.9e-05   0.00058   16.4   1.3   367   447     2    87     1    91 0.83 -
Pdum_DN85891_c0_g1_i2:2053-2511   -            153 234290at33208        -            473   2.1e-09   34.4   5.4   2   2   2.2e-07   6.9e-06   22.8   0.5    57   117    75   133    73   151 0.87 -
Pdum_DN80081_c2_g2_i1:505-1170    -            222 234290at33208        -            473   4.3e-09   33.3   7.4   1   2   2.3e-07   7.1e-06   22.7   2.2   323   420     3   110     1   117 0.75 -
Pdum_DN80081_c2_g2_i1:505-1170    -            222 234290at33208        -            473   4.3e-09   33.3   7.4   2   2   0.00012    0.0038   13.8   0.2   342   424   123   207   112   221 0.75 -
Pdum_DN77789_c1_g1_i11:2036-2572  -            179 234290at33208        -            473   8.9e-09   32.3   4.8   1   1     4e-10   1.2e-08   31.8   4.8   215   356     5   155     2   172 0.80 -
Pdum_DN79850_c0_g2_i4:2801-3193   -            131 234290at33208        -            473   1.9e-08   31.2   1.7   1   1   8.7e-10   2.7e-08   30.7   1.7    28   126     7   110     1   116 0.76 -
Pdum_DN71063_c0_g1_i12:4687-5259  -            191 234290at33208        -            473   2.1e-08   31.1   0.2   1   1     0.031      0.96    5.8   0.0   205   245   130   170   123   175 0.88 -
Pdum_DN89484_c2_g1_i1:31-1038     -            336 234290at33208        -            473   4.1e-08   30.1   3.8   1   2    0.0089      0.28    7.6   0.1   205   266    65   126     7   138 0.76 -
Pdum_DN89484_c2_g1_i1:31-1038     -            336 234290at33208        -            473   4.1e-08   30.1   3.8   2   2   1.4e-07   4.4e-06   23.4   0.8   236   336   228   335   197   336 0.67 -
Pdum_DN88908_c2_g2_i1:2753-3388   -            212 234290at33208        -            473   4.4e-08   30.0   2.1   1   1    0.0013     0.041   10.3   0.1   346   401    55   111    45   118 0.90 -
Pdum_DN87210_c0_g1_i4:2156-2596   -            147 234290at33208        -            473   4.6e-08   30.0   4.4   1   1   1.9e-09   5.9e-08   29.6   4.4   123   244     3   126     1   147 0.88 -
Pdum_DN66885_c0_g1_i12:594-1340   -            249 234290at33208        -            473   4.9e-08   29.9  14.1   1   1   1.2e-08   3.7e-07   27.0  14.3   257   421     3   181     1   190 0.80 -
Pdum_DN91112_c3_g1_i1:1869-2600   -            244 234290at33208        -            473   6.3e-08   29.5   2.3   1   1    0.0061      0.19    8.1   0.0   411   453   117   160   112   177 0.86 -
Pdum_DN88203_c1_g2_i4:188-850     -            221 234290at33208        -            473   7.4e-08   29.3   0.2   1   1     3e-09   9.3e-08   28.9   0.2    30   111     6    89     1    98 0.85 -
Pdum_DN88303_c1_g1_i2:2086-2493   -            136 234290at33208        -            473   7.5e-08   29.3   1.3   1   1   4.1e-09   1.3e-07   28.5   1.2    19   132     9   125     1   132 0.80 -
Pdum_DN89381_c1_g1_i5:34-936      -            301 234290at33208        -            473   8.8e-08   29.0   9.1   1   1   0.00033      0.01   12.3   0.8   383   448    14    78     4    87 0.76 -
Pdum_DN91306_c4_g1_i1:4747-5205   -            153 234290at33208        -            473   1.1e-07   28.7   4.8   1   1   4.1e-09   1.3e-07   28.5   4.8   329   422     3   101     1   106 0.83 -
Pdum_DN92789_c3_g1_i1:14856-15131 -             92 234290at33208        -            473   1.4e-07   28.3   2.9   1   1   5.1e-09   1.6e-07   28.2   2.9   334   415     6    92     1    92 0.78 -
Pdum_DN85774_c0_g1_i6:1104-1688   -            195 234290at33208        -            473   1.6e-07   28.2   7.3   1   1   9.9e-09   3.1e-07   27.2   7.3   203   304    74   180     1   187 0.77 -
Pdum_DN92813_c3_g1_i9:2042-2491   -            150 234290at33208        -            473   2.2e-07   27.7   3.8   1   1   2.4e-08   7.6e-07   25.9   3.9    15    95     3    86     1   109 0.54 -
Pdum_DN72493_c0_g2_i3:16-435      -            140 234290at33208        -            473   2.6e-07   27.5   2.2   1   2    0.0001    0.0032   14.0   0.2    96   169     5    77     3    82 0.82 -
Pdum_DN72493_c0_g2_i3:16-435      -            140 234290at33208        -            473   2.6e-07   27.5   2.2   2   2   7.5e-05    0.0023   14.4   0.3    32    86    78   133    64   140 0.56 -
Pdum_DN82557_c0_g2_i3:1284-1808   -            175 234290at33208        -            473   3.2e-07   27.2   9.5   1   1   9.9e-08   3.1e-06   23.9   4.3    62   140     5    85     1   101 0.45 -
Pdum_DN76106_c0_g2_i1:1212-1994   -            261 234290at33208        -            473   4.2e-07   26.8  12.9   1   3      0.12       3.6    3.9   0.2    65   114     9    59     2    67 0.66 -
Pdum_DN76106_c0_g2_i1:1212-1994   -            261 234290at33208        -            473   4.2e-07   26.8  12.9   2   3   0.00016    0.0049   13.4   4.4   163   246    44   142    23   151 0.76 -
Pdum_DN76106_c0_g2_i1:1212-1994   -            261 234290at33208        -            473   4.2e-07   26.8  12.9   3   3   2.1e-05   0.00066   16.2   1.4    14   109   160   259   157   261 0.77 -
Pdum_DN73711_c2_g4_i7:642-1112    -            157 234290at33208        -            473   4.5e-07   26.7   1.9   1   1   2.1e-08   6.4e-07   26.2   1.1     7    91    35   125    29   144 0.80 -
Pdum_DN76752_c0_g2_i5:2080-3639   -            520 234290at33208        -            473   5.8e-07   26.3  16.2   1   3   0.00055     0.017   11.6   0.4   341   400     5    67     2    90 0.65 -
Pdum_DN76752_c0_g2_i5:2080-3639   -            520 234290at33208        -            473   5.8e-07   26.3  16.2   2   3      0.99        31    0.9   2.7    32   125    86   186    78   301 0.59 -
Pdum_DN76752_c0_g2_i5:2080-3639   -            520 234290at33208        -            473   5.8e-07   26.3  16.2   3   3   8.9e-07   2.8e-05   20.8   1.4    57   182   386   518   362   520 0.82 -
Pdum_DN69949_c0_g1_i4:629-1066    -            146 234290at33208        -            473     6e-07   26.3   0.8   1   1   2.4e-08   7.6e-07   25.9   0.8    60   150    34   136    20   141 0.70 -
Pdum_DN76421_c3_g1_i1:1060-1656   -            199 234290at33208        -            473   6.7e-07   26.1   7.1   1   1   6.3e-08     2e-06   24.6   7.1   205   351    21   167     1   176 0.82 -
Pdum_DN77973_c0_g1_i2:2358-2870   -            171 234290at33208        -            473   7.4e-07   26.0   3.0   1   1   3.3e-08     1e-06   25.5   3.0   257   378     6    83     1   121 0.43 -
Pdum_DN88448_c1_g2_i2:786-1367    -            194 234290at33208        -            473   1.2e-06   25.3   2.2   1   1   6.9e-08   2.1e-06   24.4   2.2   255   398    41   193    12   194 0.77 -
Pdum_DN77199_c0_g1_i3:1160-1570   -            137 234290at33208        -            473   1.3e-06   25.2   3.7   1   1   5.3e-08   1.6e-06   24.8   3.7    63   152     5    98     1   118 0.59 -
Pdum_DN78378_c1_g1_i1:347-766     -            140 234290at33208        -            473   1.3e-06   25.1   3.1   1   1     5e-08   1.5e-06   24.9   3.1    13   132     4   138     1   140 0.76 -
Pdum_DN91221_c0_g1_i5:6867-7259   -            131 234290at33208        -            473   1.5e-06   25.0   0.2   1   1   1.2e-05   0.00038   17.0   0.1   192   245     1    56     1    61 0.88 -
Pdum_DN68362_c1_g1_i7:313-864     -            184 234290at33208        -            473   2.2e-06   24.4  11.9   1   1   3.2e-06   9.8e-05   19.0  11.7   259   402     2   162     1   183 0.61 -
Pdum_DN60718_c0_g1_i1:294-905     -            204 234290at33208        -            473   3.6e-06   23.7   4.3   1   1   1.4e-07   4.4e-06   23.4   4.3   320   394    18    94     2   134 0.79 -
Pdum_DN83304_c0_g1_i7:1439-1807   -            123 234290at33208        -            473   5.3e-06   23.2   0.4   1   1   3.3e-07     1e-05   22.2   0.4    41   135     5   105     1   121 0.48 -
Pdum_DN88387_c0_g1_i9:2413-3072   -            220 234290at33208        -            473   6.2e-06   22.9   0.1   1   1   3.6e-07   1.1e-05   22.1   0.1    33   160    70   210    59   220 0.77 -
Pdum_DN67653_c1_g1_i1:224-472     -             83 234290at33208        -            473   7.4e-06   22.7   0.2   1   1   3.1e-07   9.5e-06   22.3   0.2   210   288     2    82     1    83 0.60 -
Pdum_DN79188_c0_g1_i3:6775-7896   -            374 234290at33208        -            473   7.9e-06   22.6  11.2   1   3   6.3e-05     0.002   14.7   0.8    34   181     5   151     1   168 0.75 -
Pdum_DN79188_c0_g1_i3:6775-7896   -            374 234290at33208        -            473   7.9e-06   22.6  11.2   2   3    0.0015     0.046   10.2   1.6   275   355   231   313   223   337 0.75 -
Pdum_DN79188_c0_g1_i3:6775-7896   -            374 234290at33208        -            473   7.9e-06   22.6  11.2   3   3      0.26       7.9    2.8   0.1   329   358   331   361   318   371 0.71 -
Pdum_DN83849_c0_g1_i1:967-1686    -            240 234290at33208        -            473   1.1e-05   22.0   1.4   1   1     5e-07   1.6e-05   21.6   1.4    54   167   100   221    39   236 0.66 -
Pdum_DN78432_c0_g2_i1:2540-3076   -            179 234290at33208        -            473   1.4e-05   21.8   1.9   1   2   8.6e-06   0.00027   17.5   0.2   341   396    18    76     2    93 0.69 -
Pdum_DN78432_c0_g2_i1:2540-3076   -            179 234290at33208        -            473   1.4e-05   21.8   1.9   2   2       0.1       3.2    4.1   0.1    29    86    96   151    84   165 0.75 -
Pdum_DN88908_c2_g2_i1:3896-4420   -            175 234290at33208        -            473   2.9e-05   20.7   0.1   1   1   2.3e-06   7.2e-05   19.4   0.1   240   393     2   170     1   172 0.69 -
Pdum_DN76175_c3_g2_i1:363-941     -            193 234290at33208        -            473     3e-05   20.7  13.3   1   2    0.0003    0.0094   12.4   3.5   334   403    10    77     2    95 0.48 -
Pdum_DN76175_c3_g2_i1:363-941     -            193 234290at33208        -            473     3e-05   20.7  13.3   2   2   0.00012    0.0037   13.8   2.3    51   113   126   193   112   193 0.79 -
Pdum_DN66154_c1_g1_i7:1832-2302   -            157 234290at33208        -            473   4.3e-05   20.2   5.9   1   1   7.4e-06   0.00023   17.8   5.9   144   286     2   154     1   157 0.42 -
Pdum_DN68102_c1_g1_i3:107-475     -            123 234290at33208        -            473   8.7e-05   19.2   2.5   1   1   3.4e-06    0.0001   18.9   2.5    15   106     4    95     1   121 0.68 -
Pdum_DN86057_c1_g1_i13:2487-3062  -            192 234290at33208        -            473   0.00012   18.7   2.6   1   2   3.8e-05    0.0012   15.4   0.5   363   421    24    89     2   124 0.70 -
Pdum_DN86057_c1_g1_i13:2487-3062  -            192 234290at33208        -            473   0.00012   18.7   2.6   2   2      0.05       1.6    5.1   0.3   221   288    97   168    72   192 0.49 -
Pdum_DN70847_c1_g1_i3:1561-2280   -            240 234290at33208        -            473   0.00019   18.1   5.2   1   2      0.78        24    1.2   0.0   123   157    23    57    17    63 0.82 -
Pdum_DN70847_c1_g1_i3:1561-2280   -            240 234290at33208        -            473   0.00019   18.1   5.2   2   2   1.7e-05   0.00053   16.5   5.1    13   141    46   177    41   187 0.63 -
Pdum_DN86057_c1_g1_i13:1203-1745  -            181 234290at33208        -            473   0.00023   17.8   0.1   1   1   1.1e-05   0.00034   17.2   0.1    54   114    25    86     2   154 0.75 -
Pdum_DN90366_c4_g1_i2:247-1116    -            290 234290at33208        -            473   0.00032   17.3   3.8   1   2   2.5e-05   0.00078   16.0   0.1   236   294     8    66     1    86 0.73 -
Pdum_DN90366_c4_g1_i2:247-1116    -            290 234290at33208        -            473   0.00032   17.3   3.8   2   2      0.63        20    1.5   0.6   208   338   151   272   127   290 0.50 -
Pdum_DN91260_c5_g1_i3:3699-4226   -            176 234290at33208        -            473    0.0008   16.0   1.5   1   2    0.0083      0.26    7.7   0.2    80   135     3    63     1    66 0.58 -
Pdum_DN91260_c5_g1_i3:3699-4226   -            176 234290at33208        -            473    0.0008   16.0   1.5   2   2    0.0039      0.12    8.8   0.1   348   411    52   119    48   123 0.78 -
Pdum_DN71851_c1_g1_i3:1473-1847   -            125 234290at33208        -            473    0.0026   14.3   1.6   1   1    0.0001    0.0032   14.0   1.6   329   414     3    92     1   103 0.66 -
Pdum_DN76752_c0_g2_i5:2755-3642   -            296 234290at33208        -            473    0.0032   14.0   7.9   1   3   0.00023    0.0072   12.8   0.4   341   400     6    68     3    89 0.66 -
Pdum_DN76752_c0_g2_i5:2755-3642   -            296 234290at33208        -            473    0.0032   14.0   7.9   2   3      0.17       5.4    3.3   0.3    29   125    84   187    74   200 0.66 -
Pdum_DN76752_c0_g2_i5:2755-3642   -            296 234290at33208        -            473    0.0032   14.0   7.9   3   3       1.8        56    0.0   0.1   283   306   208   231   197   265 0.63 -
#
# Program:         hmmsearch
# Version:         3.1b2 (February 2015)
# Pipeline mode:   SEARCH
# Query file:      /mnt/f/phylo/WORMS/busco_analysis/busco_downloads/lineages/metazoa_odb10/hmms/234290at33208.hmm
# Target file:     /mnt/f/phylo/WORMS/busco_analysis/metazoa_lineage_result/run_metazoa_odb10/metaeuk_output/initial_results/Platynereis_ref.eggnog_filter.nucl.fasta.modified.fas
# Option settings: hmmsearch --domtblout /mnt/f/phylo/WORMS/busco_analysis/metazoa_lineage_result/run_metazoa_odb10/hmmer_output/initial_run_results/234290at33208.out --cpu 1 /mnt/f/phylo/WORMS/busco_analysis/busco_downloads/lineages/metazoa_odb10/hmms/234290at33208.hmm /mnt/f/phylo/WORMS/busco_analysis/metazoa_lineage_result/run_metazoa_odb10/metaeuk_output/initial_results/Platynereis_ref.eggnog_filter.nucl.fasta.modified.fas 
# Current dir:     /mnt/f/phylo/WORMS/busco_analysis
# Date:            Sun Mar 12 20:41:49 2023
# [ok]
