#                                                                                        --- full sequence --- -------------- this domain -------------   hmm coord   ali coord   env coord
# target name                    accession   tlen query name           accession   qlen   E-value  score  bias   #  of  c-Evalue  i-Evalue  score  bias  from    to  from    to  from    to  acc description of target
#            ------------------- ---------- ----- -------------------- ---------- ----- --------- ------ ----- --- --- --------- --------- ------ ----- ----- ----- ----- ----- ----- ----- ---- ---------------------
Pdum_DN78364_c0_g1_i1:226-1314   -            363 235430at33208        -            372  9.8e-101  335.2   4.0   1   2   1.2e-86   2.8e-85  284.4   0.2   116   289     2   177     1   186 0.96 -
Pdum_DN78364_c0_g1_i1:226-1314   -            363 235430at33208        -            372  9.8e-101  335.2   4.0   2   2   4.9e-16   1.2e-14   51.9   0.1   276   357   210   308   201   316 0.80 -
Pdum_DN87134_c2_g1_i3:1621-2460  -            280 235430at33208        -            372   2.7e-46  156.1   9.9   1   2   1.6e-33     4e-32  109.4   4.4    69   259    11   210     6   216 0.84 -
Pdum_DN87134_c2_g1_i3:1621-2460  -            280 235430at33208        -            372   2.7e-46  156.1   9.9   2   2   7.7e-15   1.9e-13   48.0   0.3   104   162   224   280   211   280 0.90 -
Pdum_DN92078_c7_g2_i1:2888-3787  -            300 235430at33208        -            372   3.1e-43  146.0   3.6   1   2   6.5e-29   1.6e-27   94.3   1.3    68   246     5   195     2   196 0.86 -
Pdum_DN92078_c7_g2_i1:2888-3787  -            300 235430at33208        -            372   3.1e-43  146.0   3.6   2   2   2.9e-18     7e-17   59.3   0.0   137   286   126   279   126   294 0.85 -
Pdum_DN80129_c0_g2_i7:710-1570   -            287 235430at33208        -            372   4.2e-39  132.4   0.1   1   2   1.2e-31   2.8e-30  103.3   0.0    60   253     7   211     4   218 0.88 -
Pdum_DN80129_c0_g2_i7:710-1570   -            287 235430at33208        -            372   4.2e-39  132.4   0.1   2   2   9.4e-08   2.3e-06   24.7   0.0    96   153   223   280   209   287 0.85 -
Pdum_DN74150_c0_g1_i3:157-2955   -            933 235430at33208        -            372   5.3e-39  132.1   9.1   1   5      0.45        11    2.7   0.0   192   232    42    81    26    83 0.73 -
Pdum_DN74150_c0_g1_i3:157-2955   -            933 235430at33208        -            372   5.3e-39  132.1   9.1   2   5   3.7e-17   8.9e-16   55.6   0.1    72   204    79   222    75   235 0.89 -
Pdum_DN74150_c0_g1_i3:157-2955   -            933 235430at33208        -            372   5.3e-39  132.1   9.1   3   5   2.4e-05   0.00059   16.7   0.0   208   283   398   471   390   472 0.91 -
Pdum_DN74150_c0_g1_i3:157-2955   -            933 235430at33208        -            372   5.3e-39  132.1   9.1   4   5   9.9e-11   2.4e-09   34.5   0.2   117   243   470   611   468   614 0.79 -
Pdum_DN74150_c0_g1_i3:157-2955   -            933 235430at33208        -            372   5.3e-39  132.1   9.1   5   5   5.1e-13   1.2e-11   42.0   0.0   137   286   545   697   523   728 0.86 -
Pdum_DN78364_c0_g2_i1:5-400      -            132 235430at33208        -            372   1.6e-37  127.2   0.1   1   1   8.5e-39   2.1e-37  126.8   0.1     4   105    20   126    18   131 0.92 -
Pdum_DN78854_c0_g1_i1:1579-2349  -            257 235430at33208        -            372   2.2e-34  116.9   4.7   1   1   2.6e-35   6.2e-34  115.4   4.7    58   292     3   248     1   253 0.89 -
Pdum_DN88256_c0_g1_i4:512-2926   -            805 235430at33208        -            372   5.6e-34  115.5  16.7   1   4     0.019      0.47    7.2   0.0   238   281    35    80    20    99 0.79 -
Pdum_DN88256_c0_g1_i4:512-2926   -            805 235430at33208        -            372   5.6e-34  115.5  16.7   2   4   5.5e-12   1.3e-10   38.6   1.9   146   270   111   239   102   248 0.80 -
Pdum_DN88256_c0_g1_i4:512-2926   -            805 235430at33208        -            372   5.6e-34  115.5  16.7   3   4   4.9e-06   0.00012   19.0   3.9   126   282   290   454   284   457 0.72 -
Pdum_DN88256_c0_g1_i4:512-2926   -            805 235430at33208        -            372   5.6e-34  115.5  16.7   4   4   6.6e-18   1.6e-16   58.1   0.0   107   292   444   642   441   663 0.82 -
Pdum_DN78086_c1_g1_i5:2830-3705  -            292 235430at33208        -            372   1.7e-33  113.9   0.5   1   3   8.2e-13     2e-11   41.3   0.0   173   278     5   112     3   113 0.90 -
Pdum_DN78086_c1_g1_i5:2830-3705  -            292 235430at33208        -            372   1.7e-33  113.9   0.5   2   3   1.3e-21   3.2e-20   70.3   0.5   107   255   106   256   103   264 0.91 -
Pdum_DN78086_c1_g1_i5:2830-3705  -            292 235430at33208        -            372   1.7e-33  113.9   0.5   3   3       0.3       7.3    3.3   0.0   103   120   270   287   260   291 0.80 -
Pdum_DN79110_c0_g1_i7:340-1365   -            342 235430at33208        -            372   1.9e-32  110.5   0.1   1   2   5.4e-28   1.3e-26   91.3   0.1    60   247    53   251    47   255 0.88 -
Pdum_DN79110_c0_g1_i7:340-1365   -            342 235430at33208        -            372   1.9e-32  110.5   0.1   2   2   4.5e-05    0.0011   15.8   0.0    79   159   256   337   253   341 0.70 -
Pdum_DN87680_c1_g3_i1:3327-4124  -            266 235430at33208        -            372     7e-32  108.6   7.6   1   3   2.1e-14   5.1e-13   46.6   1.3   101   193    15   109     3   110 0.88 -
Pdum_DN87680_c1_g3_i1:3327-4124  -            266 235430at33208        -            372     7e-32  108.6   7.6   2   3   1.1e-11   2.6e-10   37.6   0.0   107   188   105   188   104   206 0.87 -
Pdum_DN87680_c1_g3_i1:3327-4124  -            266 235430at33208        -            372     7e-32  108.6   7.6   3   3     4e-10   9.8e-09   32.5   0.1   107   163   209   265   201   266 0.95 -
Pdum_DN73138_c0_g1_i1:392-1264   -            291 235430at33208        -            372   3.5e-31  106.3   2.9   1   2   5.4e-17   1.3e-15   55.1   0.0    58   167    10   127     2   134 0.89 -
Pdum_DN73138_c0_g1_i1:392-1264   -            291 235430at33208        -            372   3.5e-31  106.3   2.9   2   2   5.3e-15   1.3e-13   48.5   1.7   126   274   130   280   126   283 0.85 -
Pdum_DN90586_c2_g3_i4:2166-2804  -            213 235430at33208        -            372   1.1e-30  104.7   0.0   1   1   5.6e-32   1.4e-30  104.4   0.0    68   250    20   212     3   213 0.89 -
Pdum_DN72920_c0_g1_i5:770-1675   -            302 235430at33208        -            372     7e-30  102.1   5.3   1   3   6.2e-10   1.5e-08   31.8   0.0   186   295    30   141    26   152 0.86 -
Pdum_DN72920_c0_g1_i5:770-1675   -            302 235430at33208        -            372     7e-30  102.1   5.3   2   3   9.3e-05    0.0023   14.8   0.0    62   103   149   190   137   193 0.89 -
Pdum_DN72920_c0_g1_i5:770-1675   -            302 235430at33208        -            372     7e-30  102.1   5.3   3   3   6.2e-17   1.5e-15   54.9   2.3    63   163   192   300   189   302 0.90 -
Pdum_DN87342_c0_g1_i8:5-2425     -            807 235430at33208        -            372   1.5e-29  100.9   0.0   1   5    0.0018     0.045   10.6   0.0    62   106    59   102    31   124 0.72 -
Pdum_DN87342_c0_g1_i8:5-2425     -            807 235430at33208        -            372   1.5e-29  100.9   0.0   2   5       0.9        22    1.7   0.0    62   103   148   191    98   200 0.70 -
Pdum_DN87342_c0_g1_i8:5-2425     -            807 235430at33208        -            372   1.5e-29  100.9   0.0   3   5     1e-12   2.5e-11   41.0   0.0   100   279   302   485   297   487 0.76 -
Pdum_DN87342_c0_g1_i8:5-2425     -            807 235430at33208        -            372   1.5e-29  100.9   0.0   4   5   3.2e-10   7.8e-09   32.8   0.0   188   283   476   574   469   582 0.86 -
Pdum_DN87342_c0_g1_i8:5-2425     -            807 235430at33208        -            372   1.5e-29  100.9   0.0   5   5    0.0045      0.11    9.3   0.0    56    97   608   649   598   654 0.85 -
Pdum_DN83588_c0_g2_i13:1452-2396 -            315 235430at33208        -            372   1.6e-29  100.9   1.7   1   4   4.3e-15     1e-13   48.8   0.4   145   283     9   153     5   157 0.85 -
Pdum_DN83588_c0_g2_i13:1452-2396 -            315 235430at33208        -            372   1.6e-29  100.9   1.7   2   4   1.7e-10     4e-09   33.7   0.0   106   166    99   159    98   183 0.92 -
Pdum_DN83588_c0_g2_i13:1452-2396 -            315 235430at33208        -            372   1.6e-29  100.9   1.7   3   4      0.81        20    1.9   0.0    96   125   189   218   165   228 0.80 -
Pdum_DN83588_c0_g2_i13:1452-2396 -            315 235430at33208        -            372   1.6e-29  100.9   1.7   4   4   1.7e-09   4.1e-08   30.4   0.0   173   244   243   314   225   315 0.58 -
Pdum_DN77740_c0_g3_i3:100-1476   -            459 235430at33208        -            372   1.9e-29  100.6   0.2   1   3   3.4e-05   0.00084   16.2   0.0   130   192   145   209   139   210 0.76 -
Pdum_DN77740_c0_g3_i3:100-1476   -            459 235430at33208        -            372   1.9e-29  100.6   0.2   2   3   1.7e-24   4.1e-23   79.8   0.3    74   246   207   387   204   410 0.83 -
Pdum_DN77740_c0_g3_i3:100-1476   -            459 235430at33208        -            372   1.9e-29  100.6   0.2   3   3       2.6        62    0.2   0.0   221   245   412   436   406   450 0.80 -
Pdum_DN82012_c2_g2_i1:484-1302   -            273 235430at33208        -            372   1.8e-28   97.4   5.8   1   2   1.5e-15   3.6e-14   50.3   0.8    69   170    13   118     4   132 0.85 -
Pdum_DN82012_c2_g2_i1:484-1302   -            273 235430at33208        -            372   1.8e-28   97.4   5.8   2   2   3.7e-15   9.1e-14   49.0   0.6    67   167   131   238   118   245 0.80 -
Pdum_DN75190_c1_g2_i8:1873-2820  -            316 235430at33208        -            372   2.6e-28   96.9   4.9   1   2   3.3e-18   8.1e-17   59.1   3.9   106   255    61   209    57   223 0.79 -
Pdum_DN75190_c1_g2_i8:1873-2820  -            316 235430at33208        -            372   2.6e-28   96.9   4.9   2   2   7.6e-12   1.8e-10   38.1   0.0    95   164   207   280   206   308 0.81 -
Pdum_DN84798_c1_g2_i5:993-2768   -            592 235430at33208        -            372     4e-28   96.3   0.7   1   4      0.87        21    1.7   0.0   170   206    44    81    35   114 0.78 -
Pdum_DN84798_c1_g2_i5:993-2768   -            592 235430at33208        -            372     4e-28   96.3   0.7   2   4   5.8e-11   1.4e-09   35.2   0.0    83   244   119   294    94   298 0.76 -
Pdum_DN84798_c1_g2_i5:993-2768   -            592 235430at33208        -            372     4e-28   96.3   0.7   3   4   8.5e-14   2.1e-12   44.6   0.5   105   288   236   422   232   436 0.86 -
Pdum_DN84798_c1_g2_i5:993-2768   -            592 235430at33208        -            372     4e-28   96.3   0.7   4   4   1.7e-07     4e-06   23.9   0.0    66   201   437   590   425   592 0.77 -
Pdum_DN83588_c0_g2_i13:1293-2279 -            329 235430at33208        -            372     7e-28   95.5   0.9   1   4   3.8e-13   9.2e-12   42.4   0.2   173   281     2   112     1   114 0.88 -
Pdum_DN83588_c0_g2_i13:1293-2279 -            329 235430at33208        -            372     7e-28   95.5   0.9   2   4   1.7e-10   4.1e-09   33.7   0.0   106   167    60   121    59   145 0.91 -
Pdum_DN83588_c0_g2_i13:1293-2279 -            329 235430at33208        -            372     7e-28   95.5   0.9   3   4      0.86        21    1.8   0.0    97   125   151   179   127   190 0.80 -
Pdum_DN83588_c0_g2_i13:1293-2279 -            329 235430at33208        -            372     7e-28   95.5   0.9   4   4   1.1e-09   2.7e-08   31.0   0.0   173   245   204   276   186   286 0.64 -
Pdum_DN91072_c6_g2_i4:11-988     -            326 235430at33208        -            372   4.3e-27   92.9   1.3   1   3   2.5e-08     6e-07   26.6   0.1   172   246    29   105    17   113 0.81 -
Pdum_DN91072_c6_g2_i4:11-988     -            326 235430at33208        -            372   4.3e-27   92.9   1.3   2   3   3.8e-09   9.3e-08   29.3   0.1   107   169    90   152    87   158 0.92 -
Pdum_DN91072_c6_g2_i4:11-988     -            326 235430at33208        -            372   4.3e-27   92.9   1.3   3   3   2.3e-15   5.6e-14   49.7   0.0    47   201   157   324   150   325 0.87 -
Pdum_DN76828_c2_g1_i1:4967-5695  -            243 235430at33208        -            372   1.5e-26   91.1   0.0   1   2   1.3e-14   3.1e-13   47.3   0.0    64   186     6   141     2   144 0.81 -
Pdum_DN76828_c2_g1_i1:4967-5695  -            243 235430at33208        -            372   1.5e-26   91.1   0.0   2   2     4e-15   9.7e-14   48.9   0.0   113   244   108   243   108   243 0.89 -
Pdum_DN85045_c0_g1_i5:248-835    -            196 235430at33208        -            372   3.7e-26   89.8   0.0   1   2   8.9e-19   2.2e-17   60.9   0.0   101   240     9   150     3   150 0.91 -
Pdum_DN85045_c0_g1_i5:248-835    -            196 235430at33208        -            372   3.7e-26   89.8   0.0   2   2   2.5e-10   6.1e-09   33.1   0.0   108   162   142   196   139   196 0.97 -
Pdum_DN74384_c0_g2_i2:99-1367    -            423 235430at33208        -            372     1e-24   85.0   1.1   1   2   5.5e-11   1.3e-09   35.3   0.0   133   244   103   222    92   227 0.81 -
Pdum_DN74384_c0_g2_i2:99-1367    -            423 235430at33208        -            372     1e-24   85.0   1.1   2   2   6.9e-15   1.7e-13   48.1   0.4   104   246   273   420   247   422 0.80 -
Pdum_DN80498_c1_g1_i1:1987-2589  -            201 235430at33208        -            372   2.1e-24   84.0   0.3   1   1   1.3e-15   3.2e-14   50.5   0.1   104   189    14   103     6   105 0.89 -
Pdum_DN84894_c0_g1_i9:97-867     -            257 235430at33208        -            372   4.2e-23   79.7   0.0   1   2   6.2e-18   1.5e-16   58.2   0.0   107   262    31   189    25   197 0.89 -
Pdum_DN84894_c0_g1_i9:97-867     -            257 235430at33208        -            372   4.2e-23   79.7   0.0   2   2   3.2e-06   7.9e-05   19.6   0.0   107   162   201   256   192   257 0.95 -
Pdum_DN73504_c1_g7_i2:375-1772   -            466 235430at33208        -            372   5.7e-23   79.3   0.6   1   2      0.02      0.49    7.1   0.0   210   249   136   175   103   181 0.82 -
Pdum_DN73504_c1_g7_i2:375-1772   -            466 235430at33208        -            372   5.7e-23   79.3   0.6   2   2   1.4e-21   3.5e-20   70.1   0.5    59   276   196   436   186   441 0.86 -
Pdum_DN90064_c4_g2_i4:2740-4161  -            474 235430at33208        -            372   6.3e-23   79.2   7.6   1   3   6.6e-05    0.0016   15.3   0.0   124   200   131   211   100   227 0.69 -
Pdum_DN90064_c4_g2_i4:2740-4161  -            474 235430at33208        -            372   6.3e-23   79.2   7.6   2   3   2.7e-13   6.5e-12   42.9   0.8   123   251   256   386   246   402 0.84 -
Pdum_DN90064_c4_g2_i4:2740-4161  -            474 235430at33208        -            372   6.3e-23   79.2   7.6   3   3   3.5e-12   8.5e-11   39.2   0.5   104   245   321   470   317   473 0.79 -
Pdum_DN89838_c3_g2_i15:954-1709  -            252 235430at33208        -            372   2.3e-22   77.3   1.8   1   3     7e-15   1.7e-13   48.1   0.4   108   276     2   163     1   168 0.83 -
Pdum_DN89838_c3_g2_i15:954-1709  -            252 235430at33208        -            372   2.3e-22   77.3   1.8   2   3   2.8e-08   6.8e-07   26.4   0.0   110   163   162   217   156   226 0.82 -
Pdum_DN89838_c3_g2_i15:954-1709  -            252 235430at33208        -            372   2.3e-22   77.3   1.8   3   3      0.72        18    2.0   0.0   210   240   224   252   217   252 0.83 -
Pdum_DN84241_c0_g1_i1:2776-3423  -            216 235430at33208        -            372     5e-22   76.2   0.0   1   2   5.4e-19   1.3e-17   61.7   0.0   126   249     3   130     1   134 0.89 -
Pdum_DN84241_c0_g1_i1:2776-3423  -            216 235430at33208        -            372     5e-22   76.2   0.0   2   2   0.00018    0.0044   13.9   0.0    90   161   130   211   127   215 0.79 -
Pdum_DN80927_c0_g1_i1:489-1964   -            492 235430at33208        -            372   8.9e-22   75.4   0.6   1   2   2.5e-06     6e-05   20.0   0.0   123   258   138   286   131   294 0.67 -
Pdum_DN80927_c0_g1_i1:489-1964   -            492 235430at33208        -            372   8.9e-22   75.4   0.6   2   2   1.9e-15   4.7e-14   50.0   0.6   106   281   299   485   290   491 0.85 -
Pdum_DN88147_c0_g1_i1:430-1308   -            293 235430at33208        -            372   1.5e-21   74.6   0.2   1   2   0.00041      0.01   12.7   0.0   191   243     2    55     1    67 0.82 -
Pdum_DN88147_c0_g1_i1:430-1308   -            293 235430at33208        -            372   1.5e-21   74.6   0.2   2   2   3.9e-17   9.5e-16   55.5   0.1   117   283    93   265    92   288 0.85 -
Pdum_DN90273_c4_g1_i2:3537-4052  -            172 235430at33208        -            372   1.6e-20   71.2   0.8   1   1   2.5e-21   6.1e-20   69.3   0.8    23   163    11   164     5   172 0.86 -
Pdum_DN73512_c4_g2_i3:726-1661   -            312 235430at33208        -            372     2e-20   70.9   0.5   1   2   2.5e-17   6.1e-16   56.2   0.4    83   278    43   246    27   252 0.75 -
Pdum_DN73512_c4_g2_i3:726-1661   -            312 235430at33208        -            372     2e-20   70.9   0.5   2   2     0.066       1.6    5.4   0.0    64    87   273   296   268   304 0.85 -
Pdum_DN84814_c0_g2_i1:1505-2083  -            193 235430at33208        -            372   2.1e-20   70.9   0.0   1   3    0.0094      0.23    8.2   0.0   148   182     9    44     2    48 0.89 -
Pdum_DN84814_c0_g2_i1:1505-2083  -            193 235430at33208        -            372   2.1e-20   70.9   0.0   2   3   2.6e-12   6.3e-11   39.7   0.0   146   246    48   150    43   151 0.86 -
Pdum_DN84814_c0_g2_i1:1505-2083  -            193 235430at33208        -            372   2.1e-20   70.9   0.0   3   3   4.1e-10   9.9e-09   32.4   0.0   175   246   121   192   119   193 0.90 -
Pdum_DN66431_c0_g1_i1:1561-2364  -            268 235430at33208        -            372   4.3e-20   69.8   0.0   1   1   2.8e-21   6.8e-20   69.2   0.0    72   284    26   240     2   264 0.88 -
Pdum_DN84903_c4_g3_i8:753-1754   -            334 235430at33208        -            372   6.4e-20   69.3   0.8   1   4   1.8e-06   4.4e-05   20.5   0.0   170   250     6    90     2   112 0.75 -
Pdum_DN84903_c4_g3_i8:753-1754   -            334 235430at33208        -            372   6.4e-20   69.3   0.8   2   4   4.9e-09   1.2e-07   28.9   0.1   107   167   113   173   108   179 0.94 -
Pdum_DN84903_c4_g3_i8:753-1754   -            334 235430at33208        -            372   6.4e-20   69.3   0.8   3   4      0.14       3.4    4.3   0.0   255   283   180   208   171   213 0.82 -
Pdum_DN84903_c4_g3_i8:753-1754   -            334 235430at33208        -            372   6.4e-20   69.3   0.8   4   4   0.00011    0.0027   14.5   0.0   106   203   196   299   194   317 0.78 -
Pdum_DN71389_c1_g2_i1:359-1099   -            247 235430at33208        -            372   9.6e-20   68.7   1.9   1   2     0.045       1.1    6.0   0.0   107   158    24    80    15    81 0.81 -
Pdum_DN71389_c1_g2_i1:359-1099   -            247 235430at33208        -            372   9.6e-20   68.7   1.9   2   2   1.1e-20   2.7e-19   67.2   0.9   108   273    72   244    69   247 0.91 -
Pdum_DN66493_c0_g1_i1:720-1655   -            312 235430at33208        -            372   1.3e-19   68.2   0.7   1   2   6.5e-12   1.6e-10   38.4   0.9    66   202    29   176    13   182 0.75 -
Pdum_DN66493_c0_g1_i1:720-1655   -            312 235430at33208        -            372   1.3e-19   68.2   0.7   2   2   8.1e-07     2e-05   21.6   0.0    65   197   154   303   151   307 0.63 -
Pdum_DN89089_c3_g1_i2:1021-1773  -            251 235430at33208        -            372   1.5e-19   68.1   0.1   1   3     0.013       0.3    7.8   0.0   133   196     1    75     1    79 0.67 -
Pdum_DN89089_c3_g1_i2:1021-1773  -            251 235430at33208        -            372   1.5e-19   68.1   0.1   2   3   6.2e-06   0.00015   18.7   0.0   107   188    69   153    55   157 0.70 -
Pdum_DN89089_c3_g1_i2:1021-1773  -            251 235430at33208        -            372   1.5e-19   68.1   0.1   3   3   1.2e-12   2.9e-11   40.8   0.1   108   194   155   247   142   251 0.85 -
Pdum_DN92345_c8_g1_i1:3879-4793  -            305 235430at33208        -            372   1.5e-19   68.0   0.1   1   3   2.9e-07   7.1e-06   23.0   0.1   106   167     9    69     4    78 0.89 -
Pdum_DN92345_c8_g1_i1:3879-4793  -            305 235430at33208        -            372   1.5e-19   68.0   0.1   2   3   1.1e-05   0.00028   17.8   0.0   176   246   103   178    89   186 0.82 -
Pdum_DN92345_c8_g1_i1:3879-4793  -            305 235430at33208        -            372   1.5e-19   68.0   0.1   3   3   2.1e-07     5e-06   23.5   0.0   107   201   209   305   205   305 0.84 -
Pdum_DN80990_c0_g1_i2:150-1607   -            486 235430at33208        -            372   1.7e-19   67.9   0.9   1   1   1.2e-20   2.8e-19   67.1   0.9   106   282   265   451   249   477 0.80 -
Pdum_DN76096_c0_g1_i2:374-1027   -            218 235430at33208        -            372   2.7e-19   67.2   3.9   1   3   0.00015    0.0036   14.2   0.2   196   237     3    43     1    49 0.92 -
Pdum_DN76096_c0_g1_i2:374-1027   -            218 235430at33208        -            372   2.7e-19   67.2   3.9   2   3     2e-06   4.8e-05   20.3   0.0   209   281    68   142    58   155 0.81 -
Pdum_DN76096_c0_g1_i2:374-1027   -            218 235430at33208        -            372   2.7e-19   67.2   3.9   3   3   2.6e-10   6.3e-09   33.1   0.1   210   260   166   216   156   218 0.90 -
Pdum_DN85879_c0_g1_i1:230-808    -            193 235430at33208        -            372   2.8e-19   67.1   0.0   1   2   2.8e-12   6.7e-11   39.6   0.1   149   246     6   105     1   118 0.86 -
Pdum_DN85879_c0_g1_i1:230-808    -            193 235430at33208        -            372   2.8e-19   67.1   0.0   2   2   3.7e-08   9.1e-07   26.0   0.0    58   119   124   193   113   193 0.81 -
Pdum_DN86522_c0_g3_i4:534-1520   -            329 235430at33208        -            372     7e-19   65.8   2.7   1   2   3.4e-14   8.4e-13   45.8   1.2    68   282    11   241     6   242 0.80 -
Pdum_DN86522_c0_g3_i4:534-1520   -            329 235430at33208        -            372     7e-19   65.8   2.7   2   2   3.8e-07   9.1e-06   22.7   0.0   131   245   213   328   210   329 0.88 -
Pdum_DN77965_c1_g1_i1:1646-2635  -            330 235430at33208        -            372   1.3e-18   65.0   0.3   1   4   3.7e-05   0.00089   16.1   0.0   173   267    10   110     2   117 0.65 -
Pdum_DN77965_c1_g1_i1:1646-2635  -            330 235430at33208        -            372   1.3e-18   65.0   0.3   2   4   4.9e-16   1.2e-14   51.9   0.2   107   244    71   217    66   229 0.86 -
Pdum_DN77965_c1_g1_i1:1646-2635  -            330 235430at33208        -            372   1.3e-18   65.0   0.3   3   4       5.5   1.3e+02   -0.9   0.0   169   200   242   274   231   285 0.76 -
Pdum_DN77965_c1_g1_i1:1646-2635  -            330 235430at33208        -            372   1.3e-18   65.0   0.3   4   4      0.66        16    2.1   0.0   107   121   314   328   292   330 0.87 -
Pdum_DN79406_c0_g1_i1:209-1183   -            325 235430at33208        -            372   5.4e-18   62.9   0.0   1   2   1.9e-08   4.7e-07   26.9   0.0   170   272     6   108     1   116 0.87 -
Pdum_DN79406_c0_g1_i1:209-1183   -            325 235430at33208        -            372   5.4e-18   62.9   0.0   2   2   5.9e-10   1.4e-08   31.9   0.1   107   196   161   251   150   315 0.68 -
Pdum_DN78454_c0_g1_i4:576-2111   -            512 235430at33208        -            372     1e-17   62.0   1.3   1   3    0.0016     0.038   10.8   0.0    58    96   214   252   200   259 0.78 -
Pdum_DN78454_c0_g1_i4:576-2111   -            512 235430at33208        -            372     1e-17   62.0   1.3   2   3   1.1e-05   0.00026   17.9   0.0    51    97   257   303   252   306 0.89 -
Pdum_DN78454_c0_g1_i4:576-2111   -            512 235430at33208        -            372     1e-17   62.0   1.3   3   3   1.1e-09   2.6e-08   31.1   0.1   214   304   305   395   303   404 0.92 -
Pdum_DN79208_c0_g1_i2:96-1031    -            312 235430at33208        -            372   1.2e-17   61.8   0.0   1   3   7.1e-13   1.7e-11   41.5   0.0   148   293     9   159     2   179 0.87 -
Pdum_DN79208_c0_g1_i2:96-1031    -            312 235430at33208        -            372   1.2e-17   61.8   0.0   2   3       1.2        28    1.3   0.0    54    93   211   250   166   259 0.73 -
Pdum_DN79208_c0_g1_i2:96-1031    -            312 235430at33208        -            372   1.2e-17   61.8   0.0   3   3   6.6e-05    0.0016   15.3   0.0    62   104   262   304   251   312 0.88 -
Pdum_DN89990_c3_g2_i4:936-1778   -            281 235430at33208        -            372   1.2e-17   61.8   0.0   1   1   6.5e-19   1.6e-17   61.4   0.0    62   275    41   271    32   280 0.81 -
Pdum_DN66325_c0_g1_i1:831-1904   -            358 235430at33208        -            372     2e-17   61.0   0.2   1   5   4.8e-10   1.2e-08   32.2   0.0   168   255    25   114    21   125 0.85 -
Pdum_DN66325_c0_g1_i1:831-1904   -            358 235430at33208        -            372     2e-17   61.0   0.2   2   5       1.4        35    1.0   0.0   226   245   131   150   119   164 0.74 -
Pdum_DN66325_c0_g1_i1:831-1904   -            358 235430at33208        -            372     2e-17   61.0   0.2   3   5       0.1       2.5    4.8   0.0   172   210   173   210   130   214 0.78 -
Pdum_DN66325_c0_g1_i1:831-1904   -            358 235430at33208        -            372     2e-17   61.0   0.2   4   5    0.0012     0.029   11.2   0.0   186   248   246   311   238   318 0.85 -
Pdum_DN66325_c0_g1_i1:831-1904   -            358 235430at33208        -            372     2e-17   61.0   0.2   5   5     0.061       1.5    5.5   0.1   208   241   323   356   314   358 0.80 -
Pdum_DN66770_c0_g1_i1:157-1065   -            303 235430at33208        -            372   7.2e-17   59.2   4.9   1   3   1.4e-08   3.4e-07   27.4   0.0   173   251    12    92     3    97 0.63 -
Pdum_DN66770_c0_g1_i1:157-1065   -            303 235430at33208        -            372   7.2e-17   59.2   4.9   2   3   3.9e-07   9.6e-06   22.6   0.2    52   124    90   177    87   188 0.79 -
Pdum_DN66770_c0_g1_i1:157-1065   -            303 235430at33208        -            372   7.2e-17   59.2   4.9   3   3    0.0011     0.028   11.2   0.1    69   161   197   303   189   303 0.68 -
Pdum_DN83656_c0_g1_i2:2236-2991  -            252 235430at33208        -            372   9.3e-17   58.9   2.0   1   2   5.2e-13   1.3e-11   42.0   0.2    95   239     3   168     1   176 0.77 -
Pdum_DN83656_c0_g1_i2:2236-2991  -            252 235430at33208        -            372   9.3e-17   58.9   2.0   2   2   0.00025     0.006   13.4   0.1    70   119   198   252   178   252 0.73 -
Pdum_DN72823_c0_g2_i2:1154-1981  -            276 235430at33208        -            372   1.1e-16   58.6   0.1   1   2   5.1e-14   1.2e-12   45.3   0.0    71   207     8   149     5   188 0.79 -
Pdum_DN72823_c0_g2_i2:1154-1981  -            276 235430at33208        -            372   1.1e-16   58.6   0.1   2   2   0.00078     0.019   11.8   0.0   171   234   211   274   161   276 0.82 -
Pdum_DN88892_c3_g1_i1:2670-3179  -            170 235430at33208        -            372   3.3e-16   57.1   1.8   1   1   2.3e-17   5.7e-16   56.3   1.8    77   221    13   169     6   170 0.82 -
Pdum_DN75651_c0_g1_i1:179-1012   -            278 235430at33208        -            372   6.7e-16   56.0   0.2   1   1   5.8e-17   1.4e-15   55.0   0.2    63   281    37   272     6   274 0.81 -
Pdum_DN86525_c0_g1_i1:704-1231   -            176 235430at33208        -            372   9.9e-16   55.5   0.0   1   1   2.7e-16   6.6e-15   52.8   0.0   112   258     2   155     1   159 0.85 -
Pdum_DN74356_c1_g1_i1:377-1456   -            360 235430at33208        -            372   1.3e-15   55.1   4.0   1   3   4.3e-07     1e-05   22.5   0.0   173   247     2    76     1    98 0.78 -
Pdum_DN74356_c1_g1_i1:377-1456   -            360 235430at33208        -            372   1.3e-15   55.1   4.0   2   3   0.00013    0.0031   14.4   0.0   113   162   162   213    91   231 0.69 -
Pdum_DN74356_c1_g1_i1:377-1456   -            360 235430at33208        -            372   1.3e-15   55.1   4.0   3   3   1.7e-05   0.00042   17.2   0.5   105   167   258   320   239   326 0.72 -
Pdum_DN63925_c0_g1_i1:119-1006   -            296 235430at33208        -            372   9.2e-15   52.3   1.2   1   1   5.5e-16   1.3e-14   51.8   1.2    72   295    49   281    24   292 0.84 -
Pdum_DN88766_c3_g2_i10:292-717   -            142 235430at33208        -            372   1.4e-14   51.7   0.0   1   2   1.2e-08   2.9e-07   27.6   0.0   106   168     5    68     2    75 0.90 -
Pdum_DN88766_c3_g2_i10:292-717   -            142 235430at33208        -            372   1.4e-14   51.7   0.0   2   2   8.3e-07     2e-05   21.6   0.0    60   103    78   121    70   128 0.88 -
Pdum_DN82224_c0_g1_i1:2783-3526  -            248 235430at33208        -            372   1.7e-14   51.4   2.7   1   3   1.6e-09   3.8e-08   30.5   0.1   105   167    20    81     8    86 0.91 -
Pdum_DN82224_c0_g1_i1:2783-3526  -            248 235430at33208        -            372   1.7e-14   51.4   2.7   2   3    0.0002     0.005   13.7   0.0   207   253   109   156    90   164 0.82 -
Pdum_DN82224_c0_g1_i1:2783-3526  -            248 235430at33208        -            372   1.7e-14   51.4   2.7   3   3     0.038      0.93    6.2   0.1   222   278   179   240   174   245 0.75 -
Pdum_DN83800_c0_g2_i3:14-562     -            183 235430at33208        -            372   3.5e-14   50.4   0.1   1   1   1.8e-15   4.4e-14   50.1   0.1    59   164    62   174    40   181 0.88 -
Pdum_DN87178_c0_g1_i10:2619-3539 -            307 235430at33208        -            372   4.7e-14   50.0   1.1   1   2   5.6e-06   0.00014   18.8   0.0   147   246     4   127     1   139 0.75 -
Pdum_DN87178_c0_g1_i10:2619-3539 -            307 235430at33208        -            372   4.7e-14   50.0   1.1   2   2   4.9e-09   1.2e-07   28.9   2.3   103   255   108   273   100   306 0.71 -
Pdum_DN75894_c0_g1_i3:333-1052   -            240 235430at33208        -            372   7.7e-14   49.3   1.6   1   2   4.3e-08     1e-06   25.8   0.0    78   167     9    98     6   106 0.79 -
Pdum_DN75894_c0_g1_i3:333-1052   -            240 235430at33208        -            372   7.7e-14   49.3   1.6   2   2   1.5e-06   3.6e-05   20.7   0.2    72   167   125   229    98   238 0.73 -
Pdum_DN84582_c3_g1_i1:332-1036   -            235 235430at33208        -            372   1.3e-13   48.5   0.2   1   1     1e-14   2.5e-13   47.6   0.2   115   290     3   182     1   198 0.85 -
Pdum_DN83552_c2_g1_i4:337-1659   -            441 235430at33208        -            372   2.3e-13   47.7   0.6   1   2     0.056       1.4    5.7   0.0   115   166   176   228   168   236 0.84 -
Pdum_DN83552_c2_g1_i4:337-1659   -            441 235430at33208        -            372   2.3e-13   47.7   0.6   2   2   2.2e-06   5.4e-05   20.1   0.1    73   204   211   354   209   368 0.69 -
Pdum_DN84963_c1_g1_i6:1317-3311  -            665 235430at33208        -            372   2.6e-13   47.5   0.3   1   2   7.2e-13   1.8e-11   41.5   0.1    61   172    44   164    16   213 0.80 -
Pdum_DN84963_c1_g1_i6:1317-3311  -            665 235430at33208        -            372   2.6e-13   47.5   0.3   2   2      0.19       4.6    3.9   0.0   129   243   630   662   623   665 0.48 -
Pdum_DN92785_c3_g1_i2:3114-4076  -            321 235430at33208        -            372   3.2e-13   47.2   0.5   1   3       7.1   1.7e+02   -1.3   0.0    74   101     2    29     1    53 0.66 -
Pdum_DN92785_c3_g1_i2:3114-4076  -            321 235430at33208        -            372   3.2e-13   47.2   0.5   2   3      0.22       5.3    3.7   0.0   195   279    67   159    33   162 0.70 -
Pdum_DN92785_c3_g1_i2:3114-4076  -            321 235430at33208        -            372   3.2e-13   47.2   0.5   3   3   1.9e-12   4.7e-11   40.1   0.3   204   283   235   315   224   319 0.75 -
Pdum_DN88741_c1_g1_i6:2841-3650  -            270 235430at33208        -            372     4e-13   46.9   0.8   1   3       7.4   1.8e+02   -1.3   0.0    68    86    15    33     4    46 0.74 -
Pdum_DN88741_c1_g1_i6:2841-3650  -            270 235430at33208        -            372     4e-13   46.9   0.8   2   3   2.4e-06   5.9e-05   20.0   0.0   106   167    71   135    64   139 0.82 -
Pdum_DN88741_c1_g1_i6:2841-3650  -            270 235430at33208        -            372     4e-13   46.9   0.8   3   3   3.3e-07     8e-06   22.9   0.4   126   245   139   266   135   270 0.82 -
Pdum_DN78785_c0_g1_i2:534-2834   -            767 235430at33208        -            372   5.8e-13   46.4   0.6   1   2   3.7e-11     9e-10   35.9   0.0   110   247    65   211    53   230 0.77 -
Pdum_DN78785_c0_g1_i2:534-2834   -            767 235430at33208        -            372   5.8e-13   46.4   0.6   2   2    0.0074      0.18    8.6   0.1   104   155   236   291   226   303 0.72 -
Pdum_DN67795_c0_g1_i2:1517-2137  -            207 235430at33208        -            372   8.8e-13   45.8   0.0   1   2   2.6e-10   6.2e-09   33.1   0.0   133   258     2   129     1   144 0.85 -
Pdum_DN67795_c0_g1_i2:1517-2137  -            207 235430at33208        -            372   8.8e-13   45.8   0.0   2   2    0.0034     0.084    9.7   0.0   116   162   156   207   152   207 0.80 -
Pdum_DN65740_c0_g1_i1:159-803    -            215 235430at33208        -            372   9.9e-13   45.6   1.1   1   2   4.8e-08   1.2e-06   25.6   0.8    71   140    11    90     4   158 0.63 -
Pdum_DN65740_c0_g1_i1:159-803    -            215 235430at33208        -            372   9.9e-13   45.6   1.1   2   2    0.0001    0.0025   14.7   0.0   193   242   166   214   155   215 0.80 -
Pdum_DN88423_c1_g1_i2:993-1421   -            143 235430at33208        -            372   2.8e-12   44.1   0.4   1   1   1.4e-13   3.4e-12   43.8   0.4    71   163    23   119     3   128 0.88 -
Pdum_DN75190_c1_g2_i8:2335-2706  -            124 235430at33208        -            372   4.1e-12   43.6   1.2   1   1   2.1e-13   5.1e-12   43.3   1.2   105   204    22   120    14   124 0.77 -
Pdum_DN63408_c0_g1_i3:4-960      -            319 235430at33208        -            372   4.7e-12   43.4   1.2   1   2   5.7e-10   1.4e-08   32.0   0.2    82   202     2   135     1   144 0.82 -
Pdum_DN63408_c0_g1_i3:4-960      -            319 235430at33208        -            372   4.7e-12   43.4   1.2   2   2     0.015      0.36    7.6   0.1   102   131   175   204   160   209 0.81 -
Pdum_DN79808_c0_g1_i2:642-4217   -           1192 235430at33208        -            372   1.3e-11   42.0   0.0   1   4   1.6e-10     4e-09   33.7   0.0   177   273    21   115    10   136 0.80 -
Pdum_DN79808_c0_g1_i2:642-4217   -           1192 235430at33208        -            372   1.3e-11   42.0   0.0   2   4       1.6        38    0.9   0.0   218   287   101   168    95   175 0.65 -
Pdum_DN79808_c0_g1_i2:642-4217   -           1192 235430at33208        -            372   1.3e-11   42.0   0.0   3   4       3.1        76   -0.1   0.0   130   163   264   297   239   308 0.77 -
Pdum_DN79808_c0_g1_i2:642-4217   -           1192 235430at33208        -            372   1.3e-11   42.0   0.0   4   4         1        25    1.5   0.0   212   257   457   502   438   543 0.75 -
Pdum_DN75461_c3_g1_i3:3415-4074  -            220 235430at33208        -            372   2.7e-11   40.9   0.5   1   2   2.2e-09   5.4e-08   30.0   0.1   105   168    26    89     9    94 0.88 -
Pdum_DN75461_c3_g1_i3:3415-4074  -            220 235430at33208        -            372   2.7e-11   40.9   0.5   2   2    0.0062      0.15    8.8   0.1   103   161   160   220   112   220 0.75 -
Pdum_DN92615_c3_g1_i3:1432-2112  -            227 235430at33208        -            372     3e-11   40.7   0.0   1   2   1.1e-11   2.7e-10   37.6   0.0   126   283     5   175     2   180 0.82 -
Pdum_DN92615_c3_g1_i3:1432-2112  -            227 235430at33208        -            372     3e-11   40.7   0.0   2   2       1.6        40    0.8   0.0   206   251   181   225   177   227 0.59 -
Pdum_DN80615_c0_g2_i1:231-1205   -            325 235430at33208        -            372   3.4e-11   40.6   0.1   1   3       2.6        64    0.2   0.0    56    91     2    37     1    76 0.79 -
Pdum_DN80615_c0_g2_i1:231-1205   -            325 235430at33208        -            372   3.4e-11   40.6   0.1   2   3   2.4e-10   5.9e-09   33.2   0.0   107   167   126   186   121   192 0.91 -
Pdum_DN80615_c0_g2_i1:231-1205   -            325 235430at33208        -            372   3.4e-11   40.6   0.1   3   3       0.3       7.3    3.3   0.0   136   239   207   310   199   323 0.73 -
Pdum_DN87078_c1_g1_i1:1858-2604  -            249 235430at33208        -            372   3.6e-11   40.5   0.3   1   2   6.4e-05    0.0016   15.3   0.0   190   247   108   167    99   180 0.77 -
Pdum_DN87078_c1_g1_i1:1858-2604  -            249 235430at33208        -            372   3.6e-11   40.5   0.3   2   2   2.9e-07     7e-06   23.1   0.2   105   162   192   249   179   249 0.91 -
Pdum_DN71445_c0_g2_i2:766-1509   -            248 235430at33208        -            372   3.7e-11   40.4   0.0   1   1   2.9e-12   7.1e-11   39.5   0.0    73   167     1   106     1   136 0.84 -
Pdum_DN90581_c4_g3_i1:18-467     -            150 235430at33208        -            372   3.9e-11   40.4   0.1   1   2   2.4e-06   5.8e-05   20.0   0.1   146   202     7    65     2    75 0.74 -
Pdum_DN90581_c4_g3_i1:18-467     -            150 235430at33208        -            372   3.9e-11   40.4   0.1   2   2   1.6e-05    0.0004   17.3   0.0    64   104    88   128    78   133 0.93 -
Pdum_DN90796_c3_g1_i4:1517-2605  -            363 235430at33208        -            372   4.9e-11   40.0   0.6   1   2   3.6e-10   8.9e-09   32.6   0.1   100   257    99   258    82   276 0.85 -
Pdum_DN90796_c3_g1_i4:1517-2605  -            363 235430at33208        -            372   4.9e-11   40.0   0.6   2   2      0.15       3.7    4.2   0.0    63   108   291   339   286   362 0.72 -
Pdum_DN83855_c0_g1_i4:658-1428   -            257 235430at33208        -            372   5.4e-11   39.9   0.1   1   2      0.31       7.6    3.2   0.0   226   250     3    27     1    35 0.77 -
Pdum_DN83855_c0_g1_i4:658-1428   -            257 235430at33208        -            372   5.4e-11   39.9   0.1   2   2   3.6e-09   8.7e-08   29.3   0.1    53   190    36   159    32   172 0.87 -
Pdum_DN83063_c0_g1_i6:381-1082   -            234 235430at33208        -            372   5.6e-11   39.8   0.0   1   2   5.6e-08   1.4e-06   25.4   0.0   106   243     3   152     1   162 0.77 -
Pdum_DN83063_c0_g1_i6:381-1082   -            234 235430at33208        -            372   5.6e-11   39.8   0.0   2   2   0.00025    0.0061   13.4   0.0    37   100   149   214   141   224 0.71 -
Pdum_DN87402_c0_g1_i1:93-1976    -            628 235430at33208        -            372   7.1e-11   39.5   0.0   1   2   0.00016    0.0039   14.0   0.0   127   192   286   352   281   372 0.83 -
Pdum_DN87402_c0_g1_i1:93-1976    -            628 235430at33208        -            372   7.1e-11   39.5   0.0   2   2   3.6e-07   8.8e-06   22.7   0.0    77   194   438   565   421   583 0.67 -
Pdum_DN82173_c1_g1_i7:1104-1730  -            209 235430at33208        -            372   1.5e-10   38.5   0.0   1   2       0.1       2.5    4.8   0.0   138   169    10    41     1    53 0.88 -
Pdum_DN82173_c1_g1_i7:1104-1730  -            209 235430at33208        -            372   1.5e-10   38.5   0.0   2   2   1.5e-10   3.7e-09   33.9   0.0    73   245    21   209    18   209 0.78 -
Pdum_DN91312_c3_g1_i1:2567-3481  -            305 235430at33208        -            372   1.5e-10   38.5   0.1   1   3     8e-08     2e-06   24.9   0.0   179   274     5   106     2   118 0.70 -
Pdum_DN91312_c3_g1_i1:2567-3481  -            305 235430at33208        -            372   1.5e-10   38.5   0.1   2   3       1.3        32    1.1   0.0   148   255   104   220    99   232 0.52 -
Pdum_DN91312_c3_g1_i1:2567-3481  -            305 235430at33208        -            372   1.5e-10   38.5   0.1   3   3    0.0034     0.082    9.7   0.1    96   161   235   305   178   305 0.73 -
Pdum_DN90901_c7_g1_i5:256-1545   -            430 235430at33208        -            372   2.4e-10   37.8   0.1   1   3    0.0013     0.031   11.1   0.0   155   205    43    92    22   112 0.87 -
Pdum_DN90901_c7_g1_i5:256-1545   -            430 235430at33208        -            372   2.4e-10   37.8   0.1   2   3   4.4e-07   1.1e-05   22.5   0.0   130   247   145   269   138   287 0.83 -
Pdum_DN90901_c7_g1_i5:256-1545   -            430 235430at33208        -            372   2.4e-10   37.8   0.1   3   3       2.8        67    0.1   0.0    69    88   368   387   342   416 0.82 -
Pdum_DN73439_c0_g1_i2:1041-1721  -            227 235430at33208        -            372   2.5e-10   37.7   0.1   1   3       1.8        44    0.7   0.0    68   103    20    55     3    60 0.81 -
Pdum_DN73439_c0_g1_i2:1041-1721  -            227 235430at33208        -            372   2.5e-10   37.7   0.1   2   3     7e-10   1.7e-08   31.7   0.0   175   256    53   134    49   145 0.89 -
Pdum_DN73439_c0_g1_i2:1041-1721  -            227 235430at33208        -            372   2.5e-10   37.7   0.1   3   3      0.53        13    2.5   0.0   110   164   175   227   164   227 0.75 -
Pdum_DN76013_c0_g1_i3:463-1068   -            202 235430at33208        -            372   2.8e-10   37.5   0.4   1   2   5.9e-11   1.4e-09   35.2   0.1   109   207    21   128    11   132 0.77 -
Pdum_DN76013_c0_g1_i3:463-1068   -            202 235430at33208        -            372   2.8e-10   37.5   0.4   2   2       2.9        70    0.0   0.0   107   123   166   182   159   186 0.88 -
Pdum_DN84002_c0_g1_i8:2338-3012  -            225 235430at33208        -            372   2.9e-10   37.5   0.8   1   2     0.091       2.2    5.0   0.0   127   162     5    41     2    50 0.82 -
Pdum_DN84002_c0_g1_i8:2338-3012  -            225 235430at33208        -            372   2.9e-10   37.5   0.8   2   2   1.1e-09   2.7e-08   31.0   0.3   102   214    72   188    58   225 0.88 -
Pdum_DN84981_c0_g1_i4:2535-3476  -            314 235430at33208        -            372   2.9e-10   37.5   0.3   1   2   9.4e-07   2.3e-05   21.4   0.2    64   193    29   168    21   194 0.76 -
Pdum_DN84981_c0_g1_i4:2535-3476  -            314 235430at33208        -            372   2.9e-10   37.5   0.3   2   2   0.00014    0.0034   14.2   0.0    68   106   204   242   193   294 0.83 -
Pdum_DN92880_c2_g1_i2:4337-5176  -            280 235430at33208        -            372   3.3e-10   37.3   0.0   1   2      0.13       3.1    4.5   0.0   148   234    26   120    15   125 0.75 -
Pdum_DN92880_c2_g1_i2:4337-5176  -            280 235430at33208        -            372   3.3e-10   37.3   0.0   2   2   3.2e-09   7.9e-08   29.5   0.0   111   204   124   223   117   279 0.71 -
Pdum_DN90616_c3_g1_i1:602-1432   -            277 235430at33208        -            372   3.4e-10   37.3   0.0   1   1   3.5e-10   8.5e-09   32.7   0.0   106   247     5   160     3   176 0.79 -
Pdum_DN85054_c1_g3_i7:3145-3996  -            284 235430at33208        -            372   3.7e-10   37.2   0.2   1   4    0.0024     0.058   10.2   0.0    62   115     9    64     2    82 0.80 -
Pdum_DN85054_c1_g3_i7:3145-3996  -            284 235430at33208        -            372   3.7e-10   37.2   0.2   2   4       1.9        45    0.7   0.0    58    88    96   126    75   154 0.81 -
Pdum_DN85054_c1_g3_i7:3145-3996  -            284 235430at33208        -            372   3.7e-10   37.2   0.2   3   4      0.84        21    1.8   0.0   219   268   138   187   134   199 0.90 -
Pdum_DN85054_c1_g3_i7:3145-3996  -            284 235430at33208        -            372   3.7e-10   37.2   0.2   4   4   8.7e-07   2.1e-05   21.5   0.1    51   145   169   274   159   284 0.77 -
Pdum_DN77673_c0_g1_i3:1295-1852  -            186 235430at33208        -            372   4.4e-10   36.9   0.4   1   1   2.2e-09   5.3e-08   30.1   0.4   103   200    84   180     8   185 0.67 -
Pdum_DN92425_c3_g2_i1:539-1228   -            230 235430at33208        -            372   5.2e-10   36.6   1.3   1   2   2.6e-08   6.3e-07   26.5   0.3    96   246     3   164     1   165 0.78 -
Pdum_DN92425_c3_g2_i1:539-1228   -            230 235430at33208        -            372   5.2e-10   36.6   1.3   2   2    0.0002    0.0048   13.7   0.1   188   268   149   226   145   230 0.84 -
Pdum_DN82629_c0_g1_i4:473-2515   -            681 235430at33208        -            372   5.7e-10   36.5   0.0   1   2      0.12         3    4.5   0.0   211   246   202   237   198   247 0.82 -
Pdum_DN82629_c0_g1_i4:473-2515   -            681 235430at33208        -            372   5.7e-10   36.5   0.0   2   2   1.7e-08     4e-07   27.2   0.0    79   284   296   525   275   553 0.77 -
Pdum_DN84002_c0_g1_i8:796-1551   -            252 235430at33208        -            372   6.2e-10   36.4   0.4   1   2     0.022      0.53    7.0   0.0   105   136     9    40     6    47 0.79 -
Pdum_DN84002_c0_g1_i8:796-1551   -            252 235430at33208        -            372   6.2e-10   36.4   0.4   2   2   2.5e-08   6.1e-07   26.6   0.1   104   166    58   120    41   129 0.87 -
Pdum_DN86637_c0_g1_i2:178-705    -            176 235430at33208        -            372   2.7e-09   34.3   0.3   1   1   1.5e-10   3.7e-09   33.9   0.3   107   202    14   120     6   129 0.70 -
Pdum_DN91578_c1_g1_i1:293-997    -            235 235430at33208        -            372   5.1e-09   33.4   1.1   1   2       1.8        44    0.7   0.0    69   100     3    34     1    65 0.63 -
Pdum_DN91578_c1_g1_i1:293-997    -            235 235430at33208        -            372   5.1e-09   33.4   1.1   2   2     1e-09   2.4e-08   31.2   0.5   142   245   124   228    77   235 0.75 -
Pdum_DN82853_c0_g1_i2:2495-3019  -            175 235430at33208        -            372   7.7e-09   32.8   0.0   1   2   1.8e-06   4.5e-05   20.4   0.0   213   279     2    72     1    75 0.85 -
Pdum_DN82853_c0_g1_i2:2495-3019  -            175 235430at33208        -            372   7.7e-09   32.8   0.0   2   2   9.3e-05    0.0023   14.8   0.0   107   167    65   126    62   136 0.84 -
Pdum_DN89974_c1_g1_i2:3302-3844  -            181 235430at33208        -            372   9.7e-09   32.5   0.5   1   1   4.6e-10   1.1e-08   32.3   0.5   149   251     1   102     1   138 0.72 -
Pdum_DN69316_c0_g1_i1:312-956    -            215 235430at33208        -            372   1.1e-08   32.3   0.3   1   2    0.0012     0.029   11.2   0.0   221   257     5    41     1    48 0.75 -
Pdum_DN69316_c0_g1_i1:312-956    -            215 235430at33208        -            372   1.1e-08   32.3   0.3   2   2   2.3e-05   0.00055   16.8   0.1   140   211    57   133    43   204 0.62 -
Pdum_DN91069_c3_g1_i7:2506-3243  -            246 235430at33208        -            372   1.7e-08   31.7   0.2   1   2      0.58        14    2.3   0.0   133   168    32    71    21    82 0.61 -
Pdum_DN91069_c3_g1_i7:2506-3243  -            246 235430at33208        -            372   1.7e-08   31.7   0.2   2   2   8.6e-09   2.1e-07   28.1   0.1   127   282    86   244    52   246 0.91 -
Pdum_DN69263_c0_g1_i1:405-1196   -            264 235430at33208        -            372   2.3e-08   31.3   0.3   1   2   1.5e-05   0.00037   17.4   0.1   106   196     3   102     1   130 0.77 -
Pdum_DN69263_c0_g1_i1:405-1196   -            264 235430at33208        -            372   2.3e-08   31.3   0.3   2   2    0.0045      0.11    9.3   0.0   101   200   151   262   143   263 0.67 -
Pdum_DN83655_c1_g1_i2:238-2439   -            734 235430at33208        -            372   2.6e-08   31.1   0.2   1   4   7.9e-05    0.0019   15.0   0.0    66   130    17    89    12    92 0.82 -
Pdum_DN83655_c1_g1_i2:238-2439   -            734 235430at33208        -            372   2.6e-08   31.1   0.2   2   4      0.05       1.2    5.8   0.0   149   286   158   300   149   315 0.66 -
Pdum_DN83655_c1_g1_i2:238-2439   -            734 235430at33208        -            372   2.6e-08   31.1   0.2   3   4       2.3        57    0.3   0.0    94   130   439   475   428   480 0.80 -
Pdum_DN83655_c1_g1_i2:238-2439   -            734 235430at33208        -            372   2.6e-08   31.1   0.2   4   4      0.32       7.8    3.2   0.0    61   103   492   533   472   561 0.79 -
Pdum_DN90254_c2_g1_i7:1612-2445  -            278 235430at33208        -            372   2.7e-08   31.0   2.4   1   3      0.57        14    2.3   0.0   215   237     3    25     1    28 0.89 -
Pdum_DN90254_c2_g1_i7:1612-2445  -            278 235430at33208        -            372   2.7e-08   31.0   2.4   2   3   7.7e-05    0.0019   15.1   0.1   113   223    35   163    32   181 0.67 -
Pdum_DN90254_c2_g1_i7:1612-2445  -            278 235430at33208        -            372   2.7e-08   31.0   2.4   3   3   0.00053     0.013   12.3   0.1   108   142   223   257   165   267 0.76 -
Pdum_DN89812_c3_g1_i3:2-727      -            242 235430at33208        -            372   3.1e-08   30.8   0.5   1   2   1.5e-06   3.6e-05   20.7   0.1   171   254    49   133    41   143 0.88 -
Pdum_DN89812_c3_g1_i3:2-727      -            242 235430at33208        -            372   3.1e-08   30.8   0.5   2   2   5.6e-05    0.0014   15.5   0.0   109   193   112   204   111   213 0.82 -
Pdum_DN38861_c0_g1_i1:595-1392   -            266 235430at33208        -            372   5.6e-08   30.0   0.0   1   3       1.9        45    0.7   0.0    58    87     2    30     1    39 0.75 -
Pdum_DN38861_c0_g1_i1:595-1392   -            266 235430at33208        -            372   5.6e-08   30.0   0.0   2   3   0.00021     0.005   13.7   0.0   143   255    53   167     9   171 0.58 -
Pdum_DN38861_c0_g1_i1:595-1392   -            266 235430at33208        -            372   5.6e-08   30.0   0.0   3   3   0.00046     0.011   12.5   0.0    62   122   189   259   186   263 0.74 -
Pdum_DN71483_c1_g1_i1:599-1228   -            210 235430at33208        -            372   7.3e-08   29.6   0.3   1   1   9.3e-08   2.3e-06   24.7   0.3   106   201    85   191    74   195 0.78 -
Pdum_DN61369_c0_g1_i1:1242-1787  -            182 235430at33208        -            372   1.3e-07   28.8   0.0   1   2    0.0031     0.076    9.8   0.0   137   168    27    58     9    66 0.85 -
Pdum_DN61369_c0_g1_i1:1242-1787  -            182 235430at33208        -            372   1.3e-07   28.8   0.0   2   2   1.9e-05   0.00047   17.1   0.0   152   226    95   172    87   180 0.81 -
Pdum_DN83917_c0_g1_i10:2-1282    -            427 235430at33208        -            372   1.7e-07   28.4   0.7   1   2      0.29       7.1    3.3   0.0   170   196   147   177   138   239 0.60 -
Pdum_DN83917_c0_g1_i10:2-1282    -            427 235430at33208        -            372   1.7e-07   28.4   0.7   2   2   2.9e-07     7e-06   23.1   0.1    68   168   255   363   239   394 0.75 -
Pdum_DN90517_c4_g2_i3:211-1731   -            507 235430at33208        -            372   2.5e-07   27.8   0.3   1   3   3.2e-07   7.8e-06   22.9   0.0   173   246   253   331   246   336 0.84 -
Pdum_DN90517_c4_g2_i3:211-1731   -            507 235430at33208        -            372   2.5e-07   27.8   0.3   2   3       9.4   2.3e+02   -1.7   0.1   108   127   372   391   350   397 0.55 -
Pdum_DN90517_c4_g2_i3:211-1731   -            507 235430at33208        -            372   2.5e-07   27.8   0.3   3   3       2.3        55    0.4   0.0    99   121   483   505   457   506 0.85 -
Pdum_DN86294_c0_g1_i3:101-3103   -           1001 235430at33208        -            372   1.1e-06   25.7   0.0   1   1   8.6e-08   2.1e-06   24.8   0.0   105   297    65   270     4   277 0.71 -
Pdum_DN81583_c1_g1_i3:660-1619   -            320 235430at33208        -            372   1.2e-06   25.6   0.0   1   2     0.023      0.57    6.9   0.0   188   246    74   135    65   138 0.77 -
Pdum_DN81583_c1_g1_i3:660-1619   -            320 235430at33208        -            372   1.2e-06   25.6   0.0   2   2   0.00013    0.0032   14.3   0.0   144   247   164   272   141   283 0.80 -
Pdum_DN74905_c1_g1_i2:2-1102     -            367 235430at33208        -            372   1.2e-06   25.6   0.2   1   2     1e-06   2.5e-05   21.3   0.0   107   167   120   181   111   187 0.90 -
Pdum_DN74905_c1_g1_i2:2-1102     -            367 235430at33208        -            372   1.2e-06   25.6   0.2   2   2       1.5        36    1.0   0.0   212   245   218   254   212   266 0.71 -
Pdum_DN73864_c0_g1_i1:430-1335   -            302 235430at33208        -            372   1.2e-06   25.5   0.0   1   2   2.2e-05   0.00055   16.8   0.0    66   234    40   228    19   231 0.71 -
Pdum_DN73864_c0_g1_i1:430-1335   -            302 235430at33208        -            372   1.2e-06   25.5   0.0   2   2   0.00071     0.017   11.9   0.0   219   285   170   238   167   251 0.79 -
Pdum_DN89096_c2_g3_i4:2-1384     -            461 235430at33208        -            372   1.8e-06   25.0   0.6   1   2     2e-06   4.9e-05   20.3   0.0    51   201    99   256    95   293 0.76 -
Pdum_DN89096_c2_g3_i4:2-1384     -            461 235430at33208        -            372   1.8e-06   25.0   0.6   2   2         1        25    1.5   0.1    36   131   346   444   334   447 0.69 -
Pdum_DN75371_c0_g2_i4:68-763     -            232 235430at33208        -            372     2e-06   24.8   0.2   1   3    0.0057      0.14    8.9   0.0   231   277     3    51     1    59 0.86 -
Pdum_DN75371_c0_g2_i4:68-763     -            232 235430at33208        -            372     2e-06   24.8   0.2   2   3   0.00065     0.016   12.0   0.0   185   259   131   206    99   221 0.87 -
Pdum_DN75371_c0_g2_i4:68-763     -            232 235430at33208        -            372     2e-06   24.8   0.2   3   3       2.1        50    0.5   0.0    65    85   212   232   207   232 0.89 -
Pdum_DN80062_c1_g1_i8:396-980    -            195 235430at33208        -            372   2.1e-06   24.8   0.4   1   3      0.03      0.72    6.6   0.0   145   165    11    31     6    45 0.83 -
Pdum_DN80062_c1_g1_i8:396-980    -            195 235430at33208        -            372   2.1e-06   24.8   0.4   2   3   9.1e-05    0.0022   14.9   0.1   144   179   115   151   107   181 0.73 -
Pdum_DN80062_c1_g1_i8:396-980    -            195 235430at33208        -            372   2.1e-06   24.8   0.4   3   3       3.1        76   -0.1   0.0   142   170   157   186   150   190 0.77 -
Pdum_DN84536_c0_g1_i1:2255-2878  -            208 235430at33208        -            372   2.2e-06   24.7   0.2   1   2    0.0013     0.031   11.1   0.0   213   280    45   112     1   118 0.87 -
Pdum_DN84536_c0_g1_i1:2255-2878  -            208 235430at33208        -            372   2.2e-06   24.7   0.2   2   2   0.00096     0.023   11.5   0.1    63   125   135   205   122   208 0.68 -
Pdum_DN74254_c0_g1_i10:1266-1853 -            196 235430at33208        -            372   2.5e-06   24.6   0.1   1   2   7.9e-05    0.0019   15.1   0.0    62   122     8    70     4    75 0.84 -
Pdum_DN74254_c0_g1_i10:1266-1853 -            196 235430at33208        -            372   2.5e-06   24.6   0.1   2   2     0.016       0.4    7.4   0.2    66   132    95   168    80   189 0.50 -
Pdum_DN90079_c2_g2_i8:1469-1858  -            130 235430at33208        -            372   2.6e-06   24.5   0.1   1   1   1.6e-07     4e-06   23.9   0.1   101   177    38   118     1   127 0.63 -
Pdum_DN92828_c4_g1_i1:1100-1621  -            174 235430at33208        -            372   2.8e-06   24.4   1.1   1   1   2.2e-07   5.4e-06   23.4   1.1   133   287     4   170     1   174 0.77 -
Pdum_DN82465_c0_g2_i1:488-1204   -            239 235430at33208        -            372   2.9e-06   24.3   0.0   1   2   0.00053     0.013   12.3   0.0   148   243     1    94     1   100 0.68 -
Pdum_DN82465_c0_g2_i1:488-1204   -            239 235430at33208        -            372   2.9e-06   24.3   0.0   2   2     0.023      0.56    6.9   0.1    34    86   181   238   166   239 0.62 -
Pdum_DN92312_c5_g1_i1:3890-4381  -            164 235430at33208        -            372   3.3e-06   24.1   0.0   1   2   0.00062     0.015   12.1   0.0   105   134    28    57    15    71 0.67 -
Pdum_DN92312_c5_g1_i1:3890-4381  -            164 235430at33208        -            372   3.3e-06   24.1   0.0   2   2    0.0026     0.063   10.1   0.0   259   306   107   154    75   164 0.72 -
Pdum_DN82661_c0_g1_i10:527-1123  -            199 235430at33208        -            372   6.1e-06   23.3   0.0   1   1   3.4e-07   8.2e-06   22.8   0.0   215   299     1    83     1    96 0.84 -
Pdum_DN89224_c5_g2_i10:3220-3918 -            233 235430at33208        -            372   6.3e-06   23.2   0.0   1   1   3.3e-07   7.9e-06   22.9   0.0   144   248    99   207    70   220 0.81 -
Pdum_DN89809_c3_g1_i10:6324-7073 -            250 235430at33208        -            372   7.9e-06   22.9   0.0   1   2    0.0023     0.056   10.2   0.1   107   162    19    82    11    92 0.46 -
Pdum_DN89809_c3_g1_i10:6324-7073 -            250 235430at33208        -            372   7.9e-06   22.9   0.0   2   2    0.0058      0.14    8.9   0.0    62   117    99   154    93   198 0.80 -
Pdum_DN74464_c0_g1_i5:1442-2167  -            242 235430at33208        -            372   8.2e-06   22.8   0.1   1   2       2.2        52    0.4   0.0   173   225     8    64     4   116 0.58 -
Pdum_DN74464_c0_g1_i5:1442-2167  -            242 235430at33208        -            372   8.2e-06   22.8   0.1   2   2   2.2e-06   5.4e-05   20.2   0.0   133   246   106   228    94   234 0.79 -
Pdum_DN83005_c1_g1_i1:16-1335    -            440 235430at33208        -            372   1.1e-05   22.4   0.5   1   2       1.6        39    0.9   0.0   189   230    19    59     9    78 0.64 -
Pdum_DN83005_c1_g1_i1:16-1335    -            440 235430at33208        -            372   1.1e-05   22.4   0.5   2   2   3.2e-06   7.9e-05   19.6   0.3    98   184   112   204    41   212 0.54 -
Pdum_DN57990_c0_g1_i2:33-530     -            166 235430at33208        -            372   1.4e-05   22.1   0.1   1   2     0.034      0.83    6.4   0.0   223   249    56    83     1    93 0.53 -
Pdum_DN57990_c0_g1_i2:33-530     -            166 235430at33208        -            372   1.4e-05   22.1   0.1   2   2   0.00014    0.0034   14.2   0.0   180   240   101   161    94   166 0.86 -
Pdum_DN79525_c1_g1_i2:759-1442   -            228 235430at33208        -            372   4.1e-05   20.5   0.1   1   2   1.1e-05   0.00026   17.9   0.1   139   246     7   122     1   127 0.76 -
Pdum_DN79525_c1_g1_i2:759-1442   -            228 235430at33208        -            372   4.1e-05   20.5   0.1   2   2       2.3        55    0.4   0.0   145   175   162   194   154   225 0.59 -
Pdum_DN70491_c0_g1_i1:1-1254     -            418 235430at33208        -            372   4.3e-05   20.5   0.0   1   2       3.7        89   -0.3   0.0   171   208    89   131    77   140 0.59 -
Pdum_DN70491_c0_g1_i1:1-1254     -            418 235430at33208        -            372   4.3e-05   20.5   0.0   2   2   9.9e-06   0.00024   18.0   0.0    72   164   161   265   145   277 0.69 -
Pdum_DN84033_c1_g3_i1:1082-1726  -            215 235430at33208        -            372   4.6e-05   20.4   0.1   1   2    0.0051      0.12    9.1   0.0   208   283     2    94     1   113 0.71 -
Pdum_DN84033_c1_g3_i1:1082-1726  -            215 235430at33208        -            372   4.6e-05   20.4   0.1   2   2      0.07       1.7    5.4   0.1   101   120   120   139   102   151 0.81 -
Pdum_DN88739_c2_g1_i2:407-1549   -            381 235430at33208        -            372   4.7e-05   20.4   0.3   1   2   0.00017    0.0042   13.9   0.2   104   160   237   295   215   303 0.83 -
Pdum_DN88739_c2_g1_i2:407-1549   -            381 235430at33208        -            372   4.7e-05   20.4   0.3   2   2      0.84        20    1.8   0.0   127   157   334   365   327   371 0.82 -
Pdum_DN89782_c4_g2_i2:556-4518   -           1321 235430at33208        -            372   8.8e-05   19.5   0.1   1   2     0.081         2    5.1   0.0   222   284   101   163    24   183 0.54 -
Pdum_DN89782_c4_g2_i2:556-4518   -           1321 235430at33208        -            372   8.8e-05   19.5   0.1   2   2    0.0008      0.02   11.7   0.1   204   285   261   344   237   361 0.83 -
Pdum_DN34036_c0_g1_i1:478-1620   -            381 235430at33208        -            372   9.3e-05   19.4   0.0   1   1   5.6e-06   0.00014   18.8   0.0   107   166   205   267   165   275 0.87 -
Pdum_DN87538_c0_g1_i11:59-631    -            191 235430at33208        -            372   0.00011   19.2   0.1   1   2   0.00011    0.0026   14.6   0.0    64   216    12    96     1   134 0.46 -
Pdum_DN87538_c0_g1_i11:59-631    -            191 235430at33208        -            372   0.00011   19.2   0.1   2   2      0.47        11    2.6   0.0   149   165   164   180   156   182 0.82 -
Pdum_DN92312_c4_g1_i6:372-914    -            181 235430at33208        -            372   0.00011   19.1   0.1   1   1     9e-06   0.00022   18.2   0.0   176   252     9    91     6   114 0.78 -
Pdum_DN86351_c0_g1_i1:4485-5351  -            289 235430at33208        -            372   0.00011   19.1   0.0   1   2     0.012      0.28    7.9   0.0   173   250   120   201   106   212 0.71 -
Pdum_DN86351_c0_g1_i1:4485-5351  -            289 235430at33208        -            372   0.00011   19.1   0.0   2   2    0.0045      0.11    9.3   0.0    80   161   201   286   198   288 0.67 -
Pdum_DN78867_c0_g1_i4:315-983    -            223 235430at33208        -            372   0.00014   18.8   0.0   1   1   1.3e-05   0.00031   17.7   0.0   142   287    23   170     1   178 0.79 -
Pdum_DN85858_c0_g1_i11:292-1188  -            299 235430at33208        -            372   0.00019   18.4   0.2   1   1   1.2e-05   0.00029   17.8   0.2    71   165   100   206    87   231 0.75 -
Pdum_DN83223_c0_g2_i1:739-1377   -            213 235430at33208        -            372   0.00025   18.0   0.0   1   2   0.00016    0.0039   14.0   0.0   188   283     8   107     4   124 0.71 -
Pdum_DN83223_c0_g2_i1:739-1377   -            213 235430at33208        -            372   0.00025   18.0   0.0   2   2      0.85        21    1.8   0.0   217   245   128   156   116   163 0.81 -
Pdum_DN87384_c0_g1_i3:1267-1899  -            211 235430at33208        -            372   0.00031   17.6   0.0   1   3       5.6   1.4e+02   -0.9   0.0    68    98    35    65    30    75 0.84 -
Pdum_DN87384_c0_g1_i3:1267-1899  -            211 235430at33208        -            372   0.00031   17.6   0.0   2   3       1.6        38    0.9   0.0    20    46    70    97    56   106 0.78 -
Pdum_DN87384_c0_g1_i3:1267-1899  -            211 235430at33208        -            372   0.00031   17.6   0.0   3   3   0.00023    0.0056   13.5   0.0   225   283   151   210   138   211 0.69 -
Pdum_DN92600_c5_g2_i1:144-365    -             74 235430at33208        -            372   0.00038   17.4   0.0   1   1   1.6e-05    0.0004   17.3   0.0   180   240     9    69     4    74 0.86 -
Pdum_DN90581_c4_g2_i3:17-301     -             95 235430at33208        -            372   0.00045   17.1   0.0   1   1     2e-05   0.00049   17.0   0.0   173   246    17    92     8    95 0.85 -
Pdum_DN84945_c0_g1_i5:1762-2376  -            205 235430at33208        -            372   0.00071   16.5   0.0   1   1   6.6e-05    0.0016   15.3   0.0   144   247    68   174    60   187 0.84 -
Pdum_DN85938_c0_g1_i1:258-608    -            117 235430at33208        -            372   0.00078   16.3   0.0   1   2   0.00028    0.0067   13.3   0.0   215   283     1    72     1    80 0.80 -
Pdum_DN85938_c0_g1_i1:258-608    -            117 235430at33208        -            372   0.00078   16.3   0.0   2   2      0.21       5.2    3.7   0.0    70    93    58    81    48   117 0.41 -
Pdum_DN76178_c0_g1_i1:3394-3981  -            196 235430at33208        -            372    0.0011   15.8   1.7   1   3       4.4   1.1e+02   -0.6   0.0    73   121    19    33     3    42 0.54 -
Pdum_DN76178_c0_g1_i1:3394-3981  -            196 235430at33208        -            372    0.0011   15.8   1.7   2   3   0.00039    0.0095   12.8   0.1   212   289    63   142    53   149 0.83 -
Pdum_DN76178_c0_g1_i1:3394-3981  -            196 235430at33208        -            372    0.0011   15.8   1.7   3   3       1.6        39    0.9   0.0   144   175   161   192   153   195 0.66 -
Pdum_DN66486_c0_g1_i1:419-1648   -            410 235430at33208        -            372    0.0012   15.8   0.7   1   3       4.4   1.1e+02   -0.6   0.0   217   248    69   100    47   108 0.61 -
Pdum_DN66486_c0_g1_i1:419-1648   -            410 235430at33208        -            372    0.0012   15.8   0.7   2   3   0.00093     0.023   11.5   0.0   180   251   158   229   153   237 0.85 -
Pdum_DN66486_c0_g1_i1:419-1648   -            410 235430at33208        -            372    0.0012   15.8   0.7   3   3       2.5        61    0.2   0.0   170   228   292   352   284   382 0.66 -
Pdum_DN92435_c3_g1_i6:249-854    -            202 235430at33208        -            372    0.0012   15.7   0.3   1   1   0.00024    0.0058   13.5   0.4   188   274    24   111    10   125 0.74 -
Pdum_DN80657_c0_g1_i8:864-1619   -            252 235430at33208        -            372    0.0012   15.7   0.0   1   2      0.03      0.72    6.6   0.0   127   274    24   178    14   189 0.73 -
Pdum_DN80657_c0_g1_i8:864-1619   -            252 235430at33208        -            372    0.0012   15.7   0.0   2   2     0.011      0.26    8.0   0.0    82   177   143   246   101   249 0.62 -
Pdum_DN70029_c0_g1_i5:236-670    -            145 235430at33208        -            372    0.0025   14.6   0.1   1   3     0.024      0.59    6.9   0.0   127   165    14    53     1    63 0.64 -
Pdum_DN70029_c0_g1_i5:236-670    -            145 235430at33208        -            372    0.0025   14.6   0.1   2   3      0.06       1.5    5.6   0.1    67    98    79   115    60   126 0.76 -
Pdum_DN70029_c0_g1_i5:236-670    -            145 235430at33208        -            372    0.0025   14.6   0.1   3   3       1.4        33    1.1   0.0   155   193    96   138    94   143 0.64 -
Pdum_DN70256_c0_g1_i2:778-1377   -            200 235430at33208        -            372     0.003   14.4   0.0   1   1    0.0034     0.083    9.7   0.0   179   252   124   197     1   200 0.51 -
Pdum_DN83131_c0_g1_i8:1091-1750  -            220 235430at33208        -            372    0.0062   13.4   0.0   1   1   0.00038    0.0094   12.8   0.0   118   209    26   127    15   143 0.69 -
Pdum_DN69324_c0_g1_i2:232-1023   -            264 235430at33208        -            372    0.0063   13.4   0.4   1   2    0.0036     0.088    9.6   0.2   105   127    78   100    35   106 0.70 -
Pdum_DN69324_c0_g1_i2:232-1023   -            264 235430at33208        -            372    0.0063   13.4   0.4   2   2       8.1     2e+02   -1.4   0.0    73    93   208   228   193   258 0.58 -
Pdum_DN77163_c0_g1_i7:250-627    -            126 235430at33208        -            372     0.011   12.6   0.0   1   1   0.00056     0.014   12.3   0.0   145   212     8    80     3    89 0.77 -
Pdum_DN77384_c0_g1_i7:393-935    -            181 235430at33208        -            372     0.012   12.4   0.0   1   1   0.00082      0.02   11.7   0.0   103   200    76   178    10   180 0.63 -
Pdum_DN55647_c0_g1_i2:33-551     -            173 235430at33208        -            372     0.015   12.1   0.0   1   2     0.068       1.7    5.4   0.0    69   102    16    50     5   121 0.61 -
Pdum_DN55647_c0_g1_i2:33-551     -            173 235430at33208        -            372     0.015   12.1   0.0   2   2       2.5        61    0.2   0.0   214   255   122   163   109   172 0.62 -
Pdum_DN90172_c5_g1_i3:2389-3285  -            299 235430at33208        -            372     0.015   12.1   0.1   1   2       1.6        40    0.8   0.0   170   217    67   118    46   182 0.63 -
Pdum_DN90172_c5_g1_i3:2389-3285  -            299 235430at33208        -            372     0.015   12.1   0.1   2   2     0.018      0.43    7.3   0.8   147   228   193   281   139   299 0.58 -
Pdum_DN85510_c0_g1_i3:3283-3711  -            143 235430at33208        -            372     0.031   11.1   0.0   1   2      0.17         4    4.1   0.0    61    91    35    65     8    71 0.68 -
Pdum_DN85510_c0_g1_i3:3283-3711  -            143 235430at33208        -            372     0.031   11.1   0.0   2   2       0.1       2.5    4.8   0.0   191   244    86   142    66   143 0.80 -
#
# Program:         hmmsearch
# Version:         3.1b2 (February 2015)
# Pipeline mode:   SEARCH
# Query file:      /mnt/f/phylo/WORMS/busco_analysis/busco_downloads/lineages/metazoa_odb10/hmms/235430at33208.hmm
# Target file:     /mnt/f/phylo/WORMS/busco_analysis/metazoa_lineage_result/run_metazoa_odb10/metaeuk_output/initial_results/Platynereis_ref.eggnog_filter.nucl.fasta.modified.fas
# Option settings: hmmsearch --domtblout /mnt/f/phylo/WORMS/busco_analysis/metazoa_lineage_result/run_metazoa_odb10/hmmer_output/initial_run_results/235430at33208.out --cpu 1 /mnt/f/phylo/WORMS/busco_analysis/busco_downloads/lineages/metazoa_odb10/hmms/235430at33208.hmm /mnt/f/phylo/WORMS/busco_analysis/metazoa_lineage_result/run_metazoa_odb10/metaeuk_output/initial_results/Platynereis_ref.eggnog_filter.nucl.fasta.modified.fas 
# Current dir:     /mnt/f/phylo/WORMS/busco_analysis
# Date:            Sun Mar 12 20:41:50 2023
# [ok]
