#                                                                                        --- full sequence --- -------------- this domain -------------   hmm coord   ali coord   env coord
# target name                    accession   tlen query name           accession   qlen   E-value  score  bias   #  of  c-Evalue  i-Evalue  score  bias  from    to  from    to  from    to  acc description of target
#            ------------------- ---------- ----- -------------------- ---------- ----- --------- ------ ----- --- --- --------- --------- ------ ----- ----- ----- ----- ----- ----- ----- ---- ---------------------
Pdum_DN88256_c0_g1_i4:512-2926   -            805 266808at33208        -            354   1.4e-41  140.5  27.7   1   6   3.6e-13   8.8e-12   42.4   1.2    98   262    44   214    31   228 0.53 -
Pdum_DN88256_c0_g1_i4:512-2926   -            805 266808at33208        -            354   1.4e-41  140.5  27.7   2   6   1.6e-11     4e-10   37.0   3.2   108   281    98   285    98   295 0.77 -
Pdum_DN88256_c0_g1_i4:512-2926   -            805 266808at33208        -            354   1.4e-41  140.5  27.7   3   6       5.8   1.4e+02   -1.0   0.0    47    90   286   329   278   337 0.75 -
Pdum_DN88256_c0_g1_i4:512-2926   -            805 266808at33208        -            354   1.4e-41  140.5  27.7   4   6   4.5e-13   1.1e-11   42.1   2.4   150   263   338   459   299   463 0.77 -
Pdum_DN88256_c0_g1_i4:512-2926   -            805 266808at33208        -            354   1.4e-41  140.5  27.7   5   6   7.5e-15   1.8e-13   48.0   0.0   153   270   482   602   471   609 0.86 -
Pdum_DN88256_c0_g1_i4:512-2926   -            805 266808at33208        -            354   1.4e-41  140.5  27.7   6   6   5.5e-06   0.00014   18.8   0.0   206   263   582   637   580   647 0.89 -
Pdum_DN80129_c0_g2_i7:710-1570   -            287 266808at33208        -            354   1.2e-36  124.2   8.2   1   4     8e-12     2e-10   38.0   0.7   192   273     8    87     3    91 0.89 -
Pdum_DN80129_c0_g2_i7:710-1570   -            287 266808at33208        -            354   1.2e-36  124.2   8.2   2   4   5.2e-08   1.3e-06   25.5   0.0   194   251    94   149    88   149 0.91 -
Pdum_DN80129_c0_g2_i7:710-1570   -            287 266808at33208        -            354   1.2e-36  124.2   8.2   3   4   1.6e-19     4e-18   63.3   0.1   193   276   135   217   130   228 0.92 -
Pdum_DN80129_c0_g2_i7:710-1570   -            287 266808at33208        -            354   1.2e-36  124.2   8.2   4   4     0.016       0.4    7.4   0.1   240   273   225   259   215   263 0.80 -
Pdum_DN87680_c1_g3_i1:3327-4124  -            266 266808at33208        -            354   5.6e-32  108.9   2.6   1   3   7.4e-22   1.8e-20   71.0   1.6   154   275     8   132     5   138 0.89 -
Pdum_DN87680_c1_g3_i1:3327-4124  -            266 266808at33208        -            354   5.6e-32  108.9   2.6   2   3   1.5e-05   0.00036   17.4   0.0   193   273   136   234   131   235 0.69 -
Pdum_DN87680_c1_g3_i1:3327-4124  -            266 266808at33208        -            354   5.6e-32  108.9   2.6   3   3   1.9e-08   4.6e-07   26.9   0.0   121   181   207   265   199   266 0.87 -
Pdum_DN78854_c0_g1_i1:1579-2349  -            257 266808at33208        -            354   1.4e-31  107.6   7.3   1   2   1.3e-22   3.2e-21   73.5   3.1   108   271     2   167     1   169 0.86 -
Pdum_DN78854_c0_g1_i1:1579-2349  -            257 266808at33208        -            354   1.4e-31  107.6   7.3   2   2   1.9e-13   4.7e-12   43.3   0.1   155   261   132   241   129   250 0.76 -
Pdum_DN78086_c1_g1_i5:2830-3705  -            292 266808at33208        -            354   1.6e-31  107.4   9.2   1   4   1.1e-06   2.6e-05   21.2   0.3   194   273    11    89     8    89 0.84 -
Pdum_DN78086_c1_g1_i5:2830-3705  -            292 266808at33208        -            354   1.6e-31  107.4   9.2   2   4     2e-10   4.8e-09   33.4   0.1   198   275    58   133    46   135 0.87 -
Pdum_DN78086_c1_g1_i5:2830-3705  -            292 266808at33208        -            354   1.6e-31  107.4   9.2   3   4   9.5e-21   2.3e-19   67.4   0.7   101   270    83   254    78   257 0.85 -
Pdum_DN78086_c1_g1_i5:2830-3705  -            292 266808at33208        -            354   1.6e-31  107.4   9.2   4   4    0.0036     0.089    9.5   0.0   321   351   256   286   251   289 0.92 -
Pdum_DN90586_c2_g3_i4:2166-2804  -            213 266808at33208        -            354   1.3e-30  104.3   0.0   1   3   2.1e-16   5.1e-15   53.1   0.0   148   275     5   136     1   139 0.89 -
Pdum_DN90586_c2_g3_i4:2166-2804  -            213 266808at33208        -            354   1.3e-30  104.3   0.0   2   3   1.7e-12   4.1e-11   40.3   0.0   156   269    98   172    95   176 0.52 -
Pdum_DN90586_c2_g3_i4:2166-2804  -            213 266808at33208        -            354   1.3e-30  104.3   0.0   3   3   1.4e-06   3.4e-05   20.8   0.0   101   137   170   207   165   211 0.87 -
Pdum_DN92078_c7_g2_i1:2888-3787  -            300 266808at33208        -            354   2.6e-29  100.1   0.4   1   3   1.4e-07   3.4e-06   24.1   0.0    68   138     4    66     1    70 0.92 -
Pdum_DN92078_c7_g2_i1:2888-3787  -            300 266808at33208        -            354   2.6e-29  100.1   0.4   2   3   1.8e-21   4.3e-20   69.8   0.0   104   276    73   250    69   256 0.87 -
Pdum_DN92078_c7_g2_i1:2888-3787  -            300 266808at33208        -            354   2.6e-29  100.1   0.4   3   3      0.31       7.5    3.2   0.0   156   190   254   288   242   297 0.78 -
Pdum_DN82012_c2_g2_i1:484-1302   -            273 266808at33208        -            354   2.7e-29  100.1   5.9   1   2   4.9e-23   1.2e-21   74.9   2.3    88   272    22   201     9   202 0.81 -
Pdum_DN82012_c2_g2_i1:484-1302   -            273 266808at33208        -            354   2.7e-29  100.1   5.9   2   2   1.4e-10   3.5e-09   33.9   0.1   200   268   173   240   163   252 0.85 -
Pdum_DN74150_c0_g1_i3:157-2955   -            933 266808at33208        -            354     3e-29   99.9   3.6   1   4   9.7e-13   2.4e-11   41.0   0.3   151   276    64   192    45   197 0.87 -
Pdum_DN74150_c0_g1_i3:157-2955   -            933 266808at33208        -            354     3e-29   99.9   3.6   2   4   1.2e-06   2.9e-05   21.0   0.1   154   262   408   516   402   522 0.73 -
Pdum_DN74150_c0_g1_i3:157-2955   -            933 266808at33208        -            354     3e-29   99.9   3.6   3   4   5.9e-08   1.4e-06   25.3   0.0   145   267   535   660   523   667 0.83 -
Pdum_DN74150_c0_g1_i3:157-2955   -            933 266808at33208        -            354     3e-29   99.9   3.6   4   4     0.011      0.26    8.0   0.0    53    86   662   695   654   712 0.76 -
Pdum_DN84798_c1_g2_i5:993-2768   -            592 266808at33208        -            354     1e-27   94.8   3.4   1   4    0.0069      0.17    8.6   0.0   192   224    51    83    16   112 0.80 -
Pdum_DN84798_c1_g2_i5:993-2768   -            592 266808at33208        -            354     1e-27   94.8   3.4   2   4   6.7e-12   1.7e-10   38.3   0.0   151   272   135   262   124   273 0.80 -
Pdum_DN84798_c1_g2_i5:993-2768   -            592 266808at33208        -            354     1e-27   94.8   3.4   3   4    0.0045      0.11    9.2   0.4   194   262   314   379   302   407 0.83 -
Pdum_DN84798_c1_g2_i5:993-2768   -            592 266808at33208        -            354     1e-27   94.8   3.4   4   4   3.3e-11   8.1e-10   36.0   0.1   126   262   449   591   419   592 0.79 -
Pdum_DN80927_c0_g1_i1:489-1964   -            492 266808at33208        -            354   2.1e-27   93.8   1.5   1   4     0.087       2.1    5.0   0.0   105   143   144   183   127   195 0.71 -
Pdum_DN80927_c0_g1_i1:489-1964   -            492 266808at33208        -            354   2.1e-27   93.8   1.5   2   4   8.1e-09     2e-07   28.1   0.1   192   272   206   283   197   292 0.90 -
Pdum_DN80927_c0_g1_i1:489-1964   -            492 266808at33208        -            354   2.1e-27   93.8   1.5   3   4   2.2e-05   0.00055   16.8   0.0   100   164   318   381   303   384 0.71 -
Pdum_DN80927_c0_g1_i1:489-1964   -            492 266808at33208        -            354   2.1e-27   93.8   1.5   4   4   3.4e-12   8.4e-11   39.2   0.1   203   276   392   463   383   486 0.89 -
Pdum_DN87134_c2_g1_i3:1621-2460  -            280 266808at33208        -            354   2.8e-27   93.4   3.0   1   3   5.1e-08   1.2e-06   25.5   0.0   108   187     1    77     1    85 0.93 -
Pdum_DN87134_c2_g1_i3:1621-2460  -            280 266808at33208        -            354   2.8e-27   93.4   3.0   2   3   1.5e-15   3.6e-14   50.3   1.9   104   269    85   248    78   250 0.87 -
Pdum_DN87134_c2_g1_i3:1621-2460  -            280 266808at33208        -            354   2.8e-27   93.4   3.0   3   3     2e-05   0.00049   17.0   0.0   103   136   248   280   245   280 0.91 -
Pdum_DN74356_c1_g1_i1:377-1456   -            360 266808at33208        -            354   2.2e-25   87.2   1.6   1   3   3.3e-08   8.2e-07   26.1   0.0   194   273     8    85     3    93 0.90 -
Pdum_DN74356_c1_g1_i1:377-1456   -            360 266808at33208        -            354   2.2e-25   87.2   1.6   2   3   4.9e-10   1.2e-08   32.1   0.0   105   216    83   212    80   218 0.76 -
Pdum_DN74356_c1_g1_i1:377-1456   -            360 266808at33208        -            354   2.2e-25   87.2   1.6   3   3   3.9e-08   9.6e-07   25.9   0.1   190   271   245   325   236   354 0.83 -
Pdum_DN87342_c0_g1_i8:5-2425     -            807 266808at33208        -            354   1.9e-24   84.1   0.1   1   3     0.012      0.29    7.8   0.0   144   310    47   217    31   231 0.65 -
Pdum_DN87342_c0_g1_i8:5-2425     -            807 266808at33208        -            354   1.9e-24   84.1   0.1   2   3   1.8e-16   4.4e-15   53.3   0.0   118   337   303   519   294   519 0.78 -
Pdum_DN87342_c0_g1_i8:5-2425     -            807 266808at33208        -            354   1.9e-24   84.1   0.1   3   3   9.5e-08   2.3e-06   24.6   0.0    93   184   490   580   465   654 0.87 -
Pdum_DN79110_c0_g1_i7:340-1365   -            342 266808at33208        -            354   5.3e-24   82.6   0.2   1   3   8.1e-06    0.0002   18.3   0.0   195   271    57   132    45   137 0.83 -
Pdum_DN79110_c0_g1_i7:340-1365   -            342 266808at33208        -            354   5.3e-24   82.6   0.2   2   3   1.1e-11   2.6e-10   37.6   0.1   185   275   136   220   128   224 0.83 -
Pdum_DN79110_c0_g1_i7:340-1365   -            342 266808at33208        -            354   5.3e-24   82.6   0.2   3   3   3.1e-07   7.7e-06   22.9   0.0   151   262   219   341   214   342 0.78 -
Pdum_DN73138_c0_g1_i1:392-1264   -            291 266808at33208        -            354   1.7e-23   81.0   3.1   1   3   2.6e-09   6.3e-08   29.8   0.4   190   274    11    93     3    98 0.88 -
Pdum_DN73138_c0_g1_i1:392-1264   -            291 266808at33208        -            354   1.7e-23   81.0   3.1   2   3   0.00097     0.024   11.4   0.0   192   233    97   140    93   149 0.74 -
Pdum_DN73138_c0_g1_i1:392-1264   -            291 266808at33208        -            354   1.7e-23   81.0   3.1   3   3   2.8e-12   6.8e-11   39.5   0.2   202   342   149   281   131   286 0.89 -
Pdum_DN83588_c0_g2_i13:1452-2396 -            315 266808at33208        -            354     3e-23   80.2   0.3   1   4         3        74   -0.1   0.0   201   217    10    26     2    31 0.65 -
Pdum_DN83588_c0_g2_i13:1452-2396 -            315 266808at33208        -            354     3e-23   80.2   0.3   2   4   2.2e-13   5.4e-12   43.1   0.0   195   324    48   172    40   182 0.87 -
Pdum_DN83588_c0_g2_i13:1452-2396 -            315 266808at33208        -            354     3e-23   80.2   0.3   3   4   2.1e-05   0.00051   16.9   0.0   194   265   132   217   126   227 0.68 -
Pdum_DN83588_c0_g2_i13:1452-2396 -            315 266808at33208        -            354     3e-23   80.2   0.3   4   4   6.2e-07   1.5e-05   21.9   0.0   177   262   228   315   219   315 0.79 -
Pdum_DN83588_c0_g2_i13:1293-2279 -            329 266808at33208        -            354   5.1e-23   79.4   0.0   1   3   3.6e-13   8.7e-12   42.5   0.0   195   319     9   126     2   136 0.88 -
Pdum_DN83588_c0_g2_i13:1293-2279 -            329 266808at33208        -            354   5.1e-23   79.4   0.0   2   3   2.3e-05   0.00055   16.8   0.0   194   265    93   178    87   188 0.68 -
Pdum_DN83588_c0_g2_i13:1293-2279 -            329 266808at33208        -            354   5.1e-23   79.4   0.0   3   3   2.5e-07   6.1e-06   23.2   0.0   177   263   189   277   180   286 0.79 -
Pdum_DN84903_c4_g3_i8:753-1754   -            334 266808at33208        -            354   9.3e-23   78.6   1.3   1   2   4.1e-15     1e-13   48.8   0.5    30   216    24   209    18   210 0.83 -
Pdum_DN84903_c4_g3_i8:753-1754   -            334 266808at33208        -            354   9.3e-23   78.6   1.3   2   2   3.3e-11     8e-10   36.0   0.0   108   264   139   300   129   319 0.80 -
Pdum_DN85045_c0_g1_i5:248-835    -            196 266808at33208        -            354   1.1e-22   78.3   0.1   1   3   7.7e-07   1.9e-05   21.6   0.0   195   273     6    82     3    87 0.89 -
Pdum_DN85045_c0_g1_i5:248-835    -            196 266808at33208        -            354   1.1e-22   78.3   0.1   2   3   2.9e-14     7e-13   46.1   0.0   192   274    87   167    84   170 0.91 -
Pdum_DN85045_c0_g1_i5:248-835    -            196 266808at33208        -            354   1.1e-22   78.3   0.1   3   3     0.011      0.27    7.9   0.0   234   261   169   196   166   196 0.86 -
Pdum_DN84894_c0_g1_i9:97-867     -            257 266808at33208        -            354   1.4e-22   78.0   0.0   1   4     1e-06   2.5e-05   21.2   0.0   188   266    15    92     1   100 0.84 -
Pdum_DN84894_c0_g1_i9:97-867     -            257 266808at33208        -            354   1.4e-22   78.0   0.0   2   4   2.6e-07   6.5e-06   23.2   0.0   194   273    64   141    59   146 0.83 -
Pdum_DN84894_c0_g1_i9:97-867     -            257 266808at33208        -            354   1.4e-22   78.0   0.0   3   4   7.6e-10   1.9e-08   31.5   0.0   194   273   148   226   137   232 0.83 -
Pdum_DN84894_c0_g1_i9:97-867     -            257 266808at33208        -            354   1.4e-22   78.0   0.0   4   4   1.4e-05   0.00035   17.4   0.1   193   261   189   256   183   257 0.87 -
Pdum_DN72920_c0_g1_i5:770-1675   -            302 266808at33208        -            354   6.3e-22   75.8   5.8   1   3     9e-05    0.0022   14.8   0.1   202   269    30    97     7   106 0.86 -
Pdum_DN72920_c0_g1_i5:770-1675   -            302 266808at33208        -            354   6.3e-22   75.8   5.8   2   3   3.3e-06     8e-05   19.6   0.0   194   273   108   185   103   189 0.83 -
Pdum_DN72920_c0_g1_i5:770-1675   -            302 266808at33208        -            354   6.3e-22   75.8   5.8   3   3   3.4e-12   8.3e-11   39.2   1.6   153   260   188   298   186   301 0.86 -
Pdum_DN77740_c0_g3_i3:100-1476   -            459 266808at33208        -            354   1.5e-21   74.6   2.0   1   3     1e-08   2.5e-07   27.8   0.0   193   273   153   231   140   232 0.87 -
Pdum_DN77740_c0_g3_i3:100-1476   -            459 266808at33208        -            354   1.5e-21   74.6   2.0   2   3   6.5e-11   1.6e-09   35.0   0.1    97   216   221   343   220   343 0.84 -
Pdum_DN77740_c0_g3_i3:100-1476   -            459 266808at33208        -            354   1.5e-21   74.6   2.0   3   3   4.7e-08   1.2e-06   25.6   0.0    98   260   264   434   262   442 0.72 -
Pdum_DN66325_c0_g1_i1:831-1904   -            358 266808at33208        -            354   2.6e-21   73.8   0.6   1   3   7.9e-13   1.9e-11   41.3   0.0   194   269    36   111    21   112 0.90 -
Pdum_DN66325_c0_g1_i1:831-1904   -            358 266808at33208        -            354   2.6e-21   73.8   0.6   2   3   6.9e-09   1.7e-07   28.4   0.0   194   260    80   148    78   157 0.89 -
Pdum_DN66325_c0_g1_i1:831-1904   -            358 266808at33208        -            354   2.6e-21   73.8   0.6   3   3   4.5e-05    0.0011   15.8   0.0   201   351   186   358   173   358 0.71 -
Pdum_DN78454_c0_g1_i4:576-2111   -            512 266808at33208        -            354   6.6e-20   69.2   2.4   1   3   0.00042      0.01   12.6   0.0   188   222   213   247   203   258 0.82 -
Pdum_DN78454_c0_g1_i4:576-2111   -            512 266808at33208        -            354   6.6e-20   69.2   2.4   2   3   4.8e-10   1.2e-08   32.2   0.2   185   276   260   350   252   359 0.89 -
Pdum_DN78454_c0_g1_i4:576-2111   -            512 266808at33208        -            354   6.6e-20   69.2   2.4   3   3   2.2e-06   5.3e-05   20.1   0.2   194   351   354   510   348   512 0.71 -
Pdum_DN91072_c6_g2_i4:11-988     -            326 266808at33208        -            354   8.2e-20   68.9   3.5   1   3     0.003     0.074    9.8   0.0   234   266    32    64    17    70 0.85 -
Pdum_DN91072_c6_g2_i4:11-988     -            326 266808at33208        -            354   8.2e-20   68.9   3.5   2   3   1.3e-07   3.1e-06   24.2   0.7   190   270    73   154    66   167 0.82 -
Pdum_DN91072_c6_g2_i4:11-988     -            326 266808at33208        -            354   8.2e-20   68.9   3.5   3   3   1.4e-10   3.3e-09   34.0   0.0   152   258   168   277   161   292 0.82 -
Pdum_DN66770_c0_g1_i1:157-1065   -            303 266808at33208        -            354   1.2e-19   68.3   8.4   1   2   4.9e-16   1.2e-14   51.9   2.6   197   351    22   170    10   173 0.86 -
Pdum_DN66770_c0_g1_i1:157-1065   -            303 266808at33208        -            354   1.2e-19   68.3   8.4   2   2   2.9e-06   7.2e-05   19.7   0.3   154   260   188   303   176   303 0.72 -
Pdum_DN77965_c1_g1_i1:1646-2635  -            330 266808at33208        -            354   1.6e-19   67.9   0.2   1   4     6e-05    0.0015   15.4   0.2   194   266    16    89     3   100 0.83 -
Pdum_DN77965_c1_g1_i1:1646-2635  -            330 266808at33208        -            354   1.6e-19   67.9   0.2   2   4   1.1e-10   2.8e-09   34.2   0.0    58   179    99   216    90   218 0.80 -
Pdum_DN77965_c1_g1_i1:1646-2635  -            330 266808at33208        -            354   1.6e-19   67.9   0.2   3   4     0.016      0.39    7.4   0.0   102   140   182   221   174   239 0.76 -
Pdum_DN77965_c1_g1_i1:1646-2635  -            330 266808at33208        -            354   1.6e-19   67.9   0.2   4   4    0.0011     0.027   11.2   0.0    61   136   249   327   232   329 0.76 -
Pdum_DN80498_c1_g1_i1:1987-2589  -            201 266808at33208        -            354   1.7e-19   67.8   1.4   1   2    0.0023     0.057   10.2   0.0   236   274     5    43     1    49 0.87 -
Pdum_DN80498_c1_g1_i1:1987-2589  -            201 266808at33208        -            354   1.7e-19   67.8   1.4   2   2   1.4e-17   3.5e-16   56.9   0.3   198   351    55   201    46   201 0.92 -
Pdum_DN84241_c0_g1_i1:2776-3423  -            216 266808at33208        -            354   2.1e-19   67.5   0.2   1   2   0.00013    0.0032   14.3   0.0   192   217    14    39     1    47 0.61 -
Pdum_DN84241_c0_g1_i1:2776-3423  -            216 266808at33208        -            354   2.1e-19   67.5   0.2   2   2   7.3e-16   1.8e-14   51.3   0.0   104   261    48   212    44   216 0.80 -
Pdum_DN75190_c1_g2_i8:1873-2820  -            316 266808at33208        -            354   3.1e-19   66.9   4.1   1   3   6.1e-13   1.5e-11   41.7   4.5   108   271    48   208    22   212 0.73 -
Pdum_DN75190_c1_g2_i8:1873-2820  -            316 266808at33208        -            354   3.1e-19   66.9   4.1   2   3   3.2e-05   0.00079   16.3   0.0   102   160   205   260   202   262 0.83 -
Pdum_DN75190_c1_g2_i8:1873-2820  -            316 266808at33208        -            354   3.1e-19   66.9   4.1   3   3    0.0092      0.23    8.2   0.0   102   139   245   281   240   289 0.72 -
Pdum_DN86522_c0_g3_i4:534-1520   -            329 266808at33208        -            354   1.2e-18   65.0   4.6   1   3   0.00041      0.01   12.7   0.3   204   269    16    79     4    87 0.68 -
Pdum_DN86522_c0_g3_i4:534-1520   -            329 266808at33208        -            354   1.2e-18   65.0   4.6   2   3   0.00023    0.0055   13.5   0.1   193   273    87   164    80   168 0.82 -
Pdum_DN86522_c0_g3_i4:534-1520   -            329 266808at33208        -            354   1.2e-18   65.0   4.6   3   3   1.4e-12   3.5e-11   40.5   0.0   107   262   167   328   160   329 0.82 -
Pdum_DN83552_c2_g1_i4:337-1659   -            441 266808at33208        -            354   1.6e-17   61.4   0.1   1   2   6.8e-11   1.7e-09   35.0   0.0    98   316    54   273    41   284 0.78 -
Pdum_DN83552_c2_g1_i4:337-1659   -            441 266808at33208        -            354   1.6e-17   61.4   0.1   2   2   1.2e-09     3e-08   30.8   0.1   102   268   188   358   182   382 0.78 -
Pdum_DN73512_c4_g2_i3:726-1661   -            312 266808at33208        -            354   2.6e-17   60.6   0.2   1   3     0.033      0.82    6.4   0.0   196   231    67   102    16   103 0.77 -
Pdum_DN73512_c4_g2_i3:726-1661   -            312 266808at33208        -            354   2.6e-17   60.6   0.2   2   3   2.2e-10   5.3e-09   33.3   0.3   123   228    75   183    43   212 0.79 -
Pdum_DN73512_c4_g2_i3:726-1661   -            312 266808at33208        -            354   2.6e-17   60.6   0.2   3   3   2.2e-07   5.4e-06   23.4   0.0   153   224   226   302   208   309 0.76 -
Pdum_DN66493_c0_g1_i1:720-1655   -            312 266808at33208        -            354   3.8e-17   60.1   0.0   1   3     0.021      0.52    7.0   0.1   145   182    14    51     1    77 0.52 -
Pdum_DN66493_c0_g1_i1:720-1655   -            312 266808at33208        -            354   3.8e-17   60.1   0.0   2   3   4.2e-13     1e-11   42.2   0.0    78   264    78   269    71   270 0.84 -
Pdum_DN66493_c0_g1_i1:720-1655   -            312 266808at33208        -            354   3.8e-17   60.1   0.0   3   3   2.4e-07   5.9e-06   23.3   0.0   122   248   161   294   154   307 0.48 -
Pdum_DN84814_c0_g2_i1:1505-2083  -            193 266808at33208        -            354   5.8e-17   59.5   0.1   1   1   1.5e-17   3.6e-16   56.9   0.0   106   263    33   192    29   193 0.83 -
Pdum_DN79208_c0_g1_i2:96-1031    -            312 266808at33208        -            354   8.7e-17   58.9   0.5   1   2   8.3e-09     2e-07   28.1   0.0   103   263    31   195     4   199 0.81 -
Pdum_DN79208_c0_g1_i2:96-1031    -            312 266808at33208        -            354   8.7e-17   58.9   0.5   2   2   3.6e-08   8.9e-07   26.0   0.5   194   275   220   300   203   304 0.85 -
Pdum_DN85879_c0_g1_i1:230-808    -            193 266808at33208        -            354   1.4e-16   58.3   0.0   1   2   2.5e-09   6.2e-08   29.8   0.0   167   275     6   117     2   123 0.82 -
Pdum_DN85879_c0_g1_i1:230-808    -            193 266808at33208        -            354   1.4e-16   58.3   0.0   2   2   2.4e-08   5.8e-07   26.6   0.0   193   260   128   193   122   193 0.90 -
Pdum_DN92345_c8_g1_i1:3879-4793  -            305 266808at33208        -            354   3.7e-16   56.8   0.3   1   2   0.00039    0.0097   12.7   1.2   164   231     7    79     1   147 0.71 -
Pdum_DN92345_c8_g1_i1:3879-4793  -            305 266808at33208        -            354   3.7e-16   56.8   0.3   2   2   5.1e-12   1.2e-10   38.7   0.0    73   217   162   305   142   305 0.84 -
Pdum_DN71389_c1_g2_i1:359-1099   -            247 266808at33208        -            354   8.5e-16   55.7   6.8   1   2     6e-13   1.5e-11   41.7   5.6   104   265     3   177     2   188 0.79 -
Pdum_DN71389_c1_g2_i1:359-1099   -            247 266808at33208        -            354   8.5e-16   55.7   6.8   2   2   0.00096     0.023   11.4   0.0   189   248   187   243   175   247 0.75 -
Pdum_DN90273_c4_g1_i2:3537-4052  -            172 266808at33208        -            354     3e-15   53.9   0.1   1   2   1.7e-12   4.2e-11   40.2   0.0   150   274     7   134     3   136 0.86 -
Pdum_DN90273_c4_g1_i2:3537-4052  -            172 266808at33208        -            354     3e-15   53.9   0.1   2   2   8.5e-05    0.0021   14.9   0.0   104   138   130   165   123   172 0.84 -
Pdum_DN84002_c0_g1_i8:2338-3012  -            225 266808at33208        -            354   5.4e-15   53.0   0.1   1   1   2.8e-16   6.9e-15   52.7   0.1   104   258     7   171     2   189 0.83 -
Pdum_DN87178_c0_g1_i10:2619-3539 -            307 266808at33208        -            354   5.4e-15   53.0   0.0   1   2   3.5e-07   8.7e-06   22.7   0.0   120   270     3   180     1   190 0.65 -
Pdum_DN87178_c0_g1_i10:2619-3539 -            307 266808at33208        -            354   5.4e-15   53.0   0.0   2   2   2.2e-06   5.4e-05   20.1   0.0   100   173   225   301   220   307 0.77 -
Pdum_DN87402_c0_g1_i1:93-1976    -            628 266808at33208        -            354   9.2e-15   52.3   0.1   1   3   2.8e-05   0.00068   16.5   0.0   235   276   295   336   284   363 0.79 -
Pdum_DN87402_c0_g1_i1:93-1976    -            628 266808at33208        -            354   9.2e-15   52.3   0.1   2   3    0.0025     0.061   10.1   0.0    78   181   385   489   372   497 0.81 -
Pdum_DN87402_c0_g1_i1:93-1976    -            628 266808at33208        -            354   9.2e-15   52.3   0.1   3   3   1.7e-09   4.1e-08   30.4   0.0   112   260   464   627   455   628 0.71 -
Pdum_DN89089_c3_g1_i2:1021-1773  -            251 266808at33208        -            354   1.5e-14   51.6   0.0   1   1   2.8e-14   6.8e-13   46.1   0.0    58   263     1   211     1   236 0.81 -
Pdum_DN63925_c0_g1_i1:119-1006   -            296 266808at33208        -            354   1.5e-14   51.5   1.3   1   3   5.3e-05    0.0013   15.6   0.0   106   161    33    86    20    86 0.82 -
Pdum_DN63925_c0_g1_i1:119-1006   -            296 266808at33208        -            354   1.5e-14   51.5   1.3   2   3   2.9e-10     7e-09   32.9   0.1   100   244    68   210    64   240 0.78 -
Pdum_DN63925_c0_g1_i1:119-1006   -            296 266808at33208        -            354   1.5e-14   51.5   1.3   3   3      0.54        13    2.4   0.1   205   217   259   271   252   288 0.69 -
Pdum_DN76828_c2_g1_i1:4967-5695  -            243 266808at33208        -            354   1.9e-14   51.2   0.4   1   2   3.8e-14   9.3e-13   45.7   0.2    65   262     6   202     3   216 0.87 -
Pdum_DN76828_c2_g1_i1:4967-5695  -            243 266808at33208        -            354   1.9e-14   51.2   0.4   2   2       1.4        34    1.1   0.0    61    85   217   241   209   243 0.62 -
Pdum_DN80990_c0_g1_i2:150-1607   -            486 266808at33208        -            354   3.7e-14   50.3   0.3   1   2     0.015      0.37    7.5   0.0   105   141   246   284   231   288 0.80 -
Pdum_DN80990_c0_g1_i2:150-1607   -            486 266808at33208        -            354   3.7e-14   50.3   0.3   2   2   8.1e-13     2e-11   41.3   0.5   101   277   285   467   280   477 0.85 -
Pdum_DN88766_c3_g2_i10:292-717   -            142 266808at33208        -            354   6.8e-14   49.4   0.5   1   2   3.9e-11   9.6e-10   35.7   0.1   191   273    36   116     5   121 0.88 -
Pdum_DN88766_c3_g2_i10:292-717   -            142 266808at33208        -            354   6.8e-14   49.4   0.5   2   2   7.5e-06   0.00018   18.4   0.0   190   256    77   141    70   142 0.89 -
Pdum_DN83917_c0_g1_i10:2-1282    -            427 266808at33208        -            354   1.4e-13   48.4   1.8   1   2   1.4e-09   3.5e-08   30.6   0.1   110   272   156   325   146   331 0.79 -
Pdum_DN83917_c0_g1_i10:2-1282    -            427 266808at33208        -            354   1.4e-13   48.4   1.8   2   2   6.4e-08   1.6e-06   25.2   0.2   191   300   288   397   251   412 0.81 -
Pdum_DN72823_c0_g2_i2:1154-1981  -            276 266808at33208        -            354   1.7e-13   48.1   0.4   1   3   5.6e-07   1.4e-05   22.1   0.0   120   222     7   109     1   119 0.77 -
Pdum_DN72823_c0_g2_i2:1154-1981  -            276 266808at33208        -            354   1.7e-13   48.1   0.4   2   3     5e-07   1.2e-05   22.3   0.0   106   200    73   163    70   187 0.72 -
Pdum_DN72823_c0_g2_i2:1154-1981  -            276 266808at33208        -            354   1.7e-13   48.1   0.4   3   3   0.00011    0.0026   14.6   0.0   193   246   218   269   192   275 0.85 -
Pdum_DN82629_c0_g1_i4:473-2515   -            681 266808at33208        -            354   2.8e-13   47.4   0.1   1   3   2.3e-06   5.7e-05   20.0   0.0   104   218   202   338   179   360 0.71 -
Pdum_DN82629_c0_g1_i4:473-2515   -            681 266808at33208        -            354   2.8e-13   47.4   0.1   2   3   1.2e-06     3e-05   21.0   0.0   195   264   364   436   358   447 0.81 -
Pdum_DN82629_c0_g1_i4:473-2515   -            681 266808at33208        -            354   2.8e-13   47.4   0.1   3   3       1.2        30    1.2   0.0    66   171   457   517   451   556 0.44 -
Pdum_DN73504_c1_g7_i2:375-1772   -            466 266808at33208        -            354     4e-13   46.9   4.0   1   4      0.08         2    5.1   0.1   235   267   144   176   134   194 0.79 -
Pdum_DN73504_c1_g7_i2:375-1772   -            466 266808at33208        -            354     4e-13   46.9   4.0   2   4   5.8e-08   1.4e-06   25.3   0.1   146   269   189   315   181   326 0.75 -
Pdum_DN73504_c1_g7_i2:375-1772   -            466 266808at33208        -            354     4e-13   46.9   4.0   3   4   2.2e-05   0.00054   16.8   0.4   114   261   242   400   240   401 0.72 -
Pdum_DN73504_c1_g7_i2:375-1772   -            466 266808at33208        -            354     4e-13   46.9   4.0   4   4   0.00023    0.0057   13.5   0.1    91   185   353   452   330   458 0.59 -
Pdum_DN89990_c3_g2_i4:936-1778   -            281 266808at33208        -            354   8.2e-13   45.8   0.9   1   2   3.3e-06     8e-05   19.6   0.0   150   261    35   148    14   149 0.83 -
Pdum_DN89990_c3_g2_i4:936-1778   -            281 266808at33208        -            354   8.2e-13   45.8   0.9   2   2   5.1e-10   1.3e-08   32.1   0.4    96   275    66   253    65   257 0.79 -
Pdum_DN92880_c2_g1_i2:4337-5176  -            280 266808at33208        -            354   9.6e-13   45.6   0.6   1   2   7.3e-06   0.00018   18.4   0.0   202   268    25    91    15   134 0.82 -
Pdum_DN92880_c2_g1_i2:4337-5176  -            280 266808at33208        -            354   9.6e-13   45.6   0.6   2   2   2.2e-07   5.3e-06   23.4   0.6    67   193   110   236    92   270 0.74 -
Pdum_DN86637_c0_g1_i2:178-705    -            176 266808at33208        -            354   1.8e-12   44.7   0.4   1   2   6.1e-12   1.5e-10   38.4   0.1   194   263     3    75     1    87 0.88 -
Pdum_DN86637_c0_g1_i2:178-705    -            176 266808at33208        -            354   1.8e-12   44.7   0.4   2   2       0.1       2.5    4.8   0.0   231   265    88   123    79   131 0.70 -
Pdum_DN84981_c0_g1_i4:2535-3476  -            314 266808at33208        -            354   3.5e-12   43.8   0.4   1   3   1.8e-06   4.4e-05   20.4   0.0   158   264    29   137    17   145 0.78 -
Pdum_DN84981_c0_g1_i4:2535-3476  -            314 266808at33208        -            354   3.5e-12   43.8   0.4   2   3   4.2e-09     1e-07   29.1   0.1   129   268    86   229    86   247 0.82 -
Pdum_DN84981_c0_g1_i4:2535-3476  -            314 266808at33208        -            354   3.5e-12   43.8   0.4   3   3       3.7        91   -0.4   0.0   165   215   257   312   230   314 0.56 -
Pdum_DN75651_c0_g1_i1:179-1012   -            278 266808at33208        -            354   4.4e-12   43.4   2.3   1   4     3e-05   0.00073   16.4   0.0   190   265    33   107     2   116 0.79 -
Pdum_DN75651_c0_g1_i1:179-1012   -            278 266808at33208        -            354   4.4e-12   43.4   2.3   2   4       0.2       4.8    3.8   0.1   193   218   127   152   113   165 0.66 -
Pdum_DN75651_c0_g1_i1:179-1012   -            278 266808at33208        -            354   4.4e-12   43.4   2.3   3   4   2.4e-06   5.8e-05   20.0   0.1   193   261   168   234   161   253 0.88 -
Pdum_DN75651_c0_g1_i1:179-1012   -            278 266808at33208        -            354   4.4e-12   43.4   2.3   4   4       2.9        71   -0.0   0.0   235   260   250   275   234   277 0.51 -
Pdum_DN90796_c3_g1_i4:1517-2605  -            363 266808at33208        -            354   4.4e-12   43.4   0.5   1   3    0.0012      0.03   11.1   0.0   151   228    50   130     7   136 0.74 -
Pdum_DN90796_c3_g1_i4:1517-2605  -            363 266808at33208        -            354   4.4e-12   43.4   0.5   2   3   4.1e-10     1e-08   32.4   0.2   107   270    89   257    87   278 0.81 -
Pdum_DN90796_c3_g1_i4:1517-2605  -            363 266808at33208        -            354   4.4e-12   43.4   0.5   3   3       0.3       7.4    3.2   0.0   231   262   331   362   285   363 0.67 -
Pdum_DN78785_c0_g1_i2:534-2834   -            767 266808at33208        -            354   5.7e-12   43.1   0.6   1   2     0.049       1.2    5.8   0.3   284   331    50    99    38   103 0.80 -
Pdum_DN78785_c0_g1_i2:534-2834   -            767 266808at33208        -            354   5.7e-12   43.1   0.6   2   2   5.9e-12   1.4e-10   38.4   0.1   107   315    90   304    87   317 0.80 -
Pdum_DN75461_c3_g1_i3:3415-4074  -            220 266808at33208        -            354   7.2e-12   42.7   1.1   1   2   0.00091     0.022   11.5   0.2   236   271    17    51    10    52 0.82 -
Pdum_DN75461_c3_g1_i3:3415-4074  -            220 266808at33208        -            354   7.2e-12   42.7   1.1   2   2   3.9e-09   9.5e-08   29.2   0.1   107   260    52   220    50   220 0.84 -
Pdum_DN73439_c0_g1_i2:1041-1721  -            227 266808at33208        -            354   8.2e-12   42.6   0.0   1   2   2.1e-12   5.2e-11   39.9   0.0   104   234     6   139     3   163 0.85 -
Pdum_DN73439_c0_g1_i2:1041-1721  -            227 266808at33208        -            354   8.2e-12   42.6   0.0   2   2         2        50    0.5   0.0   110   137   199   226   185   227 0.85 -
Pdum_DN84582_c3_g1_i1:332-1036   -            235 266808at33208        -            354     9e-12   42.4   0.7   1   2   1.9e-06   4.7e-05   20.3   0.5   184   273    23   106     1   109 0.74 -
Pdum_DN84582_c3_g1_i1:332-1036   -            235 266808at33208        -            354     9e-12   42.4   0.7   2   2   9.4e-07   2.3e-05   21.3   0.0   100   184    99   181    95   211 0.88 -
Pdum_DN83005_c1_g1_i1:16-1335    -            440 266808at33208        -            354   1.1e-11   42.2   0.8   1   2   8.7e-05    0.0021   14.9   0.0   196   238     9    51     4    59 0.83 -
Pdum_DN83005_c1_g1_i1:16-1335    -            440 266808at33208        -            354   1.1e-11   42.2   0.8   2   2     6e-08   1.5e-06   25.3   0.6   165   278    83   199    72   209 0.76 -
Pdum_DN66431_c0_g1_i1:1561-2364  -            268 266808at33208        -            354   1.2e-11   42.0   0.0   1   1     1e-12   2.4e-11   41.0   0.0    99   270    44   211    21   220 0.86 -
Pdum_DN88147_c0_g1_i1:430-1308   -            293 266808at33208        -            354   4.4e-11   40.2   1.4   1   3     2e-05   0.00048   17.0   0.2   176   271     8   106     1   111 0.75 -
Pdum_DN88147_c0_g1_i1:430-1308   -            293 266808at33208        -            354   4.4e-11   40.2   1.4   2   3   4.1e-07     1e-05   22.5   0.1   143   263   100   228    98   238 0.77 -
Pdum_DN88147_c0_g1_i1:430-1308   -            293 266808at33208        -            354   4.4e-11   40.2   1.4   3   3      0.23       5.6    3.6   0.0   120   194   210   284   199   292 0.65 -
Pdum_DN83855_c0_g1_i4:658-1428   -            257 266808at33208        -            354   4.7e-11   40.0   0.1   1   2   2.5e-05   0.00061   16.7   0.0   202   267     6    75     2    89 0.78 -
Pdum_DN83855_c0_g1_i4:658-1428   -            257 266808at33208        -            354   4.7e-11   40.0   0.1   2   2   8.3e-07     2e-05   21.5   0.0    99   189    91   180    84   210 0.82 -
Pdum_DN83800_c0_g2_i3:14-562     -            183 266808at33208        -            354   6.2e-11   39.7   2.0   1   3   3.5e-06   8.7e-05   19.4   0.0   231   274    60   102    31   107 0.82 -
Pdum_DN83800_c0_g2_i3:14-562     -            183 266808at33208        -            354   6.2e-11   39.7   2.0   2   3      0.42        10    2.8   0.1   335   352   113   130   100   133 0.63 -
Pdum_DN83800_c0_g2_i3:14-562     -            183 266808at33208        -            354   6.2e-11   39.7   2.0   3   3   3.7e-05   0.00091   16.1   0.0   101   138   136   174   130   182 0.84 -
Pdum_DN78364_c0_g1_i1:226-1314   -            363 266808at33208        -            354   6.8e-11   39.5   1.1   1   2   0.00012    0.0028   14.5   0.1   103   181    14    90     5    91 0.78 -
Pdum_DN78364_c0_g1_i1:226-1314   -            363 266808at33208        -            354   6.8e-11   39.5   1.1   2   2   7.1e-10   1.7e-08   31.6   0.2   165   269    34   140    32   150 0.78 -
Pdum_DN87078_c1_g1_i1:1858-2604  -            249 266808at33208        -            354   7.2e-11   39.4   0.1   1   2   4.2e-10     1e-08   32.3   0.0   158   274    98   220    83   223 0.81 -
Pdum_DN87078_c1_g1_i1:1858-2604  -            249 266808at33208        -            354   7.2e-11   39.4   0.1   2   2     0.087       2.1    5.0   0.0    64   217   226   249   219   249 0.50 -
Pdum_DN74384_c0_g2_i2:99-1367    -            423 266808at33208        -            354   9.8e-11   39.0   2.0   1   2    0.0019     0.046   10.5   0.3   160   261   110   222    77   231 0.69 -
Pdum_DN74384_c0_g2_i2:99-1367    -            423 266808at33208        -            354   9.8e-11   39.0   2.0   2   2   1.5e-08   3.6e-07   27.3   0.1   101   224   254   383   239   422 0.75 -
Pdum_DN67795_c0_g1_i2:1517-2137  -            207 266808at33208        -            354     2e-10   38.0   0.5   1   2   4.7e-10   1.1e-08   32.2   0.1   108   276     2   175     1   179 0.79 -
Pdum_DN67795_c0_g1_i2:1517-2137  -            207 266808at33208        -            354     2e-10   38.0   0.5   2   2      0.27       6.5    3.4   0.0   202   217   192   207   187   207 0.74 -
Pdum_DN83655_c1_g1_i2:238-2439   -            734 266808at33208        -            354     2e-10   38.0   2.2   1   4     0.021      0.51    7.0   0.0   198   272    18    90     5   103 0.76 -
Pdum_DN83655_c1_g1_i2:238-2439   -            734 266808at33208        -            354     2e-10   38.0   2.2   2   4   6.5e-07   1.6e-05   21.9   0.2   169   264   160   261   136   284 0.78 -
Pdum_DN83655_c1_g1_i2:238-2439   -            734 266808at33208        -            354     2e-10   38.0   2.2   3   4      0.53        13    2.4   0.0   201   220   449   468   420   484 0.73 -
Pdum_DN83655_c1_g1_i2:238-2439   -            734 266808at33208        -            354     2e-10   38.0   2.2   4   4      0.86        21    1.7   0.0    54   200   473   619   469   640 0.66 -
Pdum_DN85054_c1_g3_i7:3145-3996  -            284 266808at33208        -            354   2.1e-10   37.9   1.2   1   2   2.3e-07   5.7e-06   23.3   0.1   195   261    11    79     2    91 0.82 -
Pdum_DN85054_c1_g3_i7:3145-3996  -            284 266808at33208        -            354   2.1e-10   37.9   1.2   2   2   0.00031    0.0076   13.1   0.1   151   277   134   265   125   276 0.80 -
Pdum_DN82173_c1_g1_i7:1104-1730  -            209 266808at33208        -            354   2.1e-10   37.9   0.0   1   1   1.6e-09   3.9e-08   30.5   0.0   104   255     3   158     1   178 0.79 -
Pdum_DN78867_c0_g1_i4:315-983    -            223 266808at33208        -            354   2.5e-10   37.7   0.0   1   1     0.002     0.048   10.4   0.0    61    89   142   170   138   183 0.92 -
Pdum_DN89838_c3_g2_i15:954-1709  -            252 266808at33208        -            354   3.2e-10   37.3   4.9   1   2   0.00081      0.02   11.7   0.3   206   263     3    56     1    61 0.83 -
Pdum_DN89838_c3_g2_i15:954-1709  -            252 266808at33208        -            354   3.2e-10   37.3   4.9   2   2   4.9e-09   1.2e-07   28.8   1.1    94   267    53   222    48   235 0.76 -
Pdum_DN88892_c3_g1_i1:2670-3179  -            170 266808at33208        -            354     4e-10   37.0   0.5   1   2       3.7        91   -0.4   0.0   209   228    14    33     5    46 0.85 -
Pdum_DN88892_c3_g1_i1:2670-3179  -            170 266808at33208        -            354     4e-10   37.0   0.5   2   2   5.2e-11   1.3e-09   35.4   0.3   121   222    49   155    24   168 0.77 -
Pdum_DN90064_c4_g2_i4:2740-4161  -            474 266808at33208        -            354   4.8e-10   36.7   1.3   1   3       2.7        65    0.1   0.0   321   353   138   171   122   172 0.89 -
Pdum_DN90064_c4_g2_i4:2740-4161  -            474 266808at33208        -            354   4.8e-10   36.7   1.3   2   3      0.44        11    2.7   0.1   317   351   177   211   162   214 0.74 -
Pdum_DN90064_c4_g2_i4:2740-4161  -            474 266808at33208        -            354   4.8e-10   36.7   1.3   3   3   1.8e-09   4.3e-08   30.3   0.1    95   263   295   471   265   473 0.77 -
Pdum_DN82853_c0_g1_i2:2495-3019  -            175 266808at33208        -            354   7.8e-10   36.0   0.0   1   2   1.7e-09   4.3e-08   30.3   0.1   193   270     9    87     2    97 0.87 -
Pdum_DN82853_c0_g1_i2:2495-3019  -            175 266808at33208        -            354   7.8e-10   36.0   0.0   2   2      0.33       8.1    3.1   0.0   150   179   145   175    91   175 0.79 -
Pdum_DN84963_c1_g1_i6:1317-3311  -            665 266808at33208        -            354   8.4e-10   35.9   0.2   1   2   5.1e-10   1.3e-08   32.1   0.2   157   277    46   171    32   208 0.79 -
Pdum_DN84963_c1_g1_i6:1317-3311  -            665 266808at33208        -            354   8.4e-10   35.9   0.2   2   2       1.9        45    0.6   0.0   155   216   602   662   598   664 0.69 -
Pdum_DN90581_c4_g2_i3:17-301     -             95 266808at33208        -            354   8.9e-10   35.9   0.0   1   1   3.9e-11   9.6e-10   35.7   0.0   192   265    21    94     5    95 0.92 -
Pdum_DN86525_c0_g1_i1:704-1231   -            176 266808at33208        -            354     1e-09   35.7   2.5   1   1   2.2e-09   5.3e-08   30.0   1.7   208   351     1   139     1   142 0.81 -
Pdum_DN88741_c1_g1_i6:2841-3650  -            270 266808at33208        -            354   1.1e-09   35.5   0.0   1   3   8.1e-05     0.002   15.0   0.0   112   262     9   177     3   180 0.73 -
Pdum_DN88741_c1_g1_i6:2841-3650  -            270 266808at33208        -            354   1.1e-09   35.5   0.0   2   3   5.2e-06   0.00013   18.9   0.0    69   182   112   219   103   233 0.84 -
Pdum_DN88741_c1_g1_i6:2841-3650  -            270 266808at33208        -            354   1.1e-09   35.5   0.0   3   3    0.0027     0.066   10.0   0.0    74   136   204   265   204   269 0.79 -
Pdum_DN81583_c1_g1_i3:660-1619   -            320 266808at33208        -            354   1.1e-09   35.5   0.0   1   1   1.4e-10   3.4e-09   33.9   0.0   118   343    68   312    54   317 0.75 -
Pdum_DN79406_c0_g1_i1:209-1183   -            325 266808at33208        -            354   1.9e-09   34.8   0.7   1   2   0.00014    0.0034   14.2   0.1   193   271    14    90     2   114 0.85 -
Pdum_DN79406_c0_g1_i1:209-1183   -            325 266808at33208        -            354   1.9e-09   34.8   0.7   2   2   1.5e-05   0.00037   17.4   0.1   105   216   184   312   176   316 0.68 -
Pdum_DN65740_c0_g1_i1:159-803    -            215 266808at33208        -            354   2.1e-09   34.6   2.7   1   1   2.6e-09   6.3e-08   29.8   2.7   163   337     9   201     2   215 0.77 -
Pdum_DN74464_c0_g1_i5:1442-2167  -            242 266808at33208        -            354   3.1e-09   34.1   0.5   1   3   2.1e-06   5.1e-05   20.2   0.0   158   264    15   138     8   148 0.72 -
Pdum_DN74464_c0_g1_i5:1442-2167  -            242 266808at33208        -            354   3.1e-09   34.1   0.5   2   3   3.9e-06   9.4e-05   19.3   0.1   195   264   113   179    96   182 0.74 -
Pdum_DN74464_c0_g1_i5:1442-2167  -            242 266808at33208        -            354   3.1e-09   34.1   0.5   3   3     0.057       1.4    5.6   0.2   195   218   204   227   183   231 0.78 -
Pdum_DN38861_c0_g1_i1:595-1392   -            266 266808at33208        -            354   5.9e-09   33.2   0.0   1   2   1.1e-06   2.7e-05   21.1   0.0   166   268    57   163     1   175 0.70 -
Pdum_DN38861_c0_g1_i1:595-1392   -            266 266808at33208        -            354   5.9e-09   33.2   0.0   2   2    0.0023     0.056   10.2   0.0   155   217   188   257   178   262 0.78 -
Pdum_DN75190_c1_g2_i8:2335-2706  -            124 266808at33208        -            354     9e-09   32.5   1.7   1   1   9.4e-08   2.3e-06   24.6   0.4   200   269    20    85     4    90 0.82 -
Pdum_DN84536_c0_g1_i1:2255-2878  -            208 266808at33208        -            354   9.4e-09   32.5   0.1   1   1   6.4e-10   1.6e-08   31.8   0.1   119   266    59   205    40   207 0.82 -
Pdum_DN70491_c0_g1_i1:1-1254     -            418 266808at33208        -            354   1.1e-08   32.3   0.0   1   1   7.5e-10   1.8e-08   31.5   0.0   166   294   161   298   144   325 0.82 -
Pdum_DN90581_c4_g3_i1:18-467     -            150 266808at33208        -            354   1.4e-08   31.9   0.7   1   2   4.4e-07   1.1e-05   22.4   0.1   191   266    38   115     2   117 0.76 -
Pdum_DN90581_c4_g3_i1:18-467     -            150 266808at33208        -            354   1.4e-08   31.9   0.7   2   2   0.00012     0.003   14.4   0.0    66   132    89   148    87   150 0.64 -
Pdum_DN83656_c0_g1_i2:2236-2991  -            252 266808at33208        -            354   1.5e-08   31.9   0.1   1   4      0.11       2.7    4.7   0.0   244   274    17    47     4    52 0.84 -
Pdum_DN83656_c0_g1_i2:2236-2991  -            252 266808at33208        -            354   1.5e-08   31.9   0.1   2   4   4.1e-05     0.001   15.9   0.0   120   217    75   173    61   184 0.73 -
Pdum_DN83656_c0_g1_i2:2236-2991  -            252 266808at33208        -            354   1.5e-08   31.9   0.1   3   4     0.033       0.8    6.4   0.0   102   148   180   225   171   238 0.82 -
Pdum_DN83656_c0_g1_i2:2236-2991  -            252 266808at33208        -            354   1.5e-08   31.9   0.1   4   4       2.2        54    0.4   0.0   203   216   240   252   225   252 0.77 -
Pdum_DN84033_c1_g3_i1:1082-1726  -            215 266808at33208        -            354   2.2e-08   31.2   0.6   1   3    0.0003    0.0074   13.1   0.0   236   264    13    41     4    51 0.87 -
Pdum_DN84033_c1_g3_i1:1082-1726  -            215 266808at33208        -            354   2.2e-08   31.2   0.6   2   3   0.00013    0.0031   14.4   0.1   193   261    72   139    41   145 0.70 -
Pdum_DN84033_c1_g3_i1:1082-1726  -            215 266808at33208        -            354   2.2e-08   31.2   0.6   3   3    0.0042       0.1    9.4   0.0   193   251   115   177   102   183 0.82 -
Pdum_DN80062_c1_g1_i8:396-980    -            195 266808at33208        -            354   2.3e-08   31.2   0.1   1   3    0.0013     0.032   11.0   0.0   108   138     1    30     1    38 0.88 -
Pdum_DN80062_c1_g1_i8:396-980    -            195 266808at33208        -            354   2.3e-08   31.2   0.1   2   3     8e-05     0.002   15.0   0.0   195   265    63   137    53   147 0.78 -
Pdum_DN80062_c1_g1_i8:396-980    -            195 266808at33208        -            354   2.3e-08   31.2   0.1   3   3      0.66        16    2.1   0.0   235   273   152   191   138   195 0.71 -
Pdum_DN91312_c3_g1_i1:2567-3481  -            305 266808at33208        -            354   3.2e-08   30.7   0.0   1   2   1.8e-07   4.5e-06   23.7   0.0   115   293     8   194     2   255 0.69 -
Pdum_DN91312_c3_g1_i1:2567-3481  -            305 266808at33208        -            354   3.2e-08   30.7   0.0   2   2     0.037       0.9    6.2   0.0   158   260   187   305   148   305 0.43 -
Pdum_DN92785_c3_g1_i2:3114-4076  -            321 266808at33208        -            354   4.2e-08   30.4   0.3   1   2       4.9   1.2e+02   -0.7   0.0   212   255   113   159    65   162 0.71 -
Pdum_DN92785_c3_g1_i2:3114-4076  -            321 266808at33208        -            354   4.2e-08   30.4   0.3   2   2   1.7e-08   4.2e-07   27.0   0.2    56   260   244   316   239   320 0.52 -
Pdum_DN79808_c0_g1_i2:642-4217   -           1192 266808at33208        -            354   5.7e-08   29.9   0.1   1   3   5.3e-06   0.00013   18.9   0.0   155   217    21    87     8   104 0.77 -
Pdum_DN79808_c0_g1_i2:642-4217   -           1192 266808at33208        -            354   5.7e-08   29.9   0.1   2   3      0.24       5.8    3.6   0.0   122   219   200   298   126   311 0.68 -
Pdum_DN79808_c0_g1_i2:642-4217   -           1192 266808at33208        -            354   5.7e-08   29.9   0.1   3   3      0.75        18    1.9   0.0   149   201   458   511   446   534 0.81 -
Pdum_DN92828_c4_g1_i1:1100-1621  -            174 266808at33208        -            354   6.7e-08   29.7   0.3   1   1   3.2e-09   7.9e-08   29.4   0.3   105   261     1   168     1   174 0.72 -
Pdum_DN76013_c0_g1_i3:463-1068   -            202 266808at33208        -            354   8.6e-08   29.3   0.4   1   2   1.4e-05   0.00033   17.5   0.0   203   262    18    79     4    84 0.61 -
Pdum_DN76013_c0_g1_i3:463-1068   -            202 266808at33208        -            354   8.6e-08   29.3   0.4   2   2    0.0055      0.14    8.9   0.0   104   140    88   126    83   138 0.80 -
Pdum_DN88423_c1_g1_i2:993-1421   -            143 266808at33208        -            354   9.2e-08   29.2   0.1   1   1   8.3e-09     2e-07   28.1   0.1   103   216     6   117     4   124 0.71 -
Pdum_DN82224_c0_g1_i1:2783-3526  -            248 266808at33208        -            354   1.4e-07   28.6   4.2   1   4   0.00031    0.0075   13.1   0.0   163   232    18    97     5   105 0.65 -
Pdum_DN82224_c0_g1_i1:2783-3526  -            248 266808at33208        -            354   1.4e-07   28.6   4.2   2   4   0.00075     0.018   11.8   0.2   103   140   112   150    89   184 0.64 -
Pdum_DN82224_c0_g1_i1:2783-3526  -            248 266808at33208        -            354   1.4e-07   28.6   4.2   3   4   0.00044     0.011   12.5   0.8   189   275   118   217   110   220 0.63 -
Pdum_DN82224_c0_g1_i1:2783-3526  -            248 266808at33208        -            354   1.4e-07   28.6   4.2   4   4      0.14       3.4    4.3   0.2   193   261   178   247   169   248 0.81 -
Pdum_DN57990_c0_g1_i2:33-530     -            166 266808at33208        -            354   1.5e-07   28.5   0.0   1   1   7.4e-09   1.8e-07   28.3   0.0   117   216    59   164    18   165 0.81 -
Pdum_DN90079_c2_g2_i8:1469-1858  -            130 266808at33208        -            354   1.6e-07   28.5   0.1   1   1     7e-09   1.7e-07   28.3   0.1   193   277    32   117     5   125 0.86 -
Pdum_DN90901_c7_g1_i5:256-1545   -            430 266808at33208        -            354   1.9e-07   28.2   0.0   1   2   1.3e-06   3.2e-05   20.9   0.0   105   217   145   266   120   321 0.82 -
Pdum_DN90901_c7_g1_i5:256-1545   -            430 266808at33208        -            354   1.9e-07   28.2   0.0   2   2      0.12         3    4.5   0.0   147   181   352   386   345   402 0.86 -
Pdum_DN84002_c0_g1_i8:796-1551   -            252 266808at33208        -            354   2.1e-07   28.0   0.1   1   1   1.9e-08   4.6e-07   26.9   0.1   123   217    11   116     4   157 0.79 -
Pdum_DN77673_c0_g1_i3:1295-1852  -            186 266808at33208        -            354   2.7e-07   27.7   0.0   1   1   1.4e-08   3.4e-07   27.4   0.0    61   218    24   182     8   186 0.77 -
Pdum_DN75894_c0_g1_i3:333-1052   -            240 266808at33208        -            354   3.1e-07   27.5   0.3   1   2    0.0028     0.068    9.9   0.1   213   273     1    62     1    66 0.81 -
Pdum_DN75894_c0_g1_i3:333-1052   -            240 266808at33208        -            354   3.1e-07   27.5   0.3   2   2   5.1e-05    0.0013   15.6   0.0   107   215    62   180    57   220 0.69 -
Pdum_DN74254_c0_g1_i10:1266-1853 -            196 266808at33208        -            354   4.1e-07   27.1   0.6   1   1   3.1e-08   7.7e-07   26.2   0.6   155   296     7   149     2   161 0.78 -
Pdum_DN87538_c0_g1_i11:59-631    -            191 266808at33208        -            354   4.9e-07   26.8   0.6   1   1   4.8e-08   1.2e-06   25.6   0.3   193   278    10   102     2   136 0.73 -
Pdum_DN92615_c3_g1_i3:1432-2112  -            227 266808at33208        -            354   5.8e-07   26.6   0.2   1   3     0.027      0.66    6.7   0.2   231   262    11    42     2    69 0.65 -
Pdum_DN92615_c3_g1_i3:1432-2112  -            227 266808at33208        -            354   5.8e-07   26.6   0.2   2   3       4.1     1e+02   -0.5   0.0   201   227    72    98    49   103 0.66 -
Pdum_DN92615_c3_g1_i3:1432-2112  -            227 266808at33208        -            354   5.8e-07   26.6   0.2   3   3   2.7e-05   0.00065   16.6   0.0   119   218   115   219   106   226 0.84 -
Pdum_DN71483_c1_g1_i1:599-1228   -            210 266808at33208        -            354   5.9e-07   26.6   0.0   1   1   6.4e-08   1.6e-06   25.2   0.0   114   219    75   193    64   207 0.73 -
Pdum_DN89809_c3_g1_i10:6324-7073 -            250 266808at33208        -            354   7.3e-07   26.3   0.0   1   1   7.3e-08   1.8e-06   25.0   0.0   118   248    14   153     1   171 0.80 -
Pdum_DN63408_c0_g1_i3:4-960      -            319 266808at33208        -            354   7.4e-07   26.3   0.1   1   3     4e-06   9.7e-05   19.3   0.0   175   258     1    87     1   105 0.77 -
Pdum_DN63408_c0_g1_i3:4-960      -            319 266808at33208        -            354   7.4e-07   26.3   0.1   2   3       5.9   1.4e+02   -1.0   0.0   150   186   102   140    68   146 0.63 -
Pdum_DN63408_c0_g1_i3:4-960      -            319 266808at33208        -            354   7.4e-07   26.3   0.1   3   3      0.15       3.8    4.2   0.0   241   284   173   216   160   224 0.74 -
Pdum_DN76096_c0_g1_i2:374-1027   -            218 266808at33208        -            354   8.1e-07   26.1   3.0   1   3     0.024      0.59    6.8   0.0   212   262     3    51     1    66 0.79 -
Pdum_DN76096_c0_g1_i2:374-1027   -            218 266808at33208        -            354   8.1e-07   26.1   3.0   2   3      0.24       5.8    3.6   0.1   242   271    87   115    69   139 0.69 -
Pdum_DN76096_c0_g1_i2:374-1027   -            218 266808at33208        -            354   8.1e-07   26.1   3.0   3   3   7.6e-05    0.0019   15.1   0.1   192   227   175   210   152   217 0.72 -
Pdum_DN82465_c0_g2_i1:488-1204   -            239 266808at33208        -            354     1e-06   25.8   0.2   1   3       1.5        38    0.9   0.0   248   319     2    75     1    92 0.67 -
Pdum_DN82465_c0_g2_i1:488-1204   -            239 266808at33208        -            354     1e-06   25.8   0.2   2   3    0.0017     0.042   10.6   0.0   189   275   115   209   109   212 0.71 -
Pdum_DN82465_c0_g2_i1:488-1204   -            239 266808at33208        -            354     1e-06   25.8   0.2   3   3     7e-05    0.0017   15.2   0.2   204   261   182   238   164   239 0.81 -
Pdum_DN86294_c0_g1_i3:101-3103   -           1001 266808at33208        -            354     1e-06   25.8   0.0   1   3     0.046       1.1    5.9   0.0   191   218    16    42     4    60 0.83 -
Pdum_DN86294_c0_g1_i3:101-3103   -           1001 266808at33208        -            354     1e-06   25.8   0.0   2   3     0.006      0.15    8.8   0.0   199   268   104   170    93   180 0.82 -
Pdum_DN86294_c0_g1_i3:101-3103   -           1001 266808at33208        -            354     1e-06   25.8   0.0   3   3   5.3e-05    0.0013   15.6   0.0   105   226   131   264   125   274 0.77 -
Pdum_DN89224_c5_g2_i10:3220-3918 -            233 266808at33208        -            354   1.1e-06   25.7   0.7   1   2       2.1        51    0.5   0.1   199   218    99   118    75   125 0.73 -
Pdum_DN89224_c5_g2_i10:3220-3918 -            233 266808at33208        -            354   1.1e-06   25.7   0.7   2   2   3.1e-07   7.5e-06   22.9   0.1   193   267   135   209   128   220 0.88 -
Pdum_DN92312_c4_g1_i6:372-914    -            181 266808at33208        -            354   1.9e-06   24.9   0.1   1   1   1.5e-07   3.6e-06   24.0   0.0   196   277    14    98     6   115 0.78 -
Pdum_DN79525_c1_g1_i2:759-1442   -            228 266808at33208        -            354     3e-06   24.3   0.0   1   2     2e-06   4.8e-05   20.3   0.1   193   262    49   121     1   151 0.77 -
Pdum_DN79525_c1_g1_i2:759-1442   -            228 266808at33208        -            354     3e-06   24.3   0.0   2   2       0.7        17    2.0   0.0   128   253   173   217   156   227 0.51 -
Pdum_DN90517_c4_g2_i3:211-1731   -            507 266808at33208        -            354     3e-06   24.3   1.9   1   3      0.73        18    2.0   0.0   100   128   245   274   235   278 0.85 -
Pdum_DN90517_c4_g2_i3:211-1731   -            507 266808at33208        -            354     3e-06   24.3   1.9   2   3    0.0054      0.13    9.0   0.0   208   261   278   329   271   335 0.79 -
Pdum_DN90517_c4_g2_i3:211-1731   -            507 266808at33208        -            354     3e-06   24.3   1.9   3   3    0.0022     0.054   10.3   0.6   234   335   357   475   339   504 0.64 -
Pdum_DN70256_c0_g1_i2:778-1377   -            200 266808at33208        -            354   3.5e-06   24.0   0.2   1   2     0.049       1.2    5.8   0.1   158   228     3    78     1   114 0.79 -
Pdum_DN70256_c0_g1_i2:778-1377   -            200 266808at33208        -            354   3.5e-06   24.0   0.2   2   2   2.8e-05   0.00069   16.5   0.0   206   271   136   199   110   200 0.76 -
Pdum_DN89782_c4_g2_i2:556-4518   -           1321 266808at33208        -            354   3.6e-06   24.0   0.0   1   4      0.84        21    1.8   0.0   162   223    22    87    16    97 0.75 -
Pdum_DN89782_c4_g2_i2:556-4518   -           1321 266808at33208        -            354   3.6e-06   24.0   0.0   2   4     0.021       0.5    7.1   0.0    95   148   123   176   115   244 0.74 -
Pdum_DN89782_c4_g2_i2:556-4518   -           1321 266808at33208        -            354   3.6e-06   24.0   0.0   3   4    0.0066      0.16    8.7   0.0   107   182   271   346   261   364 0.85 -
Pdum_DN89782_c4_g2_i2:556-4518   -           1321 266808at33208        -            354   3.6e-06   24.0   0.0   4   4       4.1     1e+02   -0.5   0.0    50    96   789   835   772   844 0.82 -
Pdum_DN90616_c3_g1_i1:602-1432   -            277 266808at33208        -            354   3.6e-06   24.0   0.3   1   4     0.071       1.7    5.3   0.0   246   273     4    31     1    40 0.80 -
Pdum_DN90616_c3_g1_i1:602-1432   -            277 266808at33208        -            354   3.6e-06   24.0   0.3   2   4     0.062       1.5    5.5   0.0   246   269    61    84    43    92 0.66 -
Pdum_DN90616_c3_g1_i1:602-1432   -            277 266808at33208        -            354   3.6e-06   24.0   0.3   3   4    0.0017     0.042   10.6   0.1   121   215    61   155    59   178 0.62 -
Pdum_DN90616_c3_g1_i1:602-1432   -            277 266808at33208        -            354   3.6e-06   24.0   0.3   4   4       1.1        28    1.4   0.0   126   161   199   234   179   242 0.86 -
Pdum_DN91578_c1_g1_i1:293-997    -            235 266808at33208        -            354   3.8e-06   23.9   0.6   1   2       3.4        84   -0.2   0.0   200   235     3    38     1    63 0.72 -
Pdum_DN91578_c1_g1_i1:293-997    -            235 266808at33208        -            354   3.8e-06   23.9   0.6   2   2   4.6e-07   1.1e-05   22.4   0.1   160   264   124   230   106   235 0.78 -
Pdum_DN75082_c2_g3_i2:17-943     -            309 266808at33208        -            354   4.5e-06   23.7   1.9   1   3    0.0018     0.044   10.5   0.6   193   236    21    64     5    97 0.66 -
Pdum_DN75082_c2_g3_i2:17-943     -            309 266808at33208        -            354   4.5e-06   23.7   1.9   2   3      0.17       4.1    4.1   0.0   195   232   121   160   100   187 0.77 -
Pdum_DN75082_c2_g3_i2:17-943     -            309 266808at33208        -            354   4.5e-06   23.7   1.9   3   3     0.021      0.51    7.0   0.0   171   216   261   308   196   309 0.73 -
Pdum_DN70029_c0_g1_i5:236-670    -            145 266808at33208        -            354   4.5e-06   23.7   0.0   1   2   0.00011    0.0026   14.6   0.0   105   254    17    90     1    96 0.54 -
Pdum_DN70029_c0_g1_i5:236-670    -            145 266808at33208        -            354   4.5e-06   23.7   0.0   2   2     0.014      0.34    7.6   0.1   304   340    98   134    91   144 0.75 -
Pdum_DN75371_c0_g2_i4:68-763     -            232 266808at33208        -            354   6.3e-06   23.2   0.3   1   2    0.0078      0.19    8.5   0.0   204   257     3    54     1    66 0.80 -
Pdum_DN75371_c0_g2_i4:68-763     -            232 266808at33208        -            354   6.3e-06   23.2   0.3   2   2   0.00027    0.0065   13.3   0.0   126   259    93   231    82   232 0.77 -
Pdum_DN71445_c0_g2_i2:766-1509   -            248 266808at33208        -            354   1.1e-05   22.4   0.2   1   2   6.2e-06   0.00015   18.6   0.1   123   219     1   103     1   115 0.69 -
Pdum_DN71445_c0_g2_i2:766-1509   -            248 266808at33208        -            354   1.1e-05   22.4   0.2   2   2         2        48    0.6   0.0   146   172   210   237   199   246 0.65 -
Pdum_DN87384_c0_g1_i3:1267-1899  -            211 266808at33208        -            354   3.5e-05   20.8   0.0   1   1   2.8e-06   6.8e-05   19.8   0.0   195   260   148   211   134   211 0.92 -
Pdum_DN92435_c3_g1_i6:249-854    -            202 266808at33208        -            354   4.2e-05   20.5   0.7   1   2   2.4e-05    0.0006   16.7   0.6   186   272     7    92     1   117 0.84 -
Pdum_DN92435_c3_g1_i6:249-854    -            202 266808at33208        -            354   4.2e-05   20.5   0.7   2   2      0.73        18    2.0   0.0   201   218   150   167   144   179 0.87 -
Pdum_DN90517_c4_g1_i5:2-985      -            328 266808at33208        -            354   5.8e-05   20.0   0.0   1   3      0.24       5.9    3.6   0.0    94   137    40    88    32   112 0.75 -
Pdum_DN90517_c4_g1_i5:2-985      -            328 266808at33208        -            354   5.8e-05   20.0   0.0   2   3      0.42        10    2.8   0.0   113   136   120   143    69   155 0.60 -
Pdum_DN90517_c4_g1_i5:2-985      -            328 266808at33208        -            354   5.8e-05   20.0   0.0   3   3    0.0016     0.039   10.7   0.0    97   141   197   245   187   271 0.80 -
Pdum_DN85858_c0_g1_i11:292-1188  -            299 266808at33208        -            354     6e-05   20.0   1.5   1   1     1e-05   0.00025   17.9   1.5   157   228    91   172    82   248 0.64 -
Pdum_DN89096_c2_g3_i4:2-1384     -            461 266808at33208        -            354     6e-05   20.0   0.2   1   2   0.00058     0.014   12.2   0.1   203   275    79   150    69   195 0.50 -
Pdum_DN89096_c2_g3_i4:2-1384     -            461 266808at33208        -            354     6e-05   20.0   0.2   2   2     0.058       1.4    5.6   0.0   104   213   183   293   153   334 0.64 -
Pdum_DN80615_c0_g2_i1:231-1205   -            325 266808at33208        -            354   6.2e-05   19.9   0.0   1   1   6.9e-06   0.00017   18.5   0.0    64   220     9   184     3   242 0.72 -
Pdum_DN61369_c0_g1_i1:1242-1787  -            182 266808at33208        -            354   6.8e-05   19.8   0.0   1   2      0.34       8.4    3.0   0.0   194   222    29    58     6    66 0.82 -
Pdum_DN61369_c0_g1_i1:1242-1787  -            182 266808at33208        -            354   6.8e-05   19.8   0.0   2   2   9.1e-05    0.0022   14.8   0.0   201   268    89   155    78   167 0.57 -
Pdum_DN83063_c0_g1_i6:381-1082   -            234 266808at33208        -            354   7.4e-05   19.7   0.4   1   2     0.043       1.1    6.0   0.0   174   246    11    88     1   120 0.65 -
Pdum_DN83063_c0_g1_i6:381-1082   -            234 266808at33208        -            354   7.4e-05   19.7   0.4   2   2   0.00048     0.012   12.4   0.3   127   228   101   211    90   221 0.66 -
Pdum_DN73864_c0_g1_i1:430-1335   -            302 266808at33208        -            354   9.2e-05   19.4   0.0   1   2       4.2     1e+02   -0.5   0.0   198   218    83   103    27   123 0.76 -
Pdum_DN73864_c0_g1_i1:430-1335   -            302 266808at33208        -            354   9.2e-05   19.4   0.0   2   2    0.0013     0.032   11.0   0.0    73   220   129   285   128   295 0.48 -
Pdum_DN69263_c0_g1_i1:405-1196   -            264 266808at33208        -            354   0.00012   18.9   3.3   1   4     0.032      0.79    6.4   0.0    74   170     4    99     1   112 0.64 -
Pdum_DN69263_c0_g1_i1:405-1196   -            264 266808at33208        -            354   0.00012   18.9   3.3   2   4       2.4        59    0.2   0.0   193   216    83   108    68   127 0.66 -
Pdum_DN69263_c0_g1_i1:405-1196   -            264 266808at33208        -            354   0.00012   18.9   3.3   3   4       1.6        40    0.8   0.0   201   218   154   171   146   196 0.66 -
Pdum_DN69263_c0_g1_i1:405-1196   -            264 266808at33208        -            354   0.00012   18.9   3.3   4   4    0.0039     0.095    9.5   0.9   202   260   203   262   185   264 0.59 -
Pdum_DN91069_c3_g1_i7:2506-3243  -            246 266808at33208        -            354   0.00013   18.9   0.0   1   1   1.7e-05   0.00041   17.2   0.0   102   277    26   221    16   235 0.73 -
Pdum_DN92425_c3_g2_i1:539-1228   -            230 266808at33208        -            354   0.00013   18.8   0.5   1   2    0.0004    0.0099   12.7   0.1   200   275    16    93     4   106 0.84 -
Pdum_DN92425_c3_g2_i1:539-1228   -            230 266808at33208        -            354   0.00013   18.8   0.5   2   2      0.13       3.2    4.4   0.0   191   264   134   205   110   214 0.54 -
Pdum_DN88739_c2_g1_i2:407-1549   -            381 266808at33208        -            354   0.00014   18.8   0.6   1   1   2.2e-05   0.00055   16.8   0.1   297   353   197   254   147   255 0.78 -
Pdum_DN77384_c0_g1_i7:393-935    -            181 266808at33208        -            354   0.00016   18.6   0.0   1   1   1.1e-05   0.00028   17.8   0.0   151   262    63   180    49   181 0.80 -
Pdum_DN85938_c0_g1_i1:258-608    -            117 266808at33208        -            354    0.0002   18.3   0.0   1   1   1.4e-05   0.00033   17.5   0.0   196   267     9    80     1    92 0.59 -
Pdum_DN89974_c1_g1_i2:3302-3844  -            181 266808at33208        -            354   0.00026   17.9   0.6   1   2     3e-05   0.00072   16.4   0.1   205   279     2    73     1    81 0.82 -
Pdum_DN89974_c1_g1_i2:3302-3844  -            181 266808at33208        -            354   0.00026   17.9   0.6   2   2    0.0062      0.15    8.8   0.1   108   226    26   147    21   159 0.63 -
Pdum_DN86351_c0_g1_i1:4485-5351  -            289 266808at33208        -            354   0.00029   17.7   0.0   1   1   2.2e-05   0.00053   16.8   0.0   200   351   133   286   105   288 0.70 -
Pdum_DN85168_c0_g1_i2:546-2090   -            515 266808at33208        -            354   0.00039   17.3   0.6   1   4      0.16       3.8    4.2   0.0   103   125    35    57    23    63 0.77 -
Pdum_DN85168_c0_g1_i2:546-2090   -            515 266808at33208        -            354   0.00039   17.3   0.6   2   4     0.024      0.59    6.8   0.0   172   260   170   255    93   264 0.74 -
Pdum_DN85168_c0_g1_i2:546-2090   -            515 266808at33208        -            354   0.00039   17.3   0.6   3   4       7.6   1.9e+02   -1.4   0.0   200   256   338   392   326   400 0.57 -
Pdum_DN85168_c0_g1_i2:546-2090   -            515 266808at33208        -            354   0.00039   17.3   0.6   4   4       1.3        33    1.1   0.0   177   215   404   442   363   447 0.77 -
Pdum_DN89812_c3_g1_i3:2-727      -            242 266808at33208        -            354   0.00042   17.2   0.3   1   2     0.026      0.63    6.7   0.2   191   221    51    83    33    98 0.74 -
Pdum_DN89812_c3_g1_i3:2-727      -            242 266808at33208        -            354   0.00042   17.2   0.3   2   2    0.0065      0.16    8.7   0.0   100   218    86   214    80   217 0.71 -
Pdum_DN71959_c0_g1_i4:1320-1871  -            184 266808at33208        -            354   0.00063   16.6   0.1   1   2   5.6e-05    0.0014   15.5   0.1   193   263    11    81     3   108 0.82 -
Pdum_DN71959_c0_g1_i4:1320-1871  -            184 266808at33208        -            354   0.00063   16.6   0.1   2   2       9.2   2.2e+02   -1.6   0.0   149   162   148   161    96   183 0.51 -
Pdum_DN74905_c1_g1_i2:2-1102     -            367 266808at33208        -            354   0.00065   16.6   0.6   1   3      0.27       6.5    3.4   0.0   234   349    20   130    11   135 0.69 -
Pdum_DN74905_c1_g1_i2:2-1102     -            367 266808at33208        -            354   0.00065   16.6   0.6   2   3     0.039      0.96    6.1   0.0   179   220   138   179   131   187 0.81 -
Pdum_DN74905_c1_g1_i2:2-1102     -            367 266808at33208        -            354   0.00065   16.6   0.6   3   3      0.25       6.1    3.5   0.3   207   305   241   343   217   351 0.78 -
Pdum_DN92600_c5_g2_i1:144-365    -             74 266808at33208        -            354   0.00083   16.2   0.0   1   1   3.5e-05   0.00086   16.2   0.0   158   216     9    72     2    74 0.69 -
Pdum_DN55647_c0_g1_i2:33-551     -            173 266808at33208        -            354   0.00094   16.0   0.0   1   2   0.00026    0.0063   13.3   0.0   192   263     8    85     1    94 0.75 -
Pdum_DN55647_c0_g1_i2:33-551     -            173 266808at33208        -            354   0.00094   16.0   0.0   2   2       1.7        42    0.7   0.0   107   125   122   140   101   167 0.64 -
Pdum_DN92484_c1_g1_i1:806-1540   -            245 266808at33208        -            354    0.0011   15.8   0.1   1   3      0.65        16    2.1   0.0   244   263   103   122    42   137 0.71 -
Pdum_DN92484_c1_g1_i1:806-1540   -            245 266808at33208        -            354    0.0011   15.8   0.1   2   3      0.68        17    2.1   0.0   202   230   106   131    99   156 0.62 -
Pdum_DN92484_c1_g1_i1:806-1540   -            245 266808at33208        -            354    0.0011   15.8   0.1   3   3    0.0012     0.028   11.2   0.0    62   135   170   243   141   245 0.89 -
Pdum_DN90254_c2_g1_i7:1612-2445  -            278 266808at33208        -            354    0.0014   15.5   0.4   1   2      0.12       3.1    4.5   0.1   202   263    71   138    45   163 0.72 -
Pdum_DN90254_c2_g1_i7:1612-2445  -            278 266808at33208        -            354    0.0014   15.5   0.4   2   2    0.0043      0.11    9.3   0.0   200   271   168   245   141   251 0.65 -
Pdum_DN66486_c0_g1_i1:419-1648   -            410 266808at33208        -            354    0.0019   15.0   0.5   1   2         5   1.2e+02   -0.8   0.0   234   262    69    98    48   121 0.71 -
Pdum_DN66486_c0_g1_i1:419-1648   -            410 266808at33208        -            354    0.0019   15.0   0.5   2   2   0.00071     0.017   11.9   0.2   193   267   156   228   143   234 0.76 -
Pdum_DN83223_c0_g2_i1:739-1377   -            213 266808at33208        -            354    0.0022   14.8   0.3   1   3      0.43        10    2.7   0.0   190   216    38    64     4    69 0.58 -
Pdum_DN83223_c0_g2_i1:739-1377   -            213 266808at33208        -            354    0.0022   14.8   0.3   2   3      0.01      0.25    8.0   0.0   110   137   128   156   118   167 0.83 -
Pdum_DN83223_c0_g2_i1:739-1377   -            213 266808at33208        -            354    0.0022   14.8   0.3   3   3       2.4        59    0.3   0.0   235   258   189   212   180   213 0.84 -
Pdum_DN92312_c5_g1_i1:3890-4381  -            164 266808at33208        -            354    0.0023   14.7   0.0   1   2    0.0028     0.068    9.9   0.0   244   272    26    54     4    64 0.85 -
Pdum_DN92312_c5_g1_i1:3890-4381  -            164 266808at33208        -            354    0.0023   14.7   0.0   2   2      0.35       8.6    3.0   0.0   155   183   108   136    78   156 0.77 -
Pdum_DN69316_c0_g1_i1:312-956    -            215 266808at33208        -            354    0.0024   14.7   0.5   1   1    0.0003    0.0074   13.1   0.4   194   268     5    87     1    97 0.74 -
Pdum_DN77163_c0_g1_i7:250-627    -            126 266808at33208        -            354    0.0031   14.4   0.0   1   1   0.00014    0.0034   14.2   0.0   200   266     8    74     1    98 0.70 -
Pdum_DN91159_c2_g2_i3:4324-5103  -            260 266808at33208        -            354    0.0044   13.8   0.0   1   2   0.00047     0.012   12.5   0.0   197   308     1   107     1   157 0.82 -
Pdum_DN91159_c2_g2_i3:4324-5103  -            260 266808at33208        -            354    0.0044   13.8   0.0   2   2       8.1     2e+02   -1.5   0.0   205   217   146   158   130   170 0.75 -
Pdum_DN73667_c0_g1_i4:202-1662   -            487 266808at33208        -            354    0.0072   13.1   0.2   1   1    0.0012     0.028   11.2   0.2   193   262   154   222   139   231 0.87 -
Pdum_DN90416_c1_g1_i6:5174-6010  -            279 266808at33208        -            354     0.009   12.8   2.0   1   4       1.2        29    1.3   0.0   245   263    73    91    54    98 0.66 -
Pdum_DN90416_c1_g1_i6:5174-6010  -            279 266808at33208        -            354     0.009   12.8   2.0   2   4       5.1   1.3e+02   -0.8   0.0   316   352   135   170   129   172 0.63 -
Pdum_DN90416_c1_g1_i6:5174-6010  -            279 266808at33208        -            354     0.009   12.8   2.0   3   4      0.39       9.5    2.9   0.0   108   142   191   227   182   246 0.63 -
Pdum_DN90416_c1_g1_i6:5174-6010  -            279 266808at33208        -            354     0.009   12.8   2.0   4   4      0.11       2.7    4.7   0.1   235   262   253   279   247   279 0.82 -
Pdum_DN84630_c2_g1_i5:2401-3183  -            261 266808at33208        -            354     0.022   11.5   0.0   1   1    0.0019     0.046   10.5   0.0   106   140   117   151   108   167 0.84 -
#
# Program:         hmmsearch
# Version:         3.1b2 (February 2015)
# Pipeline mode:   SEARCH
# Query file:      /mnt/f/phylo/WORMS/busco_analysis/busco_downloads/lineages/metazoa_odb10/hmms/266808at33208.hmm
# Target file:     /mnt/f/phylo/WORMS/busco_analysis/metazoa_lineage_result/run_metazoa_odb10/metaeuk_output/initial_results/Platynereis_ref.eggnog_filter.nucl.fasta.modified.fas
# Option settings: hmmsearch --domtblout /mnt/f/phylo/WORMS/busco_analysis/metazoa_lineage_result/run_metazoa_odb10/hmmer_output/initial_run_results/266808at33208.out --cpu 1 /mnt/f/phylo/WORMS/busco_analysis/busco_downloads/lineages/metazoa_odb10/hmms/266808at33208.hmm /mnt/f/phylo/WORMS/busco_analysis/metazoa_lineage_result/run_metazoa_odb10/metaeuk_output/initial_results/Platynereis_ref.eggnog_filter.nucl.fasta.modified.fas 
# Current dir:     /mnt/f/phylo/WORMS/busco_analysis
# Date:            Sun Mar 12 20:41:54 2023
# [ok]
