#                                                                                        --- full sequence --- -------------- this domain -------------   hmm coord   ali coord   env coord
# target name                    accession   tlen query name           accession   qlen   E-value  score  bias   #  of  c-Evalue  i-Evalue  score  bias  from    to  from    to  from    to  acc description of target
#            ------------------- ---------- ----- -------------------- ---------- ----- --------- ------ ----- --- --- --------- --------- ------ ----- ----- ----- ----- ----- ----- ----- ---- ---------------------
Pdum_DN83374_c0_g1_i1:2-1429     -            476 274769at33208        -            383  1.4e-163  542.0   8.1   1   2  8.2e-130  1.2e-127  423.8   4.1     1   307     4   374     4   379 0.86 -
Pdum_DN83374_c0_g1_i1:2-1429     -            476 274769at33208        -            383  1.4e-163  542.0   8.1   2   2   6.3e-36     9e-34  114.8   0.1   304   372   406   476   387   476 0.86 -
Pdum_DN74549_c0_g1_i7:3718-4872  -            385 274769at33208        -            383   5.9e-19   66.0   4.5   1   4   5.9e-08   8.4e-06   22.7   0.1    84   111     5    32     3    41 0.87 -
Pdum_DN74549_c0_g1_i7:3718-4872  -            385 274769at33208        -            383   5.9e-19   66.0   4.5   2   4   0.00074      0.11    9.2   0.3   118   180   119   178   103   251 0.77 -
Pdum_DN74549_c0_g1_i7:3718-4872  -            385 274769at33208        -            383   5.9e-19   66.0   4.5   3   4   6.8e-05    0.0097   12.6   0.0   228   292   268   329   254   331 0.84 -
Pdum_DN74549_c0_g1_i7:3718-4872  -            385 274769at33208        -            383   5.9e-19   66.0   4.5   4   4   2.8e-07     4e-05   20.5   0.2   316   360   331   378   327   382 0.79 -
Pdum_DN81988_c0_g1_i12:983-1879  -            299 274769at33208        -            383   5.9e-17   59.4   0.2   1   2   1.6e-11   2.2e-09   34.5   0.3    77   173     5   104     2   107 0.69 -
Pdum_DN81988_c0_g1_i12:983-1879  -            299 274769at33208        -            383   5.9e-17   59.4   0.2   2   2   5.9e-08   8.5e-06   22.7   0.0   307   363   234   290   201   299 0.76 -
Pdum_DN87439_c0_g1_i8:2366-3391  -            342 274769at33208        -            383   4.6e-16   56.5   4.9   1   2   8.1e-09   1.2e-06   25.5   0.8    85   171     1   103     1   108 0.72 -
Pdum_DN87439_c0_g1_i8:2366-3391  -            342 274769at33208        -            383   4.6e-16   56.5   4.9   2   2   1.6e-10   2.2e-08   31.2   0.2   236   365   209   332   191   342 0.75 -
Pdum_DN80307_c0_g1_i2:1814-3361  -            516 274769at33208        -            383   7.1e-16   55.9   7.8   1   3   1.7e-08   2.4e-06   24.5   0.2    83   115   173   205   153   221 0.85 -
Pdum_DN80307_c0_g1_i2:1814-3361  -            516 274769at33208        -            383   7.1e-16   55.9   7.8   2   3    0.0016      0.23    8.1   0.0   127   175   246   291   227   294 0.82 -
Pdum_DN80307_c0_g1_i2:1814-3361  -            516 274769at33208        -            383   7.1e-16   55.9   7.8   3   3     3e-08   4.3e-06   23.7   1.4   309   377   454   513   361   516 0.74 -
Pdum_DN76447_c0_g1_i1:852-1934   -            361 274769at33208        -            383   3.5e-15   53.6   2.3   1   4   4.4e-09   6.3e-07   26.4   0.1    84   106    33    55    21    63 0.89 -
Pdum_DN76447_c0_g1_i1:852-1934   -            361 274769at33208        -            383   3.5e-15   53.6   2.3   2   4     0.031       4.5    3.8   0.0   116   175    87   143    79   185 0.85 -
Pdum_DN76447_c0_g1_i1:852-1934   -            361 274769at33208        -            383   3.5e-15   53.6   2.3   3   4    0.0032      0.46    7.1   0.0   228   276   242   288   149   293 0.67 -
Pdum_DN76447_c0_g1_i1:852-1934   -            361 274769at33208        -            383   3.5e-15   53.6   2.3   4   4     4e-05    0.0057   13.4   0.1   309   361   298   352   291   358 0.83 -
Pdum_DN92159_c2_g1_i3:916-1854   -            313 274769at33208        -            383   3.6e-15   53.5   4.0   1   1   4.1e-17   5.9e-15   52.8   4.0    85   342     2   278     1   313 0.71 -
Pdum_DN90870_c4_g2_i1:1472-2422  -            317 274769at33208        -            383   9.9e-15   52.1   4.3   1   3   0.00029     0.041   10.5   0.0    85   106     1    22     1    33 0.82 -
Pdum_DN90870_c4_g2_i1:1472-2422  -            317 274769at33208        -            383   9.9e-15   52.1   4.3   2   3   5.1e-05    0.0073   13.0   0.8   151   280   120   268   110   273 0.74 -
Pdum_DN90870_c4_g2_i1:1472-2422  -            317 274769at33208        -            383   9.9e-15   52.1   4.3   3   3   3.6e-10   5.1e-08   30.0   0.2   297   351   261   317   253   317 0.75 -
Pdum_DN84666_c0_g1_i5:1480-2481  -            334 274769at33208        -            383   1.2e-13   48.5  14.5   1   3   1.6e-06   0.00022   18.0   2.6    85   173     1   104     1   115 0.66 -
Pdum_DN84666_c0_g1_i5:1480-2481  -            334 274769at33208        -            383   1.2e-13   48.5  14.5   2   3   3.6e-05    0.0052   13.5   1.7   183   285   149   256   137   263 0.78 -
Pdum_DN84666_c0_g1_i5:1480-2481  -            334 274769at33208        -            383   1.2e-13   48.5  14.5   3   3   2.5e-08   3.6e-06   23.9   0.0   312   358   260   306   253   334 0.78 -
Pdum_DN92661_c7_g1_i2:4648-5667  -            340 274769at33208        -            383   6.5e-13   46.1   0.0   1   2   2.1e-05     0.003   14.3   0.0    85   117     1    33     1    43 0.85 -
Pdum_DN92661_c7_g1_i2:4648-5667  -            340 274769at33208        -            383   6.5e-13   46.1   0.0   2   2   3.8e-10   5.5e-08   29.9   0.0   183   358   158   339   113   340 0.66 -
Pdum_DN92866_c4_g1_i3:4410-5648  -            413 274769at33208        -            383   6.8e-12   42.8   1.3   1   2   6.1e-07   8.7e-05   19.4   0.0    79   116    34    71    16    91 0.83 -
Pdum_DN92866_c4_g1_i3:4410-5648  -            413 274769at33208        -            383   6.8e-12   42.8   1.3   2   2   3.3e-06   0.00047   17.0   1.0   210   350   273   400   243   413 0.67 -
Pdum_DN86033_c0_g1_i2:4703-5620  -            306 274769at33208        -            383     4e-11   40.2   9.2   1   1   7.8e-10   1.1e-07   28.9   9.2    85   370     1   292     1   306 0.64 -
Pdum_DN89063_c0_g1_i2:3781-4530  -            250 274769at33208        -            383   1.5e-10   38.4   0.2   1   3   2.5e-08   3.6e-06   23.9   0.6    83   106    13    36     3    46 0.85 -
Pdum_DN89063_c0_g1_i2:3781-4530  -            250 274769at33208        -            383   1.5e-10   38.4   0.2   2   3     0.002      0.29    7.8   0.0   119   193    71   143    62   158 0.82 -
Pdum_DN89063_c0_g1_i2:3781-4530  -            250 274769at33208        -            383   1.5e-10   38.4   0.2   3   3     0.073        11    2.6   0.0    11    37   215   241   212   248 0.89 -
Pdum_DN85042_c0_g1_i2:5447-5764  -            106 274769at33208        -            383   1.9e-10   38.0   0.7   1   1   2.6e-12   3.7e-10   37.0   0.7    85   174     1   102     1   105 0.74 -
Pdum_DN90895_c3_g1_i1:2956-3843  -            296 274769at33208        -            383   1.9e-10   38.0   5.5   1   2   3.4e-09   4.9e-07   26.8   1.6    85   286     1   238     1   242 0.68 -
Pdum_DN90895_c3_g1_i1:2956-3843  -            296 274769at33208        -            383   1.9e-10   38.0   5.5   2   2    0.0012      0.18    8.5   0.2   316   351   246   283   237   291 0.79 -
Pdum_DN79305_c2_g1_i5:105-488    -            128 274769at33208        -            383   2.5e-10   37.6   0.1   1   1   2.1e-12   3.1e-10   37.3   0.1    81   167     9    99     3   110 0.70 -
Pdum_DN91915_c1_g1_i3:3493-3999  -            169 274769at33208        -            383   3.5e-10   37.1   1.3   1   2   6.9e-10   9.9e-08   29.1   0.8    84   111     1    28     1    32 0.93 -
Pdum_DN91915_c1_g1_i3:3493-3999  -            169 274769at33208        -            383   3.5e-10   37.1   1.3   2   2    0.0039      0.56    6.8   0.0   122   188    57   125    45   148 0.70 -
Pdum_DN90466_c2_g1_i6:674-2044   -            457 274769at33208        -            383   5.4e-10   36.5  11.7   1   3   2.1e-05    0.0031   14.3   0.3    82   115     1    35     1    51 0.88 -
Pdum_DN90466_c2_g1_i6:674-2044   -            457 274769at33208        -            383   5.4e-10   36.5  11.7   2   3       7.5   1.1e+03   -4.0   0.0   153   172    93   112    91   115 0.79 -
Pdum_DN90466_c2_g1_i6:674-2044   -            457 274769at33208        -            383   5.4e-10   36.5  11.7   3   3   1.8e-08   2.5e-06   24.4   2.8   224   363   319   445   308   457 0.69 -
Pdum_DN92293_c0_g1_i3:2297-3301  -            335 274769at33208        -            383   1.6e-09   34.9   5.3   1   2   2.3e-09   3.3e-07   27.3   2.6    85   287     1   228     1   252 0.68 -
Pdum_DN92293_c0_g1_i3:2297-3301  -            335 274769at33208        -            383   1.6e-09   34.9   5.3   2   2    0.0021       0.3    7.7   0.0   312   352   276   325   267   331 0.70 -
Pdum_DN86714_c0_g1_i16:5614-6714 -            367 274769at33208        -            383   9.4e-09   32.4   8.3   1   2   0.00022     0.032   10.9   4.6    85   283     1   232     1   263 0.63 -
Pdum_DN86714_c0_g1_i16:5614-6714 -            367 274769at33208        -            383   9.4e-09   32.4   8.3   2   2   8.3e-08   1.2e-05   22.2   0.1   303   366   302   367   286   367 0.78 -
Pdum_DN92510_c3_g1_i4:158-583    -            142 274769at33208        -            383     3e-08   30.7   0.0   1   1   2.3e-10   3.3e-08   30.6   0.0    82   167     1    92     1   122 0.79 -
Pdum_DN81637_c0_g2_i5:1029-2024  -            332 274769at33208        -            383   1.4e-07   28.6   0.1   1   3   2.3e-07   3.2e-05   20.8   0.0    78   111    12    45     4    53 0.84 -
Pdum_DN81637_c0_g2_i5:1029-2024  -            332 274769at33208        -            383   1.4e-07   28.6   0.1   2   3       0.4        58    0.2   0.0   124   172    82   129    63   132 0.74 -
Pdum_DN81637_c0_g2_i5:1029-2024  -            332 274769at33208        -            383   1.4e-07   28.6   0.1   3   3     0.033       4.8    3.8   0.0   232   301   225   301   164   326 0.75 -
Pdum_DN80329_c5_g2_i3:1328-2194  -            289 274769at33208        -            383   1.2e-06   25.5   3.7   1   2   4.8e-08   6.9e-06   23.0   2.8    85   196     1   130     1   181 0.62 -
Pdum_DN80329_c5_g2_i3:1328-2194  -            289 274769at33208        -            383   1.2e-06   25.5   3.7   2   2         1   1.4e+02   -1.1   0.0   183   202   147   167   130   256 0.59 -
Pdum_DN90287_c1_g1_i5:3599-4060  -            154 274769at33208        -            383   1.4e-06   25.2   0.2   1   2   1.9e-08   2.7e-06   24.3   0.0    72   111    35    74    24    86 0.85 -
Pdum_DN90287_c1_g1_i5:3599-4060  -            154 274769at33208        -            383   1.4e-06   25.2   0.2   2   2       1.7   2.4e+02   -1.8   0.0   148   168   130   150    97   154 0.67 -
Pdum_DN87265_c0_g2_i6:2104-2934  -            277 274769at33208        -            383   1.5e-06   25.2   0.0   1   3   2.4e-07   3.4e-05   20.7   0.0    85   111     1    27     1    37 0.92 -
Pdum_DN87265_c0_g2_i6:2104-2934  -            277 274769at33208        -            383   1.5e-06   25.2   0.0   2   3      0.25        36    0.9   0.0   126   172    75   118    69   151 0.67 -
Pdum_DN87265_c0_g2_i6:2104-2934  -            277 274769at33208        -            383   1.5e-06   25.2   0.0   3   3      0.85   1.2e+02   -0.9   0.0   233   280   222   268   207   277 0.72 -
Pdum_DN83486_c0_g1_i2:1919-2485  -            189 274769at33208        -            383   6.1e-06   23.2   0.4   1   2     1e-07   1.5e-05   21.9   0.1    85   109     1    25     1    41 0.86 -
Pdum_DN83486_c0_g1_i2:1919-2485  -            189 274769at33208        -            383   6.1e-06   23.2   0.4   2   2       1.1   1.5e+02   -1.2   0.0   151   178    91   118    78   158 0.71 -
Pdum_DN81104_c0_g1_i5:968-1636   -            223 274769at33208        -            383   1.1e-05   22.3   0.0   1   1   1.5e-07   2.1e-05   21.4   0.0   305   351   169   215   163   220 0.82 -
Pdum_DN78010_c0_g1_i5:203-1138   -            312 274769at33208        -            383   0.00058   16.7   0.1   1   1   5.5e-06   0.00079   16.2   0.1     3    67     2    77     1    94 0.74 -
#
# Program:         hmmsearch
# Version:         3.1b2 (February 2015)
# Pipeline mode:   SEARCH
# Query file:      /mnt/f/phylo/WORMS/busco_analysis/busco_downloads/lineages/metazoa_odb10/hmms/274769at33208.hmm
# Target file:     /mnt/f/phylo/WORMS/busco_analysis/metazoa_lineage_result/run_metazoa_odb10/metaeuk_output/initial_results/Platynereis_ref.eggnog_filter.nucl.fasta.modified.fas
# Option settings: hmmsearch --domtblout /mnt/f/phylo/WORMS/busco_analysis/metazoa_lineage_result/run_metazoa_odb10/hmmer_output/initial_run_results/274769at33208.out --cpu 1 /mnt/f/phylo/WORMS/busco_analysis/busco_downloads/lineages/metazoa_odb10/hmms/274769at33208.hmm /mnt/f/phylo/WORMS/busco_analysis/metazoa_lineage_result/run_metazoa_odb10/metaeuk_output/initial_results/Platynereis_ref.eggnog_filter.nucl.fasta.modified.fas 
# Current dir:     /mnt/f/phylo/WORMS/busco_analysis
# Date:            Sun Mar 12 20:41:55 2023
# [ok]
