#                                                                                       --- full sequence --- -------------- this domain -------------   hmm coord   ali coord   env coord
# target name                   accession   tlen query name           accession   qlen   E-value  score  bias   #  of  c-Evalue  i-Evalue  score  bias  from    to  from    to  from    to  acc description of target
#           ------------------- ---------- ----- -------------------- ---------- ----- --------- ------ ----- --- --- --------- --------- ------ ----- ----- ----- ----- ----- ----- ----- ---- ---------------------
Pdum_DN79478_c0_g1_i2:1198-2517 -            440 289928at33208        -            340  7.3e-126  417.8  41.4   1   1  1.8e-126  1.4e-123  410.3  41.4     3   336    10   424     8   431 0.84 -
Pdum_DN91794_c5_g1_i2:3734-4933 -            400 289928at33208        -            340   1.5e-14   51.8   8.9   1   2   1.8e-17   1.5e-14   51.8   8.9     5   171    11   174     7   178 0.80 -
Pdum_DN91794_c5_g1_i2:3734-4933 -            400 289928at33208        -            340   1.5e-14   51.8   8.9   2   2       3.6   2.9e+03   -5.1   8.3    48   309   255   347   211   366 0.45 -
Pdum_DN79927_c0_g1_i1:1407-2402 -            332 289928at33208        -            340   1.3e-13   48.6  19.6   1   1   7.1e-16   5.7e-13   46.6  19.6    44   296     7   281     3   332 0.77 -
Pdum_DN79195_c0_g1_i3:1838-2512 -            225 289928at33208        -            340   1.3e-09   35.5  11.6   1   2   2.1e-05     0.017   12.2   1.3     2    30     1    30     1    58 0.80 -
Pdum_DN79195_c0_g1_i3:1838-2512 -            225 289928at33208        -            340   1.3e-09   35.5  11.6   2   2   1.9e-10   1.5e-07   28.7   3.2    51   152    98   206    82   224 0.77 -
Pdum_DN86649_c0_g1_i1:2415-3197 -            261 289928at33208        -            340   0.00041   17.4   4.4   1   2   5.2e-07   0.00041   17.4   4.4    49   155     1   115     1   144 0.83 -
Pdum_DN86649_c0_g1_i1:2415-3197 -            261 289928at33208        -            340   0.00041   17.4   4.4   2   2      0.64   5.1e+02   -2.6   0.0   211   211   187   187   146   230 0.57 -
#
# Program:         hmmsearch
# Version:         3.1b2 (February 2015)
# Pipeline mode:   SEARCH
# Query file:      /mnt/f/phylo/WORMS/busco_analysis/busco_downloads/lineages/metazoa_odb10/hmms/289928at33208.hmm
# Target file:     /mnt/f/phylo/WORMS/busco_analysis/metazoa_lineage_result/run_metazoa_odb10/metaeuk_output/initial_results/Platynereis_ref.eggnog_filter.nucl.fasta.modified.fas
# Option settings: hmmsearch --domtblout /mnt/f/phylo/WORMS/busco_analysis/metazoa_lineage_result/run_metazoa_odb10/hmmer_output/initial_run_results/289928at33208.out --cpu 1 /mnt/f/phylo/WORMS/busco_analysis/busco_downloads/lineages/metazoa_odb10/hmms/289928at33208.hmm /mnt/f/phylo/WORMS/busco_analysis/metazoa_lineage_result/run_metazoa_odb10/metaeuk_output/initial_results/Platynereis_ref.eggnog_filter.nucl.fasta.modified.fas 
# Current dir:     /mnt/f/phylo/WORMS/busco_analysis
# Date:            Sun Mar 12 20:41:58 2023
# [ok]
