#                                                                                      --- full sequence --- -------------- this domain -------------   hmm coord   ali coord   env coord
# target name                  accession   tlen query name           accession   qlen   E-value  score  bias   #  of  c-Evalue  i-Evalue  score  bias  from    to  from    to  from    to  acc description of target
#          ------------------- ---------- ----- -------------------- ---------- ----- --------- ------ ----- --- --- --------- --------- ------ ----- ----- ----- ----- ----- ----- ----- ---- ---------------------
Pdum_DN89667_c0_g1_i2:953-5086 -           1378 295556at33208        -            741  4.7e-157  522.3  39.4   1   8   2.6e-06      0.01   12.0   0.0    12    40    40    68    34    99 0.68 -
Pdum_DN89667_c0_g1_i2:953-5086 -           1378 295556at33208        -            741  4.7e-157  522.3  39.4   2   8     0.034   1.4e+02   -1.6   1.8    32    90   210   267   201   285 0.68 -
Pdum_DN89667_c0_g1_i2:953-5086 -           1378 295556at33208        -            741  4.7e-157  522.3  39.4   3   8     0.021        85   -1.0   0.2    62    89   307   334   301   341 0.76 -
Pdum_DN89667_c0_g1_i2:953-5086 -           1378 295556at33208        -            741  4.7e-157  522.3  39.4   4   8       0.2   7.8e+02   -4.2   0.7    88   112   362   387   359   391 0.78 -
Pdum_DN89667_c0_g1_i2:953-5086 -           1378 295556at33208        -            741  4.7e-157  522.3  39.4   5   8   1.4e-17   5.6e-14   49.2   0.0    99   152   417   470   401   474 0.93 -
Pdum_DN89667_c0_g1_i2:953-5086 -           1378 295556at33208        -            741  4.7e-157  522.3  39.4   6   8   1.6e-46   6.3e-43  144.9   1.0   151   286   490   650   489   655 0.83 -
Pdum_DN89667_c0_g1_i2:953-5086 -           1378 295556at33208        -            741  4.7e-157  522.3  39.4   7   8   3.1e-90   1.2e-86  289.4   0.4   278   578   662  1025   659  1033 0.85 -
Pdum_DN89667_c0_g1_i2:953-5086 -           1378 295556at33208        -            741  4.7e-157  522.3  39.4   8   8   2.7e-17   1.1e-13   48.3   2.8   561   649  1041  1130  1030  1201 0.72 -
#
# Program:         hmmsearch
# Version:         3.1b2 (February 2015)
# Pipeline mode:   SEARCH
# Query file:      /mnt/f/phylo/WORMS/busco_analysis/busco_downloads/lineages/metazoa_odb10/hmms/295556at33208.hmm
# Target file:     /mnt/f/phylo/WORMS/busco_analysis/metazoa_lineage_result/run_metazoa_odb10/metaeuk_output/initial_results/Platynereis_ref.eggnog_filter.nucl.fasta.modified.fas
# Option settings: hmmsearch --domtblout /mnt/f/phylo/WORMS/busco_analysis/metazoa_lineage_result/run_metazoa_odb10/hmmer_output/initial_run_results/295556at33208.out --cpu 1 /mnt/f/phylo/WORMS/busco_analysis/busco_downloads/lineages/metazoa_odb10/hmms/295556at33208.hmm /mnt/f/phylo/WORMS/busco_analysis/metazoa_lineage_result/run_metazoa_odb10/metaeuk_output/initial_results/Platynereis_ref.eggnog_filter.nucl.fasta.modified.fas 
# Current dir:     /mnt/f/phylo/WORMS/busco_analysis
# Date:            Sun Mar 12 20:41:58 2023
# [ok]
