#                                                                                      --- full sequence --- -------------- this domain -------------   hmm coord   ali coord   env coord
# target name                  accession   tlen query name           accession   qlen   E-value  score  bias   #  of  c-Evalue  i-Evalue  score  bias  from    to  from    to  from    to  acc description of target
#          ------------------- ---------- ----- -------------------- ---------- ----- --------- ------ ----- --- --- --------- --------- ------ ----- ----- ----- ----- ----- ----- ----- ---- ---------------------
Pdum_DN79730_c0_g1_i4:168-1625 -            486 301572at33208        -            397  3.3e-187  620.0  15.0   1   2   0.00071      0.57    6.8   1.3     1    19     1    19     1    52 0.71 -
Pdum_DN79730_c0_g1_i4:168-1625 -            486 301572at33208        -            397  3.3e-187  620.0  15.0   2   2  1.2e-188  9.4e-186  615.3   7.9     6   396    58   485    40   486 0.92 -
Pdum_DN84855_c0_g1_i2:329-1108 -            260 301572at33208        -            397   1.4e-27   94.5   0.1   1   1     4e-30   3.2e-27   93.3   0.1    38   271     3   254     1   260 0.75 -
Pdum_DN73842_c1_g1_i1:2-772    -            257 301572at33208        -            397     6e-26   89.1   0.0   1   1   9.3e-29   7.5e-26   88.8   0.0    35   220    58   255    40   257 0.83 -
Pdum_DN84317_c3_g1_i2:631-990  -            120 301572at33208        -            397   5.4e-23   79.3   0.2   1   1   7.2e-26   5.7e-23   79.3   0.2   141   255     2   118     1   120 0.91 -
Pdum_DN45620_c0_g1_i1:66-653   -            196 301572at33208        -            397    0.0018   15.1   0.7   1   2       0.4   3.2e+02   -2.2   0.1   264   286    17    34     3    61 0.47 -
Pdum_DN45620_c0_g1_i1:66-653   -            196 301572at33208        -            397    0.0018   15.1   0.7   2   2   3.2e-06    0.0026   14.5   0.0    30    75    62   107    56   121 0.90 -
#
# Program:         hmmsearch
# Version:         3.1b2 (February 2015)
# Pipeline mode:   SEARCH
# Query file:      /mnt/f/phylo/WORMS/busco_analysis/busco_downloads/lineages/metazoa_odb10/hmms/301572at33208.hmm
# Target file:     /mnt/f/phylo/WORMS/busco_analysis/metazoa_lineage_result/run_metazoa_odb10/metaeuk_output/initial_results/Platynereis_ref.eggnog_filter.nucl.fasta.modified.fas
# Option settings: hmmsearch --domtblout /mnt/f/phylo/WORMS/busco_analysis/metazoa_lineage_result/run_metazoa_odb10/hmmer_output/initial_run_results/301572at33208.out --cpu 1 /mnt/f/phylo/WORMS/busco_analysis/busco_downloads/lineages/metazoa_odb10/hmms/301572at33208.hmm /mnt/f/phylo/WORMS/busco_analysis/metazoa_lineage_result/run_metazoa_odb10/metaeuk_output/initial_results/Platynereis_ref.eggnog_filter.nucl.fasta.modified.fas 
# Current dir:     /mnt/f/phylo/WORMS/busco_analysis
# Date:            Sun Mar 12 20:41:59 2023
# [ok]
