#                                                                                        --- full sequence --- -------------- this domain -------------   hmm coord   ali coord   env coord
# target name                    accession   tlen query name           accession   qlen   E-value  score  bias   #  of  c-Evalue  i-Evalue  score  bias  from    to  from    to  from    to  acc description of target
#            ------------------- ---------- ----- -------------------- ---------- ----- --------- ------ ----- --- --- --------- --------- ------ ----- ----- ----- ----- ----- ----- ----- ---- ---------------------
Pdum_DN80818_c0_g1_i5:105-512    -            136 302279at33208        -            304   1.9e-63  212.4   0.5   1   1   4.2e-64     2e-62  209.0   0.5   184   304     1   136     1   136 0.91 -
Pdum_DN80818_c0_g2_i1:2-274      -             91 302279at33208        -            304   1.9e-27   94.1   0.2   1   1   3.7e-27   1.8e-25   87.6   0.2     1    70     2    89     2    91 0.88 -
Pdum_DN79110_c0_g1_i7:340-1365   -            342 302279at33208        -            304   3.2e-10   37.5   2.1   1   3   5.6e-10   2.7e-08   31.2   0.4    69   167   128   213   108   220 0.78 -
Pdum_DN79110_c0_g1_i7:340-1365   -            342 302279at33208        -            304   3.2e-10   37.5   2.1   2   3       0.1         5    4.1   0.0    83   114   220   251   215   268 0.84 -
Pdum_DN79110_c0_g1_i7:340-1365   -            342 302279at33208        -            304   3.2e-10   37.5   2.1   3   3       4.7   2.2e+02   -1.4   0.0    97   114   284   301   277   304 0.83 -
Pdum_DN74150_c0_g1_i3:157-2955   -            933 302279at33208        -            304   3.8e-10   37.3   1.5   1   4   1.1e-07   5.1e-06   23.7   0.1   143   254    76   179    46   192 0.85 -
Pdum_DN74150_c0_g1_i3:157-2955   -            933 302279at33208        -            304   3.8e-10   37.3   1.5   2   4       4.1     2e+02   -1.2   0.0    98   130   206   237   196   239 0.75 -
Pdum_DN74150_c0_g1_i3:157-2955   -            933 302279at33208        -            304   3.8e-10   37.3   1.5   3   4    0.0075      0.36    7.8   0.0   194   302   463   573   457   575 0.72 -
Pdum_DN74150_c0_g1_i3:157-2955   -            933 302279at33208        -            304   3.8e-10   37.3   1.5   4   4       1.7        81    0.1   0.0    96   127   681   712   617   728 0.75 -
Pdum_DN77163_c0_g1_i7:250-627    -            126 302279at33208        -            304   4.1e-10   37.2   0.0   1   2   1.7e-06     8e-05   19.8   0.0    98   127    12    41     2    42 0.87 -
Pdum_DN77163_c0_g1_i7:250-627    -            126 302279at33208        -            304   4.1e-10   37.2   0.0   2   2   6.5e-06   0.00031   17.9   0.0   221   264    38    81    36    97 0.86 -
Pdum_DN77740_c0_g3_i3:100-1476   -            459 302279at33208        -            304   1.8e-09   35.1   1.2   1   5      0.98        47    0.9   0.0    92   113   158   179   143   190 0.81 -
Pdum_DN77740_c0_g3_i3:100-1476   -            459 302279at33208        -            304   1.8e-09   35.1   1.2   2   5      0.22        10    3.0   0.0    70   112   175   220   153   231 0.69 -
Pdum_DN77740_c0_g3_i3:100-1476   -            459 302279at33208        -            304   1.8e-09   35.1   1.2   3   5     0.001      0.05   10.6   0.1    71   122   218   272   216   283 0.69 -
Pdum_DN77740_c0_g3_i3:100-1476   -            459 302279at33208        -            304   1.8e-09   35.1   1.2   4   5   0.00014    0.0065   13.5   0.0    84   124   276   316   269   326 0.81 -
Pdum_DN77740_c0_g3_i3:100-1476   -            459 302279at33208        -            304   1.8e-09   35.1   1.2   5   5     0.082       3.9    4.4   0.0   230   263   362   398   342   435 0.66 -
Pdum_DN73138_c0_g1_i1:392-1264   -            291 302279at33208        -            304     4e-09   34.0   0.6   1   3       3.4   1.6e+02   -0.9   0.0   239   257    25    40     9    85 0.66 -
Pdum_DN73138_c0_g1_i1:392-1264   -            291 302279at33208        -            304     4e-09   34.0   0.6   2   3     2e-08   9.6e-07   26.1   0.1    86   207    97   207    88   221 0.81 -
Pdum_DN73138_c0_g1_i1:392-1264   -            291 302279at33208        -            304     4e-09   34.0   0.6   3   3      0.06       2.9    4.8   0.0    92   112   229   249   209   271 0.81 -
Pdum_DN86522_c0_g3_i4:534-1520   -            329 302279at33208        -            304   8.9e-09   32.8   5.5   1   2   2.1e-05   0.00099   16.2   0.5    56   163    52   155    34   163 0.78 -
Pdum_DN86522_c0_g3_i4:534-1520   -            329 302279at33208        -            304   8.9e-09   32.8   5.5   2   2     1e-05    0.0005   17.2   0.3    83   209   169   290   157   299 0.85 -
Pdum_DN90586_c2_g3_i4:2166-2804  -            213 302279at33208        -            304   2.5e-08   31.3   0.5   1   3   8.8e-09   4.2e-07   27.3   0.3    95   252    22   164     2   169 0.81 -
Pdum_DN90586_c2_g3_i4:2166-2804  -            213 302279at33208        -            304   2.5e-08   31.3   0.5   2   3    0.0046      0.22    8.5   0.0    98   168   109   172   106   192 0.68 -
Pdum_DN90586_c2_g3_i4:2166-2804  -            213 302279at33208        -            304   2.5e-08   31.3   0.5   3   3      0.29        14    2.6   0.0    70   112   162   207   160   211 0.80 -
Pdum_DN78785_c0_g1_i2:534-2834   -            767 302279at33208        -            304     6e-08   30.1   3.2   1   2   1.7e-08   8.2e-07   26.3   2.0    98   283    62   236    49   245 0.81 -
Pdum_DN78785_c0_g1_i2:534-2834   -            767 302279at33208        -            304     6e-08   30.1   3.2   2   2      0.36        17    2.3   0.0    79   125   219   268   216   293 0.68 -
Pdum_DN82012_c2_g2_i1:484-1302   -            273 302279at33208        -            304   6.5e-08   30.0   8.6   1   6      0.34        16    2.4   0.1    87   113     5    32     1    51 0.72 -
Pdum_DN82012_c2_g2_i1:484-1302   -            273 302279at33208        -            304   6.5e-08   30.0   8.6   2   6     0.058       2.8    4.9   0.0    96   114    55    73    35    89 0.82 -
Pdum_DN82012_c2_g2_i1:484-1302   -            273 302279at33208        -            304   6.5e-08   30.0   8.6   3   6     0.098       4.7    4.2   0.0    95   114    94   113    75   129 0.80 -
Pdum_DN82012_c2_g2_i1:484-1302   -            273 302279at33208        -            304   6.5e-08   30.0   8.6   4   6     0.018      0.86    6.6   0.3    98   162   137   192   126   218 0.46 -
Pdum_DN82012_c2_g2_i1:484-1302   -            273 302279at33208        -            304   6.5e-08   30.0   8.6   5   6   0.00026     0.012   12.6   0.3    98   163   177   236   154   238 0.66 -
Pdum_DN82012_c2_g2_i1:484-1302   -            273 302279at33208        -            304   6.5e-08   30.0   8.6   6   6    0.0011     0.053   10.6   0.1    98   116   220   238   207   264 0.81 -
Pdum_DN75894_c0_g1_i3:333-1052   -            240 302279at33208        -            304   6.8e-08   29.9   0.4   1   2     0.014      0.69    6.9   0.1    84   112    23    51     3    60 0.85 -
Pdum_DN75894_c0_g1_i3:333-1052   -            240 302279at33208        -            304   6.8e-08   29.9   0.4   2   2     5e-07   2.4e-05   21.5   0.0    91   217    72   195    56   210 0.76 -
Pdum_DN86637_c0_g1_i2:178-705    -            176 302279at33208        -            304   7.4e-08   29.8   1.0   1   2   2.8e-08   1.3e-06   25.6   0.5    98   205    14   120     7   126 0.73 -
Pdum_DN86637_c0_g1_i2:178-705    -            176 302279at33208        -            304   7.4e-08   29.8   1.0   2   2      0.11       5.4    4.0   0.1   270   295    90   115    80   173 0.69 -
Pdum_DN89224_c5_g2_i10:3220-3918 -            233 302279at33208        -            304   7.6e-08   29.7   0.2   1   3      0.27        13    2.7   0.0    75   123    86   129    74   132 0.72 -
Pdum_DN89224_c5_g2_i10:3220-3918 -            233 302279at33208        -            304   7.6e-08   29.7   0.2   2   3   3.4e-07   1.6e-05   22.1   0.0    67   123   112   171    97   182 0.75 -
Pdum_DN89224_c5_g2_i10:3220-3918 -            233 302279at33208        -            304   7.6e-08   29.7   0.2   3   3      0.13       6.4    3.7   0.0    97   114   189   206   171   226 0.61 -
Pdum_DN78454_c0_g1_i4:576-2111   -            512 302279at33208        -            304   1.3e-07   29.0   0.8   1   2   2.6e-06   0.00013   19.2   0.2    97   215   228   346   215   360 0.80 -
Pdum_DN78454_c0_g1_i4:576-2111   -            512 302279at33208        -            304   1.3e-07   29.0   0.8   2   2    0.0066      0.32    8.0   0.0   190   252   362   425   354   432 0.85 -
Pdum_DN84894_c0_g1_i9:97-867     -            257 302279at33208        -            304   1.4e-07   28.9   0.0   1   4   0.00083      0.04   11.0   0.0    88   124    21    56     1    63 0.79 -
Pdum_DN84894_c0_g1_i9:97-867     -            257 302279at33208        -            304   1.4e-07   28.9   0.0   2   4      0.64        31    1.5   0.0    70   115    85   133    60   142 0.73 -
Pdum_DN84894_c0_g1_i9:97-867     -            257 302279at33208        -            304   1.4e-07   28.9   0.0   3   4   0.00043      0.02   11.9   0.0    67   115   124   175   105   183 0.80 -
Pdum_DN84894_c0_g1_i9:97-867     -            257 302279at33208        -            304   1.4e-07   28.9   0.0   4   4       1.7        83    0.1   0.0   273   297   188   212   179   217 0.70 -
Pdum_DN87134_c2_g1_i3:1621-2460  -            280 302279at33208        -            304   2.4e-07   28.1   9.7   1   5     0.015      0.74    6.8   0.1    96   116    13    33     2    53 0.80 -
Pdum_DN87134_c2_g1_i3:1621-2460  -            280 302279at33208        -            304   2.4e-07   28.1   9.7   2   5    0.0017     0.079   10.0   0.5    96   185    55   142    44   143 0.69 -
Pdum_DN87134_c2_g1_i3:1621-2460  -            280 302279at33208        -            304   2.4e-07   28.1   9.7   3   5    0.0056      0.27    8.2   0.6    96   196   101   187    79   198 0.68 -
Pdum_DN87134_c2_g1_i3:1621-2460  -            280 302279at33208        -            304   2.4e-07   28.1   9.7   4   5       1.4        67    0.4   0.0    96   113   180   197   160   214 0.75 -
Pdum_DN87134_c2_g1_i3:1621-2460  -            280 302279at33208        -            304   2.4e-07   28.1   9.7   5   5    0.0067      0.32    8.0   0.0    69   111   237   280   217   280 0.77 -
Pdum_DN72920_c0_g1_i5:770-1675   -            302 302279at33208        -            304   3.2e-07   27.7   4.8   1   4    0.0098      0.47    7.4   0.2    89   112    23    46     7    58 0.82 -
Pdum_DN72920_c0_g1_i5:770-1675   -            302 302279at33208        -            304   3.2e-07   27.7   4.8   2   4     0.018      0.86    6.6   0.0    96   161    74   132    51   137 0.78 -
Pdum_DN72920_c0_g1_i5:770-1675   -            302 302279at33208        -            304   3.2e-07   27.7   4.8   3   4     0.013       0.6    7.1   0.0    58   115   156   219   144   228 0.78 -
Pdum_DN72920_c0_g1_i5:770-1675   -            302 302279at33208        -            304   3.2e-07   27.7   4.8   4   4     0.065       3.1    4.7   0.3    97   122   243   267   230   300 0.72 -
Pdum_DN78086_c1_g1_i5:2830-3705  -            292 302279at33208        -            304     4e-07   27.4   0.3   1   4    0.0067      0.32    8.0   0.0    91   142    14    62     5    77 0.76 -
Pdum_DN78086_c1_g1_i5:2830-3705  -            292 302279at33208        -            304     4e-07   27.4   0.3   2   4       1.7        79    0.1   0.0    71   112    42    78    36    99 0.75 -
Pdum_DN78086_c1_g1_i5:2830-3705  -            292 302279at33208        -            304     4e-07   27.4   0.3   3   4   0.00072     0.034   11.2   0.1    61   119   105   169    91   209 0.62 -
Pdum_DN78086_c1_g1_i5:2830-3705  -            292 302279at33208        -            304     4e-07   27.4   0.3   4   4       0.6        29    1.6   0.0    62   113   244   289   227   292 0.62 -
Pdum_DN82224_c0_g1_i1:2783-3526  -            248 302279at33208        -            304   4.7e-07   27.1   0.6   1   3      0.13         6    3.8   0.0   189   230    20    56     7    62 0.71 -
Pdum_DN82224_c0_g1_i1:2783-3526  -            248 302279at33208        -            304   4.7e-07   27.1   0.6   2   3   0.00091     0.044   10.8   0.1    99   122    64    86    59    99 0.76 -
Pdum_DN82224_c0_g1_i1:2783-3526  -            248 302279at33208        -            304   4.7e-07   27.1   0.6   3   3    0.0037      0.18    8.8   0.0    98   118   133   153   117   164 0.80 -
Pdum_DN83588_c0_g2_i13:1452-2396 -            315 302279at33208        -            304   5.6e-07   26.9   0.9   1   5       3.7   1.8e+02   -1.0   0.0   237   252    11    26     3    32 0.76 -
Pdum_DN83588_c0_g2_i13:1452-2396 -            315 302279at33208        -            304   5.6e-07   26.9   0.9   2   5      0.04       1.9    5.4   0.0    97   118    56    77    43    90 0.78 -
Pdum_DN83588_c0_g2_i13:1452-2396 -            315 302279at33208        -            304   5.6e-07   26.9   0.9   3   5     8e-05    0.0038   14.3   0.0    92   162    94   157    84   192 0.76 -
Pdum_DN83588_c0_g2_i13:1452-2396 -            315 302279at33208        -            304   5.6e-07   26.9   0.9   4   5       3.4   1.6e+02   -0.9   0.0    88   112   190   214   183   229 0.74 -
Pdum_DN83588_c0_g2_i13:1452-2396 -            315 302279at33208        -            304   5.6e-07   26.9   0.9   5   5       1.1        53    0.7   0.0    96   111   299   314   279   315 0.79 -
Pdum_DN83588_c0_g2_i13:1293-2279 -            329 302279at33208        -            304   6.3e-07   26.7   0.4   1   5     0.044       2.1    5.3   0.0    97   118    17    38     5    51 0.78 -
Pdum_DN83588_c0_g2_i13:1293-2279 -            329 302279at33208        -            304   6.3e-07   26.7   0.4   2   5   9.1e-05    0.0043   14.1   0.0    92   162    55   118    45   148 0.76 -
Pdum_DN83588_c0_g2_i13:1293-2279 -            329 302279at33208        -            304   6.3e-07   26.7   0.4   3   5       3.1   1.5e+02   -0.8   0.0    89   113   152   176   144   208 0.77 -
Pdum_DN83588_c0_g2_i13:1293-2279 -            329 302279at33208        -            304   6.3e-07   26.7   0.4   4   5      0.85        40    1.1   0.0    95   110   259   274   170   275 0.69 -
Pdum_DN83588_c0_g2_i13:1293-2279 -            329 302279at33208        -            304   6.3e-07   26.7   0.4   5   5      0.48        23    1.9   0.0    95   113   259   277   238   291 0.79 -
Pdum_DN90517_c4_g1_i5:2-985      -            328 302279at33208        -            304   9.2e-07   26.2   0.1   1   3    0.0015     0.074   10.1   0.0    70   112    48    88    30    93 0.79 -
Pdum_DN90517_c4_g1_i5:2-985      -            328 302279at33208        -            304   9.2e-07   26.2   0.1   2   3     0.015      0.74    6.8   0.0    66   122    93   154    87   160 0.74 -
Pdum_DN90517_c4_g1_i5:2-985      -            328 302279at33208        -            304   9.2e-07   26.2   0.1   3   3     0.025       1.2    6.1   0.0    64   111   196   240   182   284 0.87 -
Pdum_DN91072_c6_g2_i4:11-988     -            326 302279at33208        -            304   1.1e-06   26.0   1.8   1   4      0.11       5.4    3.9   0.0    85   120    33    68    29    77 0.77 -
Pdum_DN91072_c6_g2_i4:11-988     -            326 302279at33208        -            304   1.1e-06   26.0   1.8   2   4    0.0088      0.42    7.6   0.1    84   152    76   138    68   162 0.67 -
Pdum_DN91072_c6_g2_i4:11-988     -            326 302279at33208        -            304   1.1e-06   26.0   1.8   3   4     0.014      0.67    6.9   0.0    84   117   169   202   159   212 0.84 -
Pdum_DN91072_c6_g2_i4:11-988     -            326 302279at33208        -            304   1.1e-06   26.0   1.8   4   4     0.093       4.4    4.2   0.1    84   164   211   284   203   294 0.67 -
Pdum_DN84241_c0_g1_i1:2776-3423  -            216 302279at33208        -            304   1.3e-06   25.7   0.1   1   1   3.1e-06   0.00015   18.9   0.2    84   253    12   170     8   194 0.74 -
Pdum_DN74356_c1_g1_i1:377-1456   -            360 302279at33208        -            304   1.7e-06   25.3   2.0   1   4      0.79        38    1.2   0.0    98   163    18    76     3    95 0.69 -
Pdum_DN74356_c1_g1_i1:377-1456   -            360 302279at33208        -            304   1.7e-06   25.3   2.0   2   4      0.11         5    4.0   0.0   238   261   105   128    84   172 0.79 -
Pdum_DN74356_c1_g1_i1:377-1456   -            360 302279at33208        -            304   1.7e-06   25.3   2.0   3   4    0.0023      0.11    9.5   0.1    69   117   177   219   169   272 0.75 -
Pdum_DN74356_c1_g1_i1:377-1456   -            360 302279at33208        -            304   1.7e-06   25.3   2.0   4   4     0.032       1.5    5.7   0.0   220   257   283   320   267   357 0.70 -
Pdum_DN88147_c0_g1_i1:430-1308   -            293 302279at33208        -            304   2.3e-06   24.9   2.7   1   4       1.5        69    0.3   0.0   155   286     7    42     4    75 0.55 -
Pdum_DN88147_c0_g1_i1:430-1308   -            293 302279at33208        -            304   2.3e-06   24.9   2.7   2   4    0.0028      0.14    9.2   0.0    98   161    83   139    71   143 0.69 -
Pdum_DN88147_c0_g1_i1:430-1308   -            293 302279at33208        -            304   2.3e-06   24.9   2.7   3   4      0.21        10    3.0   0.0   101   116   172   187   163   207 0.80 -
Pdum_DN88147_c0_g1_i1:430-1308   -            293 302279at33208        -            304   2.3e-06   24.9   2.7   4   4    0.0076      0.36    7.8   0.1    79   126   235   282   225   290 0.84 -
Pdum_DN90064_c4_g2_i4:2740-4161  -            474 302279at33208        -            304   2.9e-06   24.6   2.8   1   2    0.0063       0.3    8.1   0.0    97   127   323   353   299   359 0.84 -
Pdum_DN90064_c4_g2_i4:2740-4161  -            474 302279at33208        -            304   2.9e-06   24.6   2.8   2   2   6.1e-07   2.9e-05   21.2   0.3    70   128   335   396   321   470 0.78 -
Pdum_DN84582_c3_g1_i1:332-1036   -            235 302279at33208        -            304   4.3e-06   24.0   0.4   1   1   1.5e-07     7e-06   23.3   0.4   104   256     1   139     1   149 0.79 -
Pdum_DN77965_c1_g1_i1:1646-2635  -            330 302279at33208        -            304   4.5e-06   23.9   4.3   1   4   0.00013    0.0063   13.6   0.2    50   115    73   132    67   138 0.84 -
Pdum_DN77965_c1_g1_i1:1646-2635  -            330 302279at33208        -            304   4.5e-06   23.9   4.3   2   4     0.071       3.4    4.6   0.0   266   297   141   171   131   175 0.84 -
Pdum_DN77965_c1_g1_i1:1646-2635  -            330 302279at33208        -            304   4.5e-06   23.9   4.3   3   4      0.83        40    1.1   0.1   222   258   188   223   177   278 0.57 -
Pdum_DN77965_c1_g1_i1:1646-2635  -            330 302279at33208        -            304   4.5e-06   23.9   4.3   4   4      0.28        14    2.6   0.0   273   297   301   325   283   329 0.78 -
Pdum_DN74384_c0_g2_i2:99-1367    -            423 302279at33208        -            304   6.1e-06   23.5   2.9   1   5         4   1.9e+02   -1.1   0.0    96   112   115   131   108   153 0.82 -
Pdum_DN74384_c0_g2_i2:99-1367    -            423 302279at33208        -            304   6.1e-06   23.5   2.9   2   5     0.012      0.58    7.1   0.2    95   134   160   202   136   212 0.77 -
Pdum_DN74384_c0_g2_i2:99-1367    -            423 302279at33208        -            304   6.1e-06   23.5   2.9   3   5      0.13       6.3    3.7   0.0    95   116   273   294   258   304 0.83 -
Pdum_DN74384_c0_g2_i2:99-1367    -            423 302279at33208        -            304   6.1e-06   23.5   2.9   4   5      0.24        11    2.9   0.0    90   123   309   342   287   362 0.69 -
Pdum_DN74384_c0_g2_i2:99-1367    -            423 302279at33208        -            304   6.1e-06   23.5   2.9   5   5     0.028       1.4    5.9   0.0    98   128   363   393   357   402 0.88 -
Pdum_DN87178_c0_g1_i10:2619-3539 -            307 302279at33208        -            304   6.4e-06   23.4   0.0   1   3      0.35        17    2.3   0.0    96   116     4    23     2    40 0.80 -
Pdum_DN87178_c0_g1_i10:2619-3539 -            307 302279at33208        -            304   6.4e-06   23.4   0.0   2   3   0.00026     0.012   12.6   0.0    78   126    92   140    84   187 0.82 -
Pdum_DN87178_c0_g1_i10:2619-3539 -            307 302279at33208        -            304   6.4e-06   23.4   0.0   3   3     0.077       3.7    4.5   0.0    78   130   229   280   218   293 0.82 -
Pdum_DN72823_c0_g2_i2:1154-1981  -            276 302279at33208        -            304   6.5e-06   23.4   0.1   1   1     2e-06   9.7e-05   19.5   0.1    62   289    59   275    41   276 0.68 -
Pdum_DN75651_c0_g1_i1:179-1012   -            278 302279at33208        -            304     7e-06   23.3   3.7   1   5       7.5   3.6e+02   -2.0   0.0   143   159    43    59    34    63 0.79 -
Pdum_DN75651_c0_g1_i1:179-1012   -            278 302279at33208        -            304     7e-06   23.3   3.7   2   5    0.0028      0.13    9.2   0.0    85   118    77   110    68   122 0.85 -
Pdum_DN75651_c0_g1_i1:179-1012   -            278 302279at33208        -            304     7e-06   23.3   3.7   3   5     0.012      0.55    7.2   0.0    85   117   125   157   118   165 0.86 -
Pdum_DN75651_c0_g1_i1:179-1012   -            278 302279at33208        -            304     7e-06   23.3   3.7   4   5     0.097       4.6    4.2   0.1    70   110   199   233   188   244 0.80 -
Pdum_DN75651_c0_g1_i1:179-1012   -            278 302279at33208        -            304     7e-06   23.3   3.7   5   5       2.6   1.2e+02   -0.5   0.0    82   110   247   275   238   277 0.81 -
Pdum_DN92345_c8_g1_i1:3879-4793  -            305 302279at33208        -            304   7.6e-06   23.2   2.8   1   4     0.034       1.6    5.7   0.0   102   130    55    83    13    97 0.77 -
Pdum_DN92345_c8_g1_i1:3879-4793  -            305 302279at33208        -            304   7.6e-06   23.2   2.8   2   4    0.0028      0.14    9.2   0.1    66   120   131   185   117   194 0.75 -
Pdum_DN92345_c8_g1_i1:3879-4793  -            305 302279at33208        -            304   7.6e-06   23.2   2.8   3   4     0.047       2.2    5.2   0.0    79   112   232   266   206   279 0.73 -
Pdum_DN92345_c8_g1_i1:3879-4793  -            305 302279at33208        -            304   7.6e-06   23.2   2.8   4   4       3.3   1.6e+02   -0.9   0.0    93   110   287   304   265   305 0.68 -
Pdum_DN75190_c1_g2_i8:1873-2820  -            316 302279at33208        -            304     1e-05   22.7   7.9   1   4     0.068       3.2    4.7   0.0    96   113    60    77    47    95 0.78 -
Pdum_DN75190_c1_g2_i8:1873-2820  -            316 302279at33208        -            304     1e-05   22.7   7.9   2   4     0.032       1.5    5.8   0.1    97   117   101   121    80   132 0.78 -
Pdum_DN75190_c1_g2_i8:1873-2820  -            316 302279at33208        -            304     1e-05   22.7   7.9   3   4     0.096       4.6    4.2   0.0    98   114   142   158   120   164 0.79 -
Pdum_DN75190_c1_g2_i8:1873-2820  -            316 302279at33208        -            304     1e-05   22.7   7.9   4   4     0.014      0.65    7.0   0.0    94   114   261   281   243   290 0.77 -
Pdum_DN84903_c4_g3_i8:753-1754   -            334 302279at33208        -            304   1.1e-05   22.7   0.9   1   2      0.57        27    1.6   0.0   103   138    31    66     4    77 0.70 -
Pdum_DN84903_c4_g3_i8:753-1754   -            334 302279at33208        -            304   1.1e-05   22.7   0.9   2   2   0.00012    0.0055   13.8   1.0    97   170   112   178    70   294 0.73 -
Pdum_DN67795_c0_g1_i2:1517-2137  -            207 302279at33208        -            304   1.2e-05   22.5   0.4   1   4      0.63        30    1.5   0.0    98   122    18    41     5    47 0.75 -
Pdum_DN67795_c0_g1_i2:1517-2137  -            207 302279at33208        -            304   1.2e-05   22.5   0.4   2   4    0.0005     0.024   11.7   0.0    86   113    48    75    38    79 0.85 -
Pdum_DN67795_c0_g1_i2:1517-2137  -            207 302279at33208        -            304   1.2e-05   22.5   0.4   3   4      0.17       8.1    3.4   0.0   262   303    79   119    76   120 0.87 -
Pdum_DN67795_c0_g1_i2:1517-2137  -            207 302279at33208        -            304   1.2e-05   22.5   0.4   4   4      0.62        30    1.5   0.0    75   111   172   207   154   207 0.73 -
Pdum_DN73864_c0_g1_i1:430-1335   -            302 302279at33208        -            304   1.3e-05   22.4   0.6   1   3      0.37        18    2.3   0.1   141   170    42    71     1    76 0.75 -
Pdum_DN73864_c0_g1_i1:430-1335   -            302 302279at33208        -            304   1.3e-05   22.4   0.6   2   3     0.016      0.75    6.8   0.0    90   123   121   155    88   162 0.78 -
Pdum_DN73864_c0_g1_i1:430-1335   -            302 302279at33208        -            304   1.3e-05   22.4   0.6   3   3    0.0026      0.12    9.3   0.0    95   138   179   222   170   243 0.78 -
Pdum_DN80990_c0_g1_i2:150-1607   -            486 302279at33208        -            304   1.8e-05   21.9   0.4   1   3   0.00042      0.02   11.9   0.0   229   297   256   320   190   326 0.82 -
Pdum_DN80990_c0_g1_i2:150-1607   -            486 302279at33208        -            304   1.8e-05   21.9   0.4   2   3   0.00014    0.0065   13.5   0.1    63   163   269   368   260   379 0.67 -
Pdum_DN80990_c0_g1_i2:150-1607   -            486 302279at33208        -            304   1.8e-05   21.9   0.4   3   3     0.019      0.91    6.5   0.0    63   116   354   412   351   430 0.72 -
Pdum_DN87680_c1_g3_i1:3327-4124  -            266 302279at33208        -            304   1.8e-05   21.9   5.7   1   5      0.44        21    2.0   0.0    98   114    21    37    15    47 0.86 -
Pdum_DN87680_c1_g3_i1:3327-4124  -            266 302279at33208        -            304   1.8e-05   21.9   5.7   2   5      0.15         7    3.6   0.0    84   125    49    89    39   101 0.77 -
Pdum_DN87680_c1_g3_i1:3327-4124  -            266 302279at33208        -            304   1.8e-05   21.9   5.7   3   5      0.53        25    1.7   0.0    92   112    99   119    80   128 0.79 -
Pdum_DN87680_c1_g3_i1:3327-4124  -            266 302279at33208        -            304   1.8e-05   21.9   5.7   4   5       1.9        89   -0.0   0.0   285   301   146   162   132   165 0.69 -
Pdum_DN87680_c1_g3_i1:3327-4124  -            266 302279at33208        -            304   1.8e-05   21.9   5.7   5   5   0.00077     0.037   11.1   0.2    77   113   188   224   179   266 0.86 -
Pdum_DN82629_c0_g1_i4:473-2515   -            681 302279at33208        -            304   1.8e-05   21.9   1.0   1   3   9.3e-06   0.00044   17.4   0.2    95   167   321   393   274   401 0.87 -
Pdum_DN82629_c0_g1_i4:473-2515   -            681 302279at33208        -            304   1.8e-05   21.9   1.0   2   3    0.0011     0.052   10.6   0.1    97   165   372   438   343   441 0.77 -
Pdum_DN82629_c0_g1_i4:473-2515   -            681 302279at33208        -            304   1.8e-05   21.9   1.0   3   3       2.2     1e+02   -0.3   0.0   263   288   491   516   483   548 0.64 -
Pdum_DN90172_c5_g1_i3:2389-3285  -            299 302279at33208        -            304   2.2e-05   21.7   0.0   1   2     5e-05    0.0024   15.0   0.0   231   295    79   148    50   153 0.79 -
Pdum_DN90172_c5_g1_i3:2389-3285  -            299 302279at33208        -            304   2.2e-05   21.7   0.0   2   2     0.099       4.8    4.1   0.0   235   282   191   236   166   257 0.56 -
Pdum_DN75190_c1_g2_i8:2335-2706  -            124 302279at33208        -            304   2.6e-05   21.4   1.6   1   3     0.015      0.72    6.8   0.0    96   114    22    40     8    58 0.77 -
Pdum_DN75190_c1_g2_i8:2335-2706  -            124 302279at33208        -            304   2.6e-05   21.4   1.6   2   3    0.0067      0.32    8.0   0.1    97   117    63    83    41    94 0.76 -
Pdum_DN75190_c1_g2_i8:2335-2706  -            124 302279at33208        -            304   2.6e-05   21.4   1.6   3   3     0.029       1.4    5.9   0.0    97   113   103   119    82   123 0.77 -
Pdum_DN92828_c4_g1_i1:1100-1621  -            174 302279at33208        -            304   2.8e-05   21.3   0.1   1   2     0.027       1.3    6.0   0.0    87   124     9    45     5    75 0.74 -
Pdum_DN92828_c4_g1_i1:1100-1621  -            174 302279at33208        -            304   2.8e-05   21.3   0.1   2   2   0.00021      0.01   12.9   0.1   228   295    98   164    75   173 0.78 -
Pdum_DN88423_c1_g1_i2:993-1421   -            143 302279at33208        -            304   2.9e-05   21.2   0.1   1   2       5.4   2.6e+02   -1.6   0.0    98   111    25    38    10    47 0.65 -
Pdum_DN88423_c1_g1_i2:993-1421   -            143 302279at33208        -            304   2.9e-05   21.2   0.1   2   2   1.9e-06   8.9e-05   19.7   0.1    61   133    62   139    40   142 0.74 -
Pdum_DN88741_c1_g1_i6:2841-3650  -            270 302279at33208        -            304   4.5e-05   20.6   0.4   1   3       1.8        86    0.0   0.0    98   118    20    40     8    50 0.77 -
Pdum_DN88741_c1_g1_i6:2841-3650  -            270 302279at33208        -            304   4.5e-05   20.6   0.4   2   3   4.3e-05     0.002   15.2   0.1    61   180    72   196    55   204 0.62 -
Pdum_DN88741_c1_g1_i6:2841-3650  -            270 302279at33208        -            304   4.5e-05   20.6   0.4   3   3      0.23        11    3.0   0.0    80   113   186   219   182   235 0.86 -
Pdum_DN92312_c4_g1_i6:372-914    -            181 302279at33208        -            304   5.2e-05   20.4   0.4   1   1     4e-06   0.00019   18.6   0.4    94   164    18    87     7   180 0.66 -
Pdum_DN92785_c3_g1_i2:3114-4076  -            321 302279at33208        -            304   9.5e-05   19.6   2.9   1   5       1.2        57    0.6   0.0    98   121     1    23     1    36 0.77 -
Pdum_DN92785_c3_g1_i2:3114-4076  -            321 302279at33208        -            304   9.5e-05   19.6   2.9   2   5       4.3   2.1e+02   -1.2   0.0   139   153   144   158   109   175 0.69 -
Pdum_DN92785_c3_g1_i2:3114-4076  -            321 302279at33208        -            304   9.5e-05   19.6   2.9   3   5     0.025       1.2    6.1   0.0    80   119   183   221   167   233 0.78 -
Pdum_DN92785_c3_g1_i2:3114-4076  -            321 302279at33208        -            304   9.5e-05   19.6   2.9   4   5      0.22        11    3.0   0.0    86   127   250   290   242   299 0.73 -
Pdum_DN92785_c3_g1_i2:3114-4076  -            321 302279at33208        -            304   9.5e-05   19.6   2.9   5   5    0.0035      0.17    8.9   0.2    70   111   273   317   265   320 0.72 -
Pdum_DN80129_c0_g2_i7:710-1570   -            287 302279at33208        -            304   9.5e-05   19.6   1.3   1   4       2.2     1e+02   -0.3   0.0    84   113    48    77    19    98 0.74 -
Pdum_DN80129_c0_g2_i7:710-1570   -            287 302279at33208        -            304   9.5e-05   19.6   1.3   2   4      0.13       6.4    3.7   0.0    94   113   100   119    72   130 0.73 -
Pdum_DN80129_c0_g2_i7:710-1570   -            287 302279at33208        -            304   9.5e-05   19.6   1.3   3   4     0.091       4.4    4.3   0.0    84   114   132   162   125   205 0.75 -
Pdum_DN80129_c0_g2_i7:710-1570   -            287 302279at33208        -            304   9.5e-05   19.6   1.3   4   4     0.008      0.38    7.7   0.0    55   123   191   258   185   272 0.80 -
Pdum_DN78854_c0_g1_i1:1579-2349  -            257 302279at33208        -            304   0.00011   19.4   2.3   1   2      0.12       5.7    3.9   0.0    90   115    52    78    38    91 0.76 -
Pdum_DN78854_c0_g1_i1:1579-2349  -            257 302279at33208        -            304   0.00011   19.4   2.3   2   2    0.0073      0.35    7.9   0.3    98   165   102   162    90   200 0.52 -
Pdum_DN80062_c1_g1_i8:396-980    -            195 302279at33208        -            304   0.00013   19.1   0.8   1   3    0.0016     0.075   10.1   0.0    98   117    15    34     6    48 0.85 -
Pdum_DN80062_c1_g1_i8:396-980    -            195 302279at33208        -            304   0.00013   19.1   0.8   2   3      0.25        12    2.8   0.0    96   115   118   137   104   164 0.48 -
Pdum_DN80062_c1_g1_i8:396-980    -            195 302279at33208        -            304   0.00013   19.1   0.8   3   3      0.16       7.8    3.4   0.0    98   122   165   188   145   194 0.75 -
Pdum_DN92880_c2_g1_i2:4337-5176  -            280 302279at33208        -            304   0.00015   18.9   0.1   1   2     0.067       3.2    4.7   0.0    89   119    18    48     9    64 0.72 -
Pdum_DN92880_c2_g1_i2:4337-5176  -            280 302279at33208        -            304   0.00015   18.9   0.1   2   2    0.0016     0.077   10.0   0.0   191   252   165   220    96   269 0.73 -
Pdum_DN83131_c0_g1_i8:1091-1750  -            220 302279at33208        -            304   0.00016   18.9   0.0   1   2    0.0038      0.18    8.8   0.0    97   130    57    90    23    95 0.78 -
Pdum_DN83131_c0_g1_i8:1091-1750  -            220 302279at33208        -            304   0.00016   18.9   0.0   2   2    0.0068      0.33    8.0   0.0    95   134   103   142    95   156 0.80 -
Pdum_DN86525_c0_g1_i1:704-1231   -            176 302279at33208        -            304   0.00023   18.3   0.6   1   3    0.0034      0.16    9.0   0.7   198   296     4    93     1    93 0.81 -
Pdum_DN86525_c0_g1_i1:704-1231   -            176 302279at33208        -            304   0.00023   18.3   0.6   2   3     0.008      0.38    7.7   0.0    98   124    83   109    80   115 0.90 -
Pdum_DN86525_c0_g1_i1:704-1231   -            176 302279at33208        -            304   0.00023   18.3   0.6   3   3      0.45        22    2.0   0.0   222   264   110   152   107   159 0.77 -
Pdum_DN78364_c0_g2_i1:5-400      -            132 302279at33208        -            304   0.00031   17.9   0.0   1   1     1e-05   0.00048   17.3   0.0   133   161    80   108    68   128 0.91 -
Pdum_DN80615_c0_g2_i1:231-1205   -            325 302279at33208        -            304   0.00033   17.8   0.1   1   2       6.2     3e+02   -1.8   0.0    66    98    45    77    22   108 0.67 -
Pdum_DN80615_c0_g2_i1:231-1205   -            325 302279at33208        -            304   0.00033   17.8   0.1   2   2   2.2e-05    0.0011   16.1   0.0    84   126   154   195   114   238 0.81 -
Pdum_DN38861_c0_g1_i1:595-1392   -            266 302279at33208        -            304   0.00039   17.5   0.1   1   3       3.9   1.8e+02   -1.1   0.0   236   254    15    31     1    56 0.66 -
Pdum_DN38861_c0_g1_i1:595-1392   -            266 302279at33208        -            304   0.00039   17.5   0.1   2   3    0.0014     0.068   10.2   0.0   107   179    66   132    58   166 0.77 -
Pdum_DN38861_c0_g1_i1:595-1392   -            266 302279at33208        -            304   0.00039   17.5   0.1   3   3     0.097       4.6    4.2   0.0   218   254   224   259   197   266 0.61 -
Pdum_DN73439_c0_g1_i2:1041-1721  -            227 302279at33208        -            304   0.00051   17.2   0.4   1   2   2.7e-05    0.0013   15.8   0.2    85   116    96   127    52   142 0.87 -
Pdum_DN73439_c0_g1_i2:1041-1721  -            227 302279at33208        -            304   0.00051   17.2   0.4   2   2       6.2     3e+02   -1.8   0.0   192   206   213   227   182   227 0.66 -
Pdum_DN85054_c1_g3_i7:3145-3996  -            284 302279at33208        -            304   0.00073   16.7   0.5   1   3    0.0044      0.21    8.6   0.0   224   290     6    71     2    76 0.84 -
Pdum_DN85054_c1_g3_i7:3145-3996  -            284 302279at33208        -            304   0.00073   16.7   0.5   2   3       1.2        57    0.6   0.0   198   250    75   122    72   130 0.83 -
Pdum_DN85054_c1_g3_i7:3145-3996  -            284 302279at33208        -            304   0.00073   16.7   0.5   3   3     0.097       4.7    4.2   0.0    97   131   235   268   198   272 0.83 -
Pdum_DN84002_c0_g1_i8:796-1551   -            252 302279at33208        -            304   0.00075   16.6   0.1   1   3       5.4   2.6e+02   -1.6   0.0    97   112    10    25     6    37 0.85 -
Pdum_DN84002_c0_g1_i8:796-1551   -            252 302279at33208        -            304   0.00075   16.6   0.1   2   3     0.029       1.4    5.9   0.0    97   120    60    83    38    97 0.81 -
Pdum_DN84002_c0_g1_i8:796-1551   -            252 302279at33208        -            304   0.00075   16.6   0.1   3   3   0.00057     0.027   11.5   0.0    70   134    72   139    72   238 0.80 -
Pdum_DN66325_c0_g1_i1:831-1904   -            358 302279at33208        -            304    0.0009   16.4   0.2   1   3   0.00011    0.0053   13.8   0.1    65   152    52   142    33   149 0.74 -
Pdum_DN66325_c0_g1_i1:831-1904   -            358 302279at33208        -            304    0.0009   16.4   0.2   2   3       6.9   3.3e+02   -1.9   0.0   238   252   188   202   159   213 0.68 -
Pdum_DN66325_c0_g1_i1:831-1904   -            358 302279at33208        -            304    0.0009   16.4   0.2   3   3       8.3     4e+02   -2.2   0.0   136   161   283   308   242   313 0.54 -
Pdum_DN66486_c0_g1_i1:419-1648   -            410 302279at33208        -            304   0.00094   16.3   0.3   1   2         4   1.9e+02   -1.1   0.0   197   255    41   100    35   110 0.53 -
Pdum_DN66486_c0_g1_i1:419-1648   -            410 302279at33208        -            304   0.00094   16.3   0.3   2   2   0.00013    0.0061   13.6   0.1    53   116   170   227   166   257 0.81 -
Pdum_DN34036_c0_g1_i1:478-1620   -            381 302279at33208        -            304   0.00096   16.3   0.1   1   2      0.27        13    2.7   0.0   153   177   113   137   106   224 0.84 -
Pdum_DN34036_c0_g1_i1:478-1620   -            381 302279at33208        -            304   0.00096   16.3   0.1   2   2   0.00086     0.041   10.9   0.0    97   123   249   275   233   286 0.85 -
Pdum_DN84814_c0_g2_i1:1505-2083  -            193 302279at33208        -            304     0.001   16.2   0.8   1   2    0.0019      0.09    9.8   0.1    91   116    44    69    36    82 0.81 -
Pdum_DN84814_c0_g2_i1:1505-2083  -            193 302279at33208        -            304     0.001   16.2   0.8   2   2     0.063         3    4.8   0.0    98   205    92   191    68   193 0.61 -
Pdum_DN73504_c1_g7_i2:375-1772   -            466 302279at33208        -            304     0.001   16.1   1.3   1   3     0.015      0.72    6.8   0.1    52   112   200   266   159   274 0.74 -
Pdum_DN73504_c1_g7_i2:375-1772   -            466 302279at33208        -            304     0.001   16.1   1.3   2   3      0.12       5.6    3.9   0.1    75   132   277   326   265   355 0.69 -
Pdum_DN73504_c1_g7_i2:375-1772   -            466 302279at33208        -            304     0.001   16.1   1.3   3   3      0.31        15    2.5   0.0    94   115   383   404   358   415 0.78 -
Pdum_DN70029_c0_g1_i5:236-670    -            145 302279at33208        -            304    0.0012   16.0   0.0   1   1   4.2e-05     0.002   15.2   0.0    75   155    19    96     3   129 0.72 -
Pdum_DN63925_c0_g1_i1:119-1006   -            296 302279at33208        -            304    0.0015   15.6   0.0   1   2       3.6   1.7e+02   -1.0   0.0    93   111    86   104    43   114 0.65 -
Pdum_DN63925_c0_g1_i1:119-1006   -            296 302279at33208        -            304    0.0015   15.6   0.0   2   2   0.00014    0.0066   13.5   0.0    67   128   227   288   209   295 0.84 -
Pdum_DN76013_c0_g1_i3:463-1068   -            202 302279at33208        -            304    0.0025   14.9   0.2   1   2   0.00042      0.02   11.9   0.1   103   207    24   125    14   137 0.67 -
Pdum_DN76013_c0_g1_i3:463-1068   -            202 302279at33208        -            304    0.0025   14.9   0.2   2   2     0.051       2.4    5.1   0.1   221   253    91   123    86   182 0.87 -
Pdum_DN88766_c3_g2_i10:292-717   -            142 302279at33208        -            304    0.0026   14.8   0.1   1   2     0.076       3.6    4.5   0.0    97   125     5    33     1    39 0.88 -
Pdum_DN88766_c3_g2_i10:292-717   -            142 302279at33208        -            304    0.0026   14.8   0.1   2   2     0.042         2    5.4   0.0    98   116    91   109    74   118 0.82 -
Pdum_DN86351_c0_g1_i1:4485-5351  -            289 302279at33208        -            304    0.0043   14.1   0.1   1   1    0.0069      0.33    7.9   0.1    86   163   170   246   165   270 0.64 -
Pdum_DN78364_c0_g1_i1:226-1314   -            363 302279at33208        -            304    0.0044   14.1   0.0   1   2    0.0056      0.27    8.2   0.0    89   126    26    63     4    70 0.73 -
Pdum_DN78364_c0_g1_i1:226-1314   -            363 302279at33208        -            304    0.0044   14.1   0.0   2   2      0.17       8.4    3.3   0.0   105   168    83   140    73   167 0.75 -
Pdum_DN89974_c1_g1_i2:3302-3844  -            181 302279at33208        -            304    0.0057   13.7   0.2   1   2   0.00068     0.032   11.2   0.1    98   115     1    18     1    35 0.85 -
Pdum_DN89974_c1_g1_i2:3302-3844  -            181 302279at33208        -            304    0.0057   13.7   0.2   2   2       2.3   1.1e+02   -0.4   0.0    95   117    39    61    29    79 0.72 -
Pdum_DN76096_c0_g1_i2:374-1027   -            218 302279at33208        -            304    0.0068   13.5   0.0   1   2      0.11       5.4    4.0   0.0   138   228    74   169    22   174 0.68 -
Pdum_DN76096_c0_g1_i2:374-1027   -            218 302279at33208        -            304    0.0068   13.5   0.0   2   2    0.0087      0.42    7.6   0.0    90   113   179   202   173   215 0.79 -
Pdum_DN84536_c0_g1_i1:2255-2878  -            208 302279at33208        -            304    0.0071   13.4   0.0   1   2     0.014      0.67    6.9   0.0    85   114    50    79    12    92 0.87 -
Pdum_DN84536_c0_g1_i1:2255-2878  -            208 302279at33208        -            304    0.0071   13.4   0.0   2   2     0.069       3.3    4.7   0.0    64   112   159   201   143   207 0.78 -
Pdum_DN75461_c3_g1_i3:3415-4074  -            220 302279at33208        -            304    0.0077   13.3   0.0   1   3       5.4   2.6e+02   -1.6   0.0   278   299    20    41    15    46 0.69 -
Pdum_DN75461_c3_g1_i3:3415-4074  -            220 302279at33208        -            304    0.0077   13.3   0.0   2   3    0.0061      0.29    8.1   0.0   230   294    61   122    47   132 0.85 -
Pdum_DN75461_c3_g1_i3:3415-4074  -            220 302279at33208        -            304    0.0077   13.3   0.0   3   3      0.37        18    2.2   0.0    96   208   162   181   151   220 0.68 -
Pdum_DN85858_c0_g1_i11:292-1188  -            299 302279at33208        -            304    0.0081   13.2   0.1   1   2    0.0035      0.17    8.9   0.0    98   131   146   180   133   192 0.80 -
Pdum_DN85858_c0_g1_i11:292-1188  -            299 302279at33208        -            304    0.0081   13.2   0.1   2   2      0.48        23    1.9   0.0   192   214   191   213   177   247 0.60 -
Pdum_DN71483_c1_g1_i1:599-1228   -            210 302279at33208        -            304      0.01   12.9   0.2   1   2       0.2       9.7    3.1   0.0   226   293    73   143    65   150 0.67 -
Pdum_DN71483_c1_g1_i1:599-1228   -            210 302279at33208        -            304      0.01   12.9   0.2   2   2   0.00099     0.047   10.7   0.1   222   298   119   190    84   196 0.84 -
Pdum_DN91057_c2_g1_i2:7938-8480  -            181 302279at33208        -            304     0.011   12.8   0.0   1   2      0.12       5.6    3.9   0.0    97   132    56    91    42    94 0.79 -
Pdum_DN91057_c2_g1_i2:7938-8480  -            181 302279at33208        -            304     0.011   12.8   0.0   2   2     0.019      0.91    6.5   0.0    98   126    98   126    93   132 0.80 -
Pdum_DN83800_c0_g2_i3:14-562     -            183 302279at33208        -            304     0.011   12.8   0.0   1   2     0.021         1    6.3   0.0    85   119    63    97    42   110 0.81 -
Pdum_DN83800_c0_g2_i3:14-562     -            183 302279at33208        -            304     0.011   12.8   0.0   2   2       0.1       4.8    4.1   0.0    79   120   140   180   126   183 0.77 -
Pdum_DN74905_c1_g1_i2:2-1102     -            367 302279at33208        -            304     0.015   12.3   0.1   1   2    0.0015     0.073   10.1   0.0    86   117   151   182   123   195 0.80 -
Pdum_DN74905_c1_g1_i2:2-1102     -            367 302279at33208        -            304     0.015   12.3   0.1   2   2       3.5   1.7e+02   -1.0   0.0   138   163   230   256   203   301 0.66 -
Pdum_DN85938_c0_g1_i1:258-608    -            117 302279at33208        -            304     0.016   12.3   0.0   1   2       1.6        77    0.2   0.0   273   302     5    33     2    35 0.75 -
Pdum_DN85938_c0_g1_i1:258-608    -            117 302279at33208        -            304     0.016   12.3   0.0   2   2    0.0009     0.043   10.8   0.0   219   255    41    77    13   116 0.68 -
Pdum_DN87078_c1_g1_i1:1858-2604  -            249 302279at33208        -            304      0.02   11.9   0.1   1   1    0.0055      0.27    8.2   0.1    96   181   149   229   113   249 0.65 -
Pdum_DN84945_c0_g1_i5:1762-2376  -            205 302279at33208        -            304     0.021   11.9   0.0   1   2      0.24        11    2.9   0.0   140   171    66    97    59   113 0.73 -
Pdum_DN84945_c0_g1_i5:1762-2376  -            205 302279at33208        -            304     0.021   11.9   0.0   2   2     0.031       1.5    5.8   0.0   105   126   121   142   114   177 0.78 -
#
# Program:         hmmsearch
# Version:         3.1b2 (February 2015)
# Pipeline mode:   SEARCH
# Query file:      /mnt/f/phylo/WORMS/busco_analysis/busco_downloads/lineages/metazoa_odb10/hmms/302279at33208.hmm
# Target file:     /mnt/f/phylo/WORMS/busco_analysis/metazoa_lineage_result/run_metazoa_odb10/metaeuk_output/initial_results/Platynereis_ref.eggnog_filter.nucl.fasta.modified.fas
# Option settings: hmmsearch --domtblout /mnt/f/phylo/WORMS/busco_analysis/metazoa_lineage_result/run_metazoa_odb10/hmmer_output/initial_run_results/302279at33208.out --cpu 1 /mnt/f/phylo/WORMS/busco_analysis/busco_downloads/lineages/metazoa_odb10/hmms/302279at33208.hmm /mnt/f/phylo/WORMS/busco_analysis/metazoa_lineage_result/run_metazoa_odb10/metaeuk_output/initial_results/Platynereis_ref.eggnog_filter.nucl.fasta.modified.fas 
# Current dir:     /mnt/f/phylo/WORMS/busco_analysis
# Date:            Sun Mar 12 20:41:59 2023
# [ok]
