#                                                                                        --- full sequence --- -------------- this domain -------------   hmm coord   ali coord   env coord
# target name                    accession   tlen query name           accession   qlen   E-value  score  bias   #  of  c-Evalue  i-Evalue  score  bias  from    to  from    to  from    to  acc description of target
#            ------------------- ---------- ----- -------------------- ---------- ----- --------- ------ ----- --- --- --------- --------- ------ ----- ----- ----- ----- ----- ----- ----- ---- ---------------------
Pdum_DN80157_c0_g1_i2:189-1685   -            499 315044at33208        -            407    3e-176  584.0  10.1   1   1  8.5e-174  3.4e-171  567.3  10.1     3   406     6   498     3   499 0.85 -
Pdum_DN83904_c0_g1_i18:1551-2945 -            465 315044at33208        -            407   5.4e-20   69.3   6.6   1   2   1.9e-08   7.5e-06   22.8   0.4   238   324    70   157    54   177 0.83 -
Pdum_DN83904_c0_g1_i18:1551-2945 -            465 315044at33208        -            407   5.4e-20   69.3   6.6   2   2   1.1e-16   4.4e-14   49.9   0.8   212   354   176   323   164   360 0.88 -
Pdum_DN88232_c2_g1_i2:419-2920   -            834 315044at33208        -            407   1.1e-08   32.1  13.5   1   5   6.9e-05     0.028   11.0   0.2   238   319   207   296   190   302 0.74 -
Pdum_DN88232_c2_g1_i2:419-2920   -            834 315044at33208        -            407   1.1e-08   32.1  13.5   2   5     0.013       5.2    3.5   0.0   179   209   307   337   296   348 0.88 -
Pdum_DN88232_c2_g1_i2:419-2920   -            834 315044at33208        -            407   1.1e-08   32.1  13.5   3   5   3.3e-07   0.00013   18.6   1.5   239   338   461   565   421   569 0.78 -
Pdum_DN88232_c2_g1_i2:419-2920   -            834 315044at33208        -            407   1.1e-08   32.1  13.5   4   5    0.0021      0.86    6.1   0.6   188   283   544   643   538   658 0.84 -
Pdum_DN88232_c2_g1_i2:419-2920   -            834 315044at33208        -            407   1.1e-08   32.1  13.5   5   5       0.2        79   -0.4   0.0   211   241   669   699   660   714 0.84 -
Pdum_DN89029_c0_g1_i4:880-1515   -            212 315044at33208        -            407   7.2e-08   29.4   3.5   1   1   1.2e-08     5e-06   23.4   3.1   174   364    16   195     6   206 0.76 -
Pdum_DN80015_c0_g1_i5:206-6570   -           1014 315044at33208        -            407   8.2e-05   19.3  16.1   1   3    0.0025      0.99    5.9   0.6   250   326    67   143    21   150 0.82 -
Pdum_DN80015_c0_g1_i5:206-6570   -           1014 315044at33208        -            407   8.2e-05   19.3  16.1   2   3   0.00012      0.05   10.2   3.5   274   361   227   326   155   332 0.71 -
Pdum_DN80015_c0_g1_i5:206-6570   -           1014 315044at33208        -            407   8.2e-05   19.3  16.1   3   3   0.00017     0.068    9.7   2.1   192   331   311   457   283   466 0.76 -
Pdum_DN89748_c1_g1_i2:2897-4966  -            690 315044at33208        -            407   0.00011   19.0   0.4   1   3    0.0003      0.12    8.9   0.1   281   319   417   455   406   462 0.88 -
Pdum_DN89748_c1_g1_i2:2897-4966  -            690 315044at33208        -            407   0.00011   19.0   0.4   2   3    0.0026         1    5.8   0.0   180   324   468   611   457   632 0.61 -
Pdum_DN89748_c1_g1_i2:2897-4966  -            690 315044at33208        -            407   0.00011   19.0   0.4   3   3    0.0047       1.9    5.0   0.0   281   324   568   611   539   684 0.72 -
Pdum_DN67753_c0_g1_i1:483-1160   -            226 315044at33208        -            407   0.00012   18.8   0.6   1   2    0.0003      0.12    8.9   0.0   210   286    29   108     2   111 0.79 -
Pdum_DN67753_c0_g1_i1:483-1160   -            226 315044at33208        -            407   0.00012   18.8   0.6   2   2   3.8e-06    0.0015   15.2   0.3   188   323    74   217    63   225 0.77 -
Pdum_DN82420_c0_g1_i5:3087-4448  -            454 315044at33208        -            407   0.00098   15.8  12.0   1   5   0.00021     0.084    9.4   0.1   262   325    13    74    10   100 0.84 -
Pdum_DN82420_c0_g1_i5:3087-4448  -            454 315044at33208        -            407   0.00098   15.8  12.0   2   5     0.095        38    0.7   0.1   350   397    77   124    72   135 0.81 -
Pdum_DN82420_c0_g1_i5:3087-4448  -            454 315044at33208        -            407   0.00098   15.8  12.0   3   5      0.13        52    0.2   0.6   253   349   107   211    91   223 0.60 -
Pdum_DN82420_c0_g1_i5:3087-4448  -            454 315044at33208        -            407   0.00098   15.8  12.0   4   5   0.00099       0.4    7.2   0.1   209   282   236   318   219   329 0.78 -
Pdum_DN82420_c0_g1_i5:3087-4448  -            454 315044at33208        -            407   0.00098   15.8  12.0   5   5     0.014       5.7    3.4   0.2   228   255   340   370   328   419 0.85 -
Pdum_DN92170_c9_g1_i1:3736-4188  -            151 315044at33208        -            407    0.0029   14.2   0.1   1   1   1.1e-05    0.0043   13.7   0.1   197   252    39    94    31    99 0.88 -
Pdum_DN75676_c1_g1_i6:805-1599   -            265 315044at33208        -            407     0.053   10.1   3.2   1   1   0.00038      0.15    8.6   3.1   180   270    33   132    24   151 0.73 -
#
# Program:         hmmsearch
# Version:         3.1b2 (February 2015)
# Pipeline mode:   SEARCH
# Query file:      /mnt/f/phylo/WORMS/busco_analysis/busco_downloads/lineages/metazoa_odb10/hmms/315044at33208.hmm
# Target file:     /mnt/f/phylo/WORMS/busco_analysis/metazoa_lineage_result/run_metazoa_odb10/metaeuk_output/initial_results/Platynereis_ref.eggnog_filter.nucl.fasta.modified.fas
# Option settings: hmmsearch --domtblout /mnt/f/phylo/WORMS/busco_analysis/metazoa_lineage_result/run_metazoa_odb10/hmmer_output/initial_run_results/315044at33208.out --cpu 1 /mnt/f/phylo/WORMS/busco_analysis/busco_downloads/lineages/metazoa_odb10/hmms/315044at33208.hmm /mnt/f/phylo/WORMS/busco_analysis/metazoa_lineage_result/run_metazoa_odb10/metaeuk_output/initial_results/Platynereis_ref.eggnog_filter.nucl.fasta.modified.fas 
# Current dir:     /mnt/f/phylo/WORMS/busco_analysis
# Date:            Sun Mar 12 20:42:01 2023
# [ok]
