#                                                                                     --- full sequence --- -------------- this domain -------------   hmm coord   ali coord   env coord
# target name                 accession   tlen query name           accession   qlen   E-value  score  bias   #  of  c-Evalue  i-Evalue  score  bias  from    to  from    to  from    to  acc description of target
#         ------------------- ---------- ----- -------------------- ---------- ----- --------- ------ ----- --- --- --------- --------- ------ ----- ----- ----- ----- ----- ----- ----- ---- ---------------------
Pdum_DN83833_c0_g1_i7:2-1246  -            415 340577at33208        -            484  7.1e-142  471.6   1.1   1   1  8.7e-145  8.8e-142  471.3   1.1     1   355     3   415     3   415 0.87 -
Pdum_DN83833_c0_g2_i2:182-562 -            127 340577at33208        -            484   1.6e-19   68.1   0.3   1   1   1.7e-22   1.7e-19   68.0   0.3   385   484     2   125     1   125 0.79 -
Pdum_DN69316_c0_g1_i1:312-956 -            215 340577at33208        -            484   0.00024   18.0   0.0   1   1   3.3e-07   0.00033   17.6   0.0    41    89   165   213   150   214 0.85 -
Pdum_DN87740_c0_g1_i7:59-2773 -            905 340577at33208        -            484    0.0024   14.7   0.4   1   4      0.14   1.4e+02   -0.9   0.0   241   267   634   661   620   669 0.57 -
Pdum_DN87740_c0_g1_i7:59-2773 -            905 340577at33208        -            484    0.0024   14.7   0.4   2   4   4.4e-05     0.044   10.6   0.0   241   273   759   791   748   812 0.88 -
Pdum_DN87740_c0_g1_i7:59-2773 -            905 340577at33208        -            484    0.0024   14.7   0.4   3   4      0.14   1.4e+02   -1.0   0.0   242   273   800   831   791   843 0.81 -
Pdum_DN87740_c0_g1_i7:59-2773 -            905 340577at33208        -            484    0.0024   14.7   0.4   4   4      0.28   2.8e+02   -2.0   0.0   172   227   849   902   845   903 0.71 -
#
# Program:         hmmsearch
# Version:         3.1b2 (February 2015)
# Pipeline mode:   SEARCH
# Query file:      /mnt/f/phylo/WORMS/busco_analysis/busco_downloads/lineages/metazoa_odb10/hmms/340577at33208.hmm
# Target file:     /mnt/f/phylo/WORMS/busco_analysis/metazoa_lineage_result/run_metazoa_odb10/metaeuk_output/initial_results/Platynereis_ref.eggnog_filter.nucl.fasta.modified.fas
# Option settings: hmmsearch --domtblout /mnt/f/phylo/WORMS/busco_analysis/metazoa_lineage_result/run_metazoa_odb10/hmmer_output/initial_run_results/340577at33208.out --cpu 1 /mnt/f/phylo/WORMS/busco_analysis/busco_downloads/lineages/metazoa_odb10/hmms/340577at33208.hmm /mnt/f/phylo/WORMS/busco_analysis/metazoa_lineage_result/run_metazoa_odb10/metaeuk_output/initial_results/Platynereis_ref.eggnog_filter.nucl.fasta.modified.fas 
# Current dir:     /mnt/f/phylo/WORMS/busco_analysis
# Date:            Sun Mar 12 20:42:04 2023
# [ok]
