#                                                                                        --- full sequence --- -------------- this domain -------------   hmm coord   ali coord   env coord
# target name                    accession   tlen query name           accession   qlen   E-value  score  bias   #  of  c-Evalue  i-Evalue  score  bias  from    to  from    to  from    to  acc description of target
#            ------------------- ---------- ----- -------------------- ---------- ----- --------- ------ ----- --- --- --------- --------- ------ ----- ----- ----- ----- ----- ----- ----- ---- ---------------------
Pdum_DN66486_c0_g1_i1:419-1648   -            410 356175at33208        -            270   1.4e-72  242.1   6.9   1   3     2e-22   5.5e-21   72.9   0.0     3    76    11   101     9   133 0.80 -
Pdum_DN66486_c0_g1_i1:419-1648   -            410 356175at33208        -            270   1.4e-72  242.1   6.9   2   3   1.5e-25   4.2e-24   83.2   2.1    77   180   139   264   129   269 0.80 -
Pdum_DN66486_c0_g1_i1:419-1648   -            410 356175at33208        -            270   1.4e-72  242.1   6.9   3   3   1.6e-25   4.3e-24   83.1   0.1   186   265   296   385   272   392 0.83 -
Pdum_DN78086_c1_g1_i5:2830-3705  -            292 356175at33208        -            270   5.4e-31  105.7   1.1   1   6   7.8e-05    0.0021   15.3   0.0    93   139    11    57     8    60 0.92 -
Pdum_DN78086_c1_g1_i5:2830-3705  -            292 356175at33208        -            270   5.4e-31  105.7   1.1   2   6     9e-07   2.5e-05   21.6   0.0    98   156    59   118    53   119 0.90 -
Pdum_DN78086_c1_g1_i5:2830-3705  -            292 356175at33208        -            270   5.4e-31  105.7   1.1   3   6   7.8e-08   2.1e-06   25.1   0.1    94   157    97   161    94   164 0.92 -
Pdum_DN78086_c1_g1_i5:2830-3705  -            292 356175at33208        -            270   5.4e-31  105.7   1.1   4   6    0.0011     0.029   11.5   0.1    95   139   140   184   132   188 0.90 -
Pdum_DN78086_c1_g1_i5:2830-3705  -            292 356175at33208        -            270   5.4e-31  105.7   1.1   5   6   2.4e-09   6.7e-08   30.0   0.0    94   152   181   239   163   241 0.92 -
Pdum_DN78086_c1_g1_i5:2830-3705  -            292 356175at33208        -            270   5.4e-31  105.7   1.1   6   6   6.5e-09   1.8e-07   28.6   0.0    95   157   224   287   223   290 0.92 -
Pdum_DN88256_c0_g1_i4:512-2926   -            805 356175at33208        -            270   2.7e-28   96.9  23.3   1   9     0.018       0.5    7.5   0.1    78   157    44   127    26   136 0.77 -
Pdum_DN88256_c0_g1_i4:512-2926   -            805 356175at33208        -            270   2.7e-28   96.9  23.3   2   9   0.00019    0.0053   14.0   0.1    94   146   105   157    75   163 0.90 -
Pdum_DN88256_c0_g1_i4:512-2926   -            805 356175at33208        -            270   2.7e-28   96.9  23.3   3   9    0.0015      0.04   11.1   0.2   102   161   157   217   148   236 0.87 -
Pdum_DN88256_c0_g1_i4:512-2926   -            805 356175at33208        -            270   2.7e-28   96.9  23.3   4   9      0.31       8.6    3.4   0.0    95   119   244   268   227   279 0.85 -
Pdum_DN88256_c0_g1_i4:512-2926   -            805 356175at33208        -            270   2.7e-28   96.9  23.3   5   9      0.12       3.4    4.8   0.2    77   149   285   359   275   365 0.74 -
Pdum_DN88256_c0_g1_i4:512-2926   -            805 356175at33208        -            270   2.7e-28   96.9  23.3   6   9    0.0005     0.014   12.6   2.1    60   156   314   409   308   421 0.81 -
Pdum_DN88256_c0_g1_i4:512-2926   -            805 356175at33208        -            270   2.7e-28   96.9  23.3   7   9   2.5e-06   6.8e-05   20.2   0.0    94   159   434   511   413   518 0.78 -
Pdum_DN88256_c0_g1_i4:512-2926   -            805 356175at33208        -            270   2.7e-28   96.9  23.3   8   9    0.0004     0.011   13.0   0.0    93   132   528   567   520   569 0.93 -
Pdum_DN88256_c0_g1_i4:512-2926   -            805 356175at33208        -            270   2.7e-28   96.9  23.3   9   9   8.1e-10   2.2e-08   31.6   0.3    94   160   571   638   567   674 0.85 -
Pdum_DN74150_c0_g1_i3:157-2955   -            933 356175at33208        -            270   4.8e-28   96.1   6.3   1   6   1.4e-06   3.9e-05   21.0   0.0    62   157    41   135    35   145 0.83 -
Pdum_DN74150_c0_g1_i3:157-2955   -            933 356175at33208        -            270   4.8e-28   96.1   6.3   2   6     2e-06   5.6e-05   20.5   0.1    91   157   152   219   144   235 0.90 -
Pdum_DN74150_c0_g1_i3:157-2955   -            933 356175at33208        -            270   4.8e-28   96.1   6.3   3   6     0.045       1.2    6.2   0.0   122   161   398   437   384   451 0.83 -
Pdum_DN74150_c0_g1_i3:157-2955   -            933 356175at33208        -            270   4.8e-28   96.1   6.3   4   6   4.2e-08   1.1e-06   26.0   0.1    95   258   452   611   437   616 0.83 -
Pdum_DN74150_c0_g1_i3:157-2955   -            933 356175at33208        -            270   4.8e-28   96.1   6.3   5   6   5.2e-05    0.0014   15.9   0.0    95   161   591   658   587   663 0.91 -
Pdum_DN74150_c0_g1_i3:157-2955   -            933 356175at33208        -            270   4.8e-28   96.1   6.3   6   6   5.2e-06   0.00014   19.1   0.0    88   159   626   698   619   703 0.90 -
Pdum_DN79110_c0_g1_i7:340-1365   -            342 356175at33208        -            270   5.7e-25   86.0   0.1   1   4     6e-07   1.6e-05   22.2   0.0    94   158    57   123    48   133 0.89 -
Pdum_DN79110_c0_g1_i7:340-1365   -            342 356175at33208        -            270   5.7e-25   86.0   0.1   2   4      0.08       2.2    5.4   0.0    92   120   140   169   126   177 0.70 -
Pdum_DN79110_c0_g1_i7:340-1365   -            342 356175at33208        -            270   5.7e-25   86.0   0.1   3   4   4.8e-12   1.3e-10   38.9   0.1    75   176   165   267   150   276 0.78 -
Pdum_DN79110_c0_g1_i7:340-1365   -            342 356175at33208        -            270   5.7e-25   86.0   0.1   4   4   1.2e-05   0.00034   17.9   0.0    92   153   275   335   265   340 0.89 -
Pdum_DN80129_c0_g2_i7:710-1570   -            287 356175at33208        -            270   8.2e-25   85.5   0.4   1   4   3.3e-09     9e-08   29.6   0.2    90   157     7    75     3    84 0.92 -
Pdum_DN80129_c0_g2_i7:710-1570   -            287 356175at33208        -            270   8.2e-25   85.5   0.4   2   4   2.3e-09   6.3e-08   30.1   0.0    89   159    90   161    76   166 0.90 -
Pdum_DN80129_c0_g2_i7:710-1570   -            287 356175at33208        -            270   8.2e-25   85.5   0.4   3   4    0.0017     0.047   10.8   0.0    87   130   173   216   161   219 0.86 -
Pdum_DN80129_c0_g2_i7:710-1570   -            287 356175at33208        -            270   8.2e-25   85.5   0.4   4   4    0.0024     0.065   10.4   0.0   100   149   231   280   216   285 0.88 -
Pdum_DN92078_c7_g2_i1:2888-3787  -            300 356175at33208        -            270   1.6e-24   84.6   5.1   1   5     8e-07   2.2e-05   21.8   0.1    95   159     2    66     1    71 0.88 -
Pdum_DN92078_c7_g2_i1:2888-3787  -            300 356175at33208        -            270   1.6e-24   84.6   5.1   2   5   5.4e-05    0.0015   15.8   0.2   100   159    48   108    43   113 0.89 -
Pdum_DN92078_c7_g2_i1:2888-3787  -            300 356175at33208        -            270   1.6e-24   84.6   5.1   3   5      0.04       1.1    6.4   0.0    92   119    82   109    75   124 0.77 -
Pdum_DN92078_c7_g2_i1:2888-3787  -            300 356175at33208        -            270   1.6e-24   84.6   5.1   4   5   8.8e-08   2.4e-06   24.9   0.0    91   149   126   184   117   185 0.93 -
Pdum_DN92078_c7_g2_i1:2888-3787  -            300 356175at33208        -            270   1.6e-24   84.6   5.1   5   5   1.4e-09   3.7e-08   30.9   0.1    92   158   169   236   166   300 0.85 -
Pdum_DN74356_c1_g1_i1:377-1456   -            360 356175at33208        -            270   2.8e-24   83.7   0.8   1   4     3e-06   8.3e-05   19.9   0.0    93   149     8    64     3    68 0.91 -
Pdum_DN74356_c1_g1_i1:377-1456   -            360 356175at33208        -            270   2.8e-24   83.7   0.8   2   4   0.00041     0.011   12.9   0.0    99   157    56   119    53   141 0.78 -
Pdum_DN74356_c1_g1_i1:377-1456   -            360 356175at33208        -            270   2.8e-24   83.7   0.8   3   4   1.3e-08   3.6e-07   27.7   0.0    93   163   146   219   128   228 0.83 -
Pdum_DN74356_c1_g1_i1:377-1456   -            360 356175at33208        -            270   2.8e-24   83.7   0.8   4   4   3.2e-07   8.8e-06   23.1   0.2    91   173   247   331   236   352 0.84 -
Pdum_DN87680_c1_g3_i1:3327-4124  -            266 356175at33208        -            270   3.1e-24   83.6   5.4   1   4   7.4e-09     2e-07   28.5   0.1    93   153    11    71     4    72 0.92 -
Pdum_DN87680_c1_g3_i1:3327-4124  -            266 356175at33208        -            270   3.1e-24   83.6   5.4   2   4     7e-10   1.9e-08   31.8   0.2    94   158    54   119    54   129 0.90 -
Pdum_DN87680_c1_g3_i1:3327-4124  -            266 356175at33208        -            270   3.1e-24   83.6   5.4   3   4   1.2e-05   0.00032   18.0   0.0    88   142   132   186   121   193 0.88 -
Pdum_DN87680_c1_g3_i1:3327-4124  -            266 356175at33208        -            270   3.1e-24   83.6   5.4   4   4   8.8e-06   0.00024   18.4   0.0    98   157   204   264   195   266 0.91 -
Pdum_DN85045_c0_g1_i5:248-835    -            196 356175at33208        -            270   3.7e-23   80.1   0.0   1   4   8.8e-07   2.4e-05   21.7   0.0    95   160     7    73     3    75 0.92 -
Pdum_DN85045_c0_g1_i5:248-835    -            196 356175at33208        -            270   3.7e-23   80.1   0.0   2   4   8.8e-08   2.4e-06   24.9   0.0    94   157    48   112    45   115 0.93 -
Pdum_DN85045_c0_g1_i5:248-835    -            196 356175at33208        -            270   3.7e-23   80.1   0.0   3   4   3.9e-08   1.1e-06   26.1   0.0    93   157    89   154    85   156 0.94 -
Pdum_DN85045_c0_g1_i5:248-835    -            196 356175at33208        -            270   3.7e-23   80.1   0.0   4   4   8.7e-07   2.4e-05   21.7   0.0    88   153   126   191   116   196 0.88 -
Pdum_DN90586_c2_g3_i4:2166-2804  -            213 356175at33208        -            270     4e-22   76.7   0.0   1   3   8.7e-06   0.00024   18.4   0.0    98   146    20    68     4    68 0.90 -
Pdum_DN90586_c2_g3_i4:2166-2804  -            213 356175at33208        -            270     4e-22   76.7   0.0   2   3   1.4e-08   3.9e-07   27.5   0.0    92   157    56   122    55   133 0.90 -
Pdum_DN90586_c2_g3_i4:2166-2804  -            213 356175at33208        -            270     4e-22   76.7   0.0   3   3   1.2e-10   3.2e-09   34.3   0.0    77   159   124   208   118   212 0.84 -
Pdum_DN84894_c0_g1_i9:97-867     -            257 356175at33208        -            270   6.4e-22   76.0   0.0   1   5    0.0052      0.14    9.3   0.0    91   130    19    58    13    70 0.90 -
Pdum_DN84894_c0_g1_i9:97-867     -            257 356175at33208        -            270   6.4e-22   76.0   0.0   2   5   0.00034    0.0092   13.2   0.0    96   142    67   113    61   115 0.91 -
Pdum_DN84894_c0_g1_i9:97-867     -            257 356175at33208        -            270   6.4e-22   76.0   0.0   3   5   1.9e-08   5.2e-07   27.1   0.0    95   157   108   171   107   183 0.90 -
Pdum_DN84894_c0_g1_i9:97-867     -            257 356175at33208        -            270   6.4e-22   76.0   0.0   4   5   7.9e-08   2.1e-06   25.1   0.0    94   157   149   214   147   215 0.91 -
Pdum_DN84894_c0_g1_i9:97-867     -            257 356175at33208        -            270   6.4e-22   76.0   0.0   5   5   7.6e-07   2.1e-05   21.9   0.0    90   156   187   255   183   257 0.87 -
Pdum_DN83588_c0_g2_i13:1452-2396 -            315 356175at33208        -            270   1.1e-21   75.3   0.0   1   5   4.8e-05    0.0013   16.0   0.0    99   157     9    70     3    77 0.86 -
Pdum_DN83588_c0_g2_i13:1452-2396 -            315 356175at33208        -            270   1.1e-21   75.3   0.0   2   5   1.7e-08   4.6e-07   27.3   0.0    87   158    84   156    73   165 0.87 -
Pdum_DN83588_c0_g2_i13:1452-2396 -            315 356175at33208        -            270   1.1e-21   75.3   0.0   3   5       5.5   1.5e+02   -0.6   0.0   224   241   167   184   158   191 0.81 -
Pdum_DN83588_c0_g2_i13:1452-2396 -            315 356175at33208        -            270   1.1e-21   75.3   0.0   4   5      0.85        23    2.0   0.0   101   118   198   215   181   227 0.79 -
Pdum_DN83588_c0_g2_i13:1452-2396 -            315 356175at33208        -            270   1.1e-21   75.3   0.0   5   5   2.1e-07   5.8e-06   23.7   0.0    92   157   248   314   218   315 0.86 -
Pdum_DN78854_c0_g1_i1:1579-2349  -            257 356175at33208        -            270   2.2e-21   74.2   2.0   1   4   4.1e-08   1.1e-06   26.0   0.3    92   164     7    80     2    86 0.82 -
Pdum_DN78854_c0_g1_i1:1579-2349  -            257 356175at33208        -            270   2.2e-21   74.2   2.0   2   4   9.2e-07   2.5e-05   21.6   0.0    78   143    77   142    74   145 0.88 -
Pdum_DN78854_c0_g1_i1:1579-2349  -            257 356175at33208        -            270   2.2e-21   74.2   2.0   3   4   1.8e-07   4.9e-06   23.9   0.0    80   153   120   194   118   197 0.89 -
Pdum_DN78854_c0_g1_i1:1579-2349  -            257 356175at33208        -            270   2.2e-21   74.2   2.0   4   4     0.011      0.31    8.2   0.0    91   129   216   256   204   257 0.81 -
Pdum_DN75651_c0_g1_i1:179-1012   -            278 356175at33208        -            270   3.7e-21   73.5   0.7   1   4    0.0065      0.18    9.0   0.0    82   146    26    91     4    92 0.82 -
Pdum_DN75651_c0_g1_i1:179-1012   -            278 356175at33208        -            270   3.7e-21   73.5   0.7   2   4   6.9e-07   1.9e-05   22.0   0.0    97   159    84   153    78   167 0.82 -
Pdum_DN75651_c0_g1_i1:179-1012   -            278 356175at33208        -            270   3.7e-21   73.5   0.7   3   4   0.00021    0.0059   13.8   0.0    88   147   164   223   152   223 0.91 -
Pdum_DN75651_c0_g1_i1:179-1012   -            278 356175at33208        -            270   3.7e-21   73.5   0.7   4   4   5.4e-12   1.5e-10   38.8   0.2    87   155   205   273   177   276 0.88 -
Pdum_DN72920_c0_g1_i5:770-1675   -            302 356175at33208        -            270   4.3e-21   73.3   6.5   1   5   0.00054     0.015   12.5   0.2   100   153    29    84     5    89 0.83 -
Pdum_DN72920_c0_g1_i5:770-1675   -            302 356175at33208        -            270   4.3e-21   73.3   6.5   2   5    0.0015      0.04   11.1   0.0    94   150    67   123    63   128 0.89 -
Pdum_DN72920_c0_g1_i5:770-1675   -            302 356175at33208        -            270   4.3e-21   73.3   6.5   3   5   4.2e-09   1.1e-07   29.3   0.0    68   153   125   210   115   218 0.86 -
Pdum_DN72920_c0_g1_i5:770-1675   -            302 356175at33208        -            270   4.3e-21   73.3   6.5   4   5     9e-09   2.5e-07   28.2   0.0    94   158   193   258   190   261 0.93 -
Pdum_DN72920_c0_g1_i5:770-1675   -            302 356175at33208        -            270   4.3e-21   73.3   6.5   5   5   3.5e-06   9.6e-05   19.7   0.4    94   154   235   295   212   300 0.93 -
Pdum_DN86522_c0_g3_i4:534-1520   -            329 356175at33208        -            270   5.5e-21   72.9   4.5   1   6   0.00077     0.021   12.0   0.0    99   147    12    60     3    60 0.92 -
Pdum_DN86522_c0_g3_i4:534-1520   -            329 356175at33208        -            270   5.5e-21   72.9   4.5   2   6    0.0011     0.029   11.5   0.0    95   128    50    83    46    94 0.85 -
Pdum_DN86522_c0_g3_i4:534-1520   -            329 356175at33208        -            270   5.5e-21   72.9   4.5   3   6      0.17       4.6    4.3   0.0    99   123    94   118    86   126 0.81 -
Pdum_DN86522_c0_g3_i4:534-1520   -            329 356175at33208        -            270   5.5e-21   72.9   4.5   4   6     8e-06   0.00022   18.5   0.2    90   153   126   192   118   199 0.86 -
Pdum_DN86522_c0_g3_i4:534-1520   -            329 356175at33208        -            270   5.5e-21   72.9   4.5   5   6    0.0002    0.0055   13.9   0.0    82   137   210   264   197   272 0.83 -
Pdum_DN86522_c0_g3_i4:534-1520   -            329 356175at33208        -            270   5.5e-21   72.9   4.5   6   6   3.2e-05   0.00087   16.5   0.0    98   153   267   322   259   327 0.90 -
Pdum_DN78454_c0_g1_i4:576-2111   -            512 356175at33208        -            270   1.2e-19   68.6   0.3   1   4   1.8e-05    0.0005   17.3   0.0    90   127   216   253   203   260 0.84 -
Pdum_DN78454_c0_g1_i4:576-2111   -            512 356175at33208        -            270   1.2e-19   68.6   0.3   2   4   1.3e-07   3.6e-06   24.4   0.0    88   153   264   330   256   331 0.91 -
Pdum_DN78454_c0_g1_i4:576-2111   -            512 356175at33208        -            270   1.2e-19   68.6   0.3   3   4   4.3e-08   1.2e-06   25.9   0.1    92   160   311   379   307   390 0.89 -
Pdum_DN78454_c0_g1_i4:576-2111   -            512 356175at33208        -            270   1.2e-19   68.6   0.3   4   4      0.02      0.53    7.4   0.0    92   156   445   510   407   512 0.77 -
Pdum_DN77740_c0_g3_i3:100-1476   -            459 356175at33208        -            270   4.4e-19   66.7   0.3   1   4   7.3e-07     2e-05   21.9   0.0    90   157   151   219   146   228 0.90 -
Pdum_DN77740_c0_g3_i3:100-1476   -            459 356175at33208        -            270   4.4e-19   66.7   0.3   2   4   3.3e-05    0.0009   16.5   0.1    94   146   239   291   223   292 0.90 -
Pdum_DN77740_c0_g3_i3:100-1476   -            459 356175at33208        -            270   4.4e-19   66.7   0.3   3   4   5.4e-07   1.5e-05   22.3   0.0    96   156   283   343   281   344 0.92 -
Pdum_DN77740_c0_g3_i3:100-1476   -            459 356175at33208        -            270   4.4e-19   66.7   0.3   4   4     0.048       1.3    6.1   0.0   112   165   340   394   337   415 0.80 -
Pdum_DN80927_c0_g1_i1:489-1964   -            492 356175at33208        -            270   6.2e-19   66.2   1.9   1   4      0.45        12    2.9   0.0    93   120   153   180   139   191 0.83 -
Pdum_DN80927_c0_g1_i1:489-1964   -            492 356175at33208        -            270   6.2e-19   66.2   1.9   2   4   3.6e-06   9.9e-05   19.6   0.0    96   159   211   274   185   288 0.85 -
Pdum_DN80927_c0_g1_i1:489-1964   -            492 356175at33208        -            270   6.2e-19   66.2   1.9   3   4   3.9e-06   0.00011   19.5   0.1    89   141   328   380   297   385 0.67 -
Pdum_DN80927_c0_g1_i1:489-1964   -            492 356175at33208        -            270   6.2e-19   66.2   1.9   4   4   6.8e-06   0.00018   18.7   0.0   102   158   392   449   384   459 0.90 -
Pdum_DN66770_c0_g1_i1:157-1065   -            303 356175at33208        -            270   1.3e-18   65.1   2.8   1   3   3.2e-06   8.9e-05   19.8   0.0    95   159    21    87     9    95 0.83 -
Pdum_DN66770_c0_g1_i1:157-1065   -            303 356175at33208        -            270   1.3e-18   65.1   2.8   2   3   5.8e-06   0.00016   19.0   0.2    87   157    97   171    89   181 0.86 -
Pdum_DN66770_c0_g1_i1:157-1065   -            303 356175at33208        -            270   1.3e-18   65.1   2.8   3   3   1.2e-07   3.3e-06   24.5   0.1    75   153   220   299   197   303 0.81 -
Pdum_DN87342_c0_g1_i8:5-2425     -            807 356175at33208        -            270   2.2e-18   64.4   0.2   1   5       6.5   1.8e+02   -0.9   0.0    95   147    62   113    21   131 0.70 -
Pdum_DN87342_c0_g1_i8:5-2425     -            807 356175at33208        -            270   2.2e-18   64.4   0.2   2   5   0.00062     0.017   12.3   0.0    95   161   151   220   137   242 0.82 -
Pdum_DN87342_c0_g1_i8:5-2425     -            807 356175at33208        -            270   2.2e-18   64.4   0.2   3   5    0.0026      0.07   10.3   0.0    97   165   302   374   292   384 0.79 -
Pdum_DN87342_c0_g1_i8:5-2425     -            807 356175at33208        -            270   2.2e-18   64.4   0.2   4   5   9.1e-07   2.5e-05   21.6   0.0    92   154   382   444   372   460 0.88 -
Pdum_DN87342_c0_g1_i8:5-2425     -            807 356175at33208        -            270   2.2e-18   64.4   0.2   5   5    0.0006     0.016   12.4   0.0    95   157   470   534   445   544 0.84 -
Pdum_DN84814_c0_g2_i1:1505-2083  -            193 356175at33208        -            270   2.3e-18   64.4   0.1   1   3      0.84        23    2.1   0.0   102   126     9    33     5    40 0.81 -
Pdum_DN84814_c0_g2_i1:1505-2083  -            193 356175at33208        -            270   2.3e-18   64.4   0.1   2   3   1.3e-08   3.6e-07   27.6   0.1    79   162    26   110    17   121 0.83 -
Pdum_DN84814_c0_g2_i1:1505-2083  -            193 356175at33208        -            270   2.3e-18   64.4   0.1   3   3     5e-12   1.4e-10   38.9   0.0    60   156    93   189    92   193 0.91 -
Pdum_DN91072_c6_g2_i4:11-988     -            326 356175at33208        -            270   2.3e-18   64.3   2.4   1   4   1.3e-07   3.7e-06   24.3   0.1    92   160    35   106    17   111 0.84 -
Pdum_DN91072_c6_g2_i4:11-988     -            326 356175at33208        -            270   2.3e-18   64.3   2.4   2   4   2.6e-05    0.0007   16.8   0.1   100   158    87   146    86   163 0.90 -
Pdum_DN91072_c6_g2_i4:11-988     -            326 356175at33208        -            270   2.3e-18   64.3   2.4   3   4   1.3e-05   0.00035   17.9   0.0    94   145   174   225   147   227 0.86 -
Pdum_DN91072_c6_g2_i4:11-988     -            326 356175at33208        -            270   2.3e-18   64.3   2.4   4   4   3.8e-06    0.0001   19.6   0.0    93   158   215   279   213   322 0.88 -
Pdum_DN84798_c1_g2_i5:993-2768   -            592 356175at33208        -            270   2.5e-18   64.2   0.1   1   6     0.018      0.49    7.5   0.0    93   146    53   108    38   115 0.83 -
Pdum_DN84798_c1_g2_i5:993-2768   -            592 356175at33208        -            270   2.5e-18   64.2   0.1   2   6       3.4        92    0.1   0.0   108   154   114   161   101   176 0.75 -
Pdum_DN84798_c1_g2_i5:993-2768   -            592 356175at33208        -            270   2.5e-18   64.2   0.1   3   6   1.9e-07   5.2e-06   23.8   0.0    87   174   178   269   150   289 0.79 -
Pdum_DN84798_c1_g2_i5:993-2768   -            592 356175at33208        -            270   2.5e-18   64.2   0.1   4   6    0.0082      0.22    8.6   0.0    92   153   313   373   299   384 0.80 -
Pdum_DN84798_c1_g2_i5:993-2768   -            592 356175at33208        -            270   2.5e-18   64.2   0.1   5   6      0.03      0.82    6.8   0.0    74   161   415   507   407   513 0.77 -
Pdum_DN84798_c1_g2_i5:993-2768   -            592 356175at33208        -            270   2.5e-18   64.2   0.1   6   6    0.0076      0.21    8.8   0.1    91   152   522   584   516   592 0.74 -
Pdum_DN83588_c0_g2_i13:1293-2279 -            329 356175at33208        -            270   3.6e-18   63.7   0.0   1   6      0.15       4.2    4.5   0.0    94   119     9    34     1    47 0.70 -
Pdum_DN83588_c0_g2_i13:1293-2279 -            329 356175at33208        -            270   3.6e-18   63.7   0.0   2   6   1.7e-08   4.6e-07   27.3   0.0    87   158    45   117    34   130 0.87 -
Pdum_DN83588_c0_g2_i13:1293-2279 -            329 356175at33208        -            270   3.6e-18   63.7   0.0   3   6       5.6   1.5e+02   -0.7   0.0   224   241   128   145   119   154 0.82 -
Pdum_DN83588_c0_g2_i13:1293-2279 -            329 356175at33208        -            270   3.6e-18   63.7   0.0   4   6      0.95        26    1.9   0.0   101   118   159   176   144   188 0.79 -
Pdum_DN83588_c0_g2_i13:1293-2279 -            329 356175at33208        -            270   3.6e-18   63.7   0.0   5   6   2.3e-07   6.3e-06   23.6   0.0    92   157   209   275   184   277 0.87 -
Pdum_DN83588_c0_g2_i13:1293-2279 -            329 356175at33208        -            270   3.6e-18   63.7   0.0   6   6    0.0043      0.12    9.6   0.0    93   122   252   281   248   307 0.81 -
Pdum_DN79208_c0_g1_i2:96-1031    -            312 356175at33208        -            270   6.7e-18   62.8   0.2   1   4     0.014      0.38    7.9   0.0    99   148     6    55     3    60 0.89 -
Pdum_DN79208_c0_g1_i2:96-1031    -            312 356175at33208        -            270   6.7e-18   62.8   0.2   2   4   2.1e-05   0.00058   17.1   0.0    59   121    51   113    49   124 0.90 -
Pdum_DN79208_c0_g1_i2:96-1031    -            312 356175at33208        -            270   6.7e-18   62.8   0.2   3   4    0.0013     0.035   11.3   0.0    91   157   126   193   111   196 0.90 -
Pdum_DN79208_c0_g1_i2:96-1031    -            312 356175at33208        -            270   6.7e-18   62.8   0.2   4   4   4.8e-07   1.3e-05   22.5   0.1    92   159   219   288   206   299 0.84 -
Pdum_DN73138_c0_g1_i1:392-1264   -            291 356175at33208        -            270   7.6e-18   62.6   0.3   1   5   2.4e-07   6.5e-06   23.5   0.0    85   157     7    80     1    94 0.89 -
Pdum_DN73138_c0_g1_i1:392-1264   -            291 356175at33208        -            270   7.6e-18   62.6   0.3   2   5    0.0037       0.1    9.8   0.0    92   122    98   128    91   157 0.79 -
Pdum_DN73138_c0_g1_i1:392-1264   -            291 356175at33208        -            270   7.6e-18   62.6   0.3   3   5      0.72        20    2.3   0.0    85   116   133   164   123   170 0.78 -
Pdum_DN73138_c0_g1_i1:392-1264   -            291 356175at33208        -            270   7.6e-18   62.6   0.3   4   5     0.013      0.36    8.0   0.0    83   131   171   219   163   225 0.89 -
Pdum_DN73138_c0_g1_i1:392-1264   -            291 356175at33208        -            270   7.6e-18   62.6   0.3   5   5   0.00014    0.0038   14.5   0.0    95   157   227   290   220   291 0.90 -
Pdum_DN63925_c0_g1_i1:119-1006   -            296 356175at33208        -            270   1.2e-16   58.7   0.2   1   4   0.00047     0.013   12.7   0.0    70   140    14    87     1    92 0.74 -
Pdum_DN63925_c0_g1_i1:119-1006   -            296 356175at33208        -            270   1.2e-16   58.7   0.2   2   4   1.3e-06   3.6e-05   21.1   0.0   100   157    88   146    84   165 0.86 -
Pdum_DN63925_c0_g1_i1:119-1006   -            296 356175at33208        -            270   1.2e-16   58.7   0.2   3   4       1.2        34    1.5   0.0   248   265   175   192   163   197 0.81 -
Pdum_DN63925_c0_g1_i1:119-1006   -            296 356175at33208        -            270   1.2e-16   58.7   0.2   4   4   4.3e-06   0.00012   19.4   0.0    56   124   210   279   195   288 0.85 -
Pdum_DN80498_c1_g1_i1:1987-2589  -            201 356175at33208        -            270   4.6e-16   56.8   0.0   1   3   4.6e-05    0.0013   16.0   0.0    92   142     6    56     1    58 0.92 -
Pdum_DN80498_c1_g1_i1:1987-2589  -            201 356175at33208        -            270   4.6e-16   56.8   0.0   2   3   1.8e-05    0.0005   17.3   0.0    98   154    56   112    55   131 0.84 -
Pdum_DN80498_c1_g1_i1:1987-2589  -            201 356175at33208        -            270   4.6e-16   56.8   0.0   3   3   1.3e-07   3.7e-06   24.3   0.0    61   154   104   198   102   201 0.87 -
Pdum_DN73512_c4_g2_i3:726-1661   -            312 356175at33208        -            270     1e-15   55.7   0.1   1   4       3.6        98   -0.0   0.0    96   126    68    98    62   102 0.82 -
Pdum_DN73512_c4_g2_i3:726-1661   -            312 356175at33208        -            270     1e-15   55.7   0.1   2   4   3.9e-11   1.1e-09   35.9   0.1    87   160   100   175    93   195 0.87 -
Pdum_DN73512_c4_g2_i3:726-1661   -            312 356175at33208        -            270     1e-15   55.7   0.1   3   4       2.8        76    0.3   0.0    60   130   200   267   183   271 0.74 -
Pdum_DN73512_c4_g2_i3:726-1661   -            312 356175at33208        -            270     1e-15   55.7   0.1   4   4   0.00026     0.007   13.6   0.0    92   117   271   296   268   302 0.92 -
Pdum_DN71389_c1_g2_i1:359-1099   -            247 356175at33208        -            270   1.2e-15   55.5   1.1   1   4       2.7        74    0.4   0.0   228   256     7    34     3    47 0.67 -
Pdum_DN71389_c1_g2_i1:359-1099   -            247 356175at33208        -            270   1.2e-15   55.5   1.1   2   4   2.5e-10   6.7e-09   33.3   0.1    92   159    60   128    49   135 0.90 -
Pdum_DN71389_c1_g2_i1:359-1099   -            247 356175at33208        -            270   1.2e-15   55.5   1.1   3   4   1.3e-05   0.00035   17.8   0.3    83   157   138   215   129   224 0.87 -
Pdum_DN71389_c1_g2_i1:359-1099   -            247 356175at33208        -            270   1.2e-15   55.5   1.1   4   4    0.0004     0.011   12.9   0.0    84   145   184   243   172   246 0.81 -
Pdum_DN84241_c0_g1_i1:2776-3423  -            216 356175at33208        -            270   1.2e-15   55.4   0.7   1   3   1.2e-07   3.4e-06   24.4   0.0    94   153    17    76     2    85 0.88 -
Pdum_DN84241_c0_g1_i1:2776-3423  -            216 356175at33208        -            270   1.2e-15   55.4   0.7   2   3    0.0095      0.26    8.4   0.0   112   152    79   119    75   121 0.93 -
Pdum_DN84241_c0_g1_i1:2776-3423  -            216 356175at33208        -            270   1.2e-15   55.4   0.7   3   3   1.2e-07   3.4e-06   24.4   0.1    60   157   113   212   112   215 0.91 -
Pdum_DN76828_c2_g1_i1:4967-5695  -            243 356175at33208        -            270   5.3e-15   53.3   0.0   1   3   3.8e-09     1e-07   29.4   0.0    61   165    17   123     3   140 0.81 -
Pdum_DN76828_c2_g1_i1:4967-5695  -            243 356175at33208        -            270   5.3e-15   53.3   0.0   2   3   0.00016    0.0044   14.2   0.0    96   153    95   152    93   154 0.93 -
Pdum_DN76828_c2_g1_i1:4967-5695  -            243 356175at33208        -            270   5.3e-15   53.3   0.0   3   3   3.1e-06   8.5e-05   19.9   0.0    63   157   148   243   140   243 0.90 -
Pdum_DN73504_c1_g7_i2:375-1772   -            466 356175at33208        -            270   9.6e-15   52.5   2.7   1   3   9.9e-10   2.7e-08   31.3   0.2   118   261   130   267   123   270 0.82 -
Pdum_DN73504_c1_g7_i2:375-1772   -            466 356175at33208        -            270   9.6e-15   52.5   2.7   2   3     0.019      0.52    7.4   0.1    98   159   289   349   278   366 0.73 -
Pdum_DN73504_c1_g7_i2:375-1772   -            466 356175at33208        -            270   9.6e-15   52.5   2.7   3   3     0.014      0.38    7.9   0.0    88   119   372   403   366   433 0.85 -
Pdum_DN84903_c4_g3_i8:753-1754   -            334 356175at33208        -            270   1.3e-14   52.1   0.4   1   4   3.9e-05    0.0011   16.2   0.1    59   140    24   109    17   113 0.78 -
Pdum_DN84903_c4_g3_i8:753-1754   -            334 356175at33208        -            270   1.3e-14   52.1   0.4   2   4   6.7e-06   0.00018   18.8   0.0    99   154   109   164   105   165 0.93 -
Pdum_DN84903_c4_g3_i8:753-1754   -            334 356175at33208        -            270   1.3e-14   52.1   0.4   3   4     0.014      0.38    7.9   0.0    72   136   166   231   161   236 0.84 -
Pdum_DN84903_c4_g3_i8:753-1754   -            334 356175at33208        -            270   1.3e-14   52.1   0.4   4   4     0.046       1.3    6.2   0.0    99   157   235   297   230   316 0.83 -
Pdum_DN88766_c3_g2_i10:292-717   -            142 356175at33208        -            270   8.4e-14   49.4   0.0   1   2   8.4e-07   2.3e-05   21.7   0.0   101   169     4    74     1    83 0.80 -
Pdum_DN88766_c3_g2_i10:292-717   -            142 356175at33208        -            270   8.4e-14   49.4   0.0   2   2   2.2e-08   6.1e-07   26.9   0.0    90   152    76   140    70   142 0.87 -
Pdum_DN88147_c0_g1_i1:430-1308   -            293 356175at33208        -            270   9.5e-14   49.2   0.1   1   4    0.0035     0.096    9.9   0.0   111   152     7    48     1    71 0.84 -
Pdum_DN88147_c0_g1_i1:430-1308   -            293 356175at33208        -            270   9.5e-14   49.2   0.1   2   4    0.0001    0.0027   14.9   0.0    91   153    71   133    64   139 0.90 -
Pdum_DN88147_c0_g1_i1:430-1308   -            293 356175at33208        -            270   9.5e-14   49.2   0.1   3   4    0.0026      0.07   10.3   0.0    98   152   164   220   129   231 0.64 -
Pdum_DN88147_c0_g1_i1:430-1308   -            293 356175at33208        -            270   9.5e-14   49.2   0.1   4   4     0.007      0.19    8.9   0.0   187   238   239   291   226   293 0.83 -
Pdum_DN88892_c3_g1_i1:2670-3179  -            170 356175at33208        -            270     1e-13   49.1   0.3   1   2   4.4e-11   1.2e-09   35.8   0.2    87   158    35   107     9   118 0.85 -
Pdum_DN88892_c3_g1_i1:2670-3179  -            170 356175at33208        -            270     1e-13   49.1   0.3   2   2   0.00082     0.022   11.9   0.0    89   134   123   168   108   170 0.85 -
Pdum_DN82012_c2_g2_i1:484-1302   -            273 356175at33208        -            270   1.1e-13   49.0   6.0   1   4   3.4e-05   0.00092   16.5   0.2    98   157    12    70     6    79 0.86 -
Pdum_DN82012_c2_g2_i1:484-1302   -            273 356175at33208        -            270   1.1e-13   49.0   6.0   2   4     0.006      0.16    9.1   0.0    92   138    86   132    76   134 0.88 -
Pdum_DN82012_c2_g2_i1:484-1302   -            273 356175at33208        -            270   1.1e-13   49.0   6.0   3   4   5.9e-05    0.0016   15.7   0.2    90   157   124   190   120   193 0.79 -
Pdum_DN82012_c2_g2_i1:484-1302   -            273 356175at33208        -            270   1.1e-13   49.0   6.0   4   4    0.0014     0.039   11.1   0.1   100   157   174   233   168   236 0.54 -
Pdum_DN75190_c1_g2_i8:1873-2820  -            316 356175at33208        -            270   1.6e-13   48.5   3.0   1   4      0.05       1.4    6.1   0.0    88   132    47    91    33    93 0.88 -
Pdum_DN75190_c1_g2_i8:1873-2820  -            316 356175at33208        -            270   1.6e-13   48.5   3.0   2   4   1.6e-06   4.4e-05   20.8   0.3    93   159    92   157    89   170 0.87 -
Pdum_DN75190_c1_g2_i8:1873-2820  -            316 356175at33208        -            270   1.6e-13   48.5   3.0   3   4    0.0012     0.033   11.4   0.0    92   156   176   237   165   240 0.80 -
Pdum_DN75190_c1_g2_i8:1873-2820  -            316 356175at33208        -            270   1.6e-13   48.5   3.0   4   4     0.025      0.69    7.0   0.0    88   118   252   280   248   285 0.79 -
Pdum_DN85879_c0_g1_i1:230-808    -            193 356175at33208        -            270     2e-13   48.1   0.0   1   3   1.2e-05   0.00034   17.9   0.1    99   156     2    60     1    60 0.92 -
Pdum_DN85879_c0_g1_i1:230-808    -            193 356175at33208        -            270     2e-13   48.1   0.0   2   3   4.2e-05    0.0011   16.1   0.0    94   154    39    99    37   109 0.91 -
Pdum_DN85879_c0_g1_i1:230-808    -            193 356175at33208        -            270     2e-13   48.1   0.0   3   3   3.3e-06   9.1e-05   19.8   0.0    91   152   127   188   111   193 0.90 -
Pdum_DN87178_c0_g1_i10:2619-3539 -            307 356175at33208        -            270   2.4e-13   47.9   0.3   1   4       1.3        36    1.4   0.0   102   121     5    24     2    35 0.82 -
Pdum_DN87178_c0_g1_i10:2619-3539 -            307 356175at33208        -            270   2.4e-13   47.9   0.3   2   4   0.00018    0.0048   14.1   0.0    94   157    50   125    39   139 0.78 -
Pdum_DN87178_c0_g1_i10:2619-3539 -            307 356175at33208        -            270   2.4e-13   47.9   0.3   3   4   0.00094     0.026   11.7   0.0    62   144   161   248   152   251 0.72 -
Pdum_DN87178_c0_g1_i10:2619-3539 -            307 356175at33208        -            270   2.4e-13   47.9   0.3   4   4   3.4e-05   0.00093   16.5   0.0   100   152   246   302   241   306 0.84 -
Pdum_DN83855_c0_g1_i4:658-1428   -            257 356175at33208        -            270   3.3e-13   47.4   0.1   1   1     3e-14   8.1e-13   46.2   0.1    99   265     4   177     1   182 0.87 -
Pdum_DN87078_c1_g1_i1:1858-2604  -            249 356175at33208        -            270   2.3e-12   44.7   0.2   1   2   1.7e-07   4.6e-06   24.0   0.0   100   157   105   164    95   177 0.87 -
Pdum_DN87078_c1_g1_i1:1858-2604  -            249 356175at33208        -            270   2.3e-12   44.7   0.2   2   2   6.9e-06   0.00019   18.7   0.1    96   156   187   248   177   249 0.92 -
Pdum_DN66431_c0_g1_i1:1561-2364  -            268 356175at33208        -            270   3.2e-12   44.2   0.3   1   4    0.0019     0.053   10.7   0.0   101   163    25    87     6    96 0.89 -
Pdum_DN66431_c0_g1_i1:1561-2364  -            268 356175at33208        -            270   3.2e-12   44.2   0.3   2   4   0.00043     0.012   12.8   0.0    89   142    94   145    83   153 0.77 -
Pdum_DN66431_c0_g1_i1:1561-2364  -            268 356175at33208        -            270   3.2e-12   44.2   0.3   3   4   0.00029    0.0081   13.4   0.0   102   160   146   205   132   218 0.89 -
Pdum_DN66431_c0_g1_i1:1561-2364  -            268 356175at33208        -            270   3.2e-12   44.2   0.3   4   4      0.13       3.6    4.7   0.0   100   118   225   243   205   258 0.72 -
Pdum_DN92345_c8_g1_i1:3879-4793  -            305 356175at33208        -            270   6.1e-12   43.3   0.3   1   4   0.00036    0.0097   13.1   0.0   100   159     7    66     2    72 0.93 -
Pdum_DN92345_c8_g1_i1:3879-4793  -            305 356175at33208        -            270   6.1e-12   43.3   0.3   2   4       1.2        33    1.5   0.0   130   158   101   129    69   139 0.83 -
Pdum_DN92345_c8_g1_i1:3879-4793  -            305 356175at33208        -            270   6.1e-12   43.3   0.3   3   4    0.0023     0.064   10.4   0.0    47   145   151   252   142   254 0.78 -
Pdum_DN92345_c8_g1_i1:3879-4793  -            305 356175at33208        -            270   6.1e-12   43.3   0.3   4   4   8.7e-05    0.0024   15.1   0.0    96   152   245   299   242   305 0.80 -
Pdum_DN77965_c1_g1_i1:1646-2635  -            330 356175at33208        -            270   7.2e-12   43.0   5.1   1   4      0.01      0.27    8.4   0.1    94   156    17    83     9    84 0.79 -
Pdum_DN77965_c1_g1_i1:1646-2635  -            330 356175at33208        -            270   7.2e-12   43.0   5.1   2   4   9.6e-06   0.00026   18.3   0.1    84   158    52   129    45   144 0.84 -
Pdum_DN77965_c1_g1_i1:1646-2635  -            330 356175at33208        -            270   7.2e-12   43.0   5.1   3   4   3.4e-05   0.00092   16.5   0.2    91   159   148   219   132   230 0.86 -
Pdum_DN77965_c1_g1_i1:1646-2635  -            330 356175at33208        -            270   7.2e-12   43.0   5.1   4   4      0.11       3.1    4.9   0.0   100   156   259   326   237   329 0.70 -
Pdum_DN79406_c0_g1_i1:209-1183   -            325 356175at33208        -            270   1.5e-11   42.0   0.6   1   4      0.32       8.8    3.4   0.0   125   157     5    38     1    43 0.86 -
Pdum_DN79406_c0_g1_i1:209-1183   -            325 356175at33208        -            270   1.5e-11   42.0   0.6   2   4    0.0077      0.21    8.7   0.0    96   129    60    93    50   116 0.88 -
Pdum_DN79406_c0_g1_i1:209-1183   -            325 356175at33208        -            270   1.5e-11   42.0   0.6   3   4   1.2e-06   3.3e-05   21.2   0.3   101   153   159   211   150   228 0.90 -
Pdum_DN79406_c0_g1_i1:209-1183   -            325 356175at33208        -            270   1.5e-11   42.0   0.6   4   4      0.39        11    3.1   0.0    94   120   291   317   284   324 0.82 -
Pdum_DN83552_c2_g1_i4:337-1659   -            441 356175at33208        -            270   2.7e-11   41.2   0.3   1   4   1.4e-07   3.8e-06   24.3   0.0    92   154    70   132    62   144 0.88 -
Pdum_DN83552_c2_g1_i4:337-1659   -            441 356175at33208        -            270   2.7e-11   41.2   0.3   2   4     0.066       1.8    5.7   0.0    96   159   116   183   112   189 0.78 -
Pdum_DN83552_c2_g1_i4:337-1659   -            441 356175at33208        -            270   2.7e-11   41.2   0.3   3   4      0.28       7.7    3.6   0.0   109   153   259   304   208   307 0.72 -
Pdum_DN83552_c2_g1_i4:337-1659   -            441 356175at33208        -            270   2.7e-11   41.2   0.3   4   4    0.0041      0.11    9.6   0.0    67   132   304   367   299   379 0.77 -
Pdum_DN83656_c0_g1_i2:2236-2991  -            252 356175at33208        -            270   4.3e-11   40.5   1.3   1   4      0.28       7.7    3.6   0.0    95   141    13    59     3    66 0.83 -
Pdum_DN83656_c0_g1_i2:2236-2991  -            252 356175at33208        -            270   4.3e-11   40.5   1.3   2   4   6.1e-07   1.7e-05   22.2   0.0    91   154    66   129    56   136 0.88 -
Pdum_DN83656_c0_g1_i2:2236-2991  -            252 356175at33208        -            270   4.3e-11   40.5   1.3   3   4     0.017      0.46    7.6   0.1    90   139   147   196   136   199 0.87 -
Pdum_DN83656_c0_g1_i2:2236-2991  -            252 356175at33208        -            270   4.3e-11   40.5   1.3   4   4     0.046       1.2    6.2   0.1    92   153   189   248   182   252 0.82 -
Pdum_DN90273_c4_g1_i2:3537-4052  -            172 356175at33208        -            270   8.7e-11   39.5   0.5   1   2   2.1e-06   5.7e-05   20.4   0.0    92   172    13    91     2   105 0.79 -
Pdum_DN90273_c4_g1_i2:3537-4052  -            172 356175at33208        -            270   8.7e-11   39.5   0.5   2   2   1.2e-05   0.00031   18.0   0.3    92   159    97   165    92   172 0.88 -
Pdum_DN89838_c3_g2_i15:954-1709  -            252 356175at33208        -            270   8.9e-11   39.5   0.5   1   4   0.00089     0.024   11.8   0.0   104   159     2    56     1    58 0.87 -
Pdum_DN89838_c3_g2_i15:954-1709  -            252 356175at33208        -            270   8.9e-11   39.5   0.5   2   4   0.00026    0.0072   13.5   0.2    94   177    32   113    28   131 0.84 -
Pdum_DN89838_c3_g2_i15:954-1709  -            252 356175at33208        -            270   8.9e-11   39.5   0.5   3   4     0.053       1.4    6.0   0.0    89   137   145   193   122   198 0.80 -
Pdum_DN89838_c3_g2_i15:954-1709  -            252 356175at33208        -            270   8.9e-11   39.5   0.5   4   4     4e-05    0.0011   16.2   0.0    58   138   158   238   153   244 0.90 -
Pdum_DN89990_c3_g2_i4:936-1778   -            281 356175at33208        -            270     1e-10   39.3   0.4   1   4     0.024      0.66    7.1   0.1   182   237    32    87    18    90 0.88 -
Pdum_DN89990_c3_g2_i4:936-1778   -            281 356175at33208        -            270     1e-10   39.3   0.4   2   4    0.0035     0.095    9.9   0.1    95   179    84   170    75   188 0.75 -
Pdum_DN89990_c3_g2_i4:936-1778   -            281 356175at33208        -            270     1e-10   39.3   0.4   3   4       2.9        80    0.3   0.0   100   130   178   210   160   227 0.69 -
Pdum_DN89990_c3_g2_i4:936-1778   -            281 356175at33208        -            270     1e-10   39.3   0.4   4   4   3.7e-06    0.0001   19.6   0.0   107   156   230   280   179   281 0.79 -
Pdum_DN57990_c0_g1_i2:33-530     -            166 356175at33208        -            270   1.9e-10   38.4   0.0   1   2     0.035      0.96    6.6   0.0   228   258     1    31     1    42 0.89 -
Pdum_DN57990_c0_g1_i2:33-530     -            166 356175at33208        -            270   1.9e-10   38.4   0.0   2   2   2.2e-09   5.9e-08   30.2   0.0    59   157    65   165    47   166 0.91 -
Pdum_DN84981_c0_g1_i4:2535-3476  -            314 356175at33208        -            270   2.4e-10   38.1   0.1   1   3   1.4e-05   0.00039   17.7   0.0    67   172    44   147    38   174 0.77 -
Pdum_DN84981_c0_g1_i4:2535-3476  -            314 356175at33208        -            270   2.4e-10   38.1   0.1   2   3      0.07       1.9    5.6   0.0    85   122   191   228   160   252 0.75 -
Pdum_DN84981_c0_g1_i4:2535-3476  -            314 356175at33208        -            270   2.4e-10   38.1   0.1   3   3    0.0013     0.035   11.3   0.0   107   150   263   306   250   311 0.89 -
Pdum_DN74464_c0_g1_i5:1442-2167  -            242 356175at33208        -            270   3.3e-10   37.6   0.4   1   3     0.016      0.45    7.7   0.0   125   165     4    45     1    54 0.85 -
Pdum_DN74464_c0_g1_i5:1442-2167  -            242 356175at33208        -            270   3.3e-10   37.6   0.4   2   3   0.00028    0.0077   13.4   0.1    83   157    50   135    42   144 0.73 -
Pdum_DN74464_c0_g1_i5:1442-2167  -            242 356175at33208        -            270   3.3e-10   37.6   0.4   3   3   0.00024    0.0066   13.7   0.1    94   158   154   227   139   235 0.80 -
Pdum_DN82173_c1_g1_i7:1104-1730  -            209 356175at33208        -            270     4e-10   37.3   0.1   1   3   6.1e-05    0.0017   15.6   0.1    95   145    57   107    46   124 0.89 -
Pdum_DN82173_c1_g1_i7:1104-1730  -            209 356175at33208        -            270     4e-10   37.3   0.1   2   3      0.69        19    2.3   0.1    99   146   104   152    94   155 0.52 -
Pdum_DN82173_c1_g1_i7:1104-1730  -            209 356175at33208        -            270     4e-10   37.3   0.1   3   3   6.3e-06   0.00017   18.9   0.0    86   153   135   203   130   209 0.82 -
Pdum_DN66325_c0_g1_i1:831-1904   -            358 356175at33208        -            270   4.4e-10   37.2   0.0   1   5       2.5        67    0.5   0.0    89   129    33    73     2    76 0.68 -
Pdum_DN66325_c0_g1_i1:831-1904   -            358 356175at33208        -            270   4.4e-10   37.2   0.0   2   5   1.2e-07   3.2e-06   24.5   0.0    85   153    72   144    45   151 0.76 -
Pdum_DN66325_c0_g1_i1:831-1904   -            358 356175at33208        -            270   4.4e-10   37.2   0.0   3   5      0.35       9.5    3.3   0.0   100   124   186   210   172   215 0.81 -
Pdum_DN66325_c0_g1_i1:831-1904   -            358 356175at33208        -            270   4.4e-10   37.2   0.0   4   5       2.5        68    0.5   0.0    99   162   244   312   236   317 0.58 -
Pdum_DN66325_c0_g1_i1:831-1904   -            358 356175at33208        -            270   4.4e-10   37.2   0.0   5   5       1.1        31    1.6   0.0    91   115   334   358   328   358 0.90 -
Pdum_DN75894_c0_g1_i3:333-1052   -            240 356175at33208        -            270   8.5e-10   36.3   0.4   1   1   9.4e-10   2.6e-08   31.4   0.3    83   267    17   190    12   193 0.80 -
Pdum_DN86294_c0_g1_i3:101-3103   -           1001 356175at33208        -            270   9.3e-10   36.1   0.0   1   2     0.018       0.5    7.5   0.0    95   119    20    44    10    52 0.87 -
Pdum_DN86294_c0_g1_i3:101-3103   -           1001 356175at33208        -            270   9.3e-10   36.1   0.0   2   2   2.5e-07   6.9e-06   23.4   0.0    96   243   143   284   128   289 0.78 -
Pdum_DN83800_c0_g2_i3:14-562     -            183 356175at33208        -            270     1e-09   36.0   0.0   1   2   2.5e-07   6.8e-06   23.4   0.0    62   160    35   133     5   148 0.86 -
Pdum_DN83800_c0_g2_i3:14-562     -            183 356175at33208        -            270     1e-09   36.0   0.0   2   2    0.0014     0.037   11.2   0.0    92   121   148   177   142   183 0.88 -
Pdum_DN87134_c2_g1_i3:1621-2460  -            280 356175at33208        -            270   1.3e-09   35.7  10.4   1   5    0.0039      0.11    9.7   0.3    91   157     3    70     1    78 0.75 -
Pdum_DN87134_c2_g1_i3:1621-2460  -            280 356175at33208        -            270   1.3e-09   35.7  10.4   2   5    0.0001    0.0028   14.9   0.4    86   157    86   156    74   161 0.88 -
Pdum_DN87134_c2_g1_i3:1621-2460  -            280 356175at33208        -            270   1.3e-09   35.7  10.4   3   5     0.006      0.16    9.1   0.1    93   151   133   188   130   198 0.79 -
Pdum_DN87134_c2_g1_i3:1621-2460  -            280 356175at33208        -            270   1.3e-09   35.7  10.4   4   5      0.26       7.1    3.7   0.0    87   126   166   205   160   215 0.79 -
Pdum_DN87134_c2_g1_i3:1621-2460  -            280 356175at33208        -            270   1.3e-09   35.7  10.4   5   5   0.00062     0.017   12.3   0.3    68   156   191   279   179   280 0.75 -
Pdum_DN90796_c3_g1_i4:1517-2605  -            363 356175at33208        -            270   1.7e-09   35.3   0.0   1   3    0.0012     0.033   11.4   0.0    54   158    16   120     6   125 0.88 -
Pdum_DN90796_c3_g1_i4:1517-2605  -            363 356175at33208        -            270   1.7e-09   35.3   0.0   2   3   0.00039     0.011   13.0   0.0    81   159   168   250   146   261 0.79 -
Pdum_DN90796_c3_g1_i4:1517-2605  -            363 356175at33208        -            270   1.7e-09   35.3   0.0   3   3     0.024      0.66    7.1   0.0    98   155   296   358   286   362 0.67 -
Pdum_DN86721_c1_g1_i1:1989-2738  -            250 356175at33208        -            270   3.6e-09   34.2   0.0   1   2    0.0094      0.26    8.4   0.0   224   267    83   131    62   134 0.82 -
Pdum_DN86721_c1_g1_i1:1989-2738  -            250 356175at33208        -            270   3.6e-09   34.2   0.0   2   2   1.9e-07   5.2e-06   23.8   0.0    94   151   191   250   173   250 0.84 -
Pdum_DN74384_c0_g2_i2:99-1367    -            423 356175at33208        -            270   3.8e-09   34.1   2.9   1   4      0.39        11    3.2   0.0    94   117   108   131    98   157 0.79 -
Pdum_DN74384_c0_g2_i2:99-1367    -            423 356175at33208        -            270   3.8e-09   34.1   2.9   2   4    0.0015     0.042   11.0   0.6   101   157   161   222   156   226 0.82 -
Pdum_DN74384_c0_g2_i2:99-1367    -            423 356175at33208        -            270   3.8e-09   34.1   2.9   3   4     0.034      0.94    6.6   0.1    91   151   266   323   248   324 0.80 -
Pdum_DN74384_c0_g2_i2:99-1367    -            423 356175at33208        -            270   3.8e-09   34.1   2.9   4   4    0.0005     0.014   12.6   0.0    53   151   311   412   299   421 0.74 -
Pdum_DN90064_c4_g2_i4:2740-4161  -            474 356175at33208        -            270   5.5e-09   33.6   3.7   1   2    0.0014     0.037   11.2   0.1    96   159   150   214   132   229 0.87 -
Pdum_DN90064_c4_g2_i4:2740-4161  -            474 356175at33208        -            270   5.5e-09   33.6   3.7   2   2   5.6e-07   1.5e-05   22.3   0.9    59   163   282   385   279   402 0.74 -
Pdum_DN92880_c2_g1_i2:4337-5176  -            280 356175at33208        -            270   8.3e-09   33.0   0.1   1   4      0.44        12    3.0   0.0   102   120    26    44    15    52 0.82 -
Pdum_DN92880_c2_g1_i2:4337-5176  -            280 356175at33208        -            270   8.3e-09   33.0   0.1   2   4         1        29    1.7   0.0    94   149    62   121    54   136 0.74 -
Pdum_DN92880_c2_g1_i2:4337-5176  -            280 356175at33208        -            270   8.3e-09   33.0   0.1   3   4   1.2e-06   3.4e-05   21.2   0.0    90   157   152   220   137   241 0.82 -
Pdum_DN92880_c2_g1_i2:4337-5176  -            280 356175at33208        -            270   8.3e-09   33.0   0.1   4   4       1.1        29    1.7   0.0    99   121   254   276   224   280 0.58 -
Pdum_DN66493_c0_g1_i1:720-1655   -            312 356175at33208        -            270   8.5e-09   33.0   0.1   1   4     0.097       2.7    5.1   0.1   119   155    10    46     6    52 0.86 -
Pdum_DN66493_c0_g1_i1:720-1655   -            312 356175at33208        -            270   8.5e-09   33.0   0.1   2   4     0.012      0.32    8.1   0.1   103   157    80   135    47   142 0.81 -
Pdum_DN66493_c0_g1_i1:720-1655   -            312 356175at33208        -            270   8.5e-09   33.0   0.1   3   4      0.38        10    3.2   0.0    59   131   161   237   158   243 0.84 -
Pdum_DN66493_c0_g1_i1:720-1655   -            312 356175at33208        -            270   8.5e-09   33.0   0.1   4   4    0.0011     0.029   11.5   0.0    94   149   244   300   231   308 0.81 -
Pdum_DN85054_c1_g3_i7:3145-3996  -            284 356175at33208        -            270   9.9e-09   32.8   0.5   1   4   1.8e-07   4.9e-06   23.9   0.0    93   157    10    81     2    97 0.82 -
Pdum_DN85054_c1_g3_i7:3145-3996  -            284 356175at33208        -            270   9.9e-09   32.8   0.5   2   4       3.2        87    0.1   0.0    89   115    97   123    79   132 0.72 -
Pdum_DN85054_c1_g3_i7:3145-3996  -            284 356175at33208        -            270   9.9e-09   32.8   0.5   3   4       3.3        89    0.1   0.0    97   158   144   205   126   226 0.64 -
Pdum_DN85054_c1_g3_i7:3145-3996  -            284 356175at33208        -            270   9.9e-09   32.8   0.5   4   4      0.28       7.7    3.6   0.0    99   140   232   273   227   284 0.87 -
Pdum_DN76013_c0_g1_i3:463-1068   -            202 356175at33208        -            270   1.1e-08   32.7   0.9   1   3      0.41        11    3.1   0.0   108   143    24    62     4    65 0.74 -
Pdum_DN76013_c0_g1_i3:463-1068   -            202 356175at33208        -            270   1.1e-08   32.7   0.9   2   3   1.1e-07     3e-06   24.6   0.2    81   157    42   122    21   132 0.76 -
Pdum_DN76013_c0_g1_i3:463-1068   -            202 356175at33208        -            270   1.1e-08   32.7   0.9   3   3     0.074         2    5.5   0.0   128   163   148   185   139   189 0.80 -
Pdum_DN73439_c0_g1_i2:1041-1721  -            227 356175at33208        -            270   1.8e-08   31.9   0.0   1   1   1.2e-09   3.3e-08   31.0   0.0    60   157    24   122     6   133 0.80 -
Pdum_DN75190_c1_g2_i8:2335-2706  -            124 356175at33208        -            270   1.9e-08   31.8   0.4   1   2     0.013      0.35    8.0   0.0    88   133     9    54     4    55 0.89 -
Pdum_DN75190_c1_g2_i8:2335-2706  -            124 356175at33208        -            270   1.9e-08   31.8   0.4   2   2     3e-07   8.3e-06   23.2   0.3    93   159    54   119    51   122 0.87 -
Pdum_DN90517_c4_g2_i3:211-1731   -            507 356175at33208        -            270   1.9e-08   31.8   0.0   1   3      0.43        12    3.0   0.0    98   153    40    99    37   108 0.67 -
Pdum_DN90517_c4_g2_i3:211-1731   -            507 356175at33208        -            270   1.9e-08   31.8   0.0   2   3   0.00018    0.0049   14.1   0.0   109   153   280   324   259   332 0.88 -
Pdum_DN90517_c4_g2_i3:211-1731   -            507 356175at33208        -            270   1.9e-08   31.8   0.0   3   3    0.0022     0.059   10.5   0.1   128   240   354   475   346   505 0.77 -
Pdum_DN76096_c0_g1_i2:374-1027   -            218 356175at33208        -            270   2.1e-08   31.7   0.2   1   3    0.0067      0.18    8.9   0.0    90   120    24    54    13    66 0.86 -
Pdum_DN76096_c0_g1_i2:374-1027   -            218 356175at33208        -            270   2.1e-08   31.7   0.2   2   3     0.018       0.5    7.5   0.0   226   265    72   111    65   116 0.89 -
Pdum_DN76096_c0_g1_i2:374-1027   -            218 356175at33208        -            270   2.1e-08   31.7   0.2   3   3   0.00094     0.026   11.7   0.1   122   163   164   206   113   215 0.71 -
Pdum_DN75461_c3_g1_i3:3415-4074  -            220 356175at33208        -            270   2.7e-08   31.3   0.0   1   3   1.3e-05   0.00036   17.8   0.0    56   123    25    90    21   131 0.79 -
Pdum_DN75461_c3_g1_i3:3415-4074  -            220 356175at33208        -            270   2.7e-08   31.3   0.0   2   3       5.6   1.5e+02   -0.7   0.0    99   125   110   136    96   143 0.58 -
Pdum_DN75461_c3_g1_i3:3415-4074  -            220 356175at33208        -            270   2.7e-08   31.3   0.0   3   3     0.003     0.082   10.1   0.0    59   115   164   220   158   220 0.96 -
Pdum_DN72823_c0_g2_i2:1154-1981  -            276 356175at33208        -            270   3.2e-08   31.1   0.0   1   3    0.0019     0.053   10.7   0.0   100   157    47   104     5   110 0.71 -
Pdum_DN72823_c0_g2_i2:1154-1981  -            276 356175at33208        -            270   3.2e-08   31.1   0.0   2   3    0.0047      0.13    9.4   0.0    87   116    75   104    53   159 0.69 -
Pdum_DN72823_c0_g2_i2:1154-1981  -            276 356175at33208        -            270   3.2e-08   31.1   0.0   3   3   1.7e-05   0.00045   17.5   0.0    92   145   218   271   193   276 0.88 -
Pdum_DN84033_c1_g3_i1:1082-1726  -            215 356175at33208        -            270   3.3e-08   31.0   1.0   1   2   1.9e-06   5.1e-05   20.6   0.3    85   161     7   100     1   108 0.77 -
Pdum_DN84033_c1_g3_i1:1082-1726  -            215 356175at33208        -            270   3.3e-08   31.0   1.0   2   2    0.0016     0.043   11.0   0.1   104   167    84   149    83   165 0.87 -
Pdum_DN82224_c0_g1_i1:2783-3526  -            248 356175at33208        -            270   3.7e-08   30.9   1.2   1   4    0.0081      0.22    8.7   0.0   126   158     3    36     1    52 0.82 -
Pdum_DN82224_c0_g1_i1:2783-3526  -            248 356175at33208        -            270   3.7e-08   30.9   1.2   2   4      0.29       7.9    3.6   0.0    97   119    57    79    47    86 0.75 -
Pdum_DN82224_c0_g1_i1:2783-3526  -            248 356175at33208        -            270   3.7e-08   30.9   1.2   3   4   7.9e-05    0.0021   15.3   0.1    77   125   106   155   100   207 0.83 -
Pdum_DN82224_c0_g1_i1:2783-3526  -            248 356175at33208        -            270   3.7e-08   30.9   1.2   4   4         8   2.2e+02   -1.2   0.0    60   115   189   246   182   248 0.51 -
Pdum_DN88423_c1_g1_i2:993-1421   -            143 356175at33208        -            270   3.7e-08   30.9   1.3   1   2   9.7e-06   0.00026   18.2   0.4    90   158    12    77     5    92 0.84 -
Pdum_DN88423_c1_g1_i2:993-1421   -            143 356175at33208        -            270   3.7e-08   30.9   1.3   2   2   0.00091     0.025   11.8   0.0    93   119    95   121    82   128 0.87 -
Pdum_DN82853_c0_g1_i2:2495-3019  -            175 356175at33208        -            270   6.3e-08   30.1   0.0   1   1   5.5e-09   1.5e-07   28.9   0.0   188   266     6    85     1    89 0.91 -
Pdum_DN89224_c5_g2_i10:3220-3918 -            233 356175at33208        -            270   7.6e-08   29.9   1.9   1   2   0.00037      0.01   13.1   0.4   112   164    70   124    44   137 0.78 -
Pdum_DN89224_c5_g2_i10:3220-3918 -            233 356175at33208        -            270   7.6e-08   29.9   1.9   2   2   2.6e-05   0.00072   16.8   0.1    93   157   136   203   127   213 0.80 -
Pdum_DN92785_c3_g1_i2:3114-4076  -            321 356175at33208        -            270   8.7e-08   29.7   2.5   1   1   3.7e-09     1e-07   29.4   0.2    91   158   250   318   232   320 0.92 -
Pdum_DN83917_c0_g1_i10:2-1282    -            427 356175at33208        -            270     1e-07   29.4   1.4   1   3      0.08       2.2    5.4   0.0    85   119   152   186   135   219 0.76 -
Pdum_DN83917_c0_g1_i10:2-1282    -            427 356175at33208        -            270     1e-07   29.4   1.4   2   3    0.0016     0.044   11.0   0.0    74   124   272   322   260   328 0.87 -
Pdum_DN83917_c0_g1_i10:2-1282    -            427 356175at33208        -            270     1e-07   29.4   1.4   3   3    0.0023     0.064   10.4   0.2   192   214   334   356   323   417 0.79 -
Pdum_DN89812_c3_g1_i3:2-727      -            242 356175at33208        -            270   1.1e-07   29.3   0.1   1   2   8.9e-08   2.4e-06   24.9   0.1    91   154    55   119    33   132 0.81 -
Pdum_DN89812_c3_g1_i3:2-727      -            242 356175at33208        -            270   1.1e-07   29.3   0.1   2   2      0.58        16    2.6   0.0    91   135   188   232   151   241 0.79 -
Pdum_DN84536_c0_g1_i1:2255-2878  -            208 356175at33208        -            270   1.3e-07   29.1   0.0   1   2    0.0054      0.15    9.2   0.0    86   140    46    99    39   115 0.71 -
Pdum_DN84536_c0_g1_i1:2255-2878  -            208 356175at33208        -            270   1.3e-07   29.1   0.0   2   2   1.2e-05   0.00034   17.9   0.0    87   154   129   196   105   202 0.89 -
Pdum_DN92828_c4_g1_i1:1100-1621  -            174 356175at33208        -            270   1.4e-07   29.0   0.5   1   2     9e-05    0.0024   15.1   0.4    95   153    12    71     5   129 0.88 -
Pdum_DN92828_c4_g1_i1:1100-1621  -            174 356175at33208        -            270   1.4e-07   29.0   0.5   2   2   0.00081     0.022   11.9   0.0    59   119   110   171   106   174 0.78 -
Pdum_DN89089_c3_g1_i2:1021-1773  -            251 356175at33208        -            270   1.4e-07   28.9   0.0   1   2     0.098       2.7    5.1   0.0    96   143    10    62     2    82 0.79 -
Pdum_DN89089_c3_g1_i2:1021-1773  -            251 356175at33208        -            270   1.4e-07   28.9   0.0   2   2   4.9e-07   1.4e-05   22.5   0.0    16   156    64   207    57   216 0.82 -
Pdum_DN86637_c0_g1_i2:178-705    -            176 356175at33208        -            270   2.9e-07   27.9   1.0   1   2     0.078       2.1    5.4   0.1    99   139    10    54     2    58 0.72 -
Pdum_DN86637_c0_g1_i2:178-705    -            176 356175at33208        -            270   2.9e-07   27.9   1.0   2   2   1.4e-07   3.9e-06   24.2   0.3    86   157    43   119    36   125 0.82 -
Pdum_DN92484_c1_g1_i1:806-1540   -            245 356175at33208        -            270   3.1e-07   27.9   0.3   1   3    0.0028     0.076   10.2   0.0    81   123    33    75    23    88 0.82 -
Pdum_DN92484_c1_g1_i1:806-1540   -            245 356175at33208        -            270   3.1e-07   27.9   0.3   2   3      0.28       7.8    3.6   0.0    97   143   101   148    79   159 0.75 -
Pdum_DN92484_c1_g1_i1:806-1540   -            245 356175at33208        -            270   3.1e-07   27.9   0.3   3   3    0.0034     0.092    9.9   0.1    95   156   174   243   161   245 0.64 -
Pdum_DN84002_c0_g1_i8:796-1551   -            252 356175at33208        -            270   3.3e-07   27.7   0.1   1   3      0.13       3.5    4.7   0.0   100   140     8    55     4    60 0.64 -
Pdum_DN84002_c0_g1_i8:796-1551   -            252 356175at33208        -            270   3.3e-07   27.7   0.1   2   3   2.3e-06   6.4e-05   20.3   0.1    94   153    51   111    40   119 0.88 -
Pdum_DN84002_c0_g1_i8:796-1551   -            252 356175at33208        -            270   3.3e-07   27.7   0.1   3   3       4.3   1.2e+02   -0.3   0.0    35   117   162   210   136   225 0.47 -
Pdum_DN82629_c0_g1_i4:473-2515   -            681 356175at33208        -            270   3.8e-07   27.5   0.1   1   2     0.066       1.8    5.7   0.0    88   125   207   244   193   296 0.75 -
Pdum_DN82629_c0_g1_i4:473-2515   -            681 356175at33208        -            270   3.8e-07   27.5   0.1   2   2   6.3e-06   0.00017   18.8   0.1    59   159   324   435   317   445 0.71 -
Pdum_DN75371_c0_g2_i4:68-763     -            232 356175at33208        -            270     4e-07   27.5   0.3   1   3    0.0057      0.15    9.2   0.0   102   153     2    53     1    60 0.88 -
Pdum_DN75371_c0_g2_i4:68-763     -            232 356175at33208        -            270     4e-07   27.5   0.3   2   3    0.0016     0.044   10.9   0.0    72   157   103   189    85   198 0.79 -
Pdum_DN75371_c0_g2_i4:68-763     -            232 356175at33208        -            270     4e-07   27.5   0.3   3   3      0.17       4.7    4.3   0.0    93   115   210   232   190   232 0.84 -
Pdum_DN90581_c4_g3_i1:18-467     -            150 356175at33208        -            270   4.8e-07   27.2   0.1   1   2     0.012      0.33    8.1   0.0   100   153     7    59     1    67 0.88 -
Pdum_DN90581_c4_g3_i1:18-467     -            150 356175at33208        -            270   4.8e-07   27.2   0.1   2   2     3e-07   8.3e-06   23.2   0.0    58   153    50   147    48   150 0.87 -
Pdum_DN70491_c0_g1_i1:1-1254     -            418 356175at33208        -            270   5.5e-07   27.0   0.1   1   2   2.1e-06   5.6e-05   20.4   0.0   101   159   160   220   117   227 0.85 -
Pdum_DN70491_c0_g1_i1:1-1254     -            418 356175at33208        -            270   5.5e-07   27.0   0.1   2   2     0.088       2.4    5.3   0.1   127   165   232   271   214   279 0.67 -
Pdum_DN63408_c0_g1_i3:4-960      -            319 356175at33208        -            270   5.6e-07   27.0   0.3   1   4      0.05       1.4    6.1   0.0   112   145     2    35     1    37 0.91 -
Pdum_DN63408_c0_g1_i3:4-960      -            319 356175at33208        -            270   5.6e-07   27.0   0.3   2   4   1.5e-06   4.1e-05   20.9   0.1    89   157    21    88    11   127 0.89 -
Pdum_DN63408_c0_g1_i3:4-960      -            319 356175at33208        -            270   5.6e-07   27.0   0.3   3   4      0.92        25    1.9   0.0    97   140   115   158    76   183 0.69 -
Pdum_DN63408_c0_g1_i3:4-960      -            319 356175at33208        -            270   5.6e-07   27.0   0.3   4   4       6.5   1.8e+02   -0.9   0.0    98   128   175   205   165   215 0.77 -
Pdum_DN69263_c0_g1_i1:405-1196   -            264 356175at33208        -            270   7.9e-07   26.5   4.4   1   2      0.01      0.27    8.4   0.1   103   247     4   144     1   155 0.58 -
Pdum_DN69263_c0_g1_i1:405-1196   -            264 356175at33208        -            270   7.9e-07   26.5   4.4   2   2    0.0002    0.0055   13.9   1.4    98   196   152   253   147   263 0.68 -
Pdum_DN86525_c0_g1_i1:704-1231   -            176 356175at33208        -            270     1e-06   26.1   0.0   1   3     0.066       1.8    5.7   0.0   102   143    39    80     2    83 0.83 -
Pdum_DN86525_c0_g1_i1:704-1231   -            176 356175at33208        -            270     1e-06   26.1   0.0   2   3   6.4e-06   0.00017   18.8   0.0    99   157    79   140    73   145 0.83 -
Pdum_DN86525_c0_g1_i1:704-1231   -            176 356175at33208        -            270     1e-06   26.1   0.0   3   3      0.58        16    2.6   0.0   100   132   124   156   122   167 0.83 -
Pdum_DN78867_c0_g1_i4:315-983    -            223 356175at33208        -            270   1.2e-06   25.9   0.0   1   2      0.05       1.4    6.1   0.0    77   130    45    98    26   102 0.71 -
Pdum_DN78867_c0_g1_i4:315-983    -            223 356175at33208        -            270   1.2e-06   25.9   0.0   2   2   1.2e-05   0.00033   17.9   0.0    93   153   103   163    99   168 0.95 -
Pdum_DN80990_c0_g1_i2:150-1607   -            486 356175at33208        -            270   1.2e-06   25.9   0.6   1   3    0.0028     0.076   10.2   0.0    97   152   260   316   220   324 0.75 -
Pdum_DN80990_c0_g1_i2:150-1607   -            486 356175at33208        -            270   1.2e-06   25.9   0.6   2   3   0.00022     0.006   13.8   0.1    65   157   315   407   307   421 0.76 -
Pdum_DN80990_c0_g1_i2:150-1607   -            486 356175at33208        -            270   1.2e-06   25.9   0.6   3   3       4.1   1.1e+02   -0.2   0.0   109   150   400   443   398   473 0.66 -
Pdum_DN92615_c3_g1_i3:1432-2112  -            227 356175at33208        -            270   1.3e-06   25.8   0.1   1   2    0.0079      0.21    8.7   0.0   122   184     5    72     2    88 0.80 -
Pdum_DN92615_c3_g1_i3:1432-2112  -            227 356175at33208        -            270   1.3e-06   25.8   0.1   2   2   0.00012    0.0034   14.6   0.0    58   157   118   218   107   224 0.83 -
Pdum_DN78785_c0_g1_i2:534-2834   -            767 356175at33208        -            270   1.6e-06   25.5   1.3   1   4       2.3        62    0.6   0.0    93   121    52    80    42    84 0.81 -
Pdum_DN78785_c0_g1_i2:534-2834   -            767 356175at33208        -            270   1.6e-06   25.5   1.3   2   4   4.5e-06   0.00012   19.3   0.3    76   144    81   149    60   167 0.78 -
Pdum_DN78785_c0_g1_i2:534-2834   -            767 356175at33208        -            270   1.6e-06   25.5   1.3   3   4    0.0021     0.057   10.6   0.1    78   157   123   208   118   214 0.78 -
Pdum_DN78785_c0_g1_i2:534-2834   -            767 356175at33208        -            270   1.6e-06   25.5   1.3   4   4      0.19       5.1    4.2   0.0   109   157   157   208   148   271 0.67 -
Pdum_DN65740_c0_g1_i1:159-803    -            215 356175at33208        -            270     2e-06   25.2   0.3   1   3    0.0028     0.078   10.1   0.1    96   157     6    69     2    74 0.84 -
Pdum_DN65740_c0_g1_i1:159-803    -            215 356175at33208        -            270     2e-06   25.2   0.3   2   3     0.025      0.68    7.0   0.0    87   119    98   130    83   144 0.77 -
Pdum_DN65740_c0_g1_i1:159-803    -            215 356175at33208        -            270     2e-06   25.2   0.3   3   3      0.15       4.2    4.5   0.0   100   154   158   212   132   215 0.69 -
Pdum_DN84582_c3_g1_i1:332-1036   -            235 356175at33208        -            270   2.5e-06   24.9   0.1   1   3     0.077       2.1    5.4   0.0    91   129    25    64     8    68 0.76 -
Pdum_DN84582_c3_g1_i1:332-1036   -            235 356175at33208        -            270   2.5e-06   24.9   0.1   2   3   2.6e-05    0.0007   16.9   0.0    65   167    44   146    37   155 0.71 -
Pdum_DN84582_c3_g1_i1:332-1036   -            235 356175at33208        -            270   2.5e-06   24.9   0.1   3   3       1.2        33    1.5   0.0   196   215   158   177   153   185 0.88 -
Pdum_DN91578_c1_g1_i1:293-997    -            235 356175at33208        -            270   2.5e-06   24.9   0.7   1   3       4.4   1.2e+02   -0.3   0.0    98   116     2    20     1    58 0.80 -
Pdum_DN91578_c1_g1_i1:293-997    -            235 356175at33208        -            270   2.5e-06   24.9   0.7   2   3     0.034      0.92    6.6   0.0    89   141   116   169   105   175 0.83 -
Pdum_DN91578_c1_g1_i1:293-997    -            235 356175at33208        -            270   2.5e-06   24.9   0.7   3   3   5.5e-05    0.0015   15.8   0.1   103   158   174   228   166   233 0.84 -
Pdum_DN90581_c4_g2_i3:17-301     -             95 356175at33208        -            270   3.1e-06   24.6   0.0   1   1   1.3e-07   3.5e-06   24.4   0.0    84   157    14    90     6    95 0.86 -
Pdum_DN67795_c0_g1_i2:1517-2137  -            207 356175at33208        -            270   4.5e-06   24.1   0.1   1   3   2.6e-05   0.00072   16.8   0.0    91   157     6    73     1    78 0.89 -
Pdum_DN67795_c0_g1_i2:1517-2137  -            207 356175at33208        -            270   4.5e-06   24.1   0.1   2   3      0.17       4.6    4.3   0.0    83   126    82   125    75   137 0.88 -
Pdum_DN67795_c0_g1_i2:1517-2137  -            207 356175at33208        -            270   4.5e-06   24.1   0.1   3   3       7.5     2e+02   -1.1   0.0   110   133   154   177   126   207 0.61 -
Pdum_DN84002_c0_g1_i8:2338-3012  -            225 356175at33208        -            270   4.5e-06   24.0   0.3   1   3      0.33         9    3.4   0.0   221   239     4    22     1    26 0.81 -
Pdum_DN84002_c0_g1_i8:2338-3012  -            225 356175at33208        -            270   4.5e-06   24.0   0.3   2   3    0.0016     0.042   11.0   0.0   101   150    26    82    23    86 0.72 -
Pdum_DN84002_c0_g1_i8:2338-3012  -            225 356175at33208        -            270   4.5e-06   24.0   0.3   3   3    0.0051      0.14    9.3   0.1    95   152    69   126    53   153 0.80 -
Pdum_DN75082_c2_g3_i2:17-943     -            309 356175at33208        -            270   5.5e-06   23.8   3.0   1   3    0.0025      0.07   10.3   0.4    82   158    12    92     5    94 0.76 -
Pdum_DN75082_c2_g3_i2:17-943     -            309 356175at33208        -            270   5.5e-06   23.8   3.0   2   3     0.042       1.2    6.3   0.0   100   123   129   152   106   162 0.73 -
Pdum_DN75082_c2_g3_i2:17-943     -            309 356175at33208        -            270   5.5e-06   23.8   3.0   3   3     0.071       1.9    5.6   0.0    96   116   289   309   269   309 0.79 -
Pdum_DN89974_c1_g1_i2:3302-3844  -            181 356175at33208        -            270   8.9e-06   23.1   0.4   1   1   7.2e-07     2e-05   21.9   0.1   103   157     1    55     1    89 0.88 -
Pdum_DN78364_c0_g1_i1:226-1314   -            363 356175at33208        -            270   1.1e-05   22.7   0.0   1   2      0.16       4.5    4.4   0.0   112   147     2    37     1    45 0.89 -
Pdum_DN78364_c0_g1_i1:226-1314   -            363 356175at33208        -            270   1.1e-05   22.7   0.0   2   2   2.1e-05   0.00057   17.2   0.0    60   153    37   127    35   141 0.79 -
Pdum_DN83005_c1_g1_i1:16-1335    -            440 356175at33208        -            270   1.2e-05   22.7   1.1   1   2      0.57        16    2.6   0.0    96   125    10    39     4    48 0.80 -
Pdum_DN83005_c1_g1_i1:16-1335    -            440 356175at33208        -            270   1.2e-05   22.7   1.1   2   2     3e-05   0.00083   16.6   0.6    70   175    96   200    83   213 0.78 -
Pdum_DN90079_c2_g2_i8:1469-1858  -            130 356175at33208        -            270   1.7e-05   22.2   0.0   1   2     0.024      0.64    7.1   0.0    85   133    26    74     4    77 0.75 -
Pdum_DN90079_c2_g2_i8:1469-1858  -            130 356175at33208        -            270   1.7e-05   22.2   0.0   2   2   0.00029     0.008   13.4   0.0    94   141    79   126    75   130 0.93 -
Pdum_DN92312_c5_g1_i1:3890-4381  -            164 356175at33208        -            270   1.8e-05   22.0   0.1   1   2   0.00042     0.011   12.9   0.0    99   140    26    67    22    84 0.90 -
Pdum_DN92312_c5_g1_i1:3890-4381  -            164 356175at33208        -            270   1.8e-05   22.0   0.1   2   2     0.016      0.43    7.7   0.0    64   121    83   138    68   164 0.70 -
Pdum_DN90616_c3_g1_i1:602-1432   -            277 356175at33208        -            270   1.9e-05   22.0   0.1   1   3   0.00086     0.024   11.8   0.0   100   141     3    44     1    52 0.90 -
Pdum_DN90616_c3_g1_i1:602-1432   -            277 356175at33208        -            270   1.9e-05   22.0   0.1   2   3      0.34       9.3    3.3   0.0    90   127    50    87    42   117 0.61 -
Pdum_DN90616_c3_g1_i1:602-1432   -            277 356175at33208        -            270   1.9e-05   22.0   0.1   3   3       0.8        22    2.1   0.0    94   122   135   163   129   171 0.80 -
Pdum_DN84963_c1_g1_i6:1317-3311  -            665 356175at33208        -            270   2.3e-05   21.7   0.1   1   1   2.6e-06   7.1e-05   20.1   0.0    62   172    58   169    35   195 0.81 -
Pdum_DN87402_c0_g1_i1:93-1976    -            628 356175at33208        -            270   2.3e-05   21.7   0.1   1   3    0.0085      0.23    8.6   0.0    89   124   294   329   285   362 0.79 -
Pdum_DN87402_c0_g1_i1:93-1976    -            628 356175at33208        -            270   2.3e-05   21.7   0.1   2   3     0.013      0.37    7.9   0.0    63   157   438   529   430   537 0.81 -
Pdum_DN87402_c0_g1_i1:93-1976    -            628 356175at33208        -            270   2.3e-05   21.7   0.1   3   3     0.062       1.7    5.8   0.0    89   155   503   570   484   577 0.81 -
Pdum_DN74254_c0_g1_i10:1266-1853 -            196 356175at33208        -            270   2.9e-05   21.4   0.0   1   1   1.4e-06   3.9e-05   21.0   0.0    88   169     4    88     1   100 0.84 -
Pdum_DN82465_c0_g2_i1:488-1204   -            239 356175at33208        -            270   2.9e-05   21.4   0.0   1   3       8.7   2.4e+02   -1.3   0.0   103   132     2    31     1    79 0.62 -
Pdum_DN82465_c0_g2_i1:488-1204   -            239 356175at33208        -            270   2.9e-05   21.4   0.0   2   3    0.0014     0.039   11.1   0.0    53   125    76   154    56   162 0.72 -
Pdum_DN82465_c0_g2_i1:488-1204   -            239 356175at33208        -            270   2.9e-05   21.4   0.0   3   3     0.017      0.45    7.6   0.0    86   116   206   238   181   239 0.74 -
Pdum_DN38861_c0_g1_i1:595-1392   -            266 356175at33208        -            270   2.9e-05   21.4   0.0   1   3    0.0082      0.23    8.6   0.0   183   252    81   149     2   161 0.74 -
Pdum_DN38861_c0_g1_i1:595-1392   -            266 356175at33208        -            270   2.9e-05   21.4   0.0   2   3    0.0049      0.13    9.4   0.0    89   154    86   152    54   212 0.58 -
Pdum_DN38861_c0_g1_i1:595-1392   -            266 356175at33208        -            270   2.9e-05   21.4   0.0   3   3     0.006      0.16    9.1   0.0    89   157   186   257   148   264 0.81 -
Pdum_DN70029_c0_g1_i5:236-670    -            145 356175at33208        -            270   4.2e-05   20.8   0.0   1   2    0.0013     0.036   11.2   0.0   219   255    11    46     1    56 0.55 -
Pdum_DN70029_c0_g1_i5:236-670    -            145 356175at33208        -            270   4.2e-05   20.8   0.0   2   2     0.021      0.56    7.3   0.0    92   152    74   141    51   144 0.77 -
Pdum_DN91069_c3_g1_i7:2506-3243  -            246 356175at33208        -            270   5.7e-05   20.4   0.0   1   2      0.34       9.4    3.3   0.1   101   122    50    71    34   128 0.61 -
Pdum_DN91069_c3_g1_i7:2506-3243  -            246 356175at33208        -            270   5.7e-05   20.4   0.0   2   2   0.00019    0.0052   14.0   0.0    89   146   178   235   144   245 0.88 -
Pdum_DN80615_c0_g2_i1:231-1205   -            325 356175at33208        -            270   9.1e-05   19.8   0.2   1   2       1.5        40    1.2   0.0   124   153    50    77     4    96 0.51 -
Pdum_DN80615_c0_g2_i1:231-1205   -            325 356175at33208        -            270   9.1e-05   19.8   0.2   2   2   7.4e-05     0.002   15.4   0.0    85   159   108   183    98   187 0.87 -
Pdum_DN92600_c5_g2_i1:144-365    -             74 356175at33208        -            270   0.00011   19.5   0.0   1   1   4.2e-06   0.00012   19.4   0.0    93   157     8    73     2    74 0.93 -
Pdum_DN70256_c0_g1_i2:778-1377   -            200 356175at33208        -            270   0.00015   19.0   0.2   1   3      0.19       5.3    4.1   0.1    96   156     5    64     2    75 0.70 -
Pdum_DN70256_c0_g1_i2:778-1377   -            200 356175at33208        -            270   0.00015   19.0   0.2   2   3         5   1.4e+02   -0.5   0.0    96   141    85   130    65   147 0.72 -
Pdum_DN70256_c0_g1_i2:778-1377   -            200 356175at33208        -            270   0.00015   19.0   0.2   3   3   0.00078     0.021   12.0   0.0    82   124   155   197   130   200 0.85 -
Pdum_DN71445_c0_g2_i2:766-1509   -            248 356175at33208        -            270   0.00019   18.7   1.6   1   3   0.00052     0.014   12.6   0.3   103   157     1    58     1    67 0.85 -
Pdum_DN71445_c0_g2_i2:766-1509   -            248 356175at33208        -            270   0.00019   18.7   1.6   2   3      0.13       3.5    4.7   0.1    63   124    49   109    48   116 0.69 -
Pdum_DN71445_c0_g2_i2:766-1509   -            248 356175at33208        -            270   0.00019   18.7   1.6   3   3       1.2        33    1.5   0.0    92   116   220   244   198   247 0.74 -
Pdum_DN71959_c0_g1_i4:1320-1871  -            184 356175at33208        -            270   0.00029   18.1   0.0   1   2   0.00041     0.011   12.9   0.0   183   222     3    42     1    49 0.90 -
Pdum_DN71959_c0_g1_i4:1320-1871  -            184 356175at33208        -            270   0.00029   18.1   0.0   2   2      0.36       9.8    3.3   0.0    95   155    58   128    46   138 0.68 -
Pdum_DN87538_c0_g1_i11:59-631    -            191 356175at33208        -            270   0.00034   17.9   0.0   1   1   4.4e-05    0.0012   16.1   0.0   187   259     6    79     1    89 0.53 -
Pdum_DN89782_c4_g2_i2:556-4518   -           1321 356175at33208        -            270   0.00036   17.8   0.1   1   2     0.034      0.92    6.6   0.0   186   234    94   142    79   166 0.87 -
Pdum_DN89782_c4_g2_i2:556-4518   -           1321 356175at33208        -            270   0.00036   17.8   0.1   2   2     0.015      0.42    7.7   0.0   171   216   301   345   252   368 0.83 -
Pdum_DN92435_c3_g1_i6:249-854    -            202 356175at33208        -            270   0.00045   17.5   1.3   1   2   7.7e-05    0.0021   15.3   0.8    82   157     4    81     2    99 0.85 -
Pdum_DN92435_c3_g1_i6:249-854    -            202 356175at33208        -            270   0.00045   17.5   1.3   2   2       2.8        76    0.3   0.0    98   126   148   176   136   196 0.73 -
Pdum_DN90517_c4_g1_i5:2-985      -            328 356175at33208        -            270    0.0005   17.3   0.0   1   3    0.0088      0.24    8.5   0.0   100   137    71   111    52   124 0.73 -
Pdum_DN90517_c4_g1_i5:2-985      -            328 356175at33208        -            270    0.0005   17.3   0.0   2   3         1        28    1.8   0.0   100   121   127   148   121   155 0.81 -
Pdum_DN90517_c4_g1_i5:2-985      -            328 356175at33208        -            270    0.0005   17.3   0.0   3   3      0.51        14    2.7   0.0    89   117   210   241   175   268 0.58 -
Pdum_DN91159_c2_g2_i3:4324-5103  -            260 356175at33208        -            270   0.00051   17.3   0.2   1   2    0.0069      0.19    8.9   0.0    84   136    34    90     6   128 0.67 -
Pdum_DN91159_c2_g2_i3:4324-5103  -            260 356175at33208        -            270   0.00051   17.3   0.2   2   2     0.052       1.4    6.0   0.1    96   123   138   165   116   210 0.69 -
Pdum_DN88739_c2_g1_i2:407-1549   -            381 356175at33208        -            270   0.00053   17.3   0.2   1   1   4.6e-05    0.0012   16.0   0.1    60   159   147   255   142   284 0.69 -
Pdum_DN91312_c3_g1_i1:2567-3481  -            305 356175at33208        -            270   0.00056   17.2   0.0   1   2     0.037         1    6.5   0.0    92   158     4    76     1    92 0.72 -
Pdum_DN91312_c3_g1_i1:2567-3481  -            305 356175at33208        -            270   0.00056   17.2   0.0   2   2     0.052       1.4    6.0   0.0    97   149   237   297   222   305 0.62 -
Pdum_DN69316_c0_g1_i1:312-956    -            215 356175at33208        -            270   0.00066   16.9   0.2   1   2    0.0049      0.14    9.4   0.0    94   130     6    42     2    57 0.90 -
Pdum_DN69316_c0_g1_i1:312-956    -            215 356175at33208        -            270   0.00066   16.9   0.2   2   2     0.072         2    5.6   0.0    97   154    61   118    44   127 0.81 -
Pdum_DN88741_c1_g1_i6:2841-3650  -            270 356175at33208        -            270   0.00076   16.7   0.2   1   2     0.015      0.42    7.7   0.1    99   137    16    53     5   183 0.43 -
Pdum_DN88741_c1_g1_i6:2841-3650  -            270 356175at33208        -            270   0.00076   16.7   0.2   2   2       1.5        40    1.2   0.0    91   119   240   268   187   270 0.61 -
Pdum_DN71483_c1_g1_i1:599-1228   -            210 356175at33208        -            270   0.00088   16.5   0.1   1   2    0.0012     0.033   11.4   0.0    99   159    82   151    72   154 0.78 -
Pdum_DN71483_c1_g1_i1:599-1228   -            210 356175at33208        -            270   0.00088   16.5   0.1   2   2    0.0037       0.1    9.8   0.1    99   153   132   186   115   196 0.86 -
Pdum_DN87384_c0_g1_i3:1267-1899  -            211 356175at33208        -            270    0.0013   15.9   0.0   1   1   0.00016    0.0045   14.2   0.0    94   156   148   211   123   211 0.88 -
Pdum_DN92312_c4_g1_i6:372-914    -            181 356175at33208        -            270    0.0022   15.2   0.1   1   2   0.00038      0.01   13.0   0.1    95   159    14    85     6   109 0.73 -
Pdum_DN92312_c4_g1_i6:372-914    -            181 356175at33208        -            270    0.0022   15.2   0.1   2   2       4.2   1.2e+02   -0.3   0.0    89   117   149   177   138   180 0.74 -
Pdum_DN80657_c0_g1_i8:864-1619   -            252 356175at33208        -            270    0.0051   14.0   0.4   1   2    0.0024     0.065   10.4   0.1    91   157    34   103    14   120 0.84 -
Pdum_DN80657_c0_g1_i8:864-1619   -            252 356175at33208        -            270    0.0051   14.0   0.4   2   2       1.3        35    1.4   0.0    92   121   208   237   177   249 0.72 -
Pdum_DN61369_c0_g1_i1:1242-1787  -            182 356175at33208        -            270    0.0052   14.0   0.0   1   2      0.23       6.4    3.9   0.0    70   116     6    52     2    74 0.74 -
Pdum_DN61369_c0_g1_i1:1242-1787  -            182 356175at33208        -            270    0.0052   14.0   0.0   2   2     0.037         1    6.5   0.0    91   142   123   174    90   180 0.80 -
Pdum_DN74905_c1_g1_i2:2-1102     -            367 356175at33208        -            270     0.007   13.6   0.0   1   1    0.0019     0.051   10.8   0.0   100   158   117   177   112   184 0.77 -
Pdum_DN55647_c0_g1_i2:33-551     -            173 356175at33208        -            270    0.0075   13.5   0.0   1   3      0.24       6.6    3.8   0.0   126   159     1    35     1    49 0.77 -
Pdum_DN55647_c0_g1_i2:33-551     -            173 356175at33208        -            270    0.0075   13.5   0.0   2   3     0.035      0.95    6.6   0.0    99   130    66    97    51   101 0.78 -
Pdum_DN55647_c0_g1_i2:33-551     -            173 356175at33208        -            270    0.0075   13.5   0.0   3   3       8.6   2.4e+02   -1.3   0.0    94   117   130   153   103   163 0.64 -
Pdum_DN80818_c0_g1_i5:105-512    -            136 356175at33208        -            270    0.0097   13.1   0.0   1   1   0.00041     0.011   12.9   0.0    56   120     6    73     1   103 0.77 -
Pdum_DN89096_c2_g3_i4:2-1384     -            461 356175at33208        -            270     0.011   12.9   0.1   1   2    0.0053      0.15    9.2   0.0    88   120   106   138    79   163 0.81 -
Pdum_DN89096_c2_g3_i4:2-1384     -            461 356175at33208        -            270     0.011   12.9   0.1   2   2       1.9        53    0.8   0.0    94   131   194   230   145   250 0.59 -
Pdum_DN76178_c0_g1_i1:3394-3981  -            196 356175at33208        -            270     0.015   12.4   0.3   1   3      0.13       3.5    4.7   0.0    99   121    15    37    11    47 0.87 -
Pdum_DN76178_c0_g1_i1:3394-3981  -            196 356175at33208        -            270     0.015   12.4   0.3   2   3      0.33       9.1    3.4   0.1   129   169    66   107    42   119 0.76 -
Pdum_DN76178_c0_g1_i1:3394-3981  -            196 356175at33208        -            270     0.015   12.4   0.3   3   3       1.9        53    0.9   0.1   173   214   137   178   120   192 0.71 -
Pdum_DN89809_c3_g1_i10:6324-7073 -            250 356175at33208        -            270     0.039   11.1   0.1   1   1     0.005      0.14    9.4   0.1    98   157    14    82     4    85 0.71 -
#
# Program:         hmmsearch
# Version:         3.1b2 (February 2015)
# Pipeline mode:   SEARCH
# Query file:      /mnt/f/phylo/WORMS/busco_analysis/busco_downloads/lineages/metazoa_odb10/hmms/356175at33208.hmm
# Target file:     /mnt/f/phylo/WORMS/busco_analysis/metazoa_lineage_result/run_metazoa_odb10/metaeuk_output/initial_results/Platynereis_ref.eggnog_filter.nucl.fasta.modified.fas
# Option settings: hmmsearch --domtblout /mnt/f/phylo/WORMS/busco_analysis/metazoa_lineage_result/run_metazoa_odb10/hmmer_output/initial_run_results/356175at33208.out --cpu 1 /mnt/f/phylo/WORMS/busco_analysis/busco_downloads/lineages/metazoa_odb10/hmms/356175at33208.hmm /mnt/f/phylo/WORMS/busco_analysis/metazoa_lineage_result/run_metazoa_odb10/metaeuk_output/initial_results/Platynereis_ref.eggnog_filter.nucl.fasta.modified.fas 
# Current dir:     /mnt/f/phylo/WORMS/busco_analysis
# Date:            Sun Mar 12 20:42:06 2023
# [ok]
