#                                                                                        --- full sequence --- -------------- this domain -------------   hmm coord   ali coord   env coord
# target name                    accession   tlen query name           accession   qlen   E-value  score  bias   #  of  c-Evalue  i-Evalue  score  bias  from    to  from    to  from    to  acc description of target
#            ------------------- ---------- ----- -------------------- ---------- ----- --------- ------ ----- --- --- --------- --------- ------ ----- ----- ----- ----- ----- ----- ----- ---- ---------------------
Pdum_DN79110_c0_g1_i7:340-1365   -            342 357580at33208        -            253  2.6e-124  411.1   0.3   1   1  1.6e-125    4e-124  410.6   0.3     1   253    45   341    45   341 0.92 -
Pdum_DN80129_c0_g2_i7:710-1570   -            287 357580at33208        -            253   2.9e-41  139.1   5.5   1   4   0.00038    0.0097   12.9   0.0   133   165     1    33     1    36 0.92 -
Pdum_DN80129_c0_g2_i7:710-1570   -            287 357580at33208        -            253   2.9e-41  139.1   5.5   2   4   2.3e-10   5.8e-09   33.2   0.2    34    82    43    94    34    96 0.89 -
Pdum_DN80129_c0_g2_i7:710-1570   -            287 357580at33208        -            253   2.9e-41  139.1   5.5   3   4   1.5e-11   3.7e-10   37.2   0.0   104   166    93   160    91   168 0.80 -
Pdum_DN80129_c0_g2_i7:710-1570   -            287 357580at33208        -            253   2.9e-41  139.1   5.5   4   4   9.4e-18   2.4e-16   57.4   0.1   140   244   177   280   164   287 0.86 -
Pdum_DN78086_c1_g1_i5:2830-3705  -            292 357580at33208        -            253   1.5e-38  130.2   3.5   1   4   3.1e-07   7.7e-06   23.0   0.0   187   234    10    57     5    60 0.93 -
Pdum_DN78086_c1_g1_i5:2830-3705  -            292 357580at33208        -            253   1.5e-38  130.2   3.5   2   4     2e-08   5.1e-07   26.9   0.0   193   244    59   110    57   114 0.93 -
Pdum_DN78086_c1_g1_i5:2830-3705  -            292 357580at33208        -            253   1.5e-38  130.2   3.5   3   4     0.004       0.1    9.5   0.0    52    80   108   136   106   139 0.74 -
Pdum_DN78086_c1_g1_i5:2830-3705  -            292 357580at33208        -            253   1.5e-38  130.2   3.5   4   4     2e-22   5.1e-21   72.7   0.3   103   248   136   283   133   287 0.91 -
Pdum_DN87680_c1_g3_i1:3327-4124  -            266 357580at33208        -            253   2.2e-36  123.1  15.3   1   3   4.3e-21   1.1e-19   68.4   2.0   100   240     6   147     2   149 0.91 -
Pdum_DN87680_c1_g3_i1:3327-4124  -            266 357580at33208        -            253   2.2e-36  123.1  15.3   2   3     6e-11   1.5e-09   35.2   0.5   102   168    92   163    91   196 0.82 -
Pdum_DN87680_c1_g3_i1:3327-4124  -            266 357580at33208        -            253   2.2e-36  123.1  15.3   3   3   4.4e-13   1.1e-11   42.2   0.7    51   167   148   266   141   266 0.87 -
Pdum_DN83588_c0_g2_i13:1293-2279 -            329 357580at33208        -            253     1e-35  120.9   1.2   1   5     3e-14   7.6e-13   46.0   0.1   135   244     1   107     1   110 0.94 -
Pdum_DN83588_c0_g2_i13:1293-2279 -            329 357580at33208        -            253     1e-35  120.9   1.2   2   5   1.3e-09   3.3e-08   30.8   0.1   142   238    51   146    47   163 0.62 -
Pdum_DN83588_c0_g2_i13:1293-2279 -            329 357580at33208        -            253     1e-35  120.9   1.2   3   5     0.061       1.5    5.6   0.0   117   176   105   185   101   202 0.41 -
Pdum_DN83588_c0_g2_i13:1293-2279 -            329 357580at33208        -            253     1e-35  120.9   1.2   4   5   2.7e-08   6.8e-07   26.5   0.0    32    83   199   253   176   254 0.83 -
Pdum_DN83588_c0_g2_i13:1293-2279 -            329 357580at33208        -            253     1e-35  120.9   1.2   5   5   5.5e-11   1.4e-09   35.3   0.0   130   212   198   276   197   282 0.73 -
Pdum_DN78854_c0_g1_i1:1579-2349  -            257 357580at33208        -            253   1.8e-33  113.6  18.0   1   3   4.2e-11   1.1e-09   35.7   2.1   135   228     1    90     1    95 0.84 -
Pdum_DN78854_c0_g1_i1:1579-2349  -            257 357580at33208        -            253   1.8e-33  113.6  18.0   2   3   3.1e-18   7.8e-17   59.0   2.1   134   243    42   147    37   149 0.90 -
Pdum_DN78854_c0_g1_i1:1579-2349  -            257 357580at33208        -            253   1.8e-33  113.6  18.0   3   3   3.4e-13   8.5e-12   42.5   0.5   117   219   146   249   143   257 0.89 -
Pdum_DN88256_c0_g1_i4:512-2926   -            805 357580at33208        -            253     6e-33  111.8  18.6   1   5   9.1e-08   2.3e-06   24.7   0.3   136   236    55   152    35   156 0.83 -
Pdum_DN88256_c0_g1_i4:512-2926   -            805 357580at33208        -            253     6e-33  111.8  18.6   2   5   2.4e-05   0.00061   16.8   0.2   114   168   157   216   152   273 0.82 -
Pdum_DN88256_c0_g1_i4:512-2926   -            805 357580at33208        -            253     6e-33  111.8  18.6   3   5   6.8e-12   1.7e-10   38.2   0.7   124   210   365   456   342   462 0.84 -
Pdum_DN88256_c0_g1_i4:512-2926   -            805 357580at33208        -            253     6e-33  111.8  18.6   4   5   4.6e-10   1.2e-08   32.3   0.1   135   244   426   542   425   551 0.83 -
Pdum_DN88256_c0_g1_i4:512-2926   -            805 357580at33208        -            253     6e-33  111.8  18.6   5   5   5.2e-07   1.3e-05   22.3   0.2    83   166   538   637   536   659 0.73 -
Pdum_DN87134_c2_g1_i3:1621-2460  -            280 357580at33208        -            253     1e-32  111.0  12.4   1   3   4.5e-18   1.1e-16   58.5   2.8   103   236     5   141     2   144 0.84 -
Pdum_DN87134_c2_g1_i3:1621-2460  -            280 357580at33208        -            253     1e-32  111.0  12.4   2   3   1.5e-08   3.7e-07   27.3   0.0   114   167   142   197   139   204 0.86 -
Pdum_DN87134_c2_g1_i3:1621-2460  -            280 357580at33208        -            253     1e-32  111.0  12.4   3   3   6.4e-10   1.6e-08   31.8   0.9    32    96   208   280   198   280 0.81 -
Pdum_DN83588_c0_g2_i13:1452-2396 -            315 357580at33208        -            253     2e-30  103.6   1.8   1   4   1.6e-15   3.9e-14   50.2   0.1   118   244    16   146     3   148 0.84 -
Pdum_DN83588_c0_g2_i13:1452-2396 -            315 357580at33208        -            253     2e-30  103.6   1.8   2   4   1.2e-09   3.1e-08   30.9   0.0   142   238    90   185    86   200 0.61 -
Pdum_DN83588_c0_g2_i13:1452-2396 -            315 357580at33208        -            253     2e-30  103.6   1.8   3   4     0.061       1.5    5.7   0.0   117   178   144   226   141   241 0.41 -
Pdum_DN83588_c0_g2_i13:1452-2396 -            315 357580at33208        -            253     2e-30  103.6   1.8   4   4   6.7e-11   1.7e-09   35.0   0.0   130   211   237   314   234   315 0.73 -
Pdum_DN73138_c0_g1_i1:392-1264   -            291 357580at33208        -            253   1.1e-29  101.1   2.5   1   2   0.00019    0.0047   13.9   0.0    37    91     9    66     2    68 0.84 -
Pdum_DN73138_c0_g1_i1:392-1264   -            291 357580at33208        -            253   1.1e-29  101.1   2.5   2   2   6.5e-28   1.6e-26   90.7   1.8    35   249    49   287    45   290 0.79 -
Pdum_DN72920_c0_g1_i5:770-1675   -            302 357580at33208        -            253   4.6e-28   95.8   5.7   1   3   7.1e-10   1.8e-08   31.6   0.8   109   203    26   123    19   137 0.79 -
Pdum_DN72920_c0_g1_i5:770-1675   -            302 357580at33208        -            253   4.6e-28   95.8   5.7   2   3   1.3e-10   3.3e-09   34.0   0.0   143   246   109   208    94   210 0.85 -
Pdum_DN72920_c0_g1_i5:770-1675   -            302 357580at33208        -            253   4.6e-28   95.8   5.7   3   3   3.9e-12   9.9e-11   39.0   0.8   107   212   194   300   192   302 0.91 -
Pdum_DN74150_c0_g1_i3:157-2955   -            933 357580at33208        -            253   1.5e-27   94.2  11.9   1   6     0.087       2.2    5.1   0.0    55    86    43    74    14    82 0.72 -
Pdum_DN74150_c0_g1_i3:157-2955   -            933 357580at33208        -            253   1.5e-27   94.2  11.9   2   6     3e-05   0.00075   16.5   0.1   103   165   152   219   148   233 0.77 -
Pdum_DN74150_c0_g1_i3:157-2955   -            933 357580at33208        -            253   1.5e-27   94.2  11.9   3   6    0.0046      0.12    9.3   0.3   100   247   273   428   257   434 0.68 -
Pdum_DN74150_c0_g1_i3:157-2955   -            933 357580at33208        -            253   1.5e-27   94.2  11.9   4   6   8.7e-06   0.00022   18.2   0.1   127   245   396   507   369   515 0.80 -
Pdum_DN74150_c0_g1_i3:157-2955   -            933 357580at33208        -            253   1.5e-27   94.2  11.9   5   6   1.8e-06   4.4e-05   20.5   0.0   122   244   467   603   446   604 0.79 -
Pdum_DN74150_c0_g1_i3:157-2955   -            933 357580at33208        -            253   1.5e-27   94.2  11.9   6   6   5.4e-08   1.4e-06   25.5   0.0   103   215   587   700   584   706 0.84 -
Pdum_DN84894_c0_g1_i9:97-867     -            257 357580at33208        -            253   1.7e-27   93.9   0.0   1   3      0.56        14    2.5   0.0   220   244     3    27     1    32 0.85 -
Pdum_DN84894_c0_g1_i9:97-867     -            257 357580at33208        -            253   1.7e-27   93.9   0.0   2   3   2.6e-22   6.6e-21   72.4   0.0    84   247    32   209    30   214 0.83 -
Pdum_DN84894_c0_g1_i9:97-867     -            257 357580at33208        -            253   1.7e-27   93.9   0.0   3   3   3.4e-05   0.00087   16.3   0.0   115   164   201   255   198   257 0.63 -
Pdum_DN80498_c1_g1_i1:1987-2589  -            201 357580at33208        -            253   2.1e-27   93.6   1.4   1   3   5.8e-07   1.5e-05   22.1   0.0   186   237     5    56     2    58 0.93 -
Pdum_DN80498_c1_g1_i1:1987-2589  -            201 357580at33208        -            253   2.1e-27   93.6   1.4   2   3   5.1e-09   1.3e-07   28.8   0.0   191   236    54    99    50   103 0.92 -
Pdum_DN80498_c1_g1_i1:1987-2589  -            201 357580at33208        -            253   2.1e-27   93.6   1.4   3   3   1.4e-16   3.6e-15   53.6   0.1    52   164    63   201    62   201 0.78 -
Pdum_DN82012_c2_g2_i1:484-1302   -            273 357580at33208        -            253   4.3e-27   92.6  13.6   1   2   2.8e-24     7e-23   78.8   7.9    36   236     2   218     1   221 0.81 -
Pdum_DN82012_c2_g2_i1:484-1302   -            273 357580at33208        -            253   4.3e-27   92.6  13.6   2   2   1.1e-07   2.8e-06   24.4   0.3    52    98   179   235   167   248 0.58 -
Pdum_DN80927_c0_g1_i1:489-1964   -            492 357580at33208        -            253   7.6e-27   91.8   9.6   1   4   2.4e-08     6e-07   26.6   0.2   132   242   143   261   127   261 0.82 -
Pdum_DN80927_c0_g1_i1:489-1964   -            492 357580at33208        -            253   7.6e-27   91.8   9.6   2   4     6e-08   1.5e-06   25.3   0.9    17    98   261   357   259   362 0.81 -
Pdum_DN80927_c0_g1_i1:489-1964   -            492 357580at33208        -            253   7.6e-27   91.8   9.6   3   4   2.4e-05   0.00059   16.8   0.1   131   195   321   381   315   387 0.90 -
Pdum_DN80927_c0_g1_i1:489-1964   -            492 357580at33208        -            253   7.6e-27   91.8   9.6   4   4   2.1e-12   5.2e-11   39.9   0.1   151   250   392   487   380   490 0.89 -
Pdum_DN84798_c1_g2_i5:993-2768   -            592 357580at33208        -            253   1.5e-26   90.9   4.5   1   6   3.1e-08   7.9e-07   26.2   0.0   142   247    53   160    42   165 0.80 -
Pdum_DN84798_c1_g2_i5:993-2768   -            592 357580at33208        -            253   1.5e-26   90.9   4.5   2   6     0.032      0.81    6.6   0.0    52    84   154   186   151   208 0.86 -
Pdum_DN84798_c1_g2_i5:993-2768   -            592 357580at33208        -            253   1.5e-26   90.9   4.5   3   6   3.1e-05   0.00078   16.4   0.1   131   232   173   271   169   296 0.76 -
Pdum_DN84798_c1_g2_i5:993-2768   -            592 357580at33208        -            253   1.5e-26   90.9   4.5   4   6   0.00033    0.0082   13.1   0.1    35    89   306   364   300   388 0.77 -
Pdum_DN84798_c1_g2_i5:993-2768   -            592 357580at33208        -            253   1.5e-26   90.9   4.5   5   6   1.6e-08   4.1e-07   27.2   0.1   131   212   469   548   433   558 0.86 -
Pdum_DN84798_c1_g2_i5:993-2768   -            592 357580at33208        -            253   1.5e-26   90.9   4.5   6   6      0.28       7.1    3.5   0.1   102   128   565   590   553   592 0.73 -
Pdum_DN90586_c2_g3_i4:2166-2804  -            213 357580at33208        -            253   2.1e-25   87.1   0.3   1   3   2.7e-05   0.00069   16.6   0.0   193   244    20    71     4    73 0.83 -
Pdum_DN90586_c2_g3_i4:2166-2804  -            213 357580at33208        -            253   2.1e-25   87.1   0.3   2   3   2.9e-08   7.3e-07   26.4   0.0   196   244    65   113    62   113 0.93 -
Pdum_DN90586_c2_g3_i4:2166-2804  -            213 357580at33208        -            253   2.1e-25   87.1   0.3   3   3   3.7e-15   9.5e-14   48.9   0.1   113   215   107   210   105   213 0.84 -
Pdum_DN66770_c0_g1_i1:157-1065   -            303 357580at33208        -            253   2.2e-25   87.1   6.9   1   3   6.4e-09   1.6e-07   28.5   0.3   134   221    10    95     4   110 0.74 -
Pdum_DN66770_c0_g1_i1:157-1065   -            303 357580at33208        -            253   2.2e-25   87.1   6.9   2   3   1.6e-07     4e-06   24.0   0.1   197   248   115   167    99   172 0.80 -
Pdum_DN66770_c0_g1_i1:157-1065   -            303 357580at33208        -            253   2.2e-25   87.1   6.9   3   3   1.5e-11   3.7e-10   37.1   0.3   138   239   187   289   168   297 0.86 -
Pdum_DN71389_c1_g2_i1:359-1099   -            247 357580at33208        -            253   4.3e-25   86.1   5.6   1   3      0.15       3.8    4.4   0.0   132   168     3    40     1    46 0.84 -
Pdum_DN71389_c1_g2_i1:359-1099   -            247 357580at33208        -            253   4.3e-25   86.1   5.6   2   3   1.5e-15   3.8e-14   50.2   0.4   130   239    49   157    41   162 0.87 -
Pdum_DN71389_c1_g2_i1:359-1099   -            247 357580at33208        -            253   4.3e-25   86.1   5.6   3   3   2.3e-12   5.8e-11   39.8   0.3   134   242   140   245   133   247 0.84 -
Pdum_DN92078_c7_g2_i1:2888-3787  -            300 357580at33208        -            253   9.5e-25   85.0   8.0   1   3   2.7e-07   6.7e-06   23.2   0.0   190   245     2    56     1    57 0.91 -
Pdum_DN92078_c7_g2_i1:2888-3787  -            300 357580at33208        -            253   9.5e-25   85.0   8.0   2   3   1.9e-17   4.8e-16   56.4   5.4    51   218    52   242    49   246 0.76 -
Pdum_DN92078_c7_g2_i1:2888-3787  -            300 357580at33208        -            253   9.5e-25   85.0   8.0   3   3      0.75        19    2.1   0.0   188   229   255   296   242   300 0.84 -
Pdum_DN85045_c0_g1_i5:248-835    -            196 357580at33208        -            253   1.4e-24   84.4   2.0   1   3   7.9e-10     2e-08   31.5   0.0   142   244     5   103     2   105 0.87 -
Pdum_DN85045_c0_g1_i5:248-835    -            196 357580at33208        -            253   1.4e-24   84.4   2.0   2   3   1.8e-12   4.6e-11   40.1   0.1    16    77   100   168    97   168 0.86 -
Pdum_DN85045_c0_g1_i5:248-835    -            196 357580at33208        -            253   1.4e-24   84.4   2.0   3   3   1.3e-05   0.00034   17.6   0.0   133   165   164   196   162   196 0.96 -
Pdum_DN75190_c1_g2_i8:1873-2820  -            316 357580at33208        -            253   3.4e-24   83.1   7.3   1   3   2.5e-15   6.4e-14   49.5   3.6   113   245    60   191    51   193 0.75 -
Pdum_DN75190_c1_g2_i8:1873-2820  -            316 357580at33208        -            253   3.4e-24   83.1   7.3   2   3   0.00015    0.0037   14.2   0.1   194   233   181   220   179   226 0.84 -
Pdum_DN75190_c1_g2_i8:1873-2820  -            316 357580at33208        -            253   3.4e-24   83.1   7.3   3   3   1.1e-08   2.7e-07   27.8   0.0    35    97   209   279   202   286 0.84 -
Pdum_DN87342_c0_g1_i8:5-2425     -            807 357580at33208        -            253   3.6e-23   79.8   1.7   1   5       0.4        10    3.0   0.0   107   199    21   112     6   124 0.52 -
Pdum_DN87342_c0_g1_i8:5-2425     -            807 357580at33208        -            253   3.6e-23   79.8   1.7   2   5     0.053       1.3    5.9   0.0   186   242   147   205   141   214 0.78 -
Pdum_DN87342_c0_g1_i8:5-2425     -            807 357580at33208        -            253   3.6e-23   79.8   1.7   3   5     9e-08   2.3e-06   24.7   0.1   171   244   367   439   321   441 0.79 -
Pdum_DN87342_c0_g1_i8:5-2425     -            807 357580at33208        -            253   3.6e-23   79.8   1.7   4   5     2e-12   5.1e-11   40.0   0.0   134   244   417   525   414   529 0.87 -
Pdum_DN87342_c0_g1_i8:5-2425     -            807 357580at33208        -            253   3.6e-23   79.8   1.7   5   5   0.00044     0.011   12.6   0.1   116   214   522   641   520   659 0.56 -
Pdum_DN74356_c1_g1_i1:377-1456   -            360 357580at33208        -            253   3.8e-23   79.7   1.4   1   4     2e-05   0.00051   17.1   0.0   190   248    10    69     4    71 0.86 -
Pdum_DN74356_c1_g1_i1:377-1456   -            360 357580at33208        -            253   3.8e-23   79.7   1.4   2   4   1.4e-07   3.4e-06   24.2   0.0   115   245    60   205    58   211 0.79 -
Pdum_DN74356_c1_g1_i1:377-1456   -            360 357580at33208        -            253   3.8e-23   79.7   1.4   3   4      0.49        12    2.7   0.0    83    99   200   216   195   227 0.75 -
Pdum_DN74356_c1_g1_i1:377-1456   -            360 357580at33208        -            253   3.8e-23   79.7   1.4   4   4   8.5e-12   2.2e-10   37.9   0.1    98   203   242   354   239   359 0.87 -
Pdum_DN91072_c6_g2_i4:11-988     -            326 357580at33208        -            253   4.2e-23   79.6   7.4   1   2   3.8e-13   9.7e-12   42.3   0.7    97   214    28   148    18   154 0.90 -
Pdum_DN91072_c6_g2_i4:11-988     -            326 357580at33208        -            253   4.2e-23   79.6   7.4   2   2   1.7e-11   4.2e-10   37.0   0.4   102   210   170   279   165   284 0.79 -
Pdum_DN77740_c0_g3_i3:100-1476   -            459 357580at33208        -            253   1.3e-22   77.9   2.9   1   3   9.6e-08   2.4e-06   24.7   0.0   190   246   156   213   148   215 0.85 -
Pdum_DN77740_c0_g3_i3:100-1476   -            459 357580at33208        -            253   1.3e-22   77.9   2.9   2   3   1.7e-14   4.4e-13   46.7   0.2   115   246   206   338   202   342 0.84 -
Pdum_DN77740_c0_g3_i3:100-1476   -            459 357580at33208        -            253   1.3e-22   77.9   2.9   3   3    0.0052      0.13    9.2   0.1    53   101   335   390   333   440 0.74 -
Pdum_DN84814_c0_g2_i1:1505-2083  -            193 357580at33208        -            253   4.1e-22   76.3   0.3   1   2     3e-11   7.6e-10   36.1   0.0   193   248    46   101    23   106 0.86 -
Pdum_DN84814_c0_g2_i1:1505-2083  -            193 357580at33208        -            253   4.1e-22   76.3   0.3   2   2   1.2e-11   2.9e-10   37.5   0.0   188   247   125   184   109   190 0.89 -
Pdum_DN79208_c0_g1_i2:96-1031    -            312 357580at33208        -            253   1.5e-21   74.5   4.3   1   3   3.2e-07     8e-06   23.0   0.1    84   243    11   183     9   193 0.71 -
Pdum_DN79208_c0_g1_i2:96-1031    -            312 357580at33208        -            253   1.5e-21   74.5   4.3   2   3   3.6e-10   9.2e-09   32.6   0.0    85   221    97   253    97   258 0.78 -
Pdum_DN79208_c0_g1_i2:96-1031    -            312 357580at33208        -            253   1.5e-21   74.5   4.3   3   3   1.9e-10   4.7e-09   33.5   0.4   132   233   210   308   207   311 0.92 -
Pdum_DN90064_c4_g2_i4:2740-4161  -            474 357580at33208        -            253   1.8e-21   74.2   6.2   1   2   9.2e-09   2.3e-07   28.0   0.0   192   246   151   205   132   212 0.89 -
Pdum_DN90064_c4_g2_i4:2740-4161  -            474 357580at33208        -            253   1.8e-21   74.2   6.2   2   2   3.6e-14   9.1e-13   45.7   3.9    35   214   264   472   260   474 0.75 -
Pdum_DN76828_c2_g1_i1:4967-5695  -            243 357580at33208        -            253   1.8e-21   74.2   1.7   1   3   1.9e-07   4.9e-06   23.7   0.0   186   250     3    71     1    74 0.90 -
Pdum_DN76828_c2_g1_i1:4967-5695  -            243 357580at33208        -            253   1.8e-21   74.2   1.7   2   3   4.8e-07   1.2e-05   22.4   0.1    51    98    61   117    57   118 0.69 -
Pdum_DN76828_c2_g1_i1:4967-5695  -            243 357580at33208        -            253   1.8e-21   74.2   1.7   3   3   1.1e-10   2.7e-09   34.3   0.0   107   228    94   218    89   222 0.88 -
Pdum_DN88766_c3_g2_i10:292-717   -            142 357580at33208        -            253   3.5e-21   73.3   1.0   1   3   2.1e-06   5.2e-05   20.3   0.0   197   244     5    53     1    54 0.89 -
Pdum_DN88766_c3_g2_i10:292-717   -            142 357580at33208        -            253   3.5e-21   73.3   1.0   2   3   1.9e-07   4.8e-06   23.7   0.0    36    80    32    79    31    83 0.88 -
Pdum_DN88766_c3_g2_i10:292-717   -            142 357580at33208        -            253   3.5e-21   73.3   1.0   3   3   4.5e-12   1.1e-10   38.8   0.1   186   243    79   136    76   142 0.88 -
Pdum_DN66493_c0_g1_i1:720-1655   -            312 357580at33208        -            253   1.2e-20   71.6   0.1   1   3   0.00071     0.018   12.0   0.1   123   172     7    56     3    61 0.88 -
Pdum_DN66493_c0_g1_i1:720-1655   -            312 357580at33208        -            253   1.2e-20   71.6   0.1   2   3   1.8e-06   4.5e-05   20.5   0.1    98   168    61   138    53   144 0.82 -
Pdum_DN66493_c0_g1_i1:720-1655   -            312 357580at33208        -            253   1.2e-20   71.6   0.1   3   3     4e-11     1e-09   35.7   0.0   114   246   160   302   152   310 0.80 -
Pdum_DN85879_c0_g1_i1:230-808    -            193 357580at33208        -            253   4.8e-20   69.5   0.0   1   2   1.2e-09     3e-08   30.9   0.0   194   247     2    55     1    62 0.93 -
Pdum_DN85879_c0_g1_i1:230-808    -            193 357580at33208        -            253   4.8e-20   69.5   0.0   2   2   3.7e-13   9.4e-12   42.4   0.0   114   245    47   186    46   193 0.86 -
Pdum_DN90581_c4_g3_i1:18-467     -            150 357580at33208        -            253   1.5e-19   68.0   0.6   1   1   6.8e-21   1.7e-19   67.7   0.6   107   246     2   145     1   150 0.87 -
Pdum_DN85054_c1_g3_i7:3145-3996  -            284 357580at33208        -            253   1.7e-18   64.5   1.1   1   3   0.00073     0.018   11.9   0.0   187   214     9    36     2    44 0.85 -
Pdum_DN85054_c1_g3_i7:3145-3996  -            284 357580at33208        -            253   1.7e-18   64.5   1.1   2   3   5.2e-05    0.0013   15.7   0.0   129   204    43   117    34   128 0.80 -
Pdum_DN85054_c1_g3_i7:3145-3996  -            284 357580at33208        -            253   1.7e-18   64.5   1.1   3   3   5.9e-11   1.5e-09   35.2   0.1   132   244   171   282   135   284 0.84 -
Pdum_DN87178_c0_g1_i10:2619-3539 -            307 357580at33208        -            253   8.7e-18   62.2   0.2   1   2   7.4e-07   1.9e-05   21.7   0.0   103   245    47   212     3   221 0.71 -
Pdum_DN87178_c0_g1_i10:2619-3539 -            307 357580at33208        -            253   8.7e-18   62.2   0.2   2   2   2.3e-09   5.8e-08   30.0   0.1   105   209   197   306   192   307 0.84 -
Pdum_DN86522_c0_g3_i4:534-1520   -            329 357580at33208        -            253   1.1e-17   61.8   7.9   1   3   2.4e-10   6.1e-09   33.2   0.6   112   214    13   114     2   132 0.81 -
Pdum_DN86522_c0_g3_i4:534-1520   -            329 357580at33208        -            253   1.1e-17   61.8   7.9   2   3   0.00048     0.012   12.5   0.5   192   245   133   189   117   198 0.83 -
Pdum_DN86522_c0_g3_i4:534-1520   -            329 357580at33208        -            253   1.1e-17   61.8   7.9   3   3     7e-06   0.00018   18.5   0.0   137   244   216   318   207   329 0.63 -
Pdum_DN89990_c3_g2_i4:936-1778   -            281 357580at33208        -            253     3e-17   60.4   1.6   1   3     0.003     0.075    9.9   0.1   188   242    42    94    32   104 0.85 -
Pdum_DN89990_c3_g2_i4:936-1778   -            281 357580at33208        -            253     3e-17   60.4   1.6   2   3   6.1e-09   1.5e-07   28.6   0.1   132   216   115   201    90   208 0.80 -
Pdum_DN89990_c3_g2_i4:936-1778   -            281 357580at33208        -            253     3e-17   60.4   1.6   3   3   2.4e-06   6.2e-05   20.0   0.0    99   165   208   281   201   281 0.85 -
Pdum_DN89838_c3_g2_i15:954-1709  -            252 357580at33208        -            253   3.4e-17   60.2   3.4   1   2   0.00027    0.0069   13.3   0.0   200   228     3    31     1    39 0.73 -
Pdum_DN89838_c3_g2_i15:954-1709  -            252 357580at33208        -            253   3.4e-17   60.2   3.4   2   2   1.9e-16   4.7e-15   53.2   1.4    35   229    25   234    23   242 0.79 -
Pdum_DN78454_c0_g1_i4:576-2111   -            512 357580at33208        -            253   3.6e-17   60.1   1.3   1   3     1e-09   2.5e-08   31.1   0.0   137   244   214   326   203   326 0.84 -
Pdum_DN78454_c0_g1_i4:576-2111   -            512 357580at33208        -            253   3.6e-17   60.1   1.3   2   3   1.4e-09   3.5e-08   30.7   0.5    34    98   303   378   302   396 0.82 -
Pdum_DN78454_c0_g1_i4:576-2111   -            512 357580at33208        -            253   3.6e-17   60.1   1.3   3   3       1.3        32    1.3   0.0   190   245   448   503   442   511 0.76 -
Pdum_DN77965_c1_g1_i1:1646-2635  -            330 357580at33208        -            253     4e-17   60.0   9.0   1   4     0.029      0.72    6.7   0.0   133   164     7    38     4    42 0.75 -
Pdum_DN77965_c1_g1_i1:1646-2635  -            330 357580at33208        -            253     4e-17   60.0   9.0   2   4   2.7e-13   6.8e-12   42.8   1.5   104   245    15   165    13   173 0.84 -
Pdum_DN77965_c1_g1_i1:1646-2635  -            330 357580at33208        -            253     4e-17   60.0   9.0   3   4   0.00035    0.0087   13.0   0.6   127   238   179   311   173   322 0.51 -
Pdum_DN77965_c1_g1_i1:1646-2635  -            330 357580at33208        -            253     4e-17   60.0   9.0   4   4      0.23       5.8    3.8   0.0    83    97   314   328   310   330 0.86 -
Pdum_DN74384_c0_g2_i2:99-1367    -            423 357580at33208        -            253   6.3e-17   59.3   8.2   1   2   6.3e-08   1.6e-06   25.3   2.2   145   247   110   216    99   222 0.73 -
Pdum_DN74384_c0_g2_i2:99-1367    -            423 357580at33208        -            253   6.3e-17   59.3   8.2   2   2     5e-10   1.3e-08   32.1   0.4   111   248   272   414   265   419 0.77 -
Pdum_DN84903_c4_g3_i8:753-1754   -            334 357580at33208        -            253   9.1e-17   58.8   0.2   1   4       7.1   1.8e+02   -1.1   0.0   227   242    12    27     9    34 0.85 -
Pdum_DN84903_c4_g3_i8:753-1754   -            334 357580at33208        -            253   9.1e-17   58.8   0.2   2   4   5.7e-08   1.4e-06   25.4   0.2    46   103    64   133    53   140 0.77 -
Pdum_DN84903_c4_g3_i8:753-1754   -            334 357580at33208        -            253   9.1e-17   58.8   0.2   3   4   3.9e-10   9.8e-09   32.5   0.0   113   247   110   247   108   253 0.82 -
Pdum_DN84903_c4_g3_i8:753-1754   -            334 357580at33208        -            253   9.1e-17   58.8   0.2   4   4    0.0033     0.083    9.8   0.0   140   167   272   299   261   318 0.85 -
Pdum_DN83855_c0_g1_i4:658-1428   -            257 357580at33208        -            253   1.2e-16   58.4   0.7   1   1   3.6e-16   9.1e-15   52.3   0.6    52   222    10   182     9   189 0.85 -
Pdum_DN73504_c1_g7_i2:375-1772   -            466 357580at33208        -            253   1.3e-16   58.3   5.4   1   2   1.3e-11   3.2e-10   37.4   0.1   132   244   137   256   133   257 0.83 -
Pdum_DN73504_c1_g7_i2:375-1772   -            466 357580at33208        -            253   1.3e-16   58.3   5.4   2   2   1.6e-07     4e-06   24.0   0.2   103   216   240   352   237   363 0.74 -
Pdum_DN82224_c0_g1_i1:2783-3526  -            248 357580at33208        -            253   1.5e-16   58.1   4.6   1   2   3.2e-06   8.1e-05   19.7   0.0   183   234     7    58     3    65 0.88 -
Pdum_DN82224_c0_g1_i1:2783-3526  -            248 357580at33208        -            253   1.5e-16   58.1   4.6   2   2   9.2e-10   2.3e-08   31.3   3.0    53   212    66   248    63   248 0.72 -
Pdum_DN82629_c0_g1_i4:473-2515   -            681 357580at33208        -            253   2.7e-16   57.3   0.1   1   3    0.0048      0.12    9.2   0.0   132   222   202   293   194   309 0.78 -
Pdum_DN82629_c0_g1_i4:473-2515   -            681 357580at33208        -            253   2.7e-16   57.3   0.1   2   3     6e-07   1.5e-05   22.1   0.0   152   213   324   388   301   397 0.82 -
Pdum_DN82629_c0_g1_i4:473-2515   -            681 357580at33208        -            253   2.7e-16   57.3   0.1   3   3   5.4e-07   1.4e-05   22.2   0.0   134   238   402   511   395   526 0.76 -
Pdum_DN90273_c4_g1_i2:3537-4052  -            172 357580at33208        -            253   2.9e-16   57.2   1.4   1   4       2.3        58    0.5   0.0   218   243     2    27     1    32 0.83 -
Pdum_DN90273_c4_g1_i2:3537-4052  -            172 357580at33208        -            253   2.9e-16   57.2   1.4   2   4   0.00028    0.0071   13.3   0.0   204   245    30    71    15    75 0.87 -
Pdum_DN90273_c4_g1_i2:3537-4052  -            172 357580at33208        -            253   2.9e-16   57.2   1.4   3   4   7.1e-08   1.8e-06   25.1   0.1   200   247    68   115    66   117 0.94 -
Pdum_DN90273_c4_g1_i2:3537-4052  -            172 357580at33208        -            253   2.9e-16   57.2   1.4   4   4   7.2e-06   0.00018   18.5   0.3   121   167   114   165   114   171 0.67 -
Pdum_DN84241_c0_g1_i1:2776-3423  -            216 357580at33208        -            253   3.3e-16   57.0   0.4   1   2   8.1e-07     2e-05   21.6   0.0   185   246    13    74     2    77 0.83 -
Pdum_DN84241_c0_g1_i1:2776-3423  -            216 357580at33208        -            253   3.3e-16   57.0   0.4   2   2   2.6e-10   6.6e-09   33.1   0.1   120   246    75   205    72   212 0.82 -
Pdum_DN73512_c4_g2_i3:726-1661   -            312 357580at33208        -            253   7.5e-16   55.8   2.6   1   4     0.001     0.025   11.5   0.6    35    80    57   104    52   107 0.80 -
Pdum_DN73512_c4_g2_i3:726-1661   -            312 357580at33208        -            253   7.5e-16   55.8   2.6   2   4   3.2e-10   8.1e-09   32.8   0.1   136   216   100   177    95   211 0.83 -
Pdum_DN73512_c4_g2_i3:726-1661   -            312 357580at33208        -            253   7.5e-16   55.8   2.6   3   4     0.013      0.34    7.8   0.0   188   245   230   287   186   289 0.84 -
Pdum_DN73512_c4_g2_i3:726-1661   -            312 357580at33208        -            253   7.5e-16   55.8   2.6   4   4    0.0084      0.21    8.5   0.0   133   165   263   295   259   302 0.63 -
Pdum_DN84033_c1_g3_i1:1082-1726  -            215 357580at33208        -            253   7.6e-16   55.8   4.0   1   2   3.6e-08     9e-07   26.1   0.8   133   234     6   120     2   121 0.78 -
Pdum_DN84033_c1_g3_i1:1082-1726  -            215 357580at33208        -            253   7.6e-16   55.8   4.0   2   2     1e-11   2.6e-10   37.6   0.1   117   235    85   215    85   215 0.78 -
Pdum_DN74464_c0_g1_i5:1442-2167  -            242 357580at33208        -            253   1.9e-15   54.4   2.1   1   3     2e-05   0.00051   17.0   0.0   131   173     3    45     1    54 0.91 -
Pdum_DN74464_c0_g1_i5:1442-2167  -            242 357580at33208        -            253   1.9e-15   54.4   2.1   2   3      0.03      0.75    6.7   0.0   132   165    50    84    45    93 0.84 -
Pdum_DN74464_c0_g1_i5:1442-2167  -            242 357580at33208        -            253   1.9e-15   54.4   2.1   3   3   6.8e-09   1.7e-07   28.4   0.7   100   213   107   228    92   233 0.76 -
Pdum_DN83063_c0_g1_i6:381-1082   -            234 357580at33208        -            253   3.9e-15   53.5   0.1   1   2   0.00031    0.0077   13.2   0.0   113   218     2   117     1   126 0.68 -
Pdum_DN83063_c0_g1_i6:381-1082   -            234 357580at33208        -            253   3.9e-15   53.5   0.1   2   2   4.4e-12   1.1e-10   38.9   0.0   138   243   126   232   117   234 0.86 -
Pdum_DN89089_c3_g1_i2:1021-1773  -            251 357580at33208        -            253   7.7e-15   52.5   0.1   1   2    0.0025     0.063   10.2   0.0   189   236     8    60     2    79 0.83 -
Pdum_DN89089_c3_g1_i2:1021-1773  -            251 357580at33208        -            253   7.7e-15   52.5   0.1   2   2   4.8e-13   1.2e-11   42.0   0.1    37   207    48   251    47   251 0.79 -
Pdum_DN84002_c0_g1_i8:2338-3012  -            225 357580at33208        -            253   1.3e-14   51.7   2.6   1   2   7.8e-10     2e-08   31.5   0.2   133   245     8   124     2   126 0.83 -
Pdum_DN84002_c0_g1_i8:2338-3012  -            225 357580at33208        -            253   1.3e-14   51.7   2.6   2   2   1.4e-08   3.5e-07   27.4   0.2   101   184    63   151    49   170 0.79 -
Pdum_DN87078_c1_g1_i1:1858-2604  -            249 357580at33208        -            253   1.7e-14   51.4   2.3   1   2      0.39       9.8    3.0   0.0   188   209    24    45    10    57 0.86 -
Pdum_DN87078_c1_g1_i1:1858-2604  -            249 357580at33208        -            253   1.7e-14   51.4   2.3   2   2   8.6e-15   2.2e-13   47.8   0.8   108   247   100   244    92   249 0.84 -
Pdum_DN83656_c0_g1_i2:2236-2991  -            252 357580at33208        -            253   3.5e-14   50.4   6.3   1   4   1.2e-06   2.9e-05   21.1   0.3   134   236     5   116     1   122 0.81 -
Pdum_DN83656_c0_g1_i2:2236-2991  -            252 357580at33208        -            253   3.5e-14   50.4   6.3   2   4   8.1e-07     2e-05   21.6   0.1    36    84   103   154   102   174 0.83 -
Pdum_DN83656_c0_g1_i2:2236-2991  -            252 357580at33208        -            253   3.5e-14   50.4   6.3   3   4      0.14       3.5    4.5   0.2   198   234   160   196   152   202 0.82 -
Pdum_DN83656_c0_g1_i2:2236-2991  -            252 357580at33208        -            253   3.5e-14   50.4   6.3   4   4   0.00015    0.0038   14.2   0.2    35    95   184   252   178   252 0.59 -
Pdum_DN67795_c0_g1_i2:1517-2137  -            207 357580at33208        -            253   5.4e-14   49.7   2.0   1   2   1.2e-12   3.1e-11   40.7   0.2   102   223     5   127     2   148 0.85 -
Pdum_DN67795_c0_g1_i2:1517-2137  -            207 357580at33208        -            253   5.4e-14   49.7   2.0   2   2     0.019      0.48    7.3   0.1    60    96   157   207   152   207 0.54 -
Pdum_DN82173_c1_g1_i7:1104-1730  -            209 357580at33208        -            253   1.2e-13   48.6   3.9   1   3   2.5e-07   6.2e-06   23.3   0.1   133   243     4   110     2   115 0.80 -
Pdum_DN82173_c1_g1_i7:1104-1730  -            209 357580at33208        -            253   1.2e-13   48.6   3.9   2   3   8.8e-07   2.2e-05   21.5   0.2   132   214    45   126    44   137 0.66 -
Pdum_DN82173_c1_g1_i7:1104-1730  -            209 357580at33208        -            253   1.2e-13   48.6   3.9   3   3   1.9e-05   0.00049   17.1   0.0   102   166   138   209   113   209 0.81 -
Pdum_DN65740_c0_g1_i1:159-803    -            215 357580at33208        -            253   1.5e-13   48.3   3.7   1   2   4.1e-06    0.0001   19.3   0.9   148   226     9    85     4    96 0.67 -
Pdum_DN65740_c0_g1_i1:159-803    -            215 357580at33208        -            253   1.5e-13   48.3   3.7   2   2     3e-08   7.5e-07   26.3   0.1   135   246    97   209    93   215 0.84 -
Pdum_DN75651_c0_g1_i1:179-1012   -            278 357580at33208        -            253   3.4e-13   47.1   4.7   1   2   2.1e-11   5.2e-10   36.7   0.6    96   247    71   228    45   230 0.80 -
Pdum_DN75651_c0_g1_i1:179-1012   -            278 357580at33208        -            253   3.4e-13   47.1   4.7   2   2    0.0003    0.0075   13.2   0.3   115   164   221   275   215   277 0.80 -
Pdum_DN92345_c8_g1_i1:3879-4793  -            305 357580at33208        -            253   4.3e-13   46.8   5.7   1   2   7.7e-08   1.9e-06   25.0   0.4    52   172    12   135     2   140 0.63 -
Pdum_DN92345_c8_g1_i1:3879-4793  -            305 357580at33208        -            253   4.3e-13   46.8   5.7   2   2   2.3e-06   5.7e-05   20.2   0.6   102   234   147   288   141   298 0.80 -
Pdum_DN75461_c3_g1_i3:3415-4074  -            220 357580at33208        -            253   4.3e-13   46.8   0.8   1   3   0.00052     0.013   12.4   0.2   134   166    11    42     7    50 0.81 -
Pdum_DN75461_c3_g1_i3:3415-4074  -            220 357580at33208        -            253   4.3e-13   46.8   0.8   2   3    0.0077      0.19    8.6   0.0   135   166    52    84    44    89 0.88 -
Pdum_DN75461_c3_g1_i3:3415-4074  -            220 357580at33208        -            253   4.3e-13   46.8   0.8   3   3   4.2e-07   1.1e-05   22.6   0.0   140   210   152   220   135   220 0.81 -
Pdum_DN63925_c0_g1_i1:119-1006   -            296 357580at33208        -            253     5e-13   46.6   3.0   1   3   1.8e-06   4.5e-05   20.5   0.1   180   248    33   100    22   105 0.86 -
Pdum_DN63925_c0_g1_i1:119-1006   -            296 357580at33208        -            253     5e-13   46.6   3.0   2   3   2.8e-06   7.1e-05   19.8   0.1   126   250   107   224   101   227 0.87 -
Pdum_DN63925_c0_g1_i1:119-1006   -            296 357580at33208        -            253     5e-13   46.6   3.0   3   3     0.067       1.7    5.5   0.0   183   221   243   281   230   291 0.77 -
Pdum_DN66431_c0_g1_i1:1561-2364  -            268 357580at33208        -            253   8.8e-13   45.7   1.5   1   3       5.4   1.4e+02   -0.7   0.0    72    85     2    15     1    22 0.86 -
Pdum_DN66431_c0_g1_i1:1561-2364  -            268 357580at33208        -            253   8.8e-13   45.7   1.5   2   3     0.024      0.59    7.0   0.0   198   230    27    59    14    65 0.81 -
Pdum_DN66431_c0_g1_i1:1561-2364  -            268 357580at33208        -            253   8.8e-13   45.7   1.5   3   3   7.1e-13   1.8e-11   41.5   0.8    52   216    29   208    27   239 0.83 -
Pdum_DN90079_c2_g2_i8:1469-1858  -            130 357580at33208        -            253   9.4e-13   45.7   0.0   1   1     6e-14   1.5e-12   45.0   0.0   147   238    39   128    23   130 0.88 -
Pdum_DN69263_c0_g1_i1:405-1196   -            264 357580at33208        -            253   9.8e-13   45.6   8.6   1   2   5.6e-07   1.4e-05   22.1   0.3   152   245     4   102     1   109 0.78 -
Pdum_DN69263_c0_g1_i1:405-1196   -            264 357580at33208        -            253   9.8e-13   45.6   8.6   2   2   3.5e-08   8.9e-07   26.1   2.9   108   211   150   263   146   264 0.83 -
Pdum_DN92785_c3_g1_i2:3114-4076  -            321 357580at33208        -            253   1.5e-12   45.0   1.6   1   3      0.17       4.4    4.2   0.0   200   242     3    45     1    54 0.83 -
Pdum_DN92785_c3_g1_i2:3114-4076  -            321 357580at33208        -            253   1.5e-12   45.0   1.6   2   3       5.6   1.4e+02   -0.8   0.0   135   154   135   154   131   171 0.79 -
Pdum_DN92785_c3_g1_i2:3114-4076  -            321 357580at33208        -            253   1.5e-12   45.0   1.6   3   3     2e-11     5e-10   36.7   0.2    56   165   207   317   193   319 0.78 -
Pdum_DN80990_c0_g1_i2:150-1607   -            486 357580at33208        -            253   1.7e-12   44.9   1.3   1   1   6.5e-14   1.7e-12   44.9   1.3    36   200   248   440   223   466 0.72 -
Pdum_DN87402_c0_g1_i1:93-1976    -            628 357580at33208        -            253   1.8e-12   44.8   0.2   1   4   1.8e-07   4.5e-06   23.8   0.0   134   209   290   361   285   370 0.90 -
Pdum_DN87402_c0_g1_i1:93-1976    -            628 357580at33208        -            253   1.8e-12   44.8   0.2   2   4     0.042       1.1    6.2   0.0   184   248   417   484   403   489 0.72 -
Pdum_DN87402_c0_g1_i1:93-1976    -            628 357580at33208        -            253   1.8e-12   44.8   0.2   3   4    0.0026     0.065   10.1   0.0   181   246   500   566   480   571 0.78 -
Pdum_DN87402_c0_g1_i1:93-1976    -            628 357580at33208        -            253   1.8e-12   44.8   0.2   4   4         9   2.3e+02   -1.5   0.0   228   248   603   624   591   627 0.57 -
Pdum_DN79406_c0_g1_i1:209-1183   -            325 357580at33208        -            253   1.8e-12   44.7   5.7   1   3   0.00051     0.013   12.4   0.0    35    82     7    57     4    63 0.90 -
Pdum_DN79406_c0_g1_i1:209-1183   -            325 357580at33208        -            253   1.8e-12   44.7   5.7   2   3   1.1e-07   2.7e-06   24.5   3.1    36   170    50   221    47   233 0.72 -
Pdum_DN79406_c0_g1_i1:209-1183   -            325 357580at33208        -            253   1.8e-12   44.7   5.7   3   3      0.42        11    2.9   0.0    35    52   282   299   244   314 0.66 -
Pdum_DN88892_c3_g1_i1:2670-3179  -            170 357580at33208        -            253   2.1e-12   44.5   1.6   1   1     2e-13   5.1e-12   43.3   1.6   102   230    38   169    15   170 0.88 -
Pdum_DN86525_c0_g1_i1:704-1231   -            176 357580at33208        -            253   2.2e-12   44.4   0.0   1   1   1.8e-13   4.5e-12   43.4   0.0    54   166     1   141     1   158 0.75 -
Pdum_DN88147_c0_g1_i1:430-1308   -            293 357580at33208        -            253   2.6e-12   44.2   0.6   1   2   1.3e-06   3.3e-05   21.0   0.8    58   225     7   196     1   198 0.67 -
Pdum_DN88147_c0_g1_i1:430-1308   -            293 357580at33208        -            253   2.6e-12   44.2   0.6   2   2   1.1e-05   0.00029   17.9   0.0   135   234   195   291   191   293 0.85 -
Pdum_DN76096_c0_g1_i2:374-1027   -            218 357580at33208        -            253   3.9e-12   43.6   1.3   1   3    0.0038     0.095    9.6   0.0   207   250     4    47     1    50 0.87 -
Pdum_DN76096_c0_g1_i2:374-1027   -            218 357580at33208        -            253   3.9e-12   43.6   1.3   2   3    0.0012     0.029   11.3   0.1   149   208    89   143    54   152 0.58 -
Pdum_DN76096_c0_g1_i2:374-1027   -            218 357580at33208        -            253   3.9e-12   43.6   1.3   3   3   2.1e-06   5.4e-05   20.2   0.0   133   171   168   206   157   213 0.91 -
Pdum_DN75190_c1_g2_i8:2335-2706  -            124 357580at33208        -            253   4.1e-12   43.6   2.7   1   1    0.0005     0.013   12.5   0.1    37    69    90   123    81   124 0.83 -
Pdum_DN83552_c2_g1_i4:337-1659   -            441 357580at33208        -            253   8.1e-12   42.6   2.1   1   2   5.6e-07   1.4e-05   22.1   0.1   113   250    79   222    64   225 0.77 -
Pdum_DN83552_c2_g1_i4:337-1659   -            441 357580at33208        -            253   8.1e-12   42.6   2.1   2   2   3.7e-06   9.3e-05   19.5   0.2   126   214   264   354   237   368 0.69 -
Pdum_DN86294_c0_g1_i3:101-3103   -           1001 357580at33208        -            253   1.1e-11   42.1   0.0   1   3     0.018      0.47    7.3   0.0   135   165    11    41     3    44 0.90 -
Pdum_DN86294_c0_g1_i3:101-3103   -           1001 357580at33208        -            253   1.1e-11   42.1   0.0   2   3   5.9e-07   1.5e-05   22.1   0.0   102   196    96   198    68   203 0.79 -
Pdum_DN86294_c0_g1_i3:101-3103   -           1001 357580at33208        -            253   1.1e-11   42.1   0.0   3   3    0.0095      0.24    8.3   0.0   173   219   216   263   206   298 0.69 -
Pdum_DN91312_c3_g1_i1:2567-3481  -            305 357580at33208        -            253   1.4e-11   41.9   0.2   1   3   4.4e-06   0.00011   19.2   0.0   145   240     8   104     2   119 0.80 -
Pdum_DN91312_c3_g1_i1:2567-3481  -            305 357580at33208        -            253   1.4e-11   41.9   0.2   2   3   3.2e-05   0.00082   16.4   0.0   102   214    50   167    43   202 0.69 -
Pdum_DN91312_c3_g1_i1:2567-3481  -            305 357580at33208        -            253   1.4e-11   41.9   0.2   3   3   1.8e-05   0.00046   17.2   0.1   193   248   238   301   207   304 0.79 -
Pdum_DN83800_c0_g2_i3:14-562     -            183 357580at33208        -            253   1.7e-11   41.6   0.7   1   2   6.3e-09   1.6e-07   28.5   0.1    34   103    57   137    32   141 0.78 -
Pdum_DN83800_c0_g2_i3:14-562     -            183 357580at33208        -            253   1.7e-11   41.6   0.7   2   2    0.0014     0.036   11.0   0.0   132   165   139   172   134   180 0.77 -
Pdum_DN84963_c1_g1_i6:1317-3311  -            665 357580at33208        -            253   1.9e-11   41.4   0.6   1   3   2.4e-06   6.2e-05   20.0   0.2    27    98    30   113    21   118 0.83 -
Pdum_DN84963_c1_g1_i6:1317-3311  -            665 357580at33208        -            253   1.9e-11   41.4   0.6   2   3   2.7e-05   0.00068   16.6   0.0   131   222   120   211   115   220 0.81 -
Pdum_DN84963_c1_g1_i6:1317-3311  -            665 357580at33208        -            253   1.9e-11   41.4   0.6   3   3       2.7        68    0.3   0.0   127   163   626   661   599   665 0.77 -
Pdum_DN84582_c3_g1_i1:332-1036   -            235 357580at33208        -            253   2.5e-11   41.0   0.4   1   1   3.1e-12   7.8e-11   39.4   0.4    58   210     3   176     1   187 0.72 -
Pdum_DN78364_c0_g1_i1:226-1314   -            363 357580at33208        -            253   7.8e-11   39.4   0.2   1   2   2.1e-09   5.2e-08   30.1   0.1   111   221    32   142    27   145 0.87 -
Pdum_DN78364_c0_g1_i1:226-1314   -            363 357580at33208        -            253   7.8e-11   39.4   0.2   2   2   8.7e-05    0.0022   15.0   0.0   101   137   105   141    92   172 0.67 -
Pdum_DN88423_c1_g1_i2:993-1421   -            143 357580at33208        -            253   7.9e-11   39.4   4.4   1   1   4.6e-08   1.2e-06   25.7   1.4    40    97    52   119    49   124 0.78 -
Pdum_DN90796_c3_g1_i4:1517-2605  -            363 357580at33208        -            253   8.2e-11   39.3   0.5   1   5      0.58        15    2.4   0.0   186   244    11    70     2    79 0.73 -
Pdum_DN90796_c3_g1_i4:1517-2605  -            363 357580at33208        -            253   8.2e-11   39.3   0.5   2   5    0.0012     0.029   11.3   0.0   188   243    96   150    84   161 0.80 -
Pdum_DN90796_c3_g1_i4:1517-2605  -            363 357580at33208        -            253   8.2e-11   39.3   0.5   3   5     0.024      0.62    6.9   0.0   186   213   177   204   161   215 0.85 -
Pdum_DN90796_c3_g1_i4:1517-2605  -            363 357580at33208        -            253   8.2e-11   39.3   0.5   4   5    0.0012     0.029   11.3   0.1   133   165   216   248   203   257 0.85 -
Pdum_DN90796_c3_g1_i4:1517-2605  -            363 357580at33208        -            253   8.2e-11   39.3   0.5   5   5       1.6        41    1.0   0.0   135   165   330   361   318   363 0.64 -
Pdum_DN73439_c0_g1_i2:1041-1721  -            227 357580at33208        -            253   9.5e-11   39.1   0.3   1   3   0.00097     0.024   11.5   0.0   178   242     6    69     2    69 0.92 -
Pdum_DN73439_c0_g1_i2:1041-1721  -            227 357580at33208        -            253   9.5e-11   39.1   0.3   2   3   2.3e-08   5.8e-07   26.7   0.0   113   207    65   162    55   185 0.81 -
Pdum_DN73439_c0_g1_i2:1041-1721  -            227 357580at33208        -            253   9.5e-11   39.1   0.3   3   3         1        26    1.6   0.0   177   211   191   225   154   227 0.58 -
Pdum_DN76013_c0_g1_i3:463-1068   -            202 357580at33208        -            253   1.1e-10   38.9   0.7   1   2   6.2e-10   1.6e-08   31.8   0.5   150   248    17   118     1   123 0.73 -
Pdum_DN76013_c0_g1_i3:463-1068   -            202 357580at33208        -            253   1.1e-10   38.9   0.7   2   2      0.13       3.3    4.6   0.0   219   246   144   171   136   189 0.67 -
Pdum_DN66325_c0_g1_i1:831-1904   -            358 357580at33208        -            253   1.3e-10   38.6   0.2   1   4     0.013      0.32    7.9   0.0   103   164    78   148    71   157 0.66 -
Pdum_DN66325_c0_g1_i1:831-1904   -            358 357580at33208        -            253   1.3e-10   38.6   0.2   2   4      0.65        16    2.3   0.0    33    73   170   212   166   217 0.67 -
Pdum_DN66325_c0_g1_i1:831-1904   -            358 357580at33208        -            253   1.3e-10   38.6   0.2   3   4     0.045       1.1    6.1   0.0   137   171   279   313   235   317 0.82 -
Pdum_DN66325_c0_g1_i1:831-1904   -            358 357580at33208        -            253   1.3e-10   38.6   0.2   4   4     0.004       0.1    9.5   0.1   132   164   326   358   322   358 0.94 -
Pdum_DN90517_c4_g2_i3:211-1731   -            507 357580at33208        -            253   3.1e-10   37.4   1.0   1   2     0.019      0.49    7.3   0.0   123   164    61   103    45   115 0.87 -
Pdum_DN90517_c4_g2_i3:211-1731   -            507 357580at33208        -            253   3.1e-10   37.4   1.0   2   2   5.4e-08   1.4e-06   25.5   1.7   123   216   287   389   275   418 0.79 -
Pdum_DN92615_c3_g1_i3:1432-2112  -            227 357580at33208        -            253   3.3e-10   37.3   1.0   1   2     3e-06   7.6e-05   19.7   0.2   131   211     7    88     3    98 0.80 -
Pdum_DN92615_c3_g1_i3:1432-2112  -            227 357580at33208        -            253   3.3e-10   37.3   1.0   2   2   3.5e-05   0.00087   16.3   0.0   149   250   116   216    94   219 0.82 -
Pdum_DN72823_c0_g2_i2:1154-1981  -            276 357580at33208        -            253   4.2e-10   37.0   0.2   1   2   2.1e-07   5.3e-06   23.5   0.1    98   214    30   146     5   152 0.73 -
Pdum_DN72823_c0_g2_i2:1154-1981  -            276 357580at33208        -            253   4.2e-10   37.0   0.2   2   2     0.003     0.076    9.9   0.0    97   152   211   271   197   276 0.59 -
Pdum_DN81583_c1_g1_i3:660-1619   -            320 357580at33208        -            253   6.8e-10   36.3   0.1   1   3      0.11       2.9    4.7   0.0   145   168     3    26     1    40 0.87 -
Pdum_DN81583_c1_g1_i3:660-1619   -            320 357580at33208        -            253   6.8e-10   36.3   0.1   2   3      0.34       8.7    3.2   0.0   148   240    70   168    63   181 0.55 -
Pdum_DN81583_c1_g1_i3:660-1619   -            320 357580at33208        -            253   6.8e-10   36.3   0.1   3   3   8.7e-07   2.2e-05   21.5   0.1   134   250   193   318   191   320 0.72 -
Pdum_DN75894_c0_g1_i3:333-1052   -            240 357580at33208        -            253   8.6e-10   36.0   1.7   1   2   3.6e-10   9.2e-09   32.6   0.2    88   242     9   170     6   180 0.77 -
Pdum_DN75894_c0_g1_i3:333-1052   -            240 357580at33208        -            253   8.6e-10   36.0   1.7   2   2      0.51        13    2.6   0.3    92   134   190   232   167   239 0.68 -
Pdum_DN71445_c0_g2_i2:766-1509   -            248 357580at33208        -            253   8.8e-10   35.9   0.8   1   2   5.1e-09   1.3e-07   28.8   0.3   153   232     2    78     1    86 0.87 -
Pdum_DN71445_c0_g2_i2:766-1509   -            248 357580at33208        -            253   8.8e-10   35.9   0.8   2   2     0.082       2.1    5.2   0.0    82   102    87   107    78   119 0.68 -
Pdum_DN63408_c0_g1_i3:4-960      -            319 357580at33208        -            253   9.8e-10   35.8   4.1   1   2   1.7e-08   4.4e-07   27.1   0.9    60   166     3   135     1   145 0.55 -
Pdum_DN63408_c0_g1_i3:4-960      -            319 357580at33208        -            253   9.8e-10   35.8   4.1   2   2     0.012       0.3    7.9   0.1    52    75   182   205   170   212 0.84 -
Pdum_DN78867_c0_g1_i4:315-983    -            223 357580at33208        -            253     1e-09   35.7   0.0   1   2    0.0065      0.16    8.8   0.0   187   218    19    50     3    58 0.89 -
Pdum_DN78867_c0_g1_i4:315-983    -            223 357580at33208        -            253     1e-09   35.7   0.0   2   2     7e-08   1.8e-06   25.1   0.0    99   245    55   201    50   207 0.85 -
Pdum_DN78785_c0_g1_i2:534-2834   -            767 357580at33208        -            253   1.3e-09   35.4   4.9   1   3      0.32       8.1    3.3   0.2   104   140    50    87    39    92 0.75 -
Pdum_DN78785_c0_g1_i2:534-2834   -            767 357580at33208        -            253   1.3e-09   35.4   4.9   2   3   5.7e-08   1.4e-06   25.4   0.5    99   213    91   210    85   214 0.80 -
Pdum_DN78785_c0_g1_i2:534-2834   -            767 357580at33208        -            253   1.3e-09   35.4   4.9   3   3    0.0018     0.044   10.7   0.1   114   171   194   261   182   276 0.71 -
Pdum_DN86637_c0_g1_i2:178-705    -            176 357580at33208        -            253   2.4e-09   34.5   0.6   1   1   3.4e-10   8.6e-09   32.7   0.6   111   213     9   121     1   125 0.73 -
Pdum_DN83005_c1_g1_i1:16-1335    -            440 357580at33208        -            253   3.6e-09   33.9   2.7   1   3     0.021      0.53    7.2   0.0   190   214     9    33     2    49 0.61 -
Pdum_DN83005_c1_g1_i1:16-1335    -            440 357580at33208        -            253   3.6e-09   33.9   2.7   2   3   2.9e-07   7.4e-06   23.1   2.2    33   105   109   191    79   199 0.78 -
Pdum_DN83005_c1_g1_i1:16-1335    -            440 357580at33208        -            253   3.6e-09   33.9   2.7   3   3    0.0098      0.25    8.2   0.1   202   230   173   201   167   216 0.69 -
Pdum_DN89224_c5_g2_i10:3220-3918 -            233 357580at33208        -            253   4.2e-09   33.7   1.8   1   2     0.056       1.4    5.8   0.3   131   170    82   122    27   132 0.64 -
Pdum_DN89224_c5_g2_i10:3220-3918 -            233 357580at33208        -            253   4.2e-09   33.7   1.8   2   2   1.3e-08   3.3e-07   27.5   0.1   103   167   134   205   129   214 0.85 -
Pdum_DN88741_c1_g1_i6:2841-3650  -            270 357580at33208        -            253     8e-09   32.8   1.9   1   2       1.8        45    0.8   0.0    83    96    20    33     3    52 0.63 -
Pdum_DN88741_c1_g1_i6:2841-3650  -            270 357580at33208        -            253     8e-09   32.8   1.9   2   2   1.4e-07   3.5e-06   24.1   1.2    27   212    46   266    36   270 0.65 -
Pdum_DN70029_c0_g1_i5:236-670    -            145 357580at33208        -            253   1.3e-08   32.1   0.0   1   1   5.8e-10   1.5e-08   31.9   0.0   132   243    16   136    10   145 0.77 -
Pdum_DN84981_c0_g1_i4:2535-3476  -            314 357580at33208        -            253   1.4e-08   32.0   0.0   1   2   7.8e-07     2e-05   21.7   0.1   115   221    80   187    57   194 0.79 -
Pdum_DN84981_c0_g1_i4:2535-3476  -            314 357580at33208        -            253   1.4e-08   32.0   0.0   2   2     0.014      0.36    7.7   0.0   192   236   203   249   194   258 0.87 -
Pdum_DN84002_c0_g1_i8:796-1551   -            252 357580at33208        -            253   1.7e-08   31.7   0.6   1   1     2e-08   4.9e-07   26.9   0.5   118   210    28   115     3   122 0.74 -
Pdum_DN38861_c0_g1_i1:595-1392   -            266 357580at33208        -            253   2.1e-08   31.4   0.1   1   2      0.02      0.51    7.2   0.0   115   238    16   140     1   146 0.67 -
Pdum_DN38861_c0_g1_i1:595-1392   -            266 357580at33208        -            253   2.1e-08   31.4   0.1   2   2   7.1e-09   1.8e-07   28.4   0.1   123   249   108   254    88   258 0.77 -
Pdum_DN80615_c0_g2_i1:231-1205   -            325 357580at33208        -            253   2.8e-08   31.0   0.4   1   3       2.6        66    0.3   0.0    97   122    51    76    32   107 0.69 -
Pdum_DN80615_c0_g2_i1:231-1205   -            325 357580at33208        -            253   2.8e-08   31.0   0.4   2   3   2.8e-08   7.1e-07   26.4   0.0   108   168   119   184   110   191 0.73 -
Pdum_DN80615_c0_g2_i1:231-1205   -            325 357580at33208        -            253   2.8e-08   31.0   0.4   3   3         3        76    0.1   0.0   197   228   258   288   230   308 0.62 -
Pdum_DN82853_c0_g1_i2:2495-3019  -            175 357580at33208        -            253   3.4e-08   30.7   0.1   1   1   3.2e-09     8e-08   29.5   0.1   133   243     1   110     1   120 0.83 -
Pdum_DN91578_c1_g1_i1:293-997    -            235 357580at33208        -            253   4.9e-08   30.2   0.5   1   3       1.6        41    1.0   0.0   192   237     1    46     1    54 0.83 -
Pdum_DN91578_c1_g1_i1:293-997    -            235 357580at33208        -            253   4.9e-08   30.2   0.5   2   3     0.004       0.1    9.5   0.0   195   243   128   176   121   179 0.87 -
Pdum_DN91578_c1_g1_i1:293-997    -            235 357580at33208        -            253   4.9e-08   30.2   0.5   3   3   1.7e-05   0.00042   17.3   0.1    51    85   175   209   170   227 0.61 -
Pdum_DN66486_c0_g1_i1:419-1648   -            410 357580at33208        -            253   6.5e-08   29.8   1.4   1   2   5.6e-08   1.4e-06   25.4   0.3   188   245   157   215    63   223 0.72 -
Pdum_DN66486_c0_g1_i1:419-1648   -            410 357580at33208        -            253   6.5e-08   29.8   1.4   2   2       2.2        57    0.5   0.0   189   236   303   351   288   364 0.82 -
Pdum_DN89974_c1_g1_i2:3302-3844  -            181 357580at33208        -            253   1.8e-07   28.4   0.7   1   1   2.2e-08   5.6e-07   26.7   0.7   116   204     2    92     1   136 0.76 -
Pdum_DN80062_c1_g1_i8:396-980    -            195 357580at33208        -            253     2e-07   28.2   1.3   1   2   0.00059     0.015   12.2   0.1   151   218    14    96     7   115 0.55 -
Pdum_DN80062_c1_g1_i8:396-980    -            195 357580at33208        -            253     2e-07   28.2   1.3   2   2   0.00045     0.011   12.6   0.2   110   168   115   181   103   188 0.70 -
Pdum_DN90517_c4_g1_i5:2-985      -            328 357580at33208        -            253     2e-07   28.2   2.3   1   4       7.7   1.9e+02   -1.2   0.0   215   233    45    63    26    68 0.75 -
Pdum_DN90517_c4_g1_i5:2-985      -            328 357580at33208        -            253     2e-07   28.2   2.3   2   4   0.00022    0.0055   13.7   0.1   196   232    72   111    43   122 0.68 -
Pdum_DN90517_c4_g1_i5:2-985      -            328 357580at33208        -            253     2e-07   28.2   2.3   3   4      0.29       7.4    3.4   0.1   151   177   129   155   121   170 0.75 -
Pdum_DN90517_c4_g1_i5:2-985      -            328 357580at33208        -            253     2e-07   28.2   2.3   4   4    0.0081       0.2    8.5   0.0   132   170   204   245   196   274 0.78 -
Pdum_DN83655_c1_g1_i2:238-2439   -            734 357580at33208        -            253   2.4e-07   28.0   0.7   1   4   7.9e-05     0.002   15.1   0.0   186   245    10    71     1    77 0.82 -
Pdum_DN83655_c1_g1_i2:238-2439   -            734 357580at33208        -            253   2.4e-07   28.0   0.7   2   4      0.26       6.6    3.6   0.0   157   242   163   247   133   255 0.70 -
Pdum_DN83655_c1_g1_i2:238-2439   -            734 357580at33208        -            253   2.4e-07   28.0   0.7   3   4      0.75        19    2.1   0.0   140   171   233   264   222   313 0.74 -
Pdum_DN83655_c1_g1_i2:238-2439   -            734 357580at33208        -            253   2.4e-07   28.0   0.7   4   4      0.71        18    2.2   0.0   189   235   495   540   432   559 0.66 -
Pdum_DN92880_c2_g1_i2:4337-5176  -            280 357580at33208        -            253   3.5e-07   27.4   0.1   1   3      0.14       3.4    4.5   0.0    69   104    14    47     6    85 0.74 -
Pdum_DN92880_c2_g1_i2:4337-5176  -            280 357580at33208        -            253   3.5e-07   27.4   0.1   2   3    0.0032      0.08    9.8   0.1   191   245   110   170    54   179 0.78 -
Pdum_DN92880_c2_g1_i2:4337-5176  -            280 357580at33208        -            253   3.5e-07   27.4   0.1   3   3   0.00013    0.0033   14.4   0.0   105   166   155   221   154   265 0.85 -
Pdum_DN89096_c2_g3_i4:2-1384     -            461 357580at33208        -            253   4.1e-07   27.2   0.3   1   2     0.021      0.54    7.1   0.0    36   241   104   163    81   175 0.54 -
Pdum_DN89096_c2_g3_i4:2-1384     -            461 357580at33208        -            253   4.1e-07   27.2   0.3   2   2   1.6e-05   0.00041   17.4   0.1   103   220   191   306   181   315 0.85 -
Pdum_DN71483_c1_g1_i1:599-1228   -            210 357580at33208        -            253   4.7e-07   27.0   0.2   1   3    0.0017     0.044   10.7   0.0    36    67    68   103    59   111 0.77 -
Pdum_DN71483_c1_g1_i1:599-1228   -            210 357580at33208        -            253   4.7e-07   27.0   0.2   2   3      0.85        21    1.9   0.0   216   242   111   138   105   143 0.76 -
Pdum_DN71483_c1_g1_i1:599-1228   -            210 357580at33208        -            253   4.7e-07   27.0   0.2   3   3    0.0007     0.018   12.0   0.1   109   167   129   193   114   200 0.73 -
Pdum_DN89809_c3_g1_i10:6324-7073 -            250 357580at33208        -            253   4.7e-07   27.0   0.7   1   2   0.00013    0.0032   14.4   0.2   186   249     6    79     1    83 0.69 -
Pdum_DN89809_c3_g1_i10:6324-7073 -            250 357580at33208        -            253   4.7e-07   27.0   0.7   2   2   0.00013    0.0032   14.4   0.1   134   227    50   139    42   156 0.82 -
Pdum_DN70491_c0_g1_i1:1-1254     -            418 357580at33208        -            253   7.4e-07   26.3   2.9   1   3   0.00049     0.012   12.5   0.0   183   246   143   210   135   219 0.65 -
Pdum_DN70491_c0_g1_i1:1-1254     -            418 357580at33208        -            253   7.4e-07   26.3   2.9   2   3    0.0036     0.092    9.6   0.1   134   166   232   264   212   274 0.82 -
Pdum_DN70491_c0_g1_i1:1-1254     -            418 357580at33208        -            253   7.4e-07   26.3   2.9   3   3      0.78        20    2.0   0.4   149   214   315   392   299   416 0.68 -
Pdum_DN88882_c1_g1_i3:233-556    -            108 357580at33208        -            253   8.9e-07   26.1   0.0   1   1   3.9e-08   9.8e-07   25.9   0.0   148   240     6   107     1   108 0.74 -
Pdum_DN57990_c0_g1_i2:33-530     -            166 357580at33208        -            253     1e-06   25.9   0.0   1   1   5.2e-08   1.3e-06   25.5   0.0   139   244    52   156     3   165 0.83 -
Pdum_DN79808_c0_g1_i2:642-4217   -           1192 357580at33208        -            253   1.2e-06   25.6   0.4   1   4    0.0096      0.24    8.3   0.0    40    84    20    66    11    68 0.78 -
Pdum_DN79808_c0_g1_i2:642-4217   -           1192 357580at33208        -            253   1.2e-06   25.6   0.4   2   4   0.00052     0.013   12.4   0.1   189   242    65   116    61   126 0.80 -
Pdum_DN79808_c0_g1_i2:642-4217   -           1192 357580at33208        -            253   1.2e-06   25.6   0.4   3   4       1.3        33    1.3   0.0   168   210   124   165    98   179 0.79 -
Pdum_DN79808_c0_g1_i2:642-4217   -           1192 357580at33208        -            253   1.2e-06   25.6   0.4   4   4         5   1.3e+02   -0.6   0.0   191   228   469   506   459   518 0.76 -
Pdum_DN83917_c0_g1_i10:2-1282    -            427 357580at33208        -            253   2.8e-06   24.5   0.2   1   2     0.021      0.52    7.2   0.0    99   131   154   186   144   205 0.85 -
Pdum_DN83917_c0_g1_i10:2-1282    -            427 357580at33208        -            253   2.8e-06   24.5   0.2   2   2   0.00015    0.0037   14.2   0.1   138   214   287   360   271   374 0.71 -
Pdum_DN89782_c4_g2_i2:556-4518   -           1321 357580at33208        -            253   4.4e-06   23.8   0.5   1   2   0.00043     0.011   12.7   0.1   117   250    29   162    21   165 0.87 -
Pdum_DN89782_c4_g2_i2:556-4518   -           1321 357580at33208        -            253   4.4e-06   23.8   0.5   2   2    0.0059      0.15    9.0   0.0   133   210   269   343   258   349 0.84 -
Pdum_DN91069_c3_g1_i7:2506-3243  -            246 357580at33208        -            253   7.4e-06   23.1   0.4   1   3     0.027      0.68    6.8   0.1   149   165    49    65    24    73 0.51 -
Pdum_DN91069_c3_g1_i7:2506-3243  -            246 357580at33208        -            253   7.4e-06   23.1   0.4   2   3     0.033      0.83    6.5   0.3    83   102    52    71    39   120 0.73 -
Pdum_DN91069_c3_g1_i7:2506-3243  -            246 357580at33208        -            253   7.4e-06   23.1   0.4   3   3   0.00077      0.02   11.9   0.0   189   241   183   235   166   241 0.83 -
Pdum_DN70256_c0_g1_i2:778-1377   -            200 357580at33208        -            253   7.4e-06   23.1   0.1   1   3       9.5   2.4e+02   -1.5   0.0   202   250    16    63     3    66 0.63 -
Pdum_DN70256_c0_g1_i2:778-1377   -            200 357580at33208        -            253   7.4e-06   23.1   0.1   2   3       2.9        73    0.1   0.0   184   239    78   133    59   139 0.80 -
Pdum_DN70256_c0_g1_i2:778-1377   -            200 357580at33208        -            253   7.4e-06   23.1   0.1   3   3   3.3e-06   8.4e-05   19.6   0.0   137   170   161   194   149   198 0.85 -
Pdum_DN69324_c0_g1_i2:232-1023   -            264 357580at33208        -            253   7.8e-06   23.0   1.0   1   2    0.0017     0.042   10.8   0.2   131   166    58    94    32   106 0.68 -
Pdum_DN69324_c0_g1_i2:232-1023   -            264 357580at33208        -            253   7.8e-06   23.0   1.0   2   2    0.0032      0.08    9.8   0.0   188   249   198   257   172   262 0.84 -
Pdum_DN87384_c0_g1_i3:1267-1899  -            211 357580at33208        -            253     9e-06   22.8   0.0   1   1   5.1e-07   1.3e-05   22.3   0.0   140   210   145   211   130   211 0.88 -
Pdum_DN90581_c4_g2_i3:17-301     -             95 357580at33208        -            253   1.1e-05   22.6   0.0   1   1   6.6e-07   1.7e-05   21.9   0.0   188   245    23    82    10    89 0.89 -
Pdum_DN84536_c0_g1_i1:2255-2878  -            208 357580at33208        -            253   1.3e-05   22.3   1.8   1   3      0.02       0.5    7.2   0.0   136   201    47   107    39   123 0.61 -
Pdum_DN84536_c0_g1_i1:2255-2878  -            208 357580at33208        -            253   1.3e-05   22.3   1.8   2   3   0.00012    0.0031   14.5   0.4   117   244    65   191    63   197 0.75 -
Pdum_DN84536_c0_g1_i1:2255-2878  -            208 357580at33208        -            253   1.3e-05   22.3   1.8   3   3    0.0064      0.16    8.8   0.2   189   214   178   203   172   207 0.86 -
Pdum_DN77673_c0_g1_i3:1295-1852  -            186 357580at33208        -            253   1.9e-05   21.7   0.4   1   2      0.27       6.9    3.5   0.0   190   214    29    53    12    55 0.76 -
Pdum_DN77673_c0_g1_i3:1295-1852  -            186 357580at33208        -            253   1.9e-05   21.7   0.4   2   2   8.2e-05    0.0021   15.0   0.1   144   249    80   178    70   182 0.71 -
Pdum_DN87538_c0_g1_i11:59-631    -            191 357580at33208        -            253   2.5e-05   21.3   0.1   1   3   4.9e-05    0.0012   15.8   0.2   191   252    14    79     5    80 0.81 -
Pdum_DN87538_c0_g1_i11:59-631    -            191 357580at33208        -            253   2.5e-05   21.3   0.1   2   3       7.1   1.8e+02   -1.1   0.0   133   170    92   130    84   141 0.56 -
Pdum_DN87538_c0_g1_i11:59-631    -            191 357580at33208        -            253   2.5e-05   21.3   0.1   3   3       1.8        45    0.8   0.0   115   139   164   186   151   191 0.67 -
Pdum_DN69316_c0_g1_i1:312-956    -            215 357580at33208        -            253   3.2e-05   21.0   0.1   1   2      0.72        18    2.1   0.0   102   137     2    37     1    43 0.80 -
Pdum_DN69316_c0_g1_i1:312-956    -            215 357580at33208        -            253   3.2e-05   21.0   0.1   2   2   2.4e-05    0.0006   16.8   0.0   100   213    51   171    40   214 0.65 -
Pdum_DN92312_c5_g1_i1:3890-4381  -            164 357580at33208        -            253   3.9e-05   20.7   0.1   1   2       6.9   1.7e+02   -1.1   0.0   221   231     5    15     2    22 0.61 -
Pdum_DN92312_c5_g1_i1:3890-4381  -            164 357580at33208        -            253   3.9e-05   20.7   0.1   2   2   5.1e-05    0.0013   15.7   0.0   112   216    27   138    26   149 0.77 -
Pdum_DN75371_c0_g2_i4:68-763     -            232 357580at33208        -            253   4.9e-05   20.4   0.4   1   2     0.013      0.34    7.8   0.0   200   227     5    32     1    55 0.83 -
Pdum_DN75371_c0_g2_i4:68-763     -            232 357580at33208        -            253   4.9e-05   20.4   0.4   2   2    0.0024      0.06   10.3   0.1    21    65   140   191   126   206 0.76 -
Pdum_DN92600_c5_g2_i1:144-365    -             74 357580at33208        -            253   5.3e-05   20.3   0.0   1   1   2.7e-06   6.8e-05   19.9   0.0   186   244     6    64     2    74 0.84 -
Pdum_DN90616_c3_g1_i1:602-1432   -            277 357580at33208        -            253   6.7e-05   19.9   0.3   1   4    0.0021     0.052   10.5   0.0   195   235     3    43     1    56 0.80 -
Pdum_DN90616_c3_g1_i1:602-1432   -            277 357580at33208        -            253   6.7e-05   19.9   0.3   2   4       0.2       5.1    3.9   0.0   195   240    60   104    48   109 0.68 -
Pdum_DN90616_c3_g1_i1:602-1432   -            277 357580at33208        -            253   6.7e-05   19.9   0.3   3   4       2.4        60    0.4   0.0   146   167   138   159   118   180 0.68 -
Pdum_DN90616_c3_g1_i1:602-1432   -            277 357580at33208        -            253   6.7e-05   19.9   0.3   4   4         2        50    0.7   0.0   124   130   153   159   134   232 0.65 -
Pdum_DN90901_c7_g1_i5:256-1545   -            430 357580at33208        -            253   7.1e-05   19.9   2.1   1   3      0.73        18    2.1   0.0   178   213    57    90    11   112 0.65 -
Pdum_DN90901_c7_g1_i5:256-1545   -            430 357580at33208        -            253   7.1e-05   19.9   2.1   2   3       0.1       2.5    4.9   0.0   199   222   166   188   153   220 0.75 -
Pdum_DN90901_c7_g1_i5:256-1545   -            430 357580at33208        -            253   7.1e-05   19.9   2.1   3   3    0.0039     0.099    9.5   0.0   179   232   234   291   221   303 0.83 -
Pdum_DN73864_c0_g1_i1:430-1335   -            302 357580at33208        -            253   8.4e-05   19.6   0.0   1   1   4.7e-05    0.0012   15.8   0.0   108   243   123   272    77   280 0.63 -
Pdum_DN74905_c1_g1_i2:2-1102     -            367 357580at33208        -            253   9.3e-05   19.5   0.2   1   2      0.12         3    4.7   0.1   184   213    20    49     8    86 0.85 -
Pdum_DN74905_c1_g1_i2:2-1102     -            367 357580at33208        -            253   9.3e-05   19.5   0.2   2   2   0.00048     0.012   12.5   0.0    66    99   136   179    94   244 0.68 -
Pdum_DN92435_c3_g1_i6:249-854    -            202 357580at33208        -            253   0.00011   19.2   0.3   1   2   1.9e-05   0.00047   17.2   0.1   184   244    12    72     3    82 0.88 -
Pdum_DN92435_c3_g1_i6:249-854    -            202 357580at33208        -            253   0.00011   19.2   0.3   2   2       7.8     2e+02   -1.3   0.0   159   173   160   174   145   195 0.64 -
Pdum_DN73667_c0_g1_i4:202-1662   -            487 357580at33208        -            253   0.00012   19.1   0.8   1   2     0.025      0.63    6.9   0.2   172   213   182   223   163   263 0.82 -
Pdum_DN73667_c0_g1_i4:202-1662   -            487 357580at33208        -            253   0.00012   19.1   0.8   2   2    0.0027     0.069   10.1   0.0   140   223   247   329   240   335 0.77 -
Pdum_DN84945_c0_g1_i5:1762-2376  -            205 357580at33208        -            253   0.00012   19.1   0.0   1   2       2.2        55    0.5   0.0   121   133    21    33     5    48 0.62 -
Pdum_DN84945_c0_g1_i5:1762-2376  -            205 357580at33208        -            253   0.00012   19.1   0.0   2   2   3.5e-05   0.00089   16.3   0.0   114   196    72   154    59   176 0.71 -
Pdum_DN86351_c0_g1_i1:4485-5351  -            289 357580at33208        -            253   0.00019   18.5   0.0   1   2     0.082       2.1    5.2   0.0   197   250    89   148    73   151 0.66 -
Pdum_DN86351_c0_g1_i1:4485-5351  -            289 357580at33208        -            253   0.00019   18.5   0.0   2   2    0.0025     0.064   10.2   0.0   103   210   170   286   163   289 0.64 -
Pdum_DN90162_c3_g1_i6:3068-3295  -             76 357580at33208        -            253   0.00019   18.4   0.1   1   1   1.2e-05   0.00031   17.8   0.1   184   244     8    68     3    76 0.87 -
Pdum_DN89812_c3_g1_i3:2-727      -            242 357580at33208        -            253   0.00021   18.3   0.2   1   2   5.5e-05    0.0014   15.6   0.0   110   169    61   127    45   133 0.83 -
Pdum_DN89812_c3_g1_i3:2-727      -            242 357580at33208        -            253   0.00021   18.3   0.2   2   2       3.2        80    0.0   0.0    84    98   157   171   150   212 0.74 -
Pdum_DN90254_c2_g1_i7:1612-2445  -            278 357580at33208        -            253   0.00026   18.0   0.4   1   2    0.0022     0.056   10.3   0.0   146   235   117   211    55   216 0.79 -
Pdum_DN90254_c2_g1_i7:1612-2445  -            278 357580at33208        -            253   0.00026   18.0   0.4   2   2     0.049       1.2    6.0   0.0   149   168   219   238   197   249 0.68 -
Pdum_DN82465_c0_g2_i1:488-1204   -            239 357580at33208        -            253   0.00032   17.7   0.0   1   3      0.65        16    2.3   0.0   200   219     4    23     2    36 0.75 -
Pdum_DN82465_c0_g2_i1:488-1204   -            239 357580at33208        -            253   0.00032   17.7   0.0   2   3      0.22       5.4    3.8   0.0   126   172   107   152    60   167 0.73 -
Pdum_DN82465_c0_g2_i1:488-1204   -            239 357580at33208        -            253   0.00032   17.7   0.0   3   3     0.011      0.27    8.1   0.0   131   166   204   239   165   239 0.85 -
Pdum_DN78364_c0_g2_i1:5-400      -            132 357580at33208        -            253   0.00035   17.6   0.0   1   2       1.8        46    0.8   0.0    37    67    36    69     9    84 0.59 -
Pdum_DN78364_c0_g2_i1:5-400      -            132 357580at33208        -            253   0.00035   17.6   0.0   2   2   4.7e-05    0.0012   15.9   0.0   180   234    76   130    40   132 0.86 -
Pdum_DN75082_c2_g3_i2:17-943     -            309 357580at33208        -            253   0.00043   17.3   6.3   1   3   7.1e-05    0.0018   15.2   0.9   185   250    19    89     8    92 0.65 -
Pdum_DN75082_c2_g3_i2:17-943     -            309 357580at33208        -            253   0.00043   17.3   6.3   2   3       1.6        39    1.0   0.0   127   192   105   171    95   190 0.64 -
Pdum_DN75082_c2_g3_i2:17-943     -            309 357580at33208        -            253   0.00043   17.3   6.3   3   3      0.97        25    1.7   0.1   134   164   278   308   266   309 0.67 -
Pdum_DN92425_c3_g2_i1:539-1228   -            230 357580at33208        -            253   0.00067   16.6   2.2   1   3     0.014      0.35    7.7   0.1    35    81     4    51     2    63 0.83 -
Pdum_DN92425_c3_g2_i1:539-1228   -            230 357580at33208        -            253   0.00067   16.6   2.2   2   3      0.21       5.3    3.9   0.0    52    70    68    86    60    98 0.79 -
Pdum_DN92425_c3_g2_i1:539-1228   -            230 357580at33208        -            253   0.00067   16.6   2.2   3   3      0.35       8.7    3.2   0.0   104   150   178   228   131   230 0.56 -
Pdum_DN77384_c0_g1_i7:393-935    -            181 357580at33208        -            253    0.0018   15.2   0.0   1   2     0.013      0.34    7.8   0.0   188   243    29    82    24    92 0.84 -
Pdum_DN77384_c0_g1_i7:393-935    -            181 357580at33208        -            253    0.0018   15.2   0.0   2   2      0.11       2.9    4.8   0.0   115   165   123   179   115   181 0.70 -
Pdum_DN92828_c4_g1_i1:1100-1621  -            174 357580at33208        -            253    0.0019   15.2   1.2   1   2    0.0059      0.15    9.0   0.1   135   167     3    35     1    67 0.67 -
Pdum_DN92828_c4_g1_i1:1100-1621  -            174 357580at33208        -            253    0.0019   15.2   1.2   2   2      0.11       2.9    4.8   0.1    90   128   129   168   100   174 0.53 -
Pdum_DN79525_c1_g1_i2:759-1442   -            228 357580at33208        -            253    0.0077   13.2   0.1   1   2      0.26       6.4    3.6   0.0   147   180    56    89    12    94 0.85 -
Pdum_DN79525_c1_g1_i2:759-1442   -            228 357580at33208        -            253    0.0077   13.2   0.1   2   2    0.0047      0.12    9.3   0.0   135   165    89   120    51   128 0.68 -
Pdum_DN55647_c0_g1_i2:33-551     -            173 357580at33208        -            253    0.0077   13.2   0.4   1   2     0.039      0.99    6.3   0.2   134   212     2    84     1   102 0.62 -
Pdum_DN55647_c0_g1_i2:33-551     -            173 357580at33208        -            253    0.0077   13.2   0.4   2   2     0.085       2.1    5.2   0.0   120   166   107   153    70   158 0.76 -
Pdum_DN85938_c0_g1_i1:258-608    -            117 357580at33208        -            253    0.0089   13.0   0.2   1   1   0.00033    0.0083   13.1   0.2   136   167     1    32     1   110 0.85 -
Pdum_DN92312_c4_g1_i6:372-914    -            181 357580at33208        -            253      0.01   12.8   0.8   1   1    0.0013     0.033   11.1   0.3   113   166    20    84     7   103 0.62 -
Pdum_DN83223_c0_g2_i1:739-1377   -            213 357580at33208        -            253     0.025   11.5   2.0   1   2    0.0027     0.069   10.1   0.8   127   244    27   146    25   156 0.74 -
Pdum_DN83223_c0_g2_i1:739-1377   -            213 357580at33208        -            253     0.025   11.5   2.0   2   2       8.7   2.2e+02   -1.4   0.0    24    52   174   201   159   212 0.66 -
Pdum_DN77163_c0_g1_i7:250-627    -            126 357580at33208        -            253     0.034   11.1   0.0   1   1    0.0018     0.045   10.7   0.0   198   238    12    53     5    70 0.77 -
#
# Program:         hmmsearch
# Version:         3.1b2 (February 2015)
# Pipeline mode:   SEARCH
# Query file:      /mnt/f/phylo/WORMS/busco_analysis/busco_downloads/lineages/metazoa_odb10/hmms/357580at33208.hmm
# Target file:     /mnt/f/phylo/WORMS/busco_analysis/metazoa_lineage_result/run_metazoa_odb10/metaeuk_output/initial_results/Platynereis_ref.eggnog_filter.nucl.fasta.modified.fas
# Option settings: hmmsearch --domtblout /mnt/f/phylo/WORMS/busco_analysis/metazoa_lineage_result/run_metazoa_odb10/hmmer_output/initial_run_results/357580at33208.out --cpu 1 /mnt/f/phylo/WORMS/busco_analysis/busco_downloads/lineages/metazoa_odb10/hmms/357580at33208.hmm /mnt/f/phylo/WORMS/busco_analysis/metazoa_lineage_result/run_metazoa_odb10/metaeuk_output/initial_results/Platynereis_ref.eggnog_filter.nucl.fasta.modified.fas 
# Current dir:     /mnt/f/phylo/WORMS/busco_analysis
# Date:            Sun Mar 12 20:42:07 2023
# [ok]
