#                                                                                        --- full sequence --- -------------- this domain -------------   hmm coord   ali coord   env coord
# target name                    accession   tlen query name           accession   qlen   E-value  score  bias   #  of  c-Evalue  i-Evalue  score  bias  from    to  from    to  from    to  acc description of target
#            ------------------- ---------- ----- -------------------- ---------- ----- --------- ------ ----- --- --- --------- --------- ------ ----- ----- ----- ----- ----- ----- ----- ---- ---------------------
Pdum_DN79208_c0_g1_i2:96-1031    -            312 361100at33208        -            270  2.1e-137  454.8   2.5   1   1  1.9e-138  4.9e-137  453.6   2.5     1   270     8   310     8   310 0.93 -
Pdum_DN80129_c0_g2_i7:710-1570   -            287 361100at33208        -            270   2.8e-32  110.1   1.9   1   3   7.8e-12     2e-10   38.3   0.3   184   269     2    98     1    99 0.84 -
Pdum_DN80129_c0_g2_i7:710-1570   -            287 361100at33208        -            270   2.8e-32  110.1   1.9   2   3   7.9e-15   2.1e-13   48.2   0.0     2   112   103   214   102   225 0.87 -
Pdum_DN80129_c0_g2_i7:710-1570   -            287 361100at33208        -            270   2.8e-32  110.1   1.9   3   3   5.4e-11   1.4e-09   35.6   0.1     8   128   151   276   151   282 0.78 -
Pdum_DN79110_c0_g1_i7:340-1365   -            342 361100at33208        -            270     9e-32  108.4   0.4   1   3   1.2e-10   3.1e-09   34.5   0.0    28   152    50   178    42   186 0.81 -
Pdum_DN79110_c0_g1_i7:340-1365   -            342 361100at33208        -            270     9e-32  108.4   0.4   2   3   8.4e-14   2.2e-12   44.8   0.1     2   111   151   263   150   268 0.88 -
Pdum_DN79110_c0_g1_i7:340-1365   -            342 361100at33208        -            270     9e-32  108.4   0.4   3   3   1.7e-12   4.5e-11   40.5   0.0     4   128   194   327   191   341 0.76 -
Pdum_DN83588_c0_g2_i13:1452-2396 -            315 361100at33208        -            270   1.2e-31  108.0   0.0   1   6    0.0063      0.17    9.1   0.0   199   220    10    31     6    33 0.89 -
Pdum_DN83588_c0_g2_i13:1452-2396 -            315 361100at33208        -            270   1.2e-31  108.0   0.0   2   6   4.3e-11   1.1e-09   35.9   0.0   177   269    32   136    30   136 0.81 -
Pdum_DN83588_c0_g2_i13:1452-2396 -            315 361100at33208        -            270   1.2e-31  108.0   0.0   3   6   6.6e-07   1.7e-05   22.2   0.0    74   144    87   160    73   169 0.76 -
Pdum_DN83588_c0_g2_i13:1452-2396 -            315 361100at33208        -            270   1.2e-31  108.0   0.0   4   6     0.052       1.4    6.1   0.0     2    33   199   231   198   235 0.77 -
Pdum_DN83588_c0_g2_i13:1452-2396 -            315 361100at33208        -            270   1.2e-31  108.0   0.0   5   6   0.00052     0.014   12.7   0.0   181   216   238   273   229   277 0.82 -
Pdum_DN83588_c0_g2_i13:1452-2396 -            315 361100at33208        -            270   1.2e-31  108.0   0.0   6   6   4.8e-10   1.2e-08   32.5   0.0   179   215   278   314   275   315 0.95 -
Pdum_DN88256_c0_g1_i4:512-2926   -            805 361100at33208        -            270   3.3e-31  106.5  11.9   1   8   0.00053     0.014   12.7   0.1    11   123    36   151    34   152 0.72 -
Pdum_DN88256_c0_g1_i4:512-2926   -            805 361100at33208        -            270   3.3e-31  106.5  11.9   2   8   9.6e-10   2.5e-08   31.5   0.1     2   120   113   233   112   247 0.86 -
Pdum_DN88256_c0_g1_i4:512-2926   -            805 361100at33208        -            270   3.3e-31  106.5  11.9   3   8       1.6        41    1.3   0.0     3    33   252   282   250   307 0.83 -
Pdum_DN88256_c0_g1_i4:512-2926   -            805 361100at33208        -            270   3.3e-31  106.5  11.9   4   8     2e-06   5.3e-05   20.6   0.2     2   103   312   413   311   424 0.83 -
Pdum_DN88256_c0_g1_i4:512-2926   -            805 361100at33208        -            270   3.3e-31  106.5  11.9   5   8      0.11       2.8    5.1   0.0   186   216   427   458   421   462 0.74 -
Pdum_DN88256_c0_g1_i4:512-2926   -            805 361100at33208        -            270   3.3e-31  106.5  11.9   6   8   0.00063     0.016   12.4   0.0   184   220   478   514   471   517 0.92 -
Pdum_DN88256_c0_g1_i4:512-2926   -            805 361100at33208        -            270   3.3e-31  106.5  11.9   7   8   5.9e-06   0.00015   19.1   0.0   183   220   519   556   515   558 0.94 -
Pdum_DN88256_c0_g1_i4:512-2926   -            805 361100at33208        -            270   3.3e-31  106.5  11.9   8   8   2.7e-05    0.0007   16.9   0.1    65   144   558   640   556   660 0.75 -
Pdum_DN78086_c1_g1_i5:2830-3705  -            292 361100at33208        -            270   5.1e-30  102.6   2.0   1   4    0.0015      0.04   11.2   0.0     3    32    21    51    11    58 0.76 -
Pdum_DN78086_c1_g1_i5:2830-3705  -            292 361100at33208        -            270   5.1e-30  102.6   2.0   2   4   5.6e-15   1.5e-13   48.7   0.0     3   105    64   166    63   171 0.92 -
Pdum_DN78086_c1_g1_i5:2830-3705  -            292 361100at33208        -            270   5.1e-30  102.6   2.0   3   4   2.3e-10     6e-09   33.5   0.1   183   268   171   267   167   268 0.82 -
Pdum_DN78086_c1_g1_i5:2830-3705  -            292 361100at33208        -            270   5.1e-30  102.6   2.0   4   4   0.00091     0.024   11.9   0.0   182   216   254   288   250   292 0.72 -
Pdum_DN74150_c0_g1_i3:157-2955   -            933 361100at33208        -            270   1.5e-28   97.8   1.4   1   7   8.6e-07   2.2e-05   21.8   0.0     5   102    40   137    37   144 0.83 -
Pdum_DN74150_c0_g1_i3:157-2955   -            933 361100at33208        -            270   1.5e-28   97.8   1.4   2   7   0.00028    0.0074   13.6   0.1     2    58   163   221   162   235 0.77 -
Pdum_DN74150_c0_g1_i3:157-2955   -            933 361100at33208        -            270   1.5e-28   97.8   1.4   3   7       9.7   2.5e+02   -1.3   0.0    75   111   276   312   271   332 0.83 -
Pdum_DN74150_c0_g1_i3:157-2955   -            933 361100at33208        -            270   1.5e-28   97.8   1.4   4   7   0.00081     0.021   12.1   0.0    66   142   400   476   386   481 0.83 -
Pdum_DN74150_c0_g1_i3:157-2955   -            933 361100at33208        -            270   1.5e-28   97.8   1.4   5   7     0.026      0.68    7.1   0.0   182   216   482   516   477   529 0.89 -
Pdum_DN74150_c0_g1_i3:157-2955   -            933 361100at33208        -            270   1.5e-28   97.8   1.4   6   7     0.064       1.7    5.8   0.0   188   219   543   574   530   581 0.79 -
Pdum_DN74150_c0_g1_i3:157-2955   -            933 361100at33208        -            270   1.5e-28   97.8   1.4   7   7   2.8e-08   7.4e-07   26.7   0.0     2   101   598   697   597   702 0.93 -
Pdum_DN80927_c0_g1_i1:489-1964   -            492 361100at33208        -            270   5.9e-28   95.9   1.0   1   3   2.4e-05   0.00063   17.1   0.0   177   219   138   180   123   185 0.86 -
Pdum_DN80927_c0_g1_i1:489-1964   -            492 361100at33208        -            270   5.9e-28   95.9   1.0   2   3   1.7e-08   4.4e-07   27.4   0.4     4   113   260   368   257   375 0.83 -
Pdum_DN80927_c0_g1_i1:489-1964   -            492 361100at33208        -            270   5.9e-28   95.9   1.0   3   3   7.9e-12     2e-10   38.3   0.0     2   102   392   491   391   492 0.85 -
Pdum_DN83588_c0_g2_i13:1293-2279 -            329 361100at33208        -            270     6e-28   95.8   0.0   1   5   3.9e-10     1e-08   32.8   0.1   186   269     2    97     1    97 0.79 -
Pdum_DN83588_c0_g2_i13:1293-2279 -            329 361100at33208        -            270     6e-28   95.8   0.0   2   5   6.7e-07   1.7e-05   22.2   0.0    74   144    48   121    33   131 0.75 -
Pdum_DN83588_c0_g2_i13:1293-2279 -            329 361100at33208        -            270     6e-28   95.8   0.0   3   5     0.052       1.3    6.1   0.0     2    33   160   192   159   198 0.78 -
Pdum_DN83588_c0_g2_i13:1293-2279 -            329 361100at33208        -            270     6e-28   95.8   0.0   4   5   0.00045     0.012   12.9   0.0   181   216   199   234   187   239 0.81 -
Pdum_DN83588_c0_g2_i13:1293-2279 -            329 361100at33208        -            270     6e-28   95.8   0.0   5   5   2.3e-10   5.9e-09   33.5   0.0   179   216   239   276   234   285 0.93 -
Pdum_DN84894_c0_g1_i9:97-867     -            257 361100at33208        -            270   1.9e-25   87.7   0.0   1   4   3.8e-12   9.8e-11   39.4   0.0     3   107    31   136    30   140 0.89 -
Pdum_DN84894_c0_g1_i9:97-867     -            257 361100at33208        -            270   1.9e-25   87.7   0.0   2   4   6.2e-06   0.00016   19.0   0.0    65   106   136   177   133   180 0.93 -
Pdum_DN84894_c0_g1_i9:97-867     -            257 361100at33208        -            270   1.9e-25   87.7   0.0   3   4    0.0012     0.031   11.5   0.0   183   216   181   215   178   219 0.87 -
Pdum_DN84894_c0_g1_i9:97-867     -            257 361100at33208        -            270   1.9e-25   87.7   0.0   4   4   0.00014    0.0037   14.5   0.1   179   216   220   257   217   257 0.91 -
Pdum_DN91072_c6_g2_i4:11-988     -            326 361100at33208        -            270   2.7e-24   83.8   0.8   1   4    0.0019     0.048   10.9   0.0    27    70    29    73    24    89 0.71 -
Pdum_DN91072_c6_g2_i4:11-988     -            326 361100at33208        -            270   2.7e-24   83.8   0.8   2   4   4.5e-16   1.2e-14   52.2   0.2     3   114    90   208    88   221 0.84 -
Pdum_DN91072_c6_g2_i4:11-988     -            326 361100at33208        -            270   2.7e-24   83.8   0.8   3   4   4.9e-06   0.00013   19.3   0.0    65   153   203   294   201   301 0.85 -
Pdum_DN91072_c6_g2_i4:11-988     -            326 361100at33208        -            270   2.7e-24   83.8   0.8   4   4   3.2e-05   0.00084   16.7   0.0     5   102   227   326   223   326 0.92 -
Pdum_DN92078_c7_g2_i1:2888-3787  -            300 361100at33208        -            270   6.8e-24   82.5   7.3   1   3   2.4e-06   6.1e-05   20.4   0.1    80   142     3    67     1    73 0.79 -
Pdum_DN92078_c7_g2_i1:2888-3787  -            300 361100at33208        -            270   6.8e-24   82.5   7.3   2   3   2.2e-13   5.7e-12   43.4   1.3    69   215    75   235    70   235 0.83 -
Pdum_DN92078_c7_g2_i1:2888-3787  -            300 361100at33208        -            270   6.8e-24   82.5   7.3   3   3   6.6e-11   1.7e-09   35.3   0.1     2   101   137   236   136   291 0.77 -
Pdum_DN90586_c2_g3_i4:2166-2804  -            213 361100at33208        -            270   6.4e-23   79.3   0.0   1   3   6.2e-09   1.6e-07   28.8   0.0    71   156     8    97     2    98 0.79 -
Pdum_DN90586_c2_g3_i4:2166-2804  -            213 361100at33208        -            270   6.4e-23   79.3   0.0   2   3   3.3e-13   8.6e-12   42.9   0.0     4   103    68   167    66   174 0.92 -
Pdum_DN90586_c2_g3_i4:2166-2804  -            213 361100at33208        -            270   6.4e-23   79.3   0.0   3   3   7.9e-05    0.0021   15.4   0.0   183   220   174   211   169   212 0.91 -
Pdum_DN87680_c1_g3_i1:3327-4124  -            266 361100at33208        -            270   6.5e-23   79.3   7.8   1   4   0.00022    0.0058   13.9   0.0    72   111     6    45     2    52 0.83 -
Pdum_DN87680_c1_g3_i1:3327-4124  -            266 361100at33208        -            270   6.5e-23   79.3   7.8   2   4   6.1e-14   1.6e-12   45.2   0.7     2   111    20   129    19   132 0.94 -
Pdum_DN87680_c1_g3_i1:3327-4124  -            266 361100at33208        -            270   6.5e-23   79.3   7.8   3   4   9.6e-05    0.0025   15.1   0.2   219   268   131   182   127   184 0.82 -
Pdum_DN87680_c1_g3_i1:3327-4124  -            266 361100at33208        -            270   6.5e-23   79.3   7.8   4   4     2e-06   5.2e-05   20.6   0.1     3    57   209   265   207   266 0.85 -
Pdum_DN78854_c0_g1_i1:1579-2349  -            257 361100at33208        -            270   9.1e-23   78.8   6.9   1   5    0.0034     0.087   10.0   0.0   186   214     2    30     1    36 0.93 -
Pdum_DN78854_c0_g1_i1:1579-2349  -            257 361100at33208        -            270   9.1e-23   78.8   6.9   2   5   1.2e-05   0.00031   18.1   1.3   183   220    41    78    34   103 0.69 -
Pdum_DN78854_c0_g1_i1:1579-2349  -            257 361100at33208        -            270   9.1e-23   78.8   6.9   3   5   1.2e-06   3.2e-05   21.3   0.0   182   217    82   117    77   120 0.88 -
Pdum_DN78854_c0_g1_i1:1579-2349  -            257 361100at33208        -            270   9.1e-23   78.8   6.9   4   5   2.6e-14   6.7e-13   46.5   0.0     2   101   101   200   100   206 0.92 -
Pdum_DN78854_c0_g1_i1:1579-2349  -            257 361100at33208        -            270   9.1e-23   78.8   6.9   5   5      0.27       7.1    3.8   0.0    75   102   216   243   204   250 0.63 -
Pdum_DN82012_c2_g2_i1:484-1302   -            273 361100at33208        -            270     4e-22   76.7   7.6   1   3   6.1e-07   1.6e-05   22.3   0.4     2    61    16    75    15    79 0.69 -
Pdum_DN82012_c2_g2_i1:484-1302   -            273 361100at33208        -            270     4e-22   76.7   7.6   2   3    0.0097      0.25    8.5   0.0     4    34    58    89    56    97 0.66 -
Pdum_DN82012_c2_g2_i1:484-1302   -            273 361100at33208        -            270     4e-22   76.7   7.6   3   3     2e-16   5.1e-15   53.4   1.3     4   142    98   236    95   245 0.84 -
Pdum_DN85045_c0_g1_i5:248-835    -            196 361100at33208        -            270   4.9e-22   76.5   0.0   1   2   3.6e-08   9.5e-07   26.3   0.0   194   268     7    92     3    94 0.86 -
Pdum_DN85045_c0_g1_i5:248-835    -            196 361100at33208        -            270   4.9e-22   76.5   0.0   2   2   8.8e-15   2.3e-13   48.0   0.0     3   100    99   196    97   196 0.94 -
Pdum_DN77740_c0_g3_i3:100-1476   -            459 361100at33208        -            270   1.3e-20   71.8   0.6   1   3   8.1e-12   2.1e-10   38.3   0.1     3   110   164   271   162   288 0.87 -
Pdum_DN77740_c0_g3_i3:100-1476   -            459 361100at33208        -            270   1.3e-20   71.8   0.6   2   3   9.3e-05    0.0024   15.1   0.0     4    54   291   342   288   354 0.88 -
Pdum_DN77740_c0_g3_i3:100-1476   -            459 361100at33208        -            270   1.3e-20   71.8   0.6   3   3   0.00084     0.022   12.0   0.0   112   176   357   424   349   435 0.78 -
Pdum_DN73138_c0_g1_i1:392-1264   -            291 361100at33208        -            270   2.9e-20   70.6   0.1   1   2   3.2e-14   8.4e-13   46.2   0.0     4   142    26   167    23   171 0.90 -
Pdum_DN73138_c0_g1_i1:392-1264   -            291 361100at33208        -            270   2.9e-20   70.6   0.1   2   2     4e-07   1.1e-05   22.9   0.0    66   142   170   251   166   290 0.76 -
Pdum_DN72920_c0_g1_i5:770-1675   -            302 361100at33208        -            270   7.5e-20   69.3   4.7   1   4    0.0037     0.097    9.9   0.1   176   218     2    48     1    52 0.82 -
Pdum_DN72920_c0_g1_i5:770-1675   -            302 361100at33208        -            270   7.5e-20   69.3   4.7   2   4   3.2e-07   8.4e-06   23.2   0.0     4   105    77   178    74   189 0.85 -
Pdum_DN72920_c0_g1_i5:770-1675   -            302 361100at33208        -            270   7.5e-20   69.3   4.7   3   4   7.1e-10   1.9e-08   31.9   2.7   194   269   194   280   179   281 0.83 -
Pdum_DN72920_c0_g1_i5:770-1675   -            302 361100at33208        -            270   7.5e-20   69.3   4.7   4   4   1.9e-05   0.00049   17.4   1.8   183   239   225   290   220   301 0.68 -
Pdum_DN73512_c4_g2_i3:726-1661   -            312 361100at33208        -            270   1.1e-19   68.8   0.0   1   1   4.4e-19   1.1e-17   62.1   0.0     4   225    76   306    75   310 0.79 -
Pdum_DN87134_c2_g1_i3:1621-2460  -            280 361100at33208        -            270   1.8e-19   68.0  14.5   1   4   3.1e-06     8e-05   20.0   0.8    84   149    12    80     1    94 0.81 -
Pdum_DN87134_c2_g1_i3:1621-2460  -            280 361100at33208        -            270   1.8e-19   68.0  14.5   2   4   4.1e-12   1.1e-10   39.3   1.2     4   115   104   210   102   219 0.83 -
Pdum_DN87134_c2_g1_i3:1621-2460  -            280 361100at33208        -            270   1.8e-19   68.0  14.5   3   4    0.0069      0.18    9.0   0.1   231   269   223   263   207   264 0.59 -
Pdum_DN87134_c2_g1_i3:1621-2460  -            280 361100at33208        -            270   1.8e-19   68.0  14.5   4   4     0.047       1.2    6.3   0.1     2    16   266   280   265   280 0.92 -
Pdum_DN80498_c1_g1_i1:1987-2589  -            201 361100at33208        -            270     3e-19   67.3   0.3   1   3     4e-05     0.001   16.4   0.0   224   266     6    50     1    53 0.73 -
Pdum_DN80498_c1_g1_i1:1987-2589  -            201 361100at33208        -            270     3e-19   67.3   0.3   2   3   4.8e-13   1.2e-11   42.3   0.0     3   118    61   179    59   183 0.87 -
Pdum_DN80498_c1_g1_i1:1987-2589  -            201 361100at33208        -            270     3e-19   67.3   0.3   3   3     0.024      0.61    7.3   0.0   185   214   172   201   166   201 0.78 -
Pdum_DN75190_c1_g2_i8:1873-2820  -            316 361100at33208        -            270   3.5e-19   67.1   2.5   1   3   4.4e-07   1.2e-05   22.8   0.9    83   179    58   157    49   160 0.82 -
Pdum_DN75190_c1_g2_i8:1873-2820  -            316 361100at33208        -            270   3.5e-19   67.1   2.5   2   3   1.7e-06   4.5e-05   20.8   0.4   201   270   141   222   128   222 0.73 -
Pdum_DN75190_c1_g2_i8:1873-2820  -            316 361100at33208        -            270   3.5e-19   67.1   2.5   3   3   3.4e-07   8.9e-06   23.1   0.0     3    59   225   281   223   307 0.68 -
Pdum_DN74356_c1_g1_i1:377-1456   -            360 361100at33208        -            270   4.6e-19   66.7   1.0   1   5     1e-07   2.6e-06   24.9   0.0     2   104    17   123    16   135 0.83 -
Pdum_DN74356_c1_g1_i1:377-1456   -            360 361100at33208        -            270   4.6e-19   66.7   1.0   2   5   9.2e-05    0.0024   15.2   0.0    36   103   148   216   134   229 0.86 -
Pdum_DN74356_c1_g1_i1:377-1456   -            360 361100at33208        -            270   4.6e-19   66.7   1.0   3   5   0.00024    0.0063   13.8   0.1   221   267   245   293   234   296 0.80 -
Pdum_DN74356_c1_g1_i1:377-1456   -            360 361100at33208        -            270   4.6e-19   66.7   1.0   4   5      0.11         3    5.0   0.0    83   110   298   326   293   332 0.71 -
Pdum_DN74356_c1_g1_i1:377-1456   -            360 361100at33208        -            270   4.6e-19   66.7   1.0   5   5       1.3        34    1.5   0.0   191   207   338   354   333   358 0.84 -
Pdum_DN76828_c2_g1_i1:4967-5695  -            243 361100at33208        -            270   5.5e-19   66.4   1.2   1   3   0.00012    0.0031   14.8   0.1   181   219    40    77    24    81 0.87 -
Pdum_DN76828_c2_g1_i1:4967-5695  -            243 361100at33208        -            270   5.5e-19   66.4   1.2   2   3   2.2e-13   5.6e-12   43.5   0.0     3   102   102   203   100   211 0.92 -
Pdum_DN76828_c2_g1_i1:4967-5695  -            243 361100at33208        -            270   5.5e-19   66.4   1.2   3   3      0.61        16    2.6   0.0    71    99   214   242   209   243 0.76 -
Pdum_DN87342_c0_g1_i8:5-2425     -            807 361100at33208        -            270   7.1e-19   66.1   0.1   1   4    0.0059      0.15    9.2   0.0    49   122    34   105    17   130 0.63 -
Pdum_DN87342_c0_g1_i8:5-2425     -            807 361100at33208        -            270   7.1e-19   66.1   0.1   2   4       0.1       2.7    5.2   0.0    68   142   140   219   105   232 0.72 -
Pdum_DN87342_c0_g1_i8:5-2425     -            807 361100at33208        -            270   7.1e-19   66.1   0.1   3   4   3.1e-13   8.2e-12   42.9   0.0    58   218   366   537   307   541 0.79 -
Pdum_DN87342_c0_g1_i8:5-2425     -            807 361100at33208        -            270   7.1e-19   66.1   0.1   4   4   5.7e-05    0.0015   15.8   0.0     2    62   520   582   519   655 0.87 -
Pdum_DN89838_c3_g2_i15:954-1709  -            252 361100at33208        -            270   1.5e-18   65.0   2.2   1   3   2.2e-06   5.7e-05   20.5   0.4     4   108     2   101     1   104 0.70 -
Pdum_DN89838_c3_g2_i15:954-1709  -            252 361100at33208        -            270   1.5e-18   65.0   2.2   2   3   1.3e-09   3.3e-08   31.1   0.7     4   150    42   183    41   194 0.82 -
Pdum_DN89838_c3_g2_i15:954-1709  -            252 361100at33208        -            270   1.5e-18   65.0   2.2   3   3   9.4e-06   0.00025   18.4   0.0     3    40   203   241   202   248 0.86 -
Pdum_DN78454_c0_g1_i4:576-2111   -            512 361100at33208        -            270   2.1e-18   64.6   0.1   1   3   3.9e-05     0.001   16.4   0.0   164   236   190   262   143   273 0.74 -
Pdum_DN78454_c0_g1_i4:576-2111   -            512 361100at33208        -            270   2.1e-18   64.6   0.1   2   3   1.5e-12     4e-11   40.7   0.1     2   112   278   388   277   433 0.87 -
Pdum_DN78454_c0_g1_i4:576-2111   -            512 361100at33208        -            270   2.1e-18   64.6   0.1   3   3      0.26       6.8    3.8   0.0    83   138   452   510   444   511 0.77 -
Pdum_DN84798_c1_g2_i5:993-2768   -            592 361100at33208        -            270   2.7e-18   64.2   0.0   1   6       5.5   1.4e+02   -0.5   0.0   126   140    63    77    40    95 0.76 -
Pdum_DN84798_c1_g2_i5:993-2768   -            592 361100at33208        -            270   2.7e-18   64.2   0.0   2   6       1.8        46    1.1   0.0   223   268    95   144    55   146 0.53 -
Pdum_DN84798_c1_g2_i5:993-2768   -            592 361100at33208        -            270   2.7e-18   64.2   0.0   3   6   7.8e-08     2e-06   25.2   0.0     3   141   152   296   150   306 0.86 -
Pdum_DN84798_c1_g2_i5:993-2768   -            592 361100at33208        -            270   2.7e-18   64.2   0.0   4   6   0.00012     0.003   14.8   0.0    68   144   305   383   293   394 0.83 -
Pdum_DN84798_c1_g2_i5:993-2768   -            592 361100at33208        -            270   2.7e-18   64.2   0.0   5   6      0.45        12    3.1   0.0   184   218   472   506   457   515 0.70 -
Pdum_DN84798_c1_g2_i5:993-2768   -            592 361100at33208        -            270   2.7e-18   64.2   0.0   6   6    0.0012     0.031   11.5   0.0    28   100   518   590   512   592 0.88 -
Pdum_DN84814_c0_g2_i1:1505-2083  -            193 361100at33208        -            270     3e-18   64.0   0.0   1   3   3.5e-06   9.2e-05   19.8   0.0    87   156    10    81     5    82 0.85 -
Pdum_DN84814_c0_g2_i1:1505-2083  -            193 361100at33208        -            270     3e-18   64.0   0.0   2   3   1.2e-12   3.2e-11   41.0   0.0     4   103    52   151    50   156 0.91 -
Pdum_DN84814_c0_g2_i1:1505-2083  -            193 361100at33208        -            270     3e-18   64.0   0.0   3   3   0.00072     0.019   12.2   0.0   183   217   158   192   154   193 0.91 -
Pdum_DN83656_c0_g1_i2:2236-2991  -            252 361100at33208        -            270   3.2e-17   60.7   1.2   1   3   0.00073     0.019   12.2   0.0    84   112    18    46     4    57 0.77 -
Pdum_DN83656_c0_g1_i2:2236-2991  -            252 361100at33208        -            270   3.2e-17   60.7   1.2   2   3   5.2e-05    0.0013   16.0   0.0   231   267    74   112    65   115 0.85 -
Pdum_DN83656_c0_g1_i2:2236-2991  -            252 361100at33208        -            270   3.2e-17   60.7   1.2   3   3   3.8e-13   9.8e-12   42.7   0.3     2   151    77   225    76   252 0.81 -
Pdum_DN88147_c0_g1_i1:430-1308   -            293 361100at33208        -            270   3.7e-16   57.2   0.1   1   2     6e-12   1.6e-10   38.7   0.1     5   184     3   189     1   217 0.75 -
Pdum_DN88147_c0_g1_i1:430-1308   -            293 361100at33208        -            270   3.7e-16   57.2   0.1   2   2   1.2e-05    0.0003   18.1   0.0    76   157   201   286   177   289 0.72 -
Pdum_DN90273_c4_g1_i2:3537-4052  -            172 361100at33208        -            270   4.2e-16   57.0   0.8   1   4   1.9e-05   0.00051   17.4   0.0    66   142     3    82     1    85 0.78 -
Pdum_DN90273_c4_g1_i2:3537-4052  -            172 361100at33208        -            270   4.2e-16   57.0   0.8   2   4     0.072       1.9    5.7   0.0     2    25    65    88    64    98 0.78 -
Pdum_DN90273_c4_g1_i2:3537-4052  -            172 361100at33208        -            270   4.2e-16   57.0   0.8   3   4    0.0002    0.0053   14.0   0.1    76   109    97   130    88   132 0.89 -
Pdum_DN90273_c4_g1_i2:3537-4052  -            172 361100at33208        -            270   4.2e-16   57.0   0.8   4   4   6.7e-07   1.8e-05   22.2   0.0   183   220   131   168   128   170 0.92 -
Pdum_DN71389_c1_g2_i1:359-1099   -            247 361100at33208        -            270   1.1e-15   55.6   6.5   1   4   9.7e-07   2.5e-05   21.6   0.2   222   269    58   107    18   108 0.89 -
Pdum_DN71389_c1_g2_i1:359-1099   -            247 361100at33208        -            270   1.1e-15   55.6   6.5   2   4   0.00093     0.024   11.9   0.2     3    43   113   157   111   166 0.73 -
Pdum_DN71389_c1_g2_i1:359-1099   -            247 361100at33208        -            270   1.1e-15   55.6   6.5   3   4     0.003     0.077   10.2   0.1     4    48   161   206   158   207 0.85 -
Pdum_DN71389_c1_g2_i1:359-1099   -            247 361100at33208        -            270   1.1e-15   55.6   6.5   4   4   3.7e-05   0.00095   16.5   0.0     4    47   203   246   201   247 0.96 -
Pdum_DN84903_c4_g3_i8:753-1754   -            334 361100at33208        -            270   2.2e-15   54.6   0.0   1   3     6e-13   1.6e-11   42.0   0.0    22   216     3   211     1   215 0.78 -
Pdum_DN84903_c4_g3_i8:753-1754   -            334 361100at33208        -            270   2.2e-15   54.6   0.0   2   3   1.1e-05    0.0003   18.1   0.0     2   101   112   211   111   256 0.81 -
Pdum_DN84903_c4_g3_i8:753-1754   -            334 361100at33208        -            270   2.2e-15   54.6   0.0   3   3      0.82        21    2.2   0.0    85   103   282   300   211   314 0.67 -
Pdum_DN73504_c1_g7_i2:375-1772   -            466 361100at33208        -            270   9.7e-15   52.5   1.4   1   4    0.0073      0.19    8.9   0.0    70   107   140   177   130   182 0.83 -
Pdum_DN73504_c1_g7_i2:375-1772   -            466 361100at33208        -            270   9.7e-15   52.5   1.4   2   4   5.4e-08   1.4e-06   25.8   0.0    19   103   185   268   180   275 0.90 -
Pdum_DN73504_c1_g7_i2:375-1772   -            466 361100at33208        -            270   9.7e-15   52.5   1.4   3   4   0.00041     0.011   13.0   0.0    70   144   277   352   269   365 0.79 -
Pdum_DN73504_c1_g7_i2:375-1772   -            466 361100at33208        -            270   9.7e-15   52.5   1.4   4   4       2.3        61    0.7   0.0    75   101   375   401   367   457 0.62 -
Pdum_DN63925_c0_g1_i1:119-1006   -            296 361100at33208        -            270   1.2e-14   52.2   0.0   1   2   5.5e-07   1.4e-05   22.5   0.0    27   122    34   127    16   132 0.80 -
Pdum_DN63925_c0_g1_i1:119-1006   -            296 361100at33208        -            270   1.2e-14   52.2   0.0   2   2   1.1e-08   2.9e-07   28.0   0.6    75   238   121   293   115   295 0.77 -
Pdum_DN78364_c0_g1_i1:226-1314   -            363 361100at33208        -            270   2.1e-14   51.4   0.0   1   1   1.3e-15   3.4e-14   50.7   0.0     2   144    35   178    34   220 0.92 -
Pdum_DN86522_c0_g3_i4:534-1520   -            329 361100at33208        -            270   2.5e-14   51.2   2.1   1   2    0.0046      0.12    9.6   0.1   182   226    38    81    15    89 0.64 -
Pdum_DN86522_c0_g3_i4:534-1520   -            329 361100at33208        -            270   2.5e-14   51.2   2.1   2   2   4.6e-12   1.2e-10   39.1   0.2     2   216    97   328    96   329 0.82 -
Pdum_DN75651_c0_g1_i1:179-1012   -            278 361100at33208        -            270   3.1e-14   50.9   0.2   1   3     0.028      0.73    7.0   0.0    44    99     6    59     2    66 0.88 -
Pdum_DN75651_c0_g1_i1:179-1012   -            278 361100at33208        -            270   3.1e-14   50.9   0.2   2   3      0.25       6.6    3.9   0.0     3    44   179   221   177   222 0.89 -
Pdum_DN75651_c0_g1_i1:179-1012   -            278 361100at33208        -            270   3.1e-14   50.9   0.2   3   3   1.4e-05   0.00037   17.8   0.0     3    46   221   265   219   270 0.90 -
Pdum_DN90064_c4_g2_i4:2740-4161  -            474 361100at33208        -            270   5.4e-14   50.1   4.0   1   3    0.0015     0.038   11.2   0.1   222   268   143   192   126   194 0.65 -
Pdum_DN90064_c4_g2_i4:2740-4161  -            474 361100at33208        -            270   5.4e-14   50.1   4.0   2   3   0.00011    0.0029   14.9   0.4     3    55   157   211   155   220 0.84 -
Pdum_DN90064_c4_g2_i4:2740-4161  -            474 361100at33208        -            270   5.4e-14   50.1   4.0   3   3   6.4e-10   1.7e-08   32.1   0.2     4   147   283   428   271   456 0.67 -
Pdum_DN90581_c4_g3_i1:18-467     -            150 361100at33208        -            270     1e-13   49.2   0.0   1   2     7e-08   1.8e-06   25.4   0.0     4    71    11    79     9    84 0.90 -
Pdum_DN90581_c4_g3_i1:18-467     -            150 361100at33208        -            270     1e-13   49.2   0.0   2   2   8.7e-07   2.3e-05   21.8   0.1   226   269    88   133    79   134 0.87 -
Pdum_DN74384_c0_g2_i2:99-1367    -            423 361100at33208        -            270   1.1e-13   49.1   5.2   1   2    0.0013     0.035   11.4   1.1     4   101   118   223   116   230 0.79 -
Pdum_DN74384_c0_g2_i2:99-1367    -            423 361100at33208        -            270   1.1e-13   49.1   5.2   2   2   9.8e-12   2.6e-10   38.0   0.1     4   106   277   382   275   386 0.87 -
Pdum_DN79406_c0_g1_i1:209-1183   -            325 361100at33208        -            270   1.3e-13   48.8   1.5   1   5   1.1e-05   0.00029   18.2   0.5   182   260     5    94     1   102 0.79 -
Pdum_DN79406_c0_g1_i1:209-1183   -            325 361100at33208        -            270   1.3e-13   48.8   1.5   2   5    0.0015      0.04   11.2   0.4    79   116    59    96    39   141 0.69 -
Pdum_DN79406_c0_g1_i1:209-1183   -            325 361100at33208        -            270   1.3e-13   48.8   1.5   3   5      0.79        21    2.3   0.0   124   154   159   189   124   192 0.84 -
Pdum_DN79406_c0_g1_i1:209-1183   -            325 361100at33208        -            270   1.3e-13   48.8   1.5   4   5   1.2e-06   3.1e-05   21.3   0.0    74   122   190   238   184   264 0.83 -
Pdum_DN79406_c0_g1_i1:209-1183   -            325 361100at33208        -            270   1.3e-13   48.8   1.5   5   5         1        27    1.9   0.0    75   101   288   314   274   320 0.88 -
Pdum_DN87178_c0_g1_i10:2619-3539 -            307 361100at33208        -            270   1.6e-13   48.6   0.0   1   3   3.7e-06   9.6e-05   19.7   0.0     2   145     5   177     4   201 0.73 -
Pdum_DN87178_c0_g1_i10:2619-3539 -            307 361100at33208        -            270   1.6e-13   48.6   0.0   2   3   0.00022    0.0057   13.9   0.1     4   103   113   223   110   230 0.75 -
Pdum_DN87178_c0_g1_i10:2619-3539 -            307 361100at33208        -            270   1.6e-13   48.6   0.0   3   3   2.3e-07     6e-06   23.7   0.0     4    99   208   307   205   307 0.85 -
Pdum_DN84241_c0_g1_i1:2776-3423  -            216 361100at33208        -            270   2.3e-13   48.0   0.3   1   3   0.00014    0.0036   14.6   0.0    68   141     7    85     2    88 0.72 -
Pdum_DN84241_c0_g1_i1:2776-3423  -            216 361100at33208        -            270   2.3e-13   48.0   0.3   2   3   7.1e-12   1.9e-10   38.5   0.1     4   152    27   182    24   190 0.82 -
Pdum_DN84241_c0_g1_i1:2776-3423  -            216 361100at33208        -            270   2.3e-13   48.0   0.3   3   3      0.27         7    3.8   0.0     2    17   198   213   197   215 0.90 -
Pdum_DN66493_c0_g1_i1:720-1655   -            312 361100at33208        -            270     3e-13   47.7   0.0   1   2     0.025      0.66    7.2   0.1    27   110    19   103     8   113 0.71 -
Pdum_DN66493_c0_g1_i1:720-1655   -            312 361100at33208        -            270     3e-13   47.7   0.0   2   2     4e-12     1e-10   39.3   0.0     3   217    36   268    35   277 0.76 -
Pdum_DN87078_c1_g1_i1:1858-2604  -            249 361100at33208        -            270   3.7e-13   47.3   0.6   1   3       3.1        81    0.3   0.1   190   221    22    53    11    88 0.69 -
Pdum_DN87078_c1_g1_i1:1858-2604  -            249 361100at33208        -            270   3.7e-13   47.3   0.6   2   3   9.3e-09   2.4e-07   28.3   0.0     2   107   107   214   106   218 0.88 -
Pdum_DN87078_c1_g1_i1:1858-2604  -            249 361100at33208        -            270   3.7e-13   47.3   0.6   3   3   3.1e-05   0.00082   16.7   0.0   181   215   215   249   210   249 0.91 -
Pdum_DN92785_c3_g1_i2:3114-4076  -            321 361100at33208        -            270   3.9e-13   47.3   0.4   1   3    0.0014     0.036   11.3   0.0    48   159   110   235    66   248 0.75 -
Pdum_DN92785_c3_g1_i2:3114-4076  -            321 361100at33208        -            270   3.9e-13   47.3   0.4   2   3   0.00027    0.0071   13.6   0.2   185   218   245   278   239   283 0.83 -
Pdum_DN92785_c3_g1_i2:3114-4076  -            321 361100at33208        -            270   3.9e-13   47.3   0.4   3   3   8.1e-06   0.00021   18.6   0.0   181   218   283   320   279   321 0.92 -
Pdum_DN77965_c1_g1_i1:1646-2635  -            330 361100at33208        -            270   4.9e-13   46.9  10.6   1   6      0.21       5.4    4.2   0.0    70   100     9    39     2    52 0.67 -
Pdum_DN77965_c1_g1_i1:1646-2635  -            330 361100at33208        -            270   4.9e-13   46.9  10.6   2   6    0.0019     0.049   10.8   0.2   185   217    54    86    44    91 0.89 -
Pdum_DN77965_c1_g1_i1:1646-2635  -            330 361100at33208        -            270   4.9e-13   46.9  10.6   3   6    0.0011     0.028   11.7   0.1   182   221    95   134    89   143 0.81 -
Pdum_DN77965_c1_g1_i1:1646-2635  -            330 361100at33208        -            270   4.9e-13   46.9  10.6   4   6   9.4e-08   2.4e-06   25.0   0.2     3   101   115   218   115   225 0.89 -
Pdum_DN77965_c1_g1_i1:1646-2635  -            330 361100at33208        -            270   4.9e-13   46.9  10.6   5   6       0.9        23    2.1   0.1   167   219   227   279   223   282 0.86 -
Pdum_DN77965_c1_g1_i1:1646-2635  -            330 361100at33208        -            270   4.9e-13   46.9  10.6   6   6      0.54        14    2.8   0.0   199   216   311   328   291   330 0.79 -
Pdum_DN66325_c0_g1_i1:831-1904   -            358 361100at33208        -            270   5.1e-13   46.9   0.4   1   5    0.0034     0.089   10.0   0.0   183   217    27    61    19    66 0.89 -
Pdum_DN66325_c0_g1_i1:831-1904   -            358 361100at33208        -            270   5.1e-13   46.9   0.4   2   5   6.5e-05    0.0017   15.7   0.0     3    55    90   148    88   156 0.71 -
Pdum_DN66325_c0_g1_i1:831-1904   -            358 361100at33208        -            270   5.1e-13   46.9   0.4   3   5     0.034      0.87    6.8   0.0     2    22   188   208   187   219 0.87 -
Pdum_DN66325_c0_g1_i1:831-1904   -            358 361100at33208        -            270   5.1e-13   46.9   0.4   4   5       1.8        47    1.1   0.0   123   143   291   311   280   320 0.80 -
Pdum_DN66325_c0_g1_i1:831-1904   -            358 361100at33208        -            270   5.1e-13   46.9   0.4   5   5     0.051       1.3    6.2   0.0    68    99   327   358   317   358 0.81 -
Pdum_DN66770_c0_g1_i1:157-1065   -            303 361100at33208        -            270   6.3e-13   46.6   7.7   1   2     0.043       1.1    6.4   0.1    80   222    22    49     3    68 0.53 -
Pdum_DN66770_c0_g1_i1:157-1065   -            303 361100at33208        -            270   6.3e-13   46.6   7.7   2   2   4.4e-11   1.1e-09   35.9   4.2     4   214    73   303    70   303 0.67 -
Pdum_DN76096_c0_g1_i2:374-1027   -            218 361100at33208        -            270   7.1e-13   46.4   0.1   1   2   6.4e-07   1.7e-05   22.2   0.0    11   155     3   164     1   167 0.73 -
Pdum_DN76096_c0_g1_i2:374-1027   -            218 361100at33208        -            270   7.1e-13   46.4   0.1   2   2   3.9e-07     1e-05   22.9   0.0    60   112   160   212   157   218 0.88 -
Pdum_DN88766_c3_g2_i10:292-717   -            142 361100at33208        -            270   1.2e-12   45.7   0.1   1   2   2.2e-12   5.8e-11   40.1   0.0     3   105     6   109     5   115 0.90 -
Pdum_DN88766_c3_g2_i10:292-717   -            142 361100at33208        -            270   1.2e-12   45.7   0.1   2   2    0.0038     0.098    9.9   0.0     3    49    91   138    91   141 0.84 -
Pdum_DN81583_c1_g1_i3:660-1619   -            320 361100at33208        -            270   1.4e-12   45.5   0.0   1   4      0.21       5.6    4.1   0.0   193   215     1    23     1    26 0.93 -
Pdum_DN81583_c1_g1_i3:660-1619   -            320 361100at33208        -            270   1.4e-12   45.5   0.0   2   4   2.4e-05   0.00063   17.1   0.0     2    59    73   136    72   176 0.77 -
Pdum_DN81583_c1_g1_i3:660-1619   -            320 361100at33208        -            270   1.4e-12   45.5   0.0   3   4   3.1e-06   8.1e-05   20.0   0.0    45   142   170   272   152   294 0.76 -
Pdum_DN81583_c1_g1_i3:660-1619   -            320 361100at33208        -            270   1.4e-12   45.5   0.0   4   4       7.8     2e+02   -1.0   0.0    27    50   291   314   284   318 0.78 -
Pdum_DN83855_c0_g1_i4:658-1428   -            257 361100at33208        -            270   3.3e-12   44.2   1.9   1   3   3.6e-06   9.3e-05   19.8   0.0     3    66     8    79     5    91 0.76 -
Pdum_DN83855_c0_g1_i4:658-1428   -            257 361100at33208        -            270   3.3e-12   44.2   1.9   2   3   3.4e-05   0.00088   16.6   0.1   213   268    93   151    83   153 0.75 -
Pdum_DN83855_c0_g1_i4:658-1428   -            257 361100at33208        -            270   3.3e-12   44.2   1.9   3   3    0.0099      0.26    8.5   0.0   184   218   140   174   134   187 0.85 -
Pdum_DN85879_c0_g1_i1:230-808    -            193 361100at33208        -            270   3.8e-12   44.0   0.0   1   3     1e-07   2.7e-06   24.8   0.0    58   133    19    97     2   118 0.78 -
Pdum_DN85879_c0_g1_i1:230-808    -            193 361100at33208        -            270   3.8e-12   44.0   0.0   2   3    0.0083      0.22    8.8   0.0    71   104   123   156   100   162 0.84 -
Pdum_DN85879_c0_g1_i1:230-808    -            193 361100at33208        -            270   3.8e-12   44.0   0.0   3   3   0.00026    0.0067   13.7   0.0    51    99   147   193   134   193 0.90 -
Pdum_DN66431_c0_g1_i1:1561-2364  -            268 361100at33208        -            270   6.9e-12   43.2   1.0   1   2     0.051       1.3    6.2   0.2     3    43    68   107    66   109 0.81 -
Pdum_DN66431_c0_g1_i1:1561-2364  -            268 361100at33208        -            270   6.9e-12   43.2   1.0   2   2   3.1e-11     8e-10   36.4   0.0     2   139   107   241   106   261 0.86 -
Pdum_DN67795_c0_g1_i2:1517-2137  -            207 361100at33208        -            270   7.8e-12   43.0   0.3   1   4      0.43        11    3.1   0.0    71   102     2    33     1    41 0.89 -
Pdum_DN67795_c0_g1_i2:1517-2137  -            207 361100at33208        -            270   7.8e-12   43.0   0.3   2   4   4.8e-10   1.2e-08   32.5   0.2     5   121    20   136    17   149 0.85 -
Pdum_DN67795_c0_g1_i2:1517-2137  -            207 361100at33208        -            270   7.8e-12   43.0   0.3   3   4     0.038      0.98    6.6   0.0   241   268   155   182   141   184 0.90 -
Pdum_DN67795_c0_g1_i2:1517-2137  -            207 361100at33208        -            270   7.8e-12   43.0   0.3   4   4       4.3   1.1e+02   -0.1   0.0    86   100   193   207   186   207 0.61 -
Pdum_DN83552_c2_g1_i4:337-1659   -            441 361100at33208        -            270   1.4e-11   42.2   0.3   1   3   2.4e-05   0.00061   17.1   0.0    28   104    64   140    60   164 0.87 -
Pdum_DN83552_c2_g1_i4:337-1659   -            441 361100at33208        -            270   1.4e-11   42.2   0.3   2   3     0.069       1.8    5.7   0.0    11   105   176   271   169   279 0.74 -
Pdum_DN83552_c2_g1_i4:337-1659   -            441 361100at33208        -            270   1.4e-11   42.2   0.3   3   3   9.2e-05    0.0024   15.2   0.1    26   103   278   354   275   362 0.75 -
Pdum_DN82224_c0_g1_i1:2783-3526  -            248 361100at33208        -            270   1.4e-11   42.1   0.1   1   3   2.5e-06   6.4e-05   20.3   0.0    28   105     6    81     2   102 0.82 -
Pdum_DN82224_c0_g1_i1:2783-3526  -            248 361100at33208        -            270   1.4e-11   42.1   0.1   2   3   0.00018    0.0047   14.2   0.0    67   104   113   150   103   159 0.87 -
Pdum_DN82224_c0_g1_i1:2783-3526  -            248 361100at33208        -            270   1.4e-11   42.1   0.1   3   3      0.21       5.5    4.1   0.0    62   215   207   247   178   248 0.51 -
Pdum_DN85054_c1_g3_i7:3145-3996  -            284 361100at33208        -            270   1.6e-11   41.9   2.3   1   3   8.2e-08   2.1e-06   25.2   0.2   188   257     6    92     1   106 0.69 -
Pdum_DN85054_c1_g3_i7:3145-3996  -            284 361100at33208        -            270   1.6e-11   41.9   2.3   2   3    0.0021     0.054   10.7   0.1    39   142   146   252   133   254 0.78 -
Pdum_DN85054_c1_g3_i7:3145-3996  -            284 361100at33208        -            270   1.6e-11   41.9   2.3   3   3     0.033      0.85    6.8   0.0     3    46   236   280   234   283 0.78 -
Pdum_DN88423_c1_g1_i2:993-1421   -            143 361100at33208        -            270   1.8e-11   41.8   5.0   1   3   4.7e-05    0.0012   16.1   0.1     2    33    24    54    23    62 0.79 -
Pdum_DN88423_c1_g1_i2:993-1421   -            143 361100at33208        -            270   1.8e-11   41.8   5.0   2   3     2e-05   0.00051   17.4   0.1   233   269    61    99    53   100 0.84 -
Pdum_DN88423_c1_g1_i2:993-1421   -            143 361100at33208        -            270   1.8e-11   41.8   5.0   3   3     0.001     0.026   11.8   0.3   195   228    98   131    96   142 0.77 -
Pdum_DN75461_c3_g1_i3:3415-4074  -            220 361100at33208        -            270   3.4e-11   40.9   0.0   1   2   1.7e-07   4.5e-06   24.1   0.0     5   107    30   134    27   145 0.86 -
Pdum_DN75461_c3_g1_i3:3415-4074  -            220 361100at33208        -            270   3.4e-11   40.9   0.0   2   2   0.00011    0.0028   15.0   0.0    41    99   162   220   153   220 0.87 -
Pdum_DN92345_c8_g1_i1:3879-4793  -            305 361100at33208        -            270     6e-11   40.1   0.4   1   4   0.00019     0.005   14.1   0.1    52   110    19    75     4    83 0.81 -
Pdum_DN92345_c8_g1_i1:3879-4793  -            305 361100at33208        -            270     6e-11   40.1   0.4   2   4     0.014      0.36    8.0   0.0    59   105    88   133    85   159 0.81 -
Pdum_DN92345_c8_g1_i1:3879-4793  -            305 361100at33208        -            270     6e-11   40.1   0.4   3   4    0.0056      0.15    9.3   0.0    32   152   104   235   103   238 0.66 -
Pdum_DN92345_c8_g1_i1:3879-4793  -            305 361100at33208        -            270     6e-11   40.1   0.4   4   4   0.00023    0.0059   13.9   0.0     3   139   163   305   161   305 0.78 -
Pdum_DN89990_c3_g2_i4:936-1778   -            281 361100at33208        -            270   8.5e-11   39.6   0.1   1   3       0.1       2.6    5.2   0.0    75   143    40   109    32   113 0.83 -
Pdum_DN89990_c3_g2_i4:936-1778   -            281 361100at33208        -            270   8.5e-11   39.6   0.1   2   3      0.22       5.6    4.1   0.0   185   216   118   149   112   160 0.72 -
Pdum_DN89990_c3_g2_i4:936-1778   -            281 361100at33208        -            270   8.5e-11   39.6   0.1   3   3   1.1e-07   2.8e-06   24.8   0.0     6    99   186   280   179   281 0.84 -
Pdum_DN80990_c0_g1_i2:150-1607   -            486 361100at33208        -            270     1e-10   39.3   0.1   1   2   2.2e-09   5.8e-08   30.3   0.2     2   148   265   416   264   420 0.75 -
Pdum_DN80990_c0_g1_i2:150-1607   -            486 361100at33208        -            270     1e-10   39.3   0.1   2   2   0.00073     0.019   12.2   0.0   164   259   352   464   345   468 0.61 -
Pdum_DN74464_c0_g1_i5:1442-2167  -            242 361100at33208        -            270   1.2e-10   39.1   1.1   1   4    0.0055      0.14    9.3   0.0   182   220     4    42     2    45 0.90 -
Pdum_DN74464_c0_g1_i5:1442-2167  -            242 361100at33208        -            270   1.2e-10   39.1   1.1   2   4      0.19       4.9    4.3   0.0   182   216    50    85    45    90 0.78 -
Pdum_DN74464_c0_g1_i5:1442-2167  -            242 361100at33208        -            270   1.2e-10   39.1   1.1   3   4   0.00046     0.012   12.9   0.1    70   109   105   144    94   181 0.79 -
Pdum_DN74464_c0_g1_i5:1442-2167  -            242 361100at33208        -            270   1.2e-10   39.1   1.1   4   4     0.029      0.75    7.0   0.1   180   217   191   228   177   233 0.81 -
Pdum_DN71445_c0_g2_i2:766-1509   -            248 361100at33208        -            270   1.6e-10   38.7   0.3   1   1   6.3e-11   1.6e-09   35.4   0.3     3   144     1   145     1   162 0.63 -
Pdum_DN82173_c1_g1_i7:1104-1730  -            209 361100at33208        -            270   1.7e-10   38.6   0.2   1   2    0.0014     0.036   11.3   0.1   223   268    53   100    39   102 0.66 -
Pdum_DN82173_c1_g1_i7:1104-1730  -            209 361100at33208        -            270   1.7e-10   38.6   0.2   2   2   3.8e-07   9.9e-06   23.0   0.0     6   100   113   208   106   209 0.87 -
Pdum_DN83917_c0_g1_i10:2-1282    -            427 361100at33208        -            270   2.2e-10   38.2   0.0   1   2      0.21       5.4    4.2   0.0    74   140   157   229   146   240 0.68 -
Pdum_DN83917_c0_g1_i10:2-1282    -            427 361100at33208        -            270   2.2e-10   38.2   0.0   2   2   9.5e-10   2.5e-08   31.5   0.0    34   147   250   365   239   391 0.78 -
Pdum_DN72823_c0_g2_i2:1154-1981  -            276 361100at33208        -            270   2.8e-10   37.9   0.0   1   2     0.021      0.55    7.4   0.0    50   120    17    83     4    91 0.77 -
Pdum_DN72823_c0_g2_i2:1154-1981  -            276 361100at33208        -            270   2.8e-10   37.9   0.0   2   2     0.037      0.96    6.6   0.0    70   101   210   243   193   273 0.76 -
Pdum_DN87402_c0_g1_i1:93-1976    -            628 361100at33208        -            270     3e-10   37.8   0.0   1   3   2.1e-06   5.5e-05   20.5   0.0    66   119   287   340   278   347 0.90 -
Pdum_DN87402_c0_g1_i1:93-1976    -            628 361100at33208        -            270     3e-10   37.8   0.0   2   3    0.0049      0.13    9.5   0.0    11   102   442   532   432   572 0.79 -
Pdum_DN87402_c0_g1_i1:93-1976    -            628 361100at33208        -            270     3e-10   37.8   0.0   3   3      0.21       5.5    4.1   0.0    75    99   603   627   539   628 0.81 -
Pdum_DN89089_c3_g1_i2:1021-1773  -            251 361100at33208        -            270   3.2e-10   37.7   0.0   1   1   8.8e-10   2.3e-08   31.6   0.0     2   210    16   250    15   251 0.71 -
Pdum_DN73439_c0_g1_i2:1041-1721  -            227 361100at33208        -            270   3.6e-10   37.5   0.4   1   3     0.043       1.1    6.4   0.0   243   268    35    60    19    62 0.81 -
Pdum_DN73439_c0_g1_i2:1041-1721  -            227 361100at33208        -            270   3.6e-10   37.5   0.4   2   3   1.3e-05   0.00033   18.0   0.2     1    82    65   149    65   163 0.75 -
Pdum_DN73439_c0_g1_i2:1041-1721  -            227 361100at33208        -            270   3.6e-10   37.5   0.4   3   3     0.012      0.32    8.2   0.0    82   141   167   227   159   227 0.79 -
Pdum_DN63408_c0_g1_i3:4-960      -            319 361100at33208        -            270   3.8e-10   37.5   0.6   1   2   1.9e-06     5e-05   20.7   0.0    63   153    11   104     1   112 0.83 -
Pdum_DN63408_c0_g1_i3:4-960      -            319 361100at33208        -            270   3.8e-10   37.5   0.6   2   2   4.6e-07   1.2e-05   22.7   0.1     5   108    37   142    34   148 0.92 -
Pdum_DN83800_c0_g2_i3:14-562     -            183 361100at33208        -            270   7.9e-10   36.4   0.2   1   2   5.8e-07   1.5e-05   22.4   0.1    24   268    56   152    32   153 0.50 -
Pdum_DN83800_c0_g2_i3:14-562     -            183 361100at33208        -            270   7.9e-10   36.4   0.2   2   2   0.00036    0.0093   13.2   0.0   188   218   145   175   133   180 0.74 -
Pdum_DN78785_c0_g1_i2:534-2834   -            767 361100at33208        -            270   8.8e-10   36.3   2.7   1   3   9.8e-05    0.0026   15.1   0.2   161   218    59   124    22   128 0.75 -
Pdum_DN78785_c0_g1_i2:534-2834   -            767 361100at33208        -            270   8.8e-10   36.3   2.7   2   3   4.9e-06   0.00013   19.3   0.5     4   142    63   167    61   185 0.45 -
Pdum_DN78785_c0_g1_i2:534-2834   -            767 361100at33208        -            270   8.8e-10   36.3   2.7   3   3   0.00045     0.012   12.9   0.0     3    96   195   294   193   318 0.80 -
Pdum_DN92425_c3_g2_i1:539-1228   -            230 361100at33208        -            270   9.9e-10   36.1   0.3   1   2     0.043       1.1    6.4   0.0   232   266    17    53     9    57 0.82 -
Pdum_DN92425_c3_g2_i1:539-1228   -            230 361100at33208        -            270   9.9e-10   36.1   0.3   2   2   2.5e-08   6.6e-07   26.8   0.1     2   152    65   215    64   227 0.82 -
Pdum_DN80615_c0_g2_i1:231-1205   -            325 361100at33208        -            270   2.6e-09   34.7   0.1   1   2   7.7e-07     2e-05   22.0   0.0    42   103   125   184   106   192 0.89 -
Pdum_DN80615_c0_g2_i1:231-1205   -            325 361100at33208        -            270   2.6e-09   34.7   0.1   2   2    0.0032     0.083   10.1   0.0    73   174   206   310   194   317 0.75 -
Pdum_DN84582_c3_g1_i1:332-1036   -            235 361100at33208        -            270   2.7e-09   34.7   0.5   1   2       3.4        89    0.2   0.0   243   268     5    30     2    32 0.67 -
Pdum_DN84582_c3_g1_i1:332-1036   -            235 361100at33208        -            270   2.7e-09   34.7   0.5   2   2   6.6e-10   1.7e-08   32.0   0.1     2   115    37   150    36   182 0.80 -
Pdum_DN84033_c1_g3_i1:1082-1726  -            215 361100at33208        -            270   3.3e-09   34.4   1.2   1   3     0.096       2.5    5.3   0.0    69   103     7    41     1    55 0.74 -
Pdum_DN84033_c1_g3_i1:1082-1726  -            215 361100at33208        -            270   3.3e-09   34.4   1.2   2   3    0.0007     0.018   12.3   0.0   182   219    63   100    51   106 0.92 -
Pdum_DN84033_c1_g3_i1:1082-1726  -            215 361100at33208        -            270   3.3e-09   34.4   1.2   3   3     0.001     0.027   11.7   0.1   194   268   118   213   103   215 0.59 -
Pdum_DN88892_c3_g1_i1:2670-3179  -            170 361100at33208        -            270     5e-09   33.8   1.6   1   3   1.1e-07   2.8e-06   24.8   0.9     6   114    12   121     8   131 0.84 -
Pdum_DN88892_c3_g1_i1:2670-3179  -            170 361100at33208        -            270     5e-09   33.8   1.6   2   3    0.0049      0.13    9.5   0.1   182   216   116   151   110   159 0.86 -
Pdum_DN88892_c3_g1_i1:2670-3179  -            170 361100at33208        -            270     5e-09   33.8   1.6   3   3     0.079       2.1    5.5   0.0     3    35   137   170   135   170 0.83 -
Pdum_DN88741_c1_g1_i6:2841-3650  -            270 361100at33208        -            270   9.8e-09   32.8   0.1   1   2      0.19         5    4.3   0.0   196   220    14    38     5    56 0.85 -
Pdum_DN88741_c1_g1_i6:2841-3650  -            270 361100at33208        -            270   9.8e-09   32.8   0.1   2   2   2.5e-07   6.4e-06   23.6   0.0    41   218    70   268    61   270 0.70 -
Pdum_DN82465_c0_g2_i1:488-1204   -            239 361100at33208        -            270   1.4e-08   32.3   0.1   1   3     0.037      0.97    6.6   0.0     2    26     1    25     1    50 0.83 -
Pdum_DN82465_c0_g2_i1:488-1204   -            239 361100at33208        -            270   1.4e-08   32.3   0.1   2   3     0.022      0.56    7.4   0.0   136   216    62   146    42   151 0.70 -
Pdum_DN82465_c0_g2_i1:488-1204   -            239 361100at33208        -            270   1.4e-08   32.3   0.1   3   3    0.0001    0.0026   15.0   0.0   177   215   200   238   162   239 0.83 -
Pdum_DN90796_c3_g1_i4:1517-2605  -            363 361100at33208        -            270   1.6e-08   32.1   0.1   1   3       1.6        43    1.2   0.1     3    43   106   146   104   162 0.75 -
Pdum_DN90796_c3_g1_i4:1517-2605  -            363 361100at33208        -            270   1.6e-08   32.1   0.1   2   3   0.00017    0.0045   14.3   0.0    28   108   173   254   165   262 0.83 -
Pdum_DN90796_c3_g1_i4:1517-2605  -            363 361100at33208        -            270   1.6e-08   32.1   0.1   3   3    0.0013     0.034   11.4   0.0    31   100   289   361   285   363 0.85 -
Pdum_DN86637_c0_g1_i2:178-705    -            176 361100at33208        -            270   1.7e-08   32.1   0.1   1   2      0.22       5.9    4.0   0.0   198   216    10    28     4    33 0.72 -
Pdum_DN86637_c0_g1_i2:178-705    -            176 361100at33208        -            270   1.7e-08   32.1   0.1   2   2   2.4e-09   6.3e-08   30.2   0.1     2   102    13   121    12   129 0.78 -
Pdum_DN82629_c0_g1_i4:473-2515   -            681 361100at33208        -            270   4.3e-08   30.7   0.9   1   5      0.26       6.7    3.9   0.0     3    17   222   236   220   250 0.86 -
Pdum_DN82629_c0_g1_i4:473-2515   -            681 361100at33208        -            270   4.3e-08   30.7   0.9   2   5       0.3       7.8    3.6   0.1   170   217   293   339   252   353 0.72 -
Pdum_DN82629_c0_g1_i4:473-2515   -            681 361100at33208        -            270   4.3e-08   30.7   0.9   3   5    0.0024     0.063   10.5   0.2   163   217   323   388   297   393 0.66 -
Pdum_DN82629_c0_g1_i4:473-2515   -            681 361100at33208        -            270   4.3e-08   30.7   0.9   4   5     0.024      0.62    7.2   0.0   188   221   406   439   394   445 0.82 -
Pdum_DN82629_c0_g1_i4:473-2515   -            681 361100at33208        -            270   4.3e-08   30.7   0.9   5   5       2.1        54    0.9   0.0   192   206   455   469   452   497 0.79 -
Pdum_DN73864_c0_g1_i1:430-1335   -            302 361100at33208        -            270     5e-08   30.5   0.0   1   3      0.48        12    3.0   0.0    75   141    35   104    11   118 0.72 -
Pdum_DN73864_c0_g1_i1:430-1335   -            302 361100at33208        -            270     5e-08   30.5   0.0   2   3    0.0032     0.082   10.1   0.0     4    78   131   216   128   222 0.64 -
Pdum_DN73864_c0_g1_i1:430-1335   -            302 361100at33208        -            270     5e-08   30.5   0.0   3   3   0.00011    0.0028   14.9   0.0    33   118   214   300   207   302 0.87 -
Pdum_DN84002_c0_g1_i8:2338-3012  -            225 361100at33208        -            270   5.3e-08   30.4   0.1   1   2    0.0026     0.068   10.4   0.0   183   216     8    42     4    48 0.88 -
Pdum_DN84002_c0_g1_i8:2338-3012  -            225 361100at33208        -            270   5.3e-08   30.4   0.1   2   2   1.1e-05   0.00029   18.2   0.0    39   141    73   176    55   214 0.73 -
Pdum_DN75190_c1_g2_i8:2335-2706  -            124 361100at33208        -            270   7.1e-08   30.0   0.9   1   1   3.6e-08   9.3e-07   26.4   0.9    82   179    19   119     9   122 0.82 -
Pdum_DN75894_c0_g1_i3:333-1052   -            240 361100at33208        -            270     1e-07   29.5   0.9   1   2   3.5e-08     9e-07   26.4   0.2    52   148     1   102     1   185 0.78 -
Pdum_DN75894_c0_g1_i3:333-1052   -            240 361100at33208        -            270     1e-07   29.5   0.9   2   2      0.67        18    2.5   0.2    21    95   145   221   124   231 0.65 -
Pdum_DN90616_c3_g1_i1:602-1432   -            277 361100at33208        -            270   1.1e-07   29.4   0.0   1   2      0.68        18    2.5   0.0     4   252     7    25     1    45 0.49 -
Pdum_DN90616_c3_g1_i1:602-1432   -            277 361100at33208        -            270   1.1e-07   29.4   0.0   2   2   1.6e-07   4.1e-06   24.2   0.0     2   110    62   167    61   224 0.80 -
Pdum_DN83063_c0_g1_i6:381-1082   -            234 361100at33208        -            270   1.2e-07   29.2   0.0   1   2   0.00021    0.0054   14.0   0.0     4    89     5    92     3   115 0.75 -
Pdum_DN83063_c0_g1_i6:381-1082   -            234 361100at33208        -            270   1.2e-07   29.2   0.0   2   2   0.00018    0.0047   14.2   0.1     9   117   103   217    95   226 0.64 -
Pdum_DN89096_c2_g3_i4:2-1384     -            461 361100at33208        -            270   1.6e-07   28.9   0.5   1   3   0.00013    0.0033   14.7   0.0   181   219   100   138    96   197 0.75 -
Pdum_DN89096_c2_g3_i4:2-1384     -            461 361100at33208        -            270   1.6e-07   28.9   0.5   2   3     0.011      0.29    8.3   0.0     4    56   204   256   201   269 0.92 -
Pdum_DN89096_c2_g3_i4:2-1384     -            461 361100at33208        -            270   1.6e-07   28.9   0.5   3   3       1.3        33    1.6   0.1   130   179   313   361   303   366 0.84 -
Pdum_DN69263_c0_g1_i1:405-1196   -            264 361100at33208        -            270   2.2e-07   28.4   1.3   1   3      0.22       5.9    4.0   0.0   202   221     4    23     2    32 0.75 -
Pdum_DN69263_c0_g1_i1:405-1196   -            264 361100at33208        -            270   2.2e-07   28.4   1.3   2   3   0.00087     0.023   12.0   0.0     2    42    49    92    48   113 0.79 -
Pdum_DN69263_c0_g1_i1:405-1196   -            264 361100at33208        -            270   2.2e-07   28.4   1.3   3   3     0.005      0.13    9.5   0.1     4   100   158   263   156   264 0.71 -
Pdum_DN38861_c0_g1_i1:595-1392   -            266 361100at33208        -            270   2.4e-07   28.3   0.0   1   2   0.00014    0.0036   14.6   0.1    46   118    61   131    16   162 0.69 -
Pdum_DN38861_c0_g1_i1:595-1392   -            266 361100at33208        -            270   2.4e-07   28.3   0.0   2   2    0.0023     0.061   10.6   0.0    34   104   190   261   182   265 0.88 -
Pdum_DN82853_c0_g1_i2:2495-3019  -            175 361100at33208        -            270   2.7e-07   28.1   0.0   1   1   1.5e-08   3.8e-07   27.6   0.0    28   164     4   144     2   168 0.75 -
Pdum_DN86525_c0_g1_i1:704-1231   -            176 361100at33208        -            270     5e-07   27.2   0.7   1   2   2.3e-05    0.0006   17.1   0.3    51   143     5   100     3   105 0.73 -
Pdum_DN86525_c0_g1_i1:704-1231   -            176 361100at33208        -            270     5e-07   27.2   0.7   2   2     0.077         2    5.6   0.0     2    28   126   153   125   162 0.76 -
Pdum_DN84963_c1_g1_i6:1317-3311  -            665 361100at33208        -            270     8e-07   26.6   0.2   1   2   3.9e-06    0.0001   19.7   0.1    12   145    27   160    23   164 0.67 -
Pdum_DN84963_c1_g1_i6:1317-3311  -            665 361100at33208        -            270     8e-07   26.6   0.2   2   2      0.89        23    2.1   0.0   185   214   633   662   623   664 0.85 -
Pdum_DN80062_c1_g1_i8:396-980    -            195 361100at33208        -            270     1e-06   26.2   0.1   1   2     0.031      0.81    6.9   0.0   200   248    13    64     8    82 0.65 -
Pdum_DN80062_c1_g1_i8:396-980    -            195 361100at33208        -            270     1e-06   26.2   0.1   2   2   2.4e-05   0.00062   17.1   0.0    12   108    85   186    73   193 0.77 -
Pdum_DN83005_c1_g1_i1:16-1335    -            440 361100at33208        -            270   1.4e-06   25.8   2.2   1   2     0.016      0.43    7.8   0.1   194   218     9    33     3    54 0.89 -
Pdum_DN83005_c1_g1_i1:16-1335    -            440 361100at33208        -            270   1.4e-06   25.8   2.2   2   2     4e-05     0.001   16.4   0.3    52   145    94   188    83   202 0.75 -
Pdum_DN90517_c4_g2_i3:211-1731   -            507 361100at33208        -            270   1.6e-06   25.5   4.9   1   2    0.0025     0.066   10.4   0.2   164   219   274   333   260   346 0.82 -
Pdum_DN90517_c4_g2_i3:211-1731   -            507 361100at33208        -            270   1.6e-06   25.5   4.9   2   2   6.5e-05    0.0017   15.7   0.9   185   251   354   389   345   400 0.58 -
Pdum_DN77673_c0_g1_i3:1295-1852  -            186 361100at33208        -            270   1.6e-06   25.5   0.2   1   2      0.11       2.9    5.1   0.0    73   108    23    58     8    81 0.75 -
Pdum_DN77673_c0_g1_i3:1295-1852  -            186 361100at33208        -            270   1.6e-06   25.5   0.2   2   2     8e-06   0.00021   18.6   0.1     3   103    88   184    86   186 0.81 -
Pdum_DN91312_c3_g1_i1:2567-3481  -            305 361100at33208        -            270   1.8e-06   25.4   0.1   1   2   1.3e-05   0.00035   17.9   0.0     3   142    16   167     2   176 0.49 -
Pdum_DN91312_c3_g1_i1:2567-3481  -            305 361100at33208        -            270   1.8e-06   25.4   0.1   2   2      0.89        23    2.1   0.0    28    52   277   301   265   305 0.79 -
Pdum_DN70491_c0_g1_i1:1-1254     -            418 361100at33208        -            270     2e-06   25.3   0.0   1   2   2.8e-06   7.3e-05   20.1   0.0     2   109   161   272   160   281 0.86 -
Pdum_DN70491_c0_g1_i1:1-1254     -            418 361100at33208        -            270     2e-06   25.3   0.0   2   2      0.56        15    2.7   0.0   122   143   372   393   358   400 0.86 -
Pdum_DN89974_c1_g1_i2:3302-3844  -            181 361100at33208        -            270   2.1e-06   25.2   0.4   1   1   1.1e-07     3e-06   24.7   0.4     3    93     1    92     1   138 0.73 -
Pdum_DN70256_c0_g1_i2:778-1377   -            200 361100at33208        -            270   2.3e-06   25.0   0.4   1   2     0.018      0.47    7.6   0.1    82   198     7    88     2   150 0.61 -
Pdum_DN70256_c0_g1_i2:778-1377   -            200 361100at33208        -            270   2.3e-06   25.0   0.4   2   2   4.7e-05    0.0012   16.1   0.0    64   108   153   197   130   200 0.82 -
Pdum_DN84981_c0_g1_i4:2535-3476  -            314 361100at33208        -            270   2.5e-06   24.9   0.1   1   3       2.5        64    0.6   0.0   127   182    39    56    31    74 0.64 -
Pdum_DN84981_c0_g1_i4:2535-3476  -            314 361100at33208        -            270   2.5e-06   24.9   0.1   2   3   3.8e-05   0.00099   16.4   0.1    41   139    78   177    69   194 0.78 -
Pdum_DN84981_c0_g1_i4:2535-3476  -            314 361100at33208        -            270   2.5e-06   24.9   0.1   3   3      0.24       6.3    3.9   0.0   122   154   205   237   151   248 0.52 -
Pdum_DN76013_c0_g1_i3:463-1068   -            202 361100at33208        -            270   3.5e-06   24.5   1.8   1   3   0.00065     0.017   12.4   0.1   177   219    39    82    31    84 0.81 -
Pdum_DN76013_c0_g1_i3:463-1068   -            202 361100at33208        -            270   3.5e-06   24.5   1.8   2   3    0.0046      0.12    9.6   0.0   177   218    83   125    81   129 0.87 -
Pdum_DN76013_c0_g1_i3:463-1068   -            202 361100at33208        -            270   3.5e-06   24.5   1.8   3   3        10   2.6e+02   -1.4   0.0    89   101   168   180   144   185 0.58 -
Pdum_DN92615_c3_g1_i3:1432-2112  -            227 361100at33208        -            270   4.2e-06   24.2   0.1   1   3   0.00089     0.023   11.9   0.0    66   140     7    89     2   114 0.79 -
Pdum_DN92615_c3_g1_i3:1432-2112  -            227 361100at33208        -            270   4.2e-06   24.2   0.1   2   3      0.14       3.6    4.8   0.0    86   142   118   180    93   183 0.80 -
Pdum_DN92615_c3_g1_i3:1432-2112  -            227 361100at33208        -            270   4.2e-06   24.2   0.1   3   3      0.17       4.5    4.4   0.0   198   220   201   223   184   226 0.79 -
Pdum_DN65740_c0_g1_i1:159-803    -            215 361100at33208        -            270     6e-06   23.7   1.6   1   2    0.0012     0.031   11.5   0.2    10    66    20    79    11   138 0.56 -
Pdum_DN65740_c0_g1_i1:159-803    -            215 361100at33208        -            270     6e-06   23.7   1.6   2   2    0.0038     0.098    9.9   0.3     5    99   116   215   112   215 0.63 -
Pdum_DN92880_c2_g1_i2:4337-5176  -            280 361100at33208        -            270   6.8e-06   23.5   0.0   1   2     0.018      0.47    7.6   0.0    75   140    15    85     5    93 0.71 -
Pdum_DN92880_c2_g1_i2:4337-5176  -            280 361100at33208        -            270   6.8e-06   23.5   0.0   2   2   0.00042     0.011   13.0   0.0    60   140   138   221   101   235 0.71 -
Pdum_DN89782_c4_g2_i2:556-4518   -           1321 361100at33208        -            270   1.1e-05   22.8   0.1   1   2    0.0011     0.029   11.6   0.0    84   215    24   164    18   171 0.75 -
Pdum_DN89782_c4_g2_i2:556-4518   -           1321 361100at33208        -            270   1.1e-05   22.8   0.1   2   2     0.009      0.23    8.6   0.0    24   101   268   345   245   372 0.85 -
Pdum_DN90079_c2_g2_i8:1469-1858  -            130 361100at33208        -            270   1.4e-05   22.5   0.0   1   1   1.1e-06   2.8e-05   21.5   0.0    43   104    44   105    35   124 0.85 -
Pdum_DN88739_c2_g1_i2:407-1549   -            381 361100at33208        -            270   1.5e-05   22.3   2.0   1   2   0.00058     0.015   12.5   0.0    42   104   195   257   188   264 0.81 -
Pdum_DN88739_c2_g1_i2:407-1549   -            381 361100at33208        -            270   1.5e-05   22.3   2.0   2   2     0.013      0.33    8.1   0.4   217   255   265   304   259   310 0.80 -
Pdum_DN84002_c0_g1_i8:796-1551   -            252 361100at33208        -            270   1.6e-05   22.3   0.3   1   1   2.1e-06   5.4e-05   20.6   0.3     3   103    11   119     9   122 0.81 -
Pdum_DN78867_c0_g1_i4:315-983    -            223 361100at33208        -            270   1.7e-05   22.2   0.0   1   2      0.17       4.5    4.4   0.0    15   121     1   104     1   107 0.76 -
Pdum_DN78867_c0_g1_i4:315-983    -            223 361100at33208        -            270   1.7e-05   22.2   0.0   2   2     2e-05   0.00051   17.4   0.0    72   133    98   161    49   192 0.64 -
Pdum_DN71483_c1_g1_i1:599-1228   -            210 361100at33208        -            270   3.4e-05   21.2   0.0   1   2     0.052       1.3    6.1   0.0   182   217    65   101    59   125 0.75 -
Pdum_DN71483_c1_g1_i1:599-1228   -            210 361100at33208        -            270   3.4e-05   21.2   0.0   2   2   3.1e-06   8.1e-05   20.0   0.0     2   103    85   194    84   198 0.78 -
Pdum_DN66486_c0_g1_i1:419-1648   -            410 361100at33208        -            270   3.5e-05   21.2   2.4   1   4      0.48        12    3.0   0.0    63   103    59   100    42   125 0.79 -
Pdum_DN66486_c0_g1_i1:419-1648   -            410 361100at33208        -            270   3.5e-05   21.2   2.4   2   4     0.022      0.57    7.4   0.0   195   220   160   185   153   190 0.88 -
Pdum_DN66486_c0_g1_i1:419-1648   -            410 361100at33208        -            270   3.5e-05   21.2   2.4   3   4     0.019      0.49    7.6   0.0   182   220   189   227   183   237 0.88 -
Pdum_DN66486_c0_g1_i1:419-1648   -            410 361100at33208        -            270   3.5e-05   21.2   2.4   4   4       5.8   1.5e+02   -0.6   0.1   186   222   350   386   330   397 0.74 -
Pdum_DN90581_c4_g2_i3:17-301     -             95 361100at33208        -            270   4.1e-05   21.0   0.2   1   2   0.00034    0.0089   13.3   0.0    64   108    10    54     2    68 0.75 -
Pdum_DN90581_c4_g2_i3:17-301     -             95 361100at33208        -            270   4.1e-05   21.0   0.2   2   2     0.035      0.91    6.7   0.1    75   218    65    93    57    95 0.54 -
Pdum_DN86294_c0_g1_i3:101-3103   -           1001 361100at33208        -            270   4.3e-05   20.9   0.0   1   2   0.00045     0.012   12.9   0.0    76   217    17   165    11   171 0.81 -
Pdum_DN86294_c0_g1_i3:101-3103   -           1001 361100at33208        -            270   4.3e-05   20.9   0.0   2   2      0.46        12    3.0   0.0    38   105   194   260   178   279 0.76 -
Pdum_DN74905_c1_g1_i2:2-1102     -            367 361100at33208        -            270   0.00011   19.5   0.1   1   3     0.075       1.9    5.6   0.0    74   146    21    96     7   113 0.71 -
Pdum_DN74905_c1_g1_i2:2-1102     -            367 361100at33208        -            270   0.00011   19.5   0.1   2   3    0.0026     0.067   10.4   0.0    69   111   145   187   113   193 0.81 -
Pdum_DN74905_c1_g1_i2:2-1102     -            367 361100at33208        -            270   0.00011   19.5   0.1   3   3       8.6   2.2e+02   -1.1   0.0    38   101   233   302   220   325 0.58 -
Pdum_DN55647_c0_g1_i2:33-551     -            173 361100at33208        -            270   0.00011   19.5   2.1   1   2   0.00019     0.005   14.1   0.6   183   232     1    49     1    60 0.87 -
Pdum_DN55647_c0_g1_i2:33-551     -            173 361100at33208        -            270   0.00011   19.5   2.1   2   2      0.84        22    2.2   0.0   164   180    70    86    56   114 0.64 -
Pdum_DN92435_c3_g1_i6:249-854    -            202 361100at33208        -            270   0.00016   19.1   0.9   1   2    0.0026     0.067   10.4   0.7    50   135    31   118     3   136 0.70 -
Pdum_DN92435_c3_g1_i6:249-854    -            202 361100at33208        -            270   0.00016   19.1   0.9   2   2     0.027       0.7    7.1   0.0   112   146   138   173   127   187 0.84 -
Pdum_DN92828_c4_g1_i1:1100-1621  -            174 361100at33208        -            270   0.00016   19.0   0.3   1   2    0.0097      0.25    8.5   0.1    75   122     8    56     2    83 0.78 -
Pdum_DN92828_c4_g1_i1:1100-1621  -            174 361100at33208        -            270   0.00016   19.0   0.3   2   2     0.012       0.3    8.3   0.0    44   100   110   168    90   173 0.83 -
Pdum_DN79808_c0_g1_i2:642-4217   -           1192 361100at33208        -            270   0.00017   18.9   7.7   1   5   6.5e-05    0.0017   15.6   0.0   212   269    10    68     6    69 0.91 -
Pdum_DN79808_c0_g1_i2:642-4217   -           1192 361100at33208        -            270   0.00017   18.9   7.7   2   5       0.6        16    2.7   0.0     3    54    74   124    73   164 0.72 -
Pdum_DN79808_c0_g1_i2:642-4217   -           1192 361100at33208        -            270   0.00017   18.9   7.7   3   5         9   2.3e+02   -1.2   0.6   130   207   314   391   300   396 0.78 -
Pdum_DN79808_c0_g1_i2:642-4217   -           1192 361100at33208        -            270   0.00017   18.9   7.7   4   5       7.7     2e+02   -1.0   0.0    27    60   459   493   455   526 0.74 -
Pdum_DN79808_c0_g1_i2:642-4217   -           1192 361100at33208        -            270   0.00017   18.9   7.7   5   5       6.3   1.6e+02   -0.7   0.1    96   171   657   732   646   799 0.70 -
Pdum_DN91578_c1_g1_i1:293-997    -            235 361100at33208        -            270   0.00026   18.3   0.2   1   1   0.00013    0.0035   14.6   0.2     3    99   131   226   129   227 0.70 -
Pdum_DN83655_c1_g1_i2:238-2439   -            734 361100at33208        -            270   0.00037   17.8   0.5   1   5      0.27         7    3.8   0.0   228   268    17    58    13    90 0.83 -
Pdum_DN83655_c1_g1_i2:238-2439   -            734 361100at33208        -            270   0.00037   17.8   0.5   2   5      0.81        21    2.2   0.0    31    79   146   193   139   214 0.71 -
Pdum_DN83655_c1_g1_i2:238-2439   -            734 361100at33208        -            270   0.00037   17.8   0.5   3   5      0.69        18    2.4   0.0    75   135   233   294   215   312 0.69 -
Pdum_DN83655_c1_g1_i2:238-2439   -            734 361100at33208        -            270   0.00037   17.8   0.5   4   5       3.1        80    0.3   0.0   200   218   450   468   430   484 0.79 -
Pdum_DN83655_c1_g1_i2:238-2439   -            734 361100at33208        -            270   0.00037   17.8   0.5   5   5       5.3   1.4e+02   -0.5   0.0   125   195   546   616   496   640 0.60 -
Pdum_DN70029_c0_g1_i5:236-670    -            145 361100at33208        -            270   0.00038   17.8   0.0   1   1   0.00013    0.0034   14.7   0.0    23   122    14   127     2   144 0.56 -
Pdum_DN69324_c0_g1_i2:232-1023   -            264 361100at33208        -            270   0.00043   17.6   0.0   1   1   2.5e-05   0.00064   17.0   0.0    42   145    34   140    15   151 0.87 -
Pdum_DN84536_c0_g1_i1:2255-2878  -            208 361100at33208        -            270   0.00054   17.3   0.1   1   1   0.00024    0.0062   13.8   0.1    80   221    56   164     2   203 0.53 -
Pdum_DN69316_c0_g1_i1:312-956    -            215 361100at33208        -            270   0.00067   17.0   0.2   1   2       1.1        29    1.8   0.0    80   127     8    55     3    62 0.82 -
Pdum_DN69316_c0_g1_i1:312-956    -            215 361100at33208        -            270   0.00067   17.0   0.2   2   2   0.00032    0.0084   13.4   0.0     2   104    66   173    65   199 0.80 -
Pdum_DN77384_c0_g1_i7:393-935    -            181 361100at33208        -            270   0.00067   17.0   0.0   1   2    0.0022     0.057   10.6   0.0    81   143    74   140    59   153 0.78 -
Pdum_DN77384_c0_g1_i7:393-935    -            181 361100at33208        -            270   0.00067   17.0   0.0   2   2      0.17       4.4    4.4   0.0    82   101   161   180   139   181 0.78 -
Pdum_DN89224_c5_g2_i10:3220-3918 -            233 361100at33208        -            270   0.00086   16.6   6.1   1   3     0.021      0.56    7.4   1.9   181   221    82   123    48   131 0.77 -
Pdum_DN89224_c5_g2_i10:3220-3918 -            233 361100at33208        -            270   0.00086   16.6   6.1   2   3      0.25       6.6    3.9   0.0    75   104   134   163   123   171 0.78 -
Pdum_DN89224_c5_g2_i10:3220-3918 -            233 361100at33208        -            270   0.00086   16.6   6.1   3   3    0.0058      0.15    9.3   0.1     5   217   148   205   141   211 0.48 -
Pdum_DN89809_c3_g1_i10:6324-7073 -            250 361100at33208        -            270   0.00094   16.5   0.1   1   2     0.018      0.47    7.6   0.1    57   101    38    83     2    94 0.64 -
Pdum_DN89809_c3_g1_i10:6324-7073 -            250 361100at33208        -            270   0.00094   16.5   0.1   2   2       0.9        23    2.1   0.0    89   127   112   153   101   187 0.70 -
Pdum_DN89812_c3_g1_i3:2-727      -            242 361100at33208        -            270    0.0013   16.1   0.0   1   1   0.00011    0.0027   15.0   0.0    21   112    44   135    28   175 0.86 -
Pdum_DN75371_c0_g2_i4:68-763     -            232 361100at33208        -            270    0.0019   15.5   0.1   1   3      0.12       3.2    4.9   0.0   126   149     3    26     1    55 0.80 -
Pdum_DN75371_c0_g2_i4:68-763     -            232 361100at33208        -            270    0.0019   15.5   0.1   2   3     0.039         1    6.5   0.0   124   146   132   154    99   204 0.68 -
Pdum_DN75371_c0_g2_i4:68-763     -            232 361100at33208        -            270    0.0019   15.5   0.1   3   3     0.033      0.85    6.8   0.0   125   146   133   154   121   232 0.59 -
Pdum_DN34036_c0_g1_i1:478-1620   -            381 361100at33208        -            270    0.0022   15.3   0.0   1   1   0.00033    0.0085   13.4   0.0    83   142   201   266   188   270 0.85 -
Pdum_DN91057_c2_g1_i2:7938-8480  -            181 361100at33208        -            270    0.0036   14.6   0.0   1   1   0.00096     0.025   11.8   0.0    89   141    59   113     1   119 0.66 -
Pdum_DN85938_c0_g1_i1:258-608    -            117 361100at33208        -            270    0.0062   13.8   0.0   1   1   0.00029    0.0077   13.5   0.0     2    35    16    49    15   113 0.65 -
Pdum_DN84945_c0_g1_i5:1762-2376  -            205 361100at33208        -            270    0.0064   13.8   0.0   1   2   0.00081     0.021   12.1   0.0    79   149    65   137    23   155 0.81 -
Pdum_DN84945_c0_g1_i5:1762-2376  -            205 361100at33208        -            270    0.0064   13.8   0.0   2   2      0.48        12    3.0   0.0     9    59   120   174   115   182 0.81 -
Pdum_DN90901_c7_g1_i5:256-1545   -            430 361100at33208        -            270    0.0079   13.5   2.2   1   4       2.1        54    0.9   0.0    69   100    10    40     4    64 0.80 -
Pdum_DN90901_c7_g1_i5:256-1545   -            430 361100at33208        -            270    0.0079   13.5   2.2   2   4       8.7   2.3e+02   -1.2   0.0    27    58    60    90    44   105 0.67 -
Pdum_DN90901_c7_g1_i5:256-1545   -            430 361100at33208        -            270    0.0079   13.5   2.2   3   4     0.023      0.61    7.3   0.1     3   100   164   266   162   269 0.65 -
Pdum_DN90901_c7_g1_i5:256-1545   -            430 361100at33208        -            270    0.0079   13.5   2.2   4   4         6   1.6e+02   -0.6   0.1   198   257   302   368   279   375 0.63 -
Pdum_DN92312_c5_g1_i1:3890-4381  -            164 361100at33208        -            270    0.0081   13.4   0.1   1   2     0.048       1.2    6.3   0.0     3    39    30    67    28    71 0.81 -
Pdum_DN92312_c5_g1_i1:3890-4381  -            164 361100at33208        -            270    0.0081   13.4   0.1   2   2     0.088       2.3    5.4   0.0   126   150   120   144    75   161 0.74 -
Pdum_DN87538_c0_g1_i11:59-631    -            191 361100at33208        -            270    0.0092   13.3   0.1   1   3     0.038         1    6.6   0.0    69   110     3    44     1    58 0.83 -
Pdum_DN87538_c0_g1_i11:59-631    -            191 361100at33208        -            270    0.0092   13.3   0.1   2   3      0.15       3.9    4.6   0.0     3   108    21   133    20   141 0.63 -
Pdum_DN87538_c0_g1_i11:59-631    -            191 361100at33208        -            270    0.0092   13.3   0.1   3   3      0.42        11    3.2   0.0    85   102   161   179    66   183 0.44 -
Pdum_DN82661_c0_g1_i10:527-1123  -            199 361100at33208        -            270    0.0093   13.2   0.0   1   1   0.00068     0.018   12.3   0.0    72   145     2    77     1    89 0.84 -
Pdum_DN57990_c0_g1_i2:33-530     -            166 361100at33208        -            270     0.011   13.0   0.1   1   2     0.059       1.5    6.0   0.0   224   258    54    90    18    94 0.69 -
Pdum_DN57990_c0_g1_i2:33-530     -            166 361100at33208        -            270     0.011   13.0   0.1   2   2      0.19       4.9    4.3   0.0    25   214   132   164    98   166 0.46 -
Pdum_DN71959_c0_g1_i4:1320-1871  -            184 361100at33208        -            270     0.014   12.6   0.1   1   2    0.0029     0.075   10.3   0.1   193   217    57    81     3   109 0.81 -
Pdum_DN71959_c0_g1_i4:1320-1871  -            184 361100at33208        -            270     0.014   12.6   0.1   2   2     0.003     0.078   10.2   0.1   193   224    57    91    48   135 0.75 -
Pdum_DN75082_c2_g3_i2:17-943     -            309 361100at33208        -            270     0.016   12.5   6.9   1   4     0.033      0.86    6.8   0.3    78   218    23    48    12    64 0.57 -
Pdum_DN75082_c2_g3_i2:17-943     -            309 361100at33208        -            270     0.016   12.5   6.9   2   4       1.4        35    1.5   0.1   200   215    76    91    56    97 0.83 -
Pdum_DN75082_c2_g3_i2:17-943     -            309 361100at33208        -            270     0.016   12.5   6.9   3   4      0.19         5    4.3   0.1   194   220   122   150   102   166 0.73 -
Pdum_DN75082_c2_g3_i2:17-943     -            309 361100at33208        -            270     0.016   12.5   6.9   4   4       2.9        75    0.4   0.0    75    99   284   308   271   309 0.53 -
Pdum_DN79525_c1_g1_i2:759-1442   -            228 361100at33208        -            270     0.016   12.4   0.0   1   2    0.0081      0.21    8.8   0.0    28   104     1    78     1    97 0.83 -
Pdum_DN79525_c1_g1_i2:759-1442   -            228 361100at33208        -            270     0.016   12.4   0.0   2   2     0.012      0.33    8.2   0.0    37   102    55   122    48   146 0.81 -
Pdum_DN85858_c0_g1_i11:292-1188  -            299 361100at33208        -            270      0.02   12.1   1.6   1   2     0.014      0.35    8.1   0.2   185   219   128   163   110   183 0.73 -
Pdum_DN85858_c0_g1_i11:292-1188  -            299 361100at33208        -            270      0.02   12.1   1.6   2   2    0.0025     0.064   10.5   0.1     2    71   145   218   144   243 0.67 -
Pdum_DN92751_c5_g3_i1:1240-1560  -            107 361100at33208        -            270     0.024   11.9   0.0   1   1    0.0012     0.032   11.5   0.0   155   218    29    97    16   106 0.80 -
Pdum_DN85510_c0_g1_i3:3283-3711  -            143 361100at33208        -            270     0.042   11.1   0.0   1   1    0.0023     0.061   10.6   0.0   194   219    39    64     2    92 0.84 -
#
# Program:         hmmsearch
# Version:         3.1b2 (February 2015)
# Pipeline mode:   SEARCH
# Query file:      /mnt/f/phylo/WORMS/busco_analysis/busco_downloads/lineages/metazoa_odb10/hmms/361100at33208.hmm
# Target file:     /mnt/f/phylo/WORMS/busco_analysis/metazoa_lineage_result/run_metazoa_odb10/metaeuk_output/initial_results/Platynereis_ref.eggnog_filter.nucl.fasta.modified.fas
# Option settings: hmmsearch --domtblout /mnt/f/phylo/WORMS/busco_analysis/metazoa_lineage_result/run_metazoa_odb10/hmmer_output/initial_run_results/361100at33208.out --cpu 1 /mnt/f/phylo/WORMS/busco_analysis/busco_downloads/lineages/metazoa_odb10/hmms/361100at33208.hmm /mnt/f/phylo/WORMS/busco_analysis/metazoa_lineage_result/run_metazoa_odb10/metaeuk_output/initial_results/Platynereis_ref.eggnog_filter.nucl.fasta.modified.fas 
# Current dir:     /mnt/f/phylo/WORMS/busco_analysis
# Date:            Sun Mar 12 20:42:08 2023
# [ok]
