#                                                                                       --- full sequence --- -------------- this domain -------------   hmm coord   ali coord   env coord
# target name                   accession   tlen query name           accession   qlen   E-value  score  bias   #  of  c-Evalue  i-Evalue  score  bias  from    to  from    to  from    to  acc description of target
#           ------------------- ---------- ----- -------------------- ---------- ----- --------- ------ ----- --- --- --------- --------- ------ ----- ----- ----- ----- ----- ----- ----- ---- ---------------------
Pdum_DN89968_c2_g1_i5:3055-4149 -            365 361216at33208        -            320     6e-32  108.7   6.6   1   3   2.7e-21   3.7e-19   66.7   1.2    51   197    27   187     4   194 0.82 -
Pdum_DN89968_c2_g1_i5:3055-4149 -            365 361216at33208        -            320     6e-32  108.7   6.6   2   3   1.2e-09   1.7e-07   28.4   0.1    64   118   197   254   191   255 0.88 -
Pdum_DN89968_c2_g1_i5:3055-4149 -            365 361216at33208        -            320     6e-32  108.7   6.6   3   3   1.7e-05    0.0023   14.7   0.0    66   118   248   306   246   313 0.81 -
Pdum_DN90789_c3_g1_i5:575-2887  -            771 361216at33208        -            320   6.5e-30  102.0   2.2   1   3   1.7e-12   2.4e-10   37.7   0.0    63   132    47   119    30   129 0.87 -
Pdum_DN90789_c3_g1_i5:575-2887  -            771 361216at33208        -            320   6.5e-30  102.0   2.2   2   3   3.4e-11   4.6e-09   33.5   0.2    64   142    98   184    97   199 0.83 -
Pdum_DN90789_c3_g1_i5:575-2887  -            771 361216at33208        -            320   6.5e-30  102.0   2.2   3   3   1.3e-13   1.8e-11   41.4   0.1    66   183   211   339   188   362 0.68 -
Pdum_DN75712_c1_g1_i6:541-1626  -            362 361216at33208        -            320   1.2e-23   81.4   1.8   1   3   0.00029      0.04   10.7   0.0    56   110    58   116    29   120 0.86 -
Pdum_DN75712_c1_g1_i6:541-1626  -            362 361216at33208        -            320   1.2e-23   81.4   1.8   2   3   7.6e-12   1.1e-09   35.6   0.1    64   163   117   222   113   227 0.87 -
Pdum_DN75712_c1_g1_i6:541-1626  -            362 361216at33208        -            320   1.2e-23   81.4   1.8   3   3   1.8e-11   2.5e-09   34.3   0.0    63   139   227   308   223   326 0.80 -
Pdum_DN90057_c3_g1_i8:1208-1921 -            238 361216at33208        -            320     7e-17   59.2   0.0   1   2   3.4e-07   4.7e-05   20.3   0.1    60   144    17   107     4   119 0.75 -
Pdum_DN90057_c3_g1_i8:1208-1921 -            238 361216at33208        -            320     7e-17   59.2   0.0   2   2     2e-12   2.8e-10   37.5   0.0    42   161   105   218    94   223 0.86 -
Pdum_DN72376_c0_g1_i1:632-1441  -            270 361216at33208        -            320   4.2e-16   56.6   4.3   1   4   3.4e-08   4.8e-06   23.6   1.1   119   198     3    95     1   107 0.70 -
Pdum_DN72376_c0_g1_i1:632-1441  -            270 361216at33208        -            320   4.2e-16   56.6   4.3   2   4       1.4     2e+02   -1.5   0.0   117   133   110   126   100   132 0.72 -
Pdum_DN72376_c0_g1_i1:632-1441  -            270 361216at33208        -            320   4.2e-16   56.6   4.3   3   4   3.4e-08   4.8e-06   23.6   0.0    86   133   150   197   141   200 0.91 -
Pdum_DN72376_c0_g1_i1:632-1441  -            270 361216at33208        -            320   4.2e-16   56.6   4.3   4   4    0.0032      0.44    7.3   0.0   179   225   199   250   195   269 0.71 -
Pdum_DN87318_c0_g1_i5:3-392     -            130 361216at33208        -            320   5.9e-13   46.3   0.1   1   1   4.9e-15   6.7e-13   46.1   0.1    61   160    28   128     8   130 0.84 -
Pdum_DN73060_c0_g1_i2:790-1242  -            151 361216at33208        -            320   7.1e-12   42.7   0.0   1   2   9.2e-07   0.00013   18.9   0.0   108   177     7    81     2    82 0.81 -
Pdum_DN73060_c0_g1_i2:790-1242  -            151 361216at33208        -            320   7.1e-12   42.7   0.0   2   2   1.3e-09   1.8e-07   28.2   0.0    51   149    48   151    36   151 0.79 -
Pdum_DN91730_c7_g1_i1:1080-2024 -            315 361216at33208        -            320   3.7e-11   40.4   2.8   1   3   1.1e-07   1.5e-05   21.9   0.3    73   168    12   117     2   122 0.78 -
Pdum_DN91730_c7_g1_i1:1080-2024 -            315 361216at33208        -            320   3.7e-11   40.4   2.8   2   3   0.00093      0.13    9.0   0.1    76   137   125   190   121   203 0.79 -
Pdum_DN91730_c7_g1_i1:1080-2024 -            315 361216at33208        -            320   3.7e-11   40.4   2.8   3   3    0.0042      0.58    6.9   0.0    57    84   216   245   190   252 0.78 -
Pdum_DN84602_c0_g1_i1:1164-2663 -            500 361216at33208        -            320   1.6e-09   35.0   0.1   1   2   1.7e-07   2.4e-05   21.3   0.0    68   160   272   358   254   363 0.85 -
Pdum_DN84602_c0_g1_i1:1164-2663 -            500 361216at33208        -            320   1.6e-09   35.0   0.1   2   2   4.5e-07   6.3e-05   19.9   0.1    53   162   302   417   299   481 0.70 -
Pdum_DN92138_c3_g1_i1:2188-2577 -            130 361216at33208        -            320   1.8e-09   34.8   1.5   1   2   9.1e-05     0.013   12.3   0.2   173   213    30    74     1    76 0.79 -
Pdum_DN92138_c3_g1_i1:2188-2577 -            130 361216at33208        -            320   1.8e-09   34.8   1.5   2   2   1.8e-09   2.5e-07   27.8   0.1    62   129    60   130    56   130 0.94 -
Pdum_DN74862_c0_g1_i3:1260-2786 -            509 361216at33208        -            320   1.8e-09   34.8   4.7   1   4     0.054       7.5    3.2   0.0    61    85   258   285   235   290 0.60 -
Pdum_DN74862_c0_g1_i3:1260-2786 -            509 361216at33208        -            320   1.8e-09   34.8   4.7   2   4         3   4.1e+02   -2.5   0.0    55    81   305   333   291   336 0.78 -
Pdum_DN74862_c0_g1_i3:1260-2786 -            509 361216at33208        -            320   1.8e-09   34.8   4.7   3   4   4.7e-10   6.4e-08   29.7   0.2    53   159   350   452   341   460 0.85 -
Pdum_DN74862_c0_g1_i3:1260-2786 -            509 361216at33208        -            320   1.8e-09   34.8   4.7   4   4       0.4        56    0.4   0.0   114   133   463   482   455   495 0.71 -
Pdum_DN88509_c2_g1_i9:2343-2876 -            178 361216at33208        -            320   3.5e-08   30.6   0.0   1   1   2.2e-08   3.1e-06   24.2   0.0    52   220     2   176     1   178 0.72 -
Pdum_DN87535_c1_g1_i5:1835-2290 -            152 361216at33208        -            320   5.6e-08   29.9   0.1   1   1   9.3e-10   1.3e-07   28.7   0.1   280   315    96   131    59   134 0.83 -
Pdum_DN81331_c0_g1_i2:908-2503  -            532 361216at33208        -            320   6.3e-08   29.8   0.2   1   3      0.11        16    2.2   0.0   179   226   238   286   228   293 0.68 -
Pdum_DN81331_c0_g1_i2:908-2503  -            532 361216at33208        -            320   6.3e-08   29.8   0.2   2   3       1.1   1.5e+02   -1.1   0.0    48    82   297   333   282   337 0.74 -
Pdum_DN81331_c0_g1_i2:908-2503  -            532 361216at33208        -            320   6.3e-08   29.8   0.2   3   3   3.1e-08   4.3e-06   23.7   0.0    48   158   394   503   382   507 0.77 -
Pdum_DN58684_c0_g1_i1:455-1189  -            245 361216at33208        -            320     4e-07   27.1   4.3   1   3    0.0043      0.59    6.8   0.1   199   232     1    33     1    58 0.66 -
Pdum_DN58684_c0_g1_i1:455-1189  -            245 361216at33208        -            320     4e-07   27.1   4.3   2   3     0.011       1.6    5.4   0.8    60   159    58   159    37   164 0.69 -
Pdum_DN58684_c0_g1_i1:455-1189  -            245 361216at33208        -            320     4e-07   27.1   4.3   3   3   6.2e-07   8.6e-05   19.4   0.5    87   177   146   245    89   245 0.75 -
Pdum_DN91958_c5_g1_i3:1008-1544 -            179 361216at33208        -            320   4.8e-07   26.8   1.3   1   2     1e-07   1.5e-05   22.0   0.4    46   133    14   101     3   121 0.81 -
Pdum_DN91958_c5_g1_i3:1008-1544 -            179 361216at33208        -            320   4.8e-07   26.8   1.3   2   2     0.022       3.1    4.5   0.0   185   234   112   162   102   176 0.63 -
Pdum_DN74447_c3_g1_i2:509-2059  -            517 361216at33208        -            320   7.3e-07   26.3   0.6   1   3     0.031       4.3    4.0   0.0   110   137   262   289   225   297 0.83 -
Pdum_DN74447_c3_g1_i2:509-2059  -            517 361216at33208        -            320   7.3e-07   26.3   0.6   2   3      0.34        47    0.6   0.1    53    82   299   330   285   356 0.72 -
Pdum_DN74447_c3_g1_i2:509-2059  -            517 361216at33208        -            320   7.3e-07   26.3   0.6   3   3   1.5e-06    0.0002   18.2   0.0    53   177   346   470   332   497 0.75 -
Pdum_DN67347_c3_g2_i1:258-1883  -            542 361216at33208        -            320   1.4e-06   25.3   0.2   1   3    0.0017      0.24    8.1   0.1    49   108   285   352   256   384 0.73 -
Pdum_DN67347_c3_g2_i1:258-1883  -            542 361216at33208        -            320   1.4e-06   25.3   0.2   2   3      0.16        23    1.6   0.0    51    99   387   440   366   446 0.71 -
Pdum_DN67347_c3_g2_i1:258-1883  -            542 361216at33208        -            320   1.4e-06   25.3   0.2   3   3     6e-05    0.0083   12.9   0.0    55   131   440   522   435   537 0.78 -
Pdum_DN91730_c7_g2_i3:3282-4397 -            372 361216at33208        -            320   1.5e-06   25.2   2.8   1   2     7e-06   0.00096   16.0   0.4    27   130   157   265   150   272 0.76 -
Pdum_DN91730_c7_g2_i3:3282-4397 -            372 361216at33208        -            320   1.5e-06   25.2   2.8   2   2     3e-06   0.00042   17.2   0.1    63   134   245   322   242   339 0.79 -
Pdum_DN85016_c0_g3_i1:230-481   -             84 361216at33208        -            320   1.1e-05   22.4   0.3   1   2    0.0001     0.014   12.2   0.0    76   109     3    37     1    44 0.85 -
Pdum_DN85016_c0_g3_i1:230-481   -             84 361216at33208        -            320   1.1e-05   22.4   0.3   2   2   0.00054     0.074    9.8   0.1    65   106    40    84    35    84 0.81 -
Pdum_DN65527_c0_g1_i2:628-1383  -            252 361216at33208        -            320   2.4e-05   21.3   0.0   1   1   2.5e-07   3.5e-05   20.7   0.0     3    50     4    50     2    79 0.80 -
Pdum_DN86952_c0_g1_i4:1918-2226 -            103 361216at33208        -            320   5.5e-05   20.1   0.1   1   2   2.2e-05     0.003   14.4   0.0   182   225     3    47     1    55 0.79 -
Pdum_DN86952_c0_g1_i4:1918-2226 -            103 361216at33208        -            320   5.5e-05   20.1   0.1   2   2     0.033       4.6    3.9   0.0    46    80    64   101    52   103 0.71 -
Pdum_DN81374_c0_g1_i2:748-2313  -            522 361216at33208        -            320   0.00015   18.7   0.6   1   2   0.00026     0.036   10.8   0.0    85   158   292   360   254   364 0.90 -
Pdum_DN81374_c0_g1_i2:748-2313  -            522 361216at33208        -            320   0.00015   18.7   0.6   2   2     0.011       1.6    5.4   0.5   112   159   423   474   381   503 0.71 -
Pdum_DN92138_c3_g1_i1:1696-2154 -            153 361216at33208        -            320   0.00028   17.8   0.0   1   2     0.011       1.5    5.6   0.0    92   130     4    46     2    49 0.74 -
Pdum_DN92138_c3_g1_i1:1696-2154 -            153 361216at33208        -            320   0.00028   17.8   0.0   2   2   4.6e-06   0.00064   16.6   0.0    61   113    24    77    12   113 0.74 -
Pdum_DN83709_c0_g1_i1:11-562    -            184 361216at33208        -            320   0.00053   16.8   0.8   1   2   0.00044     0.061   10.1   0.1   196   255    13    80     4   116 0.67 -
Pdum_DN83709_c0_g1_i1:11-562    -            184 361216at33208        -            320   0.00053   16.8   0.8   2   2     0.026       3.5    4.3   0.1   121   158   146   184   108   184 0.83 -
Pdum_DN91473_c1_g1_i2:525-2039  -            505 361216at33208        -            320   0.00065   16.6   0.8   1   2     0.041       5.7    3.6   0.1    53   158   240   338   225   358 0.75 -
Pdum_DN91473_c1_g1_i2:525-2039  -            505 361216at33208        -            320   0.00065   16.6   0.8   2   2   0.00026     0.035   10.9   0.1   148   233   377   475   369   484 0.77 -
Pdum_DN78056_c0_g1_i3:503-2026  -            508 361216at33208        -            320    0.0013   15.6   0.2   1   3      0.02       2.7    4.7   0.0   175   222   317   368   306   379 0.79 -
Pdum_DN78056_c0_g1_i3:503-2026  -            508 361216at33208        -            320    0.0013   15.6   0.2   2   3      0.22        31    1.2   0.0    53    99   384   438   370   439 0.71 -
Pdum_DN78056_c0_g1_i3:503-2026  -            508 361216at33208        -            320    0.0013   15.6   0.2   3   3    0.0038      0.53    7.0   0.0   186   234   431   478   421   503 0.63 -
Pdum_DN85469_c0_g1_i9:1816-3273 -            486 361216at33208        -            320     0.003   14.4   0.1   1   2      0.02       2.7    4.7   0.0   139   169   278   308   273   315 0.86 -
Pdum_DN85469_c0_g1_i9:1816-3273 -            486 361216at33208        -            320     0.003   14.4   0.1   2   2    0.0042      0.59    6.9   0.0    84   224   330   470   307   482 0.48 -
Pdum_DN86857_c0_g3_i1:1348-2100 -            251 361216at33208        -            320     0.025   11.3   0.0   1   3      0.29        41    0.8   0.0   182   223    52    93     8   120 0.72 -
Pdum_DN86857_c0_g3_i1:1348-2100 -            251 361216at33208        -            320     0.025   11.3   0.0   2   3    0.0034      0.48    7.1   0.0    45   100   147   205   141   212 0.76 -
Pdum_DN86857_c0_g3_i1:1348-2100 -            251 361216at33208        -            320     0.025   11.3   0.0   3   3      0.55        76   -0.1   0.0    44    80   193   231   187   234 0.72 -
#
# Program:         hmmsearch
# Version:         3.1b2 (February 2015)
# Pipeline mode:   SEARCH
# Query file:      /mnt/f/phylo/WORMS/busco_analysis/busco_downloads/lineages/metazoa_odb10/hmms/361216at33208.hmm
# Target file:     /mnt/f/phylo/WORMS/busco_analysis/metazoa_lineage_result/run_metazoa_odb10/metaeuk_output/initial_results/Platynereis_ref.eggnog_filter.nucl.fasta.modified.fas
# Option settings: hmmsearch --domtblout /mnt/f/phylo/WORMS/busco_analysis/metazoa_lineage_result/run_metazoa_odb10/hmmer_output/initial_run_results/361216at33208.out --cpu 1 /mnt/f/phylo/WORMS/busco_analysis/busco_downloads/lineages/metazoa_odb10/hmms/361216at33208.hmm /mnt/f/phylo/WORMS/busco_analysis/metazoa_lineage_result/run_metazoa_odb10/metaeuk_output/initial_results/Platynereis_ref.eggnog_filter.nucl.fasta.modified.fas 
# Current dir:     /mnt/f/phylo/WORMS/busco_analysis
# Date:            Sun Mar 12 20:42:09 2023
# [ok]
