#                                                                                        --- full sequence --- -------------- this domain -------------   hmm coord   ali coord   env coord
# target name                    accession   tlen query name           accession   qlen   E-value  score  bias   #  of  c-Evalue  i-Evalue  score  bias  from    to  from    to  from    to  acc description of target
#            ------------------- ---------- ----- -------------------- ---------- ----- --------- ------ ----- --- --- --------- --------- ------ ----- ----- ----- ----- ----- ----- ----- ---- ---------------------
Pdum_DN83552_c2_g1_i4:337-1659   -            441 361203at33208        -            388  1.5e-180  598.0   5.9   1   1  6.3e-182  1.9e-180  597.7   5.9     2   388     1   439     1   439 0.91 -
Pdum_DN78854_c0_g1_i1:1579-2349  -            257 361203at33208        -            388   1.1e-25   88.2  14.5   1   4     2e-10   5.7e-09   33.2   1.3   239   307     2    74     1    79 0.89 -
Pdum_DN78854_c0_g1_i1:1579-2349  -            257 361203at33208        -            388   1.1e-25   88.2  14.5   2   4   8.7e-12   2.5e-10   37.6   1.1   234   314    39   123    35   135 0.88 -
Pdum_DN78854_c0_g1_i1:1579-2349  -            257 361203at33208        -            388   1.1e-25   88.2  14.5   3   4   5.7e-08   1.7e-06   25.1   0.1   238   309    85   160    76   166 0.82 -
Pdum_DN78854_c0_g1_i1:1579-2349  -            257 361203at33208        -            388   1.1e-25   88.2  14.5   4   4   2.2e-06   6.3e-05   19.8   0.0   212   308   143   243   131   248 0.85 -
Pdum_DN80129_c0_g2_i7:710-1570   -            287 361203at33208        -            388   8.2e-21   72.1   3.6   1   5   1.5e-08   4.3e-07   27.0   0.0   238   313     3    82     1    86 0.80 -
Pdum_DN80129_c0_g2_i7:710-1570   -            287 361203at33208        -            388   8.2e-21   72.1   3.6   2   5   0.00028    0.0081   12.9   0.0    59    96    82   118    76   122 0.69 -
Pdum_DN80129_c0_g2_i7:710-1570   -            287 361203at33208        -            388   8.2e-21   72.1   3.6   3   5     0.002     0.058   10.1   0.0    59    97   124   161   118   171 0.82 -
Pdum_DN80129_c0_g2_i7:710-1570   -            287 361203at33208        -            388   8.2e-21   72.1   3.6   4   5   5.1e-05    0.0015   15.3   0.0   242   310   176   251   164   253 0.79 -
Pdum_DN80129_c0_g2_i7:710-1570   -            287 361203at33208        -            388   8.2e-21   72.1   3.6   5   5     0.033      0.97    6.1   0.0    55    86   250   280   247   286 0.82 -
Pdum_DN78086_c1_g1_i5:2830-3705  -            292 361203at33208        -            388   1.1e-19   68.4   0.1   1   4    0.0003    0.0087   12.8   0.0   238   276     4    43     1    50 0.83 -
Pdum_DN78086_c1_g1_i5:2830-3705  -            292 361203at33208        -            388   1.1e-19   68.4   0.1   2   4   6.6e-07   1.9e-05   21.5   0.0   236   316    44   129    32   131 0.81 -
Pdum_DN78086_c1_g1_i5:2830-3705  -            292 361203at33208        -            388   1.1e-19   68.4   0.1   3   4   1.4e-06     4e-05   20.5   0.0   237   317   130   214   119   218 0.83 -
Pdum_DN78086_c1_g1_i5:2830-3705  -            292 361203at33208        -            388   1.1e-19   68.4   0.1   4   4    0.0037      0.11    9.2   0.0   239   305   216   286   208   289 0.48 -
Pdum_DN84798_c1_g2_i5:993-2768   -            592 361203at33208        -            388   9.7e-19   65.3   0.4   1   6      0.92        27    1.3   0.0   272   309    42    79    13    89 0.74 -
Pdum_DN84798_c1_g2_i5:993-2768   -            592 361203at33208        -            388   9.7e-19   65.3   0.4   2   6   2.6e-08   7.6e-07   26.2   0.0   200   306   139   251   133   262 0.76 -
Pdum_DN84798_c1_g2_i5:993-2768   -            592 361203at33208        -            388   9.7e-19   65.3   0.4   3   6         1        30    1.1   0.0   239   276   222   260   217   285 0.81 -
Pdum_DN84798_c1_g2_i5:993-2768   -            592 361203at33208        -            388   9.7e-19   65.3   0.4   4   6     0.034      0.99    6.0   0.0    62    98   305   340   302   380 0.82 -
Pdum_DN84798_c1_g2_i5:993-2768   -            592 361203at33208        -            388   9.7e-19   65.3   0.4   5   6   9.5e-07   2.8e-05   21.0   0.0   226   307   461   548   406   556 0.77 -
Pdum_DN84798_c1_g2_i5:993-2768   -            592 361203at33208        -            388   9.7e-19   65.3   0.4   6   6    0.0002    0.0059   13.4   0.0   239   306   518   590   512   592 0.83 -
Pdum_DN75190_c1_g2_i8:1873-2820  -            316 361203at33208        -            388   3.2e-18   63.6   7.0   1   5   9.2e-05    0.0027   14.5   0.2   253   317    60   126    35   136 0.70 -
Pdum_DN75190_c1_g2_i8:1873-2820  -            316 361203at33208        -            388   3.2e-18   63.6   7.0   2   5   2.8e-05   0.00082   16.2   0.3    59   123    82   156    77   171 0.74 -
Pdum_DN75190_c1_g2_i8:1873-2820  -            316 361203at33208        -            388   3.2e-18   63.6   7.0   3   5   8.9e-05    0.0026   14.5   0.8   234   309   123   201   117   203 0.74 -
Pdum_DN75190_c1_g2_i8:1873-2820  -            316 361203at33208        -            388   3.2e-18   63.6   7.0   4   5     1e-05   0.00029   17.7   0.0    58    99   204   242   201   246 0.88 -
Pdum_DN75190_c1_g2_i8:1873-2820  -            316 361203at33208        -            388   3.2e-18   63.6   7.0   5   5     3e-06   8.9e-05   19.4   0.0    60    98   246   281   242   293 0.89 -
Pdum_DN87134_c2_g1_i3:1621-2460  -            280 361203at33208        -            388   4.2e-18   63.2  16.5   1   6     0.034         1    6.0   0.0    65    98     1    31     1    37 0.78 -
Pdum_DN87134_c2_g1_i3:1621-2460  -            280 361203at33208        -            388   4.2e-18   63.2  16.5   2   6   0.00086     0.025   11.3   0.1    59    99    37    74    33    85 0.86 -
Pdum_DN87134_c2_g1_i3:1621-2460  -            280 361203at33208        -            388   4.2e-18   63.2  16.5   3   6   0.00023    0.0068   13.2   0.1    61   102    85   124    80   128 0.83 -
Pdum_DN87134_c2_g1_i3:1621-2460  -            280 361203at33208        -            388   4.2e-18   63.2  16.5   4   6     0.007      0.21    8.3   0.1    61    96   125   157   122   161 0.82 -
Pdum_DN87134_c2_g1_i3:1621-2460  -            280 361203at33208        -            388   4.2e-18   63.2  16.5   5   6   5.6e-06   0.00016   18.5   0.6    59   122   162   240   157   247 0.73 -
Pdum_DN87134_c2_g1_i3:1621-2460  -            280 361203at33208        -            388   4.2e-18   63.2  16.5   6   6   0.00012    0.0034   14.2   0.0    60    95   248   280   245   280 0.89 -
Pdum_DN74150_c0_g1_i3:157-2955   -            933 361203at33208        -            388   1.4e-17   61.5   6.9   1   8       1.2        36    0.9   0.0    61    98    60    96    56   103 0.82 -
Pdum_DN74150_c0_g1_i3:157-2955   -            933 361203at33208        -            388   1.4e-17   61.5   6.9   2   8   5.3e-06   0.00016   18.6   0.2    62   138   103   193   100   203 0.81 -
Pdum_DN74150_c0_g1_i3:157-2955   -            933 361203at33208        -            388   1.4e-17   61.5   6.9   3   8      0.58        17    2.0   0.0    80    97   204   221   184   231 0.69 -
Pdum_DN74150_c0_g1_i3:157-2955   -            933 361203at33208        -            388   1.4e-17   61.5   6.9   4   8      0.93        27    1.3   0.0   281   311   409   438   403   450 0.79 -
Pdum_DN74150_c0_g1_i3:157-2955   -            933 361203at33208        -            388   1.4e-17   61.5   6.9   5   8   0.00093     0.027   11.2   0.0    57   101   478   521   452   537 0.61 -
Pdum_DN74150_c0_g1_i3:157-2955   -            933 361203at33208        -            388   1.4e-17   61.5   6.9   6   8   0.00023    0.0067   13.2   0.0   240   305   542   611   518   617 0.71 -
Pdum_DN74150_c0_g1_i3:157-2955   -            933 361203at33208        -            388   1.4e-17   61.5   6.9   7   8     6e-05    0.0017   15.1   0.1    57   122   575   654   564   662 0.75 -
Pdum_DN74150_c0_g1_i3:157-2955   -            933 361203at33208        -            388   1.4e-17   61.5   6.9   8   8    0.0059      0.17    8.5   0.0   211   272   639   700   629   711 0.83 -
Pdum_DN73512_c4_g2_i3:726-1661   -            312 361203at33208        -            388   1.4e-16   58.3   0.1   1   3      0.79        23    1.5   0.0    58    96    52    89    49    93 0.80 -
Pdum_DN73512_c4_g2_i3:726-1661   -            312 361203at33208        -            388   1.4e-16   58.3   0.1   2   3   1.2e-08   3.5e-07   27.3   0.0   238   315    99   181    92   196 0.80 -
Pdum_DN73512_c4_g2_i3:726-1661   -            312 361203at33208        -            388   1.4e-16   58.3   0.1   3   3   3.3e-08   9.8e-07   25.8   0.0   175   268   200   295   187   298 0.84 -
Pdum_DN87680_c1_g3_i1:3327-4124  -            266 361203at33208        -            388   6.9e-16   55.9   9.2   1   4    0.0025     0.074    9.8   0.0    61    98     1    37     1    46 0.87 -
Pdum_DN87680_c1_g3_i1:3327-4124  -            266 361203at33208        -            388   6.9e-16   55.9   9.2   2   4    0.0035       0.1    9.3   0.0   238   267    46    75    42    78 0.81 -
Pdum_DN87680_c1_g3_i1:3327-4124  -            266 361203at33208        -            388   6.9e-16   55.9   9.2   3   4   6.3e-08   1.9e-06   24.9   0.3   226   314    76   168    74   179 0.81 -
Pdum_DN87680_c1_g3_i1:3327-4124  -            266 361203at33208        -            388   6.9e-16   55.9   9.2   4   4   0.00011    0.0033   14.2   0.4    75   121   202   263   192   266 0.58 -
Pdum_DN82012_c2_g2_i1:484-1302   -            273 361203at33208        -            388   6.9e-16   55.9   7.8   1   5      0.93        27    1.3   0.1   291   308    15    32     5    38 0.63 -
Pdum_DN82012_c2_g2_i1:484-1302   -            273 361203at33208        -            388   6.9e-16   55.9   7.8   2   5   0.00041     0.012   12.3   0.1    59    97    37    72    33    75 0.91 -
Pdum_DN82012_c2_g2_i1:484-1302   -            273 361203at33208        -            388   6.9e-16   55.9   7.8   3   5   1.8e-10   5.3e-09   33.3   0.1   232   329    76   173    72   176 0.83 -
Pdum_DN82012_c2_g2_i1:484-1302   -            273 361203at33208        -            388   6.9e-16   55.9   7.8   4   5      0.11       3.2    4.4   0.1    80    98   175   193   157   202 0.77 -
Pdum_DN82012_c2_g2_i1:484-1302   -            273 361203at33208        -            388   6.9e-16   55.9   7.8   5   5     0.018      0.51    7.0   0.0    64    96   205   234   196   244 0.70 -
Pdum_DN74356_c1_g1_i1:377-1456   -            360 361203at33208        -            388   1.6e-15   54.7   5.8   1   5   1.2e-05   0.00034   17.4   0.0   239   316     2    83     1    89 0.82 -
Pdum_DN74356_c1_g1_i1:377-1456   -            360 361203at33208        -            388   1.6e-15   54.7   5.8   2   5       5.6   1.7e+02   -1.3   0.0   289   312   102   125    90   143 0.83 -
Pdum_DN74356_c1_g1_i1:377-1456   -            360 361203at33208        -            388   1.6e-15   54.7   5.8   3   5    0.0016     0.046   10.4   0.0   223   272   168   217   127   229 0.67 -
Pdum_DN74356_c1_g1_i1:377-1456   -            360 361203at33208        -            388   1.6e-15   54.7   5.8   4   5    0.0047      0.14    8.9   0.4   281   309   247   275   237   281 0.83 -
Pdum_DN74356_c1_g1_i1:377-1456   -            360 361203at33208        -            388   1.6e-15   54.7   5.8   5   5   1.8e-05   0.00053   16.8   0.1    58    97   278   317   274   330 0.90 -
Pdum_DN80927_c0_g1_i1:489-1964   -            492 361203at33208        -            388   1.8e-15   54.6   0.1   1   4      0.22       6.3    3.4   0.0    62    97   144   178   139   199 0.64 -
Pdum_DN80927_c0_g1_i1:489-1964   -            492 361203at33208        -            388   1.8e-15   54.6   0.1   2   4    0.0013     0.037   10.7   0.0   242   309   205   275   198   283 0.85 -
Pdum_DN80927_c0_g1_i1:489-1964   -            492 361203at33208        -            388   1.8e-15   54.6   0.1   3   4    0.0024     0.071    9.8   0.0   212   272   299   359   289   380 0.78 -
Pdum_DN80927_c0_g1_i1:489-1964   -            492 361203at33208        -            388   1.8e-15   54.6   0.1   4   4     1e-07     3e-06   24.2   0.0   207   271   387   451   384   483 0.85 -
Pdum_DN79110_c0_g1_i7:340-1365   -            342 361203at33208        -            388   2.2e-15   54.3   0.3   1   3   4.9e-05    0.0014   15.4   0.0   231   314    42   130    34   133 0.83 -
Pdum_DN79110_c0_g1_i7:340-1365   -            342 361203at33208        -            388   2.2e-15   54.3   0.3   2   3    0.0012     0.034   10.9   0.1    60    97   130   167   128   205 0.80 -
Pdum_DN79110_c0_g1_i7:340-1365   -            342 361203at33208        -            388   2.2e-15   54.3   0.3   3   3     0.023      0.68    6.6   0.0   202   264   275   336   266   340 0.73 -
Pdum_DN83588_c0_g2_i13:1452-2396 -            315 361203at33208        -            388   5.7e-15   52.9   0.0   1   4   0.00086     0.025   11.3   0.1   237   310    39   117     3   124 0.80 -
Pdum_DN83588_c0_g2_i13:1452-2396 -            315 361203at33208        -            388   5.7e-15   52.9   0.0   2   4   1.8e-06   5.2e-05   20.1   0.0   246   308    91   157    86   167 0.71 -
Pdum_DN83588_c0_g2_i13:1452-2396 -            315 361203at33208        -            388   5.7e-15   52.9   0.0   3   4       0.7        21    1.7   0.0   103   122   194   213   183   227 0.81 -
Pdum_DN83588_c0_g2_i13:1452-2396 -            315 361203at33208        -            388   5.7e-15   52.9   0.0   4   4   1.4e-06   4.1e-05   20.5   0.0   229   306   233   314   223   315 0.84 -
Pdum_DN84894_c0_g1_i9:97-867     -            257 361203at33208        -            388   6.5e-15   52.7   0.0   1   3     0.047       1.4    5.6   0.0    60    96     2    45     1    49 0.75 -
Pdum_DN84894_c0_g1_i9:97-867     -            257 361203at33208        -            388   6.5e-15   52.7   0.0   2   3   8.5e-07   2.5e-05   21.2   0.0   171   272    71   175    61   179 0.72 -
Pdum_DN84894_c0_g1_i9:97-867     -            257 361203at33208        -            388   6.5e-15   52.7   0.0   3   3   5.5e-07   1.6e-05   21.8   0.0   218   306   163   256   163   257 0.85 -
Pdum_DN72920_c0_g1_i5:770-1675   -            302 361203at33208        -            388   7.5e-15   52.5   3.5   1   4      0.75        22    1.6   0.1    65    96    12    46     7    55 0.61 -
Pdum_DN72920_c0_g1_i5:770-1675   -            302 361203at33208        -            388   7.5e-15   52.5   3.5   2   4   0.00024    0.0069   13.1   0.1   221   315    42   140    30   148 0.79 -
Pdum_DN72920_c0_g1_i5:770-1675   -            302 361203at33208        -            388   7.5e-15   52.5   3.5   3   4     4e-05    0.0012   15.7   0.0   244   316   149   225   142   227 0.83 -
Pdum_DN72920_c0_g1_i5:770-1675   -            302 361203at33208        -            388   7.5e-15   52.5   3.5   4   4   1.1e-08   3.3e-07   27.4   0.6   203   305   193   298   186   300 0.83 -
Pdum_DN66770_c0_g1_i1:157-1065   -            303 361203at33208        -            388   9.1e-15   52.2   7.7   1   4   7.1e-05    0.0021   14.9   0.2    56    96     3    43     1    48 0.92 -
Pdum_DN66770_c0_g1_i1:157-1065   -            303 361203at33208        -            388   9.1e-15   52.2   7.7   2   4   1.5e-08   4.4e-07   26.9   0.0   149   269    46   172    43   214 0.83 -
Pdum_DN66770_c0_g1_i1:157-1065   -            303 361203at33208        -            388   9.1e-15   52.2   7.7   3   4     0.099       2.9    4.5   0.0    68    96   234   262   225   267 0.81 -
Pdum_DN66770_c0_g1_i1:157-1065   -            303 361203at33208        -            388   9.1e-15   52.2   7.7   4   4     0.023      0.66    6.6   0.2    61    94   270   303   263   303 0.93 -
Pdum_DN83588_c0_g2_i13:1293-2279 -            329 361203at33208        -            388   1.1e-14   51.9   0.0   1   4    0.0033     0.097    9.4   0.0   239   309     2    77     1    83 0.86 -
Pdum_DN83588_c0_g2_i13:1293-2279 -            329 361203at33208        -            388   1.1e-14   51.9   0.0   2   4   1.3e-06   3.9e-05   20.5   0.0   244   308    50   118    40   128 0.75 -
Pdum_DN83588_c0_g2_i13:1293-2279 -            329 361203at33208        -            388   1.1e-14   51.9   0.0   3   4      0.95        28    1.3   0.0   103   122   155   174   146   179 0.83 -
Pdum_DN83588_c0_g2_i13:1293-2279 -            329 361203at33208        -            388   1.1e-14   51.9   0.0   4   4   4.2e-07   1.2e-05   22.2   0.0   229   313   194   282   179   287 0.83 -
Pdum_DN90586_c2_g3_i4:2166-2804  -            213 361203at33208        -            388   2.3e-14   50.9   3.2   1   5       0.2         6    3.5   0.1    63    96     6    39     2    44 0.86 -
Pdum_DN90586_c2_g3_i4:2166-2804  -            213 361203at33208        -            388   2.3e-14   50.9   3.2   2   5    0.0036       0.1    9.3   0.0    58    97    44    82    39    86 0.84 -
Pdum_DN90586_c2_g3_i4:2166-2804  -            213 361203at33208        -            388   2.3e-14   50.9   3.2   3   5   0.00015    0.0043   13.8   0.0    58    97    86   124    83   129 0.89 -
Pdum_DN90586_c2_g3_i4:2166-2804  -            213 361203at33208        -            388   2.3e-14   50.9   3.2   4   5   0.00025    0.0072   13.1   0.0    59    97   129   166   123   169 0.85 -
Pdum_DN90586_c2_g3_i4:2166-2804  -            213 361203at33208        -            388   2.3e-14   50.9   3.2   5   5    0.0039      0.11    9.1   0.0    59    96   171   207   167   211 0.84 -
Pdum_DN85045_c0_g1_i5:248-835    -            196 361203at33208        -            388   4.4e-14   50.0   0.5   1   3   2.1e-09   6.2e-08   29.8   0.0   214   306    16   112     5   117 0.88 -
Pdum_DN85045_c0_g1_i5:248-835    -            196 361203at33208        -            388   4.4e-14   50.0   0.5   2   3   4.3e-07   1.3e-05   22.2   0.0   229   315    73   163    69   165 0.83 -
Pdum_DN85045_c0_g1_i5:248-835    -            196 361203at33208        -            388   4.4e-14   50.0   0.5   3   3     0.037       1.1    5.9   0.0    59    95   161   196   159   196 0.88 -
Pdum_DN73138_c0_g1_i1:392-1264   -            291 361203at33208        -            388   1.1e-13   48.6   1.1   1   5   0.00048     0.014   12.1   0.0   108   138    24    54     5    60 0.81 -
Pdum_DN73138_c0_g1_i1:392-1264   -            291 361203at33208        -            388   1.1e-13   48.6   1.1   2   5       2.4        72   -0.1   0.0   172   188    65    81    56    90 0.69 -
Pdum_DN73138_c0_g1_i1:392-1264   -            291 361203at33208        -            388   1.1e-13   48.6   1.1   3   5   0.00047     0.014   12.2   0.0    61    97    89   124    81   133 0.83 -
Pdum_DN73138_c0_g1_i1:392-1264   -            291 361203at33208        -            388   1.1e-13   48.6   1.1   4   5     0.072       2.1    5.0   0.0    63    98   135   167   129   172 0.81 -
Pdum_DN73138_c0_g1_i1:392-1264   -            291 361203at33208        -            388   1.1e-13   48.6   1.1   5   5   0.00013    0.0037   14.0   0.1   236   316   171   258   165   272 0.75 -
Pdum_DN80498_c1_g1_i1:1987-2589  -            201 361203at33208        -            388   1.3e-13   48.5   0.0   1   2   9.7e-10   2.8e-08   30.9   0.1   164   316     7   170     6   171 0.79 -
Pdum_DN80498_c1_g1_i1:1987-2589  -            201 361203at33208        -            388   1.3e-13   48.5   0.0   2   2   0.00012    0.0034   14.2   0.0   215   267   149   201   133   201 0.86 -
Pdum_DN74384_c0_g2_i2:99-1367    -            423 361203at33208        -            388   1.5e-13   48.2   3.4   1   4    0.0049      0.14    8.8   0.1   251   276   113   138    98   184 0.65 -
Pdum_DN74384_c0_g2_i2:99-1367    -            423 361203at33208        -            388   1.5e-13   48.2   3.4   2   4     0.018      0.52    7.0   0.0   213   268   163   222   157   227 0.67 -
Pdum_DN74384_c0_g2_i2:99-1367    -            423 361203at33208        -            388   1.5e-13   48.2   3.4   3   4     0.043       1.3    5.7   0.0    60    97   256   291   251   301 0.67 -
Pdum_DN74384_c0_g2_i2:99-1367    -            423 361203at33208        -            388   1.5e-13   48.2   3.4   4   4   1.5e-09   4.3e-08   30.3   0.1   144   270   286   420   274   422 0.81 -
Pdum_DN87178_c0_g1_i10:2619-3539 -            307 361203at33208        -            388   1.6e-13   48.2   2.0   1   4       1.5        43    0.6   0.0   108   130     5    27     2    35 0.59 -
Pdum_DN87178_c0_g1_i10:2619-3539 -            307 361203at33208        -            388   1.6e-13   48.2   2.0   2   4   0.00018    0.0052   13.6   0.0   230   276    34    83    28    90 0.83 -
Pdum_DN87178_c0_g1_i10:2619-3539 -            307 361203at33208        -            388   1.6e-13   48.2   2.0   3   4   0.00079     0.023   11.4   0.1    61    95    92   125    84   131 0.87 -
Pdum_DN87178_c0_g1_i10:2619-3539 -            307 361203at33208        -            388   1.6e-13   48.2   2.0   4   4   4.8e-06   0.00014   18.7   0.1   197   268   192   262   128   267 0.67 -
Pdum_DN77965_c1_g1_i1:1646-2635  -            330 361203at33208        -            388   2.2e-13   47.7   1.0   1   4      0.16       4.7    3.8   0.0    64   268     9    39     3    50 0.59 -
Pdum_DN77965_c1_g1_i1:1646-2635  -            330 361203at33208        -            388   2.2e-13   47.7   1.0   2   4    0.0024      0.07    9.8   0.0   239   308    55   130    45   136 0.74 -
Pdum_DN77965_c1_g1_i1:1646-2635  -            330 361203at33208        -            388   2.2e-13   47.7   1.0   3   4   2.1e-05   0.00062   16.6   0.1   232   322   137   234   130   249 0.74 -
Pdum_DN77965_c1_g1_i1:1646-2635  -            330 361203at33208        -            388   2.2e-13   47.7   1.0   4   4    0.0012     0.034   10.9   0.0    63    97   295   329   288   330 0.90 -
Pdum_DN80990_c0_g1_i2:150-1607   -            486 361203at33208        -            388     3e-13   47.2   1.0   1   3    0.0053      0.15    8.7   0.0    60    97   244   281   240   284 0.94 -
Pdum_DN80990_c0_g1_i2:150-1607   -            486 361203at33208        -            388     3e-13   47.2   1.0   2   3   0.00014     0.004   13.9   0.0    59    96   286   323   282   331 0.92 -
Pdum_DN80990_c0_g1_i2:150-1607   -            486 361203at33208        -            388     3e-13   47.2   1.0   3   3   7.3e-07   2.1e-05   21.4   0.1   201   304   340   449   332   460 0.78 -
Pdum_DN71389_c1_g2_i1:359-1099   -            247 361203at33208        -            388     3e-13   47.2   4.9   1   5      0.23       6.8    3.3   0.0    60    97     2    39     1    47 0.93 -
Pdum_DN71389_c1_g2_i1:359-1099   -            247 361203at33208        -            388     3e-13   47.2   4.9   2   5    0.0043      0.13    9.0   0.1    63   100    53    89    48    96 0.64 -
Pdum_DN71389_c1_g2_i1:359-1099   -            247 361203at33208        -            388     3e-13   47.2   4.9   3   5   9.7e-07   2.8e-05   21.0   0.1   231   271    89   129    84   139 0.84 -
Pdum_DN71389_c1_g2_i1:359-1099   -            247 361203at33208        -            388     3e-13   47.2   4.9   4   5     0.025      0.73    6.5   0.0    63    96   140   174   135   180 0.81 -
Pdum_DN71389_c1_g2_i1:359-1099   -            247 361203at33208        -            388     3e-13   47.2   4.9   5   5     0.019      0.54    6.9   0.0   234   268   181   215   174   225 0.87 -
Pdum_DN66493_c0_g1_i1:720-1655   -            312 361203at33208        -            388   6.1e-13   46.2   0.0   1   2   8.6e-08   2.5e-06   24.5   0.5   155   268    17   135     4   140 0.77 -
Pdum_DN66493_c0_g1_i1:720-1655   -            312 361203at33208        -            388   6.1e-13   46.2   0.0   2   2   5.2e-06   0.00015   18.6   0.0   220   318   174   278   152   286 0.83 -
Pdum_DN84241_c0_g1_i1:2776-3423  -            216 361203at33208        -            388   6.5e-13   46.1   5.2   1   1   2.8e-13   8.2e-12   42.5   5.2    62   271     7   215     3   215 0.82 -
Pdum_DN92078_c7_g2_i1:2888-3787  -            300 361203at33208        -            388   8.1e-13   45.8   0.9   1   2   1.9e-08   5.5e-07   26.6   0.0   200   271    38   109     6   115 0.80 -
Pdum_DN92078_c7_g2_i1:2888-3787  -            300 361203at33208        -            388   8.1e-13   45.8   0.9   2   2    0.0003    0.0088   12.8   0.4    69   139   126   191   119   235 0.54 -
Pdum_DN87342_c0_g1_i8:5-2425     -            807 361203at33208        -            388   2.2e-12   44.4   0.0   1   4    0.0011     0.032   10.9   0.0   212   313    69   179    26   202 0.72 -
Pdum_DN87342_c0_g1_i8:5-2425     -            807 361203at33208        -            388   2.2e-12   44.4   0.0   2   4      0.03      0.89    6.2   0.0   284   307   384   407   371   411 0.82 -
Pdum_DN87342_c0_g1_i8:5-2425     -            807 361203at33208        -            388   2.2e-12   44.4   0.0   3   4      0.33       9.6    2.8   0.0    63   269   417   449   412   459 0.56 -
Pdum_DN87342_c0_g1_i8:5-2425     -            807 361203at33208        -            388   2.2e-12   44.4   0.0   4   4   4.8e-06   0.00014   18.7   0.0   212   318   478   588   423   605 0.69 -
Pdum_DN77740_c0_g3_i3:100-1476   -            459 361203at33208        -            388   2.6e-12   44.2   8.4   1   6   6.3e-05    0.0018   15.0   0.2    62   122   145   219   140   230 0.76 -
Pdum_DN77740_c0_g3_i3:100-1476   -            459 361203at33208        -            388   2.6e-12   44.2   8.4   2   6   0.00012    0.0034   14.1   0.0   205   268   199   261   194   265 0.90 -
Pdum_DN77740_c0_g3_i3:100-1476   -            459 361203at33208        -            388   2.6e-12   44.2   8.4   3   6    0.0016     0.048   10.4   0.3    61   114   228   280   223   283 0.84 -
Pdum_DN77740_c0_g3_i3:100-1476   -            459 361203at33208        -            388   2.6e-12   44.2   8.4   4   6   5.5e-05    0.0016   15.2   0.1    56   108   265   323   263   344 0.73 -
Pdum_DN77740_c0_g3_i3:100-1476   -            459 361203at33208        -            388   2.6e-12   44.2   8.4   5   6       0.1       2.9    4.5   0.0    58    96   350   386   347   391 0.89 -
Pdum_DN77740_c0_g3_i3:100-1476   -            459 361203at33208        -            388   2.6e-12   44.2   8.4   6   6      0.62        18    1.9   0.0   245   269   412   436   389   440 0.76 -
Pdum_DN88766_c3_g2_i10:292-717   -            142 361203at33208        -            388   7.4e-11   39.4   0.1   1   2     1e-10   2.9e-09   34.1   0.0   235   317    29   115     6   122 0.81 -
Pdum_DN88766_c3_g2_i10:292-717   -            142 361203at33208        -            388   7.4e-11   39.4   0.1   2   2      0.16       4.6    3.8   0.0   239   263   117   141   114   142 0.88 -
Pdum_DN91072_c6_g2_i4:11-988     -            326 361203at33208        -            388   7.7e-11   39.3   4.0   1   6     0.046       1.3    5.6   0.0    64    97    29    61    25    65 0.88 -
Pdum_DN91072_c6_g2_i4:11-988     -            326 361203at33208        -            388   7.7e-11   39.3   4.0   2   6    0.0059      0.17    8.5   0.1    56   104    65   108    61   114 0.77 -
Pdum_DN91072_c6_g2_i4:11-988     -            326 361203at33208        -            388   7.7e-11   39.3   4.0   3   6     0.086       2.5    4.7   0.0    59    97   110   147   105   170 0.75 -
Pdum_DN91072_c6_g2_i4:11-988     -            326 361203at33208        -            388   7.7e-11   39.3   4.0   4   6      0.24         7    3.2   0.0    61    95   163   196   159   202 0.72 -
Pdum_DN91072_c6_g2_i4:11-988     -            326 361203at33208        -            388   7.7e-11   39.3   4.0   5   6   0.00016    0.0047   13.7   0.1    60    99   204   242   201   251 0.83 -
Pdum_DN91072_c6_g2_i4:11-988     -            326 361203at33208        -            388   7.7e-11   39.3   4.0   6   6       5.8   1.7e+02   -1.3   0.0    59    96   245   281   242   289 0.78 -
Pdum_DN75651_c0_g1_i1:179-1012   -            278 361203at33208        -            388   7.9e-11   39.3   0.4   1   3       8.1   2.4e+02   -1.8   0.0   283   304    37    58     7    63 0.74 -
Pdum_DN75651_c0_g1_i1:179-1012   -            278 361203at33208        -            388   7.9e-11   39.3   0.4   2   3   0.00015    0.0045   13.8   0.0    56   100    65   108    63   119 0.86 -
Pdum_DN75651_c0_g1_i1:179-1012   -            278 361203at33208        -            388   7.9e-11   39.3   0.4   3   3   4.8e-07   1.4e-05   22.0   0.2   161   305   125   275   112   277 0.75 -
Pdum_DN76828_c2_g1_i1:4967-5695  -            243 361203at33208        -            388     1e-10   38.9   0.2   1   4       0.1         3    4.5   0.0   243   309     3    76     1    83 0.71 -
Pdum_DN76828_c2_g1_i1:4967-5695  -            243 361203at33208        -            388     1e-10   38.9   0.2   2   4    0.0015     0.045   10.5   0.1   217   267    64   114    53   118 0.71 -
Pdum_DN76828_c2_g1_i1:4967-5695  -            243 361203at33208        -            388     1e-10   38.9   0.2   3   4   1.7e-06     5e-05   20.2   0.0   225   317   114   212   112   214 0.83 -
Pdum_DN76828_c2_g1_i1:4967-5695  -            243 361203at33208        -            388     1e-10   38.9   0.2   4   4     0.079       2.3    4.8   0.1    60    95   209   243   206   243 0.88 -
Pdum_DN66431_c0_g1_i1:1561-2364  -            268 361203at33208        -            388   1.4e-10   38.4   1.1   1   3   0.00022    0.0065   13.2   0.4    59   122    47   121    43   121 0.81 -
Pdum_DN66431_c0_g1_i1:1561-2364  -            268 361203at33208        -            388   1.4e-10   38.4   1.1   2   3   2.4e-05    0.0007   16.4   0.2    59   125    86   163    82   175 0.80 -
Pdum_DN66431_c0_g1_i1:1561-2364  -            268 361203at33208        -            388   1.4e-10   38.4   1.1   3   3   4.1e-05    0.0012   15.6   0.0   222   306   156   241   143   260 0.80 -
Pdum_DN88256_c0_g1_i4:512-2926   -            805 361203at33208        -            388   1.9e-10   38.0  20.3   1   6     0.096       2.8    4.5   0.3    79   108   111   147    96   151 0.68 -
Pdum_DN88256_c0_g1_i4:512-2926   -            805 361203at33208        -            388   1.9e-10   38.0  20.3   2   6    0.0052      0.15    8.7   0.1    60   107   135   183   132   190 0.82 -
Pdum_DN88256_c0_g1_i4:512-2926   -            805 361203at33208        -            388   1.9e-10   38.0  20.3   3   6       3.3        96   -0.5   0.0    59    97   178   215   174   223 0.79 -
Pdum_DN88256_c0_g1_i4:512-2926   -            805 361203at33208        -            388   1.9e-10   38.0  20.3   4   6   7.4e-06   0.00022   18.1   3.5   107   305   250   456   240   461 0.71 -
Pdum_DN88256_c0_g1_i4:512-2926   -            805 361203at33208        -            388   1.9e-10   38.0  20.3   5   6     0.041       1.2    5.8   0.0   245   305   486   550   469   557 0.53 -
Pdum_DN88256_c0_g1_i4:512-2926   -            805 361203at33208        -            388   1.9e-10   38.0  20.3   6   6     0.015      0.45    7.2   0.0    59   121   516   592   512   596 0.64 -
Pdum_DN89089_c3_g1_i2:1021-1773  -            251 361203at33208        -            388   2.4e-10   37.7   0.0   1   4      0.65        19    1.8   0.0   240   266     2    28     1    34 0.85 -
Pdum_DN89089_c3_g1_i2:1021-1773  -            251 361203at33208        -            388   2.4e-10   37.7   0.0   2   4   0.00058     0.017   11.8   0.0   217   267    73   122    63   128 0.89 -
Pdum_DN89089_c3_g1_i2:1021-1773  -            251 361203at33208        -            388   2.4e-10   37.7   0.0   3   4   0.00076     0.022   11.5   0.0   215   264   156   205   150   211 0.92 -
Pdum_DN89089_c3_g1_i2:1021-1773  -            251 361203at33208        -            388   2.4e-10   37.7   0.0   4   4     0.017       0.5    7.0   0.0   226   264   213   251   207   251 0.92 -
Pdum_DN84582_c3_g1_i1:332-1036   -            235 361203at33208        -            388   2.4e-10   37.7   0.2   1   1   1.1e-11   3.2e-10   37.3   0.2   159   305    22   176     3   192 0.77 -
Pdum_DN75461_c3_g1_i3:3415-4074  -            220 361203at33208        -            388   7.2e-10   36.1   0.7   1   3    0.0076      0.22    8.2   0.0   231   271     5    44     3    48 0.73 -
Pdum_DN75461_c3_g1_i3:3415-4074  -            220 361203at33208        -            388   7.2e-10   36.1   0.7   2   3   1.1e-05   0.00031   17.6   0.0    64    97    52    85    47   188 0.78 -
Pdum_DN75461_c3_g1_i3:3415-4074  -            220 361203at33208        -            388   7.2e-10   36.1   0.7   3   3     0.019      0.54    6.9   0.1   280   305   195   220   156   220 0.76 -
Pdum_DN78454_c0_g1_i4:576-2111   -            512 361203at33208        -            388   2.4e-09   34.4   2.6   1   4      0.26       7.6    3.1   0.0    79    97   226   244   208   249 0.64 -
Pdum_DN78454_c0_g1_i4:576-2111   -            512 361203at33208        -            388   2.4e-09   34.4   2.6   2   4   5.6e-08   1.6e-06   25.1   0.1   209   311   275   381   259   382 0.74 -
Pdum_DN78454_c0_g1_i4:576-2111   -            512 361203at33208        -            388   2.4e-09   34.4   2.6   3   4    0.0013     0.037   10.7   0.1    79   126   360   407   340   427 0.82 -
Pdum_DN78454_c0_g1_i4:576-2111   -            512 361203at33208        -            388   2.4e-09   34.4   2.6   4   4       8.9   2.6e+02   -1.9   0.1    62    95   479   511   475   511 0.84 -
Pdum_DN90273_c4_g1_i2:3537-4052  -            172 361203at33208        -            388   6.8e-09   32.9   1.8   1   3   0.00035      0.01   12.6   0.0    61   124     4    81     1    98 0.72 -
Pdum_DN90273_c4_g1_i2:3537-4052  -            172 361203at33208        -            388   6.8e-09   32.9   1.8   2   3     0.021      0.61    6.7   0.2   288   309   103   124    92   132 0.79 -
Pdum_DN90273_c4_g1_i2:3537-4052  -            172 361203at33208        -            388   6.8e-09   32.9   1.8   3   3   0.00042     0.012   12.3   0.1    61    97   130   165   124   170 0.69 -
Pdum_DN83800_c0_g2_i3:14-562     -            183 361203at33208        -            388   9.5e-09   32.4   0.4   1   1   1.2e-09   3.5e-08   30.6   0.4   211   308    75   174    65   179 0.86 -
Pdum_DN83855_c0_g1_i4:658-1428   -            257 361203at33208        -            388   1.8e-08   31.5   0.6   1   4       0.7        20    1.7   0.0   105   134     5    32     2    38 0.76 -
Pdum_DN83855_c0_g1_i4:658-1428   -            257 361203at33208        -            388   1.8e-08   31.5   0.6   2   4    0.0042      0.12    9.0   0.0    63   309    38    72    33    97 0.57 -
Pdum_DN83855_c0_g1_i4:658-1428   -            257 361203at33208        -            388   1.8e-08   31.5   0.6   3   4    0.0011     0.032   10.9   0.1   283   319   106   142    87   144 0.79 -
Pdum_DN83855_c0_g1_i4:658-1428   -            257 361203at33208        -            388   1.8e-08   31.5   0.6   4   4   4.7e-05    0.0014   15.5   0.1   202   271   106   174   103   184 0.83 -
Pdum_DN73504_c1_g7_i2:375-1772   -            466 361203at33208        -            388   2.7e-08   30.9   3.3   1   5    0.0068       0.2    8.3   0.0   283   321   147   185   139   194 0.84 -
Pdum_DN73504_c1_g7_i2:375-1772   -            466 361203at33208        -            388   2.7e-08   30.9   3.3   2   5     0.029      0.86    6.2   0.0   274   316   193   233   184   251 0.81 -
Pdum_DN73504_c1_g7_i2:375-1772   -            466 361203at33208        -            388   2.7e-08   30.9   3.3   3   5      0.25       7.4    3.2   0.0    61   101   232   271   229   281 0.71 -
Pdum_DN73504_c1_g7_i2:375-1772   -            466 361203at33208        -            388   2.7e-08   30.9   3.3   4   5   0.00046     0.013   12.2   0.1   215   310   254   351   249   364 0.75 -
Pdum_DN73504_c1_g7_i2:375-1772   -            466 361203at33208        -            388   2.7e-08   30.9   3.3   5   5      0.91        27    1.3   0.0    78    95   383   400   362   407 0.86 -
Pdum_DN78785_c0_g1_i2:534-2834   -            767 361203at33208        -            388   3.4e-08   30.6   0.4   1   2   0.00074     0.022   11.5   0.1   189   274    38   128    22   135 0.76 -
Pdum_DN78785_c0_g1_i2:534-2834   -            767 361203at33208        -            388   3.4e-08   30.6   0.4   2   2   3.6e-05    0.0011   15.8   0.0   202   271   140   211   134   257 0.83 -
Pdum_DN91312_c3_g1_i1:2567-3481  -            305 361203at33208        -            388   4.1e-08   30.4   0.4   1   5       0.3       8.8    2.9   0.0    56    98    37    79    29    86 0.80 -
Pdum_DN91312_c3_g1_i1:2567-3481  -            305 361203at33208        -            388   4.1e-08   30.4   0.4   2   5      0.16       4.7    3.8   0.0    64    97    87   120    83   126 0.80 -
Pdum_DN91312_c3_g1_i1:2567-3481  -            305 361203at33208        -            388   4.1e-08   30.4   0.4   3   5      0.05       1.5    5.5   0.0   160   208   136   185   123   224 0.77 -
Pdum_DN91312_c3_g1_i1:2567-3481  -            305 361203at33208        -            388   4.1e-08   30.4   0.4   4   5    0.0018     0.053   10.2   0.1   289   307   239   257   216   267 0.81 -
Pdum_DN91312_c3_g1_i1:2567-3481  -            305 361203at33208        -            388   4.1e-08   30.4   0.4   5   5       4.4   1.3e+02   -0.9   0.0   236   266   274   304   266   305 0.51 -
Pdum_DN86525_c0_g1_i1:704-1231   -            176 361203at33208        -            388   1.5e-07   28.5   0.3   1   2    0.0009     0.026   11.2   0.3   222   307     6    97     1   102 0.74 -
Pdum_DN86525_c0_g1_i1:704-1231   -            176 361203at33208        -            388   1.5e-07   28.5   0.3   2   2   9.4e-05    0.0028   14.5   0.0    59    98   104   143    98   150 0.92 -
Pdum_DN92785_c3_g1_i2:3114-4076  -            321 361203at33208        -            388   1.6e-07   28.4   0.1   1   1   1.6e-08   4.8e-07   26.8   0.0   235   307   242   318   234   320 0.86 -
Pdum_DN84033_c1_g3_i1:1082-1726  -            215 361203at33208        -            388   1.6e-07   28.4   0.3   1   3    0.0093      0.27    7.9   0.1   283   308    15    40     8    50 0.87 -
Pdum_DN84033_c1_g3_i1:1082-1726  -            215 361203at33208        -            388   1.6e-07   28.4   0.3   2   3   9.5e-06   0.00028   17.7   0.0   231   309    59   142    47   151 0.76 -
Pdum_DN84033_c1_g3_i1:1082-1726  -            215 361203at33208        -            388   1.6e-07   28.4   0.3   3   3   0.00026    0.0078   13.0   0.0   204   268    75   139    74   182 0.69 -
Pdum_DN75190_c1_g2_i8:2335-2706  -            124 361203at33208        -            388   2.1e-07   28.0   3.4   1   2   2.2e-05   0.00063   16.6   0.3   254   317    23    88     3    94 0.72 -
Pdum_DN75190_c1_g2_i8:2335-2706  -            124 361203at33208        -            388   2.1e-07   28.0   3.4   2   2   5.7e-06   0.00017   18.5   0.3    59   122    44   117    42   123 0.74 -
Pdum_DN88892_c3_g1_i1:2670-3179  -            170 361203at33208        -            388   2.2e-07   27.9   3.4   1   3    0.0042      0.12    9.0   0.3   285   314    43    72     4    84 0.75 -
Pdum_DN88892_c3_g1_i1:2670-3179  -            170 361203at33208        -            388   2.2e-07   27.9   3.4   2   3     0.028      0.81    6.3   0.1   290   306    90   106    76   116 0.82 -
Pdum_DN88892_c3_g1_i1:2670-3179  -            170 361203at33208        -            388   2.2e-07   27.9   3.4   3   3   0.00068      0.02   11.6   0.0    62    99   117   154   112   169 0.87 -
Pdum_DN86637_c0_g1_i2:178-705    -            176 361203at33208        -            388   2.3e-07   27.9   1.8   1   2     4e-05    0.0012   15.7   0.1   243   306     1    73     1    75 0.68 -
Pdum_DN86637_c0_g1_i2:178-705    -            176 361203at33208        -            388   2.3e-07   27.9   1.8   2   2    0.0046      0.14    8.9   0.1    59   100    83   124    75   130 0.88 -
Pdum_DN76013_c0_g1_i3:463-1068   -            202 361203at33208        -            388   2.6e-07   27.7   1.5   1   4    0.0064      0.19    8.4   0.0   202   264     8    74     1    75 0.79 -
Pdum_DN76013_c0_g1_i3:463-1068   -            202 361203at33208        -            388   2.6e-07   27.7   1.5   2   4    0.0004     0.012   12.4   0.0    61    97    44    80    38    87 0.92 -
Pdum_DN76013_c0_g1_i3:463-1068   -            202 361203at33208        -            388   2.6e-07   27.7   1.5   3   4     0.002     0.058   10.1   0.1    59    99    86   126    81   136 0.90 -
Pdum_DN76013_c0_g1_i3:463-1068   -            202 361203at33208        -            388   2.6e-07   27.7   1.5   4   4       1.5        43    0.7   0.0    64    97   148   181   138   188 0.59 -
Pdum_DN84814_c0_g2_i1:1505-2083  -            193 361203at33208        -            388   2.6e-07   27.7   0.1   1   3     0.079       2.3    4.8   0.0   283   316    41    74     8    77 0.63 -
Pdum_DN84814_c0_g2_i1:1505-2083  -            193 361203at33208        -            388   2.6e-07   27.7   0.1   2   3   4.8e-05    0.0014   15.4   0.0   207   312    38   154    27   159 0.78 -
Pdum_DN84814_c0_g2_i1:1505-2083  -            193 361203at33208        -            388   2.6e-07   27.7   0.1   3   3    0.0031      0.09    9.5   0.0    59    97   155   192   151   193 0.89 -
Pdum_DN84963_c1_g1_i6:1317-3311  -            665 361203at33208        -            388     3e-07   27.5   0.1   1   3   5.2e-05    0.0015   15.3   0.0   233   308    34   113    18   122 0.78 -
Pdum_DN84963_c1_g1_i6:1317-3311  -            665 361203at33208        -            388     3e-07   27.5   0.1   2   3     0.032      0.94    6.1   0.0    55   100   115   159   112   177 0.79 -
Pdum_DN84963_c1_g1_i6:1317-3311  -            665 361203at33208        -            388     3e-07   27.5   0.1   3   3      0.36        10    2.7   0.0   233   267   628   662   617   664 0.63 -
Pdum_DN84002_c0_g1_i8:796-1551   -            252 361203at33208        -            388   3.2e-07   27.4   0.1   1   2      0.76        22    1.6   0.0    79    98     8    27     1    39 0.63 -
Pdum_DN84002_c0_g1_i8:796-1551   -            252 361203at33208        -            388   3.2e-07   27.4   0.1   2   2   2.4e-06   7.2e-05   19.7   0.1    62   101    41    80    37   234 0.70 -
Pdum_DN79208_c0_g1_i2:96-1031    -            312 361203at33208        -            388   3.3e-07   27.4   3.6   1   4     0.064       1.9    5.1   0.1   256   309    11    67     6    70 0.62 -
Pdum_DN79208_c0_g1_i2:96-1031    -            312 361203at33208        -            388   3.3e-07   27.4   3.6   2   4     0.063       1.8    5.2   0.0   215   273    53   114    35   124 0.70 -
Pdum_DN79208_c0_g1_i2:96-1031    -            312 361203at33208        -            388   3.3e-07   27.4   3.6   3   4      0.15       4.3    3.9   0.0    69   103   126   159   121   164 0.82 -
Pdum_DN79208_c0_g1_i2:96-1031    -            312 361203at33208        -            388   3.3e-07   27.4   3.6   4   4   0.00022    0.0066   13.2   0.1   231   311   206   291   168   304 0.75 -
Pdum_DN92880_c2_g1_i2:4337-5176  -            280 361203at33208        -            388   3.4e-07   27.3   0.9   1   3    0.0079      0.23    8.1   0.0    67    96    13    41     7    52 0.85 -
Pdum_DN92880_c2_g1_i2:4337-5176  -            280 361203at33208        -            388   3.4e-07   27.3   0.9   2   3      0.42        12    2.4   0.0    59    97   143   180   138   185 0.77 -
Pdum_DN92880_c2_g1_i2:4337-5176  -            280 361203at33208        -            388   3.4e-07   27.3   0.9   3   3   0.00022    0.0063   13.3   0.0    61    99   187   224   181   232 0.87 -
Pdum_DN82224_c0_g1_i1:2783-3526  -            248 361203at33208        -            388   3.6e-07   27.2   1.3   1   4       1.1        31    1.1   0.0   238   266     5    33     2    40 0.83 -
Pdum_DN82224_c0_g1_i1:2783-3526  -            248 361203at33208        -            388   3.6e-07   27.2   1.3   2   4   0.00066     0.019   11.7   0.1    62   105    45    86    36    95 0.83 -
Pdum_DN82224_c0_g1_i1:2783-3526  -            248 361203at33208        -            388   3.6e-07   27.2   1.3   3   4    0.0035       0.1    9.3   0.0    76    97   127   148   109   157 0.79 -
Pdum_DN82224_c0_g1_i1:2783-3526  -            248 361203at33208        -            388   3.6e-07   27.2   1.3   4   4       1.1        34    1.0   0.1   282   305   223   246   172   248 0.69 -
Pdum_DN75894_c0_g1_i3:333-1052   -            240 361203at33208        -            388   3.8e-07   27.2   0.4   1   3     0.016      0.46    7.1   0.1    63    97    19    52     7    59 0.83 -
Pdum_DN75894_c0_g1_i3:333-1052   -            240 361203at33208        -            388   3.8e-07   27.2   0.4   2   3   0.00026    0.0076   13.0   0.0    61    97    59    95    54   119 0.92 -
Pdum_DN75894_c0_g1_i3:333-1052   -            240 361203at33208        -            388   3.8e-07   27.2   0.4   3   3       0.1         3    4.5   0.0   214   278   127   196    97   222 0.60 -
Pdum_DN86351_c0_g1_i1:4485-5351  -            289 361203at33208        -            388   4.5e-07   26.9   0.1   1   4       9.5   2.8e+02   -2.0   0.0   107   128    87   108    80   116 0.77 -
Pdum_DN86351_c0_g1_i1:4485-5351  -            289 361203at33208        -            388   4.5e-07   26.9   0.1   2   4   9.2e-05    0.0027   14.5   0.0    58   121   113   175   109   245 0.77 -
Pdum_DN86351_c0_g1_i1:4485-5351  -            289 361203at33208        -            388   4.5e-07   26.9   0.1   3   4     0.054       1.6    5.4   0.0   160   250   168   268   153   270 0.67 -
Pdum_DN86351_c0_g1_i1:4485-5351  -            289 361203at33208        -            388   4.5e-07   26.9   0.1   4   4     0.012      0.34    7.6   0.0    54    95   246   287   239   289 0.94 -
Pdum_DN88147_c0_g1_i1:430-1308   -            293 361203at33208        -            388   7.9e-07   26.1   0.0   1   2     0.078       2.3    4.8   0.0   225   311    11   101     1   112 0.71 -
Pdum_DN88147_c0_g1_i1:430-1308   -            293 361203at33208        -            388   7.9e-07   26.1   0.0   2   2   2.3e-06   6.6e-05   19.8   0.0    61   248   105   290    97   292 0.71 -
Pdum_DN87078_c1_g1_i1:1858-2604  -            249 361203at33208        -            388     9e-07   25.9   0.1   1   2     0.002     0.059   10.1   0.0    60    96   129   165   112   171 0.90 -
Pdum_DN87078_c1_g1_i1:1858-2604  -            249 361203at33208        -            388     9e-07   25.9   0.1   2   2   0.00028    0.0082   12.9   0.0   206   267   188   248   179   249 0.87 -
Pdum_DN67806_c2_g1_i2:615-1406   -            264 361203at33208        -            388   1.4e-06   25.3   0.5   1   4   0.00022    0.0065   13.2   0.0    69    98    18    47    15    63 0.87 -
Pdum_DN67806_c2_g1_i2:615-1406   -            264 361203at33208        -            388   1.4e-06   25.3   0.5   2   4      0.41        12    2.5   0.1    77   109    80   112    59   117 0.63 -
Pdum_DN67806_c2_g1_i2:615-1406   -            264 361203at33208        -            388   1.4e-06   25.3   0.5   3   4         1        30    1.2   0.0   238   268   188   219   178   224 0.83 -
Pdum_DN67806_c2_g1_i2:615-1406   -            264 361203at33208        -            388   1.4e-06   25.3   0.5   4   4      0.14       4.1    4.0   0.0   201   227   237   263   193   264 0.67 -
Pdum_DN71483_c1_g1_i1:599-1228   -            210 361203at33208        -            388   1.6e-06   25.1   1.8   1   3      0.25       7.4    3.2   0.0   285   306    77    99    70   110 0.69 -
Pdum_DN71483_c1_g1_i1:599-1228   -            210 361203at33208        -            388   1.6e-06   25.1   1.8   2   3   0.00064     0.019   11.7   0.0    59    96   113   150   110   153 0.93 -
Pdum_DN71483_c1_g1_i1:599-1228   -            210 361203at33208        -            388   1.6e-06   25.1   1.8   3   3    0.0061      0.18    8.5   0.1   229   267   152   190   149   195 0.92 -
Pdum_DN90796_c3_g1_i4:1517-2605  -            363 361203at33208        -            388   1.7e-06   25.0   1.6   1   2       0.2       5.8    3.5   0.0    61    96    86   120    79   128 0.74 -
Pdum_DN90796_c3_g1_i4:1517-2605  -            363 361203at33208        -            388   1.7e-06   25.0   1.6   2   2     2e-06   5.9e-05   19.9   0.1   236   314   170   256   154   269 0.82 -
Pdum_DN78867_c0_g1_i4:315-983    -            223 361203at33208        -            388   2.4e-06   24.5   0.0   1   1     1e-07     3e-06   24.2   0.0   196   319    55   181    11   192 0.83 -
Pdum_DN82173_c1_g1_i7:1104-1730  -            209 361203at33208        -            388   2.4e-06   24.5   0.0   1   2   9.6e-06   0.00028   17.7   0.0   203   269    56   124    15   177 0.68 -
Pdum_DN82173_c1_g1_i7:1104-1730  -            209 361203at33208        -            388   2.4e-06   24.5   0.0   2   2     0.045       1.3    5.6   0.0   232   267   172   207   140   209 0.77 -
Pdum_DN89838_c3_g2_i15:954-1709  -            252 361203at33208        -            388   2.5e-06   24.5   5.9   1   4       1.4        42    0.7   0.0    82    96     1    15     1    37 0.64 -
Pdum_DN89838_c3_g2_i15:954-1709  -            252 361203at33208        -            388   2.5e-06   24.5   5.9   2   4    0.0014     0.041   10.6   0.8    59   134    21   104    17   144 0.65 -
Pdum_DN89838_c3_g2_i15:954-1709  -            252 361203at33208        -            388   2.5e-06   24.5   5.9   3   4      0.06       1.8    5.2   0.0   288   317   154   183   148   191 0.83 -
Pdum_DN89838_c3_g2_i15:954-1709  -            252 361203at33208        -            388   2.5e-06   24.5   5.9   4   4    0.0042      0.12    9.0   0.0    65   270   185   218   177   235 0.56 -
Pdum_DN65740_c0_g1_i1:159-803    -            215 361203at33208        -            388   2.7e-06   24.4   0.3   1   3   0.00046     0.014   12.2   0.0    61    99    35    73    29    89 0.88 -
Pdum_DN65740_c0_g1_i1:159-803    -            215 361203at33208        -            388   2.7e-06   24.4   0.3   2   3    0.0077      0.23    8.2   0.0    99   174    96   170    72   181 0.81 -
Pdum_DN65740_c0_g1_i1:159-803    -            215 361203at33208        -            388   2.7e-06   24.4   0.3   3   3         1        30    1.2   0.0    59    94   181   215   177   215 0.79 -
Pdum_DN67795_c0_g1_i2:1517-2137  -            207 361203at33208        -            388     4e-06   23.8   1.1   1   3   0.00016    0.0048   13.7   0.1   239   314     2    81     1    88 0.77 -
Pdum_DN67795_c0_g1_i2:1517-2137  -            207 361203at33208        -            388     4e-06   23.8   1.1   2   3      0.19       5.5    3.6   0.0   244   297    91   146    85   150 0.64 -
Pdum_DN67795_c0_g1_i2:1517-2137  -            207 361203at33208        -            388     4e-06   23.8   1.1   3   3      0.85        25    1.4   0.0    58    95   166   207   157   207 0.71 -
Pdum_DN63925_c0_g1_i1:119-1006   -            296 361203at33208        -            388     5e-06   23.5   1.8   1   2    0.0081      0.24    8.1   0.0   235   317    31   115    14   118 0.71 -
Pdum_DN63925_c0_g1_i1:119-1006   -            296 361203at33208        -            388     5e-06   23.5   1.8   2   2     0.067         2    5.1   0.1    78    99   254   275   242   288 0.79 -
Pdum_DN63408_c0_g1_i3:4-960      -            319 361203at33208        -            388   6.2e-06   23.2   3.2   1   4   0.00014    0.0042   13.8   0.1    60    99    14    52    11    65 0.83 -
Pdum_DN63408_c0_g1_i3:4-960      -            319 361203at33208        -            388   6.2e-06   23.2   3.2   2   4       5.8   1.7e+02   -1.3   0.0    59    95    55    90    52    98 0.78 -
Pdum_DN63408_c0_g1_i3:4-960      -            319 361203at33208        -            388   6.2e-06   23.2   3.2   3   4       5.6   1.6e+02   -1.3   0.0    75    99   114   138   107   156 0.78 -
Pdum_DN63408_c0_g1_i3:4-960      -            319 361203at33208        -            388   6.2e-06   23.2   3.2   4   4    0.0082      0.24    8.1   0.2   288   334   175   218   168   223 0.91 -
Pdum_DN89224_c5_g2_i10:3220-3918 -            233 361203at33208        -            388   6.3e-06   23.1   0.1   1   1   2.7e-07   7.9e-06   22.8   0.1   202   308    93   205    38   226 0.81 -
Pdum_DN84002_c0_g1_i8:2338-3012  -            225 361203at33208        -            388   7.7e-06   22.9   0.2   1   2     0.013      0.39    7.4   0.0    62   105     8    51     3    63 0.79 -
Pdum_DN84002_c0_g1_i8:2338-3012  -            225 361203at33208        -            388   7.7e-06   22.9   0.2   2   2   0.00017     0.005   13.6   0.1   199   316    64   186    55   196 0.76 -
Pdum_DN85879_c0_g1_i1:230-808    -            193 361203at33208        -            388   8.2e-06   22.8   0.1   1   3   1.7e-05   0.00049   16.9   0.0    58   108    25    81     4    99 0.59 -
Pdum_DN85879_c0_g1_i1:230-808    -            193 361203at33208        -            388   8.2e-06   22.8   0.1   2   3       4.6   1.3e+02   -1.0   0.0    68   100   126   157   123   162 0.68 -
Pdum_DN85879_c0_g1_i1:230-808    -            193 361203at33208        -            388   8.2e-06   22.8   0.1   3   3      0.29       8.4    3.0   0.0    59    94   159   193   145   193 0.79 -
Pdum_DN90901_c7_g1_i5:256-1545   -            430 361203at33208        -            388   1.6e-05   21.8   0.0   1   2    0.0012     0.036   10.8   0.0    41   101   124   181   114   194 0.82 -
Pdum_DN90901_c7_g1_i5:256-1545   -            430 361203at33208        -            388   1.6e-05   21.8   0.0   2   2    0.0038      0.11    9.2   0.0   228   307   182   267   178   271 0.78 -
Pdum_DN88741_c1_g1_i6:2841-3650  -            270 361203at33208        -            388   1.6e-05   21.8   2.4   1   5      0.47        14    2.3   0.0   285   306    12    33     2    44 0.71 -
Pdum_DN88741_c1_g1_i6:2841-3650  -            270 361203at33208        -            388   1.6e-05   21.8   2.4   2   5      0.07         2    5.0   0.0   277   318    56    97    43   113 0.86 -
Pdum_DN88741_c1_g1_i6:2841-3650  -            270 361203at33208        -            388   1.6e-05   21.8   2.4   3   5      0.12       3.6    4.2   0.0    79   110   114   145    97   153 0.81 -
Pdum_DN88741_c1_g1_i6:2841-3650  -            270 361203at33208        -            388   1.6e-05   21.8   2.4   4   5    0.0071      0.21    8.3   0.2    59    97   140   178   137   191 0.90 -
Pdum_DN88741_c1_g1_i6:2841-3650  -            270 361203at33208        -            388   1.6e-05   21.8   2.4   5   5       1.8        52    0.4   0.0    68    94   239   264   206   268 0.67 -
Pdum_DN74464_c0_g1_i5:1442-2167  -            242 361203at33208        -            388   1.9e-05   21.6   0.2   1   3     0.023      0.66    6.6   0.0   238   271     7    40     2    89 0.61 -
Pdum_DN74464_c0_g1_i5:1442-2167  -            242 361203at33208        -            388   1.9e-05   21.6   0.2   2   3     0.008      0.23    8.1   0.1   277   325   106   153    39   162 0.61 -
Pdum_DN74464_c0_g1_i5:1442-2167  -            242 361203at33208        -            388   1.9e-05   21.6   0.2   3   3       0.2       5.9    3.5   0.0    61   102   193   233   190   240 0.83 -
Pdum_DN81583_c1_g1_i3:660-1619   -            320 361203at33208        -            388   2.3e-05   21.3   0.0   1   4       1.7        49    0.5   0.0   285   306     2    23     1    48 0.63 -
Pdum_DN81583_c1_g1_i3:660-1619   -            320 361203at33208        -            388   2.3e-05   21.3   0.0   2   4   0.00028    0.0082   12.9   0.0   227   271    93   136    66   144 0.84 -
Pdum_DN81583_c1_g1_i3:660-1619   -            320 361203at33208        -            388   2.3e-05   21.3   0.0   3   4       3.3        96   -0.5   0.0    61    97   191   227   186   245 0.80 -
Pdum_DN81583_c1_g1_i3:660-1619   -            320 361203at33208        -            388   2.3e-05   21.3   0.0   4   4       1.7        51    0.4   0.0    80    96   254   270   237   301 0.82 -
Pdum_DN76096_c0_g1_i2:374-1027   -            218 361203at33208        -            388   2.4e-05   21.3   2.3   1   4     0.036         1    6.0   0.0    59    99    15    54     8    65 0.85 -
Pdum_DN76096_c0_g1_i2:374-1027   -            218 361203at33208        -            388   2.4e-05   21.3   2.3   2   4       2.2        63    0.1   0.0    80    97    90   107    86   114 0.84 -
Pdum_DN76096_c0_g1_i2:374-1027   -            218 361203at33208        -            388   2.4e-05   21.3   2.3   3   4       3.4     1e+02   -0.6   0.0    68    96   120   147   112   164 0.76 -
Pdum_DN76096_c0_g1_i2:374-1027   -            218 361203at33208        -            388   2.4e-05   21.3   2.3   4   4   0.00089     0.026   11.2   0.2    62    98   168   203   164   216 0.82 -
Pdum_DN82465_c0_g2_i1:488-1204   -            239 361203at33208        -            388   2.4e-05   21.2   0.4   1   2   0.00034      0.01   12.6   0.0    61   107   113   157   111   170 0.79 -
Pdum_DN82465_c0_g2_i1:488-1204   -            239 361203at33208        -            388   2.4e-05   21.2   0.4   2   2     0.024      0.72    6.5   0.1   202   268   173   238   165   239 0.83 -
Pdum_DN90581_c4_g3_i1:18-467     -            150 361203at33208        -            388   2.6e-05   21.1   0.1   1   2      0.33       9.6    2.8   0.0    80    96     8    24     3    34 0.73 -
Pdum_DN90581_c4_g3_i1:18-467     -            150 361203at33208        -            388   2.6e-05   21.1   0.1   2   2   1.2e-05   0.00035   17.4   0.1   145   262    21   146    15   150 0.72 -
Pdum_DN70029_c0_g1_i5:236-670    -            145 361203at33208        -            388   2.9e-05   21.0   0.0   1   2   8.7e-05    0.0025   14.6   0.0    58    97    13    52     1    81 0.83 -
Pdum_DN70029_c0_g1_i5:236-670    -            145 361203at33208        -            388   2.9e-05   21.0   0.0   2   2     0.081       2.4    4.8   0.0    63    92   115   144   110   145 0.93 -
Pdum_DN70491_c0_g1_i1:1-1254     -            418 361203at33208        -            388   4.2e-05   20.4   0.3   1   2   0.00051     0.015   12.0   0.0    59    98   182   221   177   231 0.91 -
Pdum_DN70491_c0_g1_i1:1-1254     -            418 361203at33208        -            388   4.2e-05   20.4   0.3   2   2     0.036       1.1    5.9   0.0   238   272   233   267   226   274 0.89 -
Pdum_DN89990_c3_g2_i4:936-1778   -            281 361203at33208        -            388   4.5e-05   20.3   0.5   1   3      0.12       3.4    4.3   0.0    59    98   113   151   107   158 0.71 -
Pdum_DN89990_c3_g2_i4:936-1778   -            281 361203at33208        -            388   4.5e-05   20.3   0.5   2   3     0.002     0.058   10.1   0.0    59    97   158   198   153   206 0.87 -
Pdum_DN89990_c3_g2_i4:936-1778   -            281 361203at33208        -            388   4.5e-05   20.3   0.5   3   3      0.54        16    2.1   0.0    58    95   245   281   231   281 0.84 -
Pdum_DN86294_c0_g1_i3:101-3103   -           1001 361203at33208        -            388   4.9e-05   20.2   0.3   1   3      0.59        17    2.0   0.0   239   269    12    42     3   100 0.70 -
Pdum_DN86294_c0_g1_i3:101-3103   -           1001 361203at33208        -            388   4.9e-05   20.2   0.3   2   3   0.00034      0.01   12.6   0.0    62    97   131   165   128   170 0.91 -
Pdum_DN86294_c0_g1_i3:101-3103   -           1001 361203at33208        -            388   4.9e-05   20.2   0.3   3   3         2        60    0.2   0.0    80    99   240   259   214   276 0.78 -
Pdum_DN88739_c2_g1_i2:407-1549   -            381 361203at33208        -            388   5.5e-05   20.1   0.0   1   2       3.6   1.1e+02   -0.6   0.0   133   162    55    84    50    97 0.79 -
Pdum_DN88739_c2_g1_i2:407-1549   -            381 361203at33208        -            388   5.5e-05   20.1   0.0   2   2   1.6e-05   0.00046   17.0   0.0   165   261   186   289   170   301 0.79 -
Pdum_DN85054_c1_g3_i7:3145-3996  -            284 361203at33208        -            388   5.5e-05   20.0   0.0   1   2   0.00068      0.02   11.6   0.0   237   309     2    84     1    98 0.74 -
Pdum_DN85054_c1_g3_i7:3145-3996  -            284 361203at33208        -            388   5.5e-05   20.0   0.0   2   2     0.052       1.5    5.4   0.0   198   250   221   273   179   284 0.73 -
Pdum_DN88423_c1_g1_i2:993-1421   -            143 361203at33208        -            388   7.7e-05   19.6   0.6   1   2     0.028      0.81    6.3   0.0   273   309     9    41     1    55 0.57 -
Pdum_DN88423_c1_g1_i2:993-1421   -            143 361203at33208        -            388   7.7e-05   19.6   0.6   2   2   0.00056     0.017   11.9   0.2   215   268    65   118    44   123 0.80 -
Pdum_DN89809_c3_g1_i10:6324-7073 -            250 361203at33208        -            388   0.00011   19.1   1.2   1   2     0.025      0.74    6.5   0.1    64    97     1    34     1    41 0.83 -
Pdum_DN89809_c3_g1_i10:6324-7073 -            250 361203at33208        -            388   0.00011   19.1   1.2   2   2   0.00072     0.021   11.5   0.1    59    97    46    84    38    90 0.91 -
Pdum_DN80657_c0_g1_i8:864-1619   -            252 361203at33208        -            388   0.00017   18.5   0.1   1   2     0.038       1.1    5.9   0.1   227   305    16   102     8   110 0.62 -
Pdum_DN80657_c0_g1_i8:864-1619   -            252 361203at33208        -            388   0.00017   18.5   0.1   2   2    0.0038      0.11    9.2   0.0   222   269   189   233   165   243 0.76 -
Pdum_DN83656_c0_g1_i2:2236-2991  -            252 361203at33208        -            388   0.00017   18.4   2.1   1   3      0.94        27    1.3   0.1   251   267    17    33     1    91 0.71 -
Pdum_DN83656_c0_g1_i2:2236-2991  -            252 361203at33208        -            388   0.00017   18.4   2.1   2   3   0.00019    0.0055   13.5   0.0   224   306    89   173    65   179 0.78 -
Pdum_DN83656_c0_g1_i2:2236-2991  -            252 361203at33208        -            388   0.00017   18.4   2.1   3   3      0.63        18    1.9   0.1    64   120   185   251   178   252 0.37 -
Pdum_DN82853_c0_g1_i2:2495-3019  -            175 361203at33208        -            388   0.00019   18.3   0.9   1   3    0.0043      0.13    9.0   0.3    62    95     1    33     1    45 0.88 -
Pdum_DN82853_c0_g1_i2:2495-3019  -            175 361203at33208        -            388   0.00019   18.3   0.9   2   3      0.56        16    2.0   0.0    79    99    62    82    35   100 0.63 -
Pdum_DN82853_c0_g1_i2:2495-3019  -            175 361203at33208        -            388   0.00019   18.3   0.9   3   3     0.033      0.98    6.1   0.0   176   229    67   124    49   175 0.76 -
Pdum_DN38861_c0_g1_i1:595-1392   -            266 361203at33208        -            388    0.0002   18.2   0.4   1   2      0.06       1.8    5.2   0.1   151   226    76   156     1   172 0.55 -
Pdum_DN38861_c0_g1_i1:595-1392   -            266 361203at33208        -            388    0.0002   18.2   0.4   2   2    0.0049      0.14    8.8   0.0    57    97   220   259   207   264 0.88 -
Pdum_DN87402_c0_g1_i1:93-1976    -            628 361203at33208        -            388   0.00026   17.8   0.0   1   3    0.0053      0.15    8.7   0.0   236   268   289   321   281   333 0.90 -
Pdum_DN87402_c0_g1_i1:93-1976    -            628 361203at33208        -            388   0.00026   17.8   0.0   2   3     0.045       1.3    5.6   0.0   202   285   466   549   448   580 0.53 -
Pdum_DN87402_c0_g1_i1:93-1976    -            628 361203at33208        -            388   0.00026   17.8   0.0   3   3       6.9     2e+02   -1.6   0.0   242   267   602   627   586   628 0.78 -
Pdum_DN90064_c4_g2_i4:2740-4161  -            474 361203at33208        -            388   0.00028   17.7   6.4   1   4      0.42        12    2.4   0.3    59    96   134   171   127   222 0.68 -
Pdum_DN90064_c4_g2_i4:2740-4161  -            474 361203at33208        -            388   0.00028   17.7   6.4   2   4   0.00067      0.02   11.6   0.1   233   309   260   340   253   358 0.77 -
Pdum_DN90064_c4_g2_i4:2740-4161  -            474 361203at33208        -            388   0.00028   17.7   6.4   3   4      0.15       4.4    3.9   0.1    72    97   348   381   337   397 0.53 -
Pdum_DN90064_c4_g2_i4:2740-4161  -            474 361203at33208        -            388   0.00028   17.7   6.4   4   4       6.5   1.9e+02   -1.5   0.0    63    97   435   471   432   473 0.74 -
Pdum_DN77163_c0_g1_i7:250-627    -            126 361203at33208        -            388   0.00037   17.3   0.0   1   2   0.00013    0.0039   14.0   0.0    71    97     1    27     1    31 0.94 -
Pdum_DN77163_c0_g1_i7:250-627    -            126 361203at33208        -            388   0.00037   17.3   0.0   2   2      0.68        20    1.8   0.0   158   196    39    78    27    89 0.70 -
Pdum_DN83655_c1_g1_i2:238-2439   -            734 361203at33208        -            388    0.0004   17.2   0.1   1   4     0.017       0.5    7.0   0.0    58    96    42    80    30    85 0.89 -
Pdum_DN83655_c1_g1_i2:238-2439   -            734 361203at33208        -            388    0.0004   17.2   0.1   2   4      0.51        15    2.2   0.0   253   270   156   173   145   216 0.80 -
Pdum_DN83655_c1_g1_i2:238-2439   -            734 361203at33208        -            388    0.0004   17.2   0.1   3   4       1.6        46    0.5   0.0   271   312   223   264   177   319 0.76 -
Pdum_DN83655_c1_g1_i2:238-2439   -            734 361203at33208        -            388    0.0004   17.2   0.1   4   4       1.2        34    1.0   0.0    78    96   448   466   430   471 0.75 -
Pdum_DN83223_c0_g2_i1:739-1377   -            213 361203at33208        -            388   0.00042   17.2   0.0   1   2    0.0023     0.068    9.9   0.0   215   267    12    64     6   102 0.88 -
Pdum_DN83223_c0_g2_i1:739-1377   -            213 361203at33208        -            388   0.00042   17.2   0.0   2   2     0.042       1.2    5.7   0.0   202   269    86   156    72   164 0.62 -
Pdum_DN90517_c4_g1_i5:2-985      -            328 361203at33208        -            388   0.00052   16.8   0.5   1   3     0.022      0.63    6.7   0.0    59    95    48    87    42   100 0.62 -
Pdum_DN90517_c4_g1_i5:2-985      -            328 361203at33208        -            388   0.00052   16.8   0.5   2   3       1.2        35    0.9   0.0    79    95   127   143    92   157 0.64 -
Pdum_DN90517_c4_g1_i5:2-985      -            328 361203at33208        -            388   0.00052   16.8   0.5   3   3     0.043       1.3    5.7   0.0    59    97   202   242   197   283 0.79 -
Pdum_DN91578_c1_g1_i1:293-997    -            235 361203at33208        -            388   0.00052   16.8   0.4   1   2       8.3   2.4e+02   -1.8   0.0    78    95     3    20     1    23 0.87 -
Pdum_DN91578_c1_g1_i1:293-997    -            235 361203at33208        -            388   0.00052   16.8   0.4   2   2     7e-05    0.0021   14.9   0.1    49   110   141   209   132   234 0.70 -
Pdum_DN79808_c0_g1_i2:642-4217   -           1192 361203at33208        -            388   0.00061   16.6   0.1   1   2   0.00037     0.011   12.5   0.0   216   269    37    88    20    91 0.68 -
Pdum_DN79808_c0_g1_i2:642-4217   -           1192 361203at33208        -            388   0.00061   16.6   0.1   2   2      0.19       5.5    3.6   0.0   145   179    85   119    84   135 0.93 -
Pdum_DN74905_c1_g1_i2:2-1102     -            367 361203at33208        -            388   0.00064   16.5   0.0   1   1   4.3e-05    0.0013   15.6   0.0    64   116   146   196   137   199 0.86 -
Pdum_DN66325_c0_g1_i1:831-1904   -            358 361203at33208        -            388   0.00082   16.2   1.9   1   3      0.26       7.6    3.1   0.0    68    96    77   104    65   116 0.65 -
Pdum_DN66325_c0_g1_i1:831-1904   -            358 361203at33208        -            388   0.00082   16.2   1.9   2   3     0.026      0.76    6.4   0.0    63   100   172   206   170   212 0.84 -
Pdum_DN66325_c0_g1_i1:831-1904   -            358 361203at33208        -            388   0.00082   16.2   1.9   3   3      0.44        13    2.4   0.0    57    94   322   358   320   358 0.80 -
Pdum_DN77673_c0_g1_i3:1295-1852  -            186 361203at33208        -            388    0.0011   15.7   0.2   1   2     0.027      0.79    6.4   0.1    77   101    83   107    51   114 0.77 -
Pdum_DN77673_c0_g1_i3:1295-1852  -            186 361203at33208        -            388    0.0011   15.7   0.2   2   2     0.011      0.31    7.7   0.0   197   268   113   181   109   184 0.81 -
Pdum_DN78364_c0_g1_i1:226-1314   -            363 361203at33208        -            388    0.0012   15.6   0.6   1   2     0.014       0.4    7.3   0.0    60    98    14    52    10    70 0.89 -
Pdum_DN78364_c0_g1_i1:226-1314   -            363 361203at33208        -            388    0.0012   15.6   0.6   2   2     0.027      0.78    6.4   0.1   237   277   101   142    95   239 0.78 -
Pdum_DN90517_c4_g2_i3:211-1731   -            507 361203at33208        -            388    0.0013   15.5   0.4   1   2      0.93        27    1.3   0.0   239   268    74   104    70   183 0.53 -
Pdum_DN90517_c4_g2_i3:211-1731   -            507 361203at33208        -            388    0.0013   15.5   0.4   2   2    0.0025     0.074    9.7   0.2   215   311   276   389   267   401 0.73 -
Pdum_DN90162_c3_g1_i6:3068-3295  -             76 361203at33208        -            388    0.0013   15.5   0.1   1   2     0.013      0.38    7.4   0.1   280   307     7    36     1    44 0.68 -
Pdum_DN90162_c3_g1_i6:3068-3295  -             76 361203at33208        -            388    0.0013   15.5   0.1   2   2     0.015      0.45    7.2   0.0    59    94    42    76    36    76 0.90 -
Pdum_DN79525_c1_g1_i2:759-1442   -            228 361203at33208        -            388    0.0019   15.0   0.0   1   1   0.00012    0.0034   14.1   0.0   203   270    51   122    43   129 0.83 -
Pdum_DN72823_c0_g2_i2:1154-1981  -            276 361203at33208        -            388     0.002   14.9   0.0   1   1   0.00017    0.0049   13.6   0.0   215   315    12   113     1   151 0.81 -
Pdum_DN91069_c3_g1_i7:2506-3243  -            246 361203at33208        -            388    0.0023   14.7   1.2   1   3     0.053       1.6    5.4   0.1    64    97    31    67    24    76 0.74 -
Pdum_DN91069_c3_g1_i7:2506-3243  -            246 361203at33208        -            388    0.0023   14.7   1.2   2   3     0.078       2.3    4.9   0.1    61    91    88   117    85   123 0.87 -
Pdum_DN91069_c3_g1_i7:2506-3243  -            246 361203at33208        -            388    0.0023   14.7   1.2   3   3      0.64        19    1.8   0.0   271   308   172   207   143   223 0.79 -
Pdum_DN90079_c2_g2_i8:1469-1858  -            130 361203at33208        -            388    0.0026   14.6   0.0   1   1   0.00025    0.0074   13.0   0.0   175   250    45   125     9   129 0.68 -
Pdum_DN87538_c0_g1_i11:59-631    -            191 361203at33208        -            388    0.0026   14.5   0.1   1   3     0.047       1.4    5.6   0.1    70    96    10    35     1    56 0.60 -
Pdum_DN87538_c0_g1_i11:59-631    -            191 361203at33208        -            388    0.0026   14.5   0.1   2   3      0.37        11    2.6   0.0    62   101    45    85    36   108 0.69 -
Pdum_DN87538_c0_g1_i11:59-631    -            191 361203at33208        -            388    0.0026   14.5   0.1   3   3      0.31       9.1    2.9   0.0   202   231   153   182   148   190 0.85 -
Pdum_DN71445_c0_g2_i2:766-1509   -            248 361203at33208        -            388    0.0026   14.5   0.4   1   1   0.00063     0.019   11.7   0.2   234   309    24   104     1   119 0.61 -
Pdum_DN66486_c0_g1_i1:419-1648   -            410 361203at33208        -            388    0.0031   14.3   0.2   1   2    0.0055      0.16    8.6   0.1   283   320   157   194   142   196 0.89 -
Pdum_DN66486_c0_g1_i1:419-1648   -            410 361203at33208        -            388    0.0031   14.3   0.2   2   2      0.12       3.4    4.3   0.0   238   267   192   221   189   245 0.85 -
Pdum_DN73439_c0_g1_i2:1041-1721  -            227 361203at33208        -            388    0.0033   14.2   0.1   1   3      0.38        11    2.6   0.0    62    95    48    80    44    85 0.79 -
Pdum_DN73439_c0_g1_i2:1041-1721  -            227 361203at33208        -            388    0.0033   14.2   0.1   2   3    0.0063      0.18    8.4   0.1    60    98    88   125    85   137 0.83 -
Pdum_DN73439_c0_g1_i2:1041-1721  -            227 361203at33208        -            388    0.0033   14.2   0.1   3   3         6   1.8e+02   -1.4   0.0   206   228   205   227   184   227 0.69 -
Pdum_DN92312_c5_g1_i1:3890-4381  -            164 361203at33208        -            388    0.0039   14.0   1.0   1   3      0.03      0.89    6.2   0.0    62    98     5    46     2    65 0.69 -
Pdum_DN92312_c5_g1_i1:3890-4381  -            164 361203at33208        -            388    0.0039   14.0   1.0   2   3      0.15       4.3    3.9   0.1   172   227    76   134    70   136 0.68 -
Pdum_DN92312_c5_g1_i1:3890-4381  -            164 361203at33208        -            388    0.0039   14.0   1.0   3   3     0.098       2.9    4.5   0.1    82   109   120   147   117   159 0.87 -
Pdum_DN79406_c0_g1_i1:209-1183   -            325 361203at33208        -            388    0.0045   13.8   0.6   1   2     0.047       1.4    5.6   0.0    60    97    46    82    43   103 0.77 -
Pdum_DN79406_c0_g1_i1:209-1183   -            325 361203at33208        -            388    0.0045   13.8   0.6   2   2      0.79        23    1.5   0.0    60    94   279   312   254   317 0.71 -
Pdum_DN69263_c0_g1_i1:405-1196   -            264 361203at33208        -            388    0.0045   13.8   5.1   1   3    0.0014     0.042   10.6   0.5   173   270     3   111     1   114 0.76 -
Pdum_DN69263_c0_g1_i1:405-1196   -            264 361203at33208        -            388    0.0045   13.8   5.1   2   3       0.4        12    2.5   0.3   255   269   157   171   147   230 0.45 -
Pdum_DN69263_c0_g1_i1:405-1196   -            264 361203at33208        -            388    0.0045   13.8   5.1   3   3      0.99        29    1.2   0.1    61    95   181   218   179   261 0.80 -
Pdum_DN75371_c0_g2_i4:68-763     -            232 361203at33208        -            388    0.0051   13.6   0.0   1   2      0.42        12    2.5   0.0    81    99     2    20     1    57 0.83 -
Pdum_DN75371_c0_g2_i4:68-763     -            232 361203at33208        -            388    0.0051   13.6   0.0   2   2    0.0032     0.092    9.4   0.0   213   268   135   189   100   228 0.90 -
Pdum_DN84536_c0_g1_i1:2255-2878  -            208 361203at33208        -            388    0.0053   13.5   0.0   1   2      0.13       3.7    4.2   0.0   104   124    57    78    27    95 0.78 -
Pdum_DN84536_c0_g1_i1:2255-2878  -            208 361203at33208        -            388    0.0053   13.5   0.0   2   2     0.013       0.4    7.4   0.0    59    97   165   202   158   206 0.86 -
Pdum_DN90581_c4_g2_i3:17-301     -             95 361203at33208        -            388    0.0055   13.5   0.0   1   1   0.00025    0.0074   13.0   0.0   237   306    15    90     6    94 0.84 -
Pdum_DN86522_c0_g3_i4:534-1520   -            329 361203at33208        -            388    0.0069   13.1  11.3   1   6      0.29       8.5    3.0   0.0    68    96     2    30     1    40 0.94 -
Pdum_DN86522_c0_g3_i4:534-1520   -            329 361203at33208        -            388    0.0069   13.1  11.3   2   6      0.56        17    2.0   0.1    63    97    40    73    34    84 0.71 -
Pdum_DN86522_c0_g3_i4:534-1520   -            329 361203at33208        -            388    0.0069   13.1  11.3   3   6     0.086       2.5    4.7   0.2    75    97    92   113    83   131 0.80 -
Pdum_DN86522_c0_g3_i4:534-1520   -            329 361203at33208        -            388    0.0069   13.1  11.3   4   6       1.8        53    0.4   0.1    80   104   137   161   117   175 0.72 -
Pdum_DN86522_c0_g3_i4:534-1520   -            329 361203at33208        -            388    0.0069   13.1  11.3   5   6      0.55        16    2.0   0.1    64    95   167   197   158   204 0.83 -
Pdum_DN86522_c0_g3_i4:534-1520   -            329 361203at33208        -            388    0.0069   13.1  11.3   6   6      0.34       9.8    2.8   0.0    64   102   214   251   195   300 0.62 -
Pdum_DN87384_c0_g1_i3:1267-1899  -            211 361203at33208        -            388     0.007   13.1   0.0   1   1   0.00034    0.0099   12.6   0.0   237   305   139   211   109   211 0.73 -
Pdum_DN89812_c3_g1_i3:2-727      -            242 361203at33208        -            388    0.0082   12.9   0.2   1   2     0.024      0.69    6.5   0.1    65    95    51    79    47    88 0.85 -
Pdum_DN89812_c3_g1_i3:2-727      -            242 361203at33208        -            388    0.0082   12.9   0.2   2   2      0.17       5.1    3.7   0.0   236   268    91   123    82   129 0.89 -
Pdum_DN55647_c0_g1_i2:33-551     -            173 361203at33208        -            388    0.0092   12.7   0.3   1   3       1.2        35    1.0   0.1    64    95     3    33     1    48 0.61 -
Pdum_DN55647_c0_g1_i2:33-551     -            173 361203at33208        -            388    0.0092   12.7   0.3   2   3    0.0047      0.14    8.9   0.0    70   100    58    88    52   113 0.80 -
Pdum_DN55647_c0_g1_i2:33-551     -            173 361203at33208        -            388    0.0092   12.7   0.3   3   3       9.8   2.9e+02   -2.1   0.0    64    96   122   153   113   155 0.67 -
Pdum_DN92312_c4_g1_i6:372-914    -            181 361203at33208        -            388    0.0099   12.6   1.7   1   3      0.13       3.9    4.1   0.1    69    96    10    36     5    43 0.77 -
Pdum_DN92312_c4_g1_i6:372-914    -            181 361203at33208        -            388    0.0099   12.6   1.7   2   3     0.017       0.5    7.0   0.1    62    97    48    85    43    94 0.84 -
Pdum_DN92312_c4_g1_i6:372-914    -            181 361203at33208        -            388    0.0099   12.6   1.7   3   3       7.4   2.2e+02   -1.7   0.0    74    96   157   177   148   179 0.65 -
Pdum_DN85858_c0_g1_i11:292-1188  -            299 361203at33208        -            388     0.012   12.3   1.5   1   2    0.0065      0.19    8.4   0.1   272   312   124   165   114   180 0.81 -
Pdum_DN85858_c0_g1_i11:292-1188  -            299 361203at33208        -            388     0.012   12.3   1.5   2   2      0.35        10    2.7   0.0   202   228   179   205   162   219 0.64 -
Pdum_DN80062_c1_g1_i8:396-980    -            195 361203at33208        -            388     0.014   12.1   0.2   1   2      0.16       4.7    3.8   0.0    80   101    13    34     1    41 0.69 -
Pdum_DN80062_c1_g1_i8:396-980    -            195 361203at33208        -            388     0.014   12.1   0.2   2   2     0.032      0.95    6.1   0.0    64    99   102   137    94   161 0.81 -
Pdum_DN75082_c2_g3_i2:17-943     -            309 361203at33208        -            388     0.016   11.9   0.8   1   3      0.12       3.6    4.2   0.2   229   269     6    46     2    58 0.88 -
Pdum_DN75082_c2_g3_i2:17-943     -            309 361203at33208        -            388     0.016   11.9   0.8   2   3       1.9        56    0.3   0.0   240   268   115   145   107   159 0.74 -
Pdum_DN75082_c2_g3_i2:17-943     -            309 361203at33208        -            388     0.016   11.9   0.8   3   3       0.4        12    2.5   0.0   229   267   273   308   263   309 0.62 -
Pdum_DN69324_c0_g1_i2:232-1023   -            264 361203at33208        -            388     0.022   11.5   0.0   1   1    0.0016     0.046   10.4   0.0   213   268    35    93    24   101 0.67 -
Pdum_DN69316_c0_g1_i1:312-956    -            215 361203at33208        -            388     0.025   11.3   0.1   1   1    0.0012     0.035   10.8   0.1   231   269    42    81     4   140 0.64 -
Pdum_DN80615_c0_g2_i1:231-1205   -            325 361203at33208        -            388     0.028   11.1   0.1   1   1    0.0026     0.076    9.7   0.0    62   268   149   181   127   194 0.65 -
#
# Program:         hmmsearch
# Version:         3.1b2 (February 2015)
# Pipeline mode:   SEARCH
# Query file:      /mnt/f/phylo/WORMS/busco_analysis/busco_downloads/lineages/metazoa_odb10/hmms/361203at33208.hmm
# Target file:     /mnt/f/phylo/WORMS/busco_analysis/metazoa_lineage_result/run_metazoa_odb10/metaeuk_output/initial_results/Platynereis_ref.eggnog_filter.nucl.fasta.modified.fas
# Option settings: hmmsearch --domtblout /mnt/f/phylo/WORMS/busco_analysis/metazoa_lineage_result/run_metazoa_odb10/hmmer_output/initial_run_results/361203at33208.out --cpu 1 /mnt/f/phylo/WORMS/busco_analysis/busco_downloads/lineages/metazoa_odb10/hmms/361203at33208.hmm /mnt/f/phylo/WORMS/busco_analysis/metazoa_lineage_result/run_metazoa_odb10/metaeuk_output/initial_results/Platynereis_ref.eggnog_filter.nucl.fasta.modified.fas 
# Current dir:     /mnt/f/phylo/WORMS/busco_analysis
# Date:            Sun Mar 12 20:42:09 2023
# [ok]
