#                                                                                        --- full sequence --- -------------- this domain -------------   hmm coord   ali coord   env coord
# target name                    accession   tlen query name           accession   qlen   E-value  score  bias   #  of  c-Evalue  i-Evalue  score  bias  from    to  from    to  from    to  acc description of target
#            ------------------- ---------- ----- -------------------- ---------- ----- --------- ------ ----- --- --- --------- --------- ------ ----- ----- ----- ----- ----- ----- ----- ---- ---------------------
Pdum_DN87163_c1_g1_i3:2-1276     -            425 367551at33208        -            388  6.5e-119  395.4   2.1   1   1  1.3e-120  9.4e-119  394.9   2.1     1   232   177   425   177   425 0.95 -
Pdum_DN78091_c0_g1_i4:389-1459   -            357 367551at33208        -            388   7.6e-95  316.2   0.3   1   1   1.3e-96   9.4e-95  315.9   0.3    12   334    21   352    15   356 0.92 -
Pdum_DN85679_c0_g1_i8:213-1418   -            402 367551at33208        -            388   5.6e-90  300.1   1.5   1   1     1e-91   7.1e-90  299.8   1.5    10   336    19   358    12   396 0.89 -
Pdum_DN90760_c2_g2_i1:528-1784   -            419 367551at33208        -            388   5.6e-76  254.0   0.0   1   1   9.9e-78   7.1e-76  253.7   0.0     3   339    35   387    33   398 0.89 -
Pdum_DN80241_c2_g1_i2:419-1648   -            410 367551at33208        -            388     5e-72  241.0   0.0   1   1   8.7e-74   6.2e-72  240.7   0.0    10   336    23   366    11   409 0.84 -
Pdum_DN81723_c0_g1_i1:1002-2198  -            399 367551at33208        -            388   1.1e-71  240.0   0.0   1   1   1.8e-73   1.3e-71  239.7   0.0    10   337    26   369    17   395 0.88 -
Pdum_DN82891_c5_g1_i1:742-1983   -            414 367551at33208        -            388   3.6e-70  235.0   0.6   1   2   3.4e-34   2.4e-32  110.4   0.1    12   154    40   196    32   201 0.83 -
Pdum_DN82891_c5_g1_i1:742-1983   -            414 367551at33208        -            388   3.6e-70  235.0   0.6   2   2   5.7e-38   4.1e-36  122.8   0.0   145   334   214   404   207   412 0.88 -
Pdum_DN75940_c0_g1_i2:1196-4401  -            411 367551at33208        -            388   8.4e-69  230.4   0.0   1   1   1.5e-70   1.1e-68  230.1   0.0    12   340    52   397    45   410 0.89 -
Pdum_DN80143_c2_g1_i1:1065-2234  -            390 367551at33208        -            388   4.1e-68  228.2   0.1   1   1   7.6e-70   5.5e-68  227.8   0.1    10   338    32   377    24   382 0.85 -
Pdum_DN66523_c0_g1_i3:235-1803   -            523 367551at33208        -            388   8.4e-67  223.8   0.2   1   2   4.9e-46   3.5e-44  149.4   0.3    11   258     8   275     3   284 0.85 -
Pdum_DN66523_c0_g1_i3:235-1803   -            523 367551at33208        -            388   8.4e-67  223.8   0.2   2   2   1.3e-22   9.2e-21   72.3   0.0   250   336   291   380   287   405 0.90 -
Pdum_DN92841_c1_g1_i2:8029-9183  -            385 367551at33208        -            388   2.1e-66  222.5   0.2   1   1   3.4e-68   2.4e-66  222.3   0.2     8   352    11   363     1   382 0.89 -
Pdum_DN80245_c0_g1_i2:407-1405   -            333 367551at33208        -            388     2e-63  212.7   0.3   1   1   3.3e-65   2.3e-63  212.5   0.3    11   324    10   332     2   333 0.94 -
Pdum_DN80432_c0_g2_i1:5-1411     -            469 367551at33208        -            388   2.5e-61  205.8   0.2   1   1   4.4e-63   3.1e-61  205.5   0.2    12   336    26   376    11   422 0.80 -
Pdum_DN83158_c0_g2_i1:277-1755   -            493 367551at33208        -            388   5.4e-61  204.7   0.0   1   1     1e-62   7.4e-61  204.3   0.0    10   366    88   462    80   485 0.83 -
Pdum_DN77204_c1_g9_i1:2-901      -            300 367551at33208        -            388   1.5e-59  200.0   0.2   1   1   2.4e-61   1.7e-59  199.8   0.2    11   283    12   300     2   300 0.85 -
Pdum_DN72720_c0_g1_i1:588-1733   -            382 367551at33208        -            388   6.9e-58  194.5   0.2   1   2   8.4e-47     6e-45  151.9   0.5     2   273     5   296     4   307 0.83 -
Pdum_DN72720_c0_g1_i1:588-1733   -            382 367551at33208        -            388   6.9e-58  194.5   0.2   2   2   5.9e-13   4.2e-11   40.5   0.0   281   332   330   381   327   382 0.94 -
Pdum_DN67523_c0_g1_i4:51-998     -            316 367551at33208        -            388   2.6e-57  192.6   2.7   1   1   4.3e-59   3.1e-57  192.4   2.7    11   308    10   316     2   316 0.93 -
Pdum_DN88503_c2_g1_i2:128-2101   -            658 367551at33208        -            388   5.6e-54  181.6   0.1   1   1   1.2e-55   8.7e-54  181.0   0.1    77   332     7   270     2   279 0.92 -
Pdum_DN77144_c0_g2_i3:157-1767   -            537 367551at33208        -            388   6.6e-53  178.1   1.7   1   3   8.6e-26   6.2e-24   82.7   0.0     9   149    61   228    54   238 0.77 -
Pdum_DN77144_c0_g2_i3:157-1767   -            537 367551at33208        -            388   6.6e-53  178.1   1.7   2   3     0.077       5.5    3.9   0.0   158   181   270   293   265   311 0.85 -
Pdum_DN77144_c0_g2_i3:157-1767   -            537 367551at33208        -            388   6.6e-53  178.1   1.7   3   3   1.1e-27   7.8e-26   89.0   0.2   214   345   371   506   357   527 0.89 -
Pdum_DN85617_c0_g1_i1:1355-2476  -            374 367551at33208        -            388   2.8e-52  176.0   0.0   1   1   5.2e-54   3.7e-52  175.6   0.0    11   335     6   347     2   359 0.85 -
Pdum_DN84187_c0_g2_i1:9-944      -            312 367551at33208        -            388   9.6e-45  151.2   0.1   1   1   1.5e-46   1.1e-44  151.0   0.1     4   287     9   312     6   312 0.86 -
Pdum_DN88379_c0_g1_i1:132-2336   -            735 367551at33208        -            388   6.2e-44  148.6   0.0   1   3   1.9e-10   1.4e-08   32.2   0.0    13    51    24    62    19    69 0.94 -
Pdum_DN88379_c0_g1_i1:132-2336   -            735 367551at33208        -            388   6.2e-44  148.6   0.0   2   3   3.6e-13   2.5e-11   41.2   0.0    61   198   291   445   285   456 0.74 -
Pdum_DN88379_c0_g1_i1:132-2336   -            735 367551at33208        -            388   6.2e-44  148.6   0.0   3   3   2.5e-22   1.8e-20   71.3   0.0   222   331   505   624   494   629 0.85 -
Pdum_DN81743_c0_g1_i14:412-1305  -            298 367551at33208        -            388   1.5e-41  140.7   0.6   1   1   2.5e-43   1.8e-41  140.4   0.6    62   336     1   290     1   297 0.84 -
Pdum_DN92497_c2_g1_i2:1599-2393  -            265 367551at33208        -            388   5.9e-39  132.2   0.0   1   1   9.7e-41   6.9e-39  131.9   0.0   140   342     1   211     1   225 0.91 -
Pdum_DN85296_c0_g1_i7:1661-2491  -            277 367551at33208        -            388   9.7e-37  124.9   0.0   1   1   1.6e-38   1.1e-36  124.7   0.0   140   339     1   210     1   226 0.87 -
Pdum_DN82890_c0_g2_i1:648-1319   -            224 367551at33208        -            388   4.3e-35  119.5   0.1   1   1     7e-37     5e-35  119.2   0.1   156   328     3   174     1   193 0.87 -
Pdum_DN92497_c1_g1_i3:0-551      -            184 367551at33208        -            388   5.4e-32  109.2   0.0   1   1   1.4e-33   9.8e-32  108.4   0.0    12   145    35   184    24   184 0.83 -
Pdum_DN73487_c1_g1_i8:1202-1762  -            187 367551at33208        -            388   2.9e-31  106.9   0.2   1   1   4.3e-33   3.1e-31  106.8   0.2    10   171    13   185     1   187 0.82 -
Pdum_DN76963_c1_g1_i2:188-1180   -            331 367551at33208        -            388     4e-31  106.4   0.0   1   1   6.6e-33   4.7e-31  106.2   0.0   203   357    55   218    17   251 0.78 -
Pdum_DN85758_c0_g1_i1:5-1366     -            454 367551at33208        -            388     3e-27   93.7   0.1   1   2   6.3e-09   4.5e-07   27.2   0.0     9    55   138   185   127   191 0.83 -
Pdum_DN85758_c0_g1_i1:5-1366     -            454 367551at33208        -            388     3e-27   93.7   0.1   2   2   3.2e-20   2.3e-18   64.4   0.0    61   167   303   425   298   438 0.78 -
Pdum_DN78888_c0_g1_i2:2-1057     -            352 367551at33208        -            388   1.4e-21   75.0   0.0   1   1   4.6e-23   3.3e-21   73.8   0.0    10   155   123   283   116   352 0.83 -
Pdum_DN88503_c2_g2_i1:26-283     -             86 367551at33208        -            388   7.5e-16   56.1   0.1   1   1   1.2e-17   8.8e-16   55.9   0.1     9    53    41    85    33    86 0.95 -
Pdum_DN79265_c1_g2_i1:2459-2989  -            177 367551at33208        -            388   2.3e-14   51.2   0.1   1   1   3.6e-16   2.6e-14   51.1   0.1     9   136    42   177    31   177 0.87 -
Pdum_DN90808_c2_g1_i5:29-1042    -            338 367551at33208        -            388   2.9e-12   44.3   0.1   1   2    0.0053      0.38    7.7   0.0    14    50     7    43     2   109 0.80 -
Pdum_DN90808_c2_g1_i5:29-1042    -            338 367551at33208        -            388   2.9e-12   44.3   0.1   2   2   3.2e-11   2.3e-09   34.8   0.0   195   320   198   329   169   335 0.85 -
Pdum_DN82890_c0_g1_i3:14-271     -             86 367551at33208        -            388   3.9e-11   40.6   0.2   1   1   6.4e-13   4.6e-11   40.4   0.2     8    50    44    86    37    86 0.94 -
Pdum_DN83663_c0_g1_i2:1838-2830  -            331 367551at33208        -            388   1.1e-10   39.1   0.0   1   1   5.6e-12     4e-10   37.3   0.0    16   318    18   325    12   330 0.68 -
Pdum_DN81908_c1_g1_i2:745-1948   -            388 367551at33208        -            388   3.6e-10   37.4   0.1   1   1   3.6e-11   2.6e-09   34.6   0.1    18   343     9   349     4   369 0.70 -
Pdum_DN84328_c0_g1_i2:1130-2086  -            319 367551at33208        -            388   1.3e-07   29.0   0.0   1   1   2.9e-09   2.1e-07   28.3   0.0   215   338    15   143     2   159 0.88 -
Pdum_DN64287_c0_g2_i3:929-2215   -            429 367551at33208        -            388   3.6e-07   27.5   0.0   1   2    0.0063      0.45    7.5   0.0    17   138    25   157    15   164 0.76 -
Pdum_DN64287_c0_g2_i3:929-2215   -            429 367551at33208        -            388   3.6e-07   27.5   0.0   2   2   4.1e-06   0.00029   18.0   0.0   200   328   231   373   220   389 0.71 -
Pdum_DN66806_c0_g2_i2:1112-2254  -            381 367551at33208        -            388   5.9e-07   26.8   0.0   1   1   1.5e-08     1e-06   26.0   0.0   254   342   254   351   246   361 0.78 -
Pdum_DN80116_c1_g2_i14:1736-2950 -            405 367551at33208        -            388   6.2e-07   26.8   0.0   1   1   4.5e-08   3.2e-06   24.4   0.0    18   329     8   355     1   385 0.69 -
Pdum_DN83806_c0_g2_i5:2999-4324  -            442 367551at33208        -            388   8.6e-07   26.3   0.0   1   2     0.007       0.5    7.3   0.0    16    50    22    57    13    72 0.87 -
Pdum_DN83806_c0_g2_i5:2999-4324  -            442 367551at33208        -            388   8.6e-07   26.3   0.0   2   2   8.5e-06   0.00061   16.9   0.0   271   340   305   374   253   417 0.78 -
Pdum_DN76531_c2_g1_i1:1156-2466  -            437 367551at33208        -            388   2.5e-06   24.8   0.0   1   2      0.31        22    1.9   0.0    27    62    32    68    20    78 0.82 -
Pdum_DN76531_c2_g1_i1:1156-2466  -            437 367551at33208        -            388   2.5e-06   24.8   0.0   2   2   7.6e-07   5.4e-05   20.4   0.0   270   327   329   385   309   415 0.84 -
Pdum_DN70154_c0_g2_i7:1414-2820  -            469 367551at33208        -            388   4.6e-06   23.9   0.1   1   3       1.9   1.3e+02   -0.7   0.0    13    47    18    52    13    82 0.79 -
Pdum_DN70154_c0_g2_i7:1414-2820  -            469 367551at33208        -            388   4.6e-06   23.9   0.1   2   3        10   7.1e+02   -3.1   0.0   148   177   200   231   157   243 0.59 -
Pdum_DN70154_c0_g2_i7:1414-2820  -            469 367551at33208        -            388   4.6e-06   23.9   0.1   3   3   4.3e-07   3.1e-05   21.2   0.0   270   322   349   401   332   413 0.88 -
Pdum_DN67100_c0_g4_i4:537-2051   -            478 367551at33208        -            388   1.1e-05   22.6   0.0   1   1   4.1e-07   2.9e-05   21.3   0.0   272   326   260   314   250   332 0.88 -
Pdum_DN81712_c0_g4_i1:1165-2490  -            442 367551at33208        -            388     2e-05   21.8   0.0   1   1   1.4e-06   9.7e-05   19.5   0.0   109   323    89   341    72   369 0.52 -
Pdum_DN63641_c0_g1_i1:1528-2619  -            364 367551at33208        -            388   4.6e-05   20.6   0.0   1   1   1.1e-06   8.1e-05   19.8   0.0   254   314   218   283   208   313 0.80 -
Pdum_DN73023_c4_g3_i2:396-1655   -            420 367551at33208        -            388   4.7e-05   20.6   0.1   1   2     0.067       4.8    4.1   0.0   114   172   114   178    87   250 0.85 -
Pdum_DN73023_c4_g3_i2:396-1655   -            420 367551at33208        -            388   4.7e-05   20.6   0.1   2   2   5.9e-05    0.0042   14.2   0.0   271   338   300   366   286   382 0.81 -
Pdum_DN87660_c0_g1_i5:870-1892   -            341 367551at33208        -            388   5.2e-05   20.4   0.1   1   2      0.74        53    0.6   0.0   123   155   119   153    16   204 0.61 -
Pdum_DN87660_c0_g1_i5:870-1892   -            341 367551at33208        -            388   5.2e-05   20.4   0.1   2   2   5.8e-06   0.00042   17.4   0.0   271   316   296   341   268   341 0.84 -
Pdum_DN67467_c0_g1_i1:1429-2220  -            264 367551at33208        -            388   0.00076   16.6   0.0   1   1   1.3e-05   0.00097   16.2   0.0   268   328   160   220   139   254 0.80 -
Pdum_DN70408_c1_g2_i1:827-2041   -            405 367551at33208        -            388    0.0015   15.6   0.0   1   2       1.1        79    0.1   0.0    21   169    25   189    19   212 0.50 -
Pdum_DN70408_c1_g2_i1:827-2041   -            405 367551at33208        -            388    0.0015   15.6   0.0   2   2   0.00013    0.0092   13.0   0.0   274   325   315   366   308   393 0.85 -
Pdum_DN72561_c0_g1_i2:626-1912   -            429 367551at33208        -            388     0.002   15.2   0.0   1   2       1.7   1.2e+02   -0.5   0.0    16    65    17    68    14    92 0.71 -
Pdum_DN72561_c0_g1_i2:626-1912   -            429 367551at33208        -            388     0.002   15.2   0.0   2   2   0.00015     0.011   12.8   0.0   272   336   320   383   300   403 0.80 -
Pdum_DN69090_c3_g1_i1:2467-3987  -            507 367551at33208        -            388     0.003   14.6   0.0   1   2       9.8     7e+02   -3.0   0.0    27    45    18    36     7    41 0.77 -
Pdum_DN69090_c3_g1_i1:2467-3987  -            507 367551at33208        -            388     0.003   14.6   0.0   2   2   0.00014      0.01   12.9   0.0   271   325   288   342   261   375 0.88 -
Pdum_DN90319_c2_g1_i1:4067-6928  -            954 367551at33208        -            388    0.0034   14.5   0.3   1   1   0.00011    0.0078   13.3   0.3   221   349   814   947   788   950 0.79 -
Pdum_DN81908_c1_g1_i2:1568-2032  -            155 367551at33208        -            388    0.0096   13.0   0.1   1   1   0.00019     0.014   12.5   0.1    18    76    37    97    29   154 0.70 -
Pdum_DN90736_c0_g1_i1:47-1906    -            620 367551at33208        -            388     0.044   10.8   0.0   1   1     0.001     0.073   10.1   0.0   100   142   112   155   107   166 0.88 -
#
# Program:         hmmsearch
# Version:         3.1b2 (February 2015)
# Pipeline mode:   SEARCH
# Query file:      /mnt/f/phylo/WORMS/busco_analysis/busco_downloads/lineages/metazoa_odb10/hmms/367551at33208.hmm
# Target file:     /mnt/f/phylo/WORMS/busco_analysis/metazoa_lineage_result/run_metazoa_odb10/metaeuk_output/initial_results/Platynereis_ref.eggnog_filter.nucl.fasta.modified.fas
# Option settings: hmmsearch --domtblout /mnt/f/phylo/WORMS/busco_analysis/metazoa_lineage_result/run_metazoa_odb10/hmmer_output/initial_run_results/367551at33208.out --cpu 1 /mnt/f/phylo/WORMS/busco_analysis/busco_downloads/lineages/metazoa_odb10/hmms/367551at33208.hmm /mnt/f/phylo/WORMS/busco_analysis/metazoa_lineage_result/run_metazoa_odb10/metaeuk_output/initial_results/Platynereis_ref.eggnog_filter.nucl.fasta.modified.fas 
# Current dir:     /mnt/f/phylo/WORMS/busco_analysis
# Date:            Sun Mar 12 20:42:11 2023
# [ok]
