#                                                                                       --- full sequence --- -------------- this domain -------------   hmm coord   ali coord   env coord
# target name                   accession   tlen query name           accession   qlen   E-value  score  bias   #  of  c-Evalue  i-Evalue  score  bias  from    to  from    to  from    to  acc description of target
#           ------------------- ---------- ----- -------------------- ---------- ----- --------- ------ ----- --- --- --------- --------- ------ ----- ----- ----- ----- ----- ----- ----- ---- ---------------------
Pdum_DN82317_c0_g1_i1:244-1071  -            276 389570at33208        -            323  2.5e-100  333.6   1.6   1   1  1.7e-102   2.2e-99  330.5   1.6   103   322     1   260     1   261 0.88 -
Pdum_DN82709_c0_g1_i9:1122-1913 -            264 389570at33208        -            323   5.5e-18   63.0   0.4   1   3   3.8e-05     0.052   10.5   0.0    24    77    13    68     8    75 0.85 -
Pdum_DN82709_c0_g1_i9:1122-1913 -            264 389570at33208        -            323   5.5e-18   63.0   0.4   2   3   3.7e-07   0.00049   17.2   0.0    78   125   111   165   103   172 0.80 -
Pdum_DN82709_c0_g1_i9:1122-1913 -            264 389570at33208        -            323   5.5e-18   63.0   0.4   3   3     1e-11   1.4e-08   32.1   0.1   160   235   184   264   176   264 0.86 -
Pdum_DN84375_c0_g1_i4:38-1246   -            403 389570at33208        -            323   4.3e-14   50.2   0.4   1   3      0.64   8.6e+02   -3.4   0.0    14    35    38    59    33    68 0.75 -
Pdum_DN84375_c0_g1_i4:38-1246   -            403 389570at33208        -            323   4.3e-14   50.2   0.4   2   3      0.11   1.4e+02   -0.8   0.0   100   124   148   172   140   202 0.85 -
Pdum_DN84375_c0_g1_i4:38-1246   -            403 389570at33208        -            323   4.3e-14   50.2   0.4   3   3   1.6e-16   2.1e-13   47.9   0.0   221   316   271   381   265   388 0.79 -
#
# Program:         hmmsearch
# Version:         3.1b2 (February 2015)
# Pipeline mode:   SEARCH
# Query file:      /mnt/f/phylo/WORMS/busco_analysis/busco_downloads/lineages/metazoa_odb10/hmms/389570at33208.hmm
# Target file:     /mnt/f/phylo/WORMS/busco_analysis/metazoa_lineage_result/run_metazoa_odb10/metaeuk_output/initial_results/Platynereis_ref.eggnog_filter.nucl.fasta.modified.fas
# Option settings: hmmsearch --domtblout /mnt/f/phylo/WORMS/busco_analysis/metazoa_lineage_result/run_metazoa_odb10/hmmer_output/initial_run_results/389570at33208.out --cpu 1 /mnt/f/phylo/WORMS/busco_analysis/busco_downloads/lineages/metazoa_odb10/hmms/389570at33208.hmm /mnt/f/phylo/WORMS/busco_analysis/metazoa_lineage_result/run_metazoa_odb10/metaeuk_output/initial_results/Platynereis_ref.eggnog_filter.nucl.fasta.modified.fas 
# Current dir:     /mnt/f/phylo/WORMS/busco_analysis
# Date:            Sun Mar 12 20:42:13 2023
# [ok]
