#                                                                                        --- full sequence --- -------------- this domain -------------   hmm coord   ali coord   env coord
# target name                    accession   tlen query name           accession   qlen   E-value  score  bias   #  of  c-Evalue  i-Evalue  score  bias  from    to  from    to  from    to  acc description of target
#            ------------------- ---------- ----- -------------------- ---------- ----- --------- ------ ----- --- --- --------- --------- ------ ----- ----- ----- ----- ----- ----- ----- ---- ---------------------
Pdum_DN66493_c0_g1_i1:720-1655   -            312 398013at33208        -            280  2.9e-146  483.8   0.0   1   1  1.1e-147  3.4e-146  483.6   0.0     1   280     2   309     2   309 0.95 -
Pdum_DN87134_c2_g1_i3:1621-2460  -            280 398013at33208        -            280   2.9e-22   77.0  12.2   1   6     0.002     0.061   10.3   0.1   109   136    10    37     1    47 0.72 -
Pdum_DN87134_c2_g1_i3:1621-2460  -            280 398013at33208        -            280   2.9e-22   77.0  12.2   2   6   0.00035     0.011   12.8   0.1    97   132    41    75    35    84 0.80 -
Pdum_DN87134_c2_g1_i3:1621-2460  -            280 398013at33208        -            280   2.9e-22   77.0  12.2   3   6   5.5e-06   0.00017   18.7   0.1    98   144    88   133    83   142 0.79 -
Pdum_DN87134_c2_g1_i3:1621-2460  -            280 398013at33208        -            280   2.9e-22   77.0  12.2   4   6    0.0016     0.049   10.6   0.1    98   133   128   161   124   175 0.70 -
Pdum_DN87134_c2_g1_i3:1621-2460  -            280 398013at33208        -            280   2.9e-22   77.0  12.2   5   6     3e-05   0.00091   16.3   0.1    96   138   165   206   158   213 0.82 -
Pdum_DN87134_c2_g1_i3:1621-2460  -            280 398013at33208        -            280   2.9e-22   77.0  12.2   6   6   7.8e-05    0.0023   15.0   0.1    76   127   230   280   216   280 0.85 -
Pdum_DN80129_c0_g2_i7:710-1570   -            287 398013at33208        -            280   2.6e-21   73.9   0.9   1   1   3.2e-22   9.6e-21   72.0   0.9    20   251     5   254     2   283 0.81 -
Pdum_DN79110_c0_g1_i7:340-1365   -            342 398013at33208        -            280   1.4e-20   71.5   1.0   1   4     0.069       2.1    5.3   0.0   221   247    56    82    44    87 0.84 -
Pdum_DN79110_c0_g1_i7:340-1365   -            342 398013at33208        -            280   1.4e-20   71.5   1.0   2   4    0.0044      0.13    9.2   0.0    16    51    90   125    85   134 0.86 -
Pdum_DN79110_c0_g1_i7:340-1365   -            342 398013at33208        -            280   1.4e-20   71.5   1.0   3   4   6.9e-13   2.1e-11   41.4   0.1    20   130   136   251   125   261 0.81 -
Pdum_DN79110_c0_g1_i7:340-1365   -            342 398013at33208        -            280   1.4e-20   71.5   1.0   4   4    0.0014     0.042   10.8   0.0   208   278   259   338   253   340 0.75 -
Pdum_DN72920_c0_g1_i5:770-1675   -            302 398013at33208        -            280   1.9e-20   71.0   4.7   1   3   5.2e-15   1.6e-13   48.3   0.3    77   247    36   218    27   223 0.80 -
Pdum_DN72920_c0_g1_i5:770-1675   -            302 398013at33208        -            280   1.9e-20   71.0   4.7   2   3   0.00095     0.029   11.4   0.0    98   133   227   263   223   267 0.68 -
Pdum_DN72920_c0_g1_i5:770-1675   -            302 398013at33208        -            280   1.9e-20   71.0   4.7   3   3   0.00096     0.029   11.4   0.1    13    49   264   300   260   301 0.92 -
Pdum_DN82012_c2_g2_i1:484-1302   -            273 398013at33208        -            280   6.1e-20   69.4   5.9   1   4     0.048       1.4    5.8   0.0   112   133    15    36     2    41 0.67 -
Pdum_DN82012_c2_g2_i1:484-1302   -            273 398013at33208        -            280   6.1e-20   69.4   5.9   2   4     8e-09   2.4e-07   28.0   0.1    74   167    18   110    12   113 0.86 -
Pdum_DN82012_c2_g2_i1:484-1302   -            273 398013at33208        -            280   6.1e-20   69.4   5.9   3   4   3.8e-07   1.2e-05   22.5   0.1    93   135   117   158   111   167 0.81 -
Pdum_DN82012_c2_g2_i1:484-1302   -            273 398013at33208        -            280   6.1e-20   69.4   5.9   4   4   4.2e-05    0.0013   15.8   0.3   102   170   165   236   157   239 0.76 -
Pdum_DN78086_c1_g1_i5:2830-3705  -            292 398013at33208        -            280   1.1e-19   68.6   0.1   1   4     0.064       1.9    5.4   0.0   112   130    19    37    10    41 0.86 -
Pdum_DN78086_c1_g1_i5:2830-3705  -            292 398013at33208        -            280   1.1e-19   68.6   0.1   2   4   5.8e-07   1.7e-05   21.9   0.0    96   169    44   121    39   124 0.79 -
Pdum_DN78086_c1_g1_i5:2830-3705  -            292 398013at33208        -            280   1.1e-19   68.6   0.1   3   4    0.0001    0.0032   14.5   0.0    96   132   129   166   124   191 0.77 -
Pdum_DN78086_c1_g1_i5:2830-3705  -            292 398013at33208        -            280   1.1e-19   68.6   0.1   4   4   7.5e-06   0.00023   18.3   0.0    98   210   173   288   166   291 0.83 -
Pdum_DN78454_c0_g1_i4:576-2111   -            512 398013at33208        -            280     1e-18   65.3   0.9   1   2   1.6e-05   0.00048   17.2   0.0   222   270   220   266   210   270 0.76 -
Pdum_DN78454_c0_g1_i4:576-2111   -            512 398013at33208        -            280     1e-18   65.3   0.9   2   2   1.2e-14   3.5e-13   47.2   0.5    20   141   264   390   252   399 0.85 -
Pdum_DN73138_c0_g1_i1:392-1264   -            291 398013at33208        -            280     1e-18   65.3   0.4   1   1   6.9e-20   2.1e-18   64.3   0.4    20   248    10   253     1   288 0.80 -
Pdum_DN78854_c0_g1_i1:1579-2349  -            257 398013at33208        -            280   1.3e-18   65.0   3.0   1   1   1.9e-19   5.7e-18   62.9   3.0    20   248     3   245     1   254 0.80 -
Pdum_DN77740_c0_g3_i3:100-1476   -            459 398013at33208        -            280   1.6e-18   64.7   0.1   1   4    0.0023     0.069   10.1   0.0    92   132   141   182   134   195 0.83 -
Pdum_DN77740_c0_g3_i3:100-1476   -            459 398013at33208        -            280   1.6e-18   64.7   0.1   2   4   2.5e-07   7.4e-06   23.2   0.1    79   146   212   280   200   284 0.88 -
Pdum_DN77740_c0_g3_i3:100-1476   -            459 398013at33208        -            280   1.6e-18   64.7   0.1   3   4   9.2e-05    0.0028   14.7   0.0    93   146   268   322   265   336 0.77 -
Pdum_DN77740_c0_g3_i3:100-1476   -            459 398013at33208        -            280   1.6e-18   64.7   0.1   4   4   0.00019    0.0059   13.7   0.0    80   160   338   417   328   435 0.87 -
Pdum_DN74150_c0_g1_i3:157-2955   -            933 398013at33208        -            280   1.6e-17   61.4  10.0   1   5   1.5e-08   4.5e-07   27.2   0.1    14   130   101   222    74   241 0.84 -
Pdum_DN74150_c0_g1_i3:157-2955   -            933 398013at33208        -            280   1.6e-17   61.4  10.0   2   5      0.63        19    2.1   0.4    13    95   266   347   256   368 0.82 -
Pdum_DN74150_c0_g1_i3:157-2955   -            933 398013at33208        -            280   1.6e-17   61.4  10.0   3   5      0.13       3.9    4.4   0.0   183   244   408   473   402   481 0.61 -
Pdum_DN74150_c0_g1_i3:157-2955   -            933 398013at33208        -            280   1.6e-17   61.4  10.0   4   5     0.019      0.57    7.1   0.0    97   129   484   517   477   530 0.83 -
Pdum_DN74150_c0_g1_i3:157-2955   -            933 398013at33208        -            280   1.6e-17   61.4  10.0   5   5   5.3e-06   0.00016   18.8   0.2    71   205   555   692   524   696 0.77 -
Pdum_DN87680_c1_g3_i1:3327-4124  -            266 398013at33208        -            280   1.7e-17   61.4   5.5   1   4   6.1e-08   1.8e-06   25.1   0.3    72   146    20    95     9    97 0.85 -
Pdum_DN87680_c1_g3_i1:3327-4124  -            266 398013at33208        -            280   1.7e-17   61.4   5.5   2   4   2.9e-10   8.7e-09   32.8   0.5    20   144    48   177    48   192 0.86 -
Pdum_DN87680_c1_g3_i1:3327-4124  -            266 398013at33208        -            280   1.7e-17   61.4   5.5   3   4      0.01       0.3    8.0   0.1   114   133   209   228   205   233 0.87 -
Pdum_DN87680_c1_g3_i1:3327-4124  -            266 398013at33208        -            280   1.7e-17   61.4   5.5   4   4    0.0084      0.25    8.3   0.0    98   129   234   266   228   266 0.72 -
Pdum_DN90586_c2_g3_i4:2166-2804  -            213 398013at33208        -            280   2.3e-17   60.9   0.0   1   3   5.8e-11   1.7e-09   35.1   0.0    18   133     7   128     2   132 0.85 -
Pdum_DN90586_c2_g3_i4:2166-2804  -            213 398013at33208        -            280   2.3e-17   60.9   0.0   2   3    0.0022     0.065   10.2   0.0    16    49   132   165   126   169 0.80 -
Pdum_DN90586_c2_g3_i4:2166-2804  -            213 398013at33208        -            280   2.3e-17   60.9   0.0   3   3    0.0002    0.0061   13.6   0.0    83   132   161   211   158   212 0.81 -
Pdum_DN85045_c0_g1_i5:248-835    -            196 398013at33208        -            280   2.9e-17   60.6   0.0   1   2   4.1e-15   1.2e-13   48.7   0.0    25   169     5   156     2   160 0.81 -
Pdum_DN85045_c0_g1_i5:248-835    -            196 398013at33208        -            280   2.9e-17   60.6   0.0   2   2    0.0059      0.18    8.8   0.0    93   127   161   196   157   196 0.86 -
Pdum_DN80927_c0_g1_i1:489-1964   -            492 398013at33208        -            280   4.4e-17   60.0   2.7   1   5     0.028      0.85    6.6   0.0    97   131   145   180   134   195 0.82 -
Pdum_DN80927_c0_g1_i1:489-1964   -            492 398013at33208        -            280   4.4e-17   60.0   2.7   2   5      0.37        11    2.9   0.0   225   254   212   241   204   255 0.82 -
Pdum_DN80927_c0_g1_i1:489-1964   -            492 398013at33208        -            280   4.4e-17   60.0   2.7   3   5   2.3e-07   6.9e-06   23.3   0.2    23   143   247   371   242   381 0.78 -
Pdum_DN80927_c0_g1_i1:489-1964   -            492 398013at33208        -            280   4.4e-17   60.0   2.7   4   5    0.0083      0.25    8.3   0.0   114   146   393   425   389   427 0.89 -
Pdum_DN80927_c0_g1_i1:489-1964   -            492 398013at33208        -            280   4.4e-17   60.0   2.7   5   5   0.00027     0.008   13.2   0.0   222   246   426   450   423   458 0.88 -
Pdum_DN88256_c0_g1_i4:512-2926   -            805 398013at33208        -            280   3.5e-16   57.0   7.9   1   5   1.9e-05   0.00058   16.9   0.1    13   140    49   184    38   209 0.77 -
Pdum_DN88256_c0_g1_i4:512-2926   -            805 398013at33208        -            280   3.5e-16   57.0   7.9   2   5    0.0084      0.25    8.3   0.2    13    54   375   416   359   442 0.71 -
Pdum_DN88256_c0_g1_i4:512-2926   -            805 398013at33208        -            280   3.5e-16   57.0   7.9   3   5     0.058       1.7    5.5   0.0    98   142   479   524   475   533 0.74 -
Pdum_DN88256_c0_g1_i4:512-2926   -            805 398013at33208        -            280   3.5e-16   57.0   7.9   4   5   1.3e-06     4e-05   20.8   0.0    56   143   523   609   516   615 0.76 -
Pdum_DN88256_c0_g1_i4:512-2926   -            805 398013at33208        -            280   3.5e-16   57.0   7.9   5   5       1.7        50    0.8   0.0    19    48   606   635   600   643 0.67 -
Pdum_DN92078_c7_g2_i1:2888-3787  -            300 398013at33208        -            280   4.8e-16   56.6   0.6   1   2   3.4e-15     1e-13   49.0   0.4    29   249     4   240     2   247 0.80 -
Pdum_DN92078_c7_g2_i1:2888-3787  -            300 398013at33208        -            280   4.8e-16   56.6   0.6   2   2       2.4        72    0.2   0.0   144   245   255   279   240   289 0.58 -
Pdum_DN83588_c0_g2_i13:1293-2279 -            329 398013at33208        -            280   6.9e-16   56.1   0.0   1   2   9.7e-11   2.9e-09   34.3   0.1    25   163     8   157     2   197 0.78 -
Pdum_DN83588_c0_g2_i13:1293-2279 -            329 398013at33208        -            280   6.9e-16   56.1   0.0   2   2   0.00012    0.0035   14.4   0.0    97   168   202   276   179   288 0.65 -
Pdum_DN89838_c3_g2_i15:954-1709  -            252 398013at33208        -            280   7.3e-16   56.0   0.2   1   2   1.1e-11   3.3e-10   37.4   0.2    78   249     6   177     1   182 0.78 -
Pdum_DN89838_c3_g2_i15:954-1709  -            252 398013at33208        -            280   7.3e-16   56.0   0.2   2   2   5.3e-05    0.0016   15.5   0.0    90   160   176   250   173   252 0.79 -
Pdum_DN75190_c1_g2_i8:1873-2820  -            316 398013at33208        -            280   7.6e-16   55.9   3.8   1   2   6.2e-06   0.00019   18.6   0.6    78   141    67   130    43   156 0.72 -
Pdum_DN75190_c1_g2_i8:1873-2820  -            316 398013at33208        -            280   7.6e-16   55.9   3.8   2   2   7.9e-11   2.4e-09   34.6   0.4    34   169   141   280   136   288 0.77 -
Pdum_DN83588_c0_g2_i13:1452-2396 -            315 398013at33208        -            280   7.7e-16   55.9   0.5   1   3         8   2.4e+02   -1.5   0.1    26   127     6    26     2    31 0.52 -
Pdum_DN83588_c0_g2_i13:1452-2396 -            315 398013at33208        -            280   7.7e-16   55.9   0.5   2   3    0.0002    0.0061   13.6   0.0    13    52    78   117    71   120 0.86 -
Pdum_DN83588_c0_g2_i13:1452-2396 -            315 398013at33208        -            280   7.7e-16   55.9   0.5   3   3   0.00025    0.0074   13.3   0.0    96   167   240   314   217   315 0.67 -
Pdum_DN79208_c0_g1_i2:96-1031    -            312 398013at33208        -            280   2.1e-15   54.5   0.1   1   3   7.3e-10   2.2e-08   31.4   0.0   112   275     7   190     3   195 0.71 -
Pdum_DN79208_c0_g1_i2:96-1031    -            312 398013at33208        -            280   2.1e-15   54.5   0.1   2   3     0.042       1.3    6.0   0.0   218   246   217   245   203   253 0.86 -
Pdum_DN79208_c0_g1_i2:96-1031    -            312 398013at33208        -            280   2.1e-15   54.5   0.1   3   3    0.0048      0.15    9.1   0.0   221   249   263   291   249   295 0.87 -
Pdum_DN84798_c1_g2_i5:993-2768   -            592 398013at33208        -            280   2.5e-15   54.3   1.5   1   5     0.055       1.7    5.6   0.0   217   245    49    77    18    85 0.84 -
Pdum_DN84798_c1_g2_i5:993-2768   -            592 398013at33208        -            280   2.5e-15   54.3   1.5   2   5   9.7e-05    0.0029   14.6   0.0    10    54   169   213   167   218 0.90 -
Pdum_DN84798_c1_g2_i5:993-2768   -            592 398013at33208        -            280   2.5e-15   54.3   1.5   3   5      0.13       3.8    4.4   0.1    93   131   302   341   221   348 0.45 -
Pdum_DN84798_c1_g2_i5:993-2768   -            592 398013at33208        -            280   2.5e-15   54.3   1.5   4   5    0.0002    0.0061   13.6   0.1    97   244   349   503   345   507 0.74 -
Pdum_DN84798_c1_g2_i5:993-2768   -            592 398013at33208        -            280   2.5e-15   54.3   1.5   5   5     0.021      0.63    7.0   0.0   213   246   516   549   507   557 0.81 -
Pdum_DN87342_c0_g1_i8:5-2425     -            807 398013at33208        -            280   2.8e-15   54.1   0.7   1   3     0.028      0.85    6.6   0.0   120   251    34   179    19   185 0.65 -
Pdum_DN87342_c0_g1_i8:5-2425     -            807 398013at33208        -            280   2.8e-15   54.1   0.7   2   3   3.9e-05    0.0012   16.0   0.0   183   246   348   408   339   415 0.67 -
Pdum_DN87342_c0_g1_i8:5-2425     -            807 398013at33208        -            280   2.8e-15   54.1   0.7   3   3     5e-07   1.5e-05   22.2   0.0    16   169   416   578   414   599 0.70 -
Pdum_DN74384_c0_g2_i2:99-1367    -            423 398013at33208        -            280   5.1e-15   53.2   1.8   1   5    0.0019     0.057   10.4   0.0   227   256   113   142   105   150 0.81 -
Pdum_DN74384_c0_g2_i2:99-1367    -            423 398013at33208        -            280   5.1e-15   53.2   1.8   2   5       1.8        55    0.6   0.0   228   255   161   187   157   194 0.58 -
Pdum_DN74384_c0_g2_i2:99-1367    -            423 398013at33208        -            280   5.1e-15   53.2   1.8   3   5       1.2        37    1.2   0.0    96   127   190   222   179   236 0.77 -
Pdum_DN74384_c0_g2_i2:99-1367    -            423 398013at33208        -            280   5.1e-15   53.2   1.8   4   5   6.3e-07   1.9e-05   21.8   0.0    96   173   258   336   252   350 0.77 -
Pdum_DN74384_c0_g2_i2:99-1367    -            423 398013at33208        -            280   5.1e-15   53.2   1.8   5   5   0.00022    0.0067   13.5   0.0   107   133   355   382   340   398 0.79 -
Pdum_DN76828_c2_g1_i1:4967-5695  -            243 398013at33208        -            280   6.9e-15   52.8   0.2   1   1   4.1e-15   1.3e-13   48.7   0.2    79   209    66   201     8   243 0.79 -
Pdum_DN80498_c1_g1_i1:1987-2589  -            201 398013at33208        -            280   7.7e-15   52.6   0.1   1   1   5.2e-15   1.6e-13   48.3   0.1    79   243    23   201     5   201 0.77 -
Pdum_DN90064_c4_g2_i4:2740-4161  -            474 398013at33208        -            280   3.7e-14   50.4   0.2   1   3       4.7   1.4e+02   -0.7   0.0    91   133   132   176   129   180 0.75 -
Pdum_DN90064_c4_g2_i4:2740-4161  -            474 398013at33208        -            280   3.7e-14   50.4   0.2   2   3      0.74        22    1.9   0.0    96   127   180   212   176   229 0.79 -
Pdum_DN90064_c4_g2_i4:2740-4161  -            474 398013at33208        -            280   3.7e-14   50.4   0.2   3   3   1.2e-13   3.5e-12   43.9   0.1    23   170   270   423   264   430 0.83 -
Pdum_DN84894_c0_g1_i9:97-867     -            257 398013at33208        -            280   3.7e-14   50.4   0.0   1   2   3.8e-05    0.0012   16.0   0.0    75   170    33   132    26   132 0.81 -
Pdum_DN84894_c0_g1_i9:97-867     -            257 398013at33208        -            280   3.7e-14   50.4   0.0   2   2   2.4e-12   7.3e-11   39.6   0.0    79   244    80   256    76   257 0.81 -
Pdum_DN85879_c0_g1_i1:230-808    -            193 398013at33208        -            280   7.5e-14   49.4   0.0   1   2     6e-08   1.8e-06   25.2   0.0    90   146    23    80     7    85 0.84 -
Pdum_DN85879_c0_g1_i1:230-808    -            193 398013at33208        -            280   7.5e-14   49.4   0.0   2   2   5.2e-06   0.00016   18.8   0.0   111   206    87   191    81   193 0.70 -
Pdum_DN90581_c4_g3_i1:18-467     -            150 398013at33208        -            280   1.6e-13   48.3   0.9   1   3   2.7e-07   8.1e-06   23.0   0.3   112   185     8    86     3    87 0.79 -
Pdum_DN90581_c4_g3_i1:18-467     -            150 398013at33208        -            280   1.6e-13   48.3   0.9   2   3   2.5e-05   0.00076   16.6   0.0   221   250    87   116    77   117 0.85 -
Pdum_DN90581_c4_g3_i1:18-467     -            150 398013at33208        -            280   1.6e-13   48.3   0.9   3   3     0.068         2    5.3   0.0    11    46   115   150   111   150 0.92 -
Pdum_DN89089_c3_g1_i2:1021-1773  -            251 398013at33208        -            280   3.7e-13   47.1   0.0   1   1   4.4e-13   1.3e-11   42.0   0.0    79   210    75   210     1   216 0.73 -
Pdum_DN91072_c6_g2_i4:11-988     -            326 398013at33208        -            280   4.2e-13   46.9   1.3   1   3   0.00071     0.022   11.8   0.3    72   143    46   119    13   129 0.76 -
Pdum_DN91072_c6_g2_i4:11-988     -            326 398013at33208        -            280   4.2e-13   46.9   1.3   2   3   6.1e-06   0.00018   18.6   0.2    19   142    74   209    71   210 0.72 -
Pdum_DN91072_c6_g2_i4:11-988     -            326 398013at33208        -            280   4.2e-13   46.9   1.3   3   3   7.4e-09   2.2e-07   28.1   0.1    16   183   113   296   110   324 0.68 -
Pdum_DN75461_c3_g1_i3:3415-4074  -            220 398013at33208        -            280   5.9e-13   46.4   1.6   1   2     7e-05    0.0021   15.1   0.1    96   136    10    50     4    65 0.83 -
Pdum_DN75461_c3_g1_i3:3415-4074  -            220 398013at33208        -            280   5.9e-13   46.4   1.6   2   2   2.5e-07   7.6e-06   23.1   0.2   108   243    63   220    53   220 0.71 -
Pdum_DN63925_c0_g1_i1:119-1006   -            296 398013at33208        -            280   6.5e-13   46.3   0.6   1   2    0.0007     0.021   11.8   0.0    98   141    34    78    29    88 0.83 -
Pdum_DN63925_c0_g1_i1:119-1006   -            296 398013at33208        -            280   6.5e-13   46.3   0.6   2   2   3.6e-10   1.1e-08   32.4   0.1    75   247    93   274    86   291 0.75 -
Pdum_DN88147_c0_g1_i1:430-1308   -            293 398013at33208        -            280   1.7e-12   44.9   0.3   1   2     0.095       2.9    4.8   0.0     9    53    15    61     8    75 0.79 -
Pdum_DN88147_c0_g1_i1:430-1308   -            293 398013at33208        -            280   1.7e-12   44.9   0.3   2   2     2e-11   6.1e-10   36.6   0.1     7   189    97   290    91   293 0.80 -
Pdum_DN87178_c0_g1_i10:2619-3539 -            307 398013at33208        -            280   3.6e-12   43.9   0.2   1   4     0.095       2.9    4.8   0.0   109   130     1    22     1    37 0.87 -
Pdum_DN87178_c0_g1_i10:2619-3539 -            307 398013at33208        -            280   3.6e-12   43.9   0.2   2   4   0.00023    0.0069   13.4   0.0    93   133    37    78    27    91 0.87 -
Pdum_DN87178_c0_g1_i10:2619-3539 -            307 398013at33208        -            280   3.6e-12   43.9   0.2   3   4      0.34        10    3.0   0.0    98   130    95   128    87   147 0.79 -
Pdum_DN87178_c0_g1_i10:2619-3539 -            307 398013at33208        -            280   3.6e-12   43.9   0.2   4   4   1.2e-05   0.00036   17.6   0.1    78   136   212   271   192   298 0.85 -
Pdum_DN83552_c2_g1_i4:337-1659   -            441 398013at33208        -            280   9.9e-12   42.4   0.1   1   3   0.00029    0.0086   13.1   0.0    90   169    55   138    41   155 0.75 -
Pdum_DN83552_c2_g1_i4:337-1659   -            441 398013at33208        -            280   9.9e-12   42.4   0.1   2   3   2.7e-06   8.3e-05   19.7   0.1    16   139   191   320   185   326 0.81 -
Pdum_DN83552_c2_g1_i4:337-1659   -            441 398013at33208        -            280   9.9e-12   42.4   0.1   3   3     0.054       1.6    5.6   0.0   223   253   330   361   319   373 0.74 -
Pdum_DN83656_c0_g1_i2:2236-2991  -            252 398013at33208        -            280   1.4e-11   42.0   0.2   1   3   0.00037     0.011   12.7   0.0    95   143     3    50     1    58 0.83 -
Pdum_DN83656_c0_g1_i2:2236-2991  -            252 398013at33208        -            280   1.4e-11   42.0   0.2   2   3   0.00086     0.026   11.5   0.0    78   128    83   134    68   139 0.86 -
Pdum_DN83656_c0_g1_i2:2236-2991  -            252 398013at33208        -            280   1.4e-11   42.0   0.2   3   3   0.00037     0.011   12.7   0.0    93   162   140   209   135   251 0.81 -
Pdum_DN73512_c4_g2_i3:726-1661   -            312 398013at33208        -            280   3.6e-11   40.6   0.1   1   2    0.0046      0.14    9.1   0.0    93   169    53   131    39   139 0.65 -
Pdum_DN73512_c4_g2_i3:726-1661   -            312 398013at33208        -            280   3.6e-11   40.6   0.1   2   2   2.2e-08   6.7e-07   26.6   0.0    95   246   139   297   132   308 0.66 -
Pdum_DN66770_c0_g1_i1:157-1065   -            303 398013at33208        -            280   8.4e-11   39.4   1.6   1   4   0.00026     0.008   13.2   0.1    91   168     4    86     2    88 0.77 -
Pdum_DN66770_c0_g1_i1:157-1065   -            303 398013at33208        -            280   8.4e-11   39.4   1.6   2   4     1e-05   0.00031   17.8   0.2    93   244    50   214    43   214 0.79 -
Pdum_DN66770_c0_g1_i1:157-1065   -            303 398013at33208        -            280   8.4e-11   39.4   1.6   3   4      0.11       3.3    4.6   0.0    25    49   191   215   183   233 0.85 -
Pdum_DN66770_c0_g1_i1:157-1065   -            303 398013at33208        -            280   8.4e-11   39.4   1.6   4   4      0.01      0.31    8.0   0.0   221   249   238   266   217   271 0.79 -
Pdum_DN71389_c1_g2_i1:359-1099   -            247 398013at33208        -            280   1.1e-10   39.0   2.7   1   4      0.18       5.5    3.9   0.0   109   138    19    49     3    61 0.69 -
Pdum_DN71389_c1_g2_i1:359-1099   -            247 398013at33208        -            280   1.1e-10   39.0   2.7   2   4    0.0046      0.14    9.1   0.1    98   133    54    90    50   102 0.66 -
Pdum_DN71389_c1_g2_i1:359-1099   -            247 398013at33208        -            280   1.1e-10   39.0   2.7   3   4   1.5e-05   0.00044   17.3   0.0    96   247    94   129    87   142 0.62 -
Pdum_DN71389_c1_g2_i1:359-1099   -            247 398013at33208        -            280   1.1e-10   39.0   2.7   4   4      0.03      0.91    6.5   0.1    18   129   185   217   143   234 0.63 -
Pdum_DN84582_c3_g1_i1:332-1036   -            235 398013at33208        -            280   1.1e-10   38.9   0.4   1   1   2.5e-11   7.7e-10   36.2   0.4    13   166    15   176     9   189 0.77 -
Pdum_DN76096_c0_g1_i2:374-1027   -            218 398013at33208        -            280   2.3e-10   38.0   1.6   1   3       1.5        44    0.9   0.0    19    45    21    47     8    66 0.68 -
Pdum_DN76096_c0_g1_i2:374-1027   -            218 398013at33208        -            280   2.3e-10   38.0   1.6   2   3    0.0016     0.047   10.7   0.1   108   134    86   112    69   150 0.74 -
Pdum_DN76096_c0_g1_i2:374-1027   -            218 398013at33208        -            280   2.3e-10   38.0   1.6   3   3   1.9e-07   5.7e-06   23.5   0.1    93   138   165   211   150   217 0.79 -
Pdum_DN88892_c3_g1_i1:2670-3179  -            170 398013at33208        -            280   5.6e-10   36.7   1.0   1   2     0.097       2.9    4.8   0.0   226   251     4    29     2    47 0.66 -
Pdum_DN88892_c3_g1_i1:2670-3179  -            170 398013at33208        -            280   5.6e-10   36.7   1.0   2   2   3.6e-10   1.1e-08   32.5   0.5    16   133    32   156    24   169 0.78 -
Pdum_DN82224_c0_g1_i1:2783-3526  -            248 398013at33208        -            280     8e-10   36.2   2.0   1   4      0.33       9.9    3.1   0.0    17    51     4    38     1    42 0.80 -
Pdum_DN82224_c0_g1_i1:2783-3526  -            248 398013at33208        -            280     8e-10   36.2   2.0   2   4     0.026      0.78    6.7   0.0    97   138    46    87    38   101 0.82 -
Pdum_DN82224_c0_g1_i1:2783-3526  -            248 398013at33208        -            280     8e-10   36.2   2.0   3   4    0.0013      0.04   10.9   0.1    93   131   111   150    97   169 0.77 -
Pdum_DN82224_c0_g1_i1:2783-3526  -            248 398013at33208        -            280     8e-10   36.2   2.0   4   4    0.0005     0.015   12.3   0.0   202   244   204   247   176   248 0.82 -
Pdum_DN84241_c0_g1_i1:2776-3423  -            216 398013at33208        -            280   1.7e-09   35.1   0.0   1   2    0.0052      0.16    9.0   0.0    13    49     4    40     1    48 0.63 -
Pdum_DN84241_c0_g1_i1:2776-3423  -            216 398013at33208        -            280   1.7e-09   35.1   0.0   2   2     8e-07   2.4e-05   21.5   0.0    14   165    47   210    46   215 0.78 -
Pdum_DN83855_c0_g1_i4:658-1428   -            257 398013at33208        -            280   1.9e-09   34.9   0.1   1   3   0.00067      0.02   11.9   0.0    19    49    40    70    30    76 0.86 -
Pdum_DN83855_c0_g1_i4:658-1428   -            257 398013at33208        -            280   1.9e-09   34.9   0.1   2   3   5.7e-06   0.00017   18.7   0.0   220   268   105   159    88   170 0.76 -
Pdum_DN83855_c0_g1_i4:658-1428   -            257 398013at33208        -            280   1.9e-09   34.9   0.1   3   3       1.2        37    1.2   0.0   108   151   152   195   141   201 0.77 -
Pdum_DN90796_c3_g1_i4:1517-2605  -            363 398013at33208        -            280   2.1e-09   34.8   0.1   1   1   3.2e-10   9.5e-09   32.6   0.0    86   253    78   257    62   267 0.80 -
Pdum_DN90273_c4_g1_i2:3537-4052  -            172 398013at33208        -            280   2.4e-09   34.6   0.7   1   2   0.00037     0.011   12.7   0.2    69   138    62   132     2   138 0.65 -
Pdum_DN90273_c4_g1_i2:3537-4052  -            172 398013at33208        -            280   2.4e-09   34.6   0.7   2   2   1.2e-09   3.6e-08   30.8   0.6    22   129    53   165    46   172 0.80 -
Pdum_DN85054_c1_g3_i7:3145-3996  -            284 398013at33208        -            280   2.6e-09   34.5   0.0   1   3     0.078       2.3    5.1   0.0   223   246    12    35     4    44 0.84 -
Pdum_DN85054_c1_g3_i7:3145-3996  -            284 398013at33208        -            280   2.6e-09   34.5   0.0   2   3    0.0029     0.088    9.8   0.0   191   246    25    83    24    89 0.74 -
Pdum_DN85054_c1_g3_i7:3145-3996  -            284 398013at33208        -            280   2.6e-09   34.5   0.0   3   3   8.8e-06   0.00027   18.1   0.0   207   271   210   283   175   284 0.74 -
Pdum_DN78867_c0_g1_i4:315-983    -            223 398013at33208        -            280     3e-09   34.3   0.0   1   3   5.8e-06   0.00017   18.7   0.0   126   247     1   129     1   143 0.80 -
Pdum_DN78867_c0_g1_i4:315-983    -            223 398013at33208        -            280     3e-09   34.3   0.0   2   3   2.5e-05   0.00076   16.6   0.0   140   213    99   172    62   186 0.78 -
Pdum_DN78867_c0_g1_i4:315-983    -            223 398013at33208        -            280     3e-09   34.3   0.0   3   3    0.0052      0.16    9.0   0.0   223   273   147   202   142   206 0.82 -
Pdum_DN73504_c1_g7_i2:375-1772   -            466 398013at33208        -            280   5.5e-09   33.4   0.9   1   4     0.036       1.1    6.2   0.0   223   249   149   175   135   182 0.79 -
Pdum_DN73504_c1_g7_i2:375-1772   -            466 398013at33208        -            280   5.5e-09   33.4   0.9   2   4   1.9e-05   0.00057   17.0   0.0    19   128   194   308   189   315 0.80 -
Pdum_DN73504_c1_g7_i2:375-1772   -            466 398013at33208        -            280   5.5e-09   33.4   0.9   3   4      0.63        19    2.1   0.0    96   130   316   350   313   365 0.81 -
Pdum_DN73504_c1_g7_i2:375-1772   -            466 398013at33208        -            280   5.5e-09   33.4   0.9   4   4      0.51        15    2.4   0.0   228   245   384   401   367   409 0.83 -
Pdum_DN84903_c4_g3_i8:753-1754   -            334 398013at33208        -            280   7.3e-09   33.0   0.3   1   3     0.022      0.65    6.9   0.0    20    50    56    86    44    95 0.84 -
Pdum_DN84903_c4_g3_i8:753-1754   -            334 398013at33208        -            280   7.3e-09   33.0   0.3   2   3     0.025      0.75    6.7   0.0    97   132    96   131    89   136 0.89 -
Pdum_DN84903_c4_g3_i8:753-1754   -            334 398013at33208        -            280   7.3e-09   33.0   0.3   3   3   6.5e-05     0.002   15.2   0.0    12   147   132   275   128   301 0.69 -
Pdum_DN89990_c3_g2_i4:936-1778   -            281 398013at33208        -            280     9e-09   32.7   0.0   1   3     0.024      0.71    6.8   0.0   112   168     6    66     1    68 0.76 -
Pdum_DN89990_c3_g2_i4:936-1778   -            281 398013at33208        -            280     9e-09   32.7   0.0   2   3   7.3e-06   0.00022   18.3   0.0    90   211    69   195    66   237 0.76 -
Pdum_DN89990_c3_g2_i4:936-1778   -            281 398013at33208        -            280     9e-09   32.7   0.0   3   3       0.2         6    3.8   0.0    93   126   246   280   232   281 0.79 -
Pdum_DN79406_c0_g1_i1:209-1183   -            325 398013at33208        -            280     1e-08   32.5   1.2   1   4    0.0016     0.049   10.6   0.0    73   131    26    84     6   128 0.76 -
Pdum_DN79406_c0_g1_i1:209-1183   -            325 398013at33208        -            280     1e-08   32.5   1.2   2   4       9.2   2.8e+02   -1.7   0.0   222   247   152   177   145   184 0.70 -
Pdum_DN79406_c0_g1_i1:209-1183   -            325 398013at33208        -            280     1e-08   32.5   1.2   3   4   4.9e-05    0.0015   15.6   0.2    18    56   186   224   180   230 0.94 -
Pdum_DN79406_c0_g1_i1:209-1183   -            325 398013at33208        -            280     1e-08   32.5   1.2   4   4       5.6   1.7e+02   -1.0   0.0   223   244   292   313   282   319 0.67 -
Pdum_DN88766_c3_g2_i10:292-717   -            142 398013at33208        -            280   1.2e-08   32.3   0.3   1   2   5.3e-08   1.6e-06   25.3   0.1    66   131    42   108     4   115 0.80 -
Pdum_DN88766_c3_g2_i10:292-717   -            142 398013at33208        -            280   1.2e-08   32.3   0.3   2   2      0.91        28    1.6   0.0    20    42   118   140   113   142 0.83 -
Pdum_DN84814_c0_g2_i1:1505-2083  -            193 398013at33208        -            280   1.7e-08   31.8   0.0   1   3    0.0034       0.1    9.6   0.0   107   167    44   105    23   113 0.72 -
Pdum_DN84814_c0_g2_i1:1505-2083  -            193 398013at33208        -            280   1.7e-08   31.8   0.0   2   3    0.0026     0.079    9.9   0.0    13    50   113   150   108   156 0.88 -
Pdum_DN84814_c0_g2_i1:1505-2083  -            193 398013at33208        -            280   1.7e-08   31.8   0.0   3   3    0.0019     0.056   10.4   0.0    86   129   148   192   143   193 0.83 -
Pdum_DN92345_c8_g1_i1:3879-4793  -            305 398013at33208        -            280   1.9e-08   31.6   0.5   1   5   0.00044     0.013   12.5   0.0   110   173     6    70     2    84 0.80 -
Pdum_DN92345_c8_g1_i1:3879-4793  -            305 398013at33208        -            280   1.9e-08   31.6   0.5   2   5       2.5        75    0.2   0.0   117   132   118   133   102   153 0.74 -
Pdum_DN92345_c8_g1_i1:3879-4793  -            305 398013at33208        -            280   1.9e-08   31.6   0.5   3   5       1.6        47    0.8   0.0   231   271   163   203   155   205 0.84 -
Pdum_DN92345_c8_g1_i1:3879-4793  -            305 398013at33208        -            280   1.9e-08   31.6   0.5   4   5     0.022      0.68    6.9   0.0   108   165   203   263   193   264 0.77 -
Pdum_DN92345_c8_g1_i1:3879-4793  -            305 398013at33208        -            280   1.9e-08   31.6   0.5   5   5    0.0059      0.18    8.8   0.0   107   159   245   298   215   305 0.73 -
Pdum_DN82629_c0_g1_i4:473-2515   -            681 398013at33208        -            280   2.1e-08   31.5   0.2   1   3     0.022      0.65    6.9   0.0   145   209   213   282   199   299 0.76 -
Pdum_DN82629_c0_g1_i4:473-2515   -            681 398013at33208        -            280   2.1e-08   31.5   0.2   2   3   4.4e-06   0.00013   19.0   0.1   109   210   319   434   301   470 0.68 -
Pdum_DN82629_c0_g1_i4:473-2515   -            681 398013at33208        -            280   2.1e-08   31.5   0.2   3   3      0.23       6.9    3.6   0.0   120   175   426   487   421   533 0.75 -
Pdum_DN92615_c3_g1_i3:1432-2112  -            227 398013at33208        -            280   2.7e-08   31.2   0.2   1   3   4.9e-06   0.00015   18.9   0.0    93   130     6    44     2    69 0.84 -
Pdum_DN92615_c3_g1_i3:1432-2112  -            227 398013at33208        -            280   2.7e-08   31.2   0.2   2   3     0.042       1.3    6.0   0.0   110   170   115   180    91   182 0.73 -
Pdum_DN92615_c3_g1_i3:1432-2112  -            227 398013at33208        -            280   2.7e-08   31.2   0.2   3   3      0.64        19    2.1   0.0    96   129   187   220   182   226 0.85 -
Pdum_DN74464_c0_g1_i5:1442-2167  -            242 398013at33208        -            280   2.8e-08   31.1   0.2   1   2     7e-09   2.1e-07   28.2   0.0    20   174     9   182     1   198 0.74 -
Pdum_DN74464_c0_g1_i5:1442-2167  -            242 398013at33208        -            280   2.8e-08   31.1   0.2   2   2         2        60    0.5   0.0   223   246   205   228   188   233 0.76 -
Pdum_DN74356_c1_g1_i1:377-1456   -            360 398013at33208        -            280   2.9e-08   31.1   1.8   1   4      0.02      0.59    7.1   0.0    95   138    40    84     2   158 0.49 -
Pdum_DN74356_c1_g1_i1:377-1456   -            360 398013at33208        -            280   2.9e-08   31.1   1.8   2   4       1.6        48    0.8   0.0   220   244   145   169   132   187 0.66 -
Pdum_DN74356_c1_g1_i1:377-1456   -            360 398013at33208        -            280   2.9e-08   31.1   1.8   3   4     0.015      0.47    7.4   0.0    93   131   178   217   161   237 0.77 -
Pdum_DN74356_c1_g1_i1:377-1456   -            360 398013at33208        -            280   2.9e-08   31.1   1.8   4   4    0.0041      0.12    9.3   0.1    55   156   243   351   237   357 0.69 -
Pdum_DN66431_c0_g1_i1:1561-2364  -            268 398013at33208        -            280   4.8e-08   30.3   0.0   1   2   0.00048     0.014   12.4   0.0    86   165    40   119    19   121 0.67 -
Pdum_DN66431_c0_g1_i1:1561-2364  -            268 398013at33208        -            280   4.8e-08   30.3   0.0   2   2     0.002     0.061   10.3   0.0    70   140   144   213   133   241 0.79 -
Pdum_DN86637_c0_g1_i2:178-705    -            176 398013at33208        -            280   5.4e-08   30.2   0.0   1   1   6.7e-09     2e-07   28.3   0.0   109   209     8   119     4   169 0.62 -
Pdum_DN86522_c0_g3_i4:534-1520   -            329 398013at33208        -            280   6.1e-08   30.0   0.1   1   4       1.7        52    0.7   0.0   226   250    11    35     4    41 0.83 -
Pdum_DN86522_c0_g3_i4:534-1520   -            329 398013at33208        -            280   6.1e-08   30.0   0.1   2   4      0.01      0.31    8.0   0.0   220   246    47    73    36    82 0.86 -
Pdum_DN86522_c0_g3_i4:534-1520   -            329 398013at33208        -            280   6.1e-08   30.0   0.1   3   4     0.029      0.86    6.5   0.0   113   171    97   156    91   188 0.86 -
Pdum_DN86522_c0_g3_i4:534-1520   -            329 398013at33208        -            280   6.1e-08   30.0   0.1   4   4    0.0038      0.11    9.4   0.0     5   128   202   328   194   329 0.81 -
Pdum_DN80657_c0_g1_i8:864-1619   -            252 398013at33208        -            280   9.7e-08   29.3   0.0   1   3   0.00065      0.02   11.9   0.0   204   247    15    63     1    69 0.66 -
Pdum_DN80657_c0_g1_i8:864-1619   -            252 398013at33208        -            280   9.7e-08   29.3   0.0   2   3       7.8   2.4e+02   -1.5   0.0   221   251    79   110    76   135 0.75 -
Pdum_DN80657_c0_g1_i8:864-1619   -            252 398013at33208        -            280   9.7e-08   29.3   0.0   3   3   0.00012    0.0038   14.3   0.0   165   245   145   233   134   243 0.71 -
Pdum_DN80990_c0_g1_i2:150-1607   -            486 398013at33208        -            280   1.4e-07   28.9   0.3   1   1   7.2e-08   2.2e-06   24.9   0.2    18   162   291   447   284   468 0.73 -
Pdum_DN83800_c0_g2_i3:14-562     -            183 398013at33208        -            280   1.9e-07   28.3   0.1   1   3   0.00014    0.0043   14.1   0.0    71   132    33    94    28   110 0.77 -
Pdum_DN83800_c0_g2_i3:14-562     -            183 398013at33208        -            280   1.9e-07   28.3   0.1   2   3     0.062       1.9    5.4   0.0    93   129    96   132    90   140 0.86 -
Pdum_DN83800_c0_g2_i3:14-562     -            183 398013at33208        -            280   1.9e-07   28.3   0.1   3   3     0.029      0.88    6.5   0.0   223   246   151   174   137   182 0.67 -
Pdum_DN65740_c0_g1_i1:159-803    -            215 398013at33208        -            280   2.1e-07   28.2   0.4   1   3   3.3e-05   0.00099   16.2   0.1    80   136    20    76     5    94 0.61 -
Pdum_DN65740_c0_g1_i1:159-803    -            215 398013at33208        -            280   2.1e-07   28.2   0.4   2   3     0.021      0.63    7.0   0.0   223   256   106   139    92   161 0.79 -
Pdum_DN65740_c0_g1_i1:159-803    -            215 398013at33208        -            280   2.1e-07   28.2   0.4   3   3      0.78        24    1.8   0.0    79   126   167   215   146   215 0.62 -
Pdum_DN75190_c1_g2_i8:2335-2706  -            124 398013at33208        -            280   2.2e-07   28.2   1.0   1   2    0.0082      0.25    8.3   0.0   107   137    17    47     5    53 0.79 -
Pdum_DN75190_c1_g2_i8:2335-2706  -            124 398013at33208        -            280   2.2e-07   28.2   1.0   2   2   1.3e-06   3.8e-05   20.8   0.7    79   168    30   118    29   121 0.74 -
Pdum_DN61369_c0_g1_i1:1242-1787  -            182 398013at33208        -            280   2.2e-07   28.2   0.0   1   1   3.5e-08   1.1e-06   25.9   0.0    83   221     7   159     3   168 0.75 -
Pdum_DN77965_c1_g1_i1:1646-2635  -            330 398013at33208        -            280   2.8e-07   27.8   0.1   1   4      0.62        19    2.2   0.0    97   129     8    41     4    74 0.64 -
Pdum_DN77965_c1_g1_i1:1646-2635  -            330 398013at33208        -            280   2.8e-07   27.8   0.1   2   4      0.63        19    2.1   0.0   100   140    56    97    50   101 0.68 -
Pdum_DN77965_c1_g1_i1:1646-2635  -            330 398013at33208        -            280   2.8e-07   27.8   0.1   3   4   3.6e-06   0.00011   19.3   0.0    18   140    98   230    89   237 0.68 -
Pdum_DN77965_c1_g1_i1:1646-2635  -            330 398013at33208        -            280   2.8e-07   27.8   0.1   4   4       8.5   2.6e+02   -1.6   0.0    23    46   301   325   295   329 0.45 -
Pdum_DN90901_c7_g1_i5:256-1545   -            430 398013at33208        -            280   9.6e-07   26.1   0.2   1   4       8.1   2.5e+02   -1.5   0.0   231   250    27    46    14    56 0.69 -
Pdum_DN90901_c7_g1_i5:256-1545   -            430 398013at33208        -            280   9.6e-07   26.1   0.2   2   4       2.2        67    0.3   0.0    97   129    59    90    55    97 0.87 -
Pdum_DN90901_c7_g1_i5:256-1545   -            430 398013at33208        -            280   9.6e-07   26.1   0.2   3   4      0.85        26    1.7   0.0    95   131   144   181   130   194 0.83 -
Pdum_DN90901_c7_g1_i5:256-1545   -            430 398013at33208        -            280   9.6e-07   26.1   0.2   4   4   8.4e-06   0.00025   18.1   0.1   182   244   195   266   187   276 0.79 -
Pdum_DN84002_c0_g1_i8:796-1551   -            252 398013at33208        -            280   1.3e-06   25.6   0.1   1   2      0.65        19    2.1   0.0   113   139    10    36     3    39 0.78 -
Pdum_DN84002_c0_g1_i8:796-1551   -            252 398013at33208        -            280   1.3e-06   25.6   0.1   2   2   9.2e-07   2.8e-05   21.3   0.1    94   169    39   118    34   195 0.78 -
Pdum_DN82853_c0_g1_i2:2495-3019  -            175 398013at33208        -            280   1.7e-06   25.3   0.0   1   1   7.4e-08   2.2e-06   24.9   0.0    22   134     7   128     2   145 0.82 -
Pdum_DN78364_c0_g1_i1:226-1314   -            363 398013at33208        -            280   2.1e-06   24.9   0.3   1   3   0.00046     0.014   12.4   0.0   109   168    31    90    12    95 0.75 -
Pdum_DN78364_c0_g1_i1:226-1314   -            363 398013at33208        -            280   2.1e-06   24.9   0.3   2   3    0.0042      0.13    9.3   0.0    88   132    92   137    86   160 0.81 -
Pdum_DN78364_c0_g1_i1:226-1314   -            363 398013at33208        -            280   2.1e-06   24.9   0.3   3   3       5.6   1.7e+02   -1.0   0.0   255   276   288   309   275   312 0.76 -
Pdum_DN82173_c1_g1_i7:1104-1730  -            209 398013at33208        -            280   2.2e-06   24.9   0.0   1   3     0.015      0.44    7.5   0.0    96   134     4    41     1    55 0.83 -
Pdum_DN82173_c1_g1_i7:1104-1730  -            209 398013at33208        -            280   2.2e-06   24.9   0.0   2   3     0.037       1.1    6.2   0.0   223   248    57    82    47   115 0.82 -
Pdum_DN82173_c1_g1_i7:1104-1730  -            209 398013at33208        -            280   2.2e-06   24.9   0.0   3   3     0.007      0.21    8.5   0.0    92   127   172   208    81   209 0.82 -
Pdum_DN63408_c0_g1_i3:4-960      -            319 398013at33208        -            280   2.5e-06   24.7   0.1   1   1   3.4e-07     1e-05   22.7   0.0    95   185    15   108     5   140 0.74 -
Pdum_DN92785_c3_g1_i2:3114-4076  -            321 398013at33208        -            280   2.6e-06   24.6   0.4   1   3       9.1   2.7e+02   -1.7   0.0   115   139     2    26     1    38 0.78 -
Pdum_DN92785_c3_g1_i2:3114-4076  -            321 398013at33208        -            280   2.6e-06   24.6   0.4   2   3       5.2   1.6e+02   -0.9   0.0   136   174    42    80    17   107 0.60 -
Pdum_DN92785_c3_g1_i2:3114-4076  -            321 398013at33208        -            280   2.6e-06   24.6   0.4   3   3   2.2e-06   6.8e-05   20.0   0.0    74   127   263   317   256   320 0.87 -
Pdum_DN86525_c0_g1_i1:704-1231   -            176 398013at33208        -            280     3e-06   24.4   0.1   1   2   1.7e-05   0.00052   17.1   0.0    79   173     3   102     1   107 0.78 -
Pdum_DN86525_c0_g1_i1:704-1231   -            176 398013at33208        -            280     3e-06   24.4   0.1   2   2      0.25       7.4    3.5   0.0    98   132   109   145   102   158 0.69 -
Pdum_DN71445_c0_g2_i2:766-1509   -            248 398013at33208        -            280   3.2e-06   24.4   0.1   1   3         5   1.5e+02   -0.8   0.0   115   131     2    18     1    33 0.78 -
Pdum_DN71445_c0_g2_i2:766-1509   -            248 398013at33208        -            280   3.2e-06   24.4   0.1   2   3     0.033         1    6.3   0.0   113   135    44    66    27    78 0.77 -
Pdum_DN71445_c0_g2_i2:766-1509   -            248 398013at33208        -            280   3.2e-06   24.4   0.1   3   3   2.8e-05   0.00086   16.4   0.0    81   146    53   120    51   144 0.76 -
Pdum_DN84033_c1_g3_i1:1082-1726  -            215 398013at33208        -            280   3.3e-06   24.3   0.1   1   4    0.0077      0.23    8.4   0.0    22    50    12    40     5    58 0.80 -
Pdum_DN84033_c1_g3_i1:1082-1726  -            215 398013at33208        -            280   3.3e-06   24.3   0.1   2   4     0.019      0.57    7.1   0.0     7    50    55    98    50   103 0.70 -
Pdum_DN84033_c1_g3_i1:1082-1726  -            215 398013at33208        -            280   3.3e-06   24.3   0.1   3   4      0.22       6.7    3.6   0.0    95   127   106   139   101   153 0.73 -
Pdum_DN84033_c1_g3_i1:1082-1726  -            215 398013at33208        -            280   3.3e-06   24.3   0.1   4   4       2.4        72    0.2   0.0   220   252   163   199   149   215 0.60 -
Pdum_DN92880_c2_g1_i2:4337-5176  -            280 398013at33208        -            280   3.6e-06   24.2   0.0   1   3     0.019      0.58    7.1   0.0   113   142    26    55    13   124 0.76 -
Pdum_DN92880_c2_g1_i2:4337-5176  -            280 398013at33208        -            280   3.6e-06   24.2   0.0   2   3     0.093       2.8    4.9   0.0    12    51   142   181   131   187 0.84 -
Pdum_DN92880_c2_g1_i2:4337-5176  -            280 398013at33208        -            280   3.6e-06   24.2   0.0   3   3   0.00024    0.0073   13.3   0.0    57   132   151   225   143   238 0.76 -
Pdum_DN87078_c1_g1_i1:1858-2604  -            249 398013at33208        -            280   6.2e-06   23.4   0.0   1   3         9   2.7e+02   -1.7   0.0   144   167    24    47     7    57 0.73 -
Pdum_DN87078_c1_g1_i1:1858-2604  -            249 398013at33208        -            280   6.2e-06   23.4   0.0   2   3   0.00032    0.0095   13.0   0.0   147   247   101   210    94   214 0.70 -
Pdum_DN87078_c1_g1_i1:1858-2604  -            249 398013at33208        -            280   6.2e-06   23.4   0.0   3   3     0.022      0.66    6.9   0.0    22    48   223   249   209   249 0.83 -
Pdum_DN84963_c1_g1_i6:1317-3311  -            665 398013at33208        -            280   8.2e-06   23.0   1.0   1   4   0.00037     0.011   12.7   0.2    19   128    40   155    25   156 0.64 -
Pdum_DN84963_c1_g1_i6:1317-3311  -            665 398013at33208        -            280   8.2e-06   23.0   1.0   2   4     0.095       2.9    4.8   0.1    15    69   121   170   117   180 0.80 -
Pdum_DN84963_c1_g1_i6:1317-3311  -            665 398013at33208        -            280   8.2e-06   23.0   1.0   3   4       3.6   1.1e+02   -0.3   0.0   178   227   168   216   161   250 0.73 -
Pdum_DN84963_c1_g1_i6:1317-3311  -            665 398013at33208        -            280   8.2e-06   23.0   1.0   4   4      0.84        25    1.7   0.0    98   125   633   661   625   665 0.61 -
Pdum_DN88423_c1_g1_i2:993-1421   -            143 398013at33208        -            280   8.3e-06   23.0   0.2   1   1   6.8e-07     2e-05   21.7   0.2    19   131    11   122     1   135 0.74 -
Pdum_DN83917_c0_g1_i10:2-1282    -            427 398013at33208        -            280   8.4e-06   23.0   3.0   1   4       1.4        41    1.0   0.0   206   251   144   190   131   200 0.69 -
Pdum_DN83917_c0_g1_i10:2-1282    -            427 398013at33208        -            280   8.4e-06   23.0   3.0   2   4       2.6        78    0.1   0.0   186   245   204   274   192   286 0.51 -
Pdum_DN83917_c0_g1_i10:2-1282    -            427 398013at33208        -            280   8.4e-06   23.0   3.0   3   4    0.0031     0.093    9.7   0.1   215   246   284   316   240   326 0.57 -
Pdum_DN83917_c0_g1_i10:2-1282    -            427 398013at33208        -            280   8.4e-06   23.0   3.0   4   4    0.0042      0.13    9.3   0.3    23    57   332   366   320   398 0.82 -
Pdum_DN72823_c0_g2_i2:1154-1981  -            276 398013at33208        -            280   1.2e-05   22.5   0.1   1   2   8.4e-06   0.00025   18.1   0.0   112   171    89   147     2   153 0.70 -
Pdum_DN72823_c0_g2_i2:1154-1981  -            276 398013at33208        -            280   1.2e-05   22.5   0.1   2   2       2.8        85    0.0   0.0   147   197   222   272   149   276 0.54 -
Pdum_DN88741_c1_g1_i6:2841-3650  -            270 398013at33208        -            280   1.4e-05   22.3   0.8   1   3       1.8        53    0.7   0.0   217   253     6    42     3    49 0.81 -
Pdum_DN88741_c1_g1_i6:2841-3650  -            270 398013at33208        -            280   1.4e-05   22.3   0.8   2   3   4.1e-05    0.0012   15.9   0.2    87   167   133   217    60   229 0.72 -
Pdum_DN88741_c1_g1_i6:2841-3650  -            270 398013at33208        -            280   1.4e-05   22.3   0.8   3   3      0.38        12    2.9   0.1   210   254   188   227   181   265 0.50 -
Pdum_DN83063_c0_g1_i6:381-1082   -            234 398013at33208        -            280   1.5e-05   22.1   0.1   1   1   6.5e-06    0.0002   18.5   0.1     6   247   154   203    31   211 0.73 -
Pdum_DN77673_c0_g1_i3:1295-1852  -            186 398013at33208        -            280   2.1e-05   21.6   0.1   1   3      0.21       6.2    3.7   0.0    87   131     9    54     4    68 0.70 -
Pdum_DN77673_c0_g1_i3:1295-1852  -            186 398013at33208        -            280   2.1e-05   21.6   0.1   2   3    0.0012     0.036   11.0   0.0   107   161    81   136    67   146 0.76 -
Pdum_DN77673_c0_g1_i3:1295-1852  -            186 398013at33208        -            280   2.1e-05   21.6   0.1   3   3      0.21       6.2    3.7   0.0    32    50   165   183   142   186 0.74 -
Pdum_DN84536_c0_g1_i1:2255-2878  -            208 398013at33208        -            280   2.5e-05   21.4   0.0   1   1   1.2e-06   3.8e-05   20.8   0.0   118   244    67   200    46   208 0.79 -
Pdum_DN82465_c0_g2_i1:488-1204   -            239 398013at33208        -            280   3.4e-05   21.0   0.0   1   2   0.00091     0.027   11.5   0.0    95   132   113   150   106   160 0.88 -
Pdum_DN82465_c0_g2_i1:488-1204   -            239 398013at33208        -            280   3.4e-05   21.0   0.0   2   2     0.046       1.4    5.9   0.0    19    47   209   237   195   239 0.85 -
Pdum_DN91312_c3_g1_i1:2567-3481  -            305 398013at33208        -            280   3.7e-05   20.9   0.3   1   3      0.17       5.2    4.0   0.0    23    49     3    30     1    37 0.81 -
Pdum_DN91312_c3_g1_i1:2567-3481  -            305 398013at33208        -            280   3.7e-05   20.9   0.3   2   3     0.005      0.15    9.0   0.1    99   170    47   121    39   178 0.63 -
Pdum_DN91312_c3_g1_i1:2567-3481  -            305 398013at33208        -            280   3.7e-05   20.9   0.3   3   3      0.53        16    2.4   0.0   228   245   240   257   220   305 0.62 -
Pdum_DN76013_c0_g1_i3:463-1068   -            202 398013at33208        -            280   4.5e-05   20.6   0.4   1   3    0.0038      0.11    9.4   0.0    97   130    46    81    42    88 0.73 -
Pdum_DN76013_c0_g1_i3:463-1068   -            202 398013at33208        -            280   4.5e-05   20.6   0.4   2   3       0.1       3.2    4.7   0.0    16    49    89   123    84   132 0.58 -
Pdum_DN76013_c0_g1_i3:463-1068   -            202 398013at33208        -            280   4.5e-05   20.6   0.4   3   3       2.5        74    0.2   0.0   215   244   149   179   142   184 0.54 -
Pdum_DN89224_c5_g2_i10:3220-3918 -            233 398013at33208        -            280   5.5e-05   20.3   0.0   1   1   2.6e-06   7.9e-05   19.8   0.0    22   144    90   220    78   230 0.74 -
Pdum_DN67795_c0_g1_i2:1517-2137  -            207 398013at33208        -            280     7e-05   20.0   0.0   1   2   1.8e-05   0.00055   17.0   0.0    98   212     1   118     1   149 0.83 -
Pdum_DN67795_c0_g1_i2:1517-2137  -            207 398013at33208        -            280     7e-05   20.0   0.0   2   2      0.97        29    1.5   0.0    86   127   160   207    92   207 0.68 -
Pdum_DN92312_c5_g1_i1:3890-4381  -            164 398013at33208        -            280   7.6e-05   19.8   0.0   1   2    0.0021     0.062   10.3   0.0    96   134     5    50     2    65 0.74 -
Pdum_DN92312_c5_g1_i1:3890-4381  -            164 398013at33208        -            280   7.6e-05   19.8   0.0   2   2     0.026      0.78    6.7   0.0   217   247   106   136   100   148 0.81 -
Pdum_DN75651_c0_g1_i1:179-1012   -            278 398013at33208        -            280   0.00013   19.1   1.8   1   3      0.31       9.4    3.1   0.0   222   246    81   105    33   112 0.61 -
Pdum_DN75651_c0_g1_i1:179-1012   -            278 398013at33208        -            280   0.00013   19.1   1.8   2   3     0.063       1.9    5.4   0.3    11    52   114   155   107   233 0.78 -
Pdum_DN75651_c0_g1_i1:179-1012   -            278 398013at33208        -            280   0.00013   19.1   1.8   3   3      0.11       3.3    4.6   0.0   222   243   254   275   237   277 0.78 -
Pdum_DN90079_c2_g2_i8:1469-1858  -            130 398013at33208        -            280   0.00013   19.1   0.0   1   1     9e-05    0.0027   14.7   0.0   106   169    36   103    28   104 0.46 -
Pdum_DN74905_c1_g1_i2:2-1102     -            367 398013at33208        -            280    0.0003   17.9   0.0   1   2     0.066         2    5.3   0.0    18   101    17   105     3   135 0.65 -
Pdum_DN74905_c1_g1_i2:2-1102     -            367 398013at33208        -            280    0.0003   17.9   0.0   2   2    0.0015     0.045   10.7   0.0    80   134   127   183   119   190 0.71 -
Pdum_DN79808_c0_g1_i2:642-4217   -           1192 398013at33208        -            280    0.0003   17.9   0.0   1   4   0.00072     0.022   11.8   0.0   186   279    23   127    15   128 0.67 -
Pdum_DN79808_c0_g1_i2:642-4217   -           1192 398013at33208        -            280    0.0003   17.9   0.0   2   4       9.5   2.9e+02   -1.7   0.0   222   249   144   171   139   192 0.85 -
Pdum_DN79808_c0_g1_i2:642-4217   -           1192 398013at33208        -            280    0.0003   17.9   0.0   3   4       4.8   1.5e+02   -0.8   0.0   224   243   276   295   238   301 0.79 -
Pdum_DN79808_c0_g1_i2:642-4217   -           1192 398013at33208        -            280    0.0003   17.9   0.0   4   4       2.2        65    0.4   0.0    20    50   461   491   449   552 0.90 -
Pdum_DN70029_c0_g1_i5:236-670    -            145 398013at33208        -            280   0.00032   17.8   0.0   1   1   1.2e-05   0.00037   17.6   0.0    81   192     2   129     1   144 0.71 -
Pdum_DN70491_c0_g1_i1:1-1254     -            418 398013at33208        -            280   0.00034   17.7   0.1   1   2    0.0011     0.033   11.2   0.0    83   136   172   227   100   234 0.86 -
Pdum_DN70491_c0_g1_i1:1-1254     -            418 398013at33208        -            280   0.00034   17.7   0.1   2   2      0.42        13    2.7   0.0    21    49   236   264   232   283 0.67 -
Pdum_DN84002_c0_g1_i8:2338-3012  -            225 398013at33208        -            280   0.00035   17.7   0.1   1   2      0.14       4.1    4.3   0.0   107   137    20    51     2    61 0.70 -
Pdum_DN84002_c0_g1_i8:2338-3012  -            225 398013at33208        -            280   0.00035   17.7   0.1   2   2    0.0011     0.034   11.1   0.0   100   170    62   135    57   195 0.85 -
Pdum_DN87402_c0_g1_i1:93-1976    -            628 398013at33208        -            280   0.00056   17.0   0.0   1   3    0.0016     0.047   10.7   0.0    96   142   289   336   284   362 0.80 -
Pdum_DN87402_c0_g1_i1:93-1976    -            628 398013at33208        -            280   0.00056   17.0   0.0   2   3      0.39        12    2.8   0.0    81   140   483   545   422   578 0.76 -
Pdum_DN87402_c0_g1_i1:93-1976    -            628 398013at33208        -            280   0.00056   17.0   0.0   3   3       8.4   2.5e+02   -1.6   0.0   207   243   591   627   586   628 0.77 -
Pdum_DN90517_c4_g2_i3:211-1731   -            507 398013at33208        -            280   0.00067   16.7   0.3   1   5       1.4        42    1.0   0.0   221   247    35    61    25    67 0.83 -
Pdum_DN90517_c4_g2_i3:211-1731   -            507 398013at33208        -            280   0.00067   16.7   0.3   2   5       5.1   1.5e+02   -0.9   0.0    78    97   134   153    73   172 0.63 -
Pdum_DN90517_c4_g2_i3:211-1731   -            507 398013at33208        -            280   0.00067   16.7   0.3   3   5       7.7   2.3e+02   -1.4   0.0     4    33   146   175   140   183 0.86 -
Pdum_DN90517_c4_g2_i3:211-1731   -            507 398013at33208        -            280   0.00067   16.7   0.3   4   5     0.042       1.3    6.0   0.0   160   200   280   320   247   335 0.64 -
Pdum_DN90517_c4_g2_i3:211-1731   -            507 398013at33208        -            280   0.00067   16.7   0.3   5   5       0.2       6.2    3.7   0.0   213   257   353   397   343   420 0.63 -
Pdum_DN74254_c0_g1_i10:1266-1853 -            196 398013at33208        -            280    0.0007   16.7   0.3   1   2    0.0006     0.018   12.0   0.0   156   246    21   117     7   125 0.73 -
Pdum_DN74254_c0_g1_i10:1266-1853 -            196 398013at33208        -            280    0.0007   16.7   0.3   2   2     0.049       1.5    5.8   0.3    21   109    88   179    80   195 0.55 -
Pdum_DN90162_c3_g1_i6:3068-3295  -             76 398013at33208        -            280    0.0008   16.5   0.0   1   1   2.7e-05    0.0008   16.5   0.0   220   273    12    70     1    76 0.76 -
Pdum_DN89096_c2_g3_i4:2-1384     -            461 398013at33208        -            280    0.0009   16.3   0.3   1   2   0.00038     0.011   12.7   0.0   190   253    84   143    77   157 0.88 -
Pdum_DN89096_c2_g3_i4:2-1384     -            461 398013at33208        -            280    0.0009   16.3   0.3   2   2       8.2   2.5e+02   -1.5   0.0    76   100   423   447   349   451 0.60 -
Pdum_DN87384_c0_g1_i3:1267-1899  -            211 398013at33208        -            280   0.00092   16.3   0.0   1   3       2.6        79    0.1   0.0   173   212    19    56     6    70 0.73 -
Pdum_DN87384_c0_g1_i3:1267-1899  -            211 398013at33208        -            280   0.00092   16.3   0.0   2   3     0.095       2.9    4.8   0.0   221   249   147   175   141   178 0.85 -
Pdum_DN87384_c0_g1_i3:1267-1899  -            211 398013at33208        -            280   0.00092   16.3   0.0   3   3     0.011      0.34    7.9   0.0   217   243   184   211   171   211 0.75 -
Pdum_DN73439_c0_g1_i2:1041-1721  -            227 398013at33208        -            280     0.001   16.2   0.1   1   3     0.064       1.9    5.4   0.0   217   250    53    86    19    98 0.66 -
Pdum_DN73439_c0_g1_i2:1041-1721  -            227 398013at33208        -            280     0.001   16.2   0.1   2   3     0.051       1.5    5.7   0.0   113   135   108   130    90   156 0.76 -
Pdum_DN73439_c0_g1_i2:1041-1721  -            227 398013at33208        -            280     0.001   16.2   0.1   3   3      0.83        25    1.7   0.0    14    50   191   227   170   227 0.54 -
Pdum_DN85938_c0_g1_i1:258-608    -            117 398013at33208        -            280    0.0011   16.0   0.0   1   1     4e-05    0.0012   15.9   0.0   108   168    11    75     1   114 0.78 -
Pdum_DN76178_c0_g1_i1:3394-3981  -            196 398013at33208        -            280    0.0012   15.9   0.2   1   3      0.89        27    1.6   0.0    98   131     3    36     2    57 0.70 -
Pdum_DN76178_c0_g1_i1:3394-3981  -            196 398013at33208        -            280    0.0012   15.9   0.2   2   3     0.014      0.42    7.6   0.0    13    55    60   102    55   118 0.85 -
Pdum_DN76178_c0_g1_i1:3394-3981  -            196 398013at33208        -            280    0.0012   15.9   0.2   3   3      0.27       8.2    3.3   0.0   140   170   152   182   105   189 0.79 -
Pdum_DN78785_c0_g1_i2:534-2834   -            767 398013at33208        -            280    0.0012   15.9   0.0   1   1   0.00016    0.0048   13.9   0.0    17   135    89   217    80   271 0.64 -
Pdum_DN38861_c0_g1_i1:595-1392   -            266 398013at33208        -            280    0.0013   15.8   0.2   1   3    0.0041      0.12    9.3   0.1    14    51    79   116    70   133 0.88 -
Pdum_DN38861_c0_g1_i1:595-1392   -            266 398013at33208        -            280    0.0013   15.8   0.2   2   3         6   1.8e+02   -1.1   0.0    24    24   189   189   125   218 0.61 -
Pdum_DN38861_c0_g1_i1:595-1392   -            266 398013at33208        -            280    0.0013   15.8   0.2   3   3      0.47        14    2.6   0.0    14    50   223   259   210   264 0.72 -
Pdum_DN79525_c1_g1_i2:759-1442   -            228 398013at33208        -            280    0.0016   15.5   0.0   1   2   0.00026     0.008   13.2   0.0   142   210    49   121     1   130 0.68 -
Pdum_DN79525_c1_g1_i2:759-1442   -            228 398013at33208        -            280    0.0016   15.5   0.0   2   2       2.7        82    0.0   0.0   209   244   192   226   159   228 0.67 -
Pdum_DN84945_c0_g1_i5:1762-2376  -            205 398013at33208        -            280     0.002   15.2   0.0   1   2       0.6        18    2.2   0.0   144   171    63    90     4   103 0.82 -
Pdum_DN84945_c0_g1_i5:1762-2376  -            205 398013at33208        -            280     0.002   15.2   0.0   2   2    0.0014     0.042   10.9   0.0   112   170   112   174    95   180 0.77 -
Pdum_DN80062_c1_g1_i8:396-980    -            195 398013at33208        -            280    0.0023   15.0   0.1   1   2     0.027      0.81    6.6   0.0   111   145    12    43     5    80 0.77 -
Pdum_DN80062_c1_g1_i8:396-980    -            195 398013at33208        -            280    0.0023   15.0   0.1   2   2     0.089       2.7    4.9   0.1   112   135   118   141   106   184 0.65 -
Pdum_DN70256_c0_g1_i2:778-1377   -            200 398013at33208        -            280    0.0025   14.9   0.0   1   2       0.4        12    2.8   0.0   187   269     3    94     1   106 0.55 -
Pdum_DN70256_c0_g1_i2:778-1377   -            200 398013at33208        -            280    0.0025   14.9   0.0   2   2    0.0018     0.054   10.5   0.0    88   172   107   194    98   197 0.74 -
Pdum_DN80615_c0_g2_i1:231-1205   -            325 398013at33208        -            280    0.0027   14.7   0.0   1   3       6.1   1.8e+02   -1.1   0.0   106   155    11    61     3    82 0.57 -
Pdum_DN80615_c0_g2_i1:231-1205   -            325 398013at33208        -            280    0.0027   14.7   0.0   2   3    0.0013     0.039   10.9   0.0    96   140   149   194   128   205 0.79 -
Pdum_DN80615_c0_g2_i1:231-1205   -            325 398013at33208        -            280    0.0027   14.7   0.0   3   3       3.8   1.1e+02   -0.4   0.0   231   254   259   282   254   299 0.81 -
Pdum_DN87538_c0_g1_i11:59-631    -            191 398013at33208        -            280    0.0035   14.4   0.2   1   2     0.015      0.45    7.5   0.0    23    49     9    35     3    40 0.88 -
Pdum_DN87538_c0_g1_i11:59-631    -            191 398013at33208        -            280    0.0035   14.4   0.2   2   2       0.1         3    4.8   0.0    89   135    38    88    35   127 0.77 -
Pdum_DN81583_c1_g1_i3:660-1619   -            320 398013at33208        -            280    0.0037   14.3   0.0   1   2      0.97        29    1.5   0.0   188   209     2    23     1    34 0.86 -
Pdum_DN81583_c1_g1_i3:660-1619   -            320 398013at33208        -            280    0.0037   14.3   0.0   2   2    0.0095      0.29    8.1   0.0    72   168   168   270    92   274 0.58 -
Pdum_DN91578_c1_g1_i1:293-997    -            235 398013at33208        -            280    0.0042   14.1   0.1   1   2    0.0048      0.15    9.1   0.0   104   168   121   188   103   190 0.70 -
Pdum_DN91578_c1_g1_i1:293-997    -            235 398013at33208        -            280    0.0042   14.1   0.1   2   2    0.0012     0.037   11.0   0.1    78   147   136   207   122   224 0.76 -
Pdum_DN90517_c4_g1_i5:2-985      -            328 398013at33208        -            280     0.005   13.9   0.2   1   3     0.042       1.3    6.0   0.0   221   249    65    92    33   110 0.77 -
Pdum_DN90517_c4_g1_i5:2-985      -            328 398013at33208        -            280     0.005   13.9   0.2   2   3         3        92   -0.1   0.0   115   130   131   146    95   164 0.71 -
Pdum_DN90517_c4_g1_i5:2-985      -            328 398013at33208        -            280     0.005   13.9   0.2   3   3      0.18       5.5    3.9   0.0    19    46   208   238   192   248 0.69 -
Pdum_DN85510_c0_g1_i3:3283-3711  -            143 398013at33208        -            280    0.0056   13.7   0.0   1   1   0.00027    0.0082   13.2   0.0   193   249     8    65     3    70 0.75 -
Pdum_DN89974_c1_g1_i2:3302-3844  -            181 398013at33208        -            280    0.0075   13.3   0.0   1   2       1.9        57    0.6   0.0   232   245     2    15     1    24 0.64 -
Pdum_DN89974_c1_g1_i2:3302-3844  -            181 398013at33208        -            280    0.0075   13.3   0.0   2   2    0.0012     0.037   11.0   0.0    95   130    22    58     7   104 0.84 -
Pdum_DN89809_c3_g1_i10:6324-7073 -            250 398013at33208        -            280     0.012   12.6   0.3   1   4      0.17       5.1    4.0   0.0   110   130    15    35     1    49 0.70 -
Pdum_DN89809_c3_g1_i10:6324-7073 -            250 398013at33208        -            280     0.012   12.6   0.3   2   4       8.1   2.4e+02   -1.5   0.0   224   245    61    83    46    93 0.65 -
Pdum_DN89809_c3_g1_i10:6324-7073 -            250 398013at33208        -            280     0.012   12.6   0.3   3   4       2.5        75    0.2   0.0   119   163   115   162   105   171 0.71 -
Pdum_DN89809_c3_g1_i10:6324-7073 -            250 398013at33208        -            280     0.012   12.6   0.3   4   4      0.35        10    3.0   0.0    68    97   194   224   182   229 0.81 -
Pdum_DN69316_c0_g1_i1:312-956    -            215 398013at33208        -            280     0.013   12.5   0.0   1   2       1.1        33    1.4   0.0   145   179     6    38     2    47 0.71 -
Pdum_DN69316_c0_g1_i1:312-956    -            215 398013at33208        -            280     0.013   12.5   0.0   2   2    0.0047      0.14    9.1   0.0    96   132    47    85    40   128 0.83 -
Pdum_DN86294_c0_g1_i3:101-3103   -           1001 398013at33208        -            280     0.014   12.4   0.0   1   3       4.8   1.5e+02   -0.8   0.0   222   245    19    42    11    47 0.86 -
Pdum_DN86294_c0_g1_i3:101-3103   -           1001 398013at33208        -            280     0.014   12.4   0.0   2   3     0.021      0.63    7.0   0.0    96   129   131   165   126   183 0.82 -
Pdum_DN86294_c0_g1_i3:101-3103   -           1001 398013at33208        -            280     0.014   12.4   0.0   3   3       2.9        87   -0.0   0.0    18    51   225   258   206   271 0.75 -
Pdum_DN91069_c3_g1_i7:2506-3243  -            246 398013at33208        -            280     0.026   11.5   0.1   1   2     0.083       2.5    5.0   0.0   221   254    43    75    21   100 0.77 -
Pdum_DN91069_c3_g1_i7:2506-3243  -            246 398013at33208        -            280     0.026   11.5   0.1   2   2      0.19       5.7    3.8   0.0   224   248   185   209   176   242 0.84 -
#
# Program:         hmmsearch
# Version:         3.1b2 (February 2015)
# Pipeline mode:   SEARCH
# Query file:      /mnt/f/phylo/WORMS/busco_analysis/busco_downloads/lineages/metazoa_odb10/hmms/398013at33208.hmm
# Target file:     /mnt/f/phylo/WORMS/busco_analysis/metazoa_lineage_result/run_metazoa_odb10/metaeuk_output/initial_results/Platynereis_ref.eggnog_filter.nucl.fasta.modified.fas
# Option settings: hmmsearch --domtblout /mnt/f/phylo/WORMS/busco_analysis/metazoa_lineage_result/run_metazoa_odb10/hmmer_output/initial_run_results/398013at33208.out --cpu 1 /mnt/f/phylo/WORMS/busco_analysis/busco_downloads/lineages/metazoa_odb10/hmms/398013at33208.hmm /mnt/f/phylo/WORMS/busco_analysis/metazoa_lineage_result/run_metazoa_odb10/metaeuk_output/initial_results/Platynereis_ref.eggnog_filter.nucl.fasta.modified.fas 
# Current dir:     /mnt/f/phylo/WORMS/busco_analysis
# Date:            Sun Mar 12 20:42:15 2023
# [ok]
