#                                                                                        --- full sequence --- -------------- this domain -------------   hmm coord   ali coord   env coord
# target name                    accession   tlen query name           accession   qlen   E-value  score  bias   #  of  c-Evalue  i-Evalue  score  bias  from    to  from    to  from    to  acc description of target
#            ------------------- ---------- ----- -------------------- ---------- ----- --------- ------ ----- --- --- --------- --------- ------ ----- ----- ----- ----- ----- ----- ----- ---- ---------------------
Pdum_DN74905_c1_g1_i2:2-1102     -            367 399439at33208        -            178   1.4e-51  172.0   0.3   1   2   3.1e-52     9e-51  169.4   0.0     2   150    22   183    21   208 0.86 -
Pdum_DN74905_c1_g1_i2:2-1102     -            367 399439at33208        -            178   1.4e-51  172.0   0.3   2   2       3.5     1e+02   -0.2   0.1   162   176   353   367   336   367 0.86 -
Pdum_DN87134_c2_g1_i3:1621-2460  -            280 399439at33208        -            178   1.6e-28   96.9  15.1   1   7   0.00024    0.0071   13.3   0.1   115   146     1    31     1    40 0.86 -
Pdum_DN87134_c2_g1_i3:1621-2460  -            280 399439at33208        -            178   1.6e-28   96.9  15.1   2   7   1.5e-05   0.00043   17.3   0.2   113   151    41    78    36    87 0.84 -
Pdum_DN87134_c2_g1_i3:1621-2460  -            280 399439at33208        -            178   1.6e-28   96.9  15.1   3   7   5.5e-05    0.0016   15.4   0.0   114   150    88   123    82   128 0.88 -
Pdum_DN87134_c2_g1_i3:1621-2460  -            280 399439at33208        -            178   1.6e-28   96.9  15.1   4   7   0.00012    0.0035   14.3   0.0   114   146   128   159   121   166 0.83 -
Pdum_DN87134_c2_g1_i3:1621-2460  -            280 399439at33208        -            178   1.6e-28   96.9  15.1   5   7   3.2e-05   0.00093   16.2   0.1   114   151   167   203   160   207 0.89 -
Pdum_DN87134_c2_g1_i3:1621-2460  -            280 399439at33208        -            178   1.6e-28   96.9  15.1   6   7   5.1e-05    0.0015   15.5   0.1   114   153   212   250   208   252 0.89 -
Pdum_DN87134_c2_g1_i3:1621-2460  -            280 399439at33208        -            178   1.6e-28   96.9  15.1   7   7    0.0012     0.034   11.1   0.1   115   143   253   280   250   280 0.91 -
Pdum_DN87680_c1_g3_i1:3327-4124  -            266 399439at33208        -            178   3.2e-27   92.6   9.1   1   5   7.9e-06   0.00023   18.2   0.0   114   148     4    39     3    45 0.89 -
Pdum_DN87680_c1_g3_i1:3327-4124  -            266 399439at33208        -            178   3.2e-27   92.6   9.1   2   5   9.6e-11   2.8e-09   34.2   0.9    70   149    44   124    41   129 0.93 -
Pdum_DN87680_c1_g3_i1:3327-4124  -            266 399439at33208        -            178   3.2e-27   92.6   9.1   3   5   1.6e-09   4.6e-08   30.2   0.4    71   146    87   163    83   174 0.85 -
Pdum_DN87680_c1_g3_i1:3327-4124  -            266 399439at33208        -            178   3.2e-27   92.6   9.1   4   5    0.0006     0.017   12.1   0.1   129   152   208   231   204   233 0.88 -
Pdum_DN87680_c1_g3_i1:3327-4124  -            266 399439at33208        -            178   3.2e-27   92.6   9.1   5   5   0.00019    0.0057   13.6   0.0   113   144   233   265   227   266 0.87 -
Pdum_DN82012_c2_g2_i1:484-1302   -            273 399439at33208        -            178   2.1e-24   83.4   9.6   1   6   0.00019    0.0054   13.7   0.1   123   154    11    41     1    42 0.79 -
Pdum_DN82012_c2_g2_i1:484-1302   -            273 399439at33208        -            178   2.1e-24   83.4   9.6   2   6   9.4e-07   2.7e-05   21.2   0.1   114   153    42    80    36    85 0.86 -
Pdum_DN82012_c2_g2_i1:484-1302   -            273 399439at33208        -            178   2.1e-24   83.4   9.6   3   6      0.34        10    3.1   0.0   113   147    81   114    79   121 0.80 -
Pdum_DN82012_c2_g2_i1:484-1302   -            273 399439at33208        -            178   2.1e-24   83.4   9.6   4   6   8.2e-05    0.0024   14.9   0.1   114   153   122   160   114   162 0.88 -
Pdum_DN82012_c2_g2_i1:484-1302   -            273 399439at33208        -            178   2.1e-24   83.4   9.6   5   6   6.1e-06   0.00018   18.5   0.1   113   152   161   199   158   204 0.89 -
Pdum_DN82012_c2_g2_i1:484-1302   -            273 399439at33208        -            178   2.1e-24   83.4   9.6   6   6   4.3e-05    0.0013   15.8   0.0   115   155   206   245   203   248 0.86 -
Pdum_DN77740_c0_g3_i3:100-1476   -            459 399439at33208        -            178   1.1e-23   81.1   2.6   1   4    0.0013     0.038   10.9   0.0   113   150   146   184   134   188 0.86 -
Pdum_DN77740_c0_g3_i3:100-1476   -            459 399439at33208        -            178   1.1e-23   81.1   2.6   2   4   7.3e-08   2.1e-06   24.8   0.1    70   148   187   266   182   272 0.90 -
Pdum_DN77740_c0_g3_i3:100-1476   -            459 399439at33208        -            178   1.1e-23   81.1   2.6   3   4   3.1e-11   9.1e-10   35.8   0.1    71   155   230   315   223   324 0.86 -
Pdum_DN77740_c0_g3_i3:100-1476   -            459 399439at33208        -            178   1.1e-23   81.1   2.6   4   4     3e-07   8.6e-06   22.8   0.0    95   151   337   393   320   407 0.82 -
Pdum_DN78086_c1_g1_i5:2830-3705  -            292 399439at33208        -            178     9e-23   78.1   1.3   1   6     0.076       2.2    5.2   0.0   129   152    20    43     9    45 0.85 -
Pdum_DN78086_c1_g1_i5:2830-3705  -            292 399439at33208        -            178     9e-23   78.1   1.3   2   6     0.044       1.3    6.0   0.0   114   150    46    84    44    88 0.88 -
Pdum_DN78086_c1_g1_i5:2830-3705  -            292 399439at33208        -            178     9e-23   78.1   1.3   3   6   7.6e-05    0.0022   15.0   0.0   114   153    89   129    83   132 0.86 -
Pdum_DN78086_c1_g1_i5:2830-3705  -            292 399439at33208        -            178     9e-23   78.1   1.3   4   6    0.0018     0.051   10.5   0.1   114   153   131   171   129   175 0.79 -
Pdum_DN78086_c1_g1_i5:2830-3705  -            292 399439at33208        -            178     9e-23   78.1   1.3   5   6     0.002     0.059   10.3   0.0   114   150   173   210   168   214 0.77 -
Pdum_DN78086_c1_g1_i5:2830-3705  -            292 399439at33208        -            178     9e-23   78.1   1.3   6   6   3.5e-08     1e-06   25.9   0.0    72   147   215   291   210   292 0.93 -
Pdum_DN75190_c1_g2_i8:1873-2820  -            316 399439at33208        -            178   9.9e-23   78.0   6.4   1   5   1.8e-08   5.3e-07   26.8   0.5    83   153    56   125    52   132 0.90 -
Pdum_DN75190_c1_g2_i8:1873-2820  -            316 399439at33208        -            178   9.9e-23   78.0   6.4   2   5     0.022      0.64    7.0   0.1   114   150   127   162   124   169 0.86 -
Pdum_DN75190_c1_g2_i8:1873-2820  -            316 399439at33208        -            178   9.9e-23   78.0   6.4   3   5     1e-06     3e-05   21.1   0.2    88   147   141   202   138   209 0.81 -
Pdum_DN75190_c1_g2_i8:1873-2820  -            316 399439at33208        -            178   9.9e-23   78.0   6.4   4   5   2.1e-05   0.00062   16.8   0.0   114   150   210   245   208   249 0.86 -
Pdum_DN75190_c1_g2_i8:1873-2820  -            316 399439at33208        -            178   9.9e-23   78.0   6.4   5   5   0.00081     0.024   11.6   0.0   114   145   250   280   244   284 0.89 -
Pdum_DN80129_c0_g2_i7:710-1570   -            287 399439at33208        -            178   1.3e-21   74.4   8.2   1   7   0.00014    0.0039   14.2   0.0   114   148     3    38     2    44 0.89 -
Pdum_DN80129_c0_g2_i7:710-1570   -            287 399439at33208        -            178   1.3e-21   74.4   8.2   2   7   0.00013    0.0038   14.2   0.0   114   150    45    82    39    86 0.85 -
Pdum_DN80129_c0_g2_i7:710-1570   -            287 399439at33208        -            178   1.3e-21   74.4   8.2   3   7   2.4e-05   0.00068   16.6   0.0   114   150    87   124    81   129 0.86 -
Pdum_DN80129_c0_g2_i7:710-1570   -            287 399439at33208        -            178   1.3e-21   74.4   8.2   4   7   0.00067     0.019   11.9   0.0   114   152   129   168   123   171 0.84 -
Pdum_DN80129_c0_g2_i7:710-1570   -            287 399439at33208        -            178   1.3e-21   74.4   8.2   5   7    0.0022     0.065   10.2   0.0   127   150   186   209   176   220 0.78 -
Pdum_DN80129_c0_g2_i7:710-1570   -            287 399439at33208        -            178   1.3e-21   74.4   8.2   6   7     0.028      0.81    6.6   0.1   123   152   227   255   211   263 0.81 -
Pdum_DN80129_c0_g2_i7:710-1570   -            287 399439at33208        -            178   1.3e-21   74.4   8.2   7   7     0.033      0.96    6.4   0.2    87   127   232   272   228   285 0.58 -
Pdum_DN74150_c0_g1_i3:157-2955   -            933 399439at33208        -            178   9.6e-20   68.3  13.0   1   6   0.00062     0.018   12.0   0.1    85   148    76   140    66   146 0.73 -
Pdum_DN74150_c0_g1_i3:157-2955   -            933 399439at33208        -            178   9.6e-20   68.3  13.0   2   6   0.00021    0.0062   13.5   0.1    72   153   147   229   145   251 0.78 -
Pdum_DN74150_c0_g1_i3:157-2955   -            933 399439at33208        -            178   9.6e-20   68.3  13.0   3   6     0.041       1.2    6.1   0.0     3    69   410   479   407   483 0.82 -
Pdum_DN74150_c0_g1_i3:157-2955   -            933 399439at33208        -            178   9.6e-20   68.3  13.0   4   6     2e-05   0.00057   16.9   0.0    82   145   453   517   447   522 0.87 -
Pdum_DN74150_c0_g1_i3:157-2955   -            933 399439at33208        -            178   9.6e-20   68.3  13.0   5   6   2.4e-05   0.00069   16.6   0.2    77   152   545   621   525   625 0.85 -
Pdum_DN74150_c0_g1_i3:157-2955   -            933 399439at33208        -            178   9.6e-20   68.3  13.0   6   6      0.71        21    2.0   0.0   113   146   623   657   618   669 0.78 -
Pdum_DN74356_c1_g1_i1:377-1456   -            360 399439at33208        -            178   2.4e-19   67.0   4.7   1   4   0.00069      0.02   11.8   0.1    72   150     1    80     1    87 0.86 -
Pdum_DN74356_c1_g1_i1:377-1456   -            360 399439at33208        -            178   2.4e-19   67.0   4.7   2   4    0.0015     0.042   10.8   0.0   114   150    85   126    83   139 0.78 -
Pdum_DN74356_c1_g1_i1:377-1456   -            360 399439at33208        -            178   2.4e-19   67.0   4.7   3   4   4.1e-07   1.2e-05   22.4   0.0    78   155   145   225   141   248 0.81 -
Pdum_DN74356_c1_g1_i1:377-1456   -            360 399439at33208        -            178   2.4e-19   67.0   4.7   4   4   1.2e-06   3.3e-05   20.9   0.1    80   155   250   327   245   331 0.85 -
Pdum_DN92078_c7_g2_i1:2888-3787  -            300 399439at33208        -            178   2.7e-19   66.8   8.1   1   5   5.2e-09   1.5e-07   28.5   0.3    82   151     3    72     1    75 0.91 -
Pdum_DN92078_c7_g2_i1:2888-3787  -            300 399439at33208        -            178   2.7e-19   66.8   8.1   2   5   2.1e-06   6.1e-05   20.1   0.2   114   149    76   112    74   115 0.88 -
Pdum_DN92078_c7_g2_i1:2888-3787  -            300 399439at33208        -            178   2.7e-19   66.8   8.1   3   5     0.063       1.8    5.5   0.0   118   146   125   154   120   162 0.78 -
Pdum_DN92078_c7_g2_i1:2888-3787  -            300 399439at33208        -            178   2.7e-19   66.8   8.1   4   5     0.087       2.5    5.0   0.0   114   152   163   202   158   204 0.88 -
Pdum_DN92078_c7_g2_i1:2888-3787  -            300 399439at33208        -            178   2.7e-19   66.8   8.1   5   5    0.0054      0.16    9.0   0.0   114   154   205   246   203   250 0.89 -
Pdum_DN83588_c0_g2_i13:1452-2396 -            315 399439at33208        -            178   9.6e-19   65.0   3.4   1   6    0.0088      0.25    8.3   0.1   126   145     9    28     3    34 0.83 -
Pdum_DN83588_c0_g2_i13:1452-2396 -            315 399439at33208        -            178   9.6e-19   65.0   3.4   2   6   0.00026    0.0076   13.2   0.0   113   153    39    80    36    87 0.86 -
Pdum_DN83588_c0_g2_i13:1452-2396 -            315 399439at33208        -            178   9.6e-19   65.0   3.4   3   6   0.00023    0.0067   13.4   0.0    83   148    94   160    88   168 0.77 -
Pdum_DN83588_c0_g2_i13:1452-2396 -            315 399439at33208        -            178   9.6e-19   65.0   3.4   4   6      0.58        17    2.3   0.0   128   146   198   216   185   239 0.70 -
Pdum_DN83588_c0_g2_i13:1452-2396 -            315 399439at33208        -            178   9.6e-19   65.0   3.4   5   6   6.6e-05    0.0019   15.2   0.0   114   150   242   279   237   284 0.86 -
Pdum_DN83588_c0_g2_i13:1452-2396 -            315 399439at33208        -            178   9.6e-19   65.0   3.4   6   6     0.028      0.82    6.6   0.0   114   143   284   314   277   315 0.80 -
Pdum_DN88256_c0_g1_i4:512-2926   -            805 399439at33208        -            178   1.4e-18   64.5  26.1   1   9       9.6   2.8e+02   -1.6   0.0     2    42    59    97    58   105 0.70 -
Pdum_DN88256_c0_g1_i4:512-2926   -            805 399439at33208        -            178   1.4e-18   64.5  26.1   2   9    0.0097      0.28    8.1   0.3   125   146   109   130    97   138 0.83 -
Pdum_DN88256_c0_g1_i4:512-2926   -            805 399439at33208        -            178   1.4e-18   64.5  26.1   3   9     0.003     0.087    9.8   0.1   110   150   131   178   128   183 0.74 -
Pdum_DN88256_c0_g1_i4:512-2926   -            805 399439at33208        -            178   1.4e-18   64.5  26.1   4   9      0.05       1.5    5.8   0.5    72   150   183   272   178   300 0.57 -
Pdum_DN88256_c0_g1_i4:512-2926   -            805 399439at33208        -            178   1.4e-18   64.5  26.1   5   9   1.4e-05    0.0004   17.4   0.2    69   153   335   420   319   425 0.83 -
Pdum_DN88256_c0_g1_i4:512-2926   -            805 399439at33208        -            178   1.4e-18   64.5  26.1   6   9   6.8e-08     2e-06   24.9   1.1    50   143   356   457   342   461 0.80 -
Pdum_DN88256_c0_g1_i4:512-2926   -            805 399439at33208        -            178   1.4e-18   64.5  26.1   7   9   5.3e-05    0.0015   15.5   0.0    79   145   486   553   480   562 0.89 -
Pdum_DN88256_c0_g1_i4:512-2926   -            805 399439at33208        -            178   1.4e-18   64.5  26.1   8   9   4.6e-05    0.0013   15.7   0.6    72   150   521   600   521   612 0.85 -
Pdum_DN88256_c0_g1_i4:512-2926   -            805 399439at33208        -            178   1.4e-18   64.5  26.1   9   9    0.0016     0.046   10.7   0.4    72   143   563   635   554   644 0.77 -
Pdum_DN78454_c0_g1_i4:576-2111   -            512 399439at33208        -            178   9.9e-18   61.7   3.8   1   3    0.0055      0.16    8.9   0.0   117   148   215   247   207   254 0.79 -
Pdum_DN78454_c0_g1_i4:576-2111   -            512 399439at33208        -            178   9.9e-18   61.7   3.8   2   3   1.1e-15   3.2e-14   50.3   0.4    37   148   265   381   254   389 0.87 -
Pdum_DN78454_c0_g1_i4:576-2111   -            512 399439at33208        -            178   9.9e-18   61.7   3.8   3   3       1.7        49    0.8   0.0    86   148   409   474   404   483 0.79 -
Pdum_DN78854_c0_g1_i1:1579-2349  -            257 399439at33208        -            178   1.2e-17   61.4   6.7   1   5     0.001      0.03   11.3   0.1   114   142     1    30     1    43 0.86 -
Pdum_DN78854_c0_g1_i1:1579-2349  -            257 399439at33208        -            178   1.2e-17   61.4   6.7   2   5   2.3e-08   6.6e-07   26.5   0.3    69   153    40   124    33   127 0.83 -
Pdum_DN78854_c0_g1_i1:1579-2349  -            257 399439at33208        -            178   1.2e-17   61.4   6.7   3   5    0.0056      0.16    8.9   0.0   114   148   127   162   121   168 0.83 -
Pdum_DN78854_c0_g1_i1:1579-2349  -            257 399439at33208        -            178   1.2e-17   61.4   6.7   4   5   0.00015    0.0044   14.0   0.1   113   153   168   209   161   214 0.86 -
Pdum_DN78854_c0_g1_i1:1579-2349  -            257 399439at33208        -            178   1.2e-17   61.4   6.7   5   5      0.98        29    1.6   0.0     4    27   218   242   215   247 0.79 -
Pdum_DN79110_c0_g1_i7:340-1365   -            342 399439at33208        -            178   4.2e-17   59.7   0.1   1   5   0.00033    0.0097   12.9   0.0    70   150    47   129    41   133 0.76 -
Pdum_DN79110_c0_g1_i7:340-1365   -            342 399439at33208        -            178   4.2e-17   59.7   0.1   2   5   5.9e-07   1.7e-05   21.9   0.0   114   147   134   169   132   180 0.86 -
Pdum_DN79110_c0_g1_i7:340-1365   -            342 399439at33208        -            178   4.2e-17   59.7   0.1   3   5   9.1e-05    0.0027   14.7   0.0    77   145   181   250   177   272 0.83 -
Pdum_DN79110_c0_g1_i7:340-1365   -            342 399439at33208        -            178   4.2e-17   59.7   0.1   4   5       1.8        52    0.7   0.0   130   148   285   303   258   308 0.80 -
Pdum_DN79110_c0_g1_i7:340-1365   -            342 399439at33208        -            178   4.2e-17   59.7   0.1   5   5       0.2       5.8    3.8   0.0    77   141   273   338   271   342 0.71 -
Pdum_DN73504_c1_g7_i2:375-1772   -            466 399439at33208        -            178   6.2e-17   59.1   1.8   1   4     0.074       2.1    5.2   0.0   114   145   140   172   124   180 0.61 -
Pdum_DN73504_c1_g7_i2:375-1772   -            466 399439at33208        -            178   6.2e-17   59.1   1.8   2   4   1.4e-08   4.1e-07   27.1   0.0    68   146   189   268   185   276 0.86 -
Pdum_DN73504_c1_g7_i2:375-1772   -            466 399439at33208        -            178   6.2e-17   59.1   1.8   3   4   0.00022    0.0065   13.5   0.0    69   152   274   356   272   362 0.87 -
Pdum_DN73504_c1_g7_i2:375-1772   -            466 399439at33208        -            178   6.2e-17   59.1   1.8   4   4     0.056       1.6    5.6   0.0   118   145   374   402   369   418 0.72 -
Pdum_DN85045_c0_g1_i5:248-835    -            196 399439at33208        -            178   1.2e-16   58.2   1.0   1   4   0.00057     0.017   12.1   0.1   126   152    11    37     3    49 0.82 -
Pdum_DN85045_c0_g1_i5:248-835    -            196 399439at33208        -            178   1.2e-16   58.2   1.0   2   4   2.8e-06   8.3e-05   19.6   0.0    72   150    40   119    37   123 0.84 -
Pdum_DN85045_c0_g1_i5:248-835    -            196 399439at33208        -            178   1.2e-16   58.2   1.0   3   4   0.00016    0.0047   13.9   0.0   114   150   124   161   119   164 0.88 -
Pdum_DN85045_c0_g1_i5:248-835    -            196 399439at33208        -            178   1.2e-16   58.2   1.0   4   4    0.0044      0.13    9.2   0.0   113   143   165   196   160   196 0.86 -
Pdum_DN66431_c0_g1_i1:1561-2364  -            268 399439at33208        -            178   1.5e-16   57.9   1.0   1   6     0.058       1.7    5.6   0.0   114   147     5    44     3    51 0.75 -
Pdum_DN66431_c0_g1_i1:1561-2364  -            268 399439at33208        -            178   1.5e-16   57.9   1.0   2   6    0.0018     0.054   10.5   0.2   113   146    51    84    26    90 0.81 -
Pdum_DN66431_c0_g1_i1:1561-2364  -            268 399439at33208        -            178   1.5e-16   57.9   1.0   3   6   0.00015    0.0043   14.0   0.0   114   147    91   125    85   130 0.84 -
Pdum_DN66431_c0_g1_i1:1561-2364  -            268 399439at33208        -            178   1.5e-16   57.9   1.0   4   6    0.0018     0.051   10.5   0.0   113   149   130   166   124   171 0.91 -
Pdum_DN66431_c0_g1_i1:1561-2364  -            268 399439at33208        -            178   1.5e-16   57.9   1.0   5   6   0.00064     0.019   12.0   0.0   114   151   172   210   167   214 0.88 -
Pdum_DN66431_c0_g1_i1:1561-2364  -            268 399439at33208        -            178   1.5e-16   57.9   1.0   6   6       6.4   1.9e+02   -1.1   0.0   121   143   219   241   211   249 0.77 -
Pdum_DN83588_c0_g2_i13:1293-2279 -            329 399439at33208        -            178   3.5e-16   56.7   0.6   1   5    0.0014     0.041   10.9   0.0   114   153     1    41     1    50 0.81 -
Pdum_DN83588_c0_g2_i13:1293-2279 -            329 399439at33208        -            178   3.5e-16   56.7   0.6   2   5   0.00025    0.0072   13.3   0.0    83   148    55   121    49   129 0.77 -
Pdum_DN83588_c0_g2_i13:1293-2279 -            329 399439at33208        -            178   3.5e-16   56.7   0.6   3   5      0.58        17    2.3   0.0   128   146   159   177   145   202 0.70 -
Pdum_DN83588_c0_g2_i13:1293-2279 -            329 399439at33208        -            178   3.5e-16   56.7   0.6   4   5   7.2e-05    0.0021   15.1   0.0   114   150   203   240   195   244 0.86 -
Pdum_DN83588_c0_g2_i13:1293-2279 -            329 399439at33208        -            178   3.5e-16   56.7   0.6   5   5    0.0097      0.28    8.1   0.0   114   146   245   278   238   287 0.79 -
Pdum_DN91072_c6_g2_i4:11-988     -            326 399439at33208        -            178   6.5e-16   55.8   1.3   1   5     0.013      0.39    7.7   0.0   115   149    30    65    13    70 0.83 -
Pdum_DN91072_c6_g2_i4:11-988     -            326 399439at33208        -            178   6.5e-16   55.8   1.3   2   5   2.3e-05   0.00066   16.7   0.1   114   150    73   110    68   114 0.86 -
Pdum_DN91072_c6_g2_i4:11-988     -            326 399439at33208        -            178   6.5e-16   55.8   1.3   3   5     0.037       1.1    6.2   0.0   111   145   108   147   106   162 0.76 -
Pdum_DN91072_c6_g2_i4:11-988     -            326 399439at33208        -            178   6.5e-16   55.8   1.3   4   5    0.0074      0.21    8.5   0.0   119   152   171   205   153   207 0.80 -
Pdum_DN91072_c6_g2_i4:11-988     -            326 399439at33208        -            178   6.5e-16   55.8   1.3   5   5   0.00066     0.019   11.9   0.0   114   150   208   245   206   252 0.80 -
Pdum_DN90586_c2_g3_i4:2166-2804  -            213 399439at33208        -            178   1.9e-15   54.3   0.2   1   4    0.0025     0.071   10.1   0.0    73   148     8    85     3    91 0.78 -
Pdum_DN90586_c2_g3_i4:2166-2804  -            213 399439at33208        -            178   1.9e-15   54.3   0.2   2   4   8.3e-05    0.0024   14.8   0.0    72   146    50   125    46   133 0.91 -
Pdum_DN90586_c2_g3_i4:2166-2804  -            213 399439at33208        -            178   1.9e-15   54.3   0.2   3   4   8.4e-06   0.00025   18.1   0.0   114   150   134   171   128   176 0.90 -
Pdum_DN90586_c2_g3_i4:2166-2804  -            213 399439at33208        -            178   1.9e-15   54.3   0.2   4   4   0.00039     0.011   12.7   0.0   115   145   177   208   174   213 0.85 -
Pdum_DN66325_c0_g1_i1:831-1904   -            358 399439at33208        -            178   4.3e-15   53.1   0.8   1   5   1.2e-05   0.00034   17.6   0.0    67   150    24   110    21   117 0.84 -
Pdum_DN66325_c0_g1_i1:831-1904   -            358 399439at33208        -            178   4.3e-15   53.1   0.8   2   5   1.5e-05   0.00045   17.2   0.0   114   155   173   214   169   228 0.89 -
Pdum_DN66325_c0_g1_i1:831-1904   -            358 399439at33208        -            178   4.3e-15   53.1   0.8   3   5       4.1   1.2e+02   -0.4   0.0   127   151   245   269   236   273 0.81 -
Pdum_DN66325_c0_g1_i1:831-1904   -            358 399439at33208        -            178   4.3e-15   53.1   0.8   4   5       1.9        56    0.6   0.0   126   146   290   310   281   317 0.73 -
Pdum_DN66325_c0_g1_i1:831-1904   -            358 399439at33208        -            178   4.3e-15   53.1   0.8   5   5    0.0033     0.096    9.6   0.1   114   142   329   358   327   358 0.88 -
Pdum_DN90064_c4_g2_i4:2740-4161  -            474 399439at33208        -            178   1.1e-14   51.8   1.6   1   3    0.0047      0.14    9.1   0.1   111   143   179   212   139   217 0.70 -
Pdum_DN90064_c4_g2_i4:2740-4161  -            474 399439at33208        -            178   1.1e-14   51.8   1.6   2   3   5.9e-07   1.7e-05   21.8   0.0    72   155   265   349   255   350 0.89 -
Pdum_DN90064_c4_g2_i4:2740-4161  -            474 399439at33208        -            178   1.1e-14   51.8   1.6   3   3   1.3e-05   0.00038   17.5   0.0   113   147   349   383   344   392 0.92 -
Pdum_DN80927_c0_g1_i1:489-1964   -            492 399439at33208        -            178   1.2e-14   51.7   6.4   1   5   0.00055     0.016   12.2   0.0   125   148   158   181   145   195 0.74 -
Pdum_DN80927_c0_g1_i1:489-1964   -            492 399439at33208        -            178   1.2e-14   51.7   6.4   2   5       0.3       8.6    3.3   0.0   127   150   256   279   242   287 0.83 -
Pdum_DN80927_c0_g1_i1:489-1964   -            492 399439at33208        -            178   1.2e-14   51.7   6.4   3   5   1.7e-05    0.0005   17.1   0.1    78   146   290   358   282   369 0.79 -
Pdum_DN80927_c0_g1_i1:489-1964   -            492 399439at33208        -            178   1.2e-14   51.7   6.4   4   5    0.0091      0.26    8.2   0.0   129   153   392   416   387   420 0.84 -
Pdum_DN80927_c0_g1_i1:489-1964   -            492 399439at33208        -            178   1.2e-14   51.7   6.4   5   5    0.0022     0.063   10.2   0.0   114   149   418   454   412   461 0.86 -
Pdum_DN72920_c0_g1_i5:770-1675   -            302 399439at33208        -            178   1.2e-14   51.7   5.3   1   5      0.29       8.5    3.3   0.0   128   148    30    50    25    58 0.86 -
Pdum_DN72920_c0_g1_i5:770-1675   -            302 399439at33208        -            178   1.2e-14   51.7   5.3   2   5    0.0041      0.12    9.3   0.0   124   151    70    97    55   101 0.74 -
Pdum_DN72920_c0_g1_i5:770-1675   -            302 399439at33208        -            178   1.2e-14   51.7   5.3   3   5       1.1        32    1.4   0.0   126   150   114   138   107   145 0.81 -
Pdum_DN72920_c0_g1_i5:770-1675   -            302 399439at33208        -            178   1.2e-14   51.7   5.3   4   5   3.6e-11     1e-09   35.6   0.2    57   154   167   267   146   282 0.83 -
Pdum_DN72920_c0_g1_i5:770-1675   -            302 399439at33208        -            178   1.2e-14   51.7   5.3   5   5       7.3   2.1e+02   -1.3   0.0   115   143   270   299   264   300 0.65 -
Pdum_DN90273_c4_g1_i2:3537-4052  -            172 399439at33208        -            178   1.6e-14   51.2   1.7   1   3       1.1        31    1.5   0.0   129   148    23    42     9    47 0.72 -
Pdum_DN90273_c4_g1_i2:3537-4052  -            172 399439at33208        -            178   1.6e-14   51.2   1.7   2   3   0.00042     0.012   12.5   0.0   115   152    50    88    48    90 0.77 -
Pdum_DN90273_c4_g1_i2:3537-4052  -            172 399439at33208        -            178   1.6e-14   51.2   1.7   3   3   7.3e-11   2.1e-09   34.6   1.2    70   145    89   165    86   170 0.93 -
Pdum_DN83656_c0_g1_i2:2236-2991  -            252 399439at33208        -            178   2.1e-14   50.9   5.3   1   5     4e-05    0.0012   15.9   0.0   114   155     6    45     3    50 0.86 -
Pdum_DN83656_c0_g1_i2:2236-2991  -            252 399439at33208        -            178   2.1e-14   50.9   5.3   2   5    0.0095      0.28    8.1   0.0   127   150    75    98    73   102 0.90 -
Pdum_DN83656_c0_g1_i2:2236-2991  -            252 399439at33208        -            178   2.1e-14   50.9   5.3   3   5   0.00092     0.027   11.4   0.0   113   150   102   140    97   144 0.87 -
Pdum_DN83656_c0_g1_i2:2236-2991  -            252 399439at33208        -            178   2.1e-14   50.9   5.3   4   5    0.0037      0.11    9.5   0.7    73   148   146   218   145   227 0.71 -
Pdum_DN83656_c0_g1_i2:2236-2991  -            252 399439at33208        -            178   2.1e-14   50.9   5.3   5   5       1.8        52    0.7   0.0   114   142   225   252   222   252 0.84 -
Pdum_DN71389_c1_g2_i1:359-1099   -            247 399439at33208        -            178   8.2e-14   49.0   4.0   1   4    0.0034       0.1    9.6   0.0   114   146     6    40     4    53 0.85 -
Pdum_DN71389_c1_g2_i1:359-1099   -            247 399439at33208        -            178   8.2e-14   49.0   4.0   2   4   2.1e-09     6e-08   29.9   0.1    67   145    49   128    39   138 0.87 -
Pdum_DN71389_c1_g2_i1:359-1099   -            247 399439at33208        -            178   8.2e-14   49.0   4.0   3   4   0.00024     0.007   13.4   0.2    73   143    97   173    97   180 0.73 -
Pdum_DN71389_c1_g2_i1:359-1099   -            247 399439at33208        -            178   8.2e-14   49.0   4.0   4   4    0.0064      0.19    8.7   0.2    72   149   141   221   140   227 0.80 -
Pdum_DN74384_c0_g2_i2:99-1367    -            423 399439at33208        -            178   3.4e-13   46.9  10.3   1   6    0.0011     0.031   11.3   0.0   113   148   101   134   100   145 0.83 -
Pdum_DN74384_c0_g2_i2:99-1367    -            423 399439at33208        -            178   3.4e-13   46.9  10.3   2   6      0.29       8.3    3.3   0.1   128   153   161   186   156   189 0.86 -
Pdum_DN74384_c0_g2_i2:99-1367    -            423 399439at33208        -            178   3.4e-13   46.9  10.3   3   6    0.0063      0.18    8.7   0.2   106   143   184   222   180   228 0.84 -
Pdum_DN74384_c0_g2_i2:99-1367    -            423 399439at33208        -            178   3.4e-13   46.9  10.3   4   6   4.4e-05    0.0013   15.7   0.1   114   150   260   296   257   305 0.91 -
Pdum_DN74384_c0_g2_i2:99-1367    -            423 399439at33208        -            178   3.4e-13   46.9  10.3   5   6    0.0036       0.1    9.5   0.1    76   146   304   379   298   385 0.81 -
Pdum_DN74384_c0_g2_i2:99-1367    -            423 399439at33208        -            178   3.4e-13   46.9  10.3   6   6       1.7        51    0.8   0.0   114   147   389   422   385   423 0.92 -
Pdum_DN73138_c0_g1_i1:392-1264   -            291 399439at33208        -            178   4.2e-13   46.6   3.9   1   4      0.15       4.3    4.3   0.0   127   149    22    44    10    66 0.72 -
Pdum_DN73138_c0_g1_i1:392-1264   -            291 399439at33208        -            178   4.2e-13   46.6   3.9   2   4   3.4e-06   9.8e-05   19.4   0.1    72   149    50   128    48   136 0.89 -
Pdum_DN73138_c0_g1_i1:392-1264   -            291 399439at33208        -            178   4.2e-13   46.6   3.9   3   4   7.8e-06   0.00023   18.2   0.5    43   150   145   255   132   260 0.84 -
Pdum_DN73138_c0_g1_i1:392-1264   -            291 399439at33208        -            178   4.2e-13   46.6   3.9   4   4       2.2        64    0.4   0.0    31    58   258   285   255   290 0.81 -
Pdum_DN63925_c0_g1_i1:119-1006   -            296 399439at33208        -            178   7.4e-13   45.8   6.1   1   5   8.4e-06   0.00024   18.1   0.0   114   152    34    72    28    75 0.92 -
Pdum_DN63925_c0_g1_i1:119-1006   -            296 399439at33208        -            178   7.4e-13   45.8   6.1   2   5     0.013      0.39    7.7   0.1   113   144    74   105    73   115 0.90 -
Pdum_DN63925_c0_g1_i1:119-1006   -            296 399439at33208        -            178   7.4e-13   45.8   6.1   3   5     0.041       1.2    6.1   0.0   114   150   116   153   110   166 0.82 -
Pdum_DN63925_c0_g1_i1:119-1006   -            296 399439at33208        -            178   7.4e-13   45.8   6.1   4   5     0.018      0.52    7.3   0.0     4    67   164   230   161   235 0.81 -
Pdum_DN63925_c0_g1_i1:119-1006   -            296 399439at33208        -            178   7.4e-13   45.8   6.1   5   5     0.024      0.69    6.8   0.1   129   155   257   283   249   294 0.82 -
Pdum_DN80498_c1_g1_i1:1987-2589  -            201 399439at33208        -            178     1e-12   45.4   1.2   1   5   0.00018    0.0052   13.8   0.1   115   150     1    37     1    42 0.82 -
Pdum_DN80498_c1_g1_i1:1987-2589  -            201 399439at33208        -            178     1e-12   45.4   1.2   2   5   0.00034    0.0098   12.9   0.1   114   153    42    83    38    86 0.75 -
Pdum_DN80498_c1_g1_i1:1987-2589  -            201 399439at33208        -            178     1e-12   45.4   1.2   3   5     0.019      0.54    7.2   0.0   114   152    86   125    82   132 0.86 -
Pdum_DN80498_c1_g1_i1:1987-2589  -            201 399439at33208        -            178     1e-12   45.4   1.2   4   5       1.4        42    1.0   0.0   126   154   143   171   137   172 0.85 -
Pdum_DN80498_c1_g1_i1:1987-2589  -            201 399439at33208        -            178     1e-12   45.4   1.2   5   5     0.038       1.1    6.2   0.0   114   142   172   201   167   201 0.89 -
Pdum_DN66770_c0_g1_i1:157-1065   -            303 399439at33208        -            178   1.1e-12   45.3   5.6   1   5   0.00044     0.013   12.5   0.1   114   152    11    51     1    53 0.83 -
Pdum_DN66770_c0_g1_i1:157-1065   -            303 399439at33208        -            178   1.1e-12   45.3   5.6   2   5   0.00026    0.0076   13.2   0.0   108   152    50    94    46   101 0.86 -
Pdum_DN66770_c0_g1_i1:157-1065   -            303 399439at33208        -            178   1.1e-12   45.3   5.6   3   5    0.0088      0.26    8.3   0.1   115   145   142   173   111   187 0.78 -
Pdum_DN66770_c0_g1_i1:157-1065   -            303 399439at33208        -            178   1.1e-12   45.3   5.6   4   5       2.2        63    0.5   0.0     4    34   191   222   188   233 0.73 -
Pdum_DN66770_c0_g1_i1:157-1065   -            303 399439at33208        -            178   1.1e-12   45.3   5.6   5   5     0.015      0.43    7.5   0.1   126   149   244   267   232   276 0.84 -
Pdum_DN87178_c0_g1_i10:2619-3539 -            307 399439at33208        -            178   1.2e-12   45.1   1.8   1   3     0.032      0.94    6.4   0.0   129   147     5    23     2    37 0.88 -
Pdum_DN87178_c0_g1_i10:2619-3539 -            307 399439at33208        -            178   1.2e-12   45.1   1.8   2   3   3.5e-05     0.001   16.1   0.1   113   156    94   138    31   140 0.70 -
Pdum_DN87178_c0_g1_i10:2619-3539 -            307 399439at33208        -            178   1.2e-12   45.1   1.8   3   3   4.6e-06   0.00013   18.9   0.1    85   165   203   281   183   287 0.81 -
Pdum_DN84241_c0_g1_i1:2776-3423  -            216 399439at33208        -            178   5.5e-12   43.0   1.4   1   4    0.0002    0.0059   13.6   0.0   114   149     9    45     2    50 0.82 -
Pdum_DN84241_c0_g1_i1:2776-3423  -            216 399439at33208        -            178   5.5e-12   43.0   1.4   2   4    0.0092      0.27    8.2   0.0   114   154    51    94    46    98 0.80 -
Pdum_DN84241_c0_g1_i1:2776-3423  -            216 399439at33208        -            178   5.5e-12   43.0   1.4   3   4   0.00013    0.0038   14.2   0.1    72   150    95   176    92   182 0.80 -
Pdum_DN84241_c0_g1_i1:2776-3423  -            216 399439at33208        -            178   5.5e-12   43.0   1.4   4   4      0.19       5.6    3.9   0.1   115   143   183   212   178   215 0.83 -
Pdum_DN76828_c2_g1_i1:4967-5695  -            243 399439at33208        -            178   8.7e-12   42.4   0.4   1   4   5.5e-07   1.6e-05   22.0   0.0   114   151    44    81    42    84 0.95 -
Pdum_DN76828_c2_g1_i1:4967-5695  -            243 399439at33208        -            178   8.7e-12   42.4   0.4   2   4     0.003     0.089    9.8   0.0   114   148    85   120    81   126 0.89 -
Pdum_DN76828_c2_g1_i1:4967-5695  -            243 399439at33208        -            178   8.7e-12   42.4   0.4   3   4      0.34       9.9    3.1   0.0   114   150   127   164   124   172 0.81 -
Pdum_DN76828_c2_g1_i1:4967-5695  -            243 399439at33208        -            178   8.7e-12   42.4   0.4   4   4      0.65        19    2.2   0.1   114   143   213   243   210   243 0.86 -
Pdum_DN84903_c4_g3_i8:753-1754   -            334 399439at33208        -            178     1e-11   42.1   1.6   1   4   1.8e-05   0.00053   17.0   0.1    80   150    62   133    12   139 0.77 -
Pdum_DN84903_c4_g3_i8:753-1754   -            334 399439at33208        -            178     1e-11   42.1   1.6   2   4    0.0068       0.2    8.6   0.0   116   151   140   176   136   183 0.84 -
Pdum_DN84903_c4_g3_i8:753-1754   -            334 399439at33208        -            178     1e-11   42.1   1.6   3   4      0.14       4.2    4.3   0.0   107   142   216   251   186   262 0.63 -
Pdum_DN84903_c4_g3_i8:753-1754   -            334 399439at33208        -            178     1e-11   42.1   1.6   4   4     0.075       2.2    5.2   0.1   126   145   280   299   228   307 0.60 -
Pdum_DN84798_c1_g2_i5:993-2768   -            592 399439at33208        -            178     1e-11   42.1   0.4   1   5    0.0009     0.026   11.5   0.0    68   144   130   208   101   217 0.84 -
Pdum_DN84798_c1_g2_i5:993-2768   -            592 399439at33208        -            178     1e-11   42.1   0.4   2   5     0.056       1.6    5.6   0.0   128   150   236   258   221   270 0.79 -
Pdum_DN84798_c1_g2_i5:993-2768   -            592 399439at33208        -            178     1e-11   42.1   0.4   3   5      0.29       8.3    3.3   0.1   115   149   308   343   303   383 0.50 -
Pdum_DN84798_c1_g2_i5:993-2768   -            592 399439at33208        -            178     1e-11   42.1   0.4   4   5    0.0085      0.25    8.3   0.0    72   148   473   552   458   565 0.84 -
Pdum_DN84798_c1_g2_i5:993-2768   -            592 399439at33208        -            178     1e-11   42.1   0.4   5   5      0.27       7.9    3.4   0.1   118   143   565   590   560   592 0.89 -
Pdum_DN38861_c0_g1_i1:595-1392   -            266 399439at33208        -            178     1e-11   42.1   0.2   1   3     0.075       2.2    5.2   0.0   115   143     1    29     1    38 0.92 -
Pdum_DN38861_c0_g1_i1:595-1392   -            266 399439at33208        -            178     1e-11   42.1   0.2   2   3   9.3e-08   2.7e-06   24.5   0.1    79   170    90   182    64   185 0.88 -
Pdum_DN38861_c0_g1_i1:595-1392   -            266 399439at33208        -            178     1e-11   42.1   0.2   3   3    0.0049      0.14    9.1   0.0   108   147   219   261   187   265 0.79 -
Pdum_DN83800_c0_g2_i3:14-562     -            183 399439at33208        -            178   7.4e-11   39.3   1.1   1   3     3e-06   8.8e-05   19.5   0.0   113   151    58    97    43   105 0.83 -
Pdum_DN83800_c0_g2_i3:14-562     -            183 399439at33208        -            178   7.4e-11   39.3   1.1   2   3     0.012      0.36    7.8   0.1   114   147   101   134    95   142 0.85 -
Pdum_DN83800_c0_g2_i3:14-562     -            183 399439at33208        -            178   7.4e-11   39.3   1.1   3   3    0.0017      0.05   10.6   0.0   114   150   142   179   138   183 0.83 -
Pdum_DN84814_c0_g2_i1:1505-2083  -            193 399439at33208        -            178   9.1e-11   39.0   0.2   1   3   1.6e-06   4.7e-05   20.4   0.0    66   155    28   117    14   125 0.92 -
Pdum_DN84814_c0_g2_i1:1505-2083  -            193 399439at33208        -            178   9.1e-11   39.0   0.2   2   3     0.024      0.69    6.9   0.0   127   150   132   155   118   159 0.78 -
Pdum_DN84814_c0_g2_i1:1505-2083  -            193 399439at33208        -            178   9.1e-11   39.0   0.2   3   3    0.0078      0.23    8.4   0.0   114   145   160   192   156   193 0.82 -
Pdum_DN88766_c3_g2_i10:292-717   -            142 399439at33208        -            178   1.3e-10   38.6   0.2   1   3       0.2       5.7    3.9   0.0   126   150     2    26     1    31 0.84 -
Pdum_DN88766_c3_g2_i10:292-717   -            142 399439at33208        -            178   1.3e-10   38.6   0.2   2   3   2.2e-05   0.00064   16.7   0.0   114   151    32    70    24    73 0.89 -
Pdum_DN88766_c3_g2_i10:292-717   -            142 399439at33208        -            178   1.3e-10   38.6   0.2   3   3     7e-05     0.002   15.1   0.0   114   149    74   110    72   115 0.81 -
Pdum_DN77965_c1_g1_i1:1646-2635  -            330 399439at33208        -            178   1.7e-10   38.1   8.1   1   4    0.0043      0.12    9.3   0.2    72   148     9    89     2    97 0.70 -
Pdum_DN77965_c1_g1_i1:1646-2635  -            330 399439at33208        -            178   1.7e-10   38.1   8.1   2   4   0.00057     0.017   12.1   0.7    72   143    98   173    89   192 0.82 -
Pdum_DN77965_c1_g1_i1:1646-2635  -            330 399439at33208        -            178   1.7e-10   38.1   8.1   3   4   0.00011    0.0033   14.4   0.1    78   149   149   224   144   230 0.85 -
Pdum_DN77965_c1_g1_i1:1646-2635  -            330 399439at33208        -            178   1.7e-10   38.1   8.1   4   4     0.022      0.64    7.0   0.0   119   144   301   328   246   330 0.81 -
Pdum_DN75190_c1_g2_i8:2335-2706  -            124 399439at33208        -            178   2.5e-10   37.6   2.3   1   2     3e-09   8.8e-08   29.3   0.7    83   153    18    87    14    91 0.91 -
Pdum_DN75190_c1_g2_i8:2335-2706  -            124 399439at33208        -            178   2.5e-10   37.6   2.3   2   2    0.0084      0.24    8.3   0.1   114   149    89   123    85   124 0.87 -
Pdum_DN90796_c3_g1_i4:1517-2605  -            363 399439at33208        -            178   2.5e-10   37.6   1.4   1   3       2.3        67    0.4   0.0   115   143     7    35     5    45 0.83 -
Pdum_DN90796_c3_g1_i4:1517-2605  -            363 399439at33208        -            178   2.5e-10   37.6   1.4   2   3   3.6e-09     1e-07   29.1   0.1    11   150   104   255    96   262 0.71 -
Pdum_DN90796_c3_g1_i4:1517-2605  -            363 399439at33208        -            178   2.5e-10   37.6   1.4   3   3      0.14       4.1    4.3   0.0   114   143   330   361   321   363 0.79 -
Pdum_DN80990_c0_g1_i2:150-1607   -            486 399439at33208        -            178   2.6e-10   37.6   0.6   1   3   3.7e-05    0.0011   16.0   0.0   113   155   247   291   243   295 0.87 -
Pdum_DN80990_c0_g1_i2:150-1607   -            486 399439at33208        -            178   2.6e-10   37.6   0.6   2   3     0.015      0.43    7.5   0.0   115   146   292   325   289   335 0.81 -
Pdum_DN80990_c0_g1_i2:150-1607   -            486 399439at33208        -            178   2.6e-10   37.6   0.6   3   3    0.0011     0.033   11.1   0.1   115   154   378   417   366   432 0.78 -
Pdum_DN89990_c3_g2_i4:936-1778   -            281 399439at33208        -            178   4.4e-10   36.8   0.1   1   3    0.0014     0.039   10.9   0.0    52   161    54   166     4   172 0.71 -
Pdum_DN89990_c3_g2_i4:936-1778   -            281 399439at33208        -            178   4.4e-10   36.8   0.1   2   3    0.0041      0.12    9.3   0.0   115   150   164   203   162   208 0.82 -
Pdum_DN89990_c3_g2_i4:936-1778   -            281 399439at33208        -            178   4.4e-10   36.8   0.1   3   3   0.00016    0.0047   13.9   0.0    76   143   211   281   205   281 0.82 -
Pdum_DN82224_c0_g1_i1:2783-3526  -            248 399439at33208        -            178   4.6e-10   36.7   3.5   1   5    0.0028     0.081    9.9   0.0   115   147     6    39     4    44 0.77 -
Pdum_DN82224_c0_g1_i1:2783-3526  -            248 399439at33208        -            178   4.6e-10   36.7   3.5   2   5    0.0024     0.071   10.1   0.0   112   149    45    82    42   110 0.84 -
Pdum_DN82224_c0_g1_i1:2783-3526  -            248 399439at33208        -            178   4.6e-10   36.7   3.5   3   5   0.00061     0.018   12.0   0.1   116   152   118   155   115   169 0.78 -
Pdum_DN82224_c0_g1_i1:2783-3526  -            248 399439at33208        -            178   4.6e-10   36.7   3.5   4   5       6.7   1.9e+02   -1.1   0.0     8    31   183   206   178   217 0.81 -
Pdum_DN82224_c0_g1_i1:2783-3526  -            248 399439at33208        -            178   4.6e-10   36.7   3.5   5   5      0.58        17    2.3   0.1   117   143   220   247   201   248 0.74 -
Pdum_DN83552_c2_g1_i4:337-1659   -            441 399439at33208        -            178   4.8e-10   36.7   0.6   1   3    0.0017     0.049   10.6   0.0   114   147    63    98    62   107 0.79 -
Pdum_DN83552_c2_g1_i4:337-1659   -            441 399439at33208        -            178   4.8e-10   36.7   0.6   2   3       2.5        73    0.3   0.0   115   147   107   140   103   145 0.75 -
Pdum_DN83552_c2_g1_i4:337-1659   -            441 399439at33208        -            178   4.8e-10   36.7   0.6   3   3     5e-07   1.5e-05   22.1   0.1    15   150   213   358   198   378 0.80 -
Pdum_DN92785_c3_g1_i2:3114-4076  -            321 399439at33208        -            178   5.5e-10   36.5   1.0   1   2       3.7   1.1e+02   -0.3   0.0   122   153   193   224   186   231 0.83 -
Pdum_DN92785_c3_g1_i2:3114-4076  -            321 399439at33208        -            178   5.5e-10   36.5   1.0   2   2   1.2e-09   3.4e-08   30.7   0.4    69   146   242   320   232   321 0.89 -
Pdum_DN73512_c4_g2_i3:726-1661   -            312 399439at33208        -            178   5.8e-10   36.4   1.0   1   4         1        30    1.5   0.0   131   150    76    95    13    99 0.83 -
Pdum_DN73512_c4_g2_i3:726-1661   -            312 399439at33208        -            178   5.8e-10   36.4   1.0   2   4   1.2e-05   0.00034   17.6   0.1    73   151   100   180    97   190 0.75 -
Pdum_DN73512_c4_g2_i3:726-1661   -            312 399439at33208        -            178   5.8e-10   36.4   1.0   3   4         3        86    0.0   0.0     4    53   190   242   187   258 0.74 -
Pdum_DN73512_c4_g2_i3:726-1661   -            312 399439at33208        -            178   5.8e-10   36.4   1.0   4   4     0.014      0.39    7.6   0.0   119   149   270   301   259   307 0.75 -
Pdum_DN86522_c0_g3_i4:534-1520   -            329 399439at33208        -            178   9.9e-10   35.7   5.2   1   5    0.0041      0.12    9.3   0.0    84   149    11    77     3    87 0.82 -
Pdum_DN86522_c0_g3_i4:534-1520   -            329 399439at33208        -            178   9.9e-10   35.7   5.2   2   5    0.0022     0.065   10.2   0.2    72   148    41   116    41   123 0.86 -
Pdum_DN86522_c0_g3_i4:534-1520   -            329 399439at33208        -            178   9.9e-10   35.7   5.2   3   5      0.74        21    2.0   0.0   133   152   142   161   122   165 0.81 -
Pdum_DN86522_c0_g3_i4:534-1520   -            329 399439at33208        -            178   9.9e-10   35.7   5.2   4   5     0.051       1.5    5.8   0.0   113   165   166   218   163   222 0.80 -
Pdum_DN86522_c0_g3_i4:534-1520   -            329 399439at33208        -            178   9.9e-10   35.7   5.2   5   5   0.00048     0.014   12.4   0.0    73   143   256   327   237   329 0.85 -
Pdum_DN87342_c0_g1_i8:5-2425     -            807 399439at33208        -            178   1.3e-09   35.3   4.8   1   4      0.18       5.2    4.0   0.1     5   143   102   216    58   228 0.58 -
Pdum_DN87342_c0_g1_i8:5-2425     -            807 399439at33208        -            178   1.3e-09   35.3   4.8   2   4       6.1   1.8e+02   -1.0   0.0   131   148   352   369   335   382 0.83 -
Pdum_DN87342_c0_g1_i8:5-2425     -            807 399439at33208        -            178   1.3e-09   35.3   4.8   3   4     1e-05    0.0003   17.8   0.1    72   147   376   452   352   459 0.81 -
Pdum_DN87342_c0_g1_i8:5-2425     -            807 399439at33208        -            178   1.3e-09   35.3   4.8   4   4    0.0012     0.035   11.1   0.0   114   148   504   539   487   555 0.85 -
Pdum_DN66493_c0_g1_i1:720-1655   -            312 399439at33208        -            178   1.9e-09   34.8   0.1   1   3      0.08       2.3    5.1   0.0   126   149    32    55    19    66 0.80 -
Pdum_DN66493_c0_g1_i1:720-1655   -            312 399439at33208        -            178   1.9e-09   34.8   0.1   2   3   1.3e-05   0.00039   17.4   0.1    94   146    85   138    68   146 0.83 -
Pdum_DN66493_c0_g1_i1:720-1655   -            312 399439at33208        -            178   1.9e-09   34.8   0.1   3   3     0.011      0.33    7.9   0.0   108   148   229   271   196   278 0.55 -
Pdum_DN75651_c0_g1_i1:179-1012   -            278 399439at33208        -            178   2.2e-09   34.6   0.2   1   3     0.023      0.66    6.9   0.0    80   145    38   105    15   110 0.81 -
Pdum_DN75651_c0_g1_i1:179-1012   -            278 399439at33208        -            178   2.2e-09   34.6   0.2   2   3    0.0088      0.25    8.3   0.0   114   161   121   169   109   179 0.83 -
Pdum_DN75651_c0_g1_i1:179-1012   -            278 399439at33208        -            178   2.2e-09   34.6   0.2   3   3   5.2e-05    0.0015   15.5   0.0    80   144   212   277   206   278 0.91 -
Pdum_DN90616_c3_g1_i1:602-1432   -            277 399439at33208        -            178   2.6e-09   34.3   1.2   1   3   0.00022    0.0065   13.4   0.2   126   157    59    90     1    96 0.82 -
Pdum_DN90616_c3_g1_i1:602-1432   -            277 399439at33208        -            178   2.6e-09   34.3   1.2   2   3     0.046       1.3    5.9   0.0   122   153    95   127    89   132 0.79 -
Pdum_DN90616_c3_g1_i1:602-1432   -            277 399439at33208        -            178   2.6e-09   34.3   1.2   3   3     0.017      0.49    7.3   0.0   118   157   133   170   128   183 0.70 -
Pdum_DN92345_c8_g1_i1:3879-4793  -            305 399439at33208        -            178   2.7e-09   34.2   4.0   1   5   0.00056     0.016   12.2   0.0   125   153     5    33     2    35 0.90 -
Pdum_DN92345_c8_g1_i1:3879-4793  -            305 399439at33208        -            178   2.7e-09   34.2   4.0   2   5     0.021       0.6    7.1   0.0   114   154    35    75    33    94 0.91 -
Pdum_DN92345_c8_g1_i1:3879-4793  -            305 399439at33208        -            178   2.7e-09   34.2   4.0   3   5       2.5        72    0.3   0.0   119   145   104   130    95   138 0.74 -
Pdum_DN92345_c8_g1_i1:3879-4793  -            305 399439at33208        -            178   2.7e-09   34.2   4.0   4   5     0.058       1.7    5.6   0.0   114   148   194   227   135   234 0.71 -
Pdum_DN92345_c8_g1_i1:3879-4793  -            305 399439at33208        -            178   2.7e-09   34.2   4.0   5   5     0.049       1.4    5.8   0.0   114   148   235   270   229   289 0.87 -
Pdum_DN92880_c2_g1_i2:4337-5176  -            280 399439at33208        -            178   2.9e-09   34.1   0.5   1   2     0.036         1    6.3   0.0   131   149    28    46    20    56 0.84 -
Pdum_DN92880_c2_g1_i2:4337-5176  -            280 399439at33208        -            178   2.9e-09   34.1   0.5   2   2   7.5e-08   2.2e-06   24.8   0.2    36   141   150   269   124   279 0.81 -
Pdum_DN79406_c0_g1_i1:209-1183   -            325 399439at33208        -            178     3e-09   34.1   0.1   1   3      0.04       1.2    6.1   0.0   114   150     8    45     5    49 0.88 -
Pdum_DN79406_c0_g1_i1:209-1183   -            325 399439at33208        -            178     3e-09   34.1   0.1   2   3   5.9e-05    0.0017   15.3   0.0   113   151    49    88    47    98 0.88 -
Pdum_DN79406_c0_g1_i1:209-1183   -            325 399439at33208        -            178     3e-09   34.1   0.1   3   3    0.0053      0.16    9.0   0.0    47    97   158   211   137   218 0.86 -
Pdum_DN79208_c0_g1_i2:96-1031    -            312 399439at33208        -            178   4.8e-09   33.4   0.1   1   5     0.016      0.48    7.4   0.0    86   147     7    68     3    75 0.77 -
Pdum_DN79208_c0_g1_i2:96-1031    -            312 399439at33208        -            178   4.8e-09   33.4   0.1   2   5      0.82        24    1.8   0.0   119   156    83   122    77   125 0.69 -
Pdum_DN79208_c0_g1_i2:96-1031    -            312 399439at33208        -            178   4.8e-09   33.4   0.1   3   5       1.6        46    0.9   0.0    42    66   129   154   121   159 0.74 -
Pdum_DN79208_c0_g1_i2:96-1031    -            312 399439at33208        -            178   4.8e-09   33.4   0.1   4   5     0.032      0.92    6.4   0.0   115   146   214   246   211   259 0.73 -
Pdum_DN79208_c0_g1_i2:96-1031    -            312 399439at33208        -            178   4.8e-09   33.4   0.1   5   5     0.016      0.47    7.4   0.0    78   124   262   308   257   311 0.80 -
Pdum_DN84894_c0_g1_i9:97-867     -            257 399439at33208        -            178   4.9e-09   33.4   0.2   1   5      0.31       9.1    3.2   0.0   130   146    31    47     6    63 0.80 -
Pdum_DN84894_c0_g1_i9:97-867     -            257 399439at33208        -            178   4.9e-09   33.4   0.2   2   5     0.021      0.61    7.0   0.0   113   152    98   138    61   140 0.75 -
Pdum_DN84894_c0_g1_i9:97-867     -            257 399439at33208        -            178   4.9e-09   33.4   0.2   3   5      0.01      0.29    8.1   0.0    75   149   102   177    99   183 0.55 -
Pdum_DN84894_c0_g1_i9:97-867     -            257 399439at33208        -            178   4.9e-09   33.4   0.2   4   5    0.0021      0.06   10.3   0.0    72   143   141   214   138   218 0.83 -
Pdum_DN84894_c0_g1_i9:97-867     -            257 399439at33208        -            178   4.9e-09   33.4   0.2   5   5     0.054       1.6    5.7   0.0    69    96   223   250   217   256 0.82 -
Pdum_DN88892_c3_g1_i1:2670-3179  -            170 399439at33208        -            178   5.9e-09   33.1   1.5   1   2   1.1e-05   0.00032   17.7   0.2    85   154    47   117    41   118 0.85 -
Pdum_DN88892_c3_g1_i1:2670-3179  -            170 399439at33208        -            178   5.9e-09   33.1   1.5   2   2   0.00032    0.0093   12.9   0.0   114   146   119   153   115   160 0.86 -
Pdum_DN86525_c0_g1_i1:704-1231   -            176 399439at33208        -            178   6.2e-09   33.1   1.3   1   2    0.0013     0.038   10.9   0.2   114   148    22    58     3    67 0.78 -
Pdum_DN86525_c0_g1_i1:704-1231   -            176 399439at33208        -            178   6.2e-09   33.1   1.3   2   2   3.3e-05   0.00095   16.2   0.0    70   153    63   150    61   156 0.81 -
Pdum_DN88423_c1_g1_i2:993-1421   -            143 399439at33208        -            178   7.2e-09   32.8   0.7   1   3   5.4e-05    0.0016   15.5   0.0   114   156    10    51     8    58 0.85 -
Pdum_DN88423_c1_g1_i2:993-1421   -            143 399439at33208        -            178   7.2e-09   32.8   0.7   2   3     0.067       1.9    5.4   0.0   117   150    51    83    47    87 0.82 -
Pdum_DN88423_c1_g1_i2:993-1421   -            143 399439at33208        -            178   7.2e-09   32.8   0.7   3   3    0.0018     0.052   10.5   0.1   114   156    88   131    85   138 0.77 -
Pdum_DN83855_c0_g1_i4:658-1428   -            257 399439at33208        -            178     1e-08   32.3   0.3   1   3       2.6        75    0.2   0.0   130   146     8    24     4    38 0.77 -
Pdum_DN83855_c0_g1_i4:658-1428   -            257 399439at33208        -            178     1e-08   32.3   0.3   2   3     0.011      0.31    8.0   0.0   115   149    40    75    29    82 0.85 -
Pdum_DN83855_c0_g1_i4:658-1428   -            257 399439at33208        -            178     1e-08   32.3   0.3   3   3   0.00051     0.015   12.3   0.1   115   152   100   138    91   141 0.83 -
Pdum_DN82173_c1_g1_i7:1104-1730  -            209 399439at33208        -            178   1.1e-08   32.3   0.0   1   2   3.6e-06   0.00011   19.3   0.0    66   150    42   130    32   135 0.85 -
Pdum_DN82173_c1_g1_i7:1104-1730  -            209 399439at33208        -            178   1.1e-08   32.3   0.0   2   2    0.0023     0.068   10.1   0.0    98   143   162   208   136   209 0.70 -
Pdum_DN75461_c3_g1_i3:3415-4074  -            220 399439at33208        -            178   1.3e-08   32.0   1.4   1   2   1.6e-07   4.5e-06   23.7   0.3    72   147    12    87    12   101 0.86 -
Pdum_DN75461_c3_g1_i3:3415-4074  -            220 399439at33208        -            178   1.3e-08   32.0   1.4   2   2       3.5     1e+02   -0.2   0.0   128   146   162   180   153   196 0.78 -
Pdum_DN83655_c1_g1_i2:238-2439   -            734 399439at33208        -            178   1.7e-08   31.6   2.2   1   5   0.00045     0.013   12.5   0.0    92   148    26    84     8    92 0.77 -
Pdum_DN83655_c1_g1_i2:238-2439   -            734 399439at33208        -            178   1.7e-08   31.6   2.2   2   5      0.51        15    2.5   0.1     4    70   149   221   146   262 0.54 -
Pdum_DN83655_c1_g1_i2:238-2439   -            734 399439at33208        -            178   1.7e-08   31.6   2.2   3   5       2.9        86    0.0   0.0    77   100   274   297   257   307 0.85 -
Pdum_DN83655_c1_g1_i2:238-2439   -            734 399439at33208        -            178   1.7e-08   31.6   2.2   4   5    0.0087      0.25    8.3   0.0   113   147   430   469   377   477 0.73 -
Pdum_DN83655_c1_g1_i2:238-2439   -            734 399439at33208        -            178   1.7e-08   31.6   2.2   5   5       1.8        51    0.8   0.0     6    38   496   529   493   570 0.70 -
Pdum_DN76096_c0_g1_i2:374-1027   -            218 399439at33208        -            178     2e-08   31.4   4.6   1   3     0.034      0.99    6.3   0.1    96   143     2    50     1    60 0.83 -
Pdum_DN76096_c0_g1_i2:374-1027   -            218 399439at33208        -            178     2e-08   31.4   4.6   2   3    0.0032     0.093    9.7   0.1   127   153    89   115    73   134 0.81 -
Pdum_DN76096_c0_g1_i2:374-1027   -            218 399439at33208        -            178     2e-08   31.4   4.6   3   3   4.6e-05    0.0013   15.7   0.1   114   153   170   210   166   217 0.86 -
Pdum_DN71483_c1_g1_i1:599-1228   -            210 399439at33208        -            178     3e-08   30.8   0.0   1   3    0.0016     0.046   10.7   0.0   114   148    68   104    62   114 0.76 -
Pdum_DN71483_c1_g1_i1:599-1228   -            210 399439at33208        -            178     3e-08   30.8   0.0   2   3    0.0076      0.22    8.5   0.0   114   156   118   161   116   164 0.79 -
Pdum_DN71483_c1_g1_i1:599-1228   -            210 399439at33208        -            178     3e-08   30.8   0.0   3   3     0.004      0.12    9.4   0.0    72   115   161   204   153   206 0.88 -
Pdum_DN75894_c0_g1_i3:333-1052   -            240 399439at33208        -            178   3.5e-08   30.6   0.1   1   2   3.6e-05     0.001   16.0   0.0    72   149    20    99    12   111 0.83 -
Pdum_DN75894_c0_g1_i3:333-1052   -            240 399439at33208        -            178   3.5e-08   30.6   0.1   2   2   0.00071     0.021   11.8   0.0   100   155   137   193   120   202 0.80 -
Pdum_DN91578_c1_g1_i1:293-997    -            235 399439at33208        -            178   4.1e-08   30.4   0.9   1   2   7.2e-07   2.1e-05   21.6   0.0    88   150   130   194   123   198 0.86 -
Pdum_DN91578_c1_g1_i1:293-997    -            235 399439at33208        -            178   4.1e-08   30.4   0.9   2   2     0.021      0.61    7.0   0.1   114   148   199   232   193   235 0.87 -
Pdum_DN90517_c4_g1_i5:2-985      -            328 399439at33208        -            178   5.7e-08   29.9   2.2   1   5   0.00019    0.0056   13.7   0.1   114   175    53   119    46   122 0.79 -
Pdum_DN90517_c4_g1_i5:2-985      -            328 399439at33208        -            178   5.7e-08   29.9   2.2   2   5      0.23       6.7    3.6   0.0   126   148   126   148   120   162 0.80 -
Pdum_DN90517_c4_g1_i5:2-985      -            328 399439at33208        -            178   5.7e-08   29.9   2.2   3   5     0.025      0.73    6.8   0.1   113   147   206   244   196   256 0.81 -
Pdum_DN90517_c4_g1_i5:2-985      -            328 399439at33208        -            178   5.7e-08   29.9   2.2   4   5         1        30    1.5   0.0    47    82   266   301   244   306 0.81 -
Pdum_DN90517_c4_g1_i5:2-985      -            328 399439at33208        -            178   5.7e-08   29.9   2.2   5   5       5.3   1.5e+02   -0.8   0.0   124   140   311   327   290   328 0.80 -
Pdum_DN84033_c1_g3_i1:1082-1726  -            215 399439at33208        -            178   1.1e-07   29.0   0.1   1   2      0.26       7.5    3.5   0.0   119   143    13    38     5    59 0.58 -
Pdum_DN84033_c1_g3_i1:1082-1726  -            215 399439at33208        -            178   1.1e-07   29.0   0.1   2   2   2.5e-07   7.3e-06   23.1   0.0    68   146    62   142    49   154 0.85 -
Pdum_DN85879_c0_g1_i1:230-808    -            193 399439at33208        -            178   1.2e-07   28.9   0.4   1   3   2.8e-06   8.2e-05   19.6   0.0    86   145     3    63     1    75 0.80 -
Pdum_DN85879_c0_g1_i1:230-808    -            193 399439at33208        -            178   1.2e-07   28.9   0.4   2   3      0.16       4.5    4.2   0.0   118   153    77   113    72   118 0.77 -
Pdum_DN85879_c0_g1_i1:230-808    -            193 399439at33208        -            178   1.2e-07   28.9   0.4   3   3       1.1        31    1.5   0.0   114   142   164   193   148   193 0.62 -
Pdum_DN84582_c3_g1_i1:332-1036   -            235 399439at33208        -            178   1.3e-07   28.8   0.4   1   4       8.7   2.5e+02   -1.5   0.0   137   154     2    18     1    29 0.77 -
Pdum_DN84582_c3_g1_i1:332-1036   -            235 399439at33208        -            178   1.3e-07   28.8   0.4   2   4    0.0048      0.14    9.1   0.0   125   153    33    61    20    81 0.77 -
Pdum_DN84582_c3_g1_i1:332-1036   -            235 399439at33208        -            178   1.3e-07   28.8   0.4   3   4         4   1.2e+02   -0.4   0.0   126   155    76   105    63   106 0.75 -
Pdum_DN84582_c3_g1_i1:332-1036   -            235 399439at33208        -            178   1.3e-07   28.8   0.4   4   4     4e-05    0.0012   15.9   0.0   114   146   106   138    95   154 0.89 -
Pdum_DN57990_c0_g1_i2:33-530     -            166 399439at33208        -            178   1.6e-07   28.5   0.7   1   2   0.00033    0.0095   12.9   0.1    73   152    50   132    37   134 0.79 -
Pdum_DN57990_c0_g1_i2:33-530     -            166 399439at33208        -            178   1.6e-07   28.5   0.7   2   2   7.7e-06   0.00022   18.2   0.1    77   143    98   165    96   166 0.91 -
Pdum_DN89089_c3_g1_i2:1021-1773  -            251 399439at33208        -            178   1.6e-07   28.5   0.8   1   4       0.2       5.8    3.8   0.0   128   151    15    38     1    45 0.74 -
Pdum_DN89089_c3_g1_i2:1021-1773  -            251 399439at33208        -            178   1.6e-07   28.5   0.8   2   4   0.00093     0.027   11.4   0.1   114   149    94   129    89   136 0.88 -
Pdum_DN89089_c3_g1_i2:1021-1773  -            251 399439at33208        -            178   1.6e-07   28.5   0.8   3   4     0.039       1.1    6.1   0.0   128   156   152   179   142   187 0.73 -
Pdum_DN89089_c3_g1_i2:1021-1773  -            251 399439at33208        -            178   1.6e-07   28.5   0.8   4   4       1.3        38    1.2   0.0    73   101   180   208   175   213 0.86 -
Pdum_DN92312_c4_g1_i6:372-914    -            181 399439at33208        -            178   1.7e-07   28.3   1.5   1   2   1.2e-07   3.6e-06   24.1   0.1    79   150    12    90     7   106 0.82 -
Pdum_DN92312_c4_g1_i6:372-914    -            181 399439at33208        -            178   1.7e-07   28.3   1.5   2   2      0.46        13    2.6   0.0   125   144   158   177   145   181 0.81 -
Pdum_DN92615_c3_g1_i3:1432-2112  -            227 399439at33208        -            178   2.1e-07   28.1   0.4   1   4   0.00045     0.013   12.5   0.1   110   146     8    44     1    52 0.83 -
Pdum_DN92615_c3_g1_i3:1432-2112  -            227 399439at33208        -            178   2.1e-07   28.1   0.4   2   4       4.6   1.3e+02   -0.6   0.0   115   147    61    92    58    98 0.74 -
Pdum_DN92615_c3_g1_i3:1432-2112  -            227 399439at33208        -            178   2.1e-07   28.1   0.4   3   4       1.4        42    1.0   0.0   126   149   115   138   107   146 0.86 -
Pdum_DN92615_c3_g1_i3:1432-2112  -            227 399439at33208        -            178   2.1e-07   28.1   0.4   4   4    0.0046      0.13    9.2   0.0   114   151   189   226   185   227 0.91 -
Pdum_DN67795_c0_g1_i2:1517-2137  -            207 399439at33208        -            178   2.9e-07   27.6   0.5   1   4      0.79        23    1.9   0.0   114   147     1    35     1    42 0.76 -
Pdum_DN67795_c0_g1_i2:1517-2137  -            207 399439at33208        -            178   2.9e-07   27.6   0.5   2   4   0.00062     0.018   12.0   0.0   114   150    43    80    41    86 0.86 -
Pdum_DN67795_c0_g1_i2:1517-2137  -            207 399439at33208        -            178   2.9e-07   27.6   0.5   3   4      0.62        18    2.2   0.0   117   146    88   118    83   144 0.73 -
Pdum_DN67795_c0_g1_i2:1517-2137  -            207 399439at33208        -            178   2.9e-07   27.6   0.5   4   4     0.043       1.3    6.0   0.1   114   143   172   207   165   207 0.75 -
Pdum_DN84963_c1_g1_i6:1317-3311  -            665 399439at33208        -            178   4.7e-07   26.9   0.9   1   3   0.00092     0.027   11.5   0.0   114   145    82   113    49   123 0.90 -
Pdum_DN84963_c1_g1_i6:1317-3311  -            665 399439at33208        -            178   4.7e-07   26.9   0.9   2   3    0.0031     0.091    9.7   0.1   114   147   124   158   119   171 0.83 -
Pdum_DN84963_c1_g1_i6:1317-3311  -            665 399439at33208        -            178   4.7e-07   26.9   0.9   3   3      0.74        21    2.0   0.0   104   142   624   662   602   664 0.77 -
Pdum_DN74464_c0_g1_i5:1442-2167  -            242 399439at33208        -            178   8.8e-07   26.1   0.3   1   3     0.047       1.4    5.9   0.0     3    45    13    56    11    77 0.70 -
Pdum_DN74464_c0_g1_i5:1442-2167  -            242 399439at33208        -            178   8.8e-07   26.1   0.3   2   3   0.00044     0.013   12.5   0.0   109   153   100   144    95   156 0.70 -
Pdum_DN74464_c0_g1_i5:1442-2167  -            242 399439at33208        -            178   8.8e-07   26.1   0.3   3   3      0.23       6.7    3.6   0.0   126   144   209   227   193   240 0.70 -
Pdum_DN84002_c0_g1_i8:796-1551   -            252 399439at33208        -            178   1.3e-06   25.5   0.5   1   3   2.9e-06   8.4e-05   19.6   0.1    89   153    11    84     7    88 0.74 -
Pdum_DN84002_c0_g1_i8:796-1551   -            252 399439at33208        -            178   1.3e-06   25.5   0.5   2   3       1.3        38    1.2   0.0    70   100    84   114    79   120 0.86 -
Pdum_DN84002_c0_g1_i8:796-1551   -            252 399439at33208        -            178   1.3e-06   25.5   0.5   3   3       5.8   1.7e+02   -0.9   0.0    58    75   204   221   192   224 0.79 -
Pdum_DN80615_c0_g2_i1:231-1205   -            325 399439at33208        -            178   1.3e-06   25.5   1.6   1   4       9.4   2.7e+02   -1.6   0.0    76    93     6    23     4    32 0.77 -
Pdum_DN80615_c0_g2_i1:231-1205   -            325 399439at33208        -            178   1.3e-06   25.5   1.6   2   4       9.7   2.8e+02   -1.6   0.0   119   146    59    84    53    90 0.67 -
Pdum_DN80615_c0_g2_i1:231-1205   -            325 399439at33208        -            178   1.3e-06   25.5   1.6   3   4      0.83        24    1.8   0.0   130   153   126   149   122   150 0.88 -
Pdum_DN80615_c0_g2_i1:231-1205   -            325 399439at33208        -            178   1.3e-06   25.5   1.6   4   4   2.9e-06   8.4e-05   19.6   0.0   114   153   151   191   148   197 0.88 -
Pdum_DN89812_c3_g1_i3:2-727      -            242 399439at33208        -            178   1.3e-06   25.5   0.9   1   2   6.3e-07   1.8e-05   21.8   0.2    96   147    32    83    30    95 0.81 -
Pdum_DN89812_c3_g1_i3:2-727      -            242 399439at33208        -            178   1.3e-06   25.5   0.9   2   2      0.57        17    2.3   0.0    73   127    94   149    89   175 0.69 -
Pdum_DN91312_c3_g1_i1:2567-3481  -            305 399439at33208        -            178   1.4e-06   25.4   0.7   1   5     0.064       1.9    5.4   0.0   127   148    13    34     2    44 0.84 -
Pdum_DN91312_c3_g1_i1:2567-3481  -            305 399439at33208        -            178   1.4e-06   25.4   0.7   2   5      0.45        13    2.7   0.0    73   144    47   119    39   123 0.77 -
Pdum_DN91312_c3_g1_i1:2567-3481  -            305 399439at33208        -            178   1.4e-06   25.4   0.7   3   5       3.9   1.1e+02   -0.4   0.0   126   162   147   183   143   197 0.79 -
Pdum_DN91312_c3_g1_i1:2567-3481  -            305 399439at33208        -            178   1.4e-06   25.4   0.7   4   5      0.46        13    2.7   0.0   126   146   239   259   221   275 0.80 -
Pdum_DN91312_c3_g1_i1:2567-3481  -            305 399439at33208        -            178   1.4e-06   25.4   0.7   5   5    0.0081      0.24    8.4   0.0   114   142   276   305   269   305 0.87 -
Pdum_DN82465_c0_g2_i1:488-1204   -            239 399439at33208        -            178   4.7e-06   23.7   0.2   1   4      0.31       8.9    3.2   0.0   129   156     1    28     1    34 0.89 -
Pdum_DN82465_c0_g2_i1:488-1204   -            239 399439at33208        -            178   4.7e-06   23.7   0.2   2   4       5.4   1.6e+02   -0.8   0.0    10    25    79    94    46   102 0.55 -
Pdum_DN82465_c0_g2_i1:488-1204   -            239 399439at33208        -            178   4.7e-06   23.7   0.2   3   4    0.0078      0.23    8.4   0.0   115   144   117   146   111   171 0.90 -
Pdum_DN82465_c0_g2_i1:488-1204   -            239 399439at33208        -            178   4.7e-06   23.7   0.2   4   4     0.015      0.45    7.5   0.0    57    99   189   235   164   239 0.70 -
Pdum_DN87078_c1_g1_i1:1858-2604  -            249 399439at33208        -            178   5.3e-06   23.5   0.7   1   4       4.3   1.2e+02   -0.5   0.0     4    30    24    50    21    61 0.77 -
Pdum_DN87078_c1_g1_i1:1858-2604  -            249 399439at33208        -            178   5.3e-06   23.5   0.7   2   4   0.00015    0.0044   14.0   0.0    99   146   118   167   104   177 0.77 -
Pdum_DN87078_c1_g1_i1:1858-2604  -            249 399439at33208        -            178   5.3e-06   23.5   0.7   3   4      0.27         8    3.4   0.2   126   150   190   214   180   222 0.79 -
Pdum_DN87078_c1_g1_i1:1858-2604  -            249 399439at33208        -            178   5.3e-06   23.5   0.7   4   4       2.8        81    0.1   0.0   114   143   219   249   217   249 0.68 -
Pdum_DN76013_c0_g1_i3:463-1068   -            202 399439at33208        -            178   5.8e-06   23.4   3.6   1   4      0.18       5.4    4.0   0.2   114   146     1    35     1    40 0.82 -
Pdum_DN76013_c0_g1_i3:463-1068   -            202 399439at33208        -            178   5.8e-06   23.4   3.6   2   4    0.0025     0.071   10.1   0.0   115   153    48    88    41   101 0.76 -
Pdum_DN76013_c0_g1_i3:463-1068   -            202 399439at33208        -            178   5.8e-06   23.4   3.6   3   4     0.097       2.8    4.9   0.1   125   146   104   125    87   130 0.73 -
Pdum_DN76013_c0_g1_i3:463-1068   -            202 399439at33208        -            178   5.8e-06   23.4   3.6   4   4      0.32       9.2    3.2   0.0   114   145   148   181   147   185 0.80 -
Pdum_DN88741_c1_g1_i6:2841-3650  -            270 399439at33208        -            178   6.8e-06   23.2   0.9   1   5      0.91        27    1.7   0.0   122   144    12    34     6    50 0.79 -
Pdum_DN88741_c1_g1_i6:2841-3650  -            270 399439at33208        -            178   6.8e-06   23.2   0.9   2   5      0.39        11    2.9   0.0   127   148    69    90    61    97 0.78 -
Pdum_DN88741_c1_g1_i6:2841-3650  -            270 399439at33208        -            178   6.8e-06   23.2   0.9   3   5     0.023      0.66    6.9   0.0   124   166   111   153    90   156 0.83 -
Pdum_DN88741_c1_g1_i6:2841-3650  -            270 399439at33208        -            178   6.8e-06   23.2   0.9   4   5     0.012      0.34    7.9   0.0   115   154   146   187   144   195 0.79 -
Pdum_DN88741_c1_g1_i6:2841-3650  -            270 399439at33208        -            178   6.8e-06   23.2   0.9   5   5       7.9   2.3e+02   -1.4   0.0   120   141   241   263   192   268 0.62 -
Pdum_DN92600_c5_g2_i1:144-365    -             74 399439at33208        -            178   7.1e-06   23.1   0.1   1   1   7.3e-07   2.1e-05   21.6   0.1    77   143     6    73     4    74 0.92 -
Pdum_DN89224_c5_g2_i10:3220-3918 -            233 399439at33208        -            178   9.6e-06   22.7   0.7   1   2    0.0021     0.061   10.3   0.2   119   160   134   176    87   181 0.79 -
Pdum_DN89224_c5_g2_i10:3220-3918 -            233 399439at33208        -            178   9.6e-06   22.7   0.7   2   2     0.011      0.33    7.9   0.0   127   149   187   209   167   212 0.71 -
Pdum_DN89838_c3_g2_i15:954-1709  -            252 399439at33208        -            178   1.1e-05   22.5   6.5   1   4   8.1e-05    0.0024   14.9   0.4    94   150     6    61     1    69 0.87 -
Pdum_DN89838_c3_g2_i15:954-1709  -            252 399439at33208        -            178   1.1e-05   22.5   6.5   2   4    0.0041      0.12    9.3   0.3   114   150    26    61    22   112 0.63 -
Pdum_DN89838_c3_g2_i15:954-1709  -            252 399439at33208        -            178   1.1e-05   22.5   6.5   3   4       9.6   2.8e+02   -1.6   0.0   120   145   111   134    87   142 0.64 -
Pdum_DN89838_c3_g2_i15:954-1709  -            252 399439at33208        -            178   1.1e-05   22.5   6.5   4   4     0.017       0.5    7.3   0.1    85   146   155   219   148   228 0.81 -
Pdum_DN89974_c1_g1_i2:3302-3844  -            181 399439at33208        -            178   1.4e-05   22.2   0.1   1   2     0.048       1.4    5.9   0.1   130   151     1    22     1    25 0.83 -
Pdum_DN89974_c1_g1_i2:3302-3844  -            181 399439at33208        -            178   1.4e-05   22.2   0.1   2   2    0.0001    0.0029   14.6   0.0   113   156    24    68    15    80 0.81 -
Pdum_DN87402_c0_g1_i1:93-1976    -            628 399439at33208        -            178   1.6e-05   22.0   0.1   1   2   5.6e-06   0.00016   18.7   0.0   114   152   291   330   288   341 0.87 -
Pdum_DN87402_c0_g1_i1:93-1976    -            628 399439at33208        -            178   1.6e-05   22.0   0.1   2   2       8.8   2.6e+02   -1.5   0.0   113   144   499   531   462   552 0.68 -
Pdum_DN73439_c0_g1_i2:1041-1721  -            227 399439at33208        -            178   1.6e-05   21.9   1.5   1   4       4.4   1.3e+02   -0.5   0.0   119   148    14    43     8    49 0.78 -
Pdum_DN73439_c0_g1_i2:1041-1721  -            227 399439at33208        -            178   1.6e-05   21.9   1.5   2   4     0.024      0.71    6.8   0.0   123   151    59    88    48    92 0.73 -
Pdum_DN73439_c0_g1_i2:1041-1721  -            227 399439at33208        -            178   1.6e-05   21.9   1.5   3   4   0.00062     0.018   12.0   0.0   114   150    92   129    89   136 0.79 -
Pdum_DN73439_c0_g1_i2:1041-1721  -            227 399439at33208        -            178   1.6e-05   21.9   1.5   4   4       6.7     2e+02   -1.1   0.1    30    63   192   225   167   227 0.53 -
Pdum_DN92425_c3_g2_i1:539-1228   -            230 399439at33208        -            178   2.8e-05   21.2   0.7   1   3   1.1e-05   0.00033   17.7   0.2    72   152     5    88     3   106 0.82 -
Pdum_DN92425_c3_g2_i1:539-1228   -            230 399439at33208        -            178   2.8e-05   21.2   0.7   2   3       4.1   1.2e+02   -0.4   0.0   127   150   146   169   135   178 0.81 -
Pdum_DN92425_c3_g2_i1:539-1228   -            230 399439at33208        -            178   2.8e-05   21.2   0.7   3   3         4   1.2e+02   -0.4   0.0   125   150   184   209   174   226 0.75 -
Pdum_DN70491_c0_g1_i1:1-1254     -            418 399439at33208        -            178   3.5e-05   20.9   0.3   1   3     8e-05    0.0023   14.9   0.0   113   150   186   225   167   231 0.80 -
Pdum_DN70491_c0_g1_i1:1-1254     -            418 399439at33208        -            178   3.5e-05   20.9   0.3   2   3      0.74        22    2.0   0.0   124   146   244   266   232   281 0.77 -
Pdum_DN70491_c0_g1_i1:1-1254     -            418 399439at33208        -            178   3.5e-05   20.9   0.3   3   3       5.9   1.7e+02   -0.9   0.0   115   143   304   331   303   365 0.86 -
Pdum_DN80062_c1_g1_i8:396-980    -            195 399439at33208        -            178   3.7e-05   20.8   0.3   1   3     0.012      0.35    7.8   0.0   126   147    11    32     2    36 0.87 -
Pdum_DN80062_c1_g1_i8:396-980    -            195 399439at33208        -            178   3.7e-05   20.8   0.3   2   3    0.0043      0.13    9.3   0.1   119   147   109   137   106   146 0.89 -
Pdum_DN80062_c1_g1_i8:396-980    -            195 399439at33208        -            178   3.7e-05   20.8   0.3   3   3       5.5   1.6e+02   -0.8   0.0   119   148   153   182   139   190 0.69 -
Pdum_DN89809_c3_g1_i10:6324-7073 -            250 399439at33208        -            178   3.9e-05   20.7   0.0   1   2    0.0019     0.055   10.4   0.0   114   147     1    36     1    43 0.84 -
Pdum_DN89809_c3_g1_i10:6324-7073 -            250 399439at33208        -            178   3.9e-05   20.7   0.0   2   2     0.016      0.46    7.4   0.0   114   152    51    91    49    96 0.82 -
Pdum_DN84536_c0_g1_i1:2255-2878  -            208 399439at33208        -            178   4.3e-05   20.5   0.1   1   3     0.015      0.43    7.5   0.0   119   148    51    81    44    89 0.62 -
Pdum_DN84536_c0_g1_i1:2255-2878  -            208 399439at33208        -            178   4.3e-05   20.5   0.1   2   3    0.0021     0.061   10.3   0.0     7    96    97   194    91   197 0.67 -
Pdum_DN84536_c0_g1_i1:2255-2878  -            208 399439at33208        -            178   4.3e-05   20.5   0.1   3   3    0.0078      0.23    8.4   0.0   114   148   170   205   168   207 0.70 -
Pdum_DN82853_c0_g1_i2:2495-3019  -            175 399439at33208        -            178   4.4e-05   20.5   0.1   1   2    0.0036      0.11    9.5   0.0   114   153     3    43     2    50 0.84 -
Pdum_DN82853_c0_g1_i2:2495-3019  -            175 399439at33208        -            178   4.4e-05   20.5   0.1   2   2    0.0056      0.16    8.9   0.0    84   147    60   125    54   132 0.84 -
Pdum_DN65740_c0_g1_i1:159-803    -            215 399439at33208        -            178   4.4e-05   20.5   1.0   1   3    0.0004     0.012   12.6   0.1    86   154    10    80     3    89 0.72 -
Pdum_DN65740_c0_g1_i1:159-803    -            215 399439at33208        -            178   4.4e-05   20.5   1.0   2   3      0.26       7.4    3.5   0.0   114   154    97   138    92   161 0.77 -
Pdum_DN65740_c0_g1_i1:159-803    -            215 399439at33208        -            178   4.4e-05   20.5   1.0   3   3       1.3        38    1.2   0.0   114   142   186   215   167   215 0.86 -
Pdum_DN76178_c0_g1_i1:3394-3981  -            196 399439at33208        -            178   7.4e-05   19.8   0.4   1   3   0.00041     0.012   12.6   0.1   114   144     3    33     2    39 0.94 -
Pdum_DN76178_c0_g1_i1:3394-3981  -            196 399439at33208        -            178   7.4e-05   19.8   0.4   2   3     0.098       2.8    4.8   0.0    93   146    40    98    37   114 0.78 -
Pdum_DN76178_c0_g1_i1:3394-3981  -            196 399439at33208        -            178   7.4e-05   19.8   0.4   3   3       9.4   2.7e+02   -1.6   0.0    48    64   164   180   112   187 0.49 -
Pdum_DN78364_c0_g1_i1:226-1314   -            363 399439at33208        -            178   7.8e-05   19.7   0.3   1   3      0.67        20    2.1   0.0   115   150    19    56    18    60 0.76 -
Pdum_DN78364_c0_g1_i1:226-1314   -            363 399439at33208        -            178   7.8e-05   19.7   0.3   2   3     0.001      0.03   11.3   0.1    89   154    36   100    28   106 0.76 -
Pdum_DN78364_c0_g1_i1:226-1314   -            363 399439at33208        -            178   7.8e-05   19.7   0.3   3   3      0.12       3.4    4.6   0.0   115   150   104   138   100   147 0.74 -
Pdum_DN90581_c4_g3_i1:18-467     -            150 399439at33208        -            178   0.00011   19.2   0.6   1   3      0.24       6.9    3.6   0.0   128   147     8    27     5    35 0.83 -
Pdum_DN90581_c4_g3_i1:18-467     -            150 399439at33208        -            178   0.00011   19.2   0.6   2   3   0.00072     0.021   11.8   0.1    77   146    39   113    29   125 0.77 -
Pdum_DN90581_c4_g3_i1:18-467     -            150 399439at33208        -            178   0.00011   19.2   0.6   3   3     0.074       2.1    5.2   0.0   126   146    93   113    84   149 0.69 -
Pdum_DN90901_c7_g1_i5:256-1545   -            430 399439at33208        -            178   0.00011   19.2   0.2   1   3      0.91        27    1.7   0.0   117   143    14    40    11    56 0.61 -
Pdum_DN90901_c7_g1_i5:256-1545   -            430 399439at33208        -            178   0.00011   19.2   0.2   2   3     0.015      0.44    7.5   0.0   114   146    60    91    47   101 0.83 -
Pdum_DN90901_c7_g1_i5:256-1545   -            430 399439at33208        -            178   0.00011   19.2   0.2   3   3     0.062       1.8    5.5   0.1    30   145   188   321   161   326 0.70 -
Pdum_DN63408_c0_g1_i3:4-960      -            319 399439at33208        -            178   0.00013   19.0   0.3   1   3   0.00064     0.019   12.0   0.0   114   150    18    55    16    62 0.80 -
Pdum_DN63408_c0_g1_i3:4-960      -            319 399439at33208        -            178   0.00013   19.0   0.3   2   3       6.7   1.9e+02   -1.1   0.0    92   146    80   137    67   141 0.64 -
Pdum_DN63408_c0_g1_i3:4-960      -            319 399439at33208        -            178   0.00013   19.0   0.3   3   3      0.22       6.3    3.7   0.0   125   150   175   200   168   219 0.80 -
Pdum_DN77673_c0_g1_i3:1295-1852  -            186 399439at33208        -            178   0.00014   18.9   0.4   1   3       8.7   2.5e+02   -1.5   0.0    78   100    26    48    10    55 0.55 -
Pdum_DN77673_c0_g1_i3:1295-1852  -            186 399439at33208        -            178   0.00014   18.9   0.4   2   3    0.0004     0.012   12.6   0.0   126   156    84   114    71   119 0.82 -
Pdum_DN77673_c0_g1_i3:1295-1852  -            186 399439at33208        -            178   0.00014   18.9   0.4   3   3      0.25       7.4    3.5   0.0   115   147   154   185   134   186 0.83 -
Pdum_DN71445_c0_g2_i2:766-1509   -            248 399439at33208        -            178   0.00015   18.8   0.2   1   3       2.2        64    0.4   0.0   130   150     1    21     1    26 0.87 -
Pdum_DN71445_c0_g2_i2:766-1509   -            248 399439at33208        -            178   0.00015   18.8   0.2   2   3   0.00028     0.008   13.2   0.0    72   152    28   110    23   115 0.71 -
Pdum_DN71445_c0_g2_i2:766-1509   -            248 399439at33208        -            178   0.00015   18.8   0.2   3   3       5.8   1.7e+02   -0.9   0.0   128   143   229   244   218   247 0.75 -
Pdum_DN83005_c1_g1_i1:16-1335    -            440 399439at33208        -            178   0.00017   18.6   1.3   1   2     0.051       1.5    5.8   0.0   132   148    19    35     8    71 0.87 -
Pdum_DN83005_c1_g1_i1:16-1335    -            440 399439at33208        -            178   0.00017   18.6   1.3   2   2     0.011      0.31    8.0   0.1   114   148   112   147   105   149 0.86 -
Pdum_DN90517_c4_g2_i3:211-1731   -            507 399439at33208        -            178   0.00017   18.6   1.1   1   3         2        58    0.6   0.0   128   148    89   109    73   116 0.73 -
Pdum_DN90517_c4_g2_i3:211-1731   -            507 399439at33208        -            178   0.00017   18.6   1.1   2   3      0.68        20    2.1   0.0   115   146   300   332   266   336 0.73 -
Pdum_DN90517_c4_g2_i3:211-1731   -            507 399439at33208        -            178   0.00017   18.6   1.1   3   3   0.00068      0.02   11.9   0.0    73   115   355   397   341   403 0.90 -
Pdum_DN92312_c5_g1_i1:3890-4381  -            164 399439at33208        -            178   0.00018   18.6   0.4   1   3    0.0012     0.034   11.1   0.1   126   151    26    51     7    58 0.88 -
Pdum_DN92312_c5_g1_i1:3890-4381  -            164 399439at33208        -            178   0.00018   18.6   0.4   2   3       2.1        60    0.5   0.0   108   149    50    97    46   107 0.61 -
Pdum_DN92312_c5_g1_i1:3890-4381  -            164 399439at33208        -            178   0.00018   18.6   0.4   3   3     0.093       2.7    4.9   0.0   127   149   117   139   108   159 0.85 -
Pdum_DN70029_c0_g1_i5:236-670    -            145 399439at33208        -            178   0.00019   18.5   0.1   1   2   0.00011    0.0032   14.5   0.0   114   146    19    53    10    64 0.88 -
Pdum_DN70029_c0_g1_i5:236-670    -            145 399439at33208        -            178   0.00019   18.5   0.1   2   2       1.4        41    1.1   0.0   114   140   116   144   109   145 0.78 -
Pdum_DN87538_c0_g1_i11:59-631    -            191 399439at33208        -            178   0.00025   18.1   0.1   1   2    0.0005     0.015   12.3   0.0   114   152     4    43     3    57 0.86 -
Pdum_DN87538_c0_g1_i11:59-631    -            191 399439at33208        -            178   0.00025   18.1   0.1   2   2      0.25       7.1    3.5   0.0    85   104    62    81    43    88 0.59 -
Pdum_DN86637_c0_g1_i2:178-705    -            176 399439at33208        -            178   0.00043   17.3   0.3   1   3     0.072       2.1    5.3   0.0   126   146    10    30     1    52 0.76 -
Pdum_DN86637_c0_g1_i2:178-705    -            176 399439at33208        -            178   0.00043   17.3   0.3   2   3    0.0043      0.12    9.3   0.0   115   146    44    76    35    94 0.72 -
Pdum_DN86637_c0_g1_i2:178-705    -            176 399439at33208        -            178   0.00043   17.3   0.3   3   3         3        88   -0.0   0.0   118   144    92   120    86   124 0.62 -
Pdum_DN86294_c0_g1_i3:101-3103   -           1001 399439at33208        -            178   0.00054   17.0   0.0   1   3       1.5        42    1.0   0.0   127   143    25    41     3    46 0.71 -
Pdum_DN86294_c0_g1_i3:101-3103   -           1001 399439at33208        -            178   0.00054   17.0   0.0   2   3   0.00088     0.026   11.5   0.0   113   150   132   170   123   179 0.82 -
Pdum_DN86294_c0_g1_i3:101-3103   -           1001 399439at33208        -            178   0.00054   17.0   0.0   3   3       6.1   1.8e+02   -1.0   0.0   111   146   219   258   190   274 0.69 -
Pdum_DN83063_c0_g1_i6:381-1082   -            234 399439at33208        -            178   0.00057   16.9   0.1   1   3       1.2        34    1.3   0.0   130   153     4    27     2    34 0.84 -
Pdum_DN83063_c0_g1_i6:381-1082   -            234 399439at33208        -            178   0.00057   16.9   0.1   2   3      0.12       3.4    4.6   0.0   128   150    95   117    78   132 0.77 -
Pdum_DN83063_c0_g1_i6:381-1082   -            234 399439at33208        -            178   0.00057   16.9   0.1   3   3     0.024      0.69    6.9   0.0   127   150   184   207   168   213 0.86 -
Pdum_DN92435_c3_g1_i6:249-854    -            202 399439at33208        -            178   0.00079   16.4   1.1   1   2    0.0001    0.0029   14.6   0.5    38   127    14   107     2   116 0.76 -
Pdum_DN92435_c3_g1_i6:249-854    -            202 399439at33208        -            178   0.00079   16.4   1.1   2   2       2.7        78    0.2   0.0   121   145   144   168   137   184 0.72 -
Pdum_DN74254_c0_g1_i10:1266-1853 -            196 399439at33208        -            178    0.0008   16.4   0.0   1   2    0.0019     0.054   10.4   0.0    41    92     9    64     6    69 0.80 -
Pdum_DN74254_c0_g1_i10:1266-1853 -            196 399439at33208        -            178    0.0008   16.4   0.0   2   2      0.19       5.6    3.9   0.0   133   166   105   138    93   147 0.76 -
Pdum_DN85938_c0_g1_i1:258-608    -            117 399439at33208        -            178   0.00082   16.4   0.0   1   2   0.00034    0.0099   12.9   0.0   124   152    11    39     1    44 0.84 -
Pdum_DN85938_c0_g1_i1:258-608    -            117 399439at33208        -            178   0.00082   16.4   0.0   2   2       1.3        37    1.2   0.0   123   149    54    80    47    86 0.84 -
Pdum_DN67806_c2_g1_i2:615-1406   -            264 399439at33208        -            178     0.001   16.0   0.0   1   2   0.00077     0.022   11.7   0.0   129   157    84   112    62   128 0.76 -
Pdum_DN67806_c2_g1_i2:615-1406   -            264 399439at33208        -            178     0.001   16.0   0.0   2   2      0.86        25    1.8   0.0   126   151   202   227   188   230 0.77 -
Pdum_DN66486_c0_g1_i1:419-1648   -            410 399439at33208        -            178    0.0016   15.4   0.2   1   2     0.016      0.45    7.4   0.0   122   167   158   201   152   204 0.73 -
Pdum_DN66486_c0_g1_i1:419-1648   -            410 399439at33208        -            178    0.0016   15.4   0.2   2   2      0.22       6.4    3.7   0.0   129   153   208   232   202   243 0.85 -
Pdum_DN69324_c0_g1_i2:232-1023   -            264 399439at33208        -            178    0.0022   15.0   0.2   1   3    0.0036       0.1    9.5   0.1    94   151    40   101    29   106 0.74 -
Pdum_DN69324_c0_g1_i2:232-1023   -            264 399439at33208        -            178    0.0022   15.0   0.2   2   3      0.95        28    1.6   0.0    46    71   117   142   108   145 0.83 -
Pdum_DN69324_c0_g1_i2:232-1023   -            264 399439at33208        -            178    0.0022   15.0   0.2   3   3       9.8   2.8e+02   -1.7   0.0   119   142   236   259   234   262 0.83 -
Pdum_DN72823_c0_g2_i2:1154-1981  -            276 399439at33208        -            178    0.0028   14.6   0.7   1   4     0.016      0.47    7.4   0.1   114   144    74   105     5   114 0.82 -
Pdum_DN72823_c0_g2_i2:1154-1981  -            276 399439at33208        -            178    0.0028   14.6   0.7   2   4       5.9   1.7e+02   -1.0   0.0     8    45   124   161   118   178 0.51 -
Pdum_DN72823_c0_g2_i2:1154-1981  -            276 399439at33208        -            178    0.0028   14.6   0.7   3   4      0.42        12    2.8   0.0   128   156   227   255   204   262 0.85 -
Pdum_DN72823_c0_g2_i2:1154-1981  -            276 399439at33208        -            178    0.0028   14.6   0.7   4   4         9   2.6e+02   -1.5   0.0   107   122   258   273   237   275 0.64 -
Pdum_DN55647_c0_g1_i2:33-551     -            173 399439at33208        -            178    0.0029   14.6   2.4   1   2     0.026      0.75    6.7   0.1   115   148     4    37     2    49 0.78 -
Pdum_DN55647_c0_g1_i2:33-551     -            173 399439at33208        -            178    0.0029   14.6   2.4   2   2     0.014      0.42    7.6   0.1   113   153   121   162   110   165 0.84 -
Pdum_DN78785_c0_g1_i2:534-2834   -            767 399439at33208        -            178     0.003   14.6   0.0   1   2   0.00082     0.024   11.6   0.0   115   149    91   127    88   168 0.86 -
Pdum_DN78785_c0_g1_i2:534-2834   -            767 399439at33208        -            178     0.003   14.6   0.0   2   2       8.5   2.5e+02   -1.5   0.0    87   145   193   210   186   220 0.61 -
Pdum_DN77384_c0_g1_i7:393-935    -            181 399439at33208        -            178    0.0035   14.3   0.0   1   2      0.57        17    2.4   0.0    72    82    44    54    11    63 0.80 -
Pdum_DN77384_c0_g1_i7:393-935    -            181 399439at33208        -            178    0.0035   14.3   0.0   2   2    0.0024      0.07   10.1   0.0    68   145   102   181    66   181 0.81 -
Pdum_DN75371_c0_g2_i4:68-763     -            232 399439at33208        -            178    0.0057   13.6   2.4   1   4       1.1        31    1.5   0.0   128   148     1    21     1    30 0.82 -
Pdum_DN75371_c0_g2_i4:68-763     -            232 399439at33208        -            178    0.0057   13.6   2.4   2   4       2.1        60    0.5   0.0   119   143    34    58    28    66 0.80 -
Pdum_DN75371_c0_g2_i4:68-763     -            232 399439at33208        -            178    0.0057   13.6   2.4   3   4     0.054       1.6    5.7   0.0   129   154   133   158   119   177 0.75 -
Pdum_DN75371_c0_g2_i4:68-763     -            232 399439at33208        -            178    0.0057   13.6   2.4   4   4      0.36        11    3.0   0.1   132   165   178   210   160   220 0.79 -
Pdum_DN77163_c0_g1_i7:250-627    -            126 399439at33208        -            178    0.0059   13.6   0.0   1   2    0.0026     0.076   10.0   0.0   126   155     8    37     5    48 0.86 -
Pdum_DN77163_c0_g1_i7:250-627    -            126 399439at33208        -            178    0.0059   13.6   0.0   2   2      0.86        25    1.8   0.0   126   145    52    71    44    82 0.83 -
Pdum_DN70256_c0_g1_i2:778-1377   -            200 399439at33208        -            178     0.023   11.7   0.1   1   2     0.027      0.79    6.7   0.0   100   150    61   112     8   118 0.85 -
Pdum_DN70256_c0_g1_i2:778-1377   -            200 399439at33208        -            178     0.023   11.7   0.1   2   2      0.37        11    3.0   0.0   122   149   167   195   159   199 0.76 -
Pdum_DN74625_c0_g1_i4:613-1299   -            229 399439at33208        -            178     0.024   11.6   0.1   1   2      0.67        19    2.1   0.0   130   146     2    18     1    24 0.87 -
Pdum_DN74625_c0_g1_i4:613-1299   -            229 399439at33208        -            178     0.024   11.6   0.1   2   2     0.027      0.79    6.7   0.0   118   145    31    58    21    69 0.86 -
Pdum_DN92828_c4_g1_i1:1100-1621  -            174 399439at33208        -            178     0.025   11.6   2.2   1   3     0.032      0.94    6.4   0.1   114   148     3    38     2    49 0.80 -
Pdum_DN92828_c4_g1_i1:1100-1621  -            174 399439at33208        -            178     0.025   11.6   2.2   2   3       2.5        72    0.3   0.0    49    72    52    76    35    98 0.78 -
Pdum_DN92828_c4_g1_i1:1100-1621  -            174 399439at33208        -            178     0.025   11.6   2.2   3   3      0.43        12    2.8   0.0   118   143   143   168   138   173 0.82 -
Pdum_DN75082_c2_g3_i2:17-943     -            309 399439at33208        -            178     0.027   11.4   1.8   1   3     0.075       2.2    5.2   0.1   115   148    16    50     5    57 0.82 -
Pdum_DN75082_c2_g3_i2:17-943     -            309 399439at33208        -            178     0.027   11.4   1.8   2   3       4.5   1.3e+02   -0.6   0.0   119   144   118   146   113   162 0.66 -
Pdum_DN75082_c2_g3_i2:17-943     -            309 399439at33208        -            178     0.027   11.4   1.8   3   3      0.28       8.2    3.3   0.1   115   143   280   309   278   309 0.65 -
Pdum_DN90581_c4_g2_i3:17-301     -             95 399439at33208        -            178     0.027   11.4   0.0   1   2      0.01       0.3    8.0   0.0   114   148    16    51     4    55 0.77 -
Pdum_DN90581_c4_g2_i3:17-301     -             95 399439at33208        -            178     0.027   11.4   0.0   2   2      0.94        27    1.7   0.0   126   145    73    92    59    95 0.80 -
Pdum_DN91069_c3_g1_i7:2506-3243  -            246 399439at33208        -            178     0.028   11.4   3.1   1   2    0.0053      0.15    9.0   0.3   111   150    28    72    21    75 0.74 -
Pdum_DN91069_c3_g1_i7:2506-3243  -            246 399439at33208        -            178     0.028   11.4   3.1   2   2      0.78        23    1.9   0.1   114   138    91   116    86   127 0.79 -
#
# Program:         hmmsearch
# Version:         3.1b2 (February 2015)
# Pipeline mode:   SEARCH
# Query file:      /mnt/f/phylo/WORMS/busco_analysis/busco_downloads/lineages/metazoa_odb10/hmms/399439at33208.hmm
# Target file:     /mnt/f/phylo/WORMS/busco_analysis/metazoa_lineage_result/run_metazoa_odb10/metaeuk_output/initial_results/Platynereis_ref.eggnog_filter.nucl.fasta.modified.fas
# Option settings: hmmsearch --domtblout /mnt/f/phylo/WORMS/busco_analysis/metazoa_lineage_result/run_metazoa_odb10/hmmer_output/initial_run_results/399439at33208.out --cpu 1 /mnt/f/phylo/WORMS/busco_analysis/busco_downloads/lineages/metazoa_odb10/hmms/399439at33208.hmm /mnt/f/phylo/WORMS/busco_analysis/metazoa_lineage_result/run_metazoa_odb10/metaeuk_output/initial_results/Platynereis_ref.eggnog_filter.nucl.fasta.modified.fas 
# Current dir:     /mnt/f/phylo/WORMS/busco_analysis
# Date:            Sun Mar 12 20:42:16 2023
# [ok]
