#                                                                                        --- full sequence --- -------------- this domain -------------   hmm coord   ali coord   env coord
# target name                    accession   tlen query name           accession   qlen   E-value  score  bias   #  of  c-Evalue  i-Evalue  score  bias  from    to  from    to  from    to  acc description of target
#            ------------------- ---------- ----- -------------------- ---------- ----- --------- ------ ----- --- --- --------- --------- ------ ----- ----- ----- ----- ----- ----- ----- ---- ---------------------
Pdum_DN74384_c0_g2_i2:99-1367    -            423 419914at33208        -            329  6.1e-123  408.0  10.1   1   2   9.3e-63   2.4e-61  205.6   0.7     1   180     7   224     7   228 0.85 -
Pdum_DN74384_c0_g2_i2:99-1367    -            423 419914at33208        -            329  6.1e-123  408.0  10.1   2   2   3.7e-63   9.4e-62  206.9   3.0   180   329   251   414   248   414 0.91 -
Pdum_DN75190_c1_g2_i8:1873-2820  -            316 419914at33208        -            329   1.6e-49  166.7  16.4   1   3   1.3e-15   3.4e-14   50.6   2.0   100   225    28   165    20   169 0.78 -
Pdum_DN75190_c1_g2_i8:1873-2820  -            316 419914at33208        -            329   1.6e-49  166.7  16.4   2   3   1.1e-23   2.8e-22   77.2   3.1    92   218   102   241   100   248 0.87 -
Pdum_DN75190_c1_g2_i8:1873-2820  -            316 419914at33208        -            329   1.6e-49  166.7  16.4   3   3   8.9e-19   2.3e-17   61.0   0.1   114   218   169   281   167   313 0.82 -
Pdum_DN87134_c2_g1_i3:1621-2460  -            280 419914at33208        -            329   5.4e-44  148.6  18.8   1   3     1e-12   2.6e-11   41.1   1.9   152   221     1    76     1    82 0.84 -
Pdum_DN87134_c2_g1_i3:1621-2460  -            280 419914at33208        -            329   5.4e-44  148.6  18.8   2   3   2.2e-23   5.7e-22   76.2   4.4   100   222    73   202    72   208 0.90 -
Pdum_DN87134_c2_g1_i3:1621-2460  -            280 419914at33208        -            329   5.4e-44  148.6  18.8   3   3   1.9e-12   4.8e-11   40.2   1.2   145   215   208   280   198   280 0.86 -
Pdum_DN78086_c1_g1_i5:2830-3705  -            292 419914at33208        -            329   4.7e-38  129.0   4.3   1   2   2.1e-24   5.5e-23   79.5   0.4    90   221    19   167     8   170 0.85 -
Pdum_DN78086_c1_g1_i5:2830-3705  -            292 419914at33208        -            329   4.7e-38  129.0   4.3   2   2   5.5e-18   1.4e-16   58.4   0.3    91   218   147   290   144   292 0.84 -
Pdum_DN82012_c2_g2_i1:484-1302   -            273 419914at33208        -            329   2.3e-34  116.9   7.9   1   1   9.2e-35   2.4e-33  113.6   8.3    92   297    17   236     8   238 0.84 -
Pdum_DN74150_c0_g1_i3:157-2955   -            933 419914at33208        -            329     2e-32  110.6   5.2   1   4   1.4e-13   3.5e-12   44.0   0.1   101   249    47   219    42   225 0.79 -
Pdum_DN74150_c0_g1_i3:157-2955   -            933 419914at33208        -            329     2e-32  110.6   5.2   2   4   4.9e-08   1.3e-06   25.7   0.2   185   295   400   516   393   522 0.68 -
Pdum_DN74150_c0_g1_i3:157-2955   -            933 419914at33208        -            329     2e-32  110.6   5.2   3   4      0.15       3.9    4.4   0.0   255   318   531   593   524   595 0.85 -
Pdum_DN74150_c0_g1_i3:157-2955   -            933 419914at33208        -            329     2e-32  110.6   5.2   4   4   1.9e-09   4.8e-08   30.4   0.0    93   185   600   703   599   721 0.79 -
Pdum_DN80927_c0_g1_i1:489-1964   -            492 419914at33208        -            329   7.5e-32  108.6  10.0   1   2   0.00033    0.0086   13.1   0.0   260   299   142   181   135   192 0.86 -
Pdum_DN80927_c0_g1_i1:489-1964   -            492 419914at33208        -            329   7.5e-32  108.6  10.0   2   2   1.3e-28   3.4e-27   93.3   7.9    92   298   218   452   198   471 0.80 -
Pdum_DN80129_c0_g2_i7:710-1570   -            287 419914at33208        -            329   2.1e-31  107.2   5.9   1   2   3.7e-24   9.5e-23   78.7   2.5   150   299     2   164     1   174 0.84 -
Pdum_DN80129_c0_g2_i7:710-1570   -            287 419914at33208        -            329   2.1e-31  107.2   5.9   2   2     1e-07   2.6e-06   24.7   0.0   235   311   145   218   145   232 0.83 -
Pdum_DN87680_c1_g3_i1:3327-4124  -            266 419914at33208        -            329   4.4e-30  102.8   9.9   1   2   2.3e-21   5.8e-20   69.6   6.8   163   318    19   183     4   193 0.65 -
Pdum_DN87680_c1_g3_i1:3327-4124  -            266 419914at33208        -            329   4.4e-30  102.8   9.9   2   2     2e-09   5.2e-08   30.3   0.0   234   295   207   265   198   266 0.74 -
Pdum_DN79110_c0_g1_i7:340-1365   -            342 419914at33208        -            329   5.7e-30  102.4   0.1   1   2   4.1e-23   1.1e-21   75.3   0.1   164   329    65   244    44   244 0.79 -
Pdum_DN79110_c0_g1_i7:340-1365   -            342 419914at33208        -            329   5.7e-30  102.4   0.1   2   2     5e-09   1.3e-07   29.0   0.0   235   328   234   335   231   336 0.76 -
Pdum_DN77965_c1_g1_i1:1646-2635  -            330 419914at33208        -            329   9.6e-28   95.1   6.9   1   4   1.3e-12   3.3e-11   40.8   0.4   234   319    24   110    10   113 0.87 -
Pdum_DN77965_c1_g1_i1:1646-2635  -            330 419914at33208        -            329   9.6e-28   95.1   6.9   2   4   4.7e-09   1.2e-07   29.1   1.7   234   296   113   175   110   197 0.85 -
Pdum_DN77965_c1_g1_i1:1646-2635  -            330 419914at33208        -            329   9.6e-28   95.1   6.9   3   4    0.0079       0.2    8.6   0.2   260   298   183   221   177   239 0.83 -
Pdum_DN77965_c1_g1_i1:1646-2635  -            330 419914at33208        -            329   9.6e-28   95.1   6.9   4   4   2.8e-06   7.1e-05   20.0   0.0   164   295   203   328   202   330 0.78 -
Pdum_DN84894_c0_g1_i9:97-867     -            257 419914at33208        -            329   1.2e-27   94.9   0.0   1   2   1.9e-19     5e-18   63.2   0.0   163   315    29   191     3   195 0.81 -
Pdum_DN84894_c0_g1_i9:97-867     -            257 419914at33208        -            329   1.2e-27   94.9   0.0   2   2   3.9e-09     1e-07   29.3   0.3   164   215   200   256   196   257 0.86 -
Pdum_DN90064_c4_g2_i4:2740-4161  -            474 419914at33208        -            329   1.5e-26   91.2   7.9   1   2   6.2e-22   1.6e-20   71.4   5.0    92   307   157   392   146   409 0.77 -
Pdum_DN90064_c4_g2_i4:2740-4161  -            474 419914at33208        -            329   1.5e-26   91.2   7.9   2   2   3.7e-06   9.5e-05   19.6   0.1   236   297   407   472   392   474 0.80 -
Pdum_DN90586_c2_g3_i4:2166-2804  -            213 419914at33208        -            329   1.6e-26   91.1   0.1   1   2   5.8e-23   1.5e-21   74.8   0.0   148   298     4   168     1   172 0.82 -
Pdum_DN90586_c2_g3_i4:2166-2804  -            213 419914at33208        -            329   1.6e-26   91.1   0.1   2   2   9.4e-05    0.0024   14.9   0.0   260   297   172   209   166   212 0.91 -
Pdum_DN78854_c0_g1_i1:1579-2349  -            257 419914at33208        -            329   1.4e-25   88.1  14.1   1   4   3.3e-11   8.4e-10   36.2   3.2   228   318     7    96     1    97 0.86 -
Pdum_DN78854_c0_g1_i1:1579-2349  -            257 419914at33208        -            329   1.4e-25   88.1  14.1   2   4   1.1e-10   2.7e-09   34.5   0.1   234   299   100   162    99   165 0.94 -
Pdum_DN78854_c0_g1_i1:1579-2349  -            257 419914at33208        -            329   1.4e-25   88.1  14.1   3   4   3.5e-09     9e-08   29.5   0.1   236   329   144   237   132   237 0.88 -
Pdum_DN78854_c0_g1_i1:1579-2349  -            257 419914at33208        -            329   1.4e-25   88.1  14.1   4   4   0.00018    0.0046   14.0   0.0   234   297   184   244   176   256 0.80 -
Pdum_DN88256_c0_g1_i4:512-2926   -            805 419914at33208        -            329   1.9e-25   87.6  28.1   1   4       2.3        59    0.5   0.0   253   297    43    87    36    93 0.90 -
Pdum_DN88256_c0_g1_i4:512-2926   -            805 419914at33208        -            329   1.9e-25   87.6  28.1   2   4   1.2e-08     3e-07   27.8   5.8   161   251   110   215    75   277 0.71 -
Pdum_DN88256_c0_g1_i4:512-2926   -            805 419914at33208        -            329   1.9e-25   87.6  28.1   3   4   5.3e-06   0.00014   19.0   5.0   165   293   313   456   288   461 0.50 -
Pdum_DN88256_c0_g1_i4:512-2926   -            805 419914at33208        -            329   1.9e-25   87.6  28.1   4   4   1.6e-14   4.1e-13   47.1   2.0   146   297   474   638   471   657 0.79 -
Pdum_DN84798_c1_g2_i5:993-2768   -            592 419914at33208        -            329   1.2e-24   85.0   0.3   1   3    0.0042      0.11    9.5   0.0   235   284    62   110    41   117 0.81 -
Pdum_DN84798_c1_g2_i5:993-2768   -            592 419914at33208        -            329   1.2e-24   85.0   0.3   2   3   5.1e-12   1.3e-10   38.8   0.0   106   328   125   373   119   374 0.79 -
Pdum_DN84798_c1_g2_i5:993-2768   -            592 419914at33208        -            329   1.2e-24   85.0   0.3   3   3   4.4e-09   1.1e-07   29.2   0.5   110   217   468   592   447   592 0.77 -
Pdum_DN77740_c0_g3_i3:100-1476   -            459 419914at33208        -            329   3.1e-24   83.6   2.1   1   2     7e-22   1.8e-20   71.2   0.7   149   297   145   306   135   311 0.78 -
Pdum_DN77740_c0_g3_i3:100-1476   -            459 419914at33208        -            329   3.1e-24   83.6   2.1   2   2    0.0036     0.092    9.7   0.0   259   327   310   378   306   381 0.75 -
Pdum_DN74356_c1_g1_i1:377-1456   -            360 419914at33208        -            329   6.3e-24   82.6   5.6   1   4    0.0011     0.029   11.4   0.0   151   195     1    49     1    59 0.76 -
Pdum_DN74356_c1_g1_i1:377-1456   -            360 419914at33208        -            329   6.3e-24   82.6   5.6   2   4   6.7e-14   1.7e-12   45.0   0.3   162   297    57   216    46   227 0.77 -
Pdum_DN74356_c1_g1_i1:377-1456   -            360 419914at33208        -            329   6.3e-24   82.6   5.6   3   4   5.5e-07   1.4e-05   22.3   0.2   267   326   245   308   237   311 0.83 -
Pdum_DN74356_c1_g1_i1:377-1456   -            360 419914at33208        -            329   6.3e-24   82.6   5.6   4   4      0.11       2.8    4.9   0.0   235   278   301   346   296   355 0.50 -
Pdum_DN83588_c0_g2_i13:1452-2396 -            315 419914at33208        -            329   2.3e-23   80.8   0.0   1   3   1.2e-13   3.1e-12   44.2   0.0   163   299    11   160     2   182 0.77 -
Pdum_DN83588_c0_g2_i13:1452-2396 -            315 419914at33208        -            329   2.3e-23   80.8   0.0   2   3      0.15         4    4.4   0.0   232   257   196   221   183   233 0.66 -
Pdum_DN83588_c0_g2_i13:1452-2396 -            315 419914at33208        -            329   2.3e-23   80.8   0.0   3   3   8.4e-09   2.2e-07   28.2   0.0   235   294   258   314   246   315 0.89 -
Pdum_DN72920_c0_g1_i5:770-1675   -            302 419914at33208        -            329   2.3e-23   80.7   8.5   1   2   8.2e-12   2.1e-10   38.1   0.3   163   308    30   186    12   194 0.82 -
Pdum_DN72920_c0_g1_i5:770-1675   -            302 419914at33208        -            329   2.3e-23   80.7   8.5   2   2   9.5e-14   2.5e-12   44.5   2.2   233   317   199   279   191   295 0.84 -
Pdum_DN66431_c0_g1_i1:1561-2364  -            268 419914at33208        -            329   2.7e-23   80.5   6.1   1   2   3.7e-07   9.6e-06   22.8   0.1   164   214    26    80     1    84 0.77 -
Pdum_DN66431_c0_g1_i1:1561-2364  -            268 419914at33208        -            329   2.7e-23   80.5   6.1   2   2   1.6e-20   4.1e-19   66.8   2.0    91   249    67   241    64   249 0.82 -
Pdum_DN89838_c3_g2_i15:954-1709  -            252 419914at33208        -            329   7.7e-23   79.0   3.3   1   1   4.3e-24   1.1e-22   78.5   3.3    93   328     2   251     1   252 0.77 -
Pdum_DN84241_c0_g1_i1:2776-3423  -            216 419914at33208        -            329   8.7e-23   78.9   5.6   1   3   2.2e-07   5.6e-06   23.6   0.0   261   327     6    75     3    76 0.85 -
Pdum_DN84241_c0_g1_i1:2776-3423  -            216 419914at33208        -            329   8.7e-23   78.9   5.6   2   3   1.6e-14   4.1e-13   47.1   0.3   234   327    66   163    62   166 0.89 -
Pdum_DN84241_c0_g1_i1:2776-3423  -            216 419914at33208        -            329   8.7e-23   78.9   5.6   3   3   0.00081     0.021   11.9   0.2   262   296   180   214   170   216 0.88 -
Pdum_DN85045_c0_g1_i5:248-835    -            196 419914at33208        -            329   1.3e-22   78.2   0.0   1   1     1e-23   2.7e-22   77.3   0.0   128   294    13   196    11   196 0.83 -
Pdum_DN88766_c3_g2_i10:292-717   -            142 419914at33208        -            329   2.1e-22   77.6   3.3   1   2   9.5e-14   2.4e-12   44.5   0.2   235   318     5    85     2    85 0.95 -
Pdum_DN88766_c3_g2_i10:292-717   -            142 419914at33208        -            329   2.1e-22   77.6   3.3   2   2     2e-12   5.2e-11   40.1   0.3   261   318    71   127    68   142 0.85 -
Pdum_DN91072_c6_g2_i4:11-988     -            326 419914at33208        -            329   9.5e-22   75.4   6.2   1   3   3.1e-09   8.1e-08   29.7   0.3   232   296    42   105    21   110 0.86 -
Pdum_DN91072_c6_g2_i4:11-988     -            326 419914at33208        -            329   9.5e-22   75.4   6.2   2   3   1.2e-08   3.2e-07   27.7   0.2   235   295    89   146    88   159 0.66 -
Pdum_DN91072_c6_g2_i4:11-988     -            326 419914at33208        -            329   9.5e-22   75.4   6.2   3   3   9.7e-10   2.5e-08   31.3   0.4   221   328   163   275   153   325 0.63 -
Pdum_DN71389_c1_g2_i1:359-1099   -            247 419914at33208        -            329   4.5e-21   73.2   9.4   1   3   4.1e-08   1.1e-06   26.0   0.4   231   298    19    88     7    92 0.87 -
Pdum_DN71389_c1_g2_i1:359-1099   -            247 419914at33208        -            329   4.5e-21   73.2   9.4   2   3   5.1e-09   1.3e-07   29.0   0.2   258   318    90   152    86   154 0.83 -
Pdum_DN71389_c1_g2_i1:359-1099   -            247 419914at33208        -            329   4.5e-21   73.2   9.4   3   3   9.9e-06   0.00025   18.2   0.5   243   308   167   228   158   237 0.76 -
Pdum_DN92078_c7_g2_i1:2888-3787  -            300 419914at33208        -            329   6.9e-21   72.6   8.6   1   2     1e-11   2.6e-10   37.8   2.2   205   295    13   107     7   118 0.56 -
Pdum_DN92078_c7_g2_i1:2888-3787  -            300 419914at33208        -            329   6.9e-21   72.6   8.6   2   2   1.3e-10   3.4e-09   34.2   0.4   153   297   123   281   115   286 0.70 -
Pdum_DN76828_c2_g1_i1:4967-5695  -            243 419914at33208        -            329   1.9e-20   71.2   0.1   1   4   0.00024    0.0061   13.6   0.0   236   297    15    76     3    80 0.57 -
Pdum_DN76828_c2_g1_i1:4967-5695  -            243 419914at33208        -            329   1.9e-20   71.2   0.1   2   4   1.6e-10     4e-09   33.9   0.0   235   312    59   132    57   139 0.87 -
Pdum_DN76828_c2_g1_i1:4967-5695  -            243 419914at33208        -            329   1.9e-20   71.2   0.1   3   4   3.4e-05   0.00087   16.4   0.0   236   314   144   220   140   221 0.78 -
Pdum_DN76828_c2_g1_i1:4967-5695  -            243 419914at33208        -            329   1.9e-20   71.2   0.1   4   4   7.4e-05    0.0019   15.3   0.1   150   178   212   243   203   243 0.85 -
Pdum_DN66770_c0_g1_i1:157-1065   -            303 419914at33208        -            329   2.1e-20   71.0  12.3   1   3   2.4e-17   6.2e-16   56.3   3.1   150   297    10   174     4   183 0.80 -
Pdum_DN66770_c0_g1_i1:157-1065   -            303 419914at33208        -            329   2.1e-20   71.0  12.3   2   3   1.2e-05    0.0003   17.9   0.2   234   317   199   283   185   289 0.88 -
Pdum_DN66770_c0_g1_i1:157-1065   -            303 419914at33208        -            329   2.1e-20   71.0  12.3   3   3     0.077         2    5.4   1.3   179   214   264   303   262   303 0.74 -
Pdum_DN73504_c1_g7_i2:375-1772   -            466 419914at33208        -            329   3.2e-20   70.4  11.2   1   3     0.093       2.4    5.1   0.0   186   220   137   175   131   181 0.59 -
Pdum_DN73504_c1_g7_i2:375-1772   -            466 419914at33208        -            329   3.2e-20   70.4  11.2   2   3   5.6e-14   1.4e-12   45.3   2.1    94   304   212   357   185   361 0.42 -
Pdum_DN73504_c1_g7_i2:375-1772   -            466 419914at33208        -            329   3.2e-20   70.4  11.2   3   3   7.4e-12   1.9e-10   38.3   1.9   164   296   251   402   249   458 0.55 -
Pdum_DN86525_c0_g1_i1:704-1231   -            176 419914at33208        -            329   3.6e-20   70.3   0.6   1   2   5.6e-16   1.4e-14   51.8   0.7   206   311     1   113     1   124 0.80 -
Pdum_DN86525_c0_g1_i1:704-1231   -            176 419914at33208        -            329   3.6e-20   70.3   0.6   2   2   3.3e-07   8.6e-06   23.0   0.0   235   308    82   153    78   167 0.78 -
Pdum_DN87342_c0_g1_i8:5-2425     -            807 419914at33208        -            329   1.6e-19   68.1   0.1   1   2     0.058       1.5    5.8   0.0   270   313   148   192   127   236 0.58 -
Pdum_DN87342_c0_g1_i8:5-2425     -            807 419914at33208        -            329   1.6e-19   68.1   0.1   2   2   4.1e-18   1.1e-16   58.8   0.0   138   305   359   545   348   558 0.79 -
Pdum_DN73138_c0_g1_i1:392-1264   -            291 419914at33208        -            329   2.2e-19   67.7   0.3   1   2   4.1e-19   1.1e-17   62.1   0.3    93   299    26   253    25   260 0.80 -
Pdum_DN73138_c0_g1_i1:392-1264   -            291 419914at33208        -            329   2.2e-19   67.7   0.3   2   2      0.22       5.6    3.9   0.0   233   283   232   280   215   286 0.60 -
Pdum_DN83588_c0_g2_i13:1293-2279 -            329 419914at33208        -            329   2.4e-19   67.5   0.1   1   4     4e-09     1e-07   29.3   0.0   194   298     6   120     1   143 0.68 -
Pdum_DN83588_c0_g2_i13:1293-2279 -            329 419914at33208        -            329   2.4e-19   67.5   0.1   2   4     0.021      0.55    7.2   0.0   235   279   102   146    98   158 0.88 -
Pdum_DN83588_c0_g2_i13:1293-2279 -            329 419914at33208        -            329   2.4e-19   67.5   0.1   3   4      0.16         4    4.4   0.0   232   257   157   182   143   195 0.67 -
Pdum_DN83588_c0_g2_i13:1293-2279 -            329 419914at33208        -            329   2.4e-19   67.5   0.1   4   4   4.5e-09   1.2e-07   29.1   0.0   235   295   219   276   160   281 0.90 -
Pdum_DN80498_c1_g1_i1:1987-2589  -            201 419914at33208        -            329   3.4e-19   67.1   1.3   1   2   1.4e-05   0.00037   17.6   0.1   265   322     1    57     1    60 0.91 -
Pdum_DN80498_c1_g1_i1:1987-2589  -            201 419914at33208        -            329   3.4e-19   67.1   1.3   2   2   9.9e-13   2.5e-11   41.2   0.1    95   214    64   201    64   201 0.75 -
Pdum_DN83855_c0_g1_i4:658-1428   -            257 419914at33208        -            329   7.6e-19   65.9   0.3   1   3   1.6e-10     4e-09   33.9   0.0   235   300     7    75     4    91 0.83 -
Pdum_DN83855_c0_g1_i4:658-1428   -            257 419914at33208        -            329   7.6e-19   65.9   0.3   2   3   2.2e-07   5.6e-06   23.6   0.3   257   297    92   132    83   138 0.87 -
Pdum_DN83855_c0_g1_i4:658-1428   -            257 419914at33208        -            329   7.6e-19   65.9   0.3   3   3     0.072       1.9    5.5   0.0   262   305   139   181   132   186 0.63 -
Pdum_DN83656_c0_g1_i2:2236-2991  -            252 419914at33208        -            329   1.2e-18   65.2   1.5   1   2    0.0025     0.063   10.3   0.0   113   150     4    41     1    56 0.53 -
Pdum_DN83656_c0_g1_i2:2236-2991  -            252 419914at33208        -            329   1.2e-18   65.2   1.5   2   2   2.9e-15   7.5e-14   49.5   1.0   127   293    75   252    59   252 0.72 -
Pdum_DN89990_c3_g2_i4:936-1778   -            281 419914at33208        -            329   1.7e-18   64.7   2.7   1   3   9.3e-06   0.00024   18.2   0.0   233   325     5    96     1   100 0.88 -
Pdum_DN89990_c3_g2_i4:936-1778   -            281 419914at33208        -            329   1.7e-18   64.7   2.7   2   3   6.6e-10   1.7e-08   31.9   0.2   238   324    94   185    90   187 0.82 -
Pdum_DN89990_c3_g2_i4:936-1778   -            281 419914at33208        -            329   1.7e-18   64.7   2.7   3   3   1.9e-05    0.0005   17.2   0.1   233   317   178   261   176   277 0.76 -
Pdum_DN87178_c0_g1_i10:2619-3539 -            307 419914at33208        -            329   2.8e-18   64.0   0.4   1   3   1.9e-05   0.00048   17.2   0.0   233   300     3    78     2    86 0.76 -
Pdum_DN87178_c0_g1_i10:2619-3539 -            307 419914at33208        -            329   2.8e-18   64.0   0.4   2   3    0.0009     0.023   11.7   0.0   254   312    85   142    78   151 0.81 -
Pdum_DN87178_c0_g1_i10:2619-3539 -            307 419914at33208        -            329   2.8e-18   64.0   0.4   3   3   1.5e-09   3.7e-08   30.8   0.1   224   311   195   278   183   286 0.85 -
Pdum_DN83552_c2_g1_i4:337-1659   -            441 419914at33208        -            329   1.7e-17   61.5   4.1   1   2   1.5e-14   3.9e-13   47.1   0.7    84   296    73   311    69   320 0.76 -
Pdum_DN83552_c2_g1_i4:337-1659   -            441 419914at33208        -            329   1.7e-17   61.5   4.1   2   2   0.00059     0.015   12.3   0.1   261   297   318   354   310   363 0.85 -
Pdum_DN89089_c3_g1_i2:1021-1773  -            251 419914at33208        -            329   2.1e-17   61.2   0.0   1   2     0.011      0.27    8.2   0.0   265   310     1    50     1    76 0.57 -
Pdum_DN89089_c3_g1_i2:1021-1773  -            251 419914at33208        -            329   2.1e-17   61.2   0.0   2   2   6.8e-16   1.8e-14   51.6   0.0   166   328    70   250    60   251 0.74 -
Pdum_DN79208_c0_g1_i2:96-1031    -            312 419914at33208        -            329     3e-17   60.6   1.6   1   2   9.1e-10   2.4e-08   31.4   0.0   202   302    10   116     8   131 0.77 -
Pdum_DN79208_c0_g1_i2:96-1031    -            312 419914at33208        -            329     3e-17   60.6   1.6   2   2   1.1e-08   2.8e-07   27.9   0.6   232   316   226   307   207   310 0.87 -
Pdum_DN90273_c4_g1_i2:3537-4052  -            172 419914at33208        -            329   5.5e-17   59.8   2.4   1   2   1.6e-07     4e-06   24.1   0.0   234   312    22    96     3   103 0.83 -
Pdum_DN90273_c4_g1_i2:3537-4052  -            172 419914at33208        -            329   5.5e-17   59.8   2.4   2   2   1.1e-10   2.7e-09   34.5   2.0   234   296   106   165    97   171 0.90 -
Pdum_DN69263_c0_g1_i1:405-1196   -            264 419914at33208        -            329   7.4e-17   59.4  15.7   1   3     4e-12     1e-10   39.2   0.6   236   318     4    88     2   111 0.85 -
Pdum_DN69263_c0_g1_i1:405-1196   -            264 419914at33208        -            329   7.4e-17   59.4  15.7   2   3    0.0001    0.0026   14.9   0.3    90   199   155   194   143   203 0.48 -
Pdum_DN69263_c0_g1_i1:405-1196   -            264 419914at33208        -            329   7.4e-17   59.4  15.7   3   3   0.00028    0.0072   13.4   3.1   234   294   203   263   198   264 0.94 -
Pdum_DN65740_c0_g1_i1:159-803    -            215 419914at33208        -            329   8.7e-17   59.1   1.9   1   2   4.1e-12     1e-10   39.1   1.0   232   310     9    85     3    89 0.88 -
Pdum_DN65740_c0_g1_i1:159-803    -            215 419914at33208        -            329   8.7e-17   59.1   1.9   2   2      0.08       2.1    5.3   0.0   261   306    94   139    87   144 0.87 -
Pdum_DN84814_c0_g2_i1:1505-2083  -            193 419914at33208        -            329   1.3e-16   58.6   0.3   1   1   3.2e-17   8.3e-16   55.9   0.3   130   295    10   191     6   193 0.76 -
Pdum_DN73512_c4_g2_i3:726-1661   -            312 419914at33208        -            329   1.6e-16   58.3   0.6   1   2     5e-13   1.3e-11   42.1   0.5   186   298    55   176    49   191 0.80 -
Pdum_DN73512_c4_g2_i3:726-1661   -            312 419914at33208        -            329   1.6e-16   58.3   0.6   2   2   0.00024    0.0062   13.6   0.0   259   298   260   299   236   306 0.86 -
Pdum_DN83800_c0_g2_i3:14-562     -            183 419914at33208        -            329   7.8e-16   56.0   0.2   1   1   5.5e-17   1.4e-15   55.1   0.2   107   217    51   174    34   180 0.82 -
Pdum_DN76013_c0_g1_i3:463-1068   -            202 419914at33208        -            329   1.3e-14   52.0   8.0   1   3   0.00034    0.0087   13.1   0.5   265   315     2    55     1    60 0.70 -
Pdum_DN76013_c0_g1_i3:463-1068   -            202 419914at33208        -            329   1.3e-14   52.0   8.0   2   3   3.6e-11   9.3e-10   36.0   0.2   234   296    63   124    55   129 0.85 -
Pdum_DN76013_c0_g1_i3:463-1068   -            202 419914at33208        -            329   1.3e-14   52.0   8.0   3   3     0.032      0.83    6.6   0.1   189   217   148   181   140   189 0.63 -
Pdum_DN82173_c1_g1_i7:1104-1730  -            209 419914at33208        -            329   1.9e-14   51.4   0.5   1   1   4.2e-15   1.1e-13   49.0   0.5   112   294     3   208     1   209 0.77 -
Pdum_DN92345_c8_g1_i1:3879-4793  -            305 419914at33208        -            329     2e-14   51.4   0.4   1   2   9.1e-06   0.00023   18.3   0.1   233   304     7    74     2    80 0.70 -
Pdum_DN92345_c8_g1_i1:3879-4793  -            305 419914at33208        -            329     2e-14   51.4   0.4   2   2   1.1e-08   2.9e-07   27.8   0.0   147   310    95   280    80   298 0.72 -
Pdum_DN72823_c0_g2_i2:1154-1981  -            276 419914at33208        -            329   2.2e-14   51.2   0.1   1   2     1e-12   2.6e-11   41.1   0.1   132   253    12   147     5   168 0.78 -
Pdum_DN72823_c0_g2_i2:1154-1981  -            276 419914at33208        -            329   2.2e-14   51.2   0.1   2   2     0.057       1.5    5.8   0.0   155   198   219   263   193   270 0.71 -
Pdum_DN67795_c0_g1_i2:1517-2137  -            207 419914at33208        -            329   2.9e-14   50.8   0.1   1   2   1.5e-14   3.8e-13   47.2   0.0   151   315     1   180     1   192 0.76 -
Pdum_DN67795_c0_g1_i2:1517-2137  -            207 419914at33208        -            329   2.9e-14   50.8   0.1   2   2      0.15       3.8    4.4   0.1   247   294   158   207   156   207 0.54 -
Pdum_DN75190_c1_g2_i8:2335-2706  -            124 419914at33208        -            329   3.3e-14   50.7   1.2   1   1   1.8e-15   4.5e-14   50.2   1.2   120   221    14   123     2   124 0.70 -
Pdum_DN86637_c0_g1_i2:178-705    -            176 419914at33208        -            329   3.3e-14   50.7   1.9   1   2   1.2e-11   3.1e-10   37.6   0.1   234   298    12    77     1    80 0.84 -
Pdum_DN86637_c0_g1_i2:178-705    -            176 419914at33208        -            329   3.3e-14   50.7   1.9   2   2   8.8e-05    0.0023   15.0   0.2   102   144    75   120    74   133 0.81 -
Pdum_DN78785_c0_g1_i2:534-2834   -            767 419914at33208        -            329   3.5e-14   50.6   4.3   1   2   1.3e-09   3.3e-08   30.9   0.5   214   317    86   187    50   190 0.80 -
Pdum_DN78785_c0_g1_i2:534-2834   -            767 419914at33208        -            329   3.5e-14   50.6   4.3   2   2   3.3e-06   8.5e-05   19.7   0.2   234   318   193   278   189   294 0.80 -
Pdum_DN78454_c0_g1_i4:576-2111   -            512 419914at33208        -            329   5.6e-14   49.9   0.8   1   4       2.5        63    0.4   0.0   155   191    40    77    11    86 0.78 -
Pdum_DN78454_c0_g1_i4:576-2111   -            512 419914at33208        -            329   5.6e-14   49.9   0.8   2   4     0.048       1.2    6.0   0.0   264   301   212   249   198   274 0.73 -
Pdum_DN78454_c0_g1_i4:576-2111   -            512 419914at33208        -            329   5.6e-14   49.9   0.8   3   4     4e-06    0.0001   19.4   0.0   233   299   276   340   269   344 0.88 -
Pdum_DN78454_c0_g1_i4:576-2111   -            512 419914at33208        -            329   5.6e-14   49.9   0.8   4   4     2e-06   5.1e-05   20.4   0.1   105   156   337   389   333   400 0.88 -
Pdum_DN84903_c4_g3_i8:753-1754   -            334 419914at33208        -            329   6.1e-14   49.8   0.0   1   3    0.0087      0.22    8.5   0.0   244   299    34    89    16   105 0.81 -
Pdum_DN84903_c4_g3_i8:753-1754   -            334 419914at33208        -            329   6.1e-14   49.8   0.0   2   3   6.2e-07   1.6e-05   22.1   0.1   109   225    48   178    39   193 0.54 -
Pdum_DN84903_c4_g3_i8:753-1754   -            334 419914at33208        -            329   6.1e-14   49.8   0.0   3   3     1e-07   2.7e-06   24.7   0.0   129   218   196   300   188   329 0.69 -
Pdum_DN80990_c0_g1_i2:150-1607   -            486 419914at33208        -            329   6.4e-14   49.7   3.3   1   2   1.5e-12   3.7e-11   40.6   0.3   232   312   262   342   240   347 0.78 -
Pdum_DN80990_c0_g1_i2:150-1607   -            486 419914at33208        -            329   6.4e-14   49.7   3.3   2   2    0.0055      0.14    9.1   0.2   249   297   365   410   345   427 0.64 -
Pdum_DN76096_c0_g1_i2:374-1027   -            218 419914at33208        -            329   7.7e-14   49.4   2.4   1   1   4.6e-13   1.2e-11   42.2   2.4   100   299     3   205     2   213 0.71 -
Pdum_DN71445_c0_g2_i2:766-1509   -            248 419914at33208        -            329   8.2e-14   49.4   3.0   1   2   1.1e-09   2.8e-08   31.2   1.5   236   317     1    79     1    79 0.86 -
Pdum_DN71445_c0_g2_i2:766-1509   -            248 419914at33208        -            329   8.2e-14   49.4   3.0   2   2   5.2e-06   0.00013   19.1   0.2   262   302    67   109    64   136 0.80 -
Pdum_DN88741_c1_g1_i6:2841-3650  -            270 419914at33208        -            329     1e-13   49.1   0.7   1   3     0.031      0.81    6.7   0.1   223   297     7    88     2   105 0.70 -
Pdum_DN88741_c1_g1_i6:2841-3650  -            270 419914at33208        -            329     1e-13   49.1   0.7   2   3   8.5e-13   2.2e-11   41.4   0.2   201   301    71   183    63   212 0.72 -
Pdum_DN88741_c1_g1_i6:2841-3650  -            270 419914at33208        -            329     1e-13   49.1   0.7   3   3       0.4        10    3.0   0.0   154   178   238   265   189   269 0.44 -
Pdum_DN66493_c0_g1_i1:720-1655   -            312 419914at33208        -            329   1.2e-13   48.8   0.0   1   3   1.6e-10     4e-09   33.9   0.1   199   300    33   141    13   152 0.74 -
Pdum_DN66493_c0_g1_i1:720-1655   -            312 419914at33208        -            329   1.2e-13   48.8   0.0   2   3     0.061       1.6    5.7   0.0   239   315   165   242   146   247 0.78 -
Pdum_DN66493_c0_g1_i1:720-1655   -            312 419914at33208        -            329   1.2e-13   48.8   0.0   3   3       0.2       5.2    4.0   0.0    92   129   253   293   245   307 0.53 -
Pdum_DN88892_c3_g1_i1:2670-3179  -            170 419914at33208        -            329   1.5e-13   48.5   4.7   1   2   1.4e-08   3.6e-07   27.5   3.8   207   314    14   126     7   130 0.57 -
Pdum_DN88892_c3_g1_i1:2670-3179  -            170 419914at33208        -            329   1.5e-13   48.5   4.7   2   2   6.2e-07   1.6e-05   22.1   0.1   261   311   116   166   110   170 0.51 -
Pdum_DN89224_c5_g2_i10:3220-3918 -            233 419914at33208        -            329     2e-13   48.1   6.4   1   2     3e-05   0.00076   16.6   1.6   254   318    76   140    53   144 0.81 -
Pdum_DN89224_c5_g2_i10:3220-3918 -            233 419914at33208        -            329     2e-13   48.1   6.4   2   2   8.7e-09   2.2e-07   28.2   0.1   269   318   134   183   130   186 0.97 -
Pdum_DN75651_c0_g1_i1:179-1012   -            278 419914at33208        -            329     2e-13   48.1   0.4   1   2    0.0013     0.034   11.2   0.0   221   301    32   110     3   116 0.77 -
Pdum_DN75651_c0_g1_i1:179-1012   -            278 419914at33208        -            329     2e-13   48.1   0.4   2   2   7.9e-11     2e-09   34.9   0.5   185   317   117   256   111   272 0.80 -
Pdum_DN90581_c4_g3_i1:18-467     -            150 419914at33208        -            329   3.8e-13   47.2   1.7   1   2   1.8e-09   4.5e-08   30.5   0.1   231   318     5    86     2    93 0.79 -
Pdum_DN90581_c4_g3_i1:18-467     -            150 419914at33208        -            329   3.8e-13   47.2   1.7   2   2   4.2e-05    0.0011   16.1   0.1   165   200    97   133    92   149 0.62 -
Pdum_DN84002_c0_g1_i8:796-1551   -            252 419914at33208        -            329   5.2e-13   46.7   0.0   1   2   2.6e-13   6.8e-12   43.1   0.1   234   318     9    97     4   100 0.85 -
Pdum_DN84002_c0_g1_i8:796-1551   -            252 419914at33208        -            329   5.2e-13   46.7   0.0   2   2       1.2        30    1.5   0.0   235   289   102   155    98   165 0.78 -
Pdum_DN79406_c0_g1_i1:209-1183   -            325 419914at33208        -            329   7.5e-13   46.2   0.3   1   2   1.6e-11   4.2e-10   37.2   0.1   149   312     6   191     2   201 0.74 -
Pdum_DN79406_c0_g1_i1:209-1183   -            325 419914at33208        -            329   7.5e-13   46.2   0.3   2   2     0.013      0.34    7.9   0.0   263   300   185   222   180   251 0.74 -
Pdum_DN63925_c0_g1_i1:119-1006   -            296 419914at33208        -            329   9.9e-13   45.8   3.3   1   2   5.8e-11   1.5e-09   35.3   0.1   109   219    28   150    21   170 0.81 -
Pdum_DN63925_c0_g1_i1:119-1006   -            296 419914at33208        -            329   9.9e-13   45.8   3.3   2   2    0.0013     0.033   11.2   0.4    96   180   177   273   171   291 0.73 -
Pdum_DN82224_c0_g1_i1:2783-3526  -            248 419914at33208        -            329   1.1e-12   45.6   3.5   1   2   3.5e-13     9e-12   42.7   1.1   114   265     4   162     1   166 0.76 -
Pdum_DN82224_c0_g1_i1:2783-3526  -            248 419914at33208        -            329   1.1e-12   45.6   3.5   2   2      0.85        22    1.9   0.0   234   294   186   247   172   248 0.67 -
Pdum_DN90517_c4_g1_i5:2-985      -            328 419914at33208        -            329   1.3e-12   45.4   5.5   1   4      0.02      0.53    7.3   0.0   296   318    42    64    18    72 0.68 -
Pdum_DN90517_c4_g1_i5:2-985      -            328 419914at33208        -            329   1.3e-12   45.4   5.5   2   4   2.9e-06   7.5e-05   19.9   0.3   257   312    46   107    37   122 0.49 -
Pdum_DN90517_c4_g1_i5:2-985      -            328 419914at33208        -            329   1.3e-12   45.4   5.5   3   4   5.7e-05    0.0015   15.7   0.0   231   318   125   218   117   224 0.81 -
Pdum_DN90517_c4_g1_i5:2-985      -            328 419914at33208        -            329   1.3e-12   45.4   5.5   4   4   0.00031     0.008   13.2   0.4   185   276   203   303   202   328 0.77 -
Pdum_DN84033_c1_g3_i1:1082-1726  -            215 419914at33208        -            329   2.1e-12   44.7   4.4   1   3    0.0005     0.013   12.5   0.1   260   295     4    39     1    77 0.83 -
Pdum_DN84033_c1_g3_i1:1082-1726  -            215 419914at33208        -            329   2.1e-12   44.7   4.4   2   3   7.7e-10     2e-08   31.7   1.5   150   216    65   140    50   156 0.75 -
Pdum_DN84033_c1_g3_i1:1082-1726  -            215 419914at33208        -            329   2.1e-12   44.7   4.4   3   3     0.023      0.59    7.1   0.1   234   285   124   178   122   214 0.76 -
Pdum_DN88423_c1_g1_i2:993-1421   -            143 419914at33208        -            329   2.5e-12   44.5   2.2   1   1   1.9e-13   4.9e-12   43.5   2.2   187   302     8   126     3   136 0.79 -
Pdum_DN86522_c0_g3_i4:534-1520   -            329 419914at33208        -            329   3.4e-12   44.0   5.8   1   2   1.3e-07   3.3e-06   24.4   3.3   162   316    13   176     1   193 0.79 -
Pdum_DN86522_c0_g3_i4:534-1520   -            329 419914at33208        -            329   3.4e-12   44.0   5.8   2   2     4e-06    0.0001   19.5   0.0   141   248   204   326   191   329 0.75 -
Pdum_DN85879_c0_g1_i1:230-808    -            193 419914at33208        -            329   3.8e-12   43.9   0.0   1   2   7.6e-09     2e-07   28.4   0.0   164   300     5    66     2    98 0.54 -
Pdum_DN85879_c0_g1_i1:230-808    -            193 419914at33208        -            329   3.8e-12   43.9   0.0   2   2   0.00038    0.0098   12.9   0.0   165   214   139   193   125   193 0.83 -
Pdum_DN84963_c1_g1_i6:1317-3311  -            665 419914at33208        -            329   7.1e-12   43.0   1.8   1   3   4.1e-07   1.1e-05   22.7   0.1   210   308    26   125    14   126 0.80 -
Pdum_DN84963_c1_g1_i6:1317-3311  -            665 419914at33208        -            329   7.1e-12   43.0   1.8   2   3   8.8e-09   2.3e-07   28.2   0.3   233   297    95   157    93   170 0.81 -
Pdum_DN84963_c1_g1_i6:1317-3311  -            665 419914at33208        -            329   7.1e-12   43.0   1.8   3   3      0.17       4.5    4.2   0.0   262   294   631   663   618   665 0.87 -
Pdum_DN75461_c3_g1_i3:3415-4074  -            220 419914at33208        -            329   8.3e-12   42.8   0.1   1   2   2.8e-09   7.3e-08   29.8   0.2   229   311    19   100    13   121 0.79 -
Pdum_DN75461_c3_g1_i3:3415-4074  -            220 419914at33208        -            329   8.3e-12   42.8   0.1   2   2    0.0062      0.16    9.0   0.0   235   293   163   220   145   220 0.74 -
Pdum_DN88147_c0_g1_i1:430-1308   -            293 419914at33208        -            329   1.3e-11   42.1   0.0   1   2   5.9e-05    0.0015   15.6   0.1   239   286     2    46     1    72 0.82 -
Pdum_DN88147_c0_g1_i1:430-1308   -            293 419914at33208        -            329   1.3e-11   42.1   0.0   2   2   9.2e-07   2.4e-05   21.6   0.0   159   299    77   231    66   246 0.75 -
Pdum_DN75894_c0_g1_i3:333-1052   -            240 419914at33208        -            329   3.2e-11   40.8   4.2   1   3   0.00013    0.0033   14.5   0.1   245   296     1    52     1    58 0.92 -
Pdum_DN75894_c0_g1_i3:333-1052   -            240 419914at33208        -            329   3.2e-11   40.8   4.2   2   3   2.1e-05   0.00053   17.1   0.0   257   318    55   118    52   132 0.86 -
Pdum_DN75894_c0_g1_i3:333-1052   -            240 419914at33208        -            329   3.2e-11   40.8   4.2   3   3    0.0028     0.072   10.1   0.5   233   290   166   222   139   233 0.88 -
Pdum_DN92615_c3_g1_i3:1432-2112  -            227 419914at33208        -            329   3.6e-11   40.7   0.4   1   2   4.1e-09   1.1e-07   29.3   0.1   149   314     9   196     3   199 0.75 -
Pdum_DN92615_c3_g1_i3:1432-2112  -            227 419914at33208        -            329   3.6e-11   40.7   0.4   2   2    0.0036     0.094    9.7   0.1   112   151   186   226   179   227 0.56 -
Pdum_DN84002_c0_g1_i8:2338-3012  -            225 419914at33208        -            329     5e-11   40.2   0.8   1   2     2e-08     5e-07   27.0   0.2   225   318    17   113     2   114 0.82 -
Pdum_DN84002_c0_g1_i8:2338-3012  -            225 419914at33208        -            329     5e-11   40.2   0.8   2   2   0.00099     0.025   11.6   0.0   234   297   117   179   114   202 0.75 -
Pdum_DN71483_c1_g1_i1:599-1228   -            210 419914at33208        -            329   7.1e-11   39.7   0.9   1   2   2.6e-05   0.00066   16.8   0.1   262   317    66   128    53   128 0.77 -
Pdum_DN71483_c1_g1_i1:599-1228   -            210 419914at33208        -            329   7.1e-11   39.7   0.9   2   2   1.6e-07   4.2e-06   24.0   0.5   185   252   114   194   110   204 0.69 -
Pdum_DN73439_c0_g1_i2:1041-1721  -            227 419914at33208        -            329   8.5e-11   39.4   0.1   1   2   3.3e-11   8.5e-10   36.2   0.0   137   224    32   131     6   139 0.73 -
Pdum_DN73439_c0_g1_i2:1041-1721  -            227 419914at33208        -            329   8.5e-11   39.4   0.1   2   2       1.4        35    1.3   0.0   202   251   172   227   164   227 0.61 -
Pdum_DN91578_c1_g1_i1:293-997    -            235 419914at33208        -            329   9.8e-11   39.2   0.4   1   1   8.6e-12   2.2e-10   38.1   0.2   108   215   109   227    91   234 0.85 -
Pdum_DN85054_c1_g3_i7:3145-3996  -            284 419914at33208        -            329   1.3e-10   38.8   0.3   1   2    0.0003    0.0076   13.3   0.0   235   302    19    87    10   122 0.66 -
Pdum_DN85054_c1_g3_i7:3145-3996  -            284 419914at33208        -            329   1.3e-10   38.8   0.3   2   2   2.5e-07   6.4e-06   23.4   0.0   163   202   234   274   196   282 0.84 -
Pdum_DN87078_c1_g1_i1:1858-2604  -            249 419914at33208        -            329   1.6e-10   38.5   3.2   1   3   0.00062     0.016   12.2   0.0   237   295   109   165   100   167 0.55 -
Pdum_DN87078_c1_g1_i1:1858-2604  -            249 419914at33208        -            329   1.6e-10   38.5   3.2   2   3   2.2e-10   5.8e-09   33.4   1.1   228   318   143   230   130   236 0.88 -
Pdum_DN87078_c1_g1_i1:1858-2604  -            249 419914at33208        -            329   1.6e-10   38.5   3.2   3   3       3.3        84    0.0   0.1   166   215   237   249   234   249 0.43 -
Pdum_DN84582_c3_g1_i1:332-1036   -            235 419914at33208        -            329     2e-10   38.2   0.5   1   2   1.9e-07   4.9e-06   23.8   0.3   233   312    35   111     1   119 0.73 -
Pdum_DN84582_c3_g1_i1:332-1036   -            235 419914at33208        -            329     2e-10   38.2   0.5   2   2   1.2e-05    0.0003   17.9   0.0   111   187   102   187    99   196 0.75 -
Pdum_DN82629_c0_g1_i4:473-2515   -            681 419914at33208        -            329   4.6e-10   37.0   0.1   1   3     0.045       1.1    6.1   0.0   265   319   206   264   197   280 0.64 -
Pdum_DN82629_c0_g1_i4:473-2515   -            681 419914at33208        -            329   4.6e-10   37.0   0.1   2   3     0.011      0.28    8.2   0.0   111   146   302   340   293   351 0.79 -
Pdum_DN82629_c0_g1_i4:473-2515   -            681 419914at33208        -            329   4.6e-10   37.0   0.1   3   3   6.6e-06   0.00017   18.7   0.0   235   306   372   445   347   450 0.87 -
Pdum_DN80062_c1_g1_i8:396-980    -            195 419914at33208        -            329   4.8e-10   37.0   0.1   1   2    0.0094      0.24    8.4   0.1   125   298    10    32     1    43 0.51 -
Pdum_DN80062_c1_g1_i8:396-980    -            195 419914at33208        -            329   4.8e-10   37.0   0.1   2   2   2.3e-08     6e-07   26.8   0.0   211   298    85   182    75   192 0.77 -
Pdum_DN70491_c0_g1_i1:1-1254     -            418 419914at33208        -            329   4.9e-10   36.9   0.4   1   4   0.00016    0.0042   14.2   0.0   234   317   160   243   152   246 0.74 -
Pdum_DN70491_c0_g1_i1:1-1254     -            418 419914at33208        -            329   4.9e-10   36.9   0.4   2   4    0.0018     0.047   10.7   0.0   189   222   233   270   231   284 0.73 -
Pdum_DN70491_c0_g1_i1:1-1254     -            418 419914at33208        -            329   4.9e-10   36.9   0.4   3   4     0.052       1.3    5.9   0.0   112   143   300   331   291   355 0.87 -
Pdum_DN70491_c0_g1_i1:1-1254     -            418 419914at33208        -            329   4.9e-10   36.9   0.4   4   4      0.36       9.4    3.1   0.0   232   273   372   413   365   417 0.82 -
Pdum_DN78364_c0_g1_i1:226-1314   -            363 419914at33208        -            329   5.7e-10   36.7   0.1   1   2   2.4e-10   6.3e-09   33.3   0.1   174   299     2   137     1   167 0.75 -
Pdum_DN78364_c0_g1_i1:226-1314   -            363 419914at33208        -            329   5.7e-10   36.7   0.1   2   2       6.7   1.7e+02   -1.0   0.0   167   230   237   300   231   316 0.70 -
Pdum_DN77673_c0_g1_i3:1295-1852  -            186 419914at33208        -            329   5.8e-10   36.7   0.5   1   3     3e-09   7.8e-08   29.7   0.1   233   328    34   136    23   137 0.74 -
Pdum_DN77673_c0_g1_i3:1295-1852  -            186 419914at33208        -            329   5.8e-10   36.7   0.5   2   3     0.019       0.5    7.3   0.0   277   328   124   176   116   177 0.78 -
Pdum_DN77673_c0_g1_i3:1295-1852  -            186 419914at33208        -            329   5.8e-10   36.7   0.5   3   3      0.26       6.8    3.6   0.0   233   252   165   184   149   186 0.70 -
Pdum_DN82853_c0_g1_i2:2495-3019  -            175 419914at33208        -            329     8e-10   36.2   0.0   1   2   1.2e-05   0.00032   17.8   0.0   263   316     2    55     1    59 0.92 -
Pdum_DN82853_c0_g1_i2:2495-3019  -            175 419914at33208        -            329     8e-10   36.2   0.0   2   2   5.9e-05    0.0015   15.6   0.0   235   301    64   128    57   137 0.88 -
Pdum_DN92880_c2_g1_i2:4337-5176  -            280 419914at33208        -            329   9.7e-10   36.0   0.2   1   1   1.7e-05   0.00043   17.4   0.0   230   314   111   197    95   199 0.78 -
Pdum_DN91312_c3_g1_i1:2567-3481  -            305 419914at33208        -            329   1.2e-09   35.7   0.0   1   3    0.0017     0.044   10.8   0.0   234   299    14    81     2    98 0.69 -
Pdum_DN91312_c3_g1_i1:2567-3481  -            305 419914at33208        -            329   1.2e-09   35.7   0.0   2   3     0.025      0.64    7.0   0.0   234   299   149   214   140   224 0.85 -
Pdum_DN91312_c3_g1_i1:2567-3481  -            305 419914at33208        -            329   1.2e-09   35.7   0.0   3   3   0.00031    0.0079   13.2   0.0   229   293   236   305   224   305 0.79 -
Pdum_DN90254_c2_g1_i7:1612-2445  -            278 419914at33208        -            329   1.4e-09   35.4   1.3   1   4      0.24       6.3    3.7   0.0   266   289     4    27     1    31 0.85 -
Pdum_DN90254_c2_g1_i7:1612-2445  -            278 419914at33208        -            329   1.4e-09   35.4   1.3   2   4     0.009      0.23    8.4   0.0   267   301    58    93    37   113 0.75 -
Pdum_DN90254_c2_g1_i7:1612-2445  -            278 419914at33208        -            329   1.4e-09   35.4   1.3   3   4   0.00012     0.003   14.6   0.1   232   327    69   171    55   173 0.74 -
Pdum_DN90254_c2_g1_i7:1612-2445  -            278 419914at33208        -            329   1.4e-09   35.4   1.3   4   4   0.00018    0.0047   14.0   0.0   278   319   219   259   184   268 0.75 -
Pdum_DN80615_c0_g2_i1:231-1205   -            325 419914at33208        -            329   2.1e-09   34.9   1.1   1   3      0.46        12    2.8   0.0   296   327    43    76    32    78 0.77 -
Pdum_DN80615_c0_g2_i1:231-1205   -            325 419914at33208        -            329   2.1e-09   34.9   1.1   2   3   3.4e-08   8.9e-07   26.2   0.2    72   147   105   185    85   192 0.78 -
Pdum_DN80615_c0_g2_i1:231-1205   -            325 419914at33208        -            329   2.1e-09   34.9   1.1   3   3    0.0003    0.0076   13.3   0.0   235   328   167   267   163   268 0.70 -
Pdum_DN92785_c3_g1_i2:3114-4076  -            321 419914at33208        -            329   2.2e-09   34.8   0.7   1   2       7.7     2e+02   -1.2   0.0   157   186   191   223   171   243 0.64 -
Pdum_DN92785_c3_g1_i2:3114-4076  -            321 419914at33208        -            329   2.2e-09   34.8   0.7   2   2   7.8e-10     2e-08   31.6   0.2   263   328   244   312   235   313 0.85 -
Pdum_DN87402_c0_g1_i1:93-1976    -            628 419914at33208        -            329   4.1e-09   33.9   0.2   1   2   0.00037    0.0095   13.0   0.0   261   300   288   327   283   358 0.80 -
Pdum_DN87402_c0_g1_i1:93-1976    -            628 419914at33208        -            329   4.1e-09   33.9   0.2   2   2     1e-05   0.00027   18.1   0.0   236   312   475   548   458   569 0.82 -
Pdum_DN90796_c3_g1_i4:1517-2605  -            363 419914at33208        -            329   4.1e-09   33.9   1.6   1   3         4     1e+02   -0.3   0.0   152   180     7    37     2    43 0.72 -
Pdum_DN90796_c3_g1_i4:1517-2605  -            363 419914at33208        -            329   4.1e-09   33.9   1.6   2   3   3.2e-08   8.1e-07   26.4   0.7   162   300   103   254    88   268 0.72 -
Pdum_DN90796_c3_g1_i4:1517-2605  -            363 419914at33208        -            329   4.1e-09   33.9   1.6   3   3      0.58        15    2.5   0.0   242   294   308   361   283   363 0.71 -
Pdum_DN86351_c0_g1_i1:4485-5351  -            289 419914at33208        -            329   8.5e-09   32.9   0.0   1   2    0.0075      0.19    8.7   0.0   255   318   110   176    86   180 0.74 -
Pdum_DN86351_c0_g1_i1:4485-5351  -            289 419914at33208        -            329   8.5e-09   32.9   0.0   2   2   5.9e-07   1.5e-05   22.2   0.2   232   329   179   283   174   283 0.78 -
Pdum_DN66325_c0_g1_i1:831-1904   -            358 419914at33208        -            329   2.3e-08   31.4   3.4   1   3     5e-05    0.0013   15.8   0.0   189   292    29   147    16   150 0.61 -
Pdum_DN66325_c0_g1_i1:831-1904   -            358 419914at33208        -            329   2.3e-08   31.4   3.4   2   3    0.0022     0.056   10.4   0.0   129   217    89   204    86   211 0.62 -
Pdum_DN66325_c0_g1_i1:831-1904   -            358 419914at33208        -            329   2.3e-08   31.4   3.4   3   3     0.043       1.1    6.2   0.5   185   214   325   358   318   358 0.71 -
Pdum_DN88739_c2_g1_i2:407-1549   -            381 419914at33208        -            329   3.9e-08   30.7   4.9   1   5       6.4   1.7e+02   -0.9   0.0    41    98    29    85    11    97 0.66 -
Pdum_DN88739_c2_g1_i2:407-1549   -            381 419914at33208        -            329   3.9e-08   30.7   4.9   2   5     0.038      0.97    6.4   0.0   239   300   149   215   143   225 0.75 -
Pdum_DN88739_c2_g1_i2:407-1549   -            381 419914at33208        -            329   3.9e-08   30.7   4.9   3   5   4.5e-07   1.2e-05   22.6   1.9   238   319   198   278   191   293 0.83 -
Pdum_DN88739_c2_g1_i2:407-1549   -            381 419914at33208        -            329   3.9e-08   30.7   4.9   4   5   7.5e-05    0.0019   15.3   0.6   234   298   238   301   231   315 0.79 -
Pdum_DN88739_c2_g1_i2:407-1549   -            381 419914at33208        -            329   3.9e-08   30.7   4.9   5   5      0.13       3.2    4.7   0.0   260   304   335   378   325   380 0.77 -
Pdum_DN69324_c0_g1_i2:232-1023   -            264 419914at33208        -            329   4.8e-08   30.4   0.4   1   2   4.4e-08   1.1e-06   25.9   0.1   158   222    28   100    15   107 0.80 -
Pdum_DN69324_c0_g1_i2:232-1023   -            264 419914at33208        -            329   4.8e-08   30.4   0.4   2   2      0.44        11    2.9   0.0   271   300   196   227   131   256 0.76 -
Pdum_DN89809_c3_g1_i10:6324-7073 -            250 419914at33208        -            329   6.1e-08   30.1   0.8   1   2   2.4e-07     6e-06   23.5   0.1   265   329     2    78     1    78 0.85 -
Pdum_DN89809_c3_g1_i10:6324-7073 -            250 419914at33208        -            329   6.1e-08   30.1   0.8   2   2    0.0006     0.015   12.3   0.1   181   253    43   127    38   136 0.73 -
Pdum_DN38861_c0_g1_i1:595-1392   -            266 419914at33208        -            329   9.3e-08   29.4   0.1   1   2   0.00064     0.017   12.2   0.1   235   300    99   162     1   181 0.77 -
Pdum_DN38861_c0_g1_i1:595-1392   -            266 419914at33208        -            329   9.3e-08   29.4   0.1   2   2   0.00015    0.0037   14.3   0.0   244   297   208   260   190   265 0.56 -
Pdum_DN70029_c0_g1_i5:236-670    -            145 419914at33208        -            329   1.2e-07   29.1   0.0   1   1   6.8e-07   1.7e-05   22.0   0.0   186   291    16   144    16   145 0.69 -
Pdum_DN90517_c4_g2_i3:211-1731   -            507 419914at33208        -            329   3.4e-07   27.6   6.7   1   3     0.012      0.31    8.0   0.0    92   179    45   154    43   165 0.67 -
Pdum_DN90517_c4_g2_i3:211-1731   -            507 419914at33208        -            329   3.4e-07   27.6   6.7   2   3    0.0024     0.061   10.3   0.3   242   301   280   336   266   354 0.78 -
Pdum_DN90517_c4_g2_i3:211-1731   -            507 419914at33208        -            329   3.4e-07   27.6   6.7   3   3    0.0018     0.046   10.7   0.9   264   302   354   392   338   416 0.78 -
Pdum_DN92425_c3_g2_i1:539-1228   -            230 419914at33208        -            329   4.8e-07   27.1   0.1   1   2   2.6e-07   6.7e-06   23.3   0.0   225   320     8   105     2   114 0.75 -
Pdum_DN92425_c3_g2_i1:539-1228   -            230 419914at33208        -            329   4.8e-07   27.1   0.1   2   2      0.87        22    1.9   0.0   284   328   152   197   126   225 0.46 -
Pdum_DN89096_c2_g3_i4:2-1384     -            461 419914at33208        -            329   5.4e-07   26.9   7.1   1   3       1.3        33    1.3   0.1   265   294    13    41     3    64 0.54 -
Pdum_DN89096_c2_g3_i4:2-1384     -            461 419914at33208        -            329   5.4e-07   26.9   7.1   2   3   6.1e-07   1.6e-05   22.1   2.7   164   318    79   238    76   239 0.73 -
Pdum_DN89096_c2_g3_i4:2-1384     -            461 419914at33208        -            329   5.4e-07   26.9   7.1   3   3      0.18       4.6    4.2   0.0   262   296   225   258   218   290 0.75 -
Pdum_DN90581_c4_g2_i3:17-301     -             95 419914at33208        -            329   7.9e-07   26.4   0.0   1   1   3.3e-07   8.5e-06   23.0   0.0   260   317    12    70     7    73 0.87 -
Pdum_DN90616_c3_g1_i1:602-1432   -            277 419914at33208        -            329   1.4e-06   25.6   0.1   1   2   4.8e-05    0.0012   15.9   0.1   164   296     5   119     2   132 0.72 -
Pdum_DN90616_c3_g1_i1:602-1432   -            277 419914at33208        -            329   1.4e-06   25.6   0.1   2   2    0.0083      0.21    8.5   0.0   234   297    61   120    58   175 0.65 -
Pdum_DN89812_c3_g1_i3:2-727      -            242 419914at33208        -            329   1.7e-06   25.3   0.0   1   2   0.00014    0.0036   14.4   0.0   229   295    59   124    34   136 0.86 -
Pdum_DN89812_c3_g1_i3:2-727      -            242 419914at33208        -            329   1.7e-06   25.3   0.0   2   2    0.0058      0.15    9.1   0.0   232   293   152   212   149   234 0.83 -
Pdum_DN83063_c0_g1_i6:381-1082   -            234 419914at33208        -            329     2e-06   25.0   0.1   1   2   0.00073     0.019   12.0   0.0   201   280     3    89     1   129 0.56 -
Pdum_DN83063_c0_g1_i6:381-1082   -            234 419914at33208        -            329     2e-06   25.0   0.1   2   2    0.0023      0.06   10.4   0.0   272   318   178   223   138   233 0.64 -
Pdum_DN90172_c5_g1_i3:2389-3285  -            299 419914at33208        -            329   3.1e-06   24.5   0.7   1   3      0.67        17    2.3   0.0   130   222   138   159    91   180 0.62 -
Pdum_DN90172_c5_g1_i3:2389-3285  -            299 419914at33208        -            329   3.1e-06   24.5   0.7   2   3     0.027      0.68    6.9   0.0   234   282   193   240   125   259 0.65 -
Pdum_DN90172_c5_g1_i3:2389-3285  -            299 419914at33208        -            329   3.1e-06   24.5   0.7   3   3   0.00013    0.0033   14.5   0.1   165   216   240   299   237   299 0.80 -
Pdum_DN89974_c1_g1_i2:3302-3844  -            181 419914at33208        -            329   4.8e-06   23.8   2.1   1   1   3.3e-07   8.5e-06   23.0   2.1   165   239     1    77     1   137 0.75 -
Pdum_DN84536_c0_g1_i1:2255-2878  -            208 419914at33208        -            329   5.5e-06   23.6   0.2   1   1   1.2e-06   3.1e-05   21.2   0.2   152   295    47   201    37   206 0.70 -
Pdum_DN85858_c0_g1_i11:292-1188  -            299 419914at33208        -            329   5.6e-06   23.6   1.3   1   2      0.14       3.6    4.5   0.1   112   146    17    57     8    73 0.72 -
Pdum_DN85858_c0_g1_i11:292-1188  -            299 419914at33208        -            329   5.6e-06   23.6   1.3   2   2   9.8e-06   0.00025   18.2   0.1   184   251   123   205    91   262 0.61 -
Pdum_DN87538_c0_g1_i11:59-631    -            191 419914at33208        -            329   1.3e-05   22.4   0.1   1   2   7.7e-05     0.002   15.2   0.0   187   299     2   130     1   141 0.60 -
Pdum_DN87538_c0_g1_i11:59-631    -            191 419914at33208        -            329   1.3e-05   22.4   0.1   2   2      0.28       7.1    3.5   0.0   237   252   165   180   155   185 0.81 -
Pdum_DN86294_c0_g1_i3:101-3103   -           1001 419914at33208        -            329   1.5e-05   22.2   0.6   1   3   9.4e-05    0.0024   14.9   0.0    91   223    27   171     8   196 0.75 -
Pdum_DN86294_c0_g1_i3:101-3103   -           1001 419914at33208        -            329   1.5e-05   22.2   0.6   2   3      0.23         6    3.8   0.4   141   199   212   278   185   281 0.63 -
Pdum_DN86294_c0_g1_i3:101-3103   -           1001 419914at33208        -            329   1.5e-05   22.2   0.6   3   3       8.3   2.1e+02   -1.3   0.1   164   250   452   542   426   552 0.55 -
Pdum_DN69316_c0_g1_i1:312-956    -            215 419914at33208        -            329   1.5e-05   22.2   1.9   1   2   6.9e-06   0.00018   18.7   0.1   236   298    15    84     6    92 0.71 -
Pdum_DN69316_c0_g1_i1:312-956    -            215 419914at33208        -            329   1.5e-05   22.2   1.9   2   2      0.49        12    2.7   0.2   199   222   106   131   102   164 0.82 -
Pdum_DN63408_c0_g1_i3:4-960      -            319 419914at33208        -            329   1.5e-05   22.2   3.9   1   2   1.4e-06   3.7e-05   20.9   1.3   102   222     3   141     1   171 0.58 -
Pdum_DN63408_c0_g1_i3:4-960      -            319 419914at33208        -            329   1.5e-05   22.2   3.9   2   2       1.3        35    1.3   0.1   234   252   178   196   165   212 0.60 -
Pdum_DN34036_c0_g1_i1:478-1620   -            381 419914at33208        -            329   1.7e-05   22.0   0.9   1   2    0.0077       0.2    8.6   0.0   257   318   180   243   162   246 0.80 -
Pdum_DN34036_c0_g1_i1:478-1620   -            381 419914at33208        -            329   1.7e-05   22.0   0.9   2   2   8.9e-05    0.0023   15.0   0.0   264   323   232   291   228   294 0.84 -
Pdum_DN57990_c0_g1_i2:33-530     -            166 419914at33208        -            329   1.8e-05   21.9   0.0   1   2     0.002     0.051   10.6   0.0   232   295    61   124    43   128 0.89 -
Pdum_DN57990_c0_g1_i2:33-530     -            166 419914at33208        -            329   1.8e-05   21.9   0.0   2   2   0.00019    0.0049   13.9   0.0   165   214   110   164    96   166 0.58 -
Pdum_DN90079_c2_g2_i8:1469-1858  -            130 419914at33208        -            329   1.8e-05   21.9   0.0   1   1   1.2e-06   3.1e-05   21.1   0.0   234   317    42   123    29   128 0.83 -
Pdum_DN84945_c0_g1_i5:1762-2376  -            205 419914at33208        -            329   2.1e-05   21.7   0.4   1   2      0.63        16    2.4   0.0   207   227    20    40     8    54 0.75 -
Pdum_DN84945_c0_g1_i5:1762-2376  -            205 419914at33208        -            329   2.1e-05   21.7   0.4   2   2   1.4e-05   0.00037   17.6   0.0   183   299    49   176    44   204 0.67 -
Pdum_DN81583_c1_g1_i3:660-1619   -            320 419914at33208        -            329   2.4e-05   21.5   0.0   1   2   0.00053     0.014   12.5   0.0   220   306   153   237    72   242 0.86 -
Pdum_DN81583_c1_g1_i3:660-1619   -            320 419914at33208        -            329   2.4e-05   21.5   0.0   2   2      0.49        13    2.7   0.0   281   301   256   274   251   313 0.57 -
Pdum_DN67806_c2_g1_i2:615-1406   -            264 419914at33208        -            329   2.9e-05   21.3   0.0   1   2    0.0019     0.048   10.7   0.1    92   148    31   103    15   110 0.62 -
Pdum_DN67806_c2_g1_i2:615-1406   -            264 419914at33208        -            329   2.9e-05   21.3   0.0   2   2      0.01      0.26    8.3   0.0   258   296   182   221   177   264 0.71 -
Pdum_DN83005_c1_g1_i1:16-1335    -            440 419914at33208        -            329   3.6e-05   20.9   3.6   1   2      0.46        12    2.8   0.0   238   252    19    33     8    62 0.55 -
Pdum_DN83005_c1_g1_i1:16-1335    -            440 419914at33208        -            329   3.6e-05   20.9   3.6   2   2     5e-05    0.0013   15.8   2.5   115   300   112   188    79   210 0.51 -
Pdum_DN74905_c1_g1_i2:2-1102     -            367 419914at33208        -            329   5.3e-05   20.4   0.0   1   1   5.6e-06   0.00014   19.0   0.0   234   299   118   181   110   195 0.87 -
Pdum_DN75082_c2_g3_i2:17-943     -            309 419914at33208        -            329     6e-05   20.2   7.9   1   3   3.2e-05   0.00081   16.5   1.8   234   294    30    91    12    98 0.70 -
Pdum_DN75082_c2_g3_i2:17-943     -            309 419914at33208        -            329     6e-05   20.2   7.9   2   3       1.3        34    1.3   0.0   234   251   130   147   111   188 0.65 -
Pdum_DN75082_c2_g3_i2:17-943     -            309 419914at33208        -            329     6e-05   20.2   7.9   3   3      0.16       4.2    4.3   0.1   261   293   276   308   270   309 0.91 -
Pdum_DN73864_c0_g1_i1:430-1335   -            302 419914at33208        -            329   7.6e-05   19.9   0.0   1   3   4.8e-05    0.0012   15.9   0.0   204   315    91   216    86   219 0.81 -
Pdum_DN73864_c0_g1_i1:430-1335   -            302 419914at33208        -            329   7.6e-05   19.9   0.0   2   3    0.0047      0.12    9.4   0.0   233   297   179   241   170   256 0.88 -
Pdum_DN73864_c0_g1_i1:430-1335   -            302 419914at33208        -            329   7.6e-05   19.9   0.0   3   3       6.3   1.6e+02   -0.9   0.0   231   253   264   286   247   295 0.66 -
Pdum_DN76178_c0_g1_i1:3394-3981  -            196 419914at33208        -            329   0.00013   19.1   0.3   1   2    0.0014     0.037   11.1   0.0   264   295     3    33     1    48 0.65 -
Pdum_DN76178_c0_g1_i1:3394-3981  -            196 419914at33208        -            329   0.00013   19.1   0.3   2   2     0.033      0.86    6.6   0.0   200   252    80   140    52   149 0.64 -
Pdum_DN79808_c0_g1_i2:642-4217   -           1192 419914at33208        -            329   0.00014   19.0   0.1   1   1   1.1e-05   0.00028   18.0   0.1   106   181    48   129    25   148 0.63 -
Pdum_DN91069_c3_g1_i7:2506-3243  -            246 419914at33208        -            329   0.00025   18.2   1.0   1   2    0.0011     0.029   11.4   0.3   107   157    23    81    20    84 0.71 -
Pdum_DN91069_c3_g1_i7:2506-3243  -            246 419914at33208        -            329   0.00025   18.2   1.0   2   2     0.085       2.2    5.2   0.0   182   200    84   102    81   121 0.66 -
Pdum_DN92312_c5_g1_i1:3890-4381  -            164 419914at33208        -            329   0.00025   18.2   0.0   1   1   0.00014    0.0037   14.3   0.0   185   297     3   136     1   156 0.64 -
Pdum_DN74464_c0_g1_i5:1442-2167  -            242 419914at33208        -            329    0.0003   17.9   5.6   1   2      0.65        17    2.3   0.0   234   294    22    84    10    92 0.69 -
Pdum_DN74464_c0_g1_i5:1442-2167  -            242 419914at33208        -            329    0.0003   17.9   5.6   2   2   0.00057     0.015   12.4   4.1   200   296   120   228    66   236 0.55 -
Pdum_DN77163_c0_g1_i7:250-627    -            126 419914at33208        -            329   0.00045   17.3   0.0   1   1     2e-05   0.00052   17.1   0.0   234   312    10    87     6   107 0.83 -
Pdum_DN66486_c0_g1_i1:419-1648   -            410 419914at33208        -            329   0.00057   17.0   1.6   1   1   3.4e-05   0.00087   16.4   0.3   155   298   157   226   145   244 0.52 -
Pdum_DN92600_c5_g2_i1:144-365    -             74 419914at33208        -            329   0.00057   17.0   0.0   1   1   2.4e-05   0.00061   16.9   0.0   165   214    18    72     8    74 0.55 -
Pdum_DN87384_c0_g1_i3:1267-1899  -            211 419914at33208        -            329   0.00068   16.8   0.0   1   2       3.7        94   -0.1   0.0   234   284    38    91    29   117 0.67 -
Pdum_DN87384_c0_g1_i3:1267-1899  -            211 419914at33208        -            329   0.00068   16.8   0.0   2   2   0.00012    0.0032   14.5   0.0   232   293   153   211   143   211 0.89 -
Pdum_DN61369_c0_g1_i1:1242-1787  -            182 419914at33208        -            329   0.00079   16.5   0.0   1   2     0.021      0.55    7.2   0.0   265   298    23    56     5    67 0.76 -
Pdum_DN61369_c0_g1_i1:1242-1787  -            182 419914at33208        -            329   0.00079   16.5   0.0   2   2     0.015      0.39    7.7   0.0   237   300    93   154    71   169 0.81 -
Pdum_DN91057_c2_g1_i2:7938-8480  -            181 419914at33208        -            329    0.0012   16.0   0.0   1   1   6.7e-05    0.0017   15.4   0.0   244   309    65   126    48   128 0.83 -
Pdum_DN83131_c0_g1_i8:1091-1750  -            220 419914at33208        -            329    0.0012   16.0   0.0   1   1     7e-05    0.0018   15.4   0.0   228   301    46   126    10   139 0.72 -
Pdum_DN83223_c0_g2_i1:739-1377   -            213 419914at33208        -            329    0.0013   15.8   6.0   1   3    0.0033     0.085    9.9   0.2   240   293    12    64     3    78 0.78 -
Pdum_DN83223_c0_g2_i1:739-1377   -            213 419914at33208        -            329    0.0013   15.8   6.0   2   3   0.00066     0.017   12.2   1.8   186   293    32   154    30   162 0.76 -
Pdum_DN83223_c0_g2_i1:739-1377   -            213 419914at33208        -            329    0.0013   15.8   6.0   3   3      0.75        19    2.1   0.1   258   290   179   211   169   213 0.81 -
Pdum_DN55647_c0_g1_i2:33-551     -            173 419914at33208        -            329    0.0017   15.5   3.3   1   2   7.7e-05     0.002   15.2   1.4   264   321     3    60     1    68 0.93 -
Pdum_DN55647_c0_g1_i2:33-551     -            173 419914at33208        -            329    0.0017   15.5   3.3   2   2       7.4   1.9e+02   -1.1   0.0   168   191    73    97    62   109 0.61 -
Pdum_DN90901_c7_g1_i5:256-1545   -            430 419914at33208        -            329    0.0017   15.4   0.4   1   2       7.8     2e+02   -1.2   0.0   262   295    58    89    18    96 0.42 -
Pdum_DN90901_c7_g1_i5:256-1545   -            430 419914at33208        -            329    0.0017   15.4   0.4   2   2   0.00083     0.021   11.8   0.1   202   317   164   292   142   295 0.67 -
Pdum_DN78867_c0_g1_i4:315-983    -            223 419914at33208        -            329    0.0026   14.9   0.0   1   2      0.35         9    3.2   0.1   248   300     1    49     1    64 0.77 -
Pdum_DN78867_c0_g1_i4:315-983    -            223 419914at33208        -            329    0.0026   14.9   0.0   2   2     0.003     0.077   10.0   0.0   120   222    59   175    51   204 0.64 -
Pdum_DN82465_c0_g2_i1:488-1204   -            239 419914at33208        -            329    0.0026   14.8   0.2   1   2       2.8        71    0.3   0.0    93   106     3    16     1    78 0.65 -
Pdum_DN82465_c0_g2_i1:488-1204   -            239 419914at33208        -            329    0.0026   14.8   0.2   2   2    0.0095      0.25    8.3   0.0   142   179   106   146    45   160 0.68 -
Pdum_DN70256_c0_g1_i2:778-1377   -            200 419914at33208        -            329    0.0028   14.7   0.6   1   2       1.5        39    1.1   0.2   108   145    29    67    13    83 0.67 -
Pdum_DN70256_c0_g1_i2:778-1377   -            200 419914at33208        -            329    0.0028   14.7   0.6   2   2   0.00074     0.019   12.0   0.0   174   225   143   199   129   200 0.71 -
Pdum_DN85938_c0_g1_i1:258-608    -            117 419914at33208        -            329    0.0033   14.5   0.0   1   1   0.00018    0.0046   14.0   0.0   265   317     1    53     1    59 0.80 -
Pdum_DN75371_c0_g2_i4:68-763     -            232 419914at33208        -            329    0.0033   14.5   0.4   1   2       4.7   1.2e+02   -0.5   0.0   283   300     5    22     1    58 0.47 -
Pdum_DN75371_c0_g2_i4:68-763     -            232 419914at33208        -            329    0.0033   14.5   0.4   2   2    0.0005     0.013   12.6   0.1   234   296   132   191   103   228 0.80 -
Pdum_DN92312_c4_g1_i6:372-914    -            181 419914at33208        -            329    0.0073   13.4   0.2   1   1   0.00051     0.013   12.5   0.2   163   219    20    87     6   106 0.58 -
#
# Program:         hmmsearch
# Version:         3.1b2 (February 2015)
# Pipeline mode:   SEARCH
# Query file:      /mnt/f/phylo/WORMS/busco_analysis/busco_downloads/lineages/metazoa_odb10/hmms/419914at33208.hmm
# Target file:     /mnt/f/phylo/WORMS/busco_analysis/metazoa_lineage_result/run_metazoa_odb10/metaeuk_output/initial_results/Platynereis_ref.eggnog_filter.nucl.fasta.modified.fas
# Option settings: hmmsearch --domtblout /mnt/f/phylo/WORMS/busco_analysis/metazoa_lineage_result/run_metazoa_odb10/hmmer_output/initial_run_results/419914at33208.out --cpu 1 /mnt/f/phylo/WORMS/busco_analysis/busco_downloads/lineages/metazoa_odb10/hmms/419914at33208.hmm /mnt/f/phylo/WORMS/busco_analysis/metazoa_lineage_result/run_metazoa_odb10/metaeuk_output/initial_results/Platynereis_ref.eggnog_filter.nucl.fasta.modified.fas 
# Current dir:     /mnt/f/phylo/WORMS/busco_analysis
# Date:            Sun Mar 12 20:42:19 2023
# [ok]
