#                                                                                        --- full sequence --- -------------- this domain -------------   hmm coord   ali coord   env coord
# target name                    accession   tlen query name           accession   qlen   E-value  score  bias   #  of  c-Evalue  i-Evalue  score  bias  from    to  from    to  from    to  acc description of target
#            ------------------- ---------- ----- -------------------- ---------- ----- --------- ------ ----- --- --- --------- --------- ------ ----- ----- ----- ----- ----- ----- ----- ---- ---------------------
Pdum_DN82207_c0_g1_i5:509-1861   -            451 428202at33208        -            352  3.2e-178  589.8   1.0   1   2   3.9e-45   3.9e-42  142.2   0.6     2    83    22   103    21   108 0.97 -
Pdum_DN82207_c0_g1_i5:509-1861   -            451 428202at33208        -            352  3.2e-178  589.8   1.0   2   2  1.7e-137  1.8e-134  445.9   0.0    81   352   135   451   125   451 0.98 -
Pdum_DN90128_c0_g2_i11:1061-2419 -            453 428202at33208        -            352   5.2e-53  178.0   0.2   1   2   1.4e-07   0.00014   18.7   0.0     6    60    28    82    24   103 0.83 -
Pdum_DN90128_c0_g2_i11:1061-2419 -            453 428202at33208        -            352   5.2e-53  178.0   0.2   2   2   3.1e-49   3.1e-46  155.7   0.0    83   348   147   453   130   453 0.92 -
Pdum_DN88522_c1_g2_i3:575-1714   -            380 428202at33208        -            352   2.6e-47  159.2   0.2   1   2   1.3e-05     0.013   12.3   0.0    23    81    14    72     3    84 0.85 -
Pdum_DN88522_c1_g2_i3:575-1714   -            380 428202at33208        -            352   2.6e-47  159.2   0.2   2   2   4.6e-46   4.6e-43  145.3   0.0   144   350   174   380   150   380 0.91 -
Pdum_DN70663_c0_g1_i2:823-1185   -            121 428202at33208        -            352     0.029   11.1   0.0   1   1   3.2e-05     0.032   10.9   0.0    27    75    43    92    23   102 0.85 -
#
# Program:         hmmsearch
# Version:         3.1b2 (February 2015)
# Pipeline mode:   SEARCH
# Query file:      /mnt/f/phylo/WORMS/busco_analysis/busco_downloads/lineages/metazoa_odb10/hmms/428202at33208.hmm
# Target file:     /mnt/f/phylo/WORMS/busco_analysis/metazoa_lineage_result/run_metazoa_odb10/metaeuk_output/initial_results/Platynereis_ref.eggnog_filter.nucl.fasta.modified.fas
# Option settings: hmmsearch --domtblout /mnt/f/phylo/WORMS/busco_analysis/metazoa_lineage_result/run_metazoa_odb10/hmmer_output/initial_run_results/428202at33208.out --cpu 1 /mnt/f/phylo/WORMS/busco_analysis/busco_downloads/lineages/metazoa_odb10/hmms/428202at33208.hmm /mnt/f/phylo/WORMS/busco_analysis/metazoa_lineage_result/run_metazoa_odb10/metaeuk_output/initial_results/Platynereis_ref.eggnog_filter.nucl.fasta.modified.fas 
# Current dir:     /mnt/f/phylo/WORMS/busco_analysis
# Date:            Sun Mar 12 20:42:20 2023
# [ok]
