#                                                                                        --- full sequence --- -------------- this domain -------------   hmm coord   ali coord   env coord
# target name                    accession   tlen query name           accession   qlen   E-value  score  bias   #  of  c-Evalue  i-Evalue  score  bias  from    to  from    to  from    to  acc description of target
#            ------------------- ---------- ----- -------------------- ---------- ----- --------- ------ ----- --- --- --------- --------- ------ ----- ----- ----- ----- ----- ----- ----- ---- ---------------------
Pdum_DN72920_c0_g1_i5:770-1675   -            302 433216at33208        -            257    2e-119  395.7  11.4   1   1  2.3e-120  5.6e-119  394.3  11.4     1   257     2   301     2   301 0.90 -
Pdum_DN74150_c0_g1_i3:157-2955   -            933 433216at33208        -            257   2.3e-48  162.9   8.7   1   5   1.1e-18   2.5e-17   61.2   0.1    58   221    45   219    26   227 0.85 -
Pdum_DN74150_c0_g1_i3:157-2955   -            933 433216at33208        -            257   2.3e-48  162.9   8.7   2   5   0.00094     0.022   12.2   0.1   187   228   397   443   390   447 0.78 -
Pdum_DN74150_c0_g1_i3:157-2955   -            933 433216at33208        -            257   2.3e-48  162.9   8.7   3   5     1e-09   2.4e-08   31.7   0.0   114   189   445   520   439   531 0.92 -
Pdum_DN74150_c0_g1_i3:157-2955   -            933 433216at33208        -            257   2.3e-48  162.9   8.7   4   5   2.1e-13     5e-12   43.8   0.1   116   221   544   654   525   655 0.91 -
Pdum_DN74150_c0_g1_i3:157-2955   -            933 433216at33208        -            257   2.3e-48  162.9   8.7   5   5   5.2e-07   1.2e-05   22.9   0.0   150   227   620   702   613   727 0.77 -
Pdum_DN78854_c0_g1_i1:1579-2349  -            257 433216at33208        -            257   1.2e-42  144.1   7.9   1   2   2.8e-28   6.7e-27   92.6   3.4   116   240     5   137     2   138 0.91 -
Pdum_DN78854_c0_g1_i1:1579-2349  -            257 433216at33208        -            257   1.2e-42  144.1   7.9   2   2   1.5e-17   3.5e-16   57.4   0.2   116   222   131   242   129   249 0.92 -
Pdum_DN88256_c0_g1_i4:512-2926   -            805 433216at33208        -            257   7.2e-41  138.3  26.9   1   4   7.5e-10   1.8e-08   32.2   1.1   134   241    33   150    18   152 0.81 -
Pdum_DN88256_c0_g1_i4:512-2926   -            805 433216at33208        -            257   7.2e-41  138.3  26.9   2   4   6.4e-06   0.00015   19.3   1.2   128   190   157   219   143   284 0.83 -
Pdum_DN88256_c0_g1_i4:512-2926   -            805 433216at33208        -            257   7.2e-41  138.3  26.9   3   4     6e-10   1.4e-08   32.5   3.9    94   220   319   456   311   459 0.73 -
Pdum_DN88256_c0_g1_i4:512-2926   -            805 433216at33208        -            257   7.2e-41  138.3  26.9   4   4   2.1e-20   5.1e-19   66.7   0.5   114   253   481   633   472   648 0.85 -
Pdum_DN78086_c1_g1_i5:2830-3705  -            292 433216at33208        -            257     4e-40  135.9   2.7   1   3   9.8e-12   2.3e-10   38.3   0.0   152   241     2   100     1   102 0.87 -
Pdum_DN78086_c1_g1_i5:2830-3705  -            292 433216at33208        -            257     4e-40  135.9   2.7   2   3     5e-24   1.2e-22   78.6   1.1    86   240    62   225    62   226 0.92 -
Pdum_DN78086_c1_g1_i5:2830-3705  -            292 433216at33208        -            257     4e-40  135.9   2.7   3   3   1.6e-09   3.8e-08   31.1   0.0   118   184   221   287   219   290 0.88 -
Pdum_DN80129_c0_g2_i7:710-1570   -            287 433216at33208        -            257   1.4e-39  134.1   3.2   1   3   9.5e-27   2.3e-25   87.5   0.2   114   242     5   141     1   144 0.92 -
Pdum_DN80129_c0_g2_i7:710-1570   -            287 433216at33208        -            257   1.4e-39  134.1   3.2   2   3   1.4e-13   3.3e-12   44.4   0.1   120   237   137   266   135   268 0.82 -
Pdum_DN80129_c0_g2_i7:710-1570   -            287 433216at33208        -            257   1.4e-39  134.1   3.2   3   3     8e-05    0.0019   15.7   0.0   114   174   218   279   210   287 0.80 -
Pdum_DN92078_c7_g2_i1:2888-3787  -            300 433216at33208        -            257   1.1e-38  131.2   1.4   1   4   1.8e-19   4.4e-18   63.7   1.4   122   223     3   108     1   120 0.88 -
Pdum_DN92078_c7_g2_i1:2888-3787  -            300 433216at33208        -            257   1.1e-38  131.2   1.4   2   4   1.4e-10   3.3e-09   34.6   0.1   113   202    77   171    73   172 0.87 -
Pdum_DN92078_c7_g2_i1:2888-3787  -            300 433216at33208        -            257   1.1e-38  131.2   1.4   3   4   3.6e-12   8.5e-11   39.8   0.0   119   184   170   235   168   249 0.94 -
Pdum_DN92078_c7_g2_i1:2888-3787  -            300 433216at33208        -            257   1.1e-38  131.2   1.4   4   4     0.036      0.85    7.0   0.0   119   163   255   299   240   300 0.88 -
Pdum_DN87680_c1_g3_i1:3327-4124  -            266 433216at33208        -            257   6.4e-38  128.7  11.5   1   3   5.6e-13   1.3e-11   42.4   0.9   152   231     2    89     1    89 0.85 -
Pdum_DN87680_c1_g3_i1:3327-4124  -            266 433216at33208        -            257   6.4e-38  128.7  11.5   2   3   3.1e-20   7.4e-19   66.2   5.3   120   239    54   181    52   187 0.93 -
Pdum_DN87680_c1_g3_i1:3327-4124  -            266 433216at33208        -            257   6.4e-38  128.7  11.5   3   3   6.2e-11   1.5e-09   35.7   0.0   126   186   206   266   201   266 0.95 -
Pdum_DN84798_c1_g2_i5:993-2768   -            592 433216at33208        -            257   1.1e-36  124.7   1.4   1   5   0.00016    0.0037   14.7   0.0   116   171    50   107    29   112 0.76 -
Pdum_DN84798_c1_g2_i5:993-2768   -            592 433216at33208        -            257   1.1e-36  124.7   1.4   2   5   4.3e-08     1e-06   26.4   0.0    81   183    55   164    46   167 0.83 -
Pdum_DN84798_c1_g2_i5:993-2768   -            592 433216at33208        -            257   1.1e-36  124.7   1.4   3   5   1.6e-08   3.8e-07   27.8   0.0   108   186   173   253   169   264 0.89 -
Pdum_DN84798_c1_g2_i5:993-2768   -            592 433216at33208        -            257   1.1e-36  124.7   1.4   4   5   6.8e-09   1.6e-07   29.0   0.1   124   217   276   374   264   388 0.84 -
Pdum_DN84798_c1_g2_i5:993-2768   -            592 433216at33208        -            257   1.1e-36  124.7   1.4   5   5   7.1e-11   1.7e-09   35.5   0.5    92   221   450   590   423   592 0.75 -
Pdum_DN79110_c0_g1_i7:340-1365   -            342 433216at33208        -            257   1.1e-34  118.1   0.0   1   3   3.5e-14   8.4e-13   46.4   0.0   117   229    54   176    45   182 0.81 -
Pdum_DN79110_c0_g1_i7:340-1365   -            342 433216at33208        -            257   1.1e-34  118.1   0.0   2   3   4.7e-10   1.1e-08   32.8   0.0   116   188   180   252   168   260 0.88 -
Pdum_DN79110_c0_g1_i7:340-1365   -            342 433216at33208        -            257   1.1e-34  118.1   0.0   3   3   4.1e-11   9.7e-10   36.3   0.0   112   184   268   340   259   342 0.92 -
Pdum_DN87342_c0_g1_i8:5-2425     -            807 433216at33208        -            257   1.8e-33  114.1   2.8   1   6   3.7e-07   8.9e-06   23.3   0.0    80   174    20   114    14   124 0.87 -
Pdum_DN87342_c0_g1_i8:5-2425     -            807 433216at33208        -            257   1.8e-33  114.1   2.8   2   6      0.19       4.5    4.7   0.1   117   186   147   218   134   239 0.62 -
Pdum_DN87342_c0_g1_i8:5-2425     -            807 433216at33208        -            257   1.8e-33  114.1   2.8   3   6         2        47    1.3   0.0   117   169   296   348   290   377 0.84 -
Pdum_DN87342_c0_g1_i8:5-2425     -            807 433216at33208        -            257   1.8e-33  114.1   2.8   4   6   2.7e-11   6.5e-10   36.9   0.0   109   188   371   452   331   460 0.81 -
Pdum_DN87342_c0_g1_i8:5-2425     -            807 433216at33208        -            257   1.8e-33  114.1   2.8   5   6   9.3e-11   2.2e-09   35.1   0.0   118   221   467   576   456   578 0.84 -
Pdum_DN87342_c0_g1_i8:5-2425     -            807 433216at33208        -            257   1.8e-33  114.1   2.8   6   6      0.15       3.5    5.0   0.0    88   153   581   649   577   657 0.73 -
Pdum_DN87134_c2_g1_i3:1621-2460  -            280 433216at33208        -            257   5.9e-33  112.4  16.2   1   3   7.1e-09   1.7e-07   29.0   1.4   163   227     7    76     1    86 0.82 -
Pdum_DN87134_c2_g1_i3:1621-2460  -            280 433216at33208        -            257   5.9e-33  112.4  16.2   2   3   1.3e-15     3e-14   51.1   1.3   150   243    84   180    78   185 0.85 -
Pdum_DN87134_c2_g1_i3:1621-2460  -            280 433216at33208        -            257   5.9e-33  112.4  16.2   3   3   4.1e-13   9.9e-12   42.8   1.0   125   221   178   280   177   280 0.85 -
Pdum_DN82012_c2_g2_i1:484-1302   -            273 433216at33208        -            257   9.4e-31  105.2   7.7   1   2   1.9e-17   4.6e-16   57.1   0.8   125   241    13   133     7   134 0.89 -
Pdum_DN82012_c2_g2_i1:484-1302   -            273 433216at33208        -            257   9.4e-31  105.2   7.7   2   2   5.1e-16   1.2e-14   52.4   1.1   125   221   133   233   131   241 0.85 -
Pdum_DN78454_c0_g1_i4:576-2111   -            512 433216at33208        -            257   9.8e-31  105.1   0.2   1   3   5.1e-05    0.0012   16.3   0.0   119   156   219   256   196   263 0.85 -
Pdum_DN78454_c0_g1_i4:576-2111   -            512 433216at33208        -            257   9.8e-31  105.1   0.2   2   3     8e-21   1.9e-19   68.1   0.4   114   229   264   387   253   391 0.88 -
Pdum_DN78454_c0_g1_i4:576-2111   -            512 433216at33208        -            257   9.8e-31  105.1   0.2   3   3   3.2e-05   0.00077   17.0   0.0   117   183   444   510   408   511 0.86 -
Pdum_DN90586_c2_g3_i4:2166-2804  -            213 433216at33208        -            257     1e-30  105.1   0.0   1   2   1.1e-10   2.5e-09   34.9   0.0    85   166    22   104     8   105 0.81 -
Pdum_DN90586_c2_g3_i4:2166-2804  -            213 433216at33208        -            257     1e-30  105.1   0.0   2   2   2.7e-21   6.3e-20   69.7   0.0   120   222   100   207    99   212 0.92 -
Pdum_DN71389_c1_g2_i1:359-1099   -            247 433216at33208        -            257   1.2e-30  104.9   1.7   1   3    0.0024     0.058   10.8   0.0   190   222     2    38     1    52 0.78 -
Pdum_DN71389_c1_g2_i1:359-1099   -            247 433216at33208        -            257   1.2e-30  104.9   1.7   2   3   1.1e-19   2.7e-18   64.4   2.9   107   234    49   186    42   192 0.88 -
Pdum_DN71389_c1_g2_i1:359-1099   -            247 433216at33208        -            257   1.2e-30  104.9   1.7   3   3   1.2e-08   2.8e-07   28.3   0.0   106   174   180   246   178   247 0.89 -
Pdum_DN83588_c0_g2_i13:1452-2396 -            315 433216at33208        -            257   8.9e-30  102.0   0.9   1   4      0.85        20    2.5   0.1   204   221     8    26     2    32 0.71 -
Pdum_DN83588_c0_g2_i13:1452-2396 -            315 433216at33208        -            257   8.9e-30  102.0   0.9   2   4   0.00051     0.012   13.0   0.0   152   184    38    70    12    78 0.73 -
Pdum_DN83588_c0_g2_i13:1452-2396 -            315 433216at33208        -            257   8.9e-30  102.0   0.9   3   4   8.4e-17     2e-15   54.9   0.1   120   222    48   156    41   162 0.87 -
Pdum_DN83588_c0_g2_i13:1452-2396 -            315 433216at33208        -            257   8.9e-30  102.0   0.9   4   4   1.3e-11   3.1e-10   37.9   0.0    98   184   228   314   159   315 0.71 -
Pdum_DN80498_c1_g1_i1:1987-2589  -            201 433216at33208        -            257   9.8e-30  101.9   1.1   1   3     5e-15   1.2e-13   49.1   0.8   157   240     3    96     1    96 0.88 -
Pdum_DN80498_c1_g1_i1:1987-2589  -            201 433216at33208        -            257   9.8e-30  101.9   1.1   2   3     5e-11   1.2e-09   36.0   0.0   124   186    56   118    55   131 0.94 -
Pdum_DN80498_c1_g1_i1:1987-2589  -            201 433216at33208        -            257   9.8e-30  101.9   1.1   3   3   4.1e-08   9.7e-07   26.5   0.0    85   182   100   200    96   201 0.84 -
Pdum_DN73138_c0_g1_i1:392-1264   -            291 433216at33208        -            257   2.8e-29  100.4   0.5   1   4   4.4e-09     1e-07   29.7   0.0   147   241     1   103     1   107 0.84 -
Pdum_DN73138_c0_g1_i1:392-1264   -            291 433216at33208        -            257   2.8e-29  100.4   0.5   2   4   5.1e-08   1.2e-06   26.2   0.0   123   186    61   124    56   131 0.93 -
Pdum_DN73138_c0_g1_i1:392-1264   -            291 433216at33208        -            257   2.8e-29  100.4   0.5   3   4   3.2e-13   7.7e-12   43.2   0.1    51   157   109   219    89   239 0.79 -
Pdum_DN73138_c0_g1_i1:392-1264   -            291 433216at33208        -            257   2.8e-29  100.4   0.5   4   4   1.9e-05   0.00047   17.7   0.0   123   177   229   284   218   288 0.84 -
Pdum_DN75190_c1_g2_i8:1873-2820  -            316 433216at33208        -            257     7e-29   99.0  10.7   1   3   2.5e-14     6e-13   46.8   1.0   125   223    58   157    41   163 0.89 -
Pdum_DN75190_c1_g2_i8:1873-2820  -            316 433216at33208        -            257     7e-29   99.0  10.7   2   3   9.7e-14   2.3e-12   44.9   2.8   129   242   102   222   102   227 0.85 -
Pdum_DN75190_c1_g2_i8:1873-2820  -            316 433216at33208        -            257     7e-29   99.0  10.7   3   3   1.1e-07   2.6e-06   25.1   0.0   127   187   223   281   219   287 0.90 -
Pdum_DN83588_c0_g2_i13:1293-2279 -            329 433216at33208        -            257   1.4e-28   98.1   0.1   1   2   8.9e-17   2.1e-15   54.9   0.1   120   222     9   117     2   124 0.87 -
Pdum_DN83588_c0_g2_i13:1293-2279 -            329 433216at33208        -            257   1.4e-28   98.1   0.1   2   2   1.1e-11   2.6e-10   38.2   0.0    98   184   189   275   120   279 0.74 -
Pdum_DN84894_c0_g1_i9:97-867     -            257 433216at33208        -            257     1e-26   91.9   0.0   1   3       3.3        79    0.6   0.0   150   174     2    26     1    30 0.86 -
Pdum_DN84894_c0_g1_i9:97-867     -            257 433216at33208        -            257     1e-26   91.9   0.0   2   3   4.5e-22   1.1e-20   72.2   0.0    50   221    30   214    30   218 0.85 -
Pdum_DN84894_c0_g1_i9:97-867     -            257 433216at33208        -            257     1e-26   91.9   0.0   3   3    0.0027     0.064   10.7   0.0   190   221   222   256   218   257 0.83 -
Pdum_DN77740_c0_g3_i3:100-1476   -            459 433216at33208        -            257   2.2e-26   90.9   3.1   1   2   1.8e-17   4.2e-16   57.2   0.2   116   240   151   283   142   287 0.88 -
Pdum_DN77740_c0_g3_i3:100-1476   -            459 433216at33208        -            257   2.2e-26   90.9   3.1   2   2   9.3e-10   2.2e-08   31.9   0.0    86   223   288   437   284   448 0.65 -
Pdum_DN80927_c0_g1_i1:489-1964   -            492 433216at33208        -            257   3.7e-26   90.1  11.8   1   4      0.26       6.1    4.2   0.0   189   222   141   177   129   183 0.74 -
Pdum_DN80927_c0_g1_i1:489-1964   -            492 433216at33208        -            257   3.7e-26   90.1  11.8   2   4   1.1e-11   2.6e-10   38.2   0.4   115   241   204   336   193   340 0.88 -
Pdum_DN80927_c0_g1_i1:489-1964   -            492 433216at33208        -            257   3.7e-26   90.1  11.8   3   4   1.6e-05   0.00038   18.0   1.0   188   241   319   378   316   380 0.64 -
Pdum_DN80927_c0_g1_i1:489-1964   -            492 433216at33208        -            257   3.7e-26   90.1  11.8   4   4   1.3e-08     3e-07   28.1   0.0   112   184   418   489   414   492 0.79 -
Pdum_DN90273_c4_g1_i2:3537-4052  -            172 433216at33208        -            257   5.7e-26   89.5   4.2   1   2   4.1e-18   9.7e-17   59.3   0.1   110   241     5   144     2   146 0.89 -
Pdum_DN90273_c4_g1_i2:3537-4052  -            172 433216at33208        -            257   5.7e-26   89.5   4.2   2   2   1.6e-11   3.7e-10   37.7   1.2   143   222    80   164    77   169 0.85 -
Pdum_DN76828_c2_g1_i1:4967-5695  -            243 433216at33208        -            257   1.2e-25   88.5   0.1   1   2   4.2e-18     1e-16   59.2   0.0   116   240     2   137     1   138 0.85 -
Pdum_DN76828_c2_g1_i1:4967-5695  -            243 433216at33208        -            257   1.2e-25   88.5   0.1   2   2   2.1e-09     5e-08   30.7   0.0   119   221   134   243   130   243 0.88 -
Pdum_DN86522_c0_g3_i4:534-1520   -            329 433216at33208        -            257   1.4e-25   88.2   0.5   1   3   3.4e-05    0.0008   16.9   0.0    85   150    13    79     2    87 0.80 -
Pdum_DN86522_c0_g3_i4:534-1520   -            329 433216at33208        -            257   1.4e-25   88.2   0.5   2   3   6.3e-11   1.5e-09   35.7   0.2    63   186    79   199    75   213 0.84 -
Pdum_DN86522_c0_g3_i4:534-1520   -            329 433216at33208        -            257   1.4e-25   88.2   0.5   3   3   2.9e-10   6.9e-09   33.5   0.0    78   184   220   327   202   329 0.89 -
Pdum_DN91072_c6_g2_i4:11-988     -            326 433216at33208        -            257   4.9e-25   86.5   2.9   1   3   1.9e-14   4.5e-13   47.2   0.4   154   242    29   127    15   129 0.87 -
Pdum_DN91072_c6_g2_i4:11-988     -            326 433216at33208        -            257   4.9e-25   86.5   2.9   2   3       2.7        65    0.8   0.0    51    66   132   147   128   159 0.85 -
Pdum_DN91072_c6_g2_i4:11-988     -            326 433216at33208        -            257   4.9e-25   86.5   2.9   3   3   5.7e-11   1.4e-09   35.8   0.0   106   220   160   277   149   283 0.76 -
Pdum_DN66770_c0_g1_i1:157-1065   -            303 433216at33208        -            257   5.6e-25   86.3   0.1   1   4   4.2e-10   9.9e-09   33.0   0.1   146   230     3    97     2   108 0.82 -
Pdum_DN66770_c0_g1_i1:157-1065   -            303 433216at33208        -            257   5.6e-25   86.3   0.1   2   4   6.8e-07   1.6e-05   22.5   0.0   126   184   113   171    96   182 0.85 -
Pdum_DN66770_c0_g1_i1:157-1065   -            303 433216at33208        -            257   5.6e-25   86.3   0.1   3   4     0.022      0.52    7.7   0.0   118   145   190   217   178   233 0.79 -
Pdum_DN66770_c0_g1_i1:157-1065   -            303 433216at33208        -            257   5.6e-25   86.3   0.1   4   4   8.3e-06    0.0002   18.9   0.0   115   181   234   301   219   303 0.84 -
Pdum_DN74356_c1_g1_i1:377-1456   -            360 433216at33208        -            257   6.8e-25   86.0   0.1   1   3   4.1e-09   9.8e-08   29.8   0.0   118   206     7    97     3   131 0.88 -
Pdum_DN74356_c1_g1_i1:377-1456   -            360 433216at33208        -            257   6.8e-25   86.0   0.1   2   3     2e-06   4.9e-05   20.9   0.0   114   184   141   213   127   223 0.86 -
Pdum_DN74356_c1_g1_i1:377-1456   -            360 433216at33208        -            257   6.8e-25   86.0   0.1   3   3     9e-10   2.1e-08   31.9   0.0    97   187   228   318   221   354 0.87 -
Pdum_DN66431_c0_g1_i1:1561-2364  -            268 433216at33208        -            257   1.6e-24   84.7   2.0   1   3   7.2e-10   1.7e-08   32.2   0.1   170   239    26   100     1   102 0.81 -
Pdum_DN66431_c0_g1_i1:1561-2364  -            268 433216at33208        -            257   1.6e-24   84.7   2.0   2   3     2e-11   4.9e-10   37.3   0.0   165   238   102   180    99   184 0.90 -
Pdum_DN66431_c0_g1_i1:1561-2364  -            268 433216at33208        -            257   1.6e-24   84.7   2.0   3   3    0.0051      0.12    9.8   0.0   206   238   187   220   181   225 0.82 -
Pdum_DN85045_c0_g1_i5:248-835    -            196 433216at33208        -            257   5.6e-23   79.7   0.0   1   2   1.3e-07   3.1e-06   24.8   0.0   158   240     2    92     1    93 0.82 -
Pdum_DN85045_c0_g1_i5:248-835    -            196 433216at33208        -            257   5.6e-23   79.7   0.0   2   2   1.3e-16     3e-15   54.4   0.0    79   221    89   196    84   196 0.49 -
Pdum_DN77965_c1_g1_i1:1646-2635  -            330 433216at33208        -            257   1.5e-22   78.3   4.7   1   3   2.9e-17   6.8e-16   56.5   6.4    77   251    14   212     9   217 0.82 -
Pdum_DN77965_c1_g1_i1:1646-2635  -            330 433216at33208        -            257   1.5e-22   78.3   4.7   2   3   1.2e-07   2.9e-06   24.9   1.5   150   221   139   217   133   274 0.77 -
Pdum_DN77965_c1_g1_i1:1646-2635  -            330 433216at33208        -            257   1.5e-22   78.3   4.7   3   3   0.00053     0.013   13.0   0.0   148   186   290   329   250   330 0.83 -
Pdum_DN89990_c3_g2_i4:936-1778   -            281 433216at33208        -            257     2e-22   77.9   2.0   1   3   4.7e-14   1.1e-12   45.9   0.1    84   237     5   170     2   174 0.84 -
Pdum_DN89990_c3_g2_i4:936-1778   -            281 433216at33208        -            257     2e-22   77.9   2.0   2   3   1.4e-08   3.3e-07   28.0   0.0    88   232    92   210    89   232 0.45 -
Pdum_DN89990_c3_g2_i4:936-1778   -            281 433216at33208        -            257     2e-22   77.9   2.0   3   3   5.1e-05    0.0012   16.3   0.0   132   221   186   281   182   281 0.69 -
Pdum_DN73504_c1_g7_i2:375-1772   -            466 433216at33208        -            257     1e-21   75.6   1.4   1   3      0.03      0.73    7.2   0.0   151   182   137   168   131   179 0.75 -
Pdum_DN73504_c1_g7_i2:375-1772   -            466 433216at33208        -            257     1e-21   75.6   1.4   2   3   1.5e-17   3.6e-16   57.4   0.1   107   221   188   307   180   317 0.87 -
Pdum_DN73504_c1_g7_i2:375-1772   -            466 433216at33208        -            257     1e-21   75.6   1.4   3   3     0.004     0.095   10.1   0.1    57   174   300   435   300   441 0.67 -
Pdum_DN73512_c4_g2_i3:726-1661   -            312 433216at33208        -            257   4.5e-21   73.5   0.1   1   3   0.00012    0.0028   15.1   0.0   151   223    10    90     3   102 0.78 -
Pdum_DN73512_c4_g2_i3:726-1661   -            312 433216at33208        -            257   4.5e-21   73.5   0.1   2   3   9.4e-13   2.2e-11   41.7   0.5   124   223    70   174    67   182 0.86 -
Pdum_DN73512_c4_g2_i3:726-1661   -            312 433216at33208        -            257   4.5e-21   73.5   0.1   3   3   2.3e-06   5.4e-05   20.8   0.0    80   184   191   295   178   304 0.81 -
Pdum_DN84903_c4_g3_i8:753-1754   -            334 433216at33208        -            257   8.1e-21   72.6   0.0   1   3   5.2e-10   1.2e-08   32.7   0.0   114   222    10   127     5   128 0.79 -
Pdum_DN84903_c4_g3_i8:753-1754   -            334 433216at33208        -            257   8.1e-21   72.6   0.0   2   3     4e-07   9.6e-06   23.2   0.0   123   191   107   175    90   180 0.88 -
Pdum_DN84903_c4_g3_i8:753-1754   -            334 433216at33208        -            257   8.1e-21   72.6   0.0   3   3   2.4e-06   5.6e-05   20.7   0.0    86   194   195   307   190   328 0.71 -
Pdum_DN88147_c0_g1_i1:430-1308   -            293 433216at33208        -            257   1.6e-20   71.7   0.1   1   3     4e-08   9.5e-07   26.5   0.0    59   168     7   122     2   124 0.82 -
Pdum_DN88147_c0_g1_i1:430-1308   -            293 433216at33208        -            257   1.6e-20   71.7   0.1   2   3   2.3e-10   5.5e-09   33.8   0.0    85   188   122   230   118   240 0.81 -
Pdum_DN88147_c0_g1_i1:430-1308   -            293 433216at33208        -            257   1.6e-20   71.7   0.1   3   3    0.0059      0.14    9.6   0.0    96   167   221   293   219   293 0.72 -
Pdum_DN79208_c0_g1_i2:96-1031    -            312 433216at33208        -            257   1.8e-20   71.5   0.0   1   2   9.1e-10   2.2e-08   31.9   0.0    49   186     8   153     2   154 0.86 -
Pdum_DN79208_c0_g1_i2:96-1031    -            312 433216at33208        -            257   1.8e-20   71.5   0.0   2   2   8.9e-14   2.1e-12   45.0   0.0    57   237   101   305   101   308 0.76 -
Pdum_DN84814_c0_g2_i1:1505-2083  -            193 433216at33208        -            257   1.9e-20   71.4   0.2   1   2   3.4e-09     8e-08   30.0   0.1   149   221    29   105     6   114 0.61 -
Pdum_DN84814_c0_g2_i1:1505-2083  -            193 433216at33208        -            257   1.9e-20   71.4   0.2   2   2   3.9e-12   9.2e-11   39.7   0.0   152   221   116   190   107   193 0.74 -
Pdum_DN87078_c1_g1_i1:1858-2604  -            249 433216at33208        -            257   3.6e-20   70.5   0.5   1   3       1.7        41    1.5   0.0   110   138    15    43     5    50 0.61 -
Pdum_DN87078_c1_g1_i1:1858-2604  -            249 433216at33208        -            257   3.6e-20   70.5   0.5   2   3   2.7e-14   6.5e-13   46.7   0.1   128   223   107   209    84   211 0.87 -
Pdum_DN87078_c1_g1_i1:1858-2604  -            249 433216at33208        -            257   3.6e-20   70.5   0.5   3   3   5.7e-09   1.4e-07   29.3   0.0   108   184   173   249   167   249 0.84 -
Pdum_DN89838_c3_g2_i15:954-1709  -            252 433216at33208        -            257   1.1e-19   68.9   3.2   1   3   2.2e-05   0.00051   17.6   0.1   209   250     2    48     1    51 0.77 -
Pdum_DN89838_c3_g2_i15:954-1709  -            252 433216at33208        -            257   1.1e-19   68.9   3.2   2   3   2.9e-08   6.9e-07   27.0   0.3   120   227    32   138    29   152 0.84 -
Pdum_DN89838_c3_g2_i15:954-1709  -            252 433216at33208        -            257   1.1e-19   68.9   3.2   3   3   3.5e-09   8.4e-08   30.0   0.0   108   206   140   240   135   252 0.82 -
Pdum_DN85879_c0_g1_i1:230-808    -            193 433216at33208        -            257   4.6e-19   66.9   0.0   1   2   1.1e-10   2.7e-09   34.8   0.0    86   184     4   103     1   118 0.70 -
Pdum_DN85879_c0_g1_i1:230-808    -            193 433216at33208        -            257   4.6e-19   66.9   0.0   2   2   2.4e-09   5.6e-08   30.5   0.0   119   183   129   193   105   193 0.90 -
Pdum_DN74384_c0_g2_i2:99-1367    -            423 433216at33208        -            257   9.8e-19   65.8  14.4   1   3   0.00013    0.0031   15.0   0.3   195   237   103   148    98   156 0.78 -
Pdum_DN74384_c0_g2_i2:99-1367    -            423 433216at33208        -            257   9.8e-19   65.8  14.4   2   3    0.0057      0.14    9.6   1.5   146   221   133   222   131   231 0.71 -
Pdum_DN74384_c0_g2_i2:99-1367    -            423 433216at33208        -            257   9.8e-19   65.8  14.4   3   3   2.2e-15   5.2e-14   50.3   1.3   126   256   273   419   255   420 0.80 -
Pdum_DN88766_c3_g2_i10:292-717   -            142 433216at33208        -            257   1.1e-18   65.6   0.0   1   1   5.2e-20   1.2e-18   65.5   0.0    86   215     4   137     1   142 0.90 -
Pdum_DN90064_c4_g2_i4:2740-4161  -            474 433216at33208        -            257   1.6e-18   65.1   4.4   1   4       5.1   1.2e+02   -0.0   0.0   222   242   131   151   110   155 0.81 -
Pdum_DN90064_c4_g2_i4:2740-4161  -            474 433216at33208        -            257   1.6e-18   65.1   4.4   2   4     3e-05   0.00071   17.1   0.1   125   189   153   217   141   251 0.85 -
Pdum_DN90064_c4_g2_i4:2740-4161  -            474 433216at33208        -            257   1.6e-18   65.1   4.4   3   4   1.1e-13   2.7e-12   44.7   1.5   117   225   270   383   256   421 0.85 -
Pdum_DN90064_c4_g2_i4:2740-4161  -            474 433216at33208        -            257   1.6e-18   65.1   4.4   4   4       2.7        64    0.9   0.0   175   206   411   448   394   471 0.69 -
Pdum_DN66493_c0_g1_i1:720-1655   -            312 433216at33208        -            257   2.8e-18   64.3   0.0   1   2    0.0025      0.06   10.8   0.2   147   196    12    61     6    87 0.67 -
Pdum_DN66493_c0_g1_i1:720-1655   -            312 433216at33208        -            257   2.8e-18   64.3   0.0   2   2   2.7e-15   6.5e-14   50.0   0.0    12   209    77   294    66   309 0.75 -
Pdum_DN84241_c0_g1_i1:2776-3423  -            216 433216at33208        -            257   2.8e-18   64.3   1.2   1   3   7.8e-11   1.9e-09   35.4   0.1   150   242     5   107     2   107 0.83 -
Pdum_DN84241_c0_g1_i1:2776-3423  -            216 433216at33208        -            257   2.8e-18   64.3   1.2   2   3   1.2e-10   2.9e-09   34.8   0.2   121   220    60   168    58   177 0.86 -
Pdum_DN84241_c0_g1_i1:2776-3423  -            216 433216at33208        -            257   2.8e-18   64.3   1.2   3   3     0.058       1.4    6.3   1.0     6    29   179   205   174   214 0.68 -
Pdum_DN83656_c0_g1_i2:2236-2991  -            252 433216at33208        -            257   4.8e-18   63.5   2.5   1   3   1.1e-05   0.00026   18.5   0.0   192   238     4    54     1    58 0.83 -
Pdum_DN83656_c0_g1_i2:2236-2991  -            252 433216at33208        -            257   4.8e-18   63.5   2.5   2   3   1.9e-11   4.6e-10   37.4   0.3   125   242    74   197    60   202 0.87 -
Pdum_DN83656_c0_g1_i2:2236-2991  -            252 433216at33208        -            257   4.8e-18   63.5   2.5   3   3     0.042         1    6.8   0.0   130   182   201   251   197   252 0.80 -
Pdum_DN88892_c3_g1_i1:2670-3179  -            170 433216at33208        -            257   6.2e-18   63.2   0.7   1   2   2.4e-07   5.8e-06   24.0   0.0   130   188    10    68     2    71 0.90 -
Pdum_DN88892_c3_g1_i1:2670-3179  -            170 433216at33208        -            257   6.2e-18   63.2   0.7   2   2   1.4e-11   3.2e-10   37.9   0.8   148   222    70   151    65   170 0.81 -
Pdum_DN38861_c0_g1_i1:595-1392   -            266 433216at33208        -            257   7.7e-18   62.9   0.0   1   2   1.3e-08   3.1e-07   28.1   0.0    79   221     7   156     2   170 0.79 -
Pdum_DN38861_c0_g1_i1:595-1392   -            266 433216at33208        -            257   7.7e-18   62.9   0.0   2   2     4e-10   9.6e-09   33.1   0.0   110   190   181   263   165   266 0.87 -
Pdum_DN89089_c3_g1_i2:1021-1773  -            251 433216at33208        -            257   1.4e-17   62.0   0.1   1   2   2.3e-07   5.4e-06   24.0   0.0   117   223     5   125     1   132 0.74 -
Pdum_DN89089_c3_g1_i2:1021-1773  -            251 433216at33208        -            257   1.4e-17   62.0   0.1   2   2   4.7e-11   1.1e-09   36.1   0.0   120   217   145   251   137   251 0.85 -
Pdum_DN75651_c0_g1_i1:179-1012   -            278 433216at33208        -            257   1.6e-17   61.8   1.0   1   2   1.6e-09   3.9e-08   31.1   0.0    69   187    27   154     6   165 0.62 -
Pdum_DN75651_c0_g1_i1:179-1012   -            278 433216at33208        -            257   1.6e-17   61.8   1.0   2   2     5e-09   1.2e-07   29.5   0.4   115   220   165   275   154   276 0.85 -
Pdum_DN76096_c0_g1_i2:374-1027   -            218 433216at33208        -            257     7e-17   59.7   2.4   1   2     2e-06   4.8e-05   20.9   0.0   137   180     3    46     1    62 0.90 -
Pdum_DN76096_c0_g1_i2:374-1027   -            218 433216at33208        -            257     7e-17   59.7   2.4   2   2   3.7e-11   8.9e-10   36.4   1.4    27   152    61   210    47   216 0.67 -
Pdum_DN78867_c0_g1_i4:315-983    -            223 433216at33208        -            257   3.6e-16   57.4   0.0   1   2   0.00019    0.0045   14.5   0.0   105   187     6    87     1    97 0.84 -
Pdum_DN78867_c0_g1_i4:315-983    -            223 433216at33208        -            257   3.6e-16   57.4   0.0   2   2   4.6e-13   1.1e-11   42.7   0.0    95   186    78   170    75   176 0.87 -
Pdum_DN63925_c0_g1_i1:119-1006   -            296 433216at33208        -            257   2.1e-15   54.9   1.4   1   2   6.5e-08   1.5e-06   25.8   0.0   151   236    31   122    24   140 0.78 -
Pdum_DN63925_c0_g1_i1:119-1006   -            296 433216at33208        -            257   2.1e-15   54.9   1.4   2   2   1.4e-08   3.4e-07   28.0   0.5    56   187   138   274   131   285 0.80 -
Pdum_DN92345_c8_g1_i1:3879-4793  -            305 433216at33208        -            257   3.4e-15   54.2   0.1   1   3   1.8e-05   0.00043   17.8   0.1   168   229     7    76     1    80 0.78 -
Pdum_DN92345_c8_g1_i1:3879-4793  -            305 433216at33208        -            257   3.4e-15   54.2   0.1   2   3     0.012      0.29    8.5   0.0   119   188   106   180    85   223 0.64 -
Pdum_DN92345_c8_g1_i1:3879-4793  -            305 433216at33208        -            257   3.4e-15   54.2   0.1   3   3   1.6e-07   3.8e-06   24.6   0.0    88   183   209   304   196   305 0.74 -
Pdum_DN79406_c0_g1_i1:209-1183   -            325 433216at33208        -            257   5.9e-15   53.4   0.0   1   3   9.5e-07   2.3e-05   22.0   0.1   152   224     6    83     3   116 0.84 -
Pdum_DN79406_c0_g1_i1:209-1183   -            325 433216at33208        -            257   5.9e-15   53.4   0.0   2   3   2.9e-06   6.9e-05   20.4   0.0   115   189   148   221   137   239 0.88 -
Pdum_DN79406_c0_g1_i1:209-1183   -            325 433216at33208        -            257   5.9e-15   53.4   0.0   3   3     0.028      0.67    7.3   0.0   152   183   281   312   252   320 0.66 -
Pdum_DN80990_c0_g1_i2:150-1607   -            486 433216at33208        -            257   7.9e-15   53.0   1.1   1   3   1.6e-06   3.9e-05   21.2   0.0   115   188   251   326   238   342 0.80 -
Pdum_DN80990_c0_g1_i2:150-1607   -            486 433216at33208        -            257   7.9e-15   53.0   1.1   2   3   9.4e-12   2.2e-10   38.4   0.6    52   187   267   410   265   434 0.81 -
Pdum_DN80990_c0_g1_i2:150-1607   -            486 433216at33208        -            257   7.9e-15   53.0   1.1   3   3      0.67        16    2.8   0.0   141   184   406   451   405   460 0.75 -
Pdum_DN83855_c0_g1_i4:658-1428   -            257 433216at33208        -            257   7.9e-15   53.0   0.5   1   3   4.8e-05    0.0012   16.4   0.0   145   186    30    71     3    82 0.67 -
Pdum_DN83855_c0_g1_i4:658-1428   -            257 433216at33208        -            257   7.9e-15   53.0   0.5   2   3     1e-09   2.4e-08   31.8   0.1   148   226    93   179    87   187 0.66 -
Pdum_DN83855_c0_g1_i4:658-1428   -            257 433216at33208        -            257   7.9e-15   53.0   0.5   3   3       5.4   1.3e+02   -0.1   0.0   158   174   212   228   197   232 0.75 -
Pdum_DN92615_c3_g1_i3:1432-2112  -            227 433216at33208        -            257   1.2e-14   52.4   0.1   1   3   1.1e-05   0.00027   18.5   0.2   149   221     6    88     2    88 0.67 -
Pdum_DN92615_c3_g1_i3:1432-2112  -            227 433216at33208        -            257   1.2e-14   52.4   0.1   2   3     0.048       1.1    6.6   0.0   115   186    63   134    53   140 0.75 -
Pdum_DN92615_c3_g1_i3:1432-2112  -            227 433216at33208        -            257   1.2e-14   52.4   0.1   3   3   5.1e-08   1.2e-06   26.2   0.0   116   187   151   221   140   226 0.89 -
Pdum_DN83800_c0_g2_i3:14-562     -            183 433216at33208        -            257   2.2e-14   51.5   1.6   1   2   1.2e-12   2.9e-11   41.3   0.3   135   241    41   153    27   157 0.80 -
Pdum_DN83800_c0_g2_i3:14-562     -            183 433216at33208        -            257   2.2e-14   51.5   1.6   2   2   0.00025    0.0059   14.1   0.1   190   223   138   174   132   178 0.87 -
Pdum_DN90796_c3_g1_i4:1517-2605  -            363 433216at33208        -            257     3e-14   51.1   0.7   1   3       3.3        78    0.6   0.0   160   221    95   119    74   132 0.59 -
Pdum_DN90796_c3_g1_i4:1517-2605  -            363 433216at33208        -            257     3e-14   51.1   0.7   2   3   1.6e-12   3.9e-11   40.9   0.2   120   226   138   253    86   268 0.84 -
Pdum_DN90796_c3_g1_i4:1517-2605  -            363 433216at33208        -            257     3e-14   51.1   0.7   3   3     0.096       2.3    5.6   0.0   124   184   297   361   286   363 0.69 -
Pdum_DN75190_c1_g2_i8:2335-2706  -            124 433216at33208        -            257   3.2e-14   51.0   0.5   1   1   1.7e-15   4.2e-14   50.6   0.5   125   223    20   119     7   123 0.90 -
Pdum_DN65740_c0_g1_i1:159-803    -            215 433216at33208        -            257     1e-13   49.3   0.0   1   2   1.1e-06   2.6e-05   21.8   0.1   124   191     8    76     3    84 0.84 -
Pdum_DN65740_c0_g1_i1:159-803    -            215 433216at33208        -            257     1e-13   49.3   0.0   2   2   1.3e-07     3e-06   24.9   0.0    60   181    77   213    71   215 0.74 -
Pdum_DN78364_c0_g1_i1:226-1314   -            363 433216at33208        -            257   1.1e-13   49.2   0.4   1   2   4.5e-07   1.1e-05   23.1   0.1   139   238     3   110     1   112 0.77 -
Pdum_DN78364_c0_g1_i1:226-1314   -            363 433216at33208        -            257   1.1e-13   49.2   0.4   2   2   2.7e-08   6.5e-07   27.1   0.0   109   182    99   171    93   181 0.84 -
Pdum_DN72823_c0_g2_i2:1154-1981  -            276 433216at33208        -            257   1.8e-13   48.5   0.1   1   2   1.6e-08   3.9e-07   27.8   0.1   126   224     7   107     1   145 0.81 -
Pdum_DN72823_c0_g2_i2:1154-1981  -            276 433216at33208        -            257   1.8e-13   48.5   0.1   2   2   1.5e-05   0.00036   18.1   0.0   120   175   220   275   202   276 0.91 -
Pdum_DN92785_c3_g1_i2:3114-4076  -            321 433216at33208        -            257   1.9e-13   48.5   0.7   1   4      0.84        20    2.5   0.0   131   172     3    44     1    54 0.85 -
Pdum_DN92785_c3_g1_i2:3114-4076  -            321 433216at33208        -            257   1.9e-13   48.5   0.7   2   4       1.5        36    1.7   0.0    57    92    66   104    53   178 0.61 -
Pdum_DN92785_c3_g1_i2:3114-4076  -            321 433216at33208        -            257   1.9e-13   48.5   0.7   3   4       1.6        39    1.6   0.0    77   120   190   234   169   245 0.76 -
Pdum_DN92785_c3_g1_i2:3114-4076  -            321 433216at33208        -            257   1.9e-13   48.5   0.7   4   4   1.3e-11   3.1e-10   37.9   0.2   154   221   245   317   233   319 0.70 -
Pdum_DN83655_c1_g1_i2:238-2439   -            734 433216at33208        -            257   1.9e-13   48.4   0.1   1   5   1.1e-05   0.00026   18.5   0.0   122   181    17    76    11    86 0.86 -
Pdum_DN83655_c1_g1_i2:238-2439   -            734 433216at33208        -            257   1.9e-13   48.4   0.1   2   5   0.00042    0.0099   13.3   0.0    81   184   193   299   157   313 0.67 -
Pdum_DN83655_c1_g1_i2:238-2439   -            734 433216at33208        -            257   1.9e-13   48.4   0.1   3   5     0.001     0.024   12.1   0.0    80   185   236   350   209   357 0.76 -
Pdum_DN83655_c1_g1_i2:238-2439   -            734 433216at33208        -            257   1.9e-13   48.4   0.1   4   5       1.6        38    1.6   0.0   155   186   432   467   417   496 0.75 -
Pdum_DN83655_c1_g1_i2:238-2439   -            734 433216at33208        -            257   1.9e-13   48.4   0.1   5   5     0.041      0.99    6.8   0.0   122   185   497   561   487   613 0.80 -
Pdum_DN85054_c1_g3_i7:3145-3996  -            284 433216at33208        -            257   3.3e-13   47.7   0.0   1   2     3e-08   7.2e-07   26.9   0.0   121   179    12    74     3    94 0.80 -
Pdum_DN85054_c1_g3_i7:3145-3996  -            284 433216at33208        -            257   3.3e-13   47.7   0.0   2   2   1.5e-05   0.00036   18.1   0.1    58   241    75   272    73   275 0.67 -
Pdum_DN78785_c0_g1_i2:534-2834   -            767 433216at33208        -            257   5.9e-13   46.9   1.5   1   2   2.2e-11   5.3e-10   37.2   0.6   124   226    57   169     8   178 0.76 -
Pdum_DN78785_c0_g1_i2:534-2834   -            767 433216at33208        -            257   5.9e-13   46.9   1.5   2   2   0.00063     0.015   12.8   0.0   130   241   152   278   151   281 0.72 -
Pdum_DN66486_c0_g1_i1:419-1648   -            410 433216at33208        -            257   7.5e-13   46.5   2.0   1   3       6.8   1.6e+02   -0.5   0.0   163   187    76   100    55   111 0.67 -
Pdum_DN66486_c0_g1_i1:419-1648   -            410 433216at33208        -            257   7.5e-13   46.5   2.0   2   3   3.3e-10   7.9e-09   33.3   0.1    92   186   128   224   122   232 0.92 -
Pdum_DN66486_c0_g1_i1:419-1648   -            410 433216at33208        -            257   7.5e-13   46.5   2.0   3   3    0.0024     0.058   10.8   0.1   101   184   283   368   276   386 0.75 -
Pdum_DN90581_c4_g3_i1:18-467     -            150 433216at33208        -            257   2.4e-12   44.9   0.1   1   2   1.7e-05   0.00041   17.9   0.0   127   193     8    75     1    86 0.52 -
Pdum_DN90581_c4_g3_i1:18-467     -            150 433216at33208        -            257   2.4e-12   44.9   0.1   2   2   8.7e-08   2.1e-06   25.4   0.0   121   179    89   147    79   150 0.91 -
Pdum_DN83552_c2_g1_i4:337-1659   -            441 433216at33208        -            257   2.7e-12   44.7   0.3   1   2   8.8e-06   0.00021   18.8   0.1   124   244    76   207    60   226 0.72 -
Pdum_DN83552_c2_g1_i4:337-1659   -            441 433216at33208        -            257   2.7e-12   44.7   0.3   2   2   4.2e-07     1e-05   23.2   0.0   114   185   281   352   237   359 0.76 -
Pdum_DN87178_c0_g1_i10:2619-3539 -            307 433216at33208        -            257   4.1e-12   44.1   4.7   1   4      0.32       7.6    3.9   0.0   170   189     5    24     1    38 0.73 -
Pdum_DN87178_c0_g1_i10:2619-3539 -            307 433216at33208        -            257   4.1e-12   44.1   4.7   2   4      0.16       3.7    4.9   0.0    44    71    47    79    29    84 0.56 -
Pdum_DN87178_c0_g1_i10:2619-3539 -            307 433216at33208        -            257   4.1e-12   44.1   4.7   3   4    0.0049      0.12    9.8   0.2   186   222    87   126    81   143 0.80 -
Pdum_DN87178_c0_g1_i10:2619-3539 -            307 433216at33208        -            257   4.1e-12   44.1   4.7   4   4   3.4e-07     8e-06   23.5   0.5   127   207   205   291   153   307 0.62 -
Pdum_DN75461_c3_g1_i3:3415-4074  -            220 433216at33208        -            257   4.8e-12   43.9   3.0   1   2   7.1e-05    0.0017   15.9   0.5   193   240    11    62     4    65 0.83 -
Pdum_DN75461_c3_g1_i3:3415-4074  -            220 433216at33208        -            257   4.8e-12   43.9   3.0   2   2   7.6e-11   1.8e-09   35.4   0.1    53   220    30   220    27   220 0.70 -
Pdum_DN79808_c0_g1_i2:642-4217   -           1192 433216at33208        -            257   7.2e-12   43.3   0.1   1   4   2.8e-10   6.8e-09   33.6   0.1   154   243    16   110     7   119 0.84 -
Pdum_DN79808_c0_g1_i2:642-4217   -           1192 433216at33208        -            257   7.2e-12   43.3   0.1   2   4         6   1.4e+02   -0.3   0.0   113   146   137   170   118   215 0.72 -
Pdum_DN79808_c0_g1_i2:642-4217   -           1192 433216at33208        -            257   7.2e-12   43.3   0.1   3   4      0.41       9.8    3.5   0.0    82   148   236   302   227   341 0.87 -
Pdum_DN79808_c0_g1_i2:642-4217   -           1192 433216at33208        -            257   7.2e-12   43.3   0.1   4   4       6.6   1.6e+02   -0.4   0.0   154   187   459   492   442   509 0.88 -
Pdum_DN84981_c0_g1_i4:2535-3476  -            314 433216at33208        -            257   7.4e-12   43.3   0.1   1   3   1.7e-08     4e-07   27.7   0.1    83   223    33   179    13   188 0.75 -
Pdum_DN84981_c0_g1_i4:2535-3476  -            314 433216at33208        -            257   7.4e-12   43.3   0.1   2   3      0.48        12    3.3   0.0    55   168   126   250   125   259 0.66 -
Pdum_DN84981_c0_g1_i4:2535-3476  -            314 433216at33208        -            257   7.4e-12   43.3   0.1   3   3   0.00087     0.021   12.3   0.0   127   183   257   313   205   314 0.80 -
Pdum_DN84963_c1_g1_i6:1317-3311  -            665 433216at33208        -            257     1e-11   42.8   0.2   1   2   7.1e-11   1.7e-09   35.5   0.2   112   221    39   154    28   162 0.83 -
Pdum_DN84963_c1_g1_i6:1317-3311  -            665 433216at33208        -            257     1e-11   42.8   0.2   2   2      0.29         7    4.0   0.0   153   183   632   662   581   665 0.68 -
Pdum_DN87402_c0_g1_i1:93-1976    -            628 433216at33208        -            257   1.1e-11   42.6   0.0   1   2    0.0013     0.031   11.7   0.0   115   169   294   347   283   363 0.57 -
Pdum_DN87402_c0_g1_i1:93-1976    -            628 433216at33208        -            257   1.1e-11   42.6   0.0   2   2   1.9e-08   4.4e-07   27.6   0.0    78   181   465   570   454   581 0.90 -
Pdum_DN84033_c1_g3_i1:1082-1726  -            215 433216at33208        -            257   1.3e-11   42.5   0.2   1   3     0.012      0.29    8.5   0.0   147   183     1    37     1    41 0.90 -
Pdum_DN84033_c1_g3_i1:1082-1726  -            215 433216at33208        -            257   1.3e-11   42.5   0.2   2   3   3.8e-09   9.2e-08   29.8   0.2   139   221    51   139    45   156 0.84 -
Pdum_DN84033_c1_g3_i1:1082-1726  -            215 433216at33208        -            257   1.3e-11   42.5   0.2   3   3       2.8        66    0.8   0.0   116   133   161   178   143   215 0.71 -
Pdum_DN84582_c3_g1_i1:332-1036   -            235 433216at33208        -            257   1.4e-11   42.4   0.5   1   2   1.5e-11   3.7e-10   37.7   0.9    95   234     2   151     1   159 0.79 -
Pdum_DN84582_c3_g1_i1:332-1036   -            235 433216at33208        -            257   1.4e-11   42.4   0.5   2   2       1.8        44    1.4   0.0   158   184   208   234   157   235 0.80 -
Pdum_DN83917_c0_g1_i10:2-1282    -            427 433216at33208        -            257   1.4e-11   42.3   0.5   1   2   4.6e-07   1.1e-05   23.0   0.1    77   230   158   326   147   329 0.79 -
Pdum_DN83917_c0_g1_i10:2-1282    -            427 433216at33208        -            257   1.4e-11   42.3   0.5   2   2   6.2e-05    0.0015   16.0   0.0   120   178   335   399   332   413 0.76 -
Pdum_DN61369_c0_g1_i1:1242-1787  -            182 433216at33208        -            257     3e-11   41.3   0.0   1   2   2.1e-07   5.1e-06   24.1   0.0    97   184    59   148     5   157 0.71 -
Pdum_DN61369_c0_g1_i1:1242-1787  -            182 433216at33208        -            257     3e-11   41.3   0.0   2   2   1.1e-06   2.6e-05   21.8   0.0   118   185    82   149    72   182 0.73 -
Pdum_DN73439_c0_g1_i2:1041-1721  -            227 433216at33208        -            257   3.5e-11   41.0   0.0   1   1   4.3e-12     1e-10   39.5   0.0   126   230    22   134     5   142 0.84 -
Pdum_DN92880_c2_g1_i2:4337-5176  -            280 433216at33208        -            257   5.1e-11   40.5   0.6   1   2       1.3        31    1.9   0.0   206   225    25    47    21    65 0.78 -
Pdum_DN92880_c2_g1_i2:4337-5176  -            280 433216at33208        -            257   5.1e-11   40.5   0.6   2   2   4.2e-11     1e-09   36.3   0.2    86   194   115   232    70   276 0.73 -
Pdum_DN82224_c0_g1_i1:2783-3526  -            248 433216at33208        -            257   5.6e-11   40.4   3.2   1   2   2.6e-08   6.3e-07   27.1   0.1   154   223     5    78     1    84 0.86 -
Pdum_DN82224_c0_g1_i1:2783-3526  -            248 433216at33208        -            257   5.6e-11   40.4   3.2   2   2    0.0015     0.036   11.5   0.4   116   220   120   246   104   248 0.56 -
Pdum_DN88741_c1_g1_i6:2841-3650  -            270 433216at33208        -            257   7.3e-11   40.0   0.5   1   3      0.66        16    2.9   0.0   165   183    14    32     3    48 0.78 -
Pdum_DN88741_c1_g1_i6:2841-3650  -            270 433216at33208        -            257   7.3e-11   40.0   0.5   2   3   4.7e-08   1.1e-06   26.3   0.0   126   221    70   176    60   182 0.77 -
Pdum_DN88741_c1_g1_i6:2841-3650  -            270 433216at33208        -            257   7.3e-11   40.0   0.5   3   3    0.0027     0.063   10.7   0.3    50   142   162   265   159   270 0.46 -
Pdum_DN86525_c0_g1_i1:704-1231   -            176 433216at33208        -            257   9.6e-11   39.6   0.1   1   2   2.3e-05   0.00055   17.5   0.5   176   223     2    55     1    78 0.76 -
Pdum_DN86525_c0_g1_i1:704-1231   -            176 433216at33208        -            257   9.6e-11   39.6   0.1   2   2   3.3e-06   7.8e-05   20.2   0.0   125   204    79   163    68   168 0.81 -
Pdum_DN91312_c3_g1_i1:2567-3481  -            305 433216at33208        -            257   1.4e-10   39.1   0.0   1   2   9.7e-08   2.3e-06   25.3   0.0    86   186    14   120     2   124 0.81 -
Pdum_DN91312_c3_g1_i1:2567-3481  -            305 433216at33208        -            257   1.4e-10   39.1   0.0   2   2    0.0016     0.037   11.5   0.0   151   220   222   305   181   305 0.72 -
Pdum_DN82173_c1_g1_i7:1104-1730  -            209 433216at33208        -            257   1.8e-10   38.7   0.0   1   2   9.7e-09   2.3e-07   28.5   0.0   124   255    16   166     4   168 0.83 -
Pdum_DN82173_c1_g1_i7:1104-1730  -            209 433216at33208        -            257   1.8e-10   38.7   0.0   2   2    0.0027     0.065   10.7   0.0   122   184   144   208   139   209 0.40 -
Pdum_DN70491_c0_g1_i1:1-1254     -            418 433216at33208        -            257   3.2e-10   37.9   0.0   1   2   1.6e-10   3.9e-09   34.3   0.0   127   222   160   264   111   279 0.80 -
Pdum_DN70491_c0_g1_i1:1-1254     -            418 433216at33208        -            257   3.2e-10   37.9   0.0   2   2       3.2        76    0.6   0.0    70   103   355   391   339   399 0.80 -
Pdum_DN57990_c0_g1_i2:33-530     -            166 433216at33208        -            257   3.5e-10   37.8   0.0   1   1   1.9e-11   4.4e-10   37.4   0.0    84   182    61   163    44   166 0.85 -
Pdum_DN67795_c0_g1_i2:1517-2137  -            207 433216at33208        -            257   4.2e-10   37.5   0.1   1   1   4.7e-10   1.1e-08   32.8   0.1    53   221    20   207     1   207 0.76 -
Pdum_DN77673_c0_g1_i3:1295-1852  -            186 433216at33208        -            257   5.6e-10   37.1   0.0   1   2     0.049       1.2    6.6   0.0   145   188    11    54     7    58 0.85 -
Pdum_DN77673_c0_g1_i3:1295-1852  -            186 433216at33208        -            257   5.6e-10   37.1   0.0   2   2   9.2e-09   2.2e-07   28.6   0.0    70   185    69   182    63   184 0.90 -
Pdum_DN75894_c0_g1_i3:333-1052   -            240 433216at33208        -            257   7.2e-10   36.7   0.9   1   2   2.2e-06   5.3e-05   20.8   0.2   151   222    17    94     1   102 0.79 -
Pdum_DN75894_c0_g1_i3:333-1052   -            240 433216at33208        -            257   7.2e-10   36.7   0.9   2   2   0.00013    0.0032   15.0   0.0    84   180   122   222   102   236 0.81 -
Pdum_DN92425_c3_g2_i1:539-1228   -            230 433216at33208        -            257     1e-09   36.2   2.2   1   2   4.8e-06   0.00011   19.7   0.1   154   254     5   117     1   118 0.75 -
Pdum_DN92425_c3_g2_i1:539-1228   -            230 433216at33208        -            257     1e-09   36.2   2.2   2   2   3.6e-07   8.6e-06   23.4   0.2    53   167    68   185    65   225 0.72 -
Pdum_DN74464_c0_g1_i5:1442-2167  -            242 433216at33208        -            257   1.2e-09   36.0   1.8   1   3      0.14       3.3    5.1   0.0   190   221     3    37     1    50 0.61 -
Pdum_DN74464_c0_g1_i5:1442-2167  -            242 433216at33208        -            257   1.2e-09   36.0   1.8   2   3   2.2e-06   5.3e-05   20.8   0.1    28   102    99   177    96   182 0.79 -
Pdum_DN74464_c0_g1_i5:1442-2167  -            242 433216at33208        -            257   1.2e-09   36.0   1.8   3   3     0.088       2.1    5.7   0.1   152   185   194   227   184   234 0.60 -
Pdum_DN82629_c0_g1_i4:473-2515   -            681 433216at33208        -            257   1.4e-09   35.8   0.1   1   3     0.053       1.3    6.4   0.1   115   222   208   338   193   345 0.52 -
Pdum_DN82629_c0_g1_i4:473-2515   -            681 433216at33208        -            257   1.4e-09   35.8   0.1   2   3    0.0003    0.0071   13.8   0.0   119   189   363   438   341   447 0.68 -
Pdum_DN82629_c0_g1_i4:473-2515   -            681 433216at33208        -            257   1.4e-09   35.8   0.1   3   3    0.0063      0.15    9.5   0.0    79   141   455   525   449   537 0.82 -
Pdum_DN88423_c1_g1_i2:993-1421   -            143 433216at33208        -            257   2.1e-09   35.2   0.5   1   2    0.0043       0.1   10.0   0.0   191   222     7    39     4    47 0.56 -
Pdum_DN88423_c1_g1_i2:993-1421   -            143 433216at33208        -            257   2.1e-09   35.2   0.5   2   2   6.5e-09   1.6e-07   29.1   0.5    88   186    25   120    25   143 0.75 -
Pdum_DN89096_c2_g3_i4:2-1384     -            461 433216at33208        -            257   2.2e-09   35.2   0.1   1   2   1.6e-08   3.8e-07   27.8   0.0    88   222    80   217    74   229 0.89 -
Pdum_DN89096_c2_g3_i4:2-1384     -            461 433216at33208        -            257   2.2e-09   35.2   0.1   2   2      0.34         8    3.8   0.0   118   181   233   294   225   302 0.78 -
Pdum_DN84002_c0_g1_i8:796-1551   -            252 433216at33208        -            257   3.5e-09   34.5   0.9   1   1   1.6e-09   3.7e-08   31.1   0.3   168   249     8   109     4   116 0.70 -
Pdum_DN83005_c1_g1_i1:16-1335    -            440 433216at33208        -            257   4.1e-09   34.3   0.3   1   2     0.013       0.3    8.5   0.0   121   151     9    39     3    54 0.86 -
Pdum_DN83005_c1_g1_i1:16-1335    -            440 433216at33208        -            257   4.1e-09   34.3   0.3   2   2   3.8e-07     9e-06   23.3   0.4   128   237    84   201    60   218 0.61 -
Pdum_DN90079_c2_g2_i8:1469-1858  -            130 433216at33208        -            257   4.7e-09   34.1   0.0   1   2      0.54        13    3.2   0.0   140   176     2    39     1    45 0.83 -
Pdum_DN90079_c2_g2_i8:1469-1858  -            130 433216at33208        -            257   4.7e-09   34.1   0.0   2   2   5.5e-09   1.3e-07   29.3   0.0   128   206    43   125    33   128 0.86 -
Pdum_DN88739_c2_g1_i2:407-1549   -            381 433216at33208        -            257   7.1e-09   33.5   1.4   1   2       9.7   2.3e+02   -1.0   0.0   172   190   147   165   121   187 0.73 -
Pdum_DN88739_c2_g1_i2:407-1549   -            381 433216at33208        -            257   7.1e-09   33.5   1.4   2   2   9.5e-10   2.3e-08   31.8   0.1   131   219   198   295   172   303 0.76 -
Pdum_DN91578_c1_g1_i1:293-997    -            235 433216at33208        -            257   7.9e-09   33.3   0.6   1   2       2.2        52    1.2   0.0    86   145     5    63     1    69 0.78 -
Pdum_DN91578_c1_g1_i1:293-997    -            235 433216at33208        -            257   7.9e-09   33.3   0.6   2   2   2.9e-09   6.9e-08   30.2   0.1   128   222   130   228    97   234 0.50 -
Pdum_DN76013_c0_g1_i3:463-1068   -            202 433216at33208        -            257     1e-08   32.9   4.7   1   3      0.11       2.7    5.4   0.5   194   227     1    38     1    42 0.71 -
Pdum_DN76013_c0_g1_i3:463-1068   -            202 433216at33208        -            257     1e-08   32.9   4.7   2   3   3.5e-09   8.4e-08   30.0   2.1   133   223    23   124    16   135 0.79 -
Pdum_DN76013_c0_g1_i3:463-1068   -            202 433216at33208        -            257     1e-08   32.9   4.7   3   3       3.3        80    0.5   0.0   153   186   147   181   140   188 0.65 -
Pdum_DN66325_c0_g1_i1:831-1904   -            358 433216at33208        -            257   1.1e-08   32.9   0.3   1   3   1.7e-05   0.00041   17.9   0.0    54   141    49   148    23   159 0.52 -
Pdum_DN66325_c0_g1_i1:831-1904   -            358 433216at33208        -            257   1.1e-08   32.9   0.3   2   3      0.33       7.8    3.9   0.0    39    68   173   206   168   213 0.63 -
Pdum_DN66325_c0_g1_i1:831-1904   -            358 433216at33208        -            257   1.1e-08   32.9   0.3   3   3     0.037      0.88    7.0   0.0   147   182   322   357   247   358 0.81 -
Pdum_DN81583_c1_g1_i3:660-1619   -            320 433216at33208        -            257   1.2e-08   32.7   0.0   1   3       3.1        74    0.7   0.0   164   185     3    24     1    51 0.90 -
Pdum_DN81583_c1_g1_i3:660-1619   -            320 433216at33208        -            257   1.2e-08   32.7   0.0   2   3   8.9e-09   2.1e-07   28.7   0.0    51   230    74   278    70   307 0.76 -
Pdum_DN81583_c1_g1_i3:660-1619   -            320 433216at33208        -            257   1.2e-08   32.7   0.0   3   3       7.9   1.9e+02   -0.7   0.0   149   176   286   313   282   317 0.58 -
Pdum_DN90517_c4_g2_i3:211-1731   -            507 433216at33208        -            257   5.4e-08   30.6   0.0   1   3   2.2e-05   0.00052   17.5   0.0   111   187   251   332   244   339 0.84 -
Pdum_DN90517_c4_g2_i3:211-1731   -            507 433216at33208        -            257   5.4e-08   30.6   0.0   2   3     0.069       1.7    6.1   0.2   155   187   355   387   342   404 0.58 -
Pdum_DN90517_c4_g2_i3:211-1731   -            507 433216at33208        -            257   5.4e-08   30.6   0.0   3   3      0.17       4.1    4.8   0.4    78   142   360   440   359   506 0.51 -
Pdum_DN82853_c0_g1_i2:2495-3019  -            175 433216at33208        -            257   7.5e-08   30.1   0.0   1   2   0.00057     0.014   12.9   0.0   152   206     1    58     1    61 0.82 -
Pdum_DN82853_c0_g1_i2:2495-3019  -            175 433216at33208        -            257   7.5e-08   30.1   0.0   2   2   2.9e-05    0.0007   17.1   0.0   119   187    53   124    44   143 0.59 -
Pdum_DN90901_c7_g1_i5:256-1545   -            430 433216at33208        -            257     8e-08   30.0   0.1   1   2      0.06       1.4    6.3   0.0    77   166    16   118     7   179 0.57 -
Pdum_DN90901_c7_g1_i5:256-1545   -            430 433216at33208        -            257     8e-08   30.0   0.1   2   2   9.8e-07   2.3e-05   22.0   0.0    32   161   140   289   116   323 0.65 -
Pdum_DN71445_c0_g2_i2:766-1509   -            248 433216at33208        -            257   9.2e-08   29.8   0.1   1   1     1e-08   2.4e-07   28.5   0.1   131   223     3   103     1   119 0.80 -
Pdum_DN86294_c0_g1_i3:101-3103   -           1001 433216at33208        -            257   1.3e-07   29.3   0.0   1   3      0.84        20    2.5   0.0   157   219    14    78     3    85 0.67 -
Pdum_DN86294_c0_g1_i3:101-3103   -           1001 433216at33208        -            257   1.3e-07   29.3   0.0   2   3   0.00016    0.0038   14.7   0.0    86   150   107   171    98   208 0.86 -
Pdum_DN86294_c0_g1_i3:101-3103   -           1001 433216at33208        -            257   1.3e-07   29.3   0.0   3   3     0.035      0.84    7.0   0.0   120   169   233   283   208   315 0.80 -
Pdum_DN92600_c5_g2_i1:144-365    -             74 433216at33208        -            257   1.3e-07   29.3   0.0   1   1     6e-09   1.4e-07   29.2   0.0   116   182     5    71     2    74 0.94 -
Pdum_DN86637_c0_g1_i2:178-705    -            176 433216at33208        -            257   1.8e-07   28.9   3.6   1   2    0.0067      0.16    9.4   1.6   207   240    13    53     2    55 0.65 -
Pdum_DN86637_c0_g1_i2:178-705    -            176 433216at33208        -            257   1.8e-07   28.9   3.6   2   2   1.7e-06   4.1e-05   21.2   0.2   149   221    38   119    33   126 0.60 -
Pdum_DN92828_c4_g1_i1:1100-1621  -            174 433216at33208        -            257   2.6e-07   28.4   1.0   1   2    0.0021     0.051   11.0   1.5   153   232     2    83     1   102 0.66 -
Pdum_DN92828_c4_g1_i1:1100-1621  -            174 433216at33208        -            257   2.6e-07   28.4   1.0   2   2   2.4e-05   0.00057   17.4   0.0    89   183    63   167    58   171 0.73 -
Pdum_DN90616_c3_g1_i1:602-1432   -            277 433216at33208        -            257     3e-07   28.1   0.1   1   2      0.24       5.6    4.3   0.0   126   162     3    39     1    53 0.58 -
Pdum_DN90616_c3_g1_i1:602-1432   -            277 433216at33208        -            257     3e-07   28.1   0.1   2   2   1.3e-06   3.2e-05   21.5   0.0    52   148    64   163    59   224 0.70 -
Pdum_DN83063_c0_g1_i6:381-1082   -            234 433216at33208        -            257   3.4e-07   28.0   0.2   1   3       5.3   1.3e+02   -0.1   0.0    88   138     4    55     2    90 0.57 -
Pdum_DN83063_c0_g1_i6:381-1082   -            234 433216at33208        -            257   3.4e-07   28.0   0.2   2   3      0.19       4.5    4.6   0.3   203   221    91   110    81   127 0.83 -
Pdum_DN83063_c0_g1_i6:381-1082   -            234 433216at33208        -            257   3.4e-07   28.0   0.2   3   3   4.6e-06   0.00011   19.8   0.0    99   164   157   222   141   234 0.82 -
Pdum_DN84002_c0_g1_i8:2338-3012  -            225 433216at33208        -            257   3.6e-07   27.9   0.4   1   1   1.6e-07   3.8e-06   24.5   0.2    52   176    29   167    25   221 0.59 -
Pdum_DN80062_c1_g1_i8:396-980    -            195 433216at33208        -            257     6e-07   27.2   0.3   1   2   0.00016    0.0038   14.7   0.3   195   227     1    35     1    44 0.85 -
Pdum_DN80062_c1_g1_i8:396-980    -            195 433216at33208        -            257     6e-07   27.2   0.3   2   2     0.003     0.071   10.6   0.0   117   224    60   181    47   188 0.70 -
Pdum_DN75371_c0_g2_i4:68-763     -            232 433216at33208        -            257   6.2e-07   27.1   0.0   1   2      0.18       4.3    4.7   0.0   129   157     3    31     1    68 0.68 -
Pdum_DN75371_c0_g2_i4:68-763     -            232 433216at33208        -            257   6.2e-07   27.1   0.0   2   2   2.6e-06   6.1e-05   20.6   0.0    84   181   130   230   117   232 0.87 -
Pdum_DN84536_c0_g1_i1:2255-2878  -            208 433216at33208        -            257     1e-06   26.4   0.1   1   1   6.9e-08   1.7e-06   25.7   0.1    52   221    64   200    41   204 0.51 -
Pdum_DN89224_c5_g2_i10:3220-3918 -            233 433216at33208        -            257   1.1e-06   26.3   1.4   1   2   0.00078     0.019   12.5   0.3   146   221    78   159    56   166 0.77 -
Pdum_DN89224_c5_g2_i10:3220-3918 -            233 433216at33208        -            257   1.1e-06   26.3   1.4   2   2   7.9e-06   0.00019   19.0   0.1   129   186   146   205   140   226 0.60 -
Pdum_DN73864_c0_g1_i1:430-1335   -            302 433216at33208        -            257   1.2e-06   26.2   0.0   1   3     0.079       1.9    5.9   0.0    88   153     2    72     1    95 0.78 -
Pdum_DN73864_c0_g1_i1:430-1335   -            302 433216at33208        -            257   1.2e-06   26.2   0.0   2   3       0.4       9.7    3.6   0.0    59   110    97   152    74   160 0.70 -
Pdum_DN73864_c0_g1_i1:430-1335   -            302 433216at33208        -            257   1.2e-06   26.2   0.0   3   3   0.00041    0.0099   13.4   0.0    77   185   170   283   163   294 0.85 -
Pdum_DN80615_c0_g2_i1:231-1205   -            325 433216at33208        -            257   1.2e-06   26.1   0.1   1   4       2.4        57    1.0   0.0   163   198    11    46     4    53 0.52 -
Pdum_DN80615_c0_g2_i1:231-1205   -            325 433216at33208        -            257   1.2e-06   26.1   0.1   2   4       1.3        32    1.9   0.0     8    32    53    78    46    86 0.81 -
Pdum_DN80615_c0_g2_i1:231-1205   -            325 433216at33208        -            257   1.2e-06   26.1   0.1   3   4   1.5e-05   0.00036   18.1   0.0    88   145   126   184   103   195 0.58 -
Pdum_DN80615_c0_g2_i1:231-1205   -            325 433216at33208        -            257   1.2e-06   26.1   0.1   4   4       8.8   2.1e+02   -0.8   0.0    85   134   256   305   226   318 0.71 -
Pdum_DN80657_c0_g1_i8:864-1619   -            252 433216at33208        -            257   1.3e-06   26.1   0.0   1   3    0.0036     0.086   10.3   0.0    84   176     1    94     1   126 0.84 -
Pdum_DN80657_c0_g1_i8:864-1619   -            252 433216at33208        -            257   1.3e-06   26.1   0.0   2   3   0.00066     0.016   12.7   0.0    60   180    56   187    53   194 0.79 -
Pdum_DN80657_c0_g1_i8:864-1619   -            252 433216at33208        -            257   1.3e-06   26.1   0.0   3   3    0.0034     0.081   10.4   0.0    79   143   166   233   154   244 0.50 -
Pdum_DN85938_c0_g1_i1:258-608    -            117 433216at33208        -            257   1.5e-06   25.8   0.0   1   1   7.4e-08   1.8e-06   25.6   0.0    52   139    18   114    10   117 0.80 -
Pdum_DN63408_c0_g1_i3:4-960      -            319 433216at33208        -            257   2.8e-06   25.0   0.6   1   2   1.3e-06   3.1e-05   21.5   0.0   139   220     3    87     1    94 0.67 -
Pdum_DN63408_c0_g1_i3:4-960      -            319 433216at33208        -            257   2.8e-06   25.0   0.6   2   2       2.9        70    0.7   0.0   123   152   174   203   153   209 0.69 -
Pdum_DN90517_c4_g1_i5:2-985      -            328 433216at33208        -            257   5.8e-06   23.9   7.5   1   2    0.0077      0.18    9.2   0.1   184   230    43    96    27   120 0.72 -
Pdum_DN90517_c4_g1_i5:2-985      -            328 433216at33208        -            257   5.8e-06   23.9   7.5   2   2    0.0011     0.025   12.0   1.0   129   221   130   240   128   275 0.66 -
Pdum_DN91069_c3_g1_i7:2506-3243  -            246 433216at33208        -            257     6e-06   23.9   0.6   1   3       4.1        97    0.3   0.1   207   221    51    65    23    71 0.65 -
Pdum_DN91069_c3_g1_i7:2506-3243  -            246 433216at33208        -            257     6e-06   23.9   0.6   2   3       1.2        29    2.0   0.1    27   206    79   103    64   120 0.62 -
Pdum_DN91069_c3_g1_i7:2506-3243  -            246 433216at33208        -            257     6e-06   23.9   0.6   3   3   1.9e-05   0.00044   17.8   0.0   119   174   182   237   147   246 0.87 -
Pdum_DN92435_c3_g1_i6:249-854    -            202 433216at33208        -            257   6.1e-06   23.9   0.8   1   1   3.6e-07   8.5e-06   23.4   0.3    63   165     2   105     1   122 0.82 -
Pdum_DN90172_c5_g1_i3:2389-3285  -            299 433216at33208        -            257   7.6e-06   23.6   0.0   1   1   4.5e-06   0.00011   19.8   0.0    53   185   141   299   133   299 0.68 -
Pdum_DN71483_c1_g1_i1:599-1228   -            210 433216at33208        -            257   7.6e-06   23.6   0.1   1   2     0.013      0.31    8.4   0.0   192   221    66    99    56   109 0.58 -
Pdum_DN71483_c1_g1_i1:599-1228   -            210 433216at33208        -            257   7.6e-06   23.6   0.1   2   2   0.00058     0.014   12.9   0.0   118   195   124   204   110   207 0.76 -
Pdum_DN82465_c0_g2_i1:488-1204   -            239 433216at33208        -            257   8.9e-06   23.3   0.6   1   3       2.1        50    1.2   0.1   215   254    49    94     1    97 0.49 -
Pdum_DN82465_c0_g2_i1:488-1204   -            239 433216at33208        -            257   8.9e-06   23.3   0.6   2   3       1.1        27    2.1   0.0    50    65   131   146   107   154 0.73 -
Pdum_DN82465_c0_g2_i1:488-1204   -            239 433216at33208        -            257   8.9e-06   23.3   0.6   3   3   1.4e-05   0.00034   18.2   0.1    89   185   133   239   127   239 0.69 -
Pdum_DN55647_c0_g1_i2:33-551     -            173 433216at33208        -            257   1.1e-05   23.1   0.0   1   2    0.0012     0.028   11.8   0.1   153   205     2    57     1    83 0.80 -
Pdum_DN55647_c0_g1_i2:33-551     -            173 433216at33208        -            257   1.1e-05   23.1   0.0   2   2    0.0073      0.17    9.3   0.0    73   155    77   165    63   173 0.69 -
Pdum_DN89900_c1_g2_i1:318-785    -            156 433216at33208        -            257   1.3e-05   22.8   0.2   1   2       1.5        36    1.7   0.0   119   145     3    29     1    42 0.85 -
Pdum_DN89900_c1_g2_i1:318-785    -            156 433216at33208        -            257   1.3e-05   22.8   0.2   2   2   6.5e-06   0.00016   19.3   0.1    72   140    80   151    54   156 0.73 -
Pdum_DN76178_c0_g1_i1:3394-3981  -            196 433216at33208        -            257   1.7e-05   22.4   0.4   1   2      0.32       7.6    3.9   0.3     9   220     3    31     1    38 0.48 -
Pdum_DN76178_c0_g1_i1:3394-3981  -            196 433216at33208        -            257   1.7e-05   22.4   0.4   2   2   3.6e-05   0.00087   16.8   0.0    22   156    53   193    43   196 0.71 -
Pdum_DN92312_c4_g1_i6:372-914    -            181 433216at33208        -            257   2.4e-05   21.9   0.2   1   1   2.2e-06   5.2e-05   20.8   0.0   117   187    10    86     4   102 0.76 -
Pdum_DN78364_c0_g2_i1:5-400      -            132 433216at33208        -            257   2.6e-05   21.8   0.0   1   1   1.2e-06   2.9e-05   21.6   0.0    91   167    55   132    27   132 0.70 -
Pdum_DN91159_c2_g2_i3:4324-5103  -            260 433216at33208        -            257     3e-05   21.6   0.0   1   2   5.1e-05    0.0012   16.3   0.0   122   190     1    71     1    80 0.92 -
Pdum_DN91159_c2_g2_i3:4324-5103  -            260 433216at33208        -            257     3e-05   21.6   0.0   2   2      0.52        12    3.2   0.0    83   151    96   167    76   180 0.60 -
Pdum_DN77384_c0_g1_i7:393-935    -            181 433216at33208        -            257   3.2e-05   21.5   0.0   1   1   1.8e-06   4.4e-05   21.1   0.0    72   195    22   149    11   180 0.83 -
Pdum_DN87384_c0_g1_i3:1267-1899  -            211 433216at33208        -            257   4.7e-05   21.0   0.0   1   1   3.8e-06     9e-05   20.0   0.0   119   181   147   209   139   211 0.90 -
Pdum_DN71959_c0_g1_i4:1320-1871  -            184 433216at33208        -            257   6.1e-05   20.6   0.1   1   2   1.3e-05    0.0003   18.3   0.0   119   185    12    80     4   116 0.76 -
Pdum_DN71959_c0_g1_i4:1320-1871  -            184 433216at33208        -            257   6.1e-05   20.6   0.1   2   2       4.4   1.1e+02    0.2   0.0   167   184   165   182   138   184 0.74 -
Pdum_DN90581_c4_g2_i3:17-301     -             95 433216at33208        -            257   7.7e-05   20.3   0.0   1   1   3.6e-06   8.7e-05   20.1   0.0   105   184     9    90     2    94 0.87 -
Pdum_DN85510_c0_g1_i3:3283-3711  -            143 433216at33208        -            257   8.3e-05   20.2   0.0   1   1     7e-06   0.00017   19.2   0.0    74   184    32   142     4   143 0.77 -
Pdum_DN87538_c0_g1_i11:59-631    -            191 433216at33208        -            257   8.4e-05   20.1   0.1   1   2   2.6e-05   0.00062   17.3   0.1   152   220     2    78     1    96 0.80 -
Pdum_DN87538_c0_g1_i11:59-631    -            191 433216at33208        -            257   8.4e-05   20.1   0.1   2   2      0.63        15    2.9   0.0    84   185    62   178    60   191 0.46 -
Pdum_DN74254_c0_g1_i10:1266-1853 -            196 433216at33208        -            257   9.9e-05   19.9   0.1   1   2   6.7e-05    0.0016   15.9   0.0   120   175    10    65     3    74 0.87 -
Pdum_DN74254_c0_g1_i10:1266-1853 -            196 433216at33208        -            257   9.9e-05   19.9   0.1   2   2       1.7        40    1.5   0.0   122   152    95   125    79   151 0.75 -
Pdum_DN89812_c3_g1_i3:2-727      -            242 433216at33208        -            257   0.00011   19.7   0.0   1   2   5.4e-05    0.0013   16.2   0.0   118   187    55   126    32   134 0.81 -
Pdum_DN89812_c3_g1_i3:2-727      -            242 433216at33208        -            257   0.00011   19.7   0.0   2   2       3.4        81    0.5   0.0   169   214   154   204   143   213 0.63 -
Pdum_DN70256_c0_g1_i2:778-1377   -            200 433216at33208        -            257   0.00013   19.5   0.0   1   2       1.1        27    2.1   0.0   120   155     3    38     1    77 0.71 -
Pdum_DN70256_c0_g1_i2:778-1377   -            200 433216at33208        -            257   0.00013   19.5   0.0   2   2   7.1e-05    0.0017   15.9   0.0   117   230    80   198    56   200 0.84 -
Pdum_DN89974_c1_g1_i2:3302-3844  -            181 433216at33208        -            257   0.00013   19.5   0.9   1   2   1.3e-05   0.00031   18.3   0.1   171   224     1    58     1    82 0.81 -
Pdum_DN89974_c1_g1_i2:3302-3844  -            181 433216at33208        -            257   0.00013   19.5   0.9   2   2       5.4   1.3e+02   -0.1   0.1    62    81    78    97    62   133 0.75 -
Pdum_DN74625_c0_g1_i4:613-1299   -            229 433216at33208        -            257   0.00016   19.2   0.1   1   2      0.01      0.24    8.8   0.0    58   109     9    64     3    73 0.72 -
Pdum_DN74625_c0_g1_i4:613-1299   -            229 433216at33208        -            257   0.00016   19.2   0.1   2   2     0.011      0.27    8.7   0.0   124   186   134   196    87   205 0.90 -
Pdum_DN79525_c1_g1_i2:759-1442   -            228 433216at33208        -            257   0.00023   18.7   0.0   1   2   6.6e-05    0.0016   16.0   0.0    79   190     7   126     2   135 0.72 -
Pdum_DN79525_c1_g1_i2:759-1442   -            228 433216at33208        -            257   0.00023   18.7   0.0   2   2       4.6   1.1e+02    0.1   0.0   138   182   177   224   162   227 0.54 -
Pdum_DN90254_c2_g1_i7:1612-2445  -            278 433216at33208        -            257   0.00029   18.4   3.2   1   1   0.00021    0.0051   14.3   3.2   201   242   215   259    35   263 0.90 -
Pdum_DN84945_c0_g1_i5:1762-2376  -            205 433216at33208        -            257   0.00036   18.1   0.1   1   2   0.00035    0.0085   13.6   0.0   163   223    65   129    52   141 0.85 -
Pdum_DN84945_c0_g1_i5:1762-2376  -            205 433216at33208        -            257   0.00036   18.1   0.1   2   2       1.4        34    1.8   0.0   156   187   141   174   131   183 0.79 -
Pdum_DN70029_c0_g1_i5:236-670    -            145 433216at33208        -            257   0.00041   17.9   0.0   1   2    0.0034     0.081   10.4   0.0   189   222    14    51     2    62 0.69 -
Pdum_DN70029_c0_g1_i5:236-670    -            145 433216at33208        -            257   0.00041   17.9   0.0   2   2     0.084         2    5.8   0.0    57   180    96   143    70   145 0.59 -
Pdum_DN75082_c2_g3_i2:17-943     -            309 433216at33208        -            257   0.00047   17.7  10.0   1   3   0.00088     0.021   12.3   4.3   205   241    29    70     8    73 0.76 -
Pdum_DN75082_c2_g3_i2:17-943     -            309 433216at33208        -            257   0.00047   17.7  10.0   2   3      0.65        16    2.9   0.0   158   205   117   162   105   178 0.65 -
Pdum_DN75082_c2_g3_i2:17-943     -            309 433216at33208        -            257   0.00047   17.7  10.0   3   3       0.7        17    2.8   0.0   226   242   275   291   261   309 0.73 -
Pdum_DN92312_c5_g1_i1:3890-4381  -            164 433216at33208        -            257   0.00049   17.6   0.0   1   1   0.00032    0.0077   13.7   0.0    53   162    32   154    29   163 0.64 -
Pdum_DN89809_c3_g1_i10:6324-7073 -            250 433216at33208        -            257   0.00056   17.4   0.1   1   2     0.026      0.61    7.5   0.2   194   221     1    32     1    35 0.82 -
Pdum_DN89809_c3_g1_i10:6324-7073 -            250 433216at33208        -            257   0.00056   17.4   0.1   2   2     0.067       1.6    6.1   0.0    83   156    64   137    53   169 0.80 -
Pdum_DN74905_c1_g1_i2:2-1102     -            367 433216at33208        -            257   0.00075   17.0   0.0   1   1   0.00014    0.0033   14.9   0.0    78   185    65   177     6   185 0.54 -
Pdum_DN89782_c4_g2_i2:556-4518   -           1321 433216at33208        -            257   0.00087   16.8   0.4   1   2    0.0014     0.035   11.6   0.0    92   186    72   166    26   203 0.71 -
Pdum_DN89782_c4_g2_i2:556-4518   -           1321 433216at33208        -            257   0.00087   16.8   0.4   2   2      0.57        14    3.1   0.1   119   184   278   344   235   356 0.73 -
Pdum_DN92484_c1_g1_i1:806-1540   -            245 433216at33208        -            257    0.0016   15.9   0.5   1   2       1.7        40    1.5   0.0   127   143   105   121     7   141 0.70 -
Pdum_DN92484_c1_g1_i1:806-1540   -            245 433216at33208        -            257    0.0016   15.9   0.5   2   2    0.0017     0.041   11.3   0.1   146   221   159   244   141   245 0.71 -
Pdum_DN85858_c0_g1_i11:292-1188  -            299 433216at33208        -            257    0.0027   15.2   3.9   1   3       3.5        83    0.5   0.2     9    20    20    31    12    44 0.66 -
Pdum_DN85858_c0_g1_i11:292-1188  -            299 433216at33208        -            257    0.0027   15.2   3.9   2   3   0.00042      0.01   13.3   0.5   131   187   104   162    90   206 0.56 -
Pdum_DN85858_c0_g1_i11:292-1188  -            299 433216at33208        -            257    0.0027   15.2   3.9   3   3         2        48    1.3   0.0   127   178   188   244   172   252 0.56 -
Pdum_DN69316_c0_g1_i1:312-956    -            215 433216at33208        -            257    0.0065   13.9   1.2   1   1    0.0031     0.075   10.5   0.4   178   227    33    86     6    90 0.79 -
Pdum_DN82661_c0_g1_i10:527-1123  -            199 433216at33208        -            257    0.0078   13.7   0.0   1   1   0.00048     0.011   13.1   0.0   127   193    15    80     1    98 0.71 -
Pdum_DN77163_c0_g1_i7:250-627    -            126 433216at33208        -            257    0.0088   13.5   0.0   1   1   0.00047     0.011   13.2   0.0    53   145    14   115     9   124 0.74 -
Pdum_DN79360_c0_g1_i4:98-2620    -            841 433216at33208        -            257     0.017   12.6   0.1   1   1    0.0026     0.061   10.8   0.0   124   187    43   107    35   149 0.76 -
Pdum_DN90162_c3_g1_i6:3068-3295  -             76 433216at33208        -            257     0.018   12.5   0.0   1   1   0.00087     0.021   12.3   0.0    82   182    16    75     4    76 0.50 -
#
# Program:         hmmsearch
# Version:         3.1b2 (February 2015)
# Pipeline mode:   SEARCH
# Query file:      /mnt/f/phylo/WORMS/busco_analysis/busco_downloads/lineages/metazoa_odb10/hmms/433216at33208.hmm
# Target file:     /mnt/f/phylo/WORMS/busco_analysis/metazoa_lineage_result/run_metazoa_odb10/metaeuk_output/initial_results/Platynereis_ref.eggnog_filter.nucl.fasta.modified.fas
# Option settings: hmmsearch --domtblout /mnt/f/phylo/WORMS/busco_analysis/metazoa_lineage_result/run_metazoa_odb10/hmmer_output/initial_run_results/433216at33208.out --cpu 1 /mnt/f/phylo/WORMS/busco_analysis/busco_downloads/lineages/metazoa_odb10/hmms/433216at33208.hmm /mnt/f/phylo/WORMS/busco_analysis/metazoa_lineage_result/run_metazoa_odb10/metaeuk_output/initial_results/Platynereis_ref.eggnog_filter.nucl.fasta.modified.fas 
# Current dir:     /mnt/f/phylo/WORMS/busco_analysis
# Date:            Sun Mar 12 20:42:21 2023
# [ok]
