#                                                                                        --- full sequence --- -------------- this domain -------------   hmm coord   ali coord   env coord
# target name                    accession   tlen query name           accession   qlen   E-value  score  bias   #  of  c-Evalue  i-Evalue  score  bias  from    to  from    to  from    to  acc description of target
#            ------------------- ---------- ----- -------------------- ---------- ----- --------- ------ ----- --- --- --------- --------- ------ ----- ----- ----- ----- ----- ----- ----- ---- ---------------------
Pdum_DN83005_c1_g1_i1:16-1335    -            440 435253at33208        -            329   2.4e-33  113.5  17.7   1   6   1.7e-08   9.2e-07   26.1   0.2     2    31    22    55    21    57 0.89 -
Pdum_DN83005_c1_g1_i1:16-1335    -            440 435253at33208        -            329   2.4e-33  113.5  17.7   2   6   0.00035     0.019   12.0   0.2    32    52    84   104    79   111 0.93 -
Pdum_DN83005_c1_g1_i1:16-1335    -            440 435253at33208        -            329   2.4e-33  113.5  17.7   3   6     4e-18   2.1e-16   57.8   1.3    48   115   124   202   107   211 0.81 -
Pdum_DN83005_c1_g1_i1:16-1335    -            440 435253at33208        -            329   2.4e-33  113.5  17.7   4   6   6.9e-05    0.0037   14.3   0.0   113   145   222   254   216   275 0.81 -
Pdum_DN83005_c1_g1_i1:16-1335    -            440 435253at33208        -            329   2.4e-33  113.5  17.7   5   6   0.00082     0.043   10.8   0.0   130   160   273   310   266   316 0.82 -
Pdum_DN83005_c1_g1_i1:16-1335    -            440 435253at33208        -            329   2.4e-33  113.5  17.7   6   6       1.5        77    0.1   0.1   187   208   417   438   415   440 0.85 -
Pdum_DN87680_c1_g3_i1:3327-4124  -            266 435253at33208        -            329   4.2e-19   66.7   4.5   1   5   9.9e-05    0.0052   13.8   0.0    75   114    14    53     6    59 0.84 -
Pdum_DN87680_c1_g3_i1:3327-4124  -            266 435253at33208        -            329   4.2e-19   66.7   4.5   2   5   4.5e-05    0.0024   14.9   0.1    83   116    64    97    55   109 0.84 -
Pdum_DN87680_c1_g3_i1:3327-4124  -            266 435253at33208        -            329   4.2e-19   66.7   4.5   3   5     4e-07   2.1e-05   21.7   0.4    84   137   105   167   101   175 0.79 -
Pdum_DN87680_c1_g3_i1:3327-4124  -            266 435253at33208        -            329   4.2e-19   66.7   4.5   4   5       0.1       5.4    3.9   0.1     2    31   152   182   151   183 0.78 -
Pdum_DN87680_c1_g3_i1:3327-4124  -            266 435253at33208        -            329   4.2e-19   66.7   4.5   5   5   4.6e-05    0.0024   14.9   0.0    84   131   209   265   201   266 0.79 -
Pdum_DN82012_c2_g2_i1:484-1302   -            273 435253at33208        -            329   1.1e-14   52.1   4.7   1   6   6.4e-05    0.0034   14.4   0.1    83   115    16    50     6    57 0.78 -
Pdum_DN82012_c2_g2_i1:484-1302   -            273 435253at33208        -            329   1.1e-14   52.1   4.7   2   6    0.0085      0.45    7.4   0.0    85   113    58    88    55    93 0.84 -
Pdum_DN82012_c2_g2_i1:484-1302   -            273 435253at33208        -            329   1.1e-14   52.1   4.7   3   6    0.0046      0.25    8.3   0.0    90   113   105   128    95   135 0.87 -
Pdum_DN82012_c2_g2_i1:484-1302   -            273 435253at33208        -            329   1.1e-14   52.1   4.7   4   6    0.0074      0.39    7.6   0.0    89   111   144   166   135   175 0.84 -
Pdum_DN82012_c2_g2_i1:484-1302   -            273 435253at33208        -            329   1.1e-14   52.1   4.7   5   6   0.00071     0.038   11.0   0.1    86   130   181   233   174   236 0.77 -
Pdum_DN82012_c2_g2_i1:484-1302   -            273 435253at33208        -            329   1.1e-14   52.1   4.7   6   6      0.37        19    2.1   0.0     2    19   225   242   224   247 0.82 -
Pdum_DN90586_c2_g3_i4:2166-2804  -            213 435253at33208        -            329   3.7e-14   50.4   0.1   1   4    0.0064      0.34    7.8   0.0    88   120    31    63     2    69 0.80 -
Pdum_DN90586_c2_g3_i4:2166-2804  -            213 435253at33208        -            329   3.7e-14   50.4   0.1   2   4   0.00012    0.0061   13.6   0.0    86   113    71    98    59   102 0.82 -
Pdum_DN90586_c2_g3_i4:2166-2804  -            213 435253at33208        -            329   3.7e-14   50.4   0.1   3   4   0.00073     0.038   10.9   0.0    89   114   116   141   108   147 0.87 -
Pdum_DN90586_c2_g3_i4:2166-2804  -            213 435253at33208        -            329   3.7e-14   50.4   0.1   4   4   0.00013    0.0066   13.4   0.0    85   130   152   206   149   209 0.80 -
Pdum_DN80129_c0_g2_i7:710-1570   -            287 435253at33208        -            329   8.3e-13   46.0   4.1   1   5      0.59        31    1.4   0.0    86   114    24    52    18    63 0.85 -
Pdum_DN80129_c0_g2_i7:710-1570   -            287 435253at33208        -            329   8.3e-13   46.0   4.1   2   5    0.0014     0.073   10.0   0.1    79   112    59    92    50    98 0.80 -
Pdum_DN80129_c0_g2_i7:710-1570   -            287 435253at33208        -            329   8.3e-13   46.0   4.1   3   5    0.0041      0.22    8.5   0.0    75   115    97   137    92   167 0.77 -
Pdum_DN80129_c0_g2_i7:710-1570   -            287 435253at33208        -            329   8.3e-13   46.0   4.1   4   5   0.00024     0.013   12.5   0.0    88   111   195   218   185   228 0.83 -
Pdum_DN80129_c0_g2_i7:710-1570   -            287 435253at33208        -            329   8.3e-13   46.0   4.1   5   5    0.0012     0.066   10.2   0.1    88   112   240   264   227   268 0.82 -
Pdum_DN77740_c0_g3_i3:100-1476   -            459 435253at33208        -            329   8.4e-13   46.0   1.9   1   4   0.00014    0.0076   13.3   0.0    86   118   168   200   165   203 0.94 -
Pdum_DN77740_c0_g3_i3:100-1476   -            459 435253at33208        -            329   8.4e-13   46.0   1.9   2   4   0.00036     0.019   11.9   0.1    88   112   212   236   205   241 0.89 -
Pdum_DN77740_c0_g3_i3:100-1476   -            459 435253at33208        -            329   8.4e-13   46.0   1.9   3   4   0.00015    0.0082   13.1   0.0    83   120   247   286   241   310 0.67 -
Pdum_DN77740_c0_g3_i3:100-1476   -            459 435253at33208        -            329   8.4e-13   46.0   1.9   4   4      0.13       6.7    3.6   0.0    84   114   332   363   281   375 0.54 -
Pdum_DN75190_c1_g2_i8:1873-2820  -            316 435253at33208        -            329   1.3e-12   45.4   2.0   1   4   0.00015    0.0077   13.2   0.1    88   131    68   116    61   116 0.82 -
Pdum_DN75190_c1_g2_i8:1873-2820  -            316 435253at33208        -            329   1.3e-12   45.4   2.0   2   4   0.00047     0.025   11.5   0.1    86   132   106   157    99   163 0.77 -
Pdum_DN75190_c1_g2_i8:1873-2820  -            316 435253at33208        -            329   1.3e-12   45.4   2.0   3   4    0.0006     0.032   11.2   0.0    85   112   188   215   180   226 0.87 -
Pdum_DN75190_c1_g2_i8:1873-2820  -            316 435253at33208        -            329   1.3e-12   45.4   2.0   4   4    0.0014     0.075   10.0   0.0    86   134   229   282   218   286 0.75 -
Pdum_DN74150_c0_g1_i3:157-2955   -            933 435253at33208        -            329   2.4e-12   44.5  16.1   1   6    0.0017      0.09    9.7   0.2    35   116    19   114    15   145 0.58 -
Pdum_DN74150_c0_g1_i3:157-2955   -            933 435253at33208        -            329   2.4e-12   44.5  16.1   2   6   5.8e-06   0.00031   17.8   0.4    82   137   162   226    65   236 0.72 -
Pdum_DN74150_c0_g1_i3:157-2955   -            933 435253at33208        -            329   2.4e-12   44.5  16.1   3   6   0.00013    0.0068   13.4   0.1     5    70   428   497   424   575 0.78 -
Pdum_DN74150_c0_g1_i3:157-2955   -            933 435253at33208        -            329   2.4e-12   44.5  16.1   4   6         2   1.1e+02   -0.4   0.0    82   112   599   629   591   655 0.75 -
Pdum_DN74150_c0_g1_i3:157-2955   -            933 435253at33208        -            329   2.4e-12   44.5  16.1   5   6       1.9        99   -0.3   0.0    88   130   647   696   639   699 0.71 -
Pdum_DN74150_c0_g1_i3:157-2955   -            933 435253at33208        -            329   2.4e-12   44.5  16.1   6   6    0.0082      0.43    7.5   1.1   236   326   810   905   789   908 0.76 -
Pdum_DN88256_c0_g1_i4:512-2926   -            805 435253at33208        -            329   2.6e-12   44.3  19.0   1   6   1.3e-05   0.00068   16.7   1.7    51   136    70   177    50   177 0.67 -
Pdum_DN88256_c0_g1_i4:512-2926   -            805 435253at33208        -            329   2.6e-12   44.3  19.0   2   6    0.0016     0.083    9.8   0.4    84   131   158   214   149   230 0.82 -
Pdum_DN88256_c0_g1_i4:512-2926   -            805 435253at33208        -            329   2.6e-12   44.3  19.0   3   6      0.05       2.6    4.9   0.5    27   120   247   352   236   398 0.66 -
Pdum_DN88256_c0_g1_i4:512-2926   -            805 435253at33208        -            329   2.6e-12   44.3  19.0   4   6       1.5        81    0.0   0.0    88   112   502   526   491   536 0.82 -
Pdum_DN88256_c0_g1_i4:512-2926   -            805 435253at33208        -            329   2.6e-12   44.3  19.0   5   6   6.8e-05    0.0036   14.3   0.0    74   118   530   575   522   579 0.84 -
Pdum_DN88256_c0_g1_i4:512-2926   -            805 435253at33208        -            329   2.6e-12   44.3  19.0   6   6    0.0049      0.26    8.2   0.1    83   133   580   638   575   678 0.77 -
Pdum_DN78086_c1_g1_i5:2830-3705  -            292 435253at33208        -            329   1.1e-11   42.2   3.3   1   6     0.041       2.2    5.2   0.0    88   116    27    55    19    66 0.83 -
Pdum_DN78086_c1_g1_i5:2830-3705  -            292 435253at33208        -            329   1.1e-11   42.2   3.3   2   6    0.0056      0.29    8.0   0.0    88   112    70    94    64   100 0.90 -
Pdum_DN78086_c1_g1_i5:2830-3705  -            292 435253at33208        -            329   1.1e-11   42.2   3.3   3   6     0.016      0.82    6.6   0.0    82   114   106   138    95   149 0.79 -
Pdum_DN78086_c1_g1_i5:2830-3705  -            292 435253at33208        -            329   1.1e-11   42.2   3.3   4   6     0.008      0.42    7.5   0.1    88   114   154   180   143   188 0.84 -
Pdum_DN78086_c1_g1_i5:2830-3705  -            292 435253at33208        -            329   1.1e-11   42.2   3.3   5   6      0.37        20    2.0   0.0    86   112   194   220   181   230 0.83 -
Pdum_DN78086_c1_g1_i5:2830-3705  -            292 435253at33208        -            329   1.1e-11   42.2   3.3   6   6    0.0043      0.23    8.4   0.0    85   115   235   265   227   286 0.84 -
Pdum_DN89838_c3_g2_i15:954-1709  -            252 435253at33208        -            329   8.2e-11   39.4   7.5   1   4   9.4e-05     0.005   13.9   0.2    86   130     5    54     1    54 0.77 -
Pdum_DN89838_c3_g2_i15:954-1709  -            252 435253at33208        -            329   8.2e-11   39.4   7.5   2   4   5.6e-05     0.003   14.6   0.6    48   112    37   110    28   116 0.71 -
Pdum_DN89838_c3_g2_i15:954-1709  -            252 435253at33208        -            329   8.2e-11   39.4   7.5   3   4   0.00055     0.029   11.3   0.3    49   106    77   143    75   167 0.68 -
Pdum_DN89838_c3_g2_i15:954-1709  -            252 435253at33208        -            329   8.2e-11   39.4   7.5   4   4   7.7e-06   0.00041   17.4   0.3    50   137   117   223   110   229 0.72 -
Pdum_DN88147_c0_g1_i1:430-1308   -            293 435253at33208        -            329   1.2e-10   38.9   0.3   1   3    0.0017     0.091    9.7   0.0    84   113     1    30     1    47 0.88 -
Pdum_DN88147_c0_g1_i1:430-1308   -            293 435253at33208        -            329   1.2e-10   38.9   0.3   2   3   1.7e-07   9.2e-06   22.8   0.0     2   112    88   200    87   249 0.74 -
Pdum_DN88147_c0_g1_i1:430-1308   -            293 435253at33208        -            329   1.2e-10   38.9   0.3   3   3      0.17       8.9    3.2   0.0    32    50   253   271   217   273 0.70 -
Pdum_DN73138_c0_g1_i1:392-1264   -            291 435253at33208        -            329   3.5e-10   37.4   0.2   1   4    0.0076       0.4    7.6   0.0    82   112    25    55     4    64 0.85 -
Pdum_DN73138_c0_g1_i1:392-1264   -            291 435253at33208        -            329   3.5e-10   37.4   0.2   2   4   0.00078     0.041   10.8   0.0    88   114    73    99    58   123 0.84 -
Pdum_DN73138_c0_g1_i1:392-1264   -            291 435253at33208        -            329   3.5e-10   37.4   0.2   3   4   0.00022     0.011   12.7   0.0    34   116   133   223   113   250 0.59 -
Pdum_DN73138_c0_g1_i1:392-1264   -            291 435253at33208        -            329   3.5e-10   37.4   0.2   4   4      0.48        25    1.7   0.0    32    53   234   255   225   259 0.86 -
Pdum_DN85045_c0_g1_i5:248-835    -            196 435253at33208        -            329   4.2e-10   37.1   0.3   1   4      0.34        18    2.1   0.0    84   109    15    42    12    48 0.84 -
Pdum_DN85045_c0_g1_i5:248-835    -            196 435253at33208        -            329   4.2e-10   37.1   0.3   2   4     0.019         1    6.3   0.0    89   114    64    89    59    98 0.91 -
Pdum_DN85045_c0_g1_i5:248-835    -            196 435253at33208        -            329   4.2e-10   37.1   0.3   3   4     1e-06   5.3e-05   20.3   0.0    86   131   103   155    96   157 0.84 -
Pdum_DN85045_c0_g1_i5:248-835    -            196 435253at33208        -            329   4.2e-10   37.1   0.3   4   4    0.0014     0.074   10.0   0.0    87   117   146   176   139   195 0.86 -
Pdum_DN79110_c0_g1_i7:340-1365   -            342 435253at33208        -            329   9.5e-10   35.9   0.0   1   4       7.5     4e+02   -2.3   0.0   114   131    63    80    44    91 0.75 -
Pdum_DN79110_c0_g1_i7:340-1365   -            342 435253at33208        -            329   9.5e-10   35.9   0.0   2   4    0.0012     0.065   10.2   0.1    48   106   104   176    83   192 0.62 -
Pdum_DN79110_c0_g1_i7:340-1365   -            342 435253at33208        -            329   9.5e-10   35.9   0.0   3   4   9.4e-06    0.0005   17.1   0.0    52   147   151   265   146   280 0.67 -
Pdum_DN79110_c0_g1_i7:340-1365   -            342 435253at33208        -            329   9.5e-10   35.9   0.0   4   4     0.022       1.1    6.1   0.0    86   114   289   317   265   336 0.86 -
Pdum_DN83656_c0_g1_i2:2236-2991  -            252 435253at33208        -            329     1e-09   35.8   0.0   1   4    0.0038       0.2    8.6   0.0    88   121    27    60     5    64 0.84 -
Pdum_DN83656_c0_g1_i2:2236-2991  -            252 435253at33208        -            329     1e-09   35.8   0.0   2   4   0.00059     0.031   11.2   0.0    74   113    70   109    62   118 0.87 -
Pdum_DN83656_c0_g1_i2:2236-2991  -            252 435253at33208        -            329     1e-09   35.8   0.0   3   4     0.012      0.61    7.0   0.0    86   112   124   150   116   156 0.86 -
Pdum_DN83656_c0_g1_i2:2236-2991  -            252 435253at33208        -            329     1e-09   35.8   0.0   4   4     0.076         4    4.3   0.0    50   115   157   233   150   252 0.68 -
Pdum_DN80498_c1_g1_i1:1987-2589  -            201 435253at33208        -            329   1.9e-09   34.9   0.0   1   3   1.1e-05   0.00059   16.9   0.0    72   122     7    57     2    63 0.86 -
Pdum_DN80498_c1_g1_i1:1987-2589  -            201 435253at33208        -            329   1.9e-09   34.9   0.0   2   3   0.00039      0.02   11.8   0.0    86   114    65    93    62   101 0.91 -
Pdum_DN80498_c1_g1_i1:1987-2589  -            201 435253at33208        -            329   1.9e-09   34.9   0.0   3   3      0.24        13    2.7   0.0    90   113   155   178   141   191 0.73 -
Pdum_DN92078_c7_g2_i1:2888-3787  -            300 435253at33208        -            329   7.3e-09   33.0   6.1   1   5   1.8e-05   0.00094   16.2   0.1    89   131    17    65     9    66 0.82 -
Pdum_DN92078_c7_g2_i1:2888-3787  -            300 435253at33208        -            329   7.3e-09   33.0   6.1   2   5     0.013      0.66    6.9   0.1    84   130    51    99    43   114 0.80 -
Pdum_DN92078_c7_g2_i1:2888-3787  -            300 435253at33208        -            329   7.3e-09   33.0   6.1   3   5    0.0076       0.4    7.6   0.2    88   114   144   170    92   179 0.85 -
Pdum_DN92078_c7_g2_i1:2888-3787  -            300 435253at33208        -            329   7.3e-09   33.0   6.1   4   5    0.0056       0.3    8.0   0.1    90   129   188   234   176   250 0.73 -
Pdum_DN92078_c7_g2_i1:2888-3787  -            300 435253at33208        -            329   7.3e-09   33.0   6.1   5   5       4.5   2.4e+02   -1.5   0.0    33    56   265   288   264   293 0.83 -
Pdum_DN88766_c3_g2_i10:292-717   -            142 435253at33208        -            329   2.9e-08   31.1   0.2   1   3      0.45        24    1.8   0.0    90   115    14    40     5    46 0.73 -
Pdum_DN88766_c3_g2_i10:292-717   -            142 435253at33208        -            329   2.9e-08   31.1   0.2   2   3    0.0016     0.083    9.8   0.0    86   115    53    82    41    93 0.77 -
Pdum_DN88766_c3_g2_i10:292-717   -            142 435253at33208        -            329   2.9e-08   31.1   0.2   3   3     1e-05   0.00054   17.0   0.0    81   112    90   121    81   127 0.83 -
Pdum_DN89990_c3_g2_i4:936-1778   -            281 435253at33208        -            329     9e-08   29.4   1.3   1   2   0.00015    0.0081   13.2   0.0    78   114    48    84     7   108 0.83 -
Pdum_DN89990_c3_g2_i4:936-1778   -            281 435253at33208        -            329     9e-08   29.4   1.3   2   2    0.0014     0.072   10.0   0.4    59   118   190   262   139   281 0.69 -
Pdum_DN92425_c3_g2_i1:539-1228   -            230 435253at33208        -            329   2.1e-07   28.3   1.2   1   3    0.0075      0.39    7.6   0.0    84   114    20    52     8    60 0.83 -
Pdum_DN92425_c3_g2_i1:539-1228   -            230 435253at33208        -            329   2.1e-07   28.3   1.2   2   3     0.011      0.59    7.0   0.1    49    82    62    96    53   101 0.79 -
Pdum_DN92425_c3_g2_i1:539-1228   -            230 435253at33208        -            329   2.1e-07   28.3   1.2   3   3     1e-05   0.00055   17.0   0.8     3   110    72   177    70   213 0.78 -
Pdum_DN87134_c2_g1_i3:1621-2460  -            280 435253at33208        -            329   3.7e-07   27.4  10.7   1   4   0.00032     0.017   12.1   0.2    86   131    19    71    13    75 0.74 -
Pdum_DN87134_c2_g1_i3:1621-2460  -            280 435253at33208        -            329   3.7e-07   27.4  10.7   2   4     0.003      0.16    8.9   0.5    86   136    61   122    55   125 0.69 -
Pdum_DN87134_c2_g1_i3:1621-2460  -            280 435253at33208        -            329   3.7e-07   27.4  10.7   3   4    0.0045      0.24    8.3   0.1    88   130   109   156   101   157 0.74 -
Pdum_DN87134_c2_g1_i3:1621-2460  -            280 435253at33208        -            329   3.7e-07   27.4  10.7   4   4   0.00071     0.038   11.0   1.7     3   129   149   279   147   280 0.71 -
Pdum_DN92345_c8_g1_i1:3879-4793  -            305 435253at33208        -            329   4.6e-07   27.1   0.4   1   4     0.022       1.1    6.1   0.0    88   114    16    42     7    69 0.79 -
Pdum_DN92345_c8_g1_i1:3879-4793  -            305 435253at33208        -            329   4.6e-07   27.1   0.4   2   4       4.2   2.2e+02   -1.4   0.0    49    70    48    69    41    80 0.73 -
Pdum_DN92345_c8_g1_i1:3879-4793  -            305 435253at33208        -            329   4.6e-07   27.1   0.4   3   4      0.36        19    2.1   0.0    48    68   111   131   100   156 0.76 -
Pdum_DN92345_c8_g1_i1:3879-4793  -            305 435253at33208        -            329   4.6e-07   27.1   0.4   4   4   6.9e-05    0.0036   14.3   0.1    49   129   205   304   202   305 0.71 -
Pdum_DN72920_c0_g1_i5:770-1675   -            302 435253at33208        -            329   4.9e-07   27.0   6.2   1   4       1.7        89   -0.1   0.1    89   112    39    64    30    92 0.60 -
Pdum_DN72920_c0_g1_i5:770-1675   -            302 435253at33208        -            329   4.9e-07   27.0   6.2   2   4      0.12       6.6    3.6   0.0    89   145    83   131    69   154 0.68 -
Pdum_DN72920_c0_g1_i5:770-1675   -            302 435253at33208        -            329   4.9e-07   27.0   6.2   3   4    0.0013     0.068   10.1   0.1    32   113   159   233   146   248 0.78 -
Pdum_DN72920_c0_g1_i5:770-1675   -            302 435253at33208        -            329   4.9e-07   27.0   6.2   4   4   0.00041     0.021   11.8   0.3    86   115   248   277   239   301 0.75 -
Pdum_DN75190_c1_g2_i8:2335-2706  -            124 435253at33208        -            329   9.2e-07   26.1   0.5   1   2   0.00096     0.051   10.5   0.0    88   112    30    54    22    59 0.89 -
Pdum_DN75190_c1_g2_i8:2335-2706  -            124 435253at33208        -            329   9.2e-07   26.1   0.5   2   2   7.7e-05     0.004   14.1   0.1    86   131    68   118    57   123 0.77 -
Pdum_DN78854_c0_g1_i1:1579-2349  -            257 435253at33208        -            329   1.9e-06   25.1   6.6   1   5      0.34        18    2.2   0.3    88   131    24    74    12    83 0.65 -
Pdum_DN78854_c0_g1_i1:1579-2349  -            257 435253at33208        -            329   1.9e-06   25.1   6.6   2   5      0.14       7.4    3.4   0.4    85   113    63    91    37    98 0.77 -
Pdum_DN78854_c0_g1_i1:1579-2349  -            257 435253at33208        -            329   1.9e-06   25.1   6.6   3   5    0.0028      0.15    9.0   0.0    84   113   102   133    93   141 0.81 -
Pdum_DN78854_c0_g1_i1:1579-2349  -            257 435253at33208        -            329   1.9e-06   25.1   6.6   4   5   0.00026     0.014   12.4   0.1    86   119   148   181   141   201 0.78 -
Pdum_DN78854_c0_g1_i1:1579-2349  -            257 435253at33208        -            329   1.9e-06   25.1   6.6   5   5      0.86        45    0.8   0.0    85   123   187   235   178   247 0.61 -
Pdum_DN90273_c4_g1_i2:3537-4052  -            172 435253at33208        -            329   2.2e-06   24.9   0.7   1   3      0.16       8.5    3.2   0.0    90   116    32    58    22    64 0.86 -
Pdum_DN90273_c4_g1_i2:3537-4052  -            172 435253at33208        -            329   2.2e-06   24.9   0.7   2   3     0.017      0.89    6.4   0.0    89   116    73   100    61   105 0.85 -
Pdum_DN90273_c4_g1_i2:3537-4052  -            172 435253at33208        -            329   2.2e-06   24.9   0.7   3   3   0.00028     0.015   12.3   0.3    88   131   114   164   102   169 0.78 -
Pdum_DN92785_c3_g1_i2:3114-4076  -            321 435253at33208        -            329   2.3e-06   24.8   0.2   1   1   3.9e-07   2.1e-05   21.7   0.2    80   118   260   298   182   318 0.68 -
Pdum_DN84814_c0_g2_i1:1505-2083  -            193 435253at33208        -            329   2.8e-06   24.5   0.4   1   2   0.00036     0.019   12.0   0.3    88   114    57    83    14   137 0.74 -
Pdum_DN84814_c0_g2_i1:1505-2083  -            193 435253at33208        -            329   2.8e-06   24.5   0.4   2   2    0.0036      0.19    8.7   0.0    90   130   143   190   133   192 0.76 -
Pdum_DN78454_c0_g1_i4:576-2111   -            512 435253at33208        -            329   3.2e-06   24.4   0.5   1   1   2.6e-07   1.4e-05   22.3   0.5    28   137   269   383   233   388 0.69 -
Pdum_DN63925_c0_g1_i1:119-1006   -            296 435253at33208        -            329   3.4e-06   24.3   2.8   1   3     0.013      0.68    6.8   0.1    33   114     3    82     1    91 0.76 -
Pdum_DN63925_c0_g1_i1:119-1006   -            296 435253at33208        -            329   3.4e-06   24.3   2.8   2   3   0.00093     0.049   10.6   0.0    89   136    98   152    90   156 0.80 -
Pdum_DN63925_c0_g1_i1:119-1006   -            296 435253at33208        -            329   3.4e-06   24.3   2.8   3   3     0.057         3    4.7   0.2     3   100   179   276   177   288 0.70 -
Pdum_DN76828_c2_g1_i1:4967-5695  -            243 435253at33208        -            329   8.3e-06   23.0   0.0   1   2   0.00015    0.0082   13.1   0.0    86   118    64    96    58   103 0.88 -
Pdum_DN76828_c2_g1_i1:4967-5695  -            243 435253at33208        -            329   8.3e-06   23.0   0.0   2   2    0.0095       0.5    7.3   0.0    89   114   109   134    99   141 0.88 -
Pdum_DN90064_c4_g2_i4:2740-4161  -            474 435253at33208        -            329   1.2e-05   22.4   2.7   1   2      0.12       6.1    3.7   0.1    81   115   156   190   137   224 0.81 -
Pdum_DN90064_c4_g2_i4:2740-4161  -            474 435253at33208        -            329   1.2e-05   22.4   2.7   2   2   1.4e-05   0.00076   16.5   0.4    47   131   287   380   281   390 0.75 -
Pdum_DN66770_c0_g1_i1:157-1065   -            303 435253at33208        -            329   1.3e-05   22.4   4.2   1   4    0.0013     0.069   10.1   0.6    61   117     6    65     3    86 0.64 -
Pdum_DN66770_c0_g1_i1:157-1065   -            303 435253at33208        -            329   1.3e-05   22.4   4.2   2   4      0.89        47    0.8   0.0    89   107    79    97    70   101 0.85 -
Pdum_DN66770_c0_g1_i1:157-1065   -            303 435253at33208        -            329   1.3e-05   22.4   4.2   3   4      0.01      0.53    7.2   0.0    86   116   120   150   110   173 0.73 -
Pdum_DN66770_c0_g1_i1:157-1065   -            303 435253at33208        -            329   1.3e-05   22.4   4.2   4   4      0.23        12    2.7   0.0    88   109   254   275   241   283 0.70 -
Pdum_DN85879_c0_g1_i1:230-808    -            193 435253at33208        -            329   1.3e-05   22.3   0.1   1   3     0.017       0.9    6.4   0.0    87   130    11    61     4    69 0.76 -
Pdum_DN85879_c0_g1_i1:230-808    -            193 435253at33208        -            329   1.3e-05   22.3   0.1   2   3      0.42        22    1.9   0.0    86   115    52    81    41   118 0.67 -
Pdum_DN85879_c0_g1_i1:230-808    -            193 435253at33208        -            329   1.3e-05   22.3   0.1   3   3   0.00024     0.013   12.5   0.0    89   129   146   193   140   193 0.77 -
Pdum_DN71389_c1_g2_i1:359-1099   -            247 435253at33208        -            329   1.4e-05   22.2   5.6   1   3   1.9e-05     0.001   16.1   0.4    90   131    79   127    18   137 0.82 -
Pdum_DN71389_c1_g2_i1:359-1099   -            247 435253at33208        -            329   1.4e-05   22.2   5.6   2   3     0.058         3    4.7   1.1    74   118   150   196   130   216 0.76 -
Pdum_DN71389_c1_g2_i1:359-1099   -            247 435253at33208        -            329   1.4e-05   22.2   5.6   3   3      0.43        23    1.8   0.0    89   107   209   227   202   234 0.84 -
Pdum_DN80927_c0_g1_i1:489-1964   -            492 435253at33208        -            329   1.7e-05   22.0   2.3   1   3     0.011      0.59    7.0   0.6     3   130   224   355   222   356 0.65 -
Pdum_DN80927_c0_g1_i1:489-1964   -            492 435253at33208        -            329   1.7e-05   22.0   2.3   2   3     0.065       3.5    4.5   0.0    74   112   334   372   331   379 0.86 -
Pdum_DN80927_c0_g1_i1:489-1964   -            492 435253at33208        -            329   1.7e-05   22.0   2.3   3   3    0.0013      0.07   10.1   0.0    83   131   392   449   385   466 0.72 -
Pdum_DN84582_c3_g1_i1:332-1036   -            235 435253at33208        -            329   2.4e-05   21.5   0.3   1   1   3.7e-05     0.002   15.2   0.3     2   111    43   151    42   192 0.68 -
Pdum_DN90079_c2_g2_i8:1469-1858  -            130 435253at33208        -            329   2.7e-05   21.3   0.0   1   2     2e-05     0.001   16.1   0.0    81   113    43    75    34    92 0.83 -
Pdum_DN90079_c2_g2_i8:1469-1858  -            130 435253at33208        -            329   2.7e-05   21.3   0.0   2   2      0.16       8.2    3.3   0.0    92   113    98   119    87   122 0.88 -
Pdum_DN91072_c6_g2_i4:11-988     -            326 435253at33208        -            329   3.2e-05   21.1   1.7   1   3    0.0034      0.18    8.8   0.8    50   130    43   145    40   160 0.66 -
Pdum_DN91072_c6_g2_i4:11-988     -            326 435253at33208        -            329   3.2e-05   21.1   1.7   2   3     0.002       0.1    9.5   0.0    82   118   183   219   140   239 0.77 -
Pdum_DN91072_c6_g2_i4:11-988     -            326 435253at33208        -            329   3.2e-05   21.1   1.7   3   3       1.5        81    0.0   0.0    87   109   230   252   220   258 0.68 -
Pdum_DN73504_c1_g7_i2:375-1772   -            466 435253at33208        -            329   3.2e-05   21.0   4.3   1   4      0.36        19    2.1   0.1    49    71   153   176   147   180 0.84 -
Pdum_DN73504_c1_g7_i2:375-1772   -            466 435253at33208        -            329   3.2e-05   21.0   4.3   2   4   5.1e-05    0.0027   14.7   0.1    89   131   217   266   208   266 0.78 -
Pdum_DN73504_c1_g7_i2:375-1772   -            466 435253at33208        -            329   3.2e-05   21.0   4.3   3   4    0.0043      0.23    8.4   0.1    86   131   256   308   247   314 0.69 -
Pdum_DN73504_c1_g7_i2:375-1772   -            466 435253at33208        -            329   3.2e-05   21.0   4.3   4   4       2.9   1.5e+02   -0.9   0.0    89   144   341   399   316   403 0.59 -
Pdum_DN83800_c0_g2_i3:14-562     -            183 435253at33208        -            329   3.4e-05   21.0   0.2   1   2   3.5e-05    0.0018   15.3   0.1    84   131    76   131    73   131 0.79 -
Pdum_DN83800_c0_g2_i3:14-562     -            183 435253at33208        -            329   3.4e-05   21.0   0.2   2   2    0.0076       0.4    7.6   0.0    86   114   121   149   111   175 0.70 -
Pdum_DN75894_c0_g1_i3:333-1052   -            240 435253at33208        -            329   4.5e-05   20.6   0.4   1   2      0.14       7.4    3.4   0.0    90   114    45    69    38    83 0.85 -
Pdum_DN75894_c0_g1_i3:333-1052   -            240 435253at33208        -            329   4.5e-05   20.6   0.4   2   2     5e-05    0.0026   14.8   0.0     2    79    85   172    84   185 0.84 -
Pdum_DN87078_c1_g1_i1:1858-2604  -            249 435253at33208        -            329   0.00011   19.3   0.3   1   2     0.012      0.63    6.9   0.0    31   107   106   177    85   183 0.72 -
Pdum_DN87078_c1_g1_i1:1858-2604  -            249 435253at33208        -            329   0.00011   19.3   0.3   2   2    0.0013     0.069   10.1   0.1    73   113   185   225   178   249 0.79 -
Pdum_DN65740_c0_g1_i1:159-803    -            215 435253at33208        -            329   0.00012   19.2   0.8   1   2    0.0043      0.23    8.4   0.2    77   131     8    70     3    89 0.82 -
Pdum_DN65740_c0_g1_i1:159-803    -            215 435253at33208        -            329   0.00012   19.2   0.8   2   2     0.002      0.11    9.5   0.0    85   117   164   196   127   215 0.77 -
Pdum_DN80990_c0_g1_i2:150-1607   -            486 435253at33208        -            329   0.00013   19.1   1.2   1   3    0.0013     0.066   10.2   0.1    81   114   265   298   250   311 0.83 -
Pdum_DN80990_c0_g1_i2:150-1607   -            486 435253at33208        -            329   0.00013   19.1   1.2   2   3     0.066       3.5    4.5   0.1    57   121   326   391   308   407 0.85 -
Pdum_DN80990_c0_g1_i2:150-1607   -            486 435253at33208        -            329   0.00013   19.1   1.2   3   3      0.29        15    2.4   0.1    82   103   394   415   389   440 0.83 -
Pdum_DN88892_c3_g1_i1:2670-3179  -            170 435253at33208        -            329   0.00018   18.6   2.3   1   1   1.9e-05     0.001   16.1   2.3     3   131    15   151    13   166 0.71 -
Pdum_DN82224_c0_g1_i1:2783-3526  -            248 435253at33208        -            329   0.00027   18.0   0.1   1   2   3.2e-05    0.0017   15.4   0.0    82   130    22    76     2    86 0.79 -
Pdum_DN82224_c0_g1_i1:2783-3526  -            248 435253at33208        -            329   0.00027   18.0   0.1   2   2       2.4   1.2e+02   -0.6   0.0     3    98   139   149   125   162 0.62 -
Pdum_DN73439_c0_g1_i2:1041-1721  -            227 435253at33208        -            329   0.00029   17.9   0.7   1   3   0.00028     0.015   12.3   0.1    82   115    65   100    10   122 0.68 -
Pdum_DN73439_c0_g1_i2:1041-1721  -            227 435253at33208        -            329   0.00029   17.9   0.7   2   3      0.35        19    2.1   0.0    89   105   114   132   107   135 0.76 -
Pdum_DN73439_c0_g1_i2:1041-1721  -            227 435253at33208        -            329   0.00029   17.9   0.7   3   3       3.1   1.6e+02   -1.0   0.0    26    47   204   226   188   227 0.74 -
Pdum_DN73512_c4_g2_i3:726-1661   -            312 435253at33208        -            329   0.00032   17.8   0.0   1   2      0.32        17    2.3   0.0    84   118   116   153    75   162 0.60 -
Pdum_DN73512_c4_g2_i3:726-1661   -            312 435253at33208        -            329   0.00032   17.8   0.0   2   2   0.00023     0.012   12.5   0.0     2   132   164   297   163   302 0.79 -
Pdum_DN76096_c0_g1_i2:374-1027   -            218 435253at33208        -            329   0.00034   17.7   1.2   1   2    0.0079      0.42    7.5   0.1    89   137     2    57     1    91 0.76 -
Pdum_DN76096_c0_g1_i2:374-1027   -            218 435253at33208        -            329   0.00034   17.7   1.2   2   2    0.0021      0.11    9.4   0.1     3   105    98   210    96   218 0.80 -
Pdum_DN83552_c2_g1_i4:337-1659   -            441 435253at33208        -            329   0.00047   17.2   1.9   1   2   3.8e-05     0.002   15.2   0.1    70   113    67   112    61   141 0.78 -
Pdum_DN83552_c2_g1_i4:337-1659   -            441 435253at33208        -            329   0.00047   17.2   1.9   2   2         1        54    0.6   0.0    50    81   120   152   115   229 0.77 -
Pdum_DN91578_c1_g1_i1:293-997    -            235 435253at33208        -            329   0.00056   17.0   0.3   1   3       6.9   3.6e+02   -2.1   0.1    32    57     6    33     5    49 0.71 -
Pdum_DN91578_c1_g1_i1:293-997    -            235 435253at33208        -            329   0.00056   17.0   0.3   2   3       0.4        21    1.9   0.0    76   117   125   166   113   171 0.82 -
Pdum_DN91578_c1_g1_i1:293-997    -            235 435253at33208        -            329   0.00056   17.0   0.3   3   3   0.00029     0.015   12.3   0.0    88   131   180   228   172   231 0.79 -
Pdum_DN84981_c0_g1_i4:2535-3476  -            314 435253at33208        -            329   0.00065   16.8   0.2   1   3   0.00021     0.011   12.7   0.0    83   115    81   113    40   163 0.83 -
Pdum_DN84981_c0_g1_i4:2535-3476  -            314 435253at33208        -            329   0.00065   16.8   0.2   2   3       6.6   3.5e+02   -2.1   0.0    40    72   151   184   146   189 0.67 -
Pdum_DN84981_c0_g1_i4:2535-3476  -            314 435253at33208        -            329   0.00065   16.8   0.2   3   3       1.9        98   -0.3   0.0    89   103   216   230   202   245 0.79 -
Pdum_DN83588_c0_g2_i13:1452-2396 -            315 435253at33208        -            329   0.00081   16.4   0.1   1   4      0.18       9.5    3.1   0.0    79   118    10    51     4    82 0.78 -
Pdum_DN83588_c0_g2_i13:1452-2396 -            315 435253at33208        -            329   0.00081   16.4   0.1   2   4     0.027       1.4    5.8   0.0    88   116   106   134    53   156 0.79 -
Pdum_DN83588_c0_g2_i13:1452-2396 -            315 435253at33208        -            329   0.00081   16.4   0.1   3   4       4.6   2.4e+02   -1.6   0.0   110   130   193   213   183   226 0.63 -
Pdum_DN83588_c0_g2_i13:1452-2396 -            315 435253at33208        -            329   0.00081   16.4   0.1   4   4      0.25        13    2.6   0.0    85   131   262   315   256   315 0.74 -
Pdum_DN84002_c0_g1_i8:796-1551   -            252 435253at33208        -            329    0.0015   15.6   0.1   1   1   8.6e-05    0.0046   14.0   0.1    82   147    59   118    42   125 0.78 -
Pdum_DN67795_c0_g1_i2:1517-2137  -            207 435253at33208        -            329    0.0016   15.5   0.0   1   3      0.87        46    0.8   0.0    88   113    24    49    16    74 0.66 -
Pdum_DN67795_c0_g1_i2:1517-2137  -            207 435253at33208        -            329    0.0016   15.5   0.0   2   3      0.88        47    0.8   0.1     2    31    65    95    64    98 0.66 -
Pdum_DN67795_c0_g1_i2:1517-2137  -            207 435253at33208        -            329    0.0016   15.5   0.0   3   3    0.0023      0.12    9.3   0.0    90   115   155   180   150   197 0.89 -
Pdum_DN79208_c0_g1_i2:96-1031    -            312 435253at33208        -            329    0.0017   15.4   0.1   1   3      0.51        27    1.6   0.0   113   139     6    32     2    39 0.84 -
Pdum_DN79208_c0_g1_i2:96-1031    -            312 435253at33208        -            329    0.0017   15.4   0.1   2   3      0.44        23    1.8   0.0     2    49   100   154    99   158 0.70 -
Pdum_DN79208_c0_g1_i2:96-1031    -            312 435253at33208        -            329    0.0017   15.4   0.1   3   3     0.008      0.42    7.5   0.0    84   112   275   303   252   308 0.82 -
Pdum_DN74356_c1_g1_i1:377-1456   -            360 435253at33208        -            329    0.0018   15.3   1.6   1   4       4.2   2.2e+02   -1.4   0.0   113   133    15    34    11    44 0.76 -
Pdum_DN74356_c1_g1_i1:377-1456   -            360 435253at33208        -            329    0.0018   15.3   1.6   2   4      0.26        14    2.5   0.0    86   114    64    92    47   123 0.86 -
Pdum_DN74356_c1_g1_i1:377-1456   -            360 435253at33208        -            329    0.0018   15.3   1.6   3   4       8.7   4.6e+02   -2.5   0.1     2    16   205   219   204   224 0.87 -
Pdum_DN74356_c1_g1_i1:377-1456   -            360 435253at33208        -            329    0.0018   15.3   1.6   4   4    0.0016     0.083    9.8   0.1    83   131   260   316   243   326 0.77 -
Pdum_DN86525_c0_g1_i1:704-1231   -            176 435253at33208        -            329     0.002   15.2   1.0   1   3    0.0003     0.016   12.2   0.2    88   114     3    29     1    35 0.87 -
Pdum_DN86525_c0_g1_i1:704-1231   -            176 435253at33208        -            329     0.002   15.2   1.0   2   3       1.8        98   -0.3   0.0    73   112    73   114    65   124 0.65 -
Pdum_DN86525_c0_g1_i1:704-1231   -            176 435253at33208        -            329     0.002   15.2   1.0   3   3       6.6   3.5e+02   -2.1   0.0    88   109   133   154   125   157 0.58 -
Pdum_DN86522_c0_g3_i4:534-1520   -            329 435253at33208        -            329    0.0026   14.8   8.3   1   4       1.1        60    0.4   0.0    92   117    26    51    14    59 0.77 -
Pdum_DN86522_c0_g3_i4:534-1520   -            329 435253at33208        -            329    0.0026   14.8   8.3   2   4      0.85        45    0.9   0.6     3    51    64   116    62   123 0.78 -
Pdum_DN86522_c0_g3_i4:534-1520   -            329 435253at33208        -            329    0.0026   14.8   8.3   3   4     0.092       4.9    4.0   0.1    91   111   148   168   143   208 0.87 -
Pdum_DN86522_c0_g3_i4:534-1520   -            329 435253at33208        -            329    0.0026   14.8   8.3   4   4   0.00057      0.03   11.3   0.0    32   112   230   302   199   314 0.90 -
Pdum_DN87178_c0_g1_i10:2619-3539 -            307 435253at33208        -            329    0.0027   14.7   1.0   1   4       6.2   3.3e+02   -2.0   0.0    87    99     9    23     4    34 0.58 -
Pdum_DN87178_c0_g1_i10:2619-3539 -            307 435253at33208        -            329    0.0027   14.7   1.0   2   4       7.5   3.9e+02   -2.3   0.0    49    71    55    78    41    98 0.72 -
Pdum_DN87178_c0_g1_i10:2619-3539 -            307 435253at33208        -            329    0.0027   14.7   1.0   3   4      0.49        26    1.6   0.0    81   114   206   239   158   245 0.71 -
Pdum_DN87178_c0_g1_i10:2619-3539 -            307 435253at33208        -            329    0.0027   14.7   1.0   4   4    0.0018     0.093    9.7   0.0    83   114   248   281   246   292 0.83 -
Pdum_DN83588_c0_g2_i13:1293-2279 -            329 435253at33208        -            329    0.0034   14.4   0.0   1   3      0.03       1.6    5.6   0.0    88   116    67    95    17   117 0.79 -
Pdum_DN83588_c0_g2_i13:1293-2279 -            329 435253at33208        -            329    0.0034   14.4   0.0   2   3         5   2.7e+02   -1.7   0.0   111   130   155   174   144   186 0.63 -
Pdum_DN83588_c0_g2_i13:1293-2279 -            329 435253at33208        -            329    0.0034   14.4   0.0   3   3     0.048       2.5    5.0   0.0    85   132   223   277   217   288 0.79 -
Pdum_DN84894_c0_g1_i9:97-867     -            257 435253at33208        -            329    0.0036   14.3   0.0   1   3      0.55        29    1.5   0.0    90   109    39    58    31    64 0.85 -
Pdum_DN84894_c0_g1_i9:97-867     -            257 435253at33208        -            329    0.0036   14.3   0.0   2   3       1.6        82   -0.0   0.0    91   113    83   105    79   112 0.84 -
Pdum_DN84894_c0_g1_i9:97-867     -            257 435253at33208        -            329    0.0036   14.3   0.0   3   3     0.014      0.74    6.7   0.0    31   112   156   188   121   257 0.57 -
Pdum_DN85054_c1_g3_i7:3145-3996  -            284 435253at33208        -            329    0.0053   13.8   0.4   1   3       1.3        71    0.2   0.0    90   113    28    55    19    68 0.69 -
Pdum_DN85054_c1_g3_i7:3145-3996  -            284 435253at33208        -            329    0.0053   13.8   0.4   2   3    0.0015     0.081    9.9   0.2    80   130   189   249   180   252 0.73 -
Pdum_DN85054_c1_g3_i7:3145-3996  -            284 435253at33208        -            329    0.0053   13.8   0.4   3   3      0.93        49    0.7   0.0    89   113   243   267   228   269 0.81 -
Pdum_DN90616_c3_g1_i1:602-1432   -            277 435253at33208        -            329    0.0054   13.7   0.1   1   2    0.0012     0.063   10.2   0.0    84   117     6    41     4    49 0.87 -
Pdum_DN90616_c3_g1_i1:602-1432   -            277 435253at33208        -            329    0.0054   13.7   0.1   2   2      0.79        42    1.0   0.0     2    49    68   120    60   132 0.58 -
Pdum_DN92312_c5_g1_i1:3890-4381  -            164 435253at33208        -            329    0.0061   13.6   0.0   1   2    0.0032      0.17    8.8   0.0    85   143    31    89    27   113 0.72 -
Pdum_DN92312_c5_g1_i1:3890-4381  -            164 435253at33208        -            329    0.0061   13.6   0.0   2   2      0.17       9.1    3.1   0.1    30    52   117   139   100   152 0.81 -
Pdum_DN76013_c0_g1_i3:463-1068   -            202 435253at33208        -            329     0.014   12.4   1.4   1   3    0.0039      0.21    8.5   0.3     2    62    24    97    23   108 0.64 -
Pdum_DN76013_c0_g1_i3:463-1068   -            202 435253at33208        -            329     0.014   12.4   1.4   2   3    0.0051      0.27    8.2   0.1    84   131    67   123    46   131 0.77 -
Pdum_DN76013_c0_g1_i3:463-1068   -            202 435253at33208        -            329     0.014   12.4   1.4   3   3       1.4        72    0.2   0.0   114   133   163   182   142   189 0.69 -
Pdum_DN78364_c0_g2_i1:5-400      -            132 435253at33208        -            329     0.016   12.2   0.0   1   2       1.5        79    0.1   0.0    84   106    54    76    40    81 0.82 -
Pdum_DN78364_c0_g2_i1:5-400      -            132 435253at33208        -            329     0.016   12.2   0.0   2   2    0.0015     0.082    9.9   0.0    89   114   101   126    89   131 0.82 -
Pdum_DN83655_c1_g1_i2:238-2439   -            734 435253at33208        -            329     0.017   12.1   0.6   1   5     0.035       1.9    5.4   0.0    86   117    27    58    14    68 0.85 -
Pdum_DN83655_c1_g1_i2:238-2439   -            734 435253at33208        -            329     0.017   12.1   0.6   2   5       1.8        93   -0.2   0.0    52    75    66    89    62    94 0.85 -
Pdum_DN83655_c1_g1_i2:238-2439   -            734 435253at33208        -            329     0.017   12.1   0.6   3   5       3.2   1.7e+02   -1.0   0.0     6    51   167   219   164   224 0.60 -
Pdum_DN83655_c1_g1_i2:238-2439   -            734 435253at33208        -            329     0.017   12.1   0.6   4   5       4.2   2.2e+02   -1.4   0.1   115   134   545   564   509   575 0.62 -
Pdum_DN83655_c1_g1_i2:238-2439   -            734 435253at33208        -            329     0.017   12.1   0.6   5   5       2.4   1.3e+02   -0.6   0.0     4    53   554   606   551   613 0.55 -
Pdum_DN84241_c0_g1_i1:2776-3423  -            216 435253at33208        -            329     0.023   11.7   1.5   1   1    0.0024      0.13    9.2   1.5    66   113    96   144    30   155 0.64 -
Pdum_DN89089_c3_g1_i2:1021-1773  -            251 435253at33208        -            329     0.023   11.7   0.1   1   2       1.3        67    0.3   0.0    33   113    17   100     2   130 0.48 -
Pdum_DN89089_c3_g1_i2:1021-1773  -            251 435253at33208        -            329     0.023   11.7   0.1   2   2    0.0025      0.13    9.2   0.0    89   119   161   191   152   207 0.83 -
Pdum_DN74254_c0_g1_i10:1266-1853 -            196 435253at33208        -            329     0.038   11.0   1.1   1   2    0.0055      0.29    8.1   0.1    25    59    11    47     5    60 0.78 -
Pdum_DN74254_c0_g1_i10:1266-1853 -            196 435253at33208        -            329     0.038   11.0   1.1   2   2      0.49        26    1.6   0.1    93   108   154   169   103   179 0.62 -
Pdum_DN71445_c0_g2_i2:766-1509   -            248 435253at33208        -            329      0.04   10.9   0.1   1   2      0.52        27    1.6   0.1    86   113    49    75    38    82 0.76 -
Pdum_DN71445_c0_g2_i2:766-1509   -            248 435253at33208        -            329      0.04   10.9   0.1   2   2     0.014      0.72    6.8   0.0     3    49    94   143    92   152 0.83 -
Pdum_DN92880_c2_g1_i2:4337-5176  -            280 435253at33208        -            329     0.046   10.7   0.4   1   1     0.012      0.64    6.9   0.1    81   110   206   236   154   271 0.46 -
Pdum_DN79406_c0_g1_i1:209-1183   -            325 435253at33208        -            329     0.092    9.7   2.1   1   4      0.25        13    2.6   0.2    49    60    21    32     8    91 0.74 -
Pdum_DN79406_c0_g1_i1:209-1183   -            325 435253at33208        -            329     0.092    9.7   2.1   2   4      0.15       7.8    3.4   0.2     2    50    72   115    71   131 0.87 -
Pdum_DN79406_c0_g1_i1:209-1183   -            325 435253at33208        -            329     0.092    9.7   2.1   3   4       2.1   1.1e+02   -0.5   0.0    79    79   198   198   146   230 0.51 -
Pdum_DN79406_c0_g1_i1:209-1183   -            325 435253at33208        -            329     0.092    9.7   2.1   4   4      0.91        48    0.8   0.0   130   165   201   236   190   254 0.85 -
#
# Program:         hmmsearch
# Version:         3.1b2 (February 2015)
# Pipeline mode:   SEARCH
# Query file:      /mnt/f/phylo/WORMS/busco_analysis/busco_downloads/lineages/metazoa_odb10/hmms/435253at33208.hmm
# Target file:     /mnt/f/phylo/WORMS/busco_analysis/metazoa_lineage_result/run_metazoa_odb10/metaeuk_output/initial_results/Platynereis_ref.eggnog_filter.nucl.fasta.modified.fas
# Option settings: hmmsearch --domtblout /mnt/f/phylo/WORMS/busco_analysis/metazoa_lineage_result/run_metazoa_odb10/hmmer_output/initial_run_results/435253at33208.out --cpu 1 /mnt/f/phylo/WORMS/busco_analysis/busco_downloads/lineages/metazoa_odb10/hmms/435253at33208.hmm /mnt/f/phylo/WORMS/busco_analysis/metazoa_lineage_result/run_metazoa_odb10/metaeuk_output/initial_results/Platynereis_ref.eggnog_filter.nucl.fasta.modified.fas 
# Current dir:     /mnt/f/phylo/WORMS/busco_analysis
# Date:            Sun Mar 12 20:42:22 2023
# [ok]
