#                                                                                        --- full sequence --- -------------- this domain -------------   hmm coord   ali coord   env coord
# target name                    accession   tlen query name           accession   qlen   E-value  score  bias   #  of  c-Evalue  i-Evalue  score  bias  from    to  from    to  from    to  acc description of target
#            ------------------- ---------- ----- -------------------- ---------- ----- --------- ------ ----- --- --- --------- --------- ------ ----- ----- ----- ----- ----- ----- ----- ---- ---------------------
Pdum_DN90064_c4_g2_i4:2740-4161  -            474 439736at33208        -            369  1.1e-159  529.0  14.4   1   2     3e-47   7.9e-46  154.4   0.8    11   165    45   227    40   238 0.83 -
Pdum_DN90064_c4_g2_i4:2740-4161  -            474 439736at33208        -            369  1.1e-159  529.0  14.4   2   2  3.4e-115  8.8e-114  378.0   6.8   154   369   246   470   237   470 0.95 -
Pdum_DN78086_c1_g1_i5:2830-3705  -            292 439736at33208        -            369   5.4e-49  164.8   8.8   1   3     1e-06   2.7e-05   21.0   0.0   175   218     6    49     1    60 0.83 -
Pdum_DN78086_c1_g1_i5:2830-3705  -            292 439736at33208        -            369   5.4e-49  164.8   8.8   2   3   1.4e-31   3.7e-30  102.8   4.0    95   268    64   225    62   228 0.95 -
Pdum_DN78086_c1_g1_i5:2830-3705  -            292 439736at33208        -            369   5.4e-49  164.8   8.8   3   3   7.5e-13   1.9e-11   41.2   0.1   187   245   229   287   223   290 0.89 -
Pdum_DN80129_c0_g2_i7:710-1570   -            287 439736at33208        -            369   1.7e-47  159.9   9.2   1   3   2.4e-18   6.2e-17   59.3   0.9   119   247     2   119     1   121 0.91 -
Pdum_DN80129_c0_g2_i7:710-1570   -            287 439736at33208        -            369   1.7e-47  159.9   9.2   2   3     3e-29   7.9e-28   95.1   0.2    79   286    41   248    37   248 0.85 -
Pdum_DN80129_c0_g2_i7:710-1570   -            287 439736at33208        -            369   1.7e-47  159.9   9.2   3   3   1.2e-07   3.2e-06   24.0   0.1   180   235   224   279   205   286 0.85 -
Pdum_DN79110_c0_g1_i7:340-1365   -            342 439736at33208        -            369   1.1e-43  147.3   1.8   1   3   1.6e-18   4.2e-17   59.9   0.0   115   288    44   209    38   212 0.85 -
Pdum_DN79110_c0_g1_i7:340-1365   -            342 439736at33208        -            369   1.1e-43  147.3   1.8   2   3   3.3e-21   8.5e-20   68.7   0.6   100   287   114   300   113   303 0.83 -
Pdum_DN79110_c0_g1_i7:340-1365   -            342 439736at33208        -            369   1.1e-43  147.3   1.8   3   3   9.5e-10   2.5e-08   31.0   0.0    95   146   285   336   281   342 0.92 -
Pdum_DN88256_c0_g1_i4:512-2926   -            805 439736at33208        -            369   2.1e-38  129.9  32.0   1   5   6.1e-06   0.00016   18.5   0.4   201   286    39   128    34   131 0.87 -
Pdum_DN88256_c0_g1_i4:512-2926   -            805 439736at33208        -            369   2.1e-38  129.9  32.0   2   5   4.9e-08   1.3e-06   25.4   0.5   168   248   134   216   128   233 0.88 -
Pdum_DN88256_c0_g1_i4:512-2926   -            805 439736at33208        -            369   2.1e-38  129.9  32.0   3   5     0.012      0.32    7.6   0.8   153   220   278   343   237   362 0.71 -
Pdum_DN88256_c0_g1_i4:512-2926   -            805 439736at33208        -            369   2.1e-38  129.9  32.0   4   5   8.7e-12   2.3e-10   37.7   1.7   201   286   367   458   351   461 0.86 -
Pdum_DN88256_c0_g1_i4:512-2926   -            805 439736at33208        -            369   2.1e-38  129.9  32.0   5   5   2.8e-16   7.3e-15   52.5   2.7   121   284   480   634   471   639 0.57 -
Pdum_DN74150_c0_g1_i3:157-2955   -            933 439736at33208        -            369   2.2e-37  126.6  14.3   1   5   1.7e-10   4.5e-09   33.4   0.1   200   288    48   138    44   140 0.90 -
Pdum_DN74150_c0_g1_i3:157-2955   -            933 439736at33208        -            369   2.2e-37  126.6  14.3   2   5   1.8e-11   4.8e-10   36.6   0.2   167   249   141   223   137   234 0.93 -
Pdum_DN74150_c0_g1_i3:157-2955   -            933 439736at33208        -            369   2.2e-37  126.6  14.3   3   5     0.032      0.85    6.2   0.4   110   151   394   434   293   453 0.75 -
Pdum_DN74150_c0_g1_i3:157-2955   -            933 439736at33208        -            369   2.2e-37  126.6  14.3   4   5   3.1e-12     8e-11   39.2   0.2    92   284   459   653   454   653 0.84 -
Pdum_DN74150_c0_g1_i3:157-2955   -            933 439736at33208        -            369   2.2e-37  126.6  14.3   5   5   3.5e-11   9.1e-10   35.7   0.0    94   245   556   696   554   708 0.92 -
Pdum_DN82012_c2_g2_i1:484-1302   -            273 439736at33208        -            369   2.6e-36  123.0  12.3   1   2   4.1e-20   1.1e-18   65.1   2.2   185   285    12   110     1   113 0.86 -
Pdum_DN82012_c2_g2_i1:484-1302   -            273 439736at33208        -            369   2.6e-36  123.0  12.3   2   2   1.3e-19   3.5e-18   63.4   2.6   166   288   115   236   111   249 0.87 -
Pdum_DN87134_c2_g1_i3:1621-2460  -            280 439736at33208        -            369   2.7e-36  123.0  26.3   1   5   2.5e-06   6.5e-05   19.7   0.3   259   287     1    30     1    34 0.92 -
Pdum_DN87134_c2_g1_i3:1621-2460  -            280 439736at33208        -            369   2.7e-36  123.0  26.3   2   5   5.8e-07   1.5e-05   21.8   0.3   252   288    36    73    30    85 0.84 -
Pdum_DN87134_c2_g1_i3:1621-2460  -            280 439736at33208        -            369   2.7e-36  123.0  26.3   3   5   2.4e-17   6.3e-16   56.0   4.1   185   288    98   198    83   210 0.87 -
Pdum_DN87134_c2_g1_i3:1621-2460  -            280 439736at33208        -            369   2.7e-36  123.0  26.3   4   5     7e-06   0.00018   18.3   0.5   256   287   210   242   200   252 0.82 -
Pdum_DN87134_c2_g1_i3:1621-2460  -            280 439736at33208        -            369   2.7e-36  123.0  26.3   5   5     1e-06   2.6e-05   21.0   0.2   256   285   250   280   242   280 0.88 -
Pdum_DN84894_c0_g1_i9:97-867     -            257 439736at33208        -            369   2.2e-35  120.0   0.0   1   2     1e-17   2.6e-16   57.2   0.0   116   287     2   173     1   176 0.91 -
Pdum_DN84894_c0_g1_i9:97-867     -            257 439736at33208        -            369   2.2e-35  120.0   0.0   2   2   5.9e-21   1.5e-19   67.9   0.0    94   244   115   255   113   257 0.95 -
Pdum_DN75190_c1_g2_i8:1873-2820  -            316 439736at33208        -            369   5.8e-35  118.6   7.7   1   2   9.6e-15   2.5e-13   47.4   3.1   186   287    58   157    36   167 0.91 -
Pdum_DN75190_c1_g2_i8:1873-2820  -            316 439736at33208        -            369   5.8e-35  118.6   7.7   2   2   2.2e-22   5.8e-21   72.6   0.2   171   288   168   281   159   301 0.88 -
Pdum_DN87680_c1_g3_i1:3327-4124  -            266 439736at33208        -            369   3.2e-34  116.2  12.8   1   2   3.2e-20   8.3e-19   65.5   5.4   171   286     2   119     1   121 0.92 -
Pdum_DN87680_c1_g3_i1:3327-4124  -            266 439736at33208        -            369   3.2e-34  116.2  12.8   2   2   1.4e-17   3.7e-16   56.7   1.4   107   246   117   265   117   266 0.81 -
Pdum_DN80498_c1_g1_i1:1987-2589  -            201 439736at33208        -            369   1.1e-32  111.1   2.3   1   2   4.8e-19   1.3e-17   61.6   0.3   174   290     1   121     1   128 0.88 -
Pdum_DN80498_c1_g1_i1:1987-2589  -            201 439736at33208        -            369   1.1e-32  111.1   2.3   2   2   2.1e-17   5.5e-16   56.2   0.1    96   244    62   201    59   201 0.90 -
Pdum_DN80927_c0_g1_i1:489-1964   -            492 439736at33208        -            369   2.4e-30  103.4   6.8   1   4   2.4e-10   6.3e-09   33.0   0.1   118   213   144   240   134   243 0.79 -
Pdum_DN80927_c0_g1_i1:489-1964   -            492 439736at33208        -            369   2.4e-30  103.4   6.8   2   4   7.5e-05     0.002   14.9   0.0   169   216   238   285   233   289 0.91 -
Pdum_DN80927_c0_g1_i1:489-1964   -            492 439736at33208        -            369   2.4e-30  103.4   6.8   3   4   5.9e-09   1.5e-07   28.4   0.3    86   159   291   364   287   379 0.89 -
Pdum_DN80927_c0_g1_i1:489-1964   -            492 439736at33208        -            369   2.4e-30  103.4   6.8   4   4   2.5e-09   6.4e-08   29.6   0.0    93   153   391   451   387   481 0.93 -
Pdum_DN78854_c0_g1_i1:1579-2349  -            257 439736at33208        -            369   1.2e-27   94.6  15.3   1   4   1.7e-11   4.3e-10   36.8   3.7   215   287     1    75     1    82 0.87 -
Pdum_DN78854_c0_g1_i1:1579-2349  -            257 439736at33208        -            369   1.2e-27   94.6  15.3   2   4   3.4e-06   8.9e-05   19.3   0.2   258   287    85   117    80   125 0.78 -
Pdum_DN78854_c0_g1_i1:1579-2349  -            257 439736at33208        -            369   1.2e-27   94.6  15.3   3   4   7.7e-11     2e-09   34.6   0.5    79   148   123   197   120   202 0.83 -
Pdum_DN78854_c0_g1_i1:1579-2349  -            257 439736at33208        -            369   1.2e-27   94.6  15.3   4   4    0.0004      0.01   12.5   0.0    98   158   189   250   188   256 0.89 -
Pdum_DN74356_c1_g1_i1:377-1456   -            360 439736at33208        -            369   1.9e-26   90.6   1.6   1   2     9e-10   2.3e-08   31.1   0.0   174   269     2    96     1   124 0.87 -
Pdum_DN74356_c1_g1_i1:377-1456   -            360 439736at33208        -            369   1.9e-26   90.6   1.6   2   2   3.4e-18   8.8e-17   58.8   0.3    93   251   154   321   152   344 0.83 -
Pdum_DN92078_c7_g2_i1:2888-3787  -            300 439736at33208        -            369   2.2e-26   90.4   9.3   1   3   9.8e-17   2.6e-15   54.0   2.6   187   285     7   106     4   109 0.88 -
Pdum_DN92078_c7_g2_i1:2888-3787  -            300 439736at33208        -            369   2.2e-26   90.4   9.3   2   3   4.9e-09   1.3e-07   28.6   0.2   187   268    90   173    86   176 0.88 -
Pdum_DN92078_c7_g2_i1:2888-3787  -            300 439736at33208        -            369   2.2e-26   90.4   9.3   3   3   1.7e-07   4.3e-06   23.6   0.2    95   152   180   237   176   273 0.85 -
Pdum_DN90586_c2_g3_i4:2166-2804  -            213 439736at33208        -            369   6.3e-26   88.9   0.4   1   3   5.5e-09   1.4e-07   28.5   0.0    94   153    24    83     2    85 0.90 -
Pdum_DN90586_c2_g3_i4:2166-2804  -            213 439736at33208        -            369   6.3e-26   88.9   0.4   2   3   5.1e-14   1.3e-12   45.0   0.0   200   286    77   165    74   167 0.92 -
Pdum_DN90586_c2_g3_i4:2166-2804  -            213 439736at33208        -            369   6.3e-26   88.9   0.4   3   3   4.7e-08   1.2e-06   25.4   0.0    97   152   153   208   150   211 0.92 -
Pdum_DN72920_c0_g1_i5:770-1675   -            302 439736at33208        -            369   2.7e-25   86.8  18.2   1   3   4.1e-07   1.1e-05   22.3   2.3   172   256    10   100     5   128 0.77 -
Pdum_DN72920_c0_g1_i5:770-1675   -            302 439736at33208        -            369   2.7e-25   86.8  18.2   2   3   1.1e-15   2.8e-14   50.6   0.0   182   285   152   257   133   262 0.87 -
Pdum_DN72920_c0_g1_i5:770-1675   -            302 439736at33208        -            369   2.7e-25   86.8  18.2   3   3   5.6e-11   1.5e-09   35.0   5.5   200   285   212   299   210   301 0.91 -
Pdum_DN83656_c0_g1_i2:2236-2991  -            252 439736at33208        -            369   1.8e-24   84.1   3.8   1   4   1.2e-05    0.0003   17.6   0.0   184   218    15    49     1    60 0.66 -
Pdum_DN83656_c0_g1_i2:2236-2991  -            252 439736at33208        -            369   1.8e-24   84.1   3.8   2   4   4.2e-14   1.1e-12   45.3   0.4   180   284    68   172    59   172 0.90 -
Pdum_DN83656_c0_g1_i2:2236-2991  -            252 439736at33208        -            369   1.8e-24   84.1   3.8   3   4   2.1e-08   5.6e-07   26.5   0.2    78   150   140   213   137   216 0.83 -
Pdum_DN83656_c0_g1_i2:2236-2991  -            252 439736at33208        -            369   1.8e-24   84.1   3.8   4   4     0.001     0.027   11.1   0.0    97   149   202   252   198   252 0.79 -
Pdum_DN74384_c0_g2_i2:99-1367    -            423 439736at33208        -            369   5.1e-24   82.6  16.5   1   3   2.9e-07   7.6e-06   22.8   4.9   185   285   112   222    98   226 0.77 -
Pdum_DN74384_c0_g2_i2:99-1367    -            423 439736at33208        -            369   5.1e-24   82.6  16.5   2   3   1.8e-22   4.6e-21   72.9  10.8    97   293   165   384   164   388 0.78 -
Pdum_DN74384_c0_g2_i2:99-1367    -            423 439736at33208        -            369   5.1e-24   82.6  16.5   3   3      0.67        17    1.9   0.0   166   202   382   417   378   423 0.75 -
Pdum_DN73512_c4_g2_i3:726-1661   -            312 439736at33208        -            369   7.4e-24   82.1   0.5   1   3     3e-19   7.9e-18   62.2   0.9   170   289    55   176    44   194 0.90 -
Pdum_DN73512_c4_g2_i3:726-1661   -            312 439736at33208        -            369   7.4e-24   82.1   0.5   2   3      0.69        18    1.8   0.0    99   143   203   246   198   252 0.83 -
Pdum_DN73512_c4_g2_i3:726-1661   -            312 439736at33208        -            369   7.4e-24   82.1   0.5   3   3   0.00015    0.0039   13.9   0.0   109   151   254   296   244   301 0.88 -
Pdum_DN73138_c0_g1_i1:392-1264   -            291 439736at33208        -            369   2.7e-23   80.2   0.5   1   4    0.0026     0.067    9.8   0.0   170   223     5    58     2    68 0.90 -
Pdum_DN73138_c0_g1_i1:392-1264   -            291 439736at33208        -            369   2.7e-23   80.2   0.5   2   4   4.8e-14   1.3e-12   45.1   0.1   186   287    63   166    55   172 0.93 -
Pdum_DN73138_c0_g1_i1:392-1264   -            291 439736at33208        -            369   2.7e-23   80.2   0.5   3   4   6.5e-05    0.0017   15.1   0.0   177   247   178   250   169   256 0.84 -
Pdum_DN73138_c0_g1_i1:392-1264   -            291 439736at33208        -            369   2.7e-23   80.2   0.5   4   4    0.0021     0.056   10.1   0.0    98   144   238   285   232   291 0.84 -
Pdum_DN76828_c2_g1_i1:4967-5695  -            243 439736at33208        -            369   4.7e-23   79.4   0.7   1   2   6.2e-19   1.6e-17   61.2   0.1   101   286    21   202    13   210 0.80 -
Pdum_DN76828_c2_g1_i1:4967-5695  -            243 439736at33208        -            369   4.7e-23   79.4   0.7   2   2   1.4e-07   3.6e-06   23.9   0.1   170   285   124   243   121   243 0.85 -
Pdum_DN77740_c0_g3_i3:100-1476   -            459 439736at33208        -            369   7.1e-23   78.8   3.4   1   2   3.7e-20   9.5e-19   65.3   2.2   119   305   146   323   141   326 0.89 -
Pdum_DN77740_c0_g3_i3:100-1476   -            459 439736at33208        -            369   7.1e-23   78.8   3.4   2   2    0.0019     0.049   10.3   0.0    97   205   334   437   327   444 0.76 -
Pdum_DN84798_c1_g2_i5:993-2768   -            592 439736at33208        -            369   1.1e-22   78.3   0.9   1   4   0.00054     0.014   12.1   0.0   195   241   114   161    64   170 0.66 -
Pdum_DN84798_c1_g2_i5:993-2768   -            592 439736at33208        -            369   1.1e-22   78.3   0.9   2   4     2e-09   5.3e-08   29.9   0.0   118   269   175   318   168   321 0.86 -
Pdum_DN84798_c1_g2_i5:993-2768   -            592 439736at33208        -            369   1.1e-22   78.3   0.9   3   4   3.7e-05   0.00096   15.9   0.0   184   281   275   374   265   377 0.84 -
Pdum_DN84798_c1_g2_i5:993-2768   -            592 439736at33208        -            369   1.1e-22   78.3   0.9   4   4   3.2e-06   8.4e-05   19.4   0.2   166   286   466   591   452   592 0.85 -
Pdum_DN83588_c0_g2_i13:1452-2396 -            315 439736at33208        -            369   2.2e-22   77.3   0.0   1   3   3.7e-14   9.7e-13   45.5   0.0    92   270    10   182     2   194 0.84 -
Pdum_DN83588_c0_g2_i13:1452-2396 -            315 439736at33208        -            369   2.2e-22   77.3   0.0   2   3      0.95        25    1.4   0.0   220   248   185   216   182   245 0.67 -
Pdum_DN83588_c0_g2_i13:1452-2396 -            315 439736at33208        -            369   2.2e-22   77.3   0.0   3   3   1.9e-08   4.9e-07   26.7   0.0   213   285   240   314   225   315 0.54 -
Pdum_DN83800_c0_g2_i3:14-562     -            183 439736at33208        -            369   1.5e-21   74.5   2.5   1   2     4e-12     1e-10   38.8   0.1   206   286    51   131    39   133 0.84 -
Pdum_DN83800_c0_g2_i3:14-562     -            183 439736at33208        -            369   1.5e-21   74.5   2.5   2   2   3.2e-13   8.3e-12   42.4   0.3    76   153    94   175    91   180 0.85 -
Pdum_DN88892_c3_g1_i1:2670-3179  -            170 439736at33208        -            369   6.6e-21   72.4   3.3   1   1   4.2e-22   1.1e-20   71.6   3.3   131   286     3   151     1   160 0.86 -
Pdum_DN84241_c0_g1_i1:2776-3423  -            216 439736at33208        -            369   8.3e-21   72.0   3.0   1   2   0.00034    0.0087   12.7   0.0   251   286     2    40     1    48 0.85 -
Pdum_DN84241_c0_g1_i1:2776-3423  -            216 439736at33208        -            369   8.3e-21   72.0   3.0   2   2   1.1e-16   2.7e-15   53.9   2.7   119   285    50   212    49   215 0.85 -
Pdum_DN85045_c0_g1_i5:248-835    -            196 439736at33208        -            369     1e-20   71.7   0.4   1   3   9.4e-08   2.5e-06   24.4   0.0    79   143    36   105    29   105 0.87 -
Pdum_DN85045_c0_g1_i5:248-835    -            196 439736at33208        -            369     1e-20   71.7   0.4   2   3   1.2e-06   3.1e-05   20.8   0.0    95   133    99   137    95   141 0.92 -
Pdum_DN85045_c0_g1_i5:248-835    -            196 439736at33208        -            369     1e-20   71.7   0.4   3   3   6.8e-07   1.8e-05   21.6   0.0    95   149   141   195   138   196 0.95 -
Pdum_DN73504_c1_g7_i2:375-1772   -            466 439736at33208        -            369   1.4e-20   71.3   5.6   1   3   2.1e-07   5.4e-06   23.3   0.0   115   222   135   242   123   248 0.92 -
Pdum_DN73504_c1_g7_i2:375-1772   -            466 439736at33208        -            369   1.4e-20   71.3   5.6   2   3   1.3e-15   3.4e-14   50.3   0.5   172   288   234   350   233   366 0.87 -
Pdum_DN73504_c1_g7_i2:375-1772   -            466 439736at33208        -            369   1.4e-20   71.3   5.6   3   3      0.26       6.7    3.2   0.0   125   157   375   407   366   435 0.79 -
Pdum_DN77965_c1_g1_i1:1646-2635  -            330 439736at33208        -            369   1.8e-20   71.0  13.0   1   2   6.3e-18   1.6e-16   57.9  11.0    82   285     8   217     2   220 0.86 -
Pdum_DN77965_c1_g1_i1:1646-2635  -            330 439736at33208        -            369   1.8e-20   71.0  13.0   2   2     0.001     0.026   11.2   0.0    93   151   260   328   234   330 0.51 -
Pdum_DN66770_c0_g1_i1:157-1065   -            303 439736at33208        -            369   8.8e-20   68.7   3.9   1   3     2e-15   5.2e-14   49.7   1.0   115   285     6   171     2   171 0.86 -
Pdum_DN66770_c0_g1_i1:157-1065   -            303 439736at33208        -            369   8.8e-20   68.7   3.9   2   3   1.4e-08   3.6e-07   27.2   0.1    97   156   118   177   111   197 0.85 -
Pdum_DN66770_c0_g1_i1:157-1065   -            303 439736at33208        -            369   8.8e-20   68.7   3.9   3   3    0.0019      0.05   10.3   0.3    97   197   203   298   199   303 0.70 -
Pdum_DN90273_c4_g1_i2:3537-4052  -            172 439736at33208        -            369   1.2e-19   68.3   0.4   1   2   7.5e-07     2e-05   21.5   0.0   223   290    15    84     2    88 0.83 -
Pdum_DN90273_c4_g1_i2:3537-4052  -            172 439736at33208        -            369   1.2e-19   68.3   0.4   2   2   4.8e-14   1.2e-12   45.1   1.0   209   291    85   169    82   171 0.89 -
Pdum_DN79208_c0_g1_i2:96-1031    -            312 439736at33208        -            369   2.3e-19   67.3   1.3   1   3   2.2e-05   0.00059   16.6   0.0    93   145     8    59     6    70 0.87 -
Pdum_DN79208_c0_g1_i2:96-1031    -            312 439736at33208        -            369   2.3e-19   67.3   1.3   2   3   7.7e-07     2e-05   21.4   0.0   201   307    62   173    58   216 0.82 -
Pdum_DN79208_c0_g1_i2:96-1031    -            312 439736at33208        -            369   2.3e-19   67.3   1.3   3   3     6e-06   0.00016   18.5   0.1    94   131   272   309   256   312 0.85 -
Pdum_DN83588_c0_g2_i13:1293-2279 -            329 439736at33208        -            369     4e-19   66.5   0.4   1   3   3.6e-10   9.5e-09   32.4   0.1   121   269     2   142     1   157 0.67 -
Pdum_DN83588_c0_g2_i13:1293-2279 -            329 439736at33208        -            369     4e-19   66.5   0.4   2   3      0.66        17    1.9   0.0   219   249   145   178   129   211 0.71 -
Pdum_DN83588_c0_g2_i13:1293-2279 -            329 439736at33208        -            369     4e-19   66.5   0.4   3   3   6.8e-09   1.8e-07   28.2   0.0    93   154   218   279   200   319 0.83 -
Pdum_DN78454_c0_g1_i4:576-2111   -            512 439736at33208        -            369   5.9e-19   65.9   0.1   1   2   3.6e-15   9.4e-14   48.8   0.1   119   288   211   379   189   390 0.85 -
Pdum_DN78454_c0_g1_i4:576-2111   -            512 439736at33208        -            369   5.9e-19   65.9   0.1   2   2   8.8e-05    0.0023   14.6   0.0   201   244   467   510   445   511 0.92 -
Pdum_DN91072_c6_g2_i4:11-988     -            326 439736at33208        -            369   1.2e-18   65.0  10.8   1   2   8.3e-07   2.2e-05   21.3   0.1   230   286    44   104    29   106 0.83 -
Pdum_DN91072_c6_g2_i4:11-988     -            326 439736at33208        -            369   1.2e-18   65.0  10.8   2   2   1.3e-16   3.4e-15   53.6   6.2    97   293    92   288    88   304 0.88 -
Pdum_DN71389_c1_g2_i1:359-1099   -            247 439736at33208        -            369   2.3e-18   64.0  11.1   1   2   1.5e-17   3.9e-16   56.7   7.8   118   285     4   173     2   179 0.89 -
Pdum_DN71389_c1_g2_i1:359-1099   -            247 439736at33208        -            369   2.3e-18   64.0  11.1   2   2     0.008      0.21    8.2   0.1   257   288   187   218   182   237 0.75 -
Pdum_DN85879_c0_g1_i1:230-808    -            193 439736at33208        -            369   2.9e-18   63.7   1.8   1   3     5e-13   1.3e-11   41.8   0.3   186   287     2   105     1   114 0.84 -
Pdum_DN85879_c0_g1_i1:230-808    -            193 439736at33208        -            369   2.9e-18   63.7   1.8   2   3   8.6e-05    0.0023   14.7   0.0   210   288    68   155    62   159 0.78 -
Pdum_DN85879_c0_g1_i1:230-808    -            193 439736at33208        -            369   2.9e-18   63.7   1.8   3   3   7.4e-06   0.00019   18.2   0.0    94   149   138   193   135   193 0.95 -
Pdum_DN86522_c0_g3_i4:534-1520   -            329 439736at33208        -            369   1.6e-17   61.2  10.7   1   3   2.9e-05   0.00075   16.2   0.1    95   155    16    76    12    83 0.89 -
Pdum_DN86522_c0_g3_i4:534-1520   -            329 439736at33208        -            369   1.6e-17   61.2  10.7   2   3   2.3e-08   5.9e-07   26.4   4.1   107   245    70   197    68   227 0.82 -
Pdum_DN86522_c0_g3_i4:534-1520   -            329 439736at33208        -            369   1.6e-17   61.2  10.7   3   3   4.2e-07   1.1e-05   22.3   0.1   173   244   255   326   217   329 0.85 -
Pdum_DN89838_c3_g2_i15:954-1709  -            252 439736at33208        -            369   4.1e-17   59.9   2.3   1   3   3.4e-08   8.7e-07   25.9   0.7   195   290     6    98     5   107 0.87 -
Pdum_DN89838_c3_g2_i15:954-1709  -            252 439736at33208        -            369   4.1e-17   59.9   2.3   2   3   8.1e-05    0.0021   14.8   0.0   101   158   125   180   115   196 0.86 -
Pdum_DN89838_c3_g2_i15:954-1709  -            252 439736at33208        -            369   4.1e-17   59.9   2.3   3   3   0.00031     0.008   12.9   0.0   254   307   180   238   177   240 0.73 -
Pdum_DN84814_c0_g2_i1:1505-2083  -            193 439736at33208        -            369   4.2e-17   59.9   0.5   1   1   1.5e-09   3.9e-08   30.3   0.0    95   152   135   192   131   193 0.94 -
Pdum_DN67795_c0_g1_i2:1517-2137  -            207 439736at33208        -            369   2.2e-16   57.5   0.0   1   2   4.1e-12   1.1e-10   38.8   0.8   173   291     1   121     1   129 0.72 -
Pdum_DN67795_c0_g1_i2:1517-2137  -            207 439736at33208        -            369   2.2e-16   57.5   0.0   2   2   1.6e-06   4.1e-05   20.4   0.0   180   285    92   207    87   207 0.78 -
Pdum_DN66431_c0_g1_i1:1561-2364  -            268 439736at33208        -            369   3.7e-16   56.7   2.4   1   3   9.7e-06   0.00025   17.8   0.2    94   150    26    81    22    84 0.91 -
Pdum_DN66431_c0_g1_i1:1561-2364  -            268 439736at33208        -            369   3.7e-16   56.7   2.4   2   3   2.4e-06   6.3e-05   19.8   0.0   112   151    83   122    81   128 0.93 -
Pdum_DN66431_c0_g1_i1:1561-2364  -            268 439736at33208        -            369   3.7e-16   56.7   2.4   3   3   6.4e-06   0.00017   18.4   0.0    79   159   127   211   122   239 0.78 -
Pdum_DN88423_c1_g1_i2:993-1421   -            143 439736at33208        -            369   2.2e-15   54.2   1.1   1   2   0.00058     0.015   12.0   0.0   257   286     9    39     4    42 0.84 -
Pdum_DN88423_c1_g1_i2:993-1421   -            143 439736at33208        -            369   2.2e-15   54.2   1.1   2   2     1e-12   2.6e-11   40.8   0.3    95   151    63   119    49   127 0.90 -
Pdum_DN79406_c0_g1_i1:209-1183   -            325 439736at33208        -            369     3e-15   53.7   0.3   1   3   2.4e-09   6.2e-08   29.7   0.3    95   169    25   101     7   113 0.82 -
Pdum_DN79406_c0_g1_i1:209-1183   -            325 439736at33208        -            369     3e-15   53.7   0.3   2   3     6e-05    0.0016   15.2   0.0   160   248   131   219   117   257 0.87 -
Pdum_DN79406_c0_g1_i1:209-1183   -            325 439736at33208        -            369     3e-15   53.7   0.3   3   3      0.14       3.5    4.2   0.0   103   151   266   314   221   324 0.77 -
Pdum_DN76096_c0_g1_i2:374-1027   -            218 439736at33208        -            369   3.5e-15   53.5   4.5   1   1   1.6e-16   4.2e-15   53.3   4.5   103   290     3   205     1   218 0.83 -
Pdum_DN66325_c0_g1_i1:831-1904   -            358 439736at33208        -            369   5.8e-15   52.8   0.3   1   4   2.1e-07   5.4e-06   23.3   0.0   171   248    27   106    16   123 0.88 -
Pdum_DN66325_c0_g1_i1:831-1904   -            358 439736at33208        -            369   5.8e-15   52.8   0.3   2   4       2.3        61    0.1   0.0   185   211   131   157   108   161 0.79 -
Pdum_DN66325_c0_g1_i1:831-1904   -            358 439736at33208        -            369   5.8e-15   52.8   0.3   3   4     0.025      0.66    6.5   0.0   332   368   166   202   163   203 0.90 -
Pdum_DN66325_c0_g1_i1:831-1904   -            358 439736at33208        -            369   5.8e-15   52.8   0.3   4   4   1.7e-05   0.00045   17.0   0.1   116   149   325   358   315   358 0.80 -
Pdum_DN89089_c3_g1_i2:1021-1773  -            251 439736at33208        -            369   5.9e-15   52.8   0.1   1   2     2e-08   5.1e-07   26.7   0.0   121   250     1   128     1   139 0.82 -
Pdum_DN89089_c3_g1_i2:1021-1773  -            251 439736at33208        -            369   5.9e-15   52.8   0.1   2   2   7.6e-07     2e-05   21.4   0.0   222   296   144   221   139   225 0.86 -
Pdum_DN82224_c0_g1_i1:2783-3526  -            248 439736at33208        -            369   8.4e-15   52.3   4.7   1   3   8.3e-11   2.2e-09   34.5   0.2   172   250     4    81     1   113 0.83 -
Pdum_DN82224_c0_g1_i1:2783-3526  -            248 439736at33208        -            369   8.4e-15   52.3   4.7   2   3   5.4e-05    0.0014   15.3   0.4   256   291   114   152   105   158 0.80 -
Pdum_DN82224_c0_g1_i1:2783-3526  -            248 439736at33208        -            369   8.4e-15   52.3   4.7   3   3      0.23       6.1    3.4   0.0   111   150   206   247   184   248 0.75 -
Pdum_DN75190_c1_g2_i8:2335-2706  -            124 439736at33208        -            369   8.8e-15   52.2   2.9   1   1   1.1e-15   2.8e-14   50.5   2.9   186   287    20   119    17   122 0.91 -
Pdum_DN88766_c3_g2_i10:292-717   -            142 439736at33208        -            369   1.5e-14   51.4   0.4   1   2   1.7e-14   4.4e-13   46.6   0.3   188   288     4   107     1   110 0.77 -
Pdum_DN88766_c3_g2_i10:292-717   -            142 439736at33208        -            369   1.5e-14   51.4   0.4   2   2      0.37       9.7    2.7   0.0   166   191   109   134   106   141 0.78 -
Pdum_DN92345_c8_g1_i1:3879-4793  -            305 439736at33208        -            369   3.7e-14   50.2   0.5   1   4   9.2e-08   2.4e-06   24.5   0.2   190   255    10    74     3    98 0.74 -
Pdum_DN92345_c8_g1_i1:3879-4793  -            305 439736at33208        -            369   3.7e-14   50.2   0.5   2   4   0.00097     0.025   11.2   0.0   232   287   115   178    85   190 0.80 -
Pdum_DN92345_c8_g1_i1:3879-4793  -            305 439736at33208        -            369   3.7e-14   50.2   0.5   3   4    0.0071      0.19    8.4   0.0   231   287   162   224   153   235 0.78 -
Pdum_DN92345_c8_g1_i1:3879-4793  -            305 439736at33208        -            369   3.7e-14   50.2   0.5   4   4     0.026      0.67    6.5   0.0   173   244   235   304   225   305 0.74 -
Pdum_DN87342_c0_g1_i8:5-2425     -            807 439736at33208        -            369   4.7e-14   49.8   3.1   1   4       1.6        41    0.6   0.0   170   222   139   193    78   216 0.70 -
Pdum_DN87342_c0_g1_i8:5-2425     -            807 439736at33208        -            369   4.7e-14   49.8   3.1   2   4       0.4        10    2.6   0.0    78   161   137   227   126   242 0.64 -
Pdum_DN87342_c0_g1_i8:5-2425     -            807 439736at33208        -            369   4.7e-14   49.8   3.1   3   4   2.5e-05   0.00065   16.4   0.0    95   151   393   449   390   460 0.89 -
Pdum_DN87342_c0_g1_i8:5-2425     -            807 439736at33208        -            369   4.7e-14   49.8   3.1   4   4   1.9e-08   5.1e-07   26.7   0.0   101   217   485   591   472   603 0.78 -
Pdum_DN75461_c3_g1_i3:3415-4074  -            220 439736at33208        -            369   5.2e-14   49.7   0.0   1   1   2.7e-15   7.1e-14   49.2   0.0    86   284    19   220     5   220 0.78 -
Pdum_DN83855_c0_g1_i4:658-1428   -            257 439736at33208        -            369   5.3e-14   49.7   0.1   1   1   2.9e-15   7.7e-14   49.1   0.1    95   245     8   171     5   184 0.85 -
Pdum_DN87078_c1_g1_i1:1858-2604  -            249 439736at33208        -            369   7.7e-14   49.1   0.4   1   1   4.6e-15   1.2e-13   48.5   0.4    93   245   106   249    98   249 0.93 -
Pdum_DN86525_c0_g1_i1:704-1231   -            176 439736at33208        -            369   1.2e-13   48.5   0.4   1   2   3.7e-13   9.6e-12   42.2   0.2   194   305     1   117     1   120 0.81 -
Pdum_DN86525_c0_g1_i1:704-1231   -            176 439736at33208        -            369   1.2e-13   48.5   0.4   2   2     0.014      0.36    7.4   0.0   210   262   104   157   100   164 0.80 -
Pdum_DN71483_c1_g1_i1:599-1228   -            210 439736at33208        -            369   2.1e-13   47.7   0.0   1   1     1e-14   2.6e-13   47.4   0.0   117   249    65   195    50   209 0.87 -
Pdum_DN87178_c0_g1_i10:2619-3539 -            307 439736at33208        -            369     3e-13   47.2   0.6   1   2   4.7e-06   0.00012   18.8   0.0   134   245     3   125     1   141 0.83 -
Pdum_DN87178_c0_g1_i10:2619-3539 -            307 439736at33208        -            369     3e-13   47.2   0.6   2   2   1.8e-09   4.6e-08   30.1   1.1   120   287    95   264    91   277 0.59 -
Pdum_DN66493_c0_g1_i1:720-1655   -            312 439736at33208        -            369   3.4e-13   47.0   1.2   1   3   1.6e-10   4.3e-09   33.5   1.6   168   288    14   138     2   142 0.82 -
Pdum_DN66493_c0_g1_i1:720-1655   -            312 439736at33208        -            369   3.4e-13   47.0   1.2   2   3    0.0036     0.095    9.3   0.0   104   156   218   272   205   288 0.75 -
Pdum_DN66493_c0_g1_i1:720-1655   -            312 439736at33208        -            369   3.4e-13   47.0   1.2   3   3     0.036      0.93    6.1   0.0    97   143   255   302   249   309 0.80 -
Pdum_DN92785_c3_g1_i2:3114-4076  -            321 439736at33208        -            369   4.4e-13   46.6   0.3   1   3      0.13       3.3    4.3   0.0   190   233     1    44     1    52 0.89 -
Pdum_DN92785_c3_g1_i2:3114-4076  -            321 439736at33208        -            369   4.4e-13   46.6   0.3   2   3      0.53        14    2.2   0.0   279   319   112   152    65   157 0.88 -
Pdum_DN92785_c3_g1_i2:3114-4076  -            321 439736at33208        -            369   4.4e-13   46.6   0.3   3   3   1.8e-11   4.7e-10   36.6   0.2   174   244   246   316   205   320 0.75 -
Pdum_DN73439_c0_g1_i2:1041-1721  -            227 439736at33208        -            369   1.4e-12   44.9   0.0   1   3   0.00012    0.0031   14.2   0.0   103   152    33    82    24    84 0.90 -
Pdum_DN73439_c0_g1_i2:1041-1721  -            227 439736at33208        -            369   1.4e-12   44.9   0.0   2   3   3.5e-11   9.2e-10   35.7   0.0   169   249    46   126    38   141 0.93 -
Pdum_DN73439_c0_g1_i2:1041-1721  -            227 439736at33208        -            369   1.4e-12   44.9   0.0   3   3      0.49        13    2.3   0.0   218   287   158   227   151   227 0.64 -
Pdum_DN83552_c2_g1_i4:337-1659   -            441 439736at33208        -            369     2e-12   44.5   1.5   1   5    0.0097      0.25    7.9   0.0   110   152    53    96    41   101 0.82 -
Pdum_DN83552_c2_g1_i4:337-1659   -            441 439736at33208        -            369     2e-12   44.5   1.5   2   5   2.9e-09   7.5e-08   29.4   0.4    97   251    83   230    54   237 0.76 -
Pdum_DN83552_c2_g1_i4:337-1659   -            441 439736at33208        -            369     2e-12   44.5   1.5   3   5    0.0019     0.049   10.3   0.0   143   287   159   311   147   318 0.73 -
Pdum_DN83552_c2_g1_i4:337-1659   -            441 439736at33208        -            369     2e-12   44.5   1.5   4   5    0.0047      0.12    8.9   0.0   163   206   269   312   207   351 0.48 -
Pdum_DN83552_c2_g1_i4:337-1659   -            441 439736at33208        -            369     2e-12   44.5   1.5   5   5    0.0043      0.11    9.1   0.0    99   154   300   355   298   378 0.83 -
Pdum_DN88741_c1_g1_i6:2841-3650  -            270 439736at33208        -            369   4.3e-12   43.4   1.3   1   1   2.5e-13   6.4e-12   42.8   1.3   130   339    14   233     3   266 0.75 -
Pdum_DN84033_c1_g3_i1:1082-1726  -            215 439736at33208        -            369   6.4e-12   42.8   2.8   1   2   9.4e-11   2.5e-09   34.3   1.7   199   285    50   139     1   148 0.85 -
Pdum_DN84033_c1_g3_i1:1082-1726  -            215 439736at33208        -            369   6.4e-12   42.8   2.8   2   2      0.39        10    2.7   0.0   103   132   186   215   170   215 0.84 -
Pdum_DN85054_c1_g3_i7:3145-3996  -            284 439736at33208        -            369   7.9e-12   42.5   0.8   1   3   3.8e-06    0.0001   19.1   0.1   121   246     4   125     1   154 0.83 -
Pdum_DN85054_c1_g3_i7:3145-3996  -            284 439736at33208        -            369   7.9e-12   42.5   0.8   2   3   0.00024    0.0062   13.2   0.1   212   287   171   251   143   252 0.80 -
Pdum_DN85054_c1_g3_i7:3145-3996  -            284 439736at33208        -            369   7.9e-12   42.5   0.8   3   3   6.8e-07   1.8e-05   21.6   0.0    77   143   210   284   198   284 0.77 -
Pdum_DN84903_c4_g3_i8:753-1754   -            334 439736at33208        -            369   8.1e-12   42.5   0.0   1   3   2.6e-08   6.9e-07   26.2   0.0   161   249    42   130     9   136 0.57 -
Pdum_DN84903_c4_g3_i8:753-1754   -            334 439736at33208        -            369   8.1e-12   42.5   0.0   2   3    0.0027      0.07    9.8   0.0   216   284   139   209   130   214 0.79 -
Pdum_DN84903_c4_g3_i8:753-1754   -            334 439736at33208        -            369   8.1e-12   42.5   0.0   3   3     0.038      0.98    6.0   0.0   185   288   192   300   186   309 0.75 -
Pdum_DN84582_c3_g1_i1:332-1036   -            235 439736at33208        -            369   2.4e-11   40.9   0.2   1   2   0.00077      0.02   11.5   0.1   241   302     4    67     1    73 0.60 -
Pdum_DN84582_c3_g1_i1:332-1036   -            235 439736at33208        -            369   2.4e-11   40.9   0.2   2   2   1.1e-08   2.9e-07   27.5   0.0   224   287    71   137    64   152 0.84 -
Pdum_DN92615_c3_g1_i3:1432-2112  -            227 439736at33208        -            369   3.6e-11   40.3   0.5   1   2   9.1e-07   2.4e-05   21.2   0.1   254   312     7    68     2    70 0.83 -
Pdum_DN92615_c3_g1_i3:1432-2112  -            227 439736at33208        -            369   3.6e-11   40.3   0.5   2   2   0.00021    0.0054   13.4   0.0   201   247   175   220   164   226 0.56 -
Pdum_DN86637_c0_g1_i2:178-705    -            176 439736at33208        -            369   3.6e-11   40.3   4.4   1   2   2.7e-07   7.1e-06   22.9   0.2   233   288    15    76     3    80 0.77 -
Pdum_DN86637_c0_g1_i2:178-705    -            176 439736at33208        -            369   3.6e-11   40.3   4.4   2   2   4.3e-08   1.1e-06   25.5   0.7   211   287    39   121    36   135 0.82 -
Pdum_DN72823_c0_g2_i2:1154-1981  -            276 439736at33208        -            369   4.3e-11   40.1   0.0   1   3     0.045       1.2    5.7   0.0   230   286     8    64     4    70 0.73 -
Pdum_DN72823_c0_g2_i2:1154-1981  -            276 439736at33208        -            369   4.3e-11   40.1   0.0   2   3   1.1e-09   2.8e-08   30.8   0.0   191   290    51   148    33   172 0.82 -
Pdum_DN72823_c0_g2_i2:1154-1981  -            276 439736at33208        -            369   4.3e-11   40.1   0.0   3   3      0.57        15    2.1   0.0   125   153   217   245   197   274 0.79 -
Pdum_DN63925_c0_g1_i1:119-1006   -            296 439736at33208        -            369   4.8e-11   39.9   4.1   1   2   6.3e-06   0.00016   18.4   0.1    90   150    45   104     8   105 0.80 -
Pdum_DN63925_c0_g1_i1:119-1006   -            296 439736at33208        -            369   4.8e-11   39.9   4.1   2   2   6.3e-08   1.6e-06   25.0   1.8    98   287    94   273    91   286 0.71 -
Pdum_DN84002_c0_g1_i8:796-1551   -            252 439736at33208        -            369   6.6e-11   39.5   0.1   1   1     1e-11   2.7e-10   37.4   0.1    95   217    11   131     7   159 0.79 -
Pdum_DN91578_c1_g1_i1:293-997    -            235 439736at33208        -            369     7e-11   39.4   0.7   1   1   6.9e-12   1.8e-10   38.0   0.7   187   285   128   227   103   230 0.86 -
Pdum_DN80990_c0_g1_i2:150-1607   -            486 439736at33208        -            369   7.2e-11   39.3   8.5   1   2   3.7e-09   9.5e-08   29.1   0.2    82   288   247   325   229   346 0.44 -
Pdum_DN80990_c0_g1_i2:150-1607   -            486 439736at33208        -            369   7.2e-11   39.3   8.5   2   2   8.4e-05    0.0022   14.7   0.1   169   246   373   452   353   464 0.73 -
Pdum_DN87402_c0_g1_i1:93-1976    -            628 439736at33208        -            369   9.4e-11   39.0   0.2   1   3   0.00055     0.014   12.0   0.0   254   290   287   326   279   353 0.64 -
Pdum_DN87402_c0_g1_i1:93-1976    -            628 439736at33208        -            369   9.4e-11   39.0   0.2   2   3   1.7e-05   0.00045   17.0   0.0    94   244   433   572   370   597 0.77 -
Pdum_DN87402_c0_g1_i1:93-1976    -            628 439736at33208        -            369   9.4e-11   39.0   0.2   3   3     0.052       1.4    5.5   0.0   210   244   589   627   586   628 0.78 -
Pdum_DN71445_c0_g2_i2:766-1509   -            248 439736at33208        -            369   1.1e-10   38.8   4.0   1   2   1.4e-11   3.5e-10   37.1   2.4   156   252    11   108     1   153 0.80 -
Pdum_DN71445_c0_g2_i2:766-1509   -            248 439736at33208        -            369   1.1e-10   38.8   4.0   2   2       1.4        35    0.9   0.0   124   152   218   246   196   248 0.87 -
Pdum_DN76013_c0_g1_i3:463-1068   -            202 439736at33208        -            369   1.2e-10   38.6   5.0   1   2   2.4e-09   6.2e-08   29.7   3.6   173   289     1   126     1   133 0.80 -
Pdum_DN76013_c0_g1_i3:463-1068   -            202 439736at33208        -            369   1.2e-10   38.6   5.0   2   2    0.0077       0.2    8.3   0.0   115   162   143   191   130   201 0.82 -
Pdum_DN78785_c0_g1_i2:534-2834   -            767 439736at33208        -            369   1.6e-10   38.2   2.5   1   2   7.2e-05    0.0019   14.9   1.3    85   152    50   123    42   130 0.79 -
Pdum_DN78785_c0_g1_i2:534-2834   -            767 439736at33208        -            369   1.6e-10   38.2   2.5   2   2   3.2e-09   8.3e-08   29.3   0.0    97   269   110   278   107   281 0.84 -
Pdum_DN89224_c5_g2_i10:3220-3918 -            233 439736at33208        -            369   1.9e-10   38.0   2.2   1   1   9.4e-12   2.4e-10   37.6   2.2   167   304    80   222    60   225 0.82 -
Pdum_DN80615_c0_g2_i1:231-1205   -            325 439736at33208        -            369   2.8e-10   37.4   2.8   1   2   4.8e-07   1.2e-05   22.1   0.4   101   247   132   183    41   189 0.58 -
Pdum_DN80615_c0_g2_i1:231-1205   -            325 439736at33208        -            369   2.8e-10   37.4   2.8   2   2   2.4e-07   6.4e-06   23.1   0.1   101   184   132   220   119   226 0.75 -
Pdum_DN84002_c0_g1_i8:2338-3012  -            225 439736at33208        -            369   4.4e-10   36.7   1.1   1   1     3e-11   7.7e-10   36.0   1.1   120   302    10   196     2   200 0.88 -
Pdum_DN90517_c4_g2_i3:211-1731   -            507 439736at33208        -            369     5e-10   36.6   2.6   1   2       1.3        34    0.9   0.0   232   284    91   152    60   170 0.53 -
Pdum_DN90517_c4_g2_i3:211-1731   -            507 439736at33208        -            369     5e-10   36.6   2.6   2   2   1.3e-10   3.3e-09   33.9   1.0    97   215   275   396   247   403 0.86 -
Pdum_DN82629_c0_g1_i4:473-2515   -            681 439736at33208        -            369     5e-10   36.6   0.5   1   2       9.6   2.5e+02   -1.9   0.0   272   298   222   248   206   257 0.87 -
Pdum_DN82629_c0_g1_i4:473-2515   -            681 439736at33208        -            369     5e-10   36.6   0.5   2   2   7.4e-11   1.9e-09   34.6   0.0   125   296   257   444   251   446 0.77 -
Pdum_DN89990_c3_g2_i4:936-1778   -            281 439736at33208        -            369   1.1e-09   35.4   2.0   1   2   2.1e-06   5.6e-05   20.0   0.2   171   297    33   162    28   174 0.82 -
Pdum_DN89990_c3_g2_i4:936-1778   -            281 439736at33208        -            369   1.1e-09   35.4   2.0   2   2     0.017      0.46    7.1   0.0   100   150   231   281   222   281 0.89 -
Pdum_DN83063_c0_g1_i6:381-1082   -            234 439736at33208        -            369   1.4e-09   35.1   0.0   1   2   0.00016    0.0042   13.8   0.0   187   286     1   111     1   113 0.64 -
Pdum_DN83063_c0_g1_i6:381-1082   -            234 439736at33208        -            369   1.4e-09   35.1   0.0   2   2   6.3e-06   0.00016   18.4   0.0   165   228   162   225   148   234 0.85 -
Pdum_DN65740_c0_g1_i1:159-803    -            215 439736at33208        -            369   1.7e-09   34.8   1.0   1   3   1.4e-06   3.6e-05   20.6   0.2   230   292    11    76     2    96 0.54 -
Pdum_DN65740_c0_g1_i1:159-803    -            215 439736at33208        -            369   1.7e-09   34.8   1.0   2   3    0.0063      0.17    8.5   0.0   120   220    97   191    88   194 0.83 -
Pdum_DN65740_c0_g1_i1:159-803    -            215 439736at33208        -            369   1.7e-09   34.8   1.0   3   3    0.0014     0.037   10.7   0.0   312   367   164   215   144   215 0.62 -
Pdum_DN74905_c1_g1_i2:2-1102     -            367 439736at33208        -            369   6.4e-09   32.9   0.0   1   1   5.4e-10   1.4e-08   31.8   0.0   211   287    98   178    66   184 0.86 -
Pdum_DN90079_c2_g2_i8:1469-1858  -            130 439736at33208        -            369   6.8e-09   32.8   0.1   1   2   0.00094     0.024   11.3   0.0    84   124    36    73     5    78 0.75 -
Pdum_DN90079_c2_g2_i8:1469-1858  -            130 439736at33208        -            369   6.8e-09   32.8   0.1   2   2   2.6e-06   6.7e-05   19.7   0.0   189   227    87   125    82   129 0.85 -
Pdum_DN92425_c3_g2_i1:539-1228   -            230 439736at33208        -            369   1.1e-08   32.1   1.0   1   2   1.2e-09   3.1e-08   30.7   0.2    79   169     1    98     1   107 0.81 -
Pdum_DN92425_c3_g2_i1:539-1228   -            230 439736at33208        -            369   1.1e-08   32.1   1.0   2   2       2.3        61    0.1   0.0   223   286   140   203   127   220 0.64 -
Pdum_DN78364_c0_g1_i1:226-1314   -            363 439736at33208        -            369   1.3e-08   31.9   0.0   1   1     8e-10   2.1e-08   31.2   0.0   167   289    12   136     6   157 0.83 -
Pdum_DN75894_c0_g1_i3:333-1052   -            240 439736at33208        -            369   1.8e-08   31.4   8.3   1   3   0.00067     0.017   11.8   0.8   243   287     3    52     1    56 0.77 -
Pdum_DN75894_c0_g1_i3:333-1052   -            240 439736at33208        -            369   1.8e-08   31.4   8.3   2   3   3.3e-06   8.5e-05   19.4   0.1   116   249    58   186    51   193 0.65 -
Pdum_DN75894_c0_g1_i3:333-1052   -            240 439736at33208        -            369   1.8e-08   31.4   8.3   3   3      0.21       5.4    3.6   0.1   339   367   196   225   191   227 0.75 -
Pdum_DN82173_c1_g1_i7:1104-1730  -            209 439736at33208        -            369   1.8e-08   31.4   1.0   1   3      0.22       5.6    3.5   0.0   253   286     1    35     1    40 0.79 -
Pdum_DN82173_c1_g1_i7:1104-1730  -            209 439736at33208        -            369   1.8e-08   31.4   1.0   2   3    0.0061      0.16    8.6   0.1   332   368    41    78    38    79 0.84 -
Pdum_DN82173_c1_g1_i7:1104-1730  -            209 439736at33208        -            369   1.8e-08   31.4   1.0   3   3   0.00035    0.0092   12.7   0.0   101   150   159   208   144   209 0.86 -
Pdum_DN57990_c0_g1_i2:33-530     -            166 439736at33208        -            369   2.1e-08   31.2   0.1   1   1   1.7e-09   4.5e-08   30.1   0.1   187   286    62   166     1   166 0.83 -
Pdum_DN83655_c1_g1_i2:238-2439   -            734 439736at33208        -            369   2.2e-08   31.2   0.5   1   3   3.6e-05   0.00095   15.9   0.0   104   154    32    83    23    98 0.82 -
Pdum_DN83655_c1_g1_i2:238-2439   -            734 439736at33208        -            369   2.2e-08   31.2   0.5   2   3      0.46        12    2.4   0.0   190   238   158   207   150   241 0.78 -
Pdum_DN83655_c1_g1_i2:238-2439   -            734 439736at33208        -            369   2.2e-08   31.2   0.5   3   3     0.012      0.32    7.6   0.0   121   244   432   559   414   562 0.76 -
Pdum_DN75651_c0_g1_i1:179-1012   -            278 439736at33208        -            369   2.6e-08   30.9   4.2   1   4       1.5        39    0.7   0.0   230   281     4    56     2    60 0.75 -
Pdum_DN75651_c0_g1_i1:179-1012   -            278 439736at33208        -            369   2.6e-08   30.9   4.2   2   4      0.24       6.1    3.4   0.0   270   288    86   106    67   115 0.70 -
Pdum_DN75651_c0_g1_i1:179-1012   -            278 439736at33208        -            369   2.6e-08   30.9   4.2   3   4   3.5e-07     9e-06   22.6   0.7   169   284   117   233   111   263 0.88 -
Pdum_DN75651_c0_g1_i1:179-1012   -            278 439736at33208        -            369   2.6e-08   30.9   4.2   4   4       1.2        31    1.1   0.0   119   150   245   276   236   278 0.75 -
Pdum_DN66486_c0_g1_i1:419-1648   -            410 439736at33208        -            369   2.8e-08   30.8   6.2   1   2      0.15         4    4.0   0.1   112   160    58   107    49   121 0.74 -
Pdum_DN66486_c0_g1_i1:419-1648   -            410 439736at33208        -            369   2.8e-08   30.8   6.2   2   2   2.3e-09     6e-08   29.7   1.8    47   159   112   231   104   245 0.78 -
Pdum_DN84963_c1_g1_i6:1317-3311  -            665 439736at33208        -            369   4.6e-08   30.1   1.7   1   1   2.3e-09   6.1e-08   29.7   0.5   172   287    38   156    24   167 0.90 -
Pdum_DN70491_c0_g1_i1:1-1254     -            418 439736at33208        -            369     5e-08   30.0   0.5   1   1   3.2e-09   8.3e-08   29.3   0.0   206   290   178   268   161   276 0.83 -
Pdum_DN90581_c4_g2_i3:17-301     -             95 439736at33208        -            369   6.2e-08   29.7   0.1   1   1   1.3e-08   3.3e-07   27.3   0.1    89   153    26    93     8    95 0.70 -
Pdum_DN77673_c0_g1_i3:1295-1852  -            186 439736at33208        -            369   6.8e-08   29.6   0.2   1   1   3.3e-09   8.7e-08   29.2   0.2   119   287    19   183     5   185 0.82 -
Pdum_DN89809_c3_g1_i10:6324-7073 -            250 439736at33208        -            369   9.3e-08   29.1   1.2   1   1   6.7e-08   1.7e-06   24.9   1.2   120   248     1   126     1   169 0.77 -
Pdum_DN90796_c3_g1_i4:1517-2605  -            363 439736at33208        -            369   9.7e-08   29.0   3.9   1   4       5.9   1.5e+02   -1.2   0.0   340   368     7    35     4    36 0.86 -
Pdum_DN90796_c3_g1_i4:1517-2605  -            363 439736at33208        -            369   9.7e-08   29.0   3.9   2   4   0.00083     0.022   11.4   0.1   213   246    87   120    71   140 0.74 -
Pdum_DN90796_c3_g1_i4:1517-2605  -            363 439736at33208        -            369   9.7e-08   29.0   3.9   3   4   0.00043     0.011   12.4   0.1   104   212   156   257   144   272 0.81 -
Pdum_DN90796_c3_g1_i4:1517-2605  -            363 439736at33208        -            369   9.7e-08   29.0   3.9   4   4       0.2       5.1    3.6   0.0   118   243   328   359   299   362 0.62 -
Pdum_DN84981_c0_g1_i4:2535-3476  -            314 439736at33208        -            369   1.1e-07   28.9   0.4   1   1   9.7e-09   2.5e-07   27.7   0.4   189   247    79   136    54   179 0.84 -
Pdum_DN90517_c4_g1_i5:2-985      -            328 439736at33208        -            369   1.1e-07   28.8   1.4   1   2   3.3e-07   8.6e-06   22.6   0.5   205   288    43   146    14   159 0.68 -
Pdum_DN90517_c4_g1_i5:2-985      -            328 439736at33208        -            369   1.1e-07   28.8   1.4   2   2      0.19         5    3.7   0.0   115   151   202   241   174   272 0.60 -
Pdum_DN91312_c3_g1_i1:2567-3481  -            305 439736at33208        -            369   1.3e-07   28.6   0.2   1   4     0.043       1.1    5.8   0.1   124   237     2   109     1   125 0.61 -
Pdum_DN91312_c3_g1_i1:2567-3481  -            305 439736at33208        -            369   1.3e-07   28.6   0.2   2   4      0.02      0.51    6.9   0.0    94   133   150   192   145   199 0.81 -
Pdum_DN91312_c3_g1_i1:2567-3481  -            305 439736at33208        -            369   1.3e-07   28.6   0.2   3   4       1.3        33    1.0   0.0   270   286   241   257   212   262 0.74 -
Pdum_DN91312_c3_g1_i1:2567-3481  -            305 439736at33208        -            369   1.3e-07   28.6   0.2   4   4    0.0051      0.13    8.9   0.1   113   149   269   305   259   305 0.88 -
Pdum_DN63408_c0_g1_i3:4-960      -            319 439736at33208        -            369   1.9e-07   28.1   2.8   1   2   2.5e-08   6.5e-07   26.3   0.1   201   293     4    98     2   113 0.82 -
Pdum_DN63408_c0_g1_i3:4-960      -            319 439736at33208        -            369   1.9e-07   28.1   2.8   2   2      0.63        16    2.0   0.4   137   214   121   204   107   214 0.61 -
Pdum_DN92880_c2_g1_i2:4337-5176  -            280 439736at33208        -            369   4.2e-07   26.9   0.1   1   2       1.3        34    0.9   0.0   129   151    19    41     9    55 0.61 -
Pdum_DN92880_c2_g1_i2:4337-5176  -            280 439736at33208        -            369   4.2e-07   26.9   0.1   2   2     1e-07   2.7e-06   24.3   0.2   120   286    54   221    29   241 0.65 -
Pdum_DN74464_c0_g1_i5:1442-2167  -            242 439736at33208        -            369   7.4e-07   26.1   0.7   1   2   3.5e-06     9e-05   19.3   0.1   171   288     5   138     2   179 0.45 -
Pdum_DN74464_c0_g1_i5:1442-2167  -            242 439736at33208        -            369   7.4e-07   26.1   0.7   2   2      0.15       3.8    4.1   0.0   114   160   190   236   184   242 0.81 -
Pdum_DN88739_c2_g1_i2:407-1549   -            381 439736at33208        -            369   7.6e-07   26.1   1.2   1   2     2e-07   5.2e-06   23.3   0.1   142   296    92   264    30   269 0.78 -
Pdum_DN88739_c2_g1_i2:407-1549   -            381 439736at33208        -            369   7.6e-07   26.1   1.2   2   2      0.53        14    2.2   0.2   119   146   265   293   262   357 0.78 -
Pdum_DN81583_c1_g1_i3:660-1619   -            320 439736at33208        -            369   1.8e-06   24.9   0.0   1   2   0.00018    0.0047   13.6   0.0    92   288    71   272    34   278 0.70 -
Pdum_DN81583_c1_g1_i3:660-1619   -            320 439736at33208        -            369   1.8e-06   24.9   0.0   2   2      0.01      0.27    7.9   0.0   114   144   285   315   275   318 0.90 -
Pdum_DN89974_c1_g1_i2:3302-3844  -            181 439736at33208        -            369   1.9e-06   24.8   0.3   1   1   1.6e-07   4.1e-06   23.7   0.3    97   172     3    79     1   138 0.81 -
Pdum_DN90581_c4_g3_i1:18-467     -            150 439736at33208        -            369     2e-06   24.7   4.0   1   2   1.5e-05    0.0004   17.1   1.6   188   288     8   113     5   118 0.80 -
Pdum_DN90581_c4_g3_i1:18-467     -            150 439736at33208        -            369     2e-06   24.7   4.0   2   2   4.5e-05    0.0012   15.6   0.8   179   233    81   140    36   147 0.61 -
Pdum_DN38861_c0_g1_i1:595-1392   -            266 439736at33208        -            369     2e-06   24.7   0.1   1   2   0.00012     0.003   14.3   0.0   284   368    69   156    60   157 0.84 -
Pdum_DN38861_c0_g1_i1:595-1392   -            266 439736at33208        -            369     2e-06   24.7   0.1   2   2    0.0076       0.2    8.3   0.0   254   288   223   260   205   265 0.58 -
Pdum_DN83005_c1_g1_i1:16-1335    -            440 439736at33208        -            369   2.2e-06   24.6   5.0   1   2       2.4        62    0.1   0.0   235   247    20    32    10    53 0.70 -
Pdum_DN83005_c1_g1_i1:16-1335    -            440 439736at33208        -            369   2.2e-06   24.6   5.0   2   2   8.9e-07   2.3e-05   21.2   3.2    96   223    88   202    35   212 0.77 -
Pdum_DN83223_c0_g2_i1:739-1377   -            213 439736at33208        -            369   2.6e-06   24.3   0.6   1   2   9.2e-06   0.00024   17.9   0.1   310   367     8    64     5    69 0.87 -
Pdum_DN83223_c0_g2_i1:739-1377   -            213 439736at33208        -            369   2.6e-06   24.3   0.6   2   2     0.099       2.6    4.6   0.1   123   157   128   163    97   209 0.80 -
Pdum_DN73864_c0_g1_i1:430-1335   -            302 439736at33208        -            369   3.1e-06   24.1   0.0   1   2   1.4e-06   3.7e-05   20.5   0.0   127   284   119   281    91   284 0.82 -
Pdum_DN73864_c0_g1_i1:430-1335   -            302 439736at33208        -            369   3.1e-06   24.1   0.0   2   2    0.0048      0.13    8.9   0.0   114   152   246   284   243   301 0.83 -
Pdum_DN80062_c1_g1_i8:396-980    -            195 439736at33208        -            369   3.3e-06   24.0   2.5   1   2   0.00052     0.014   12.1   0.7   265   288     7    31     1    35 0.74 -
Pdum_DN80062_c1_g1_i8:396-980    -            195 439736at33208        -            369   3.3e-06   24.0   2.5   2   2   0.00073     0.019   11.6   0.0   201   287    87   180    82   190 0.68 -
Pdum_DN92312_c5_g1_i1:3890-4381  -            164 439736at33208        -            369   4.1e-06   23.7   0.0   1   2    0.0022     0.058   10.0   0.0   186   225    26    65    24    70 0.91 -
Pdum_DN92312_c5_g1_i1:3890-4381  -            164 439736at33208        -            369   4.1e-06   23.7   0.0   2   2    0.0012     0.033   10.9   0.0    92   153    75   136    68   160 0.88 -
Pdum_DN34036_c0_g1_i1:478-1620   -            381 439736at33208        -            369   7.4e-06   22.8   0.1   1   1     5e-07   1.3e-05   22.0   0.1   211   305   183   283   125   286 0.74 -
Pdum_DN92312_c4_g1_i6:372-914    -            181 439736at33208        -            369   8.5e-06   22.6   1.1   1   2   8.9e-07   2.3e-05   21.2   0.2   224   289    14    87     5   104 0.56 -
Pdum_DN92312_c4_g1_i6:372-914    -            181 439736at33208        -            369   8.5e-06   22.6   1.1   2   2       2.7        69   -0.1   0.0   270   286   161   177   156   179 0.83 -
Pdum_DN92600_c5_g2_i1:144-365    -             74 439736at33208        -            369   1.3e-05   22.1   0.0   1   1   4.8e-07   1.3e-05   22.1   0.0    95   150    18    73     2    74 0.92 -
Pdum_DN82853_c0_g1_i2:2495-3019  -            175 439736at33208        -            369   1.5e-05   21.8   0.3   1   1   1.2e-06   3.2e-05   20.7   0.2   119   250     2   126     1   134 0.72 -
Pdum_DN90616_c3_g1_i1:602-1432   -            277 439736at33208        -            369   1.6e-05   21.7   0.1   1   2     0.017      0.45    7.1   0.1    95   126     6    37     1    56 0.70 -
Pdum_DN90616_c3_g1_i1:602-1432   -            277 439736at33208        -            369   1.6e-05   21.7   0.1   2   2     0.001     0.027   11.1   0.0    93   153    61   120    43   150 0.82 -
Pdum_DN88147_c0_g1_i1:430-1308   -            293 439736at33208        -            369   1.7e-05   21.7   1.0   1   2     0.027       0.7    6.5   0.1    98   142     2    46     1    63 0.78 -
Pdum_DN88147_c0_g1_i1:430-1308   -            293 439736at33208        -            369   1.7e-05   21.7   1.0   2   2    0.0022     0.056   10.1   0.1   193   298   172   280    82   289 0.69 -
Pdum_DN69324_c0_g1_i2:232-1023   -            264 439736at33208        -            369   1.9e-05   21.5   0.2   1   2   5.3e-06   0.00014   18.7   0.2    96   151    36    94    27   124 0.67 -
Pdum_DN69324_c0_g1_i2:232-1023   -            264 439736at33208        -            369   1.9e-05   21.5   0.2   2   2         2        52    0.3   0.0   146   188   119   161   108   182 0.73 -
Pdum_DN70029_c0_g1_i5:236-670    -            145 439736at33208        -            369   2.2e-05   21.3   0.0   1   1   1.5e-06     4e-05   20.4   0.0   111   228    10   129     1   142 0.74 -
Pdum_DN55647_c0_g1_i2:33-551     -            173 439736at33208        -            369   5.6e-05   19.9   0.4   1   2   1.7e-05   0.00045   17.0   0.2   120   167     3    50     1    84 0.84 -
Pdum_DN55647_c0_g1_i2:33-551     -            173 439736at33208        -            369   5.6e-05   19.9   0.4   2   2      0.97        25    1.3   0.0   110   153   112   155    94   165 0.76 -
Pdum_DN84536_c0_g1_i1:2255-2878  -            208 439736at33208        -            369   5.7e-05   19.9   0.1   1   2     0.023       0.6    6.7   0.0    93   128    61    95    36   131 0.59 -
Pdum_DN84536_c0_g1_i1:2255-2878  -            208 439736at33208        -            369   5.7e-05   19.9   0.1   2   2   0.00083     0.022   11.4   0.1   338   368   169   200   159   201 0.88 -
Pdum_DN89096_c2_g3_i4:2-1384     -            461 439736at33208        -            369   6.2e-05   19.8   0.3   1   3      0.53        14    2.2   0.0   339   368    12    41     4    42 0.88 -
Pdum_DN89096_c2_g3_i4:2-1384     -            461 439736at33208        -            369   6.2e-05   19.8   0.3   2   3     0.096       2.5    4.7   0.1   328   368    94   134    90   135 0.76 -
Pdum_DN89096_c2_g3_i4:2-1384     -            461 439736at33208        -            369   6.2e-05   19.8   0.3   3   3    0.0067      0.17    8.5   0.0   170   245   183   256   164   259 0.88 -
Pdum_DN69263_c0_g1_i1:405-1196   -            264 439736at33208        -            369   9.5e-05   19.2  10.0   1   2   9.7e-05    0.0025   14.5   0.1   314   368     8    63     2    64 0.83 -
Pdum_DN69263_c0_g1_i1:405-1196   -            264 439736at33208        -            369   9.5e-05   19.2  10.0   2   2    0.0014     0.036   10.7   7.2    83   277    31   256    26   263 0.64 -
Pdum_DN89812_c3_g1_i3:2-727      -            242 439736at33208        -            369   0.00012   18.9   0.0   1   2   4.4e-05    0.0011   15.6   0.0    68   151    35   124    13   135 0.77 -
Pdum_DN89812_c3_g1_i3:2-727      -            242 439736at33208        -            369   0.00012   18.9   0.0   2   2       1.1        29    1.1   0.0   307   326   152   172   150   192 0.69 -
Pdum_DN86351_c0_g1_i1:4485-5351  -            289 439736at33208        -            369   0.00012   18.9   0.1   1   2     0.048       1.3    5.6   0.0   117   247   116   245   102   249 0.62 -
Pdum_DN86351_c0_g1_i1:4485-5351  -            289 439736at33208        -            369   0.00012   18.9   0.1   2   2   0.00029    0.0077   12.9   0.1   322   368   239   287   193   288 0.86 -
Pdum_DN84945_c0_g1_i5:1762-2376  -            205 439736at33208        -            369   0.00014   18.7   0.1   1   1   1.6e-05   0.00043   17.1   0.0   219   326    60   174    48   181 0.79 -
Pdum_DN92828_c4_g1_i1:1100-1621  -            174 439736at33208        -            369    0.0002   18.1   1.7   1   2   9.4e-05    0.0024   14.6   0.3   171   228     1    58     1   102 0.86 -
Pdum_DN92828_c4_g1_i1:1100-1621  -            174 439736at33208        -            369    0.0002   18.1   1.7   2   2      0.35       9.2    2.8   0.1   123   150   141   168   108   173 0.64 -
Pdum_DN90172_c5_g1_i3:2389-3285  -            299 439736at33208        -            369   0.00037   17.3   1.2   1   2    0.0084      0.22    8.1   0.1    94   127   138   171   130   195 0.72 -
Pdum_DN90172_c5_g1_i3:2389-3285  -            299 439736at33208        -            369   0.00037   17.3   1.2   2   2     0.014      0.35    7.5   0.1   166   203   260   298   240   299 0.72 -
Pdum_DN83917_c0_g1_i10:2-1282    -            427 439736at33208        -            369   0.00038   17.2   0.0   1   2   1.5e-05   0.00038   17.2   0.0   122   288   155   317   137   338 0.82 -
Pdum_DN83917_c0_g1_i10:2-1282    -            427 439736at33208        -            369   0.00038   17.2   0.0   2   2      0.49        13    2.3   0.1   271   288   300   317   271   368 0.64 -
Pdum_DN90901_c7_g1_i5:256-1545   -            430 439736at33208        -            369   0.00052   16.8   0.4   1   3       3.3        87   -0.4   0.0   254   292    56    95    48   101 0.73 -
Pdum_DN90901_c7_g1_i5:256-1545   -            430 439736at33208        -            369   0.00052   16.8   0.4   2   3     0.017      0.45    7.1   0.2   215   261   147   194   132   225 0.50 -
Pdum_DN90901_c7_g1_i5:256-1545   -            430 439736at33208        -            369   0.00052   16.8   0.4   3   3     0.077         2    5.0   0.0   162   189   271   298   237   305 0.69 -
Pdum_DN91069_c3_g1_i7:2506-3243  -            246 439736at33208        -            369   0.00053   16.8   1.0   1   3     0.015      0.39    7.3   0.4   252   286    25    66     7    74 0.65 -
Pdum_DN91069_c3_g1_i7:2506-3243  -            246 439736at33208        -            369   0.00053   16.8   1.0   2   3      0.06       1.6    5.3   0.0   109   148    80   119    77   134 0.71 -
Pdum_DN91069_c3_g1_i7:2506-3243  -            246 439736at33208        -            369   0.00053   16.8   1.0   3   3       1.8        48    0.4   0.0   272   308   192   228   174   234 0.78 -
Pdum_DN86294_c0_g1_i3:101-3103   -           1001 439736at33208        -            369    0.0015   15.3   2.9   1   2     0.095       2.5    4.7   0.0   216   302    12    97     6   101 0.77 -
Pdum_DN86294_c0_g1_i3:101-3103   -           1001 439736at33208        -            369    0.0015   15.3   2.9   2   2    0.0045      0.12    9.0   0.0   212   246   130   164   111   200 0.76 -
Pdum_DN77163_c0_g1_i7:250-627    -            126 439736at33208        -            369    0.0015   15.2   0.0   1   1   0.00013    0.0033   14.1   0.0    94   153    11    72     5   104 0.76 -
Pdum_DN87538_c0_g1_i11:59-631    -            191 439736at33208        -            369    0.0029   14.3   0.1   1   2   0.00094     0.025   11.3   0.0   118   161     2    45     1    71 0.75 -
Pdum_DN87538_c0_g1_i11:59-631    -            191 439736at33208        -            369    0.0029   14.3   0.1   2   2       1.1        28    1.2   0.0   317   365    73   122    63   125 0.71 -
Pdum_DN90416_c1_g1_i6:5174-6010  -            279 439736at33208        -            369     0.003   14.3   0.9   1   3       2.9        75   -0.2   0.0   139   152    78    91    35   121 0.70 -
Pdum_DN90416_c1_g1_i6:5174-6010  -            279 439736at33208        -            369     0.003   14.3   0.9   2   3      0.39        10    2.7   0.1   119   183   140   200   126   207 0.74 -
Pdum_DN90416_c1_g1_i6:5174-6010  -            279 439736at33208        -            369     0.003   14.3   0.9   3   3     0.002     0.053   10.2   0.1   220   278   195   257   186   279 0.77 -
Pdum_DN69316_c0_g1_i1:312-956    -            215 439736at33208        -            369    0.0035   14.0   0.3   1   1   0.00028    0.0074   13.0   0.3   165   254    41   133     7   172 0.69 -
Pdum_DN78867_c0_g1_i4:315-983    -            223 439736at33208        -            369    0.0083   12.8   0.0   1   1   0.00051     0.013   12.1   0.0   168   240    91   163    30   178 0.81 -
Pdum_DN83131_c0_g1_i8:1091-1750  -            220 439736at33208        -            369    0.0094   12.6   0.0   1   2      0.31       8.1    3.0   0.0   255   296    84   130    57   137 0.64 -
Pdum_DN83131_c0_g1_i8:1091-1750  -            220 439736at33208        -            369    0.0094   12.6   0.0   2   2     0.012       0.3    7.7   0.0   109   150   177   218   156   220 0.82 -
Pdum_DN85858_c0_g1_i11:292-1188  -            299 439736at33208        -            369    0.0095   12.6   0.1   1   1   0.00077      0.02   11.6   0.0   273   304   147   179    99   233 0.76 -
Pdum_DN85938_c0_g1_i1:258-608    -            117 439736at33208        -            369     0.011   12.4   0.0   1   1   0.00042     0.011   12.4   0.0    85   149     6    73     1   101 0.76 -
Pdum_DN91159_c2_g2_i3:4324-5103  -            260 439736at33208        -            369     0.014   12.0   0.0   1   2    0.0019     0.049   10.3   0.0   101   156    16    71     8    95 0.89 -
Pdum_DN91159_c2_g2_i3:4324-5103  -            260 439736at33208        -            369     0.014   12.0   0.0   2   2       7.4   1.9e+02   -1.5   0.0   353   368   143   158   123   185 0.63 -
Pdum_DN82465_c0_g2_i1:488-1204   -            239 439736at33208        -            369     0.019   11.6   0.0   1   3      0.35       9.2    2.8   0.0    96   129     3    36     1    87 0.74 -
Pdum_DN82465_c0_g2_i1:488-1204   -            239 439736at33208        -            369     0.019   11.6   0.0   2   3       3.5        91   -0.5   0.0   334   369   111   146   107   147 0.79 -
Pdum_DN82465_c0_g2_i1:488-1204   -            239 439736at33208        -            369     0.019   11.6   0.0   3   3      0.06       1.6    5.3   0.0   200   244   192   237   179   239 0.85 -
Pdum_DN75371_c0_g2_i4:68-763     -            232 439736at33208        -            369     0.022   11.4   0.4   1   2       2.7        70   -0.1   0.0   275   291     6    22     1    57 0.58 -
Pdum_DN75371_c0_g2_i4:68-763     -            232 439736at33208        -            369     0.022   11.4   0.4   2   2     0.005      0.13    8.9   0.1   100   170   139   210   134   232 0.67 -
Pdum_DN91057_c2_g1_i2:7938-8480  -            181 439736at33208        -            369     0.038   10.6   0.0   1   1    0.0018     0.047   10.3   0.0   196   261    63   127    28   130 0.78 -
#
# Program:         hmmsearch
# Version:         3.1b2 (February 2015)
# Pipeline mode:   SEARCH
# Query file:      /mnt/f/phylo/WORMS/busco_analysis/busco_downloads/lineages/metazoa_odb10/hmms/439736at33208.hmm
# Target file:     /mnt/f/phylo/WORMS/busco_analysis/metazoa_lineage_result/run_metazoa_odb10/metaeuk_output/initial_results/Platynereis_ref.eggnog_filter.nucl.fasta.modified.fas
# Option settings: hmmsearch --domtblout /mnt/f/phylo/WORMS/busco_analysis/metazoa_lineage_result/run_metazoa_odb10/hmmer_output/initial_run_results/439736at33208.out --cpu 1 /mnt/f/phylo/WORMS/busco_analysis/busco_downloads/lineages/metazoa_odb10/hmms/439736at33208.hmm /mnt/f/phylo/WORMS/busco_analysis/metazoa_lineage_result/run_metazoa_odb10/metaeuk_output/initial_results/Platynereis_ref.eggnog_filter.nucl.fasta.modified.fas 
# Current dir:     /mnt/f/phylo/WORMS/busco_analysis
# Date:            Sun Mar 12 20:42:23 2023
# [ok]
