#                                                                                       --- full sequence --- -------------- this domain -------------   hmm coord   ali coord   env coord
# target name                   accession   tlen query name           accession   qlen   E-value  score  bias   #  of  c-Evalue  i-Evalue  score  bias  from    to  from    to  from    to  acc description of target
#           ------------------- ---------- ----- -------------------- ---------- ----- --------- ------ ----- --- --- --------- --------- ------ ----- ----- ----- ----- ----- ----- ----- ---- ---------------------
Pdum_DN81885_c0_g2_i4:6-884     -            293 442169at33208        -            349   3.5e-87  290.5  20.3   1   1   8.2e-89   4.4e-87  290.2  20.3     9   245    39   292    32   293 0.89 -
Pdum_DN81885_c0_g1_i3:171-620   -            150 442169at33208        -            349   5.2e-29   99.2   4.5   1   1   1.2e-30   6.7e-29   98.9   4.5   243   338     1   112     1   124 0.84 -
Pdum_DN70372_c0_g2_i4:88-1356   -            423 442169at33208        -            349     1e-09   35.8  16.1   1   3      0.14       7.4    3.4   0.2   169   196     2    29     1    36 0.89 -
Pdum_DN70372_c0_g2_i4:88-1356   -            423 442169at33208        -            349     1e-09   35.8  16.1   2   3   0.00066     0.036   11.0   5.3   152   226    60   137    55   149 0.82 -
Pdum_DN70372_c0_g2_i4:88-1356   -            423 442169at33208        -            349     1e-09   35.8  16.1   3   3   4.5e-09   2.4e-07   28.0   0.2   119   198   196   278   183   296 0.83 -
Pdum_DN90690_c4_g1_i3:2291-3484 -            398 442169at33208        -            349   7.2e-05   19.8  44.2   1   6   0.00025     0.014   12.3   1.1   170   193     2    25     1    30 0.91 -
Pdum_DN90690_c4_g1_i3:2291-3484 -            398 442169at33208        -            349   7.2e-05   19.8  44.2   2   6    0.0045      0.24    8.2   0.2   171   191    31    51    26    58 0.89 -
Pdum_DN90690_c4_g1_i3:2291-3484 -            398 442169at33208        -            349   7.2e-05   19.8  44.2   3   6    0.0017     0.093    9.6   0.5   170   191    92   113    85   122 0.86 -
Pdum_DN90690_c4_g1_i3:2291-3484 -            398 442169at33208        -            349   7.2e-05   19.8  44.2   4   6   9.7e-05    0.0053   13.7   6.1   121   190   189   261   166   270 0.82 -
Pdum_DN90690_c4_g1_i3:2291-3484 -            398 442169at33208        -            349   7.2e-05   19.8  44.2   5   6      0.77        42    0.9   0.3   171   190   270   289   262   293 0.81 -
Pdum_DN90690_c4_g1_i3:2291-3484 -            398 442169at33208        -            349   7.2e-05   19.8  44.2   6   6         1        57    0.4   1.5   168   193   328   353   310   382 0.89 -
Pdum_DN79039_c1_g2_i6:672-1262  -            197 442169at33208        -            349   0.00012   19.1   2.6   1   4      0.14       7.4    3.3   0.2   171   194    29    52    19    59 0.85 -
Pdum_DN79039_c1_g2_i6:672-1262  -            197 442169at33208        -            349   0.00012   19.1   2.6   2   4      0.61        33    1.2   4.6   165   191    82   108    79   116 0.77 -
Pdum_DN79039_c1_g2_i6:672-1262  -            197 442169at33208        -            349   0.00012   19.1   2.6   3   4     0.078       4.2    4.2   0.6   173   191   145   163   140   168 0.88 -
Pdum_DN79039_c1_g2_i6:672-1262  -            197 442169at33208        -            349   0.00012   19.1   2.6   4   4   2.3e-06   0.00012   19.1   2.6   172   195   172   195   164   197 0.93 -
Pdum_DN88785_c2_g1_i3:1061-1816 -            252 442169at33208        -            349   0.00013   19.0  37.6   1   6      0.02       1.1    6.1   3.2   173   193     2    22     1    27 0.88 -
Pdum_DN88785_c2_g1_i3:1061-1816 -            252 442169at33208        -            349   0.00013   19.0  37.6   2   6   0.00092      0.05   10.5   0.2   171   192    28    49    23    55 0.89 -
Pdum_DN88785_c2_g1_i3:1061-1816 -            252 442169at33208        -            349   0.00013   19.0  37.6   3   6      0.94        51    0.6   9.8   114   192    81   163    67   169 0.73 -
Pdum_DN88785_c2_g1_i3:1061-1816 -            252 442169at33208        -            349   0.00013   19.0  37.6   4   6   0.00016    0.0085   13.0   0.1   171   191   170   190   163   198 0.87 -
Pdum_DN88785_c2_g1_i3:1061-1816 -            252 442169at33208        -            349   0.00013   19.0  37.6   5   6      0.28        15    2.3   0.0   170   191   197   218   191   224 0.88 -
Pdum_DN88785_c2_g1_i3:1061-1816 -            252 442169at33208        -            349   0.00013   19.0  37.6   6   6      0.24        13    2.5   0.1   172   192   227   247   219   251 0.89 -
Pdum_DN78317_c0_g1_i2:475-2034  -            520 442169at33208        -            349   0.00026   18.0   0.7   1   3      0.86        47    0.7   2.5    47   114   155   219   148   245 0.82 -
Pdum_DN78317_c0_g1_i2:475-2034  -            520 442169at33208        -            349   0.00026   18.0   0.7   2   3   4.7e-06   0.00026   18.0   0.7   166   199   303   336   300   342 0.91 -
Pdum_DN78317_c0_g1_i2:475-2034  -            520 442169at33208        -            349   0.00026   18.0   0.7   3   3      0.29        16    2.3   0.0   172   195   490   513   482   520 0.71 -
Pdum_DN77293_c4_g1_i2:24-512    -            163 442169at33208        -            349   0.00026   18.0  13.1   1   4      0.35        19    2.0   0.1   172   192     4    24     1    30 0.87 -
Pdum_DN77293_c4_g1_i2:24-512    -            163 442169at33208        -            349   0.00026   18.0  13.1   2   4      0.26        14    2.5   0.3   171   195    31    55    26    64 0.76 -
Pdum_DN77293_c4_g1_i2:24-512    -            163 442169at33208        -            349   0.00026   18.0  13.1   3   4     1e-05   0.00055   16.9   0.6   162   193    88   119    85   124 0.90 -
Pdum_DN77293_c4_g1_i2:24-512    -            163 442169at33208        -            349   0.00026   18.0  13.1   4   4      0.12       6.3    3.6   0.1   172   191   126   145   123   151 0.86 -
Pdum_DN83320_c3_g2_i3:2-655     -            218 442169at33208        -            349   0.00028   17.9  15.9   1   7      0.28        15    2.3   0.1   169   192    13    36     5    43 0.80 -
Pdum_DN83320_c3_g2_i3:2-655     -            218 442169at33208        -            349   0.00028   17.9  15.9   2   7      0.74        40    0.9   0.0   173   190    45    62    40    72 0.83 -
Pdum_DN83320_c3_g2_i3:2-655     -            218 442169at33208        -            349   0.00028   17.9  15.9   3   7      0.41        23    1.8   0.0   170   192    70    92    63   101 0.86 -
Pdum_DN83320_c3_g2_i3:2-655     -            218 442169at33208        -            349   0.00028   17.9  15.9   4   7    0.0093       0.5    7.2   0.1   170   192    99   121    97   127 0.88 -
Pdum_DN83320_c3_g2_i3:2-655     -            218 442169at33208        -            349   0.00028   17.9  15.9   5   7     0.023       1.3    5.9   0.2   169   190   124   145   121   149 0.88 -
Pdum_DN83320_c3_g2_i3:2-655     -            218 442169at33208        -            349   0.00028   17.9  15.9   6   7      0.11       5.8    3.7   0.1   173   191   156   174   151   178 0.87 -
Pdum_DN83320_c3_g2_i3:2-655     -            218 442169at33208        -            349   0.00028   17.9  15.9   7   7      0.32        18    2.1   0.0   172   191   182   201   180   207 0.88 -
Pdum_DN80756_c2_g2_i11:59-451   -            131 442169at33208        -            349   0.00059   16.8   0.2   1   2      0.15         8    3.2   0.2   172   190     4    22     1    31 0.87 -
Pdum_DN80756_c2_g2_i11:59-451   -            131 442169at33208        -            349   0.00059   16.8   0.2   2   2   1.1e-05   0.00059   16.8   0.2   163   193    51    81    47    88 0.89 -
Pdum_DN89273_c2_g1_i7:2263-2670 -            136 442169at33208        -            349   0.00078   16.4  10.2   1   4   0.00018    0.0096   12.8   0.9   171   192     3    24     1    32 0.91 -
Pdum_DN89273_c2_g1_i7:2263-2670 -            136 442169at33208        -            349   0.00078   16.4  10.2   2   4      0.24        13    2.5   0.1   173   190    33    50    28    60 0.81 -
Pdum_DN89273_c2_g1_i7:2263-2670 -            136 442169at33208        -            349   0.00078   16.4  10.2   3   4      0.32        17    2.1   0.0   171   193    87   109    78   113 0.85 -
Pdum_DN89273_c2_g1_i7:2263-2670 -            136 442169at33208        -            349   0.00078   16.4  10.2   4   4      0.18       9.6    3.0   0.1   172   191   116   135   112   136 0.90 -
Pdum_DN69272_c1_g2_i10:413-1426 -            338 442169at33208        -            349   0.00089   16.2  48.5   1   8      0.85        46    0.7   0.2   172   191     5    24     2    30 0.75 -
Pdum_DN69272_c1_g2_i10:413-1426 -            338 442169at33208        -            349   0.00089   16.2  48.5   2   8     7e-05    0.0038   14.2   4.7   171   191    32    52    27    59 0.91 -
Pdum_DN69272_c1_g2_i10:413-1426 -            338 442169at33208        -            349   0.00089   16.2  48.5   3   8       2.6   1.4e+02   -0.8   0.0   173   192    62    81    53    88 0.81 -
Pdum_DN69272_c1_g2_i10:413-1426 -            338 442169at33208        -            349   0.00089   16.2  48.5   4   8      0.11       6.1    3.6   0.0   169   192    86   109    80   114 0.87 -
Pdum_DN69272_c1_g2_i10:413-1426 -            338 442169at33208        -            349   0.00089   16.2  48.5   5   8     0.014      0.74    6.6   0.6   171   190   116   135   113   142 0.89 -
Pdum_DN69272_c1_g2_i10:413-1426 -            338 442169at33208        -            349   0.00089   16.2  48.5   6   8     0.014      0.76    6.6   6.1   118   191   142   223   136   230 0.72 -
Pdum_DN69272_c1_g2_i10:413-1426 -            338 442169at33208        -            349   0.00089   16.2  48.5   7   8     0.037         2    5.2   5.6   109   191   223   310   220   319 0.78 -
Pdum_DN69272_c1_g2_i10:413-1426 -            338 442169at33208        -            349   0.00089   16.2  48.5   8   8      0.33        18    2.1   0.3   172   191   319   338   308   338 0.82 -
Pdum_DN84146_c0_g3_i2:44-469    -            142 442169at33208        -            349    0.0014   15.6  19.4   1   3       2.3   1.3e+02   -0.7   7.6   169   193    47    71     3    76 0.66 -
Pdum_DN84146_c0_g3_i2:44-469    -            142 442169at33208        -            349    0.0014   15.6  19.4   2   3    0.0025      0.13    9.1   0.5   170   193    76    99    72   106 0.85 -
Pdum_DN84146_c0_g3_i2:44-469    -            142 442169at33208        -            349    0.0014   15.6  19.4   3   3   0.00019      0.01   12.7   0.2   168   192   102   126    99   131 0.84 -
Pdum_DN80849_c0_g1_i1:1652-2146 -            165 442169at33208        -            349     0.002   15.1  14.4   1   6      0.35        19    2.0   0.0   171   193     5    27     3    32 0.88 -
Pdum_DN80849_c0_g1_i1:1652-2146 -            165 442169at33208        -            349     0.002   15.1  14.4   2   6     0.038       2.1    5.2   0.5   171   192    33    54    27    60 0.85 -
Pdum_DN80849_c0_g1_i1:1652-2146 -            165 442169at33208        -            349     0.002   15.1  14.4   3   6     0.038       2.1    5.2   0.2   171   193    61    83    54    88 0.88 -
Pdum_DN80849_c0_g1_i1:1652-2146 -            165 442169at33208        -            349     0.002   15.1  14.4   4   6      0.55        30    1.3   0.0   172   191    90   109    86   116 0.85 -
Pdum_DN80849_c0_g1_i1:1652-2146 -            165 442169at33208        -            349     0.002   15.1  14.4   5   6    0.0033      0.18    8.7   0.2   164   193   110   139   106   148 0.85 -
Pdum_DN80849_c0_g1_i1:1652-2146 -            165 442169at33208        -            349     0.002   15.1  14.4   6   6       1.7        91   -0.2   0.0   168   191   142   165   139   165 0.85 -
Pdum_DN72368_c0_g1_i4:143-637   -            165 442169at33208        -            349     0.003   14.5  11.4   1   4      0.26        14    2.4   0.0   168   191     3    26     1    32 0.85 -
Pdum_DN72368_c0_g1_i4:143-637   -            165 442169at33208        -            349     0.003   14.5  11.4   2   4      0.15       8.1    3.2   0.2    11    34    33    57    27    62 0.81 -
Pdum_DN72368_c0_g1_i4:143-637   -            165 442169at33208        -            349     0.003   14.5  11.4   3   4     0.015      0.81    6.5   0.1   173   191    92   110    87   118 0.85 -
Pdum_DN72368_c0_g1_i4:143-637   -            165 442169at33208        -            349     0.003   14.5  11.4   4   4      0.01      0.56    7.0   1.5   168   193   115   140   111   155 0.88 -
Pdum_DN88633_c6_g1_i1:2-346     -            115 442169at33208        -            349    0.0032   14.4   9.1   1   4      0.76        41    0.9   0.1   172   192     4    24     1    29 0.84 -
Pdum_DN88633_c6_g1_i1:2-346     -            115 442169at33208        -            349    0.0032   14.4   9.1   2   4     0.069       3.7    4.3   0.1   172   190    32    50    28    60 0.84 -
Pdum_DN88633_c6_g1_i1:2-346     -            115 442169at33208        -            349    0.0032   14.4   9.1   3   4    0.0026      0.14    9.0   0.3   172   193    60    81    51    86 0.88 -
Pdum_DN88633_c6_g1_i1:2-346     -            115 442169at33208        -            349    0.0032   14.4   9.1   4   4     0.064       3.5    4.4   0.1   173   192    89   108    85   113 0.86 -
Pdum_DN88156_c1_g1_i3:14-643    -            210 442169at33208        -            349    0.0035   14.3  23.1   1   3    0.0019       0.1    9.5   0.3     9    39    12    42     4    69 0.66 -
Pdum_DN88156_c1_g1_i3:14-643    -            210 442169at33208        -            349    0.0035   14.3  23.1   2   3      0.32        17    2.1   2.3   171   190    81   100    71   108 0.85 -
Pdum_DN88156_c1_g1_i3:14-643    -            210 442169at33208        -            349    0.0035   14.3  23.1   3   3   9.9e-05    0.0054   13.7   6.4   113   190   104   183   101   196 0.81 -
Pdum_DN69059_c0_g1_i3:202-996   -            265 442169at33208        -            349    0.0055   13.6   1.4   1   6    0.0001    0.0055   13.6   1.4   169   192    38    61    12    66 0.87 -
Pdum_DN69059_c0_g1_i3:202-996   -            265 442169at33208        -            349    0.0055   13.6   1.4   2   6     0.064       3.5    4.4   1.3   173   190    70    87    61    92 0.90 -
Pdum_DN69059_c0_g1_i3:202-996   -            265 442169at33208        -            349    0.0055   13.6   1.4   3   6      0.48        26    1.6   1.3   169   197   100   128    93   135 0.85 -
Pdum_DN69059_c0_g1_i3:202-996   -            265 442169at33208        -            349    0.0055   13.6   1.4   4   6      0.66        36    1.1   0.1    10    34   157   182   149   185 0.65 -
Pdum_DN69059_c0_g1_i3:202-996   -            265 442169at33208        -            349    0.0055   13.6   1.4   5   6    0.0027      0.14    9.0   1.6   170   193   187   210   178   216 0.88 -
Pdum_DN69059_c0_g1_i3:202-996   -            265 442169at33208        -            349    0.0055   13.6   1.4   6   6      0.38        20    1.9   0.2   171   193   216   238   210   244 0.85 -
Pdum_DN81774_c0_g1_i8:1877-3124 -            416 442169at33208        -            349    0.0079   13.1   0.2   1  10       1.8        97   -0.3   0.1   172   190    19    37    16    44 0.78 -
Pdum_DN81774_c0_g1_i8:1877-3124 -            416 442169at33208        -            349    0.0079   13.1   0.2   2  10      0.19        11    2.8   2.0   169   189    44    64    31    70 0.71 -
Pdum_DN81774_c0_g1_i8:1877-3124 -            416 442169at33208        -            349    0.0079   13.1   0.2   3  10     0.082       4.4    4.1   1.4   171   191    76    96    73   107 0.88 -
Pdum_DN81774_c0_g1_i8:1877-3124 -            416 442169at33208        -            349    0.0079   13.1   0.2   4  10   0.00015    0.0079   13.1   0.2   165   189   134   158   130   163 0.92 -
Pdum_DN81774_c0_g1_i8:1877-3124 -            416 442169at33208        -            349    0.0079   13.1   0.2   5  10      0.12       6.6    3.5   0.1   172   193   169   190   159   195 0.88 -
Pdum_DN81774_c0_g1_i8:1877-3124 -            416 442169at33208        -            349    0.0079   13.1   0.2   6  10      0.17       9.3    3.0   0.2   172   190   197   215   193   222 0.90 -
Pdum_DN81774_c0_g1_i8:1877-3124 -            416 442169at33208        -            349    0.0079   13.1   0.2   7  10      0.41        22    1.8   0.2   169   189   223   243   216   251 0.88 -
Pdum_DN81774_c0_g1_i8:1877-3124 -            416 442169at33208        -            349    0.0079   13.1   0.2   8  10      0.87        47    0.7   0.2   169   196   251   276   244   287 0.77 -
Pdum_DN81774_c0_g1_i8:1877-3124 -            416 442169at33208        -            349    0.0079   13.1   0.2   9  10       1.1        61    0.3   0.5   168   192   318   340   313   351 0.79 -
Pdum_DN81774_c0_g1_i8:1877-3124 -            416 442169at33208        -            349    0.0079   13.1   0.2  10  10       1.6        85   -0.1   0.2   103   144   361   401   355   409 0.78 -
Pdum_DN86174_c0_g1_i7:988-1344  -            119 442169at33208        -            349    0.0082   13.1   0.2   1   3   0.00015    0.0082   13.1   0.2   173   193     3    23     1    25 0.89 -
Pdum_DN86174_c0_g1_i7:988-1344  -            119 442169at33208        -            349    0.0082   13.1   0.2   2   3      0.74        40    0.9   4.5   171   192    26    47    24    52 0.84 -
Pdum_DN86174_c0_g1_i7:988-1344  -            119 442169at33208        -            349    0.0082   13.1   0.2   3   3     0.023       1.3    5.9   0.3   171   193    54    76    51   109 0.89 -
Pdum_DN72357_c0_g1_i4:739-1398  -            220 442169at33208        -            349     0.012   12.5  29.1   1   4     0.011       0.6    6.9   7.1   119   191    35   110    17   115 0.78 -
Pdum_DN72357_c0_g1_i4:739-1398  -            220 442169at33208        -            349     0.012   12.5  29.1   2   4      0.58        31    1.3   0.2   171   191   116   136   111   144 0.84 -
Pdum_DN72357_c0_g1_i4:739-1398  -            220 442169at33208        -            349     0.012   12.5  29.1   3   4    0.0093       0.5    7.2   0.9   171   191   144   164   136   170 0.87 -
Pdum_DN72357_c0_g1_i4:739-1398  -            220 442169at33208        -            349     0.012   12.5  29.1   4   4    0.0021      0.12    9.3   1.6   171   191   172   192   165   201 0.88 -
Pdum_DN64446_c0_g1_i1:631-1941  -            437 442169at33208        -            349     0.015   12.2   0.2   1   5         3   1.6e+02   -1.1   1.2   172   190     2    20     1    26 0.87 -
Pdum_DN64446_c0_g1_i1:631-1941  -            437 442169at33208        -            349     0.015   12.2   0.2   2   5       1.1        60    0.4   0.6   172   196    34    58    32    60 0.83 -
Pdum_DN64446_c0_g1_i1:631-1941  -            437 442169at33208        -            349     0.015   12.2   0.2   3   5     0.032       1.7    5.4   4.4   105   168    47   109    40   113 0.78 -
Pdum_DN64446_c0_g1_i1:631-1941  -            437 442169at33208        -            349     0.015   12.2   0.2   4   5   0.00028     0.015   12.2   0.2   169   190   234   255   222   260 0.88 -
Pdum_DN64446_c0_g1_i1:631-1941  -            437 442169at33208        -            349     0.015   12.2   0.2   5   5       4.9   2.6e+02   -1.8   0.2   240   261   281   304   277   309 0.52 -
Pdum_DN91846_c6_g1_i1:337-669   -            111 442169at33208        -            349     0.025   11.5  17.2   1   4   0.00064     0.035   11.0   0.8   170   193     4    27     1    32 0.89 -
Pdum_DN91846_c6_g1_i1:337-669   -            111 442169at33208        -            349     0.025   11.5  17.2   2   4       0.6        33    1.2   0.1   173   193    35    55    31    64 0.83 -
Pdum_DN91846_c6_g1_i1:337-669   -            111 442169at33208        -            349     0.025   11.5  17.2   3   4      0.93        51    0.6   0.3   169   190    59    80    47    87 0.71 -
Pdum_DN91846_c6_g1_i1:337-669   -            111 442169at33208        -            349     0.025   11.5  17.2   4   4      0.05       2.7    4.8   6.3   168   192    86   110    76   111 0.86 -
Pdum_DN75245_c1_g1_i2:1005-1367 -            121 442169at33208        -            349     0.027   11.4  17.7   1   4    0.0021      0.11    9.3   0.1   173   193     1    21     1    28 0.92 -
Pdum_DN75245_c1_g1_i2:1005-1367 -            121 442169at33208        -            349     0.027   11.4  17.7   2   4      0.11       5.8    3.7   1.1   172   193    28    49    24    54 0.87 -
Pdum_DN75245_c1_g1_i2:1005-1367 -            121 442169at33208        -            349     0.027   11.4  17.7   3   4    0.0012     0.067   10.1   0.8   169   192    53    76    48    82 0.89 -
Pdum_DN75245_c1_g1_i2:1005-1367 -            121 442169at33208        -            349     0.027   11.4  17.7   4   4       2.4   1.3e+02   -0.7   0.3   172   189    85   102    76   117 0.62 -
Pdum_DN77498_c1_g1_i8:107-433   -            109 442169at33208        -            349     0.028   11.3  18.2   1   4      0.47        26    1.6   1.3   173   192     3    22     1    29 0.76 -
Pdum_DN77498_c1_g1_i8:107-433   -            109 442169at33208        -            349     0.028   11.3  18.2   2   4     0.055         3    4.6   0.1   172   191    30    49    26    56 0.86 -
Pdum_DN77498_c1_g1_i8:107-433   -            109 442169at33208        -            349     0.028   11.3  18.2   3   4     0.026       1.4    5.7   0.2   172   191    58    77    54    86 0.89 -
Pdum_DN77498_c1_g1_i8:107-433   -            109 442169at33208        -            349     0.028   11.3  18.2   4   4   0.00073      0.04   10.8   0.9   175   191    91   107    83   109 0.89 -
Pdum_DN70651_c0_g1_i1:111-914   -            268 442169at33208        -            349     0.028   11.3  28.1   1   8     0.009      0.49    7.2   0.3   172   205    10    43     5    45 0.90 -
Pdum_DN70651_c0_g1_i1:111-914   -            268 442169at33208        -            349     0.028   11.3  28.1   2   8       2.5   1.4e+02   -0.8   0.2   173   191    45    63    42    70 0.85 -
Pdum_DN70651_c0_g1_i1:111-914   -            268 442169at33208        -            349     0.028   11.3  28.1   3   8         6   3.3e+02   -2.1   0.0   172   192    72    92    69    98 0.79 -
Pdum_DN70651_c0_g1_i1:111-914   -            268 442169at33208        -            349     0.028   11.3  28.1   4   8       2.3   1.2e+02   -0.7   0.1    14    31   101   118    92   125 0.65 -
Pdum_DN70651_c0_g1_i1:111-914   -            268 442169at33208        -            349     0.028   11.3  28.1   5   8    0.0035      0.19    8.6   0.2   171   191   127   147   121   154 0.90 -
Pdum_DN70651_c0_g1_i1:111-914   -            268 442169at33208        -            349     0.028   11.3  28.1   6   8      0.14       7.8    3.3   0.1   172   192   156   176   152   181 0.88 -
Pdum_DN70651_c0_g1_i1:111-914   -            268 442169at33208        -            349     0.028   11.3  28.1   7   8     0.051       2.8    4.7   0.6   173   193   213   233   207   237 0.89 -
Pdum_DN70651_c0_g1_i1:111-914   -            268 442169at33208        -            349     0.028   11.3  28.1   8   8      0.12       6.7    3.5   0.1   172   192   240   260   237   265 0.89 -
Pdum_DN74060_c1_g1_i4:333-992   -            220 442169at33208        -            349     0.031   11.2   0.1   1   5      0.14       7.6    3.3   3.6   171   195    27    51    11    57 0.82 -
Pdum_DN74060_c1_g1_i4:333-992   -            220 442169at33208        -            349     0.031   11.2   0.1   2   5      0.23        13    2.6   1.6   169   190    81   102    71   111 0.88 -
Pdum_DN74060_c1_g1_i4:333-992   -            220 442169at33208        -            349     0.031   11.2   0.1   3   5   0.00058     0.031   11.2   0.1   165   190   109   133   105   140 0.86 -
Pdum_DN74060_c1_g1_i4:333-992   -            220 442169at33208        -            349     0.031   11.2   0.1   4   5      0.78        42    0.9   0.2   171   190   142   161   139   170 0.71 -
Pdum_DN74060_c1_g1_i4:333-992   -            220 442169at33208        -            349     0.031   11.2   0.1   5   5       0.1       5.6    3.8   0.7   169   193   168   192   151   198 0.83 -
Pdum_DN91216_c8_g1_i3:1384-2127 -            248 442169at33208        -            349     0.032   11.1  34.4   1   5     0.097       5.3    3.8   4.1   170   197    53    80     1    86 0.61 -
Pdum_DN91216_c8_g1_i3:1384-2127 -            248 442169at33208        -            349     0.032   11.1  34.4   2   5     0.018      0.98    6.2   4.0   166   197   108   139   102   156 0.78 -
Pdum_DN91216_c8_g1_i3:1384-2127 -            248 442169at33208        -            349     0.032   11.1  34.4   3   5    0.0041      0.22    8.4   0.6   169   190   167   188   156   191 0.83 -
Pdum_DN91216_c8_g1_i3:1384-2127 -            248 442169at33208        -            349     0.032   11.1  34.4   4   5      0.18       9.9    2.9   1.6   165   191   191   217   188   223 0.85 -
Pdum_DN91216_c8_g1_i3:1384-2127 -            248 442169at33208        -            349     0.032   11.1  34.4   5   5      0.14       7.9    3.3   0.1   170   191   224   245   219   248 0.86 -
Pdum_DN76750_c2_g5_i1:447-773   -            109 442169at33208        -            349     0.032   11.1   8.7   1   4      0.13       7.1    3.4   0.0   173   192     5    24     1    28 0.89 -
Pdum_DN76750_c2_g5_i1:447-773   -            109 442169at33208        -            349     0.032   11.1   8.7   2   4    0.0031      0.17    8.8   0.1   172   193    32    53    29    59 0.89 -
Pdum_DN76750_c2_g5_i1:447-773   -            109 442169at33208        -            349     0.032   11.1   8.7   3   4       0.2        11    2.8   0.3   172   191    60    79    56    85 0.88 -
Pdum_DN76750_c2_g5_i1:447-773   -            109 442169at33208        -            349     0.032   11.1   8.7   4   4         3   1.6e+02   -1.1   0.7   172   191    88   107    75   109 0.67 -
Pdum_DN81989_c0_g1_i3:659-1072  -            138 442169at33208        -            349     0.033   11.1   7.9   1   3    0.0081      0.44    7.4   0.6   169   192    45    68    31    71 0.86 -
Pdum_DN81989_c0_g1_i3:659-1072  -            138 442169at33208        -            349     0.033   11.1   7.9   2   3       1.2        67    0.2   0.0   172   192    74    94    68   100 0.65 -
Pdum_DN81989_c0_g1_i3:659-1072  -            138 442169at33208        -            349     0.033   11.1   7.9   3   3     0.011      0.61    6.9   0.4   171   191   101   121    96   136 0.85 -
Pdum_DN81780_c2_g2_i4:2-316     -            105 442169at33208        -            349     0.038   10.9   4.7   1   3     0.034       1.8    5.3   0.4   172   192     2    22     1    29 0.89 -
Pdum_DN81780_c2_g2_i4:2-316     -            105 442169at33208        -            349     0.038   10.9   4.7   2   3      0.02       1.1    6.1   0.0   173   193    31    51    26    56 0.88 -
Pdum_DN81780_c2_g2_i4:2-316     -            105 442169at33208        -            349     0.038   10.9   4.7   3   3       1.9     1e+02   -0.4   0.0   173   191    59    77    54    85 0.84 -
Pdum_DN68651_c2_g1_i4:22-393    -            124 442169at33208        -            349     0.044   10.7   9.5   1   4    0.0035      0.19    8.6   0.2   173   193     5    25     2    30 0.87 -
Pdum_DN68651_c2_g1_i4:22-393    -            124 442169at33208        -            349     0.044   10.7   9.5   2   4       4.4   2.4e+02   -1.6   0.0    13    31    32    51    27    57 0.59 -
Pdum_DN68651_c2_g1_i4:22-393    -            124 442169at33208        -            349     0.044   10.7   9.5   3   4     0.042       2.3    5.0   2.7   172   194    60    82    49   103 0.89 -
Pdum_DN68651_c2_g1_i4:22-393    -            124 442169at33208        -            349     0.044   10.7   9.5   4   4       2.1   1.2e+02   -0.6   0.0   173   192    89   108    83   113 0.72 -
Pdum_DN77907_c0_g2_i5:19-429    -            137 442169at33208        -            349     0.051   10.5   9.1   1   4      0.68        37    1.1   0.0   173   192    18    37    14    42 0.84 -
Pdum_DN77907_c0_g2_i5:19-429    -            137 442169at33208        -            349     0.051   10.5   9.1   2   4      0.44        24    1.7   0.1   172   191    45    64    41    73 0.81 -
Pdum_DN77907_c0_g2_i5:19-429    -            137 442169at33208        -            349     0.051   10.5   9.1   3   4      0.19        10    2.9   0.2   173   193    74    94    65    99 0.84 -
Pdum_DN77907_c0_g2_i5:19-429    -            137 442169at33208        -            349     0.051   10.5   9.1   4   4     0.004      0.22    8.4   0.1   173   193   102   122    97   126 0.89 -
Pdum_DN58940_c0_g1_i1:140-670   -            177 442169at33208        -            349     0.069   10.0   5.7   1   1    0.0018     0.098    9.5   5.7   170   211     4    44     3   101 0.73 -
Pdum_DN66235_c0_g1_i2:1187-1540 -            118 442169at33208        -            349     0.071   10.0  12.0   1   3      0.22        12    2.7   0.5   168   191    14    37     7    44 0.72 -
Pdum_DN66235_c0_g1_i2:1187-1540 -            118 442169at33208        -            349     0.071   10.0  12.0   2   3   0.00066     0.036   11.0   0.9   166   192    40    66    31    72 0.87 -
Pdum_DN66235_c0_g1_i2:1187-1540 -            118 442169at33208        -            349     0.071   10.0  12.0   3   3      0.13       7.2    3.4   1.2   171   195    73    96    66   101 0.83 -
Pdum_DN75245_c0_g1_i4:49-420    -            124 442169at33208        -            349     0.079    9.8  12.1   1   4         1        54    0.5   0.1   173   192     3    22     1    28 0.85 -
Pdum_DN75245_c0_g1_i4:49-420    -            124 442169at33208        -            349     0.079    9.8  12.1   2   4      0.14       7.6    3.3   0.2   171   191    29    49    26    57 0.82 -
Pdum_DN75245_c0_g1_i4:49-420    -            124 442169at33208        -            349     0.079    9.8  12.1   3   4    0.0022      0.12    9.3   0.2   172   191    58    77    50    82 0.91 -
Pdum_DN75245_c0_g1_i4:49-420    -            124 442169at33208        -            349     0.079    9.8  12.1   4   4      0.15       8.1    3.2   0.4   172   193    87   108    80   112 0.85 -
Pdum_DN69389_c3_g1_i6:99-476    -            126 442169at33208        -            349     0.087    9.7   0.1   1   3    0.0016     0.087    9.7   0.1   171   192     3    24     1    30 0.89 -
Pdum_DN69389_c3_g1_i6:99-476    -            126 442169at33208        -            349     0.087    9.7   0.1   2   3      0.33        18    2.1   0.2   173   192    33    52    29    58 0.85 -
Pdum_DN69389_c3_g1_i6:99-476    -            126 442169at33208        -            349     0.087    9.7   0.1   3   3      0.51        28    1.5   0.9   173   196    61    84    54   117 0.52 -
Pdum_DN91208_c4_g1_i5:410-754   -            115 442169at33208        -            349     0.088    9.7   9.5   1   2      0.06       3.3    4.5   0.1   169   190    12    33     8    40 0.86 -
Pdum_DN91208_c4_g1_i5:410-754   -            115 442169at33208        -            349     0.088    9.7   9.5   2   2    0.0017     0.093    9.6   0.5   170   193    68    91    62    96 0.89 -
Pdum_DN77881_c1_g1_i4:4-324     -            107 442169at33208        -            349     0.095    9.6   9.7   1   4     0.036       1.9    5.3   0.3   173   193     5    25     1    29 0.88 -
Pdum_DN77881_c1_g1_i4:4-324     -            107 442169at33208        -            349     0.095    9.6   9.7   2   4      0.22        12    2.7   0.0   172   193    32    53    28    58 0.81 -
Pdum_DN77881_c1_g1_i4:4-324     -            107 442169at33208        -            349     0.095    9.6   9.7   3   4      0.12       6.7    3.5   0.1   171   191    59    79    52    85 0.87 -
Pdum_DN77881_c1_g1_i4:4-324     -            107 442169at33208        -            349     0.095    9.6   9.7   4   4      0.19        11    2.8   0.4   173   191    89   107    84   107 0.92 -
Pdum_DN76078_c1_g1_i5:2-388     -            129 442169at33208        -            349      0.11    9.3  13.3   1   2      0.91        49    0.6   9.3   157   192    40    76     1    94 0.67 -
Pdum_DN76078_c1_g1_i5:2-388     -            129 442169at33208        -            349      0.11    9.3  13.3   2   2    0.0071      0.39    7.6   0.1   170   193    98   121    86   125 0.87 -
Pdum_DN80446_c2_g2_i3:854-1231  -            126 442169at33208        -            349      0.12    9.3  12.2   1   3    0.0022      0.12    9.3   0.1   172   192     4    24     1    28 0.90 -
Pdum_DN80446_c2_g2_i3:854-1231  -            126 442169at33208        -            349      0.12    9.3  12.2   2   3     0.054         3    4.7   0.4   172   191    32    51    29    58 0.83 -
Pdum_DN80446_c2_g2_i3:854-1231  -            126 442169at33208        -            349      0.12    9.3  12.2   3   3      0.36        20    2.0   1.5   171   192    87   108    75   113 0.87 -
Pdum_DN79976_c1_g4_i1:455-1126  -            224 442169at33208        -            349      0.12    9.3  22.5   1   4     0.086       4.6    4.0   0.4   171   190    17    36    11    45 0.84 -
Pdum_DN79976_c1_g4_i1:455-1126  -            224 442169at33208        -            349      0.12    9.3  22.5   2   4      0.32        17    2.1   6.7   171   247    46   125    38   139 0.56 -
Pdum_DN79976_c1_g4_i1:455-1126  -            224 442169at33208        -            349      0.12    9.3  22.5   3   4       1.5        83   -0.1   0.3   170   190   148   168   134   176 0.75 -
Pdum_DN79976_c1_g4_i1:455-1126  -            224 442169at33208        -            349      0.12    9.3  22.5   4   4   0.00078     0.043   10.7   0.8   171   191   177   197   168   210 0.85 -
Pdum_DN77510_c0_g1_i14:540-1100 -            187 442169at33208        -            349      0.22    8.4  25.0   1   5     0.024       1.3    5.8   0.7   172   193     2    23     1    28 0.85 -
Pdum_DN77510_c0_g1_i14:540-1100 -            187 442169at33208        -            349      0.22    8.4  25.0   2   5     0.069       3.7    4.3   3.1   169   190    27    48    21    92 0.71 -
Pdum_DN77510_c0_g1_i14:540-1100 -            187 442169at33208        -            349      0.22    8.4  25.0   3   5     0.018      0.96    6.3   3.4   148   193    87   134    51   139 0.57 -
Pdum_DN77510_c0_g1_i14:540-1100 -            187 442169at33208        -            349      0.22    8.4  25.0   4   5     0.039       2.1    5.1   0.7   169   190   138   159   132   168 0.89 -
Pdum_DN77510_c0_g1_i14:540-1100 -            187 442169at33208        -            349      0.22    8.4  25.0   5   5         4   2.2e+02   -1.5   0.0   170   190   166   186   159   187 0.77 -
Pdum_DN82376_c0_g1_i2:630-959   -            110 442169at33208        -            349      0.23    8.3  16.2   1   4      0.12       6.4    3.6   5.1   170   191     3    24     1    35 0.85 -
Pdum_DN82376_c0_g1_i2:630-959   -            110 442169at33208        -            349      0.23    8.3  16.2   2   4      0.24        13    2.5   0.1   172   193    33    54    29    60 0.86 -
Pdum_DN82376_c0_g1_i2:630-959   -            110 442169at33208        -            349      0.23    8.3  16.2   3   4      0.02       1.1    6.1   0.1   172   191    61    80    57    86 0.90 -
Pdum_DN82376_c0_g1_i2:630-959   -            110 442169at33208        -            349      0.23    8.3  16.2   4   4      0.24        13    2.6   0.1   171   191    88   108    86   110 0.78 -
Pdum_DN71782_c1_g1_i1:425-763   -            113 442169at33208        -            349      0.25    8.2   7.1   1   3       1.3        68    0.2   0.0   172   190    21    39    17    45 0.73 -
Pdum_DN71782_c1_g1_i1:425-763   -            113 442169at33208        -            349      0.25    8.2   7.1   2   3    0.0012     0.066   10.1   0.5   172   192    49    69    38    74 0.89 -
Pdum_DN71782_c1_g1_i1:425-763   -            113 442169at33208        -            349      0.25    8.2   7.1   3   3       1.5        79   -0.0   0.5   172   191    77    96    72   106 0.75 -
Pdum_DN91846_c6_g1_i1:2794-3498 -            235 442169at33208        -            349      0.25    8.2  28.3   1   8     0.093         5    3.9   0.1   173   193     1    21     1    28 0.88 -
Pdum_DN91846_c6_g1_i1:2794-3498 -            235 442169at33208        -            349      0.25    8.2  28.3   2   8         8   4.4e+02   -2.5   0.0   172   191    28    47    23    61 0.73 -
Pdum_DN91846_c6_g1_i1:2794-3498 -            235 442169at33208        -            349      0.25    8.2  28.3   3   8       3.6     2e+02   -1.3   0.1   170   190    53    73    35    77 0.78 -
Pdum_DN91846_c6_g1_i1:2794-3498 -            235 442169at33208        -            349      0.25    8.2  28.3   4   8      0.18       9.8    3.0   0.6   164   194    75   105    70   109 0.87 -
Pdum_DN91846_c6_g1_i1:2794-3498 -            235 442169at33208        -            349      0.25    8.2  28.3   5   8     0.032       1.7    5.4   2.4   171   201   114   142   108   152 0.74 -
Pdum_DN91846_c6_g1_i1:2794-3498 -            235 442169at33208        -            349      0.25    8.2  28.3   6   8      0.36        19    2.0   5.1    92   141   128   179   127   183 0.75 -
Pdum_DN91846_c6_g1_i1:2794-3498 -            235 442169at33208        -            349      0.25    8.2  28.3   7   8    0.0029      0.16    8.9   0.2   172   193   188   209   180   214 0.90 -
Pdum_DN91846_c6_g1_i1:2794-3498 -            235 442169at33208        -            349      0.25    8.2  28.3   8   8         1        56    0.4   0.0   171   190   215   234   212   235 0.86 -
Pdum_DN81230_c2_g3_i1:589-1086  -            166 442169at33208        -            349      0.29    8.0  32.3   1   5    0.0074       0.4    7.5   2.4   172   197     6    29     3    33 0.82 -
Pdum_DN81230_c2_g3_i1:589-1086  -            166 442169at33208        -            349      0.29    8.0  32.3   2   5      0.13       6.9    3.5   0.2   168   191    30    53    26    59 0.84 -
Pdum_DN81230_c2_g3_i1:589-1086  -            166 442169at33208        -            349      0.29    8.0  32.3   3   5      0.18       9.9    2.9   1.0   169   200    59    88    53    90 0.79 -
Pdum_DN81230_c2_g3_i1:589-1086  -            166 442169at33208        -            349      0.29    8.0  32.3   4   5    0.0099      0.53    7.1   5.9   165   215    83   137    80   143 0.81 -
Pdum_DN81230_c2_g3_i1:589-1086  -            166 442169at33208        -            349      0.29    8.0  32.3   5   5       1.4        76    0.0   7.9   146   191   119   163   115   166 0.51 -
Pdum_DN84890_c0_g1_i1:2843-3958 -            372 442169at33208        -            349      0.37    7.6  49.5   1  10      0.83        45    0.8   0.2   172   190     2    20     1    24 0.88 -
Pdum_DN84890_c0_g1_i1:2843-3958 -            372 442169at33208        -            349      0.37    7.6  49.5   2  10    0.0064      0.35    7.7   0.4   168   191    26    49    20    55 0.82 -
Pdum_DN84890_c0_g1_i1:2843-3958 -            372 442169at33208        -            349      0.37    7.6  49.5   3  10       0.3        16    2.2   1.9   169   192    55    78    49    83 0.83 -
Pdum_DN84890_c0_g1_i1:2843-3958 -            372 442169at33208        -            349      0.37    7.6  49.5   4  10      0.18       9.7    3.0   0.3   170   191    84   105    82   113 0.84 -
Pdum_DN84890_c0_g1_i1:2843-3958 -            372 442169at33208        -            349      0.37    7.6  49.5   5  10      0.12       6.6    3.5   0.1   170   191   113   134   105   141 0.84 -
Pdum_DN84890_c0_g1_i1:2843-3958 -            372 442169at33208        -            349      0.37    7.6  49.5   6  10       1.9     1e+02   -0.4   0.2   173   190   143   160   138   164 0.87 -
Pdum_DN84890_c0_g1_i1:2843-3958 -            372 442169at33208        -            349      0.37    7.6  49.5   7  10      0.75        41    0.9   3.2   169   191   169   191   149   229 0.83 -
Pdum_DN84890_c0_g1_i1:2843-3958 -            372 442169at33208        -            349      0.37    7.6  49.5   8  10     0.017      0.91    6.3   0.1   169   193   255   277   250   284 0.84 -
Pdum_DN84890_c0_g1_i1:2843-3958 -            372 442169at33208        -            349      0.37    7.6  49.5   9  10      0.25        14    2.5   0.8   158   195   301   336   291   342 0.83 -
Pdum_DN84890_c0_g1_i1:2843-3958 -            372 442169at33208        -            349      0.37    7.6  49.5  10  10    0.0054      0.29    8.0   0.0   169   191   350   372   345   372 0.92 -
Pdum_DN82687_c1_g2_i4:3-665     -            221 442169at33208        -            349      0.53    7.1  29.5   1   8       1.3        68    0.2   0.1   173   191     2    20     1    26 0.88 -
Pdum_DN82687_c1_g2_i4:3-665     -            221 442169at33208        -            349      0.53    7.1  29.5   2   8       1.5        84   -0.1   0.1   173   192    30    49    26    56 0.86 -
Pdum_DN82687_c1_g2_i4:3-665     -            221 442169at33208        -            349      0.53    7.1  29.5   3   8     0.019         1    6.2   0.3   173   191    58    76    53    82 0.90 -
Pdum_DN82687_c1_g2_i4:3-665     -            221 442169at33208        -            349      0.53    7.1  29.5   4   8      0.25        13    2.5   0.2   172   193    85   106    80   110 0.89 -
Pdum_DN82687_c1_g2_i4:3-665     -            221 442169at33208        -            349      0.53    7.1  29.5   5   8      0.14       7.6    3.3   0.7   173   193   114   134   110   139 0.88 -
Pdum_DN82687_c1_g2_i4:3-665     -            221 442169at33208        -            349      0.53    7.1  29.5   6   8    0.0073       0.4    7.5   0.3   173   193   142   162   138   168 0.89 -
Pdum_DN82687_c1_g2_i4:3-665     -            221 442169at33208        -            349      0.53    7.1  29.5   7   8         3   1.6e+02   -1.1   0.0   172   192   169   189   163   194 0.84 -
Pdum_DN82687_c1_g2_i4:3-665     -            221 442169at33208        -            349      0.53    7.1  29.5   8   8     0.085       4.6    4.0   0.1   172   192   197   217   193   220 0.89 -
Pdum_DN73215_c1_g1_i6:275-1447  -            391 442169at33208        -            349      0.69    6.7  50.4   1   6     0.036       1.9    5.3   0.1   171   191    84   104    68   110 0.90 -
Pdum_DN73215_c1_g1_i6:275-1447  -            391 442169at33208        -            349      0.69    6.7  50.4   2   6       2.3   1.2e+02   -0.7   6.6   171   190   140   159   105   189 0.52 -
Pdum_DN73215_c1_g1_i6:275-1447  -            391 442169at33208        -            349      0.69    6.7  50.4   3   6      0.38        21    1.9  17.5   106   194   155   251   151   284 0.71 -
Pdum_DN73215_c1_g1_i6:275-1447  -            391 442169at33208        -            349      0.69    6.7  50.4   4   6      0.42        23    1.7   4.7   134   189   273   330   251   336 0.52 -
Pdum_DN73215_c1_g1_i6:275-1447  -            391 442169at33208        -            349      0.69    6.7  50.4   5   6    0.0024      0.13    9.1   8.4   116   193   280   362   269   366 0.73 -
Pdum_DN73215_c1_g1_i6:275-1447  -            391 442169at33208        -            349      0.69    6.7  50.4   6   6       1.4        77   -0.0   0.3   171   191   368   388   363   391 0.85 -
Pdum_DN86961_c4_g1_i5:430-774   -            115 442169at33208        -            349      0.79    6.5   9.6   1   3    0.0023      0.13    9.2   0.4   171   192    22    43    16    49 0.90 -
Pdum_DN86961_c4_g1_i5:430-774   -            115 442169at33208        -            349      0.79    6.5   9.6   2   3      0.28        15    2.3   0.2   171   189    50    68    43    76 0.80 -
Pdum_DN86961_c4_g1_i5:430-774   -            115 442169at33208        -            349      0.79    6.5   9.6   3   3       1.2        63    0.3   0.2   171   193    78   100    75   107 0.85 -
Pdum_DN90316_c3_g1_i4:972-1421  -            150 442169at33208        -            349      0.79    6.5  18.2   1   5      0.85        46    0.7   0.6   171   191     3    23     1    34 0.82 -
Pdum_DN90316_c3_g1_i4:972-1421  -            150 442169at33208        -            349      0.79    6.5  18.2   2   5       2.8   1.5e+02   -1.0   0.3   169   189    29    49    11    54 0.72 -
Pdum_DN90316_c3_g1_i4:972-1421  -            150 442169at33208        -            349      0.79    6.5  18.2   3   5    0.0077      0.42    7.5   0.3   169   194    54    79    44    84 0.88 -
Pdum_DN90316_c3_g1_i4:972-1421  -            150 442169at33208        -            349      0.79    6.5  18.2   4   5       2.8   1.5e+02   -1.0   0.1   172   191    85   104    80   110 0.82 -
Pdum_DN90316_c3_g1_i4:972-1421  -            150 442169at33208        -            349      0.79    6.5  18.2   5   5     0.003      0.16    8.8   1.4   171   195   112   134   109   145 0.87 -
Pdum_DN84175_c0_g2_i3:24-401    -            126 442169at33208        -            349      0.81    6.5  11.2   1   2    0.0072      0.39    7.5   0.1   171   189     3    21     1    30 0.89 -
Pdum_DN84175_c0_g2_i3:24-401    -            126 442169at33208        -            349      0.81    6.5  11.2   2   2      0.16       8.6    3.1   0.1   171   192    59    80    52    85 0.88 -
Pdum_DN77100_c0_g3_i2:10-768    -            253 442169at33208        -            349      0.91    6.3  32.1   1   5      0.32        17    2.1   0.4   168   193    10    35     4    39 0.86 -
Pdum_DN77100_c0_g3_i2:10-768    -            253 442169at33208        -            349      0.91    6.3  32.1   2   5     0.018         1    6.2   0.7   164   192    33    61    30    69 0.81 -
Pdum_DN77100_c0_g3_i2:10-768    -            253 442169at33208        -            349      0.91    6.3  32.1   3   5     0.041       2.2    5.1   1.7   170   193    95   118    89   127 0.88 -
Pdum_DN77100_c0_g3_i2:10-768    -            253 442169at33208        -            349      0.91    6.3  32.1   4   5      0.03       1.6    5.5   4.3   120   200   144   226   133   228 0.86 -
Pdum_DN77100_c0_g3_i2:10-768    -            253 442169at33208        -            349      0.91    6.3  32.1   5   5    0.0051      0.28    8.0   0.3   168   192   224   248   221   253 0.88 -
Pdum_DN83838_c0_g1_i2:2-319     -            106 442169at33208        -            349       1.1    6.1  10.2   1   3      0.63        34    1.2   0.1   171   192    20    41    15    48 0.84 -
Pdum_DN83838_c0_g1_i2:2-319     -            106 442169at33208        -            349       1.1    6.1  10.2   2   3    0.0026      0.14    9.0   0.6   173   192    50    69    45    75 0.89 -
Pdum_DN83838_c0_g1_i2:2-319     -            106 442169at33208        -            349       1.1    6.1  10.2   3   3      0.62        34    1.2   0.7   173   192    78    97    73   102 0.84 -
Pdum_DN78572_c3_g2_i6:37-438    -            134 442169at33208        -            349       1.4    5.8  15.2   1   4       0.1       5.4    3.8   0.2   172   192     4    24     1    30 0.86 -
Pdum_DN78572_c3_g2_i6:37-438    -            134 442169at33208        -            349       1.4    5.8  15.2   2   4    0.0019       0.1    9.4   0.7   173   192    32    51    28    56 0.89 -
Pdum_DN78572_c3_g2_i6:37-438    -            134 442169at33208        -            349       1.4    5.8  15.2   3   4       0.4        22    1.8   0.1   172   190    59    77    51    81 0.85 -
Pdum_DN78572_c3_g2_i6:37-438    -            134 442169at33208        -            349       1.4    5.8  15.2   4   4       2.3   1.3e+02   -0.7   0.4   173   191    99   117    89   123 0.66 -
Pdum_DN79879_c4_g4_i4:21-539    -            173 442169at33208        -            349       1.4    5.8  17.8   1   4     0.069       3.7    4.3   0.1   172   192    14    34     6    40 0.87 -
Pdum_DN79879_c4_g4_i4:21-539    -            173 442169at33208        -            349       1.4    5.8  17.8   2   4     0.035       1.9    5.3   0.4   172   193    42    63    34    69 0.82 -
Pdum_DN79879_c4_g4_i4:21-539    -            173 442169at33208        -            349       1.4    5.8  17.8   3   4      0.88        48    0.7   0.1   172   191    98   117    85   125 0.76 -
Pdum_DN79879_c4_g4_i4:21-539    -            173 442169at33208        -            349       1.4    5.8  17.8   4   4       0.9        49    0.6   6.3   171   191   153   173    97   173 0.84 -
Pdum_DN72429_c2_g1_i5:6-725     -            240 442169at33208        -            349       1.4    5.7  35.2   1   7       1.4        78   -0.0   0.3   173   192     2    21     1    27 0.85 -
Pdum_DN72429_c2_g1_i5:6-725     -            240 442169at33208        -            349       1.4    5.7  35.2   2   7      0.25        14    2.5   0.3   173   192    30    49    25    58 0.79 -
Pdum_DN72429_c2_g1_i5:6-725     -            240 442169at33208        -            349       1.4    5.7  35.2   3   7    0.0039      0.21    8.4   5.3   172   215    57   100    53   112 0.77 -
Pdum_DN72429_c2_g1_i5:6-725     -            240 442169at33208        -            349       1.4    5.7  35.2   4   7    0.0041      0.22    8.3   0.4   172   193   114   135   107   142 0.87 -
Pdum_DN72429_c2_g1_i5:6-725     -            240 442169at33208        -            349       1.4    5.7  35.2   5   7       0.1       5.6    3.7   0.1   172   192   142   162   138   165 0.90 -
Pdum_DN72429_c2_g1_i5:6-725     -            240 442169at33208        -            349       1.4    5.7  35.2   6   7         2   1.1e+02   -0.5   0.1   173   192   171   190   168   195 0.86 -
Pdum_DN72429_c2_g1_i5:6-725     -            240 442169at33208        -            349       1.4    5.7  35.2   7   7      0.64        35    1.1   0.7   171   192   197   218   193   223 0.85 -
Pdum_DN82611_c1_g2_i1:10-645    -            212 442169at33208        -            349       1.9    5.3  35.5   1   6    0.0085      0.46    7.3   3.8   171   195     1    24     1    29 0.85 -
Pdum_DN82611_c1_g2_i1:10-645    -            212 442169at33208        -            349       1.9    5.3  35.5   2   6      0.16       8.9    3.1   0.1    11   189    29    48    26    55 0.54 -
Pdum_DN82611_c1_g2_i1:10-645    -            212 442169at33208        -            349       1.9    5.3  35.5   3   6      0.34        18    2.1   0.5   173   192    60    79    56    90 0.85 -
Pdum_DN82611_c1_g2_i1:10-645    -            212 442169at33208        -            349       1.9    5.3  35.5   4   6       1.1        60    0.4   0.1   171   193   114   136   101   140 0.82 -
Pdum_DN82611_c1_g2_i1:10-645    -            212 442169at33208        -            349       1.9    5.3  35.5   5   6    0.0025      0.13    9.1   4.8   166   192   137   163   128   168 0.85 -
Pdum_DN82611_c1_g2_i1:10-645    -            212 442169at33208        -            349       1.9    5.3  35.5   6   6      0.42        23    1.7   0.5   171   193   170   192   168   201 0.84 -
Pdum_DN73818_c0_g1_i2:37-798    -            254 442169at33208        -            349       2.2    5.1  29.5   1   5     0.041       2.2    5.1   0.0   173   194     1    22     1    28 0.88 -
Pdum_DN73818_c0_g1_i2:37-798    -            254 442169at33208        -            349       2.2    5.1  29.5   2   5      0.91        49    0.6   0.2   171   190    56    75    44    81 0.83 -
Pdum_DN73818_c0_g1_i2:37-798    -            254 442169at33208        -            349       2.2    5.1  29.5   3   5     0.054       2.9    4.7   0.3   168   192    84   108    80   114 0.89 -
Pdum_DN73818_c0_g1_i2:37-798    -            254 442169at33208        -            349       2.2    5.1  29.5   4   5       0.2        11    2.8   0.0   172   192   144   164   140   167 0.89 -
Pdum_DN73818_c0_g1_i2:37-798    -            254 442169at33208        -            349       2.2    5.1  29.5   5   5       0.4        22    1.8   1.6   171   193   199   222   197   226 0.87 -
Pdum_DN75461_c4_g1_i11:104-637  -            178 442169at33208        -            349       2.8    4.8  12.4   1   5      0.26        14    2.4   1.9   173   196    20    43    16    47 0.82 -
Pdum_DN75461_c4_g1_i11:104-637  -            178 442169at33208        -            349       2.8    4.8  12.4   2   5      0.39        21    1.8   0.5   173   192    48    67    40    72 0.88 -
Pdum_DN75461_c4_g1_i11:104-637  -            178 442169at33208        -            349       2.8    4.8  12.4   3   5       2.3   1.3e+02   -0.7   0.0   173   191   104   122   100   126 0.86 -
Pdum_DN75461_c4_g1_i11:104-637  -            178 442169at33208        -            349       2.8    4.8  12.4   4   5         5   2.7e+02   -1.8   0.0   173   192   132   151   128   154 0.81 -
Pdum_DN75461_c4_g1_i11:104-637  -            178 442169at33208        -            349       2.8    4.8  12.4   5   5     0.078       4.2    4.1   0.0   173   191   160   178   155   178 0.93 -
Pdum_DN78898_c2_g1_i4:276-1106  -            277 442169at33208        -            349       2.9    4.7  25.1   1   3      0.43        23    1.7  11.2   170   196    62    88     7   120 0.82 -
Pdum_DN78898_c2_g1_i4:276-1106  -            277 442169at33208        -            349       2.9    4.7  25.1   2   3      0.14       7.7    3.3   1.1   167   191   155   179   138   198 0.84 -
Pdum_DN78898_c2_g1_i4:276-1106  -            277 442169at33208        -            349       2.9    4.7  25.1   3   3      0.82        44    0.8   0.3   169   190   241   262   217   268 0.69 -
Pdum_DN81084_c7_g2_i3:1698-2270 -            191 442169at33208        -            349       3.6    4.4  21.8   1   4     0.054       2.9    4.7   0.5   170   191    27    48     5    54 0.79 -
Pdum_DN81084_c7_g2_i3:1698-2270 -            191 442169at33208        -            349       3.6    4.4  21.8   2   4      0.57        31    1.3   0.2   171   199    84   110    71   113 0.70 -
Pdum_DN81084_c7_g2_i3:1698-2270 -            191 442169at33208        -            349       3.6    4.4  21.8   3   4    0.0065      0.35    7.7   4.7   166   219   107   160   103   164 0.90 -
Pdum_DN81084_c7_g2_i3:1698-2270 -            191 442169at33208        -            349       3.6    4.4  21.8   4   4      0.18       9.7    3.0   0.7   168   193   165   190   159   191 0.82 -
Pdum_DN68781_c1_g1_i8:358-1164  -            269 442169at33208        -            349         4    4.2  34.3   1   6       2.2   1.2e+02   -0.6   0.0   173   190     1    18     1    26 0.79 -
Pdum_DN68781_c1_g1_i8:358-1164  -            269 442169at33208        -            349         4    4.2  34.3   2   6     0.031       1.7    5.5   2.1   171   194    27    50    13    55 0.87 -
Pdum_DN68781_c1_g1_i8:358-1164  -            269 442169at33208        -            349         4    4.2  34.3   3   6      0.14       7.7    3.3   0.1   172   202    56    84    52    92 0.77 -
Pdum_DN68781_c1_g1_i8:358-1164  -            269 442169at33208        -            349         4    4.2  34.3   4   6      0.12       6.7    3.5   0.7   172   193   138   159   124   164 0.87 -
Pdum_DN68781_c1_g1_i8:358-1164  -            269 442169at33208        -            349         4    4.2  34.3   5   6     0.054       2.9    4.7   8.0   121   191   166   239   158   243 0.82 -
Pdum_DN68781_c1_g1_i8:358-1164  -            269 442169at33208        -            349         4    4.2  34.3   6   6      0.23        12    2.6   0.1   171   191   247   267   240   269 0.88 -
Pdum_DN77991_c1_g3_i1:45-761    -            239 442169at33208        -            349       4.3    4.1  42.2   1   4    0.0067      0.36    7.7   0.3   171   193    19    41    12    44 0.86 -
Pdum_DN77991_c1_g3_i1:45-761    -            239 442169at33208        -            349       4.3    4.1  42.2   2   4    0.0087      0.47    7.3   4.0   166   197    42    73    40    74 0.91 -
Pdum_DN77991_c1_g3_i1:45-761    -            239 442169at33208        -            349       4.3    4.1  42.2   3   4    0.0029      0.16    8.9   2.0   170   194    74    98    72   102 0.92 -
Pdum_DN77991_c1_g3_i1:45-761    -            239 442169at33208        -            349       4.3    4.1  42.2   4   4      0.38        20    1.9   4.1   171   197   129   155   126   185 0.78 -
Pdum_DN79351_c0_g2_i2:16-579    -            188 442169at33208        -            349       4.4    4.1  17.2   1   5      0.87        47    0.7   0.2   286   307    31    52    27    56 0.76 -
Pdum_DN79351_c0_g2_i2:16-579    -            188 442169at33208        -            349       4.4    4.1  17.2   2   5       1.2        66    0.2   0.6   172   193    56    77    42    87 0.74 -
Pdum_DN79351_c0_g2_i2:16-579    -            188 442169at33208        -            349       4.4    4.1  17.2   3   5     0.058       3.1    4.6   5.7   158   192    99   133    57   138 0.84 -
Pdum_DN79351_c0_g2_i2:16-579    -            188 442169at33208        -            349       4.4    4.1  17.2   4   5      0.97        53    0.5   0.0   171   189   140   158   136   169 0.85 -
Pdum_DN79351_c0_g2_i2:16-579    -            188 442169at33208        -            349       4.4    4.1  17.2   5   5       2.8   1.5e+02   -1.0   0.1   170   184   167   181   161   188 0.78 -
Pdum_DN91006_c1_g1_i2:1040-1456 -            139 442169at33208        -            349       5.1    3.9  12.3   1   3      0.16       8.8    3.1   0.1   172   193     2    23     1    28 0.87 -
Pdum_DN91006_c1_g1_i2:1040-1456 -            139 442169at33208        -            349       5.1    3.9  12.3   2   3     0.045       2.5    4.9   2.4   172   192    86   106    31   111 0.92 -
Pdum_DN91006_c1_g1_i2:1040-1456 -            139 442169at33208        -            349       5.1    3.9  12.3   3   3      0.43        23    1.7   0.4   171   191   113   133   108   138 0.55 -
Pdum_DN70651_c0_g2_i7:4-705     -            234 442169at33208        -            349       5.5    3.8  22.5   1   4       1.7        93   -0.3   0.5   173   193     2    21     1    28 0.77 -
Pdum_DN70651_c0_g2_i7:4-705     -            234 442169at33208        -            349       5.5    3.8  22.5   2   4      0.22        12    2.7   7.7   108   192    89   177    78   182 0.65 -
Pdum_DN70651_c0_g2_i7:4-705     -            234 442169at33208        -            349       5.5    3.8  22.5   3   4      0.04       2.2    5.1   0.1   171   190   184   203   181   207 0.92 -
Pdum_DN70651_c0_g2_i7:4-705     -            234 442169at33208        -            349       5.5    3.8  22.5   4   4      0.26        14    2.4   0.2   170   191   211   232   204   234 0.87 -
Pdum_DN84638_c3_g4_i1:445-942   -            166 442169at33208        -            349       6.1    3.6  23.3   1   4      0.06       3.2    4.5   0.9   167   192     2    27     1    45 0.85 -
Pdum_DN84638_c3_g4_i1:445-942   -            166 442169at33208        -            349       6.1    3.6  23.3   2   4      0.45        24    1.7   5.1   163   190    82   109    30   113 0.63 -
Pdum_DN84638_c3_g4_i1:445-942   -            166 442169at33208        -            349       6.1    3.6  23.3   3   4     0.014      0.74    6.6   3.7   171   193   118   140   110   146 0.87 -
Pdum_DN84638_c3_g4_i1:445-942   -            166 442169at33208        -            349       6.1    3.6  23.3   4   4       5.7   3.1e+02   -2.0   0.0   173   189   148   164   143   166 0.62 -
Pdum_DN79475_c2_g1_i3:0-704     -            235 442169at33208        -            349         7    3.4  32.9   1   7      0.56        31    1.3   0.2   167   190    38    61    16    67 0.67 -
Pdum_DN79475_c2_g1_i3:0-704     -            235 442169at33208        -            349         7    3.4  32.9   2   7     0.016      0.84    6.4   2.0   169   196    68    95    62    98 0.87 -
Pdum_DN79475_c2_g1_i3:0-704     -            235 442169at33208        -            349         7    3.4  32.9   3   7      0.94        51    0.6   0.5    12    35   100   124    94   132 0.58 -
Pdum_DN79475_c2_g1_i3:0-704     -            235 442169at33208        -            349         7    3.4  32.9   4   7   0.00094     0.051   10.5   0.6   172   193   133   154   124   159 0.90 -
Pdum_DN79475_c2_g1_i3:0-704     -            235 442169at33208        -            349         7    3.4  32.9   5   7         3   1.6e+02   -1.0   0.1   171   192   160   181   154   185 0.83 -
Pdum_DN79475_c2_g1_i3:0-704     -            235 442169at33208        -            349         7    3.4  32.9   6   7       1.1        58    0.4   0.5   171   190   188   207   179   212 0.81 -
Pdum_DN79475_c2_g1_i3:0-704     -            235 442169at33208        -            349         7    3.4  32.9   7   7     0.099       5.4    3.8   0.1   172   190   217   235   208   235 0.89 -
Pdum_DN72844_c1_g1_i2:79-453    -            125 442169at33208        -            349       8.1    3.2  13.6   1   3     0.038       2.1    5.2   0.3   173   193     5    25     2    31 0.90 -
Pdum_DN72844_c1_g1_i2:79-453    -            125 442169at33208        -            349       8.1    3.2  13.6   2   3      0.37        20    1.9   0.1   173   191    61    79    56    86 0.82 -
Pdum_DN72844_c1_g1_i2:79-453    -            125 442169at33208        -            349       8.1    3.2  13.6   3   3      0.15         8    3.2   2.3   170   193    86   110    81   115 0.87 -
Pdum_DN81068_c1_g1_i3:2-667     -            222 442169at33208        -            349       8.2    3.2  20.3   1   5     0.042       2.3    5.0   1.0   170   190    31    51    18    58 0.86 -
Pdum_DN81068_c1_g1_i3:2-667     -            222 442169at33208        -            349       8.2    3.2  20.3   2   5       4.1   2.2e+02   -1.5   0.0   170   191    58    79    54    86 0.78 -
Pdum_DN81068_c1_g1_i3:2-667     -            222 442169at33208        -            349       8.2    3.2  20.3   3   5      0.82        45    0.8   0.3   171   196    87   112    79   117 0.84 -
Pdum_DN81068_c1_g1_i3:2-667     -            222 442169at33208        -            349       8.2    3.2  20.3   4   5     0.031       1.7    5.5   0.5   191   206   160   175   158   200 0.88 -
Pdum_DN81068_c1_g1_i3:2-667     -            222 442169at33208        -            349       8.2    3.2  20.3   5   5       0.1       5.4    3.8   0.2   172   191   203   222   191   222 0.90 -
Pdum_DN69037_c1_g1_i9:125-664   -            180 442169at33208        -            349       9.4    3.0  21.7   1   4       1.1        58    0.4   0.3   172   189    21    38    10    43 0.79 -
Pdum_DN69037_c1_g1_i9:125-664   -            180 442169at33208        -            349       9.4    3.0  21.7   2   4     0.013      0.71    6.7   1.0   169   193    46    70    39    77 0.85 -
Pdum_DN69037_c1_g1_i9:125-664   -            180 442169at33208        -            349       9.4    3.0  21.7   3   4    0.0044      0.24    8.2   0.4   171   190   132   151   125   158 0.88 -
Pdum_DN69037_c1_g1_i9:125-664   -            180 442169at33208        -            349       9.4    3.0  21.7   4   4       1.2        63    0.3   0.3   171   190   160   179   155   180 0.79 -
Pdum_DN71180_c6_g1_i1:468-821   -            118 442169at33208        -            349       9.7    3.0  16.5   1   4      0.18       9.7    3.0   0.4   173   196     2    23     1    27 0.82 -
Pdum_DN71180_c6_g1_i1:468-821   -            118 442169at33208        -            349       9.7    3.0  16.5   2   4      0.07       3.8    4.3   0.7   171   189    28    46    24    50 0.91 -
Pdum_DN71180_c6_g1_i1:468-821   -            118 442169at33208        -            349       9.7    3.0  16.5   3   4     0.038       2.1    5.2   0.3   169   191    54    76    47    84 0.85 -
Pdum_DN71180_c6_g1_i1:468-821   -            118 442169at33208        -            349       9.7    3.0  16.5   4   4      0.73        40    0.9   0.2   173   192    86   105    82   110 0.77 -
#
# Program:         hmmsearch
# Version:         3.1b2 (February 2015)
# Pipeline mode:   SEARCH
# Query file:      /mnt/f/phylo/WORMS/busco_analysis/busco_downloads/lineages/metazoa_odb10/hmms/442169at33208.hmm
# Target file:     /mnt/f/phylo/WORMS/busco_analysis/metazoa_lineage_result/run_metazoa_odb10/metaeuk_output/initial_results/Platynereis_ref.eggnog_filter.nucl.fasta.modified.fas
# Option settings: hmmsearch --domtblout /mnt/f/phylo/WORMS/busco_analysis/metazoa_lineage_result/run_metazoa_odb10/hmmer_output/initial_run_results/442169at33208.out --cpu 1 /mnt/f/phylo/WORMS/busco_analysis/busco_downloads/lineages/metazoa_odb10/hmms/442169at33208.hmm /mnt/f/phylo/WORMS/busco_analysis/metazoa_lineage_result/run_metazoa_odb10/metaeuk_output/initial_results/Platynereis_ref.eggnog_filter.nucl.fasta.modified.fas 
# Current dir:     /mnt/f/phylo/WORMS/busco_analysis
# Date:            Sun Mar 12 20:42:24 2023
# [ok]
