#                                                                                        --- full sequence --- -------------- this domain -------------   hmm coord   ali coord   env coord
# target name                    accession   tlen query name           accession   qlen   E-value  score  bias   #  of  c-Evalue  i-Evalue  score  bias  from    to  from    to  from    to  acc description of target
#            ------------------- ---------- ----- -------------------- ---------- ----- --------- ------ ----- --- --- --------- --------- ------ ----- ----- ----- ----- ----- ----- ----- ---- ---------------------
Pdum_DN84963_c1_g1_i6:1317-3311  -            665 448514at33208        -            271  1.4e-108  360.3   6.7   1   4   1.7e-67   4.6e-66  220.9   0.5     1   147    54   208    54   214 0.92 -
Pdum_DN84963_c1_g1_i6:1317-3311  -            665 448514at33208        -            271  1.4e-108  360.3   6.7   2   4     1e-09   2.8e-08   31.4   0.0   146   189   240   293   232   295 0.85 -
Pdum_DN84963_c1_g1_i6:1317-3311  -            665 448514at33208        -            271  1.4e-108  360.3   6.7   3   4     5e-22   1.4e-20   71.7   0.0   183   239   560   616   555   619 0.93 -
Pdum_DN84963_c1_g1_i6:1317-3311  -            665 448514at33208        -            271  1.4e-108  360.3   6.7   4   4   2.1e-11   5.7e-10   36.9   0.1   234   269   629   664   624   665 0.93 -
Pdum_DN75190_c1_g2_i8:1873-2820  -            316 448514at33208        -            271     7e-30  102.2  18.4   1   4   1.5e-08     4e-07   27.6   0.8    30    99    49   118    36   128 0.80 -
Pdum_DN75190_c1_g2_i8:1873-2820  -            316 448514at33208        -            271     7e-30  102.2  18.4   2   4   6.3e-10   1.7e-08   32.1   1.7    28    99   127   201   118   206 0.82 -
Pdum_DN75190_c1_g2_i8:1873-2820  -            316 448514at33208        -            271     7e-30  102.2  18.4   3   4   1.6e-10   4.4e-09   34.0   0.5    25    97   167   239   159   240 0.89 -
Pdum_DN75190_c1_g2_i8:1873-2820  -            316 448514at33208        -            271     7e-30  102.2  18.4   4   4   1.9e-12   5.3e-11   40.3   0.0    27    99   209   281   200   287 0.87 -
Pdum_DN78854_c0_g1_i1:1579-2349  -            257 448514at33208        -            271     3e-27   93.6   8.5   1   4      0.05       1.4    6.2   0.0    29    56     2    30     1    37 0.55 -
Pdum_DN78854_c0_g1_i1:1579-2349  -            257 448514at33208        -            271     3e-27   93.6   8.5   2   4   6.6e-12   1.8e-10   38.5   1.4     3    79    18    95    16    97 0.91 -
Pdum_DN78854_c0_g1_i1:1579-2349  -            257 448514at33208        -            271     3e-27   93.6   8.5   3   4   6.1e-09   1.7e-07   28.8   0.4    40    99    98   160    91   166 0.84 -
Pdum_DN78854_c0_g1_i1:1579-2349  -            257 448514at33208        -            271     3e-27   93.6   8.5   4   4   2.8e-11   7.7e-10   36.5   0.1     5   108   146   253   142   257 0.88 -
Pdum_DN87134_c2_g1_i3:1621-2460  -            280 448514at33208        -            271   2.5e-26   90.5  21.3   1   4   4.1e-10   1.1e-08   32.7   1.0    29   102     1    76     1    87 0.85 -
Pdum_DN87134_c2_g1_i3:1621-2460  -            280 448514at33208        -            271   2.5e-26   90.5  21.3   2   4   1.3e-10   3.5e-09   34.3   1.7    25    98    85   158    77   161 0.87 -
Pdum_DN87134_c2_g1_i3:1621-2460  -            280 448514at33208        -            271   2.5e-26   90.5  21.3   3   4   2.9e-08   7.9e-07   26.6   1.7    29    99   129   198   129   206 0.86 -
Pdum_DN87134_c2_g1_i3:1621-2460  -            280 448514at33208        -            271   2.5e-26   90.5  21.3   4   4   3.3e-08   8.9e-07   26.4   1.5    25    96   209   280   200   280 0.86 -
Pdum_DN92078_c7_g2_i1:2888-3787  -            300 448514at33208        -            271   5.2e-26   89.5   1.7   1   3   5.9e-15   1.6e-13   48.6   0.6     3    97    10   107     8   115 0.91 -
Pdum_DN92078_c7_g2_i1:2888-3787  -            300 448514at33208        -            271   5.2e-26   89.5   1.7   2   3   2.9e-10   7.9e-09   33.2   0.0    30   125   123   222   117   223 0.82 -
Pdum_DN92078_c7_g2_i1:2888-3787  -            300 448514at33208        -            271   5.2e-26   89.5   1.7   3   3     0.013      0.36    8.1   0.0    19    57   196   237   188   250 0.68 -
Pdum_DN87680_c1_g3_i1:3327-4124  -            266 448514at33208        -            271   6.6e-25   85.9  29.4   1   5   3.1e-09   8.6e-08   29.8   0.5    29    98     5    78     2    81 0.79 -
Pdum_DN87680_c1_g3_i1:3327-4124  -            266 448514at33208        -            271   6.6e-25   85.9  29.4   2   5   3.7e-13     1e-11   42.7   3.1     1    98    19   120    19   122 0.92 -
Pdum_DN87680_c1_g3_i1:3327-4124  -            266 448514at33208        -            271   6.6e-25   85.9  29.4   3   5   9.4e-07   2.6e-05   21.7   0.6    25    78    85   139    81   143 0.88 -
Pdum_DN87680_c1_g3_i1:3327-4124  -            266 448514at33208        -            271   6.6e-25   85.9  29.4   4   5    0.0022      0.06   10.6   0.1    40    75   143   178   141   185 0.89 -
Pdum_DN87680_c1_g3_i1:3327-4124  -            266 448514at33208        -            271   6.6e-25   85.9  29.4   5   5   6.9e-08   1.9e-06   25.4   1.7    45    98   210   266   207   266 0.90 -
Pdum_DN83588_c0_g2_i13:1452-2396 -            315 448514at33208        -            271   5.4e-24   82.9   0.6   1   4   2.5e-08   6.9e-07   26.8   0.0    33   101     3    75     1    90 0.82 -
Pdum_DN83588_c0_g2_i13:1452-2396 -            315 448514at33208        -            271   5.4e-24   82.9   0.6   2   4   1.3e-07   3.7e-06   24.4   0.0    20    99    75   158    70   169 0.84 -
Pdum_DN83588_c0_g2_i13:1452-2396 -            315 448514at33208        -            271   5.4e-24   82.9   0.6   3   4     0.045       1.2    6.3   0.0    42    59   198   215   183   248 0.77 -
Pdum_DN83588_c0_g2_i13:1452-2396 -            315 448514at33208        -            271   5.4e-24   82.9   0.6   4   4   1.6e-06   4.2e-05   20.9   0.0   205   268   247   314   227   315 0.81 -
Pdum_DN78086_c1_g1_i5:2830-3705  -            292 448514at33208        -            271   7.5e-24   82.4   4.7   1   5   1.7e-07   4.6e-06   24.1   0.1    32    99     8    80     1    85 0.82 -
Pdum_DN78086_c1_g1_i5:2830-3705  -            292 448514at33208        -            271   7.5e-24   82.4   4.7   2   5   2.4e-10   6.4e-09   33.5   0.5    12    99    73   164    71   172 0.86 -
Pdum_DN78086_c1_g1_i5:2830-3705  -            292 448514at33208        -            271   7.5e-24   82.4   4.7   3   5   0.00011     0.003   14.9   0.2    44    74   148   178   140   185 0.86 -
Pdum_DN78086_c1_g1_i5:2830-3705  -            292 448514at33208        -            271   7.5e-24   82.4   4.7   4   5   3.4e-05   0.00094   16.5   0.5    29    98   174   247   166   251 0.84 -
Pdum_DN78086_c1_g1_i5:2830-3705  -            292 448514at33208        -            271   7.5e-24   82.4   4.7   5   5    0.0014     0.038   11.2   0.0     3    57   232   287   230   291 0.86 -
Pdum_DN82012_c2_g2_i1:484-1302   -            273 448514at33208        -            271   1.6e-22   78.0  11.5   1   3   4.2e-10   1.1e-08   32.6   1.1     2    97    16   111    15   119 0.86 -
Pdum_DN82012_c2_g2_i1:484-1302   -            273 448514at33208        -            271   1.6e-22   78.0  11.5   2   3   1.3e-09   3.6e-08   31.0   1.8    12    99   106   193   105   200 0.92 -
Pdum_DN82012_c2_g2_i1:484-1302   -            273 448514at33208        -            271   1.6e-22   78.0  11.5   3   3   2.6e-07   7.1e-06   23.5   0.1    26    60   203   236   195   259 0.82 -
Pdum_DN79110_c0_g1_i7:340-1365   -            342 448514at33208        -            271   2.8e-21   74.0   2.1   1   4     0.088       2.4    5.4   0.0    82   122    65   106    39   110 0.61 -
Pdum_DN79110_c0_g1_i7:340-1365   -            342 448514at33208        -            271   2.8e-21   74.0   2.1   2   4   4.2e-08   1.2e-06   26.1   0.3    27    98    91   167    87   169 0.79 -
Pdum_DN79110_c0_g1_i7:340-1365   -            342 448514at33208        -            271   2.8e-21   74.0   2.1   3   4   1.9e-09   5.1e-08   30.5   0.0    22   125   170   285   167   289 0.76 -
Pdum_DN79110_c0_g1_i7:340-1365   -            342 448514at33208        -            271   2.8e-21   74.0   2.1   4   4     0.005      0.14    9.4   0.0    44    94   285   338   280   342 0.77 -
Pdum_DN90586_c2_g3_i4:2166-2804  -            213 448514at33208        -            271   1.4e-20   71.7   0.3   1   3   3.3e-08   8.9e-07   26.4   0.0    28    99     7    83     2    85 0.88 -
Pdum_DN90586_c2_g3_i4:2166-2804  -            213 448514at33208        -            271   1.4e-20   71.7   0.3   2   3   5.1e-11   1.4e-09   35.6   0.1     3    98    67   166    65   172 0.90 -
Pdum_DN90586_c2_g3_i4:2166-2804  -            213 448514at33208        -            271   1.4e-20   71.7   0.3   3   3   3.1e-05   0.00085   16.7   0.1     4    60   152   209   151   212 0.89 -
Pdum_DN84241_c0_g1_i1:2776-3423  -            216 448514at33208        -            271   1.9e-20   71.3   0.8   1   3   3.3e-12   9.1e-11   39.5   0.0    24    88     5    72     2    77 0.87 -
Pdum_DN84241_c0_g1_i1:2776-3423  -            216 448514at33208        -            271   1.9e-20   71.3   0.8   2   3   2.1e-08   5.6e-07   27.1   0.1     9    98    76   171    66   177 0.83 -
Pdum_DN84241_c0_g1_i1:2776-3423  -            216 448514at33208        -            271   1.9e-20   71.3   0.8   3   3      0.46        13    3.0   0.0   233   266   177   210   169   214 0.80 -
Pdum_DN84894_c0_g1_i9:97-867     -            257 448514at33208        -            271   5.7e-20   69.7   0.0   1   3    0.0001    0.0027   15.0   0.0    44   102    31    93    23    97 0.90 -
Pdum_DN84894_c0_g1_i9:97-867     -            257 448514at33208        -            271   5.7e-20   69.7   0.0   2   3     7e-05    0.0019   15.5   0.0    26    80    97   152    94   155 0.92 -
Pdum_DN84894_c0_g1_i9:97-867     -            257 448514at33208        -            271   5.7e-20   69.7   0.0   3   3   8.3e-11   2.3e-09   35.0   0.0    43   128   157   246   153   254 0.88 -
Pdum_DN72920_c0_g1_i5:770-1675   -            302 448514at33208        -            271     7e-20   69.4  14.7   1   4   2.5e-06     7e-05   20.2   1.2    22   100     5    93     1    99 0.76 -
Pdum_DN72920_c0_g1_i5:770-1675   -            302 448514at33208        -            271     7e-20   69.4  14.7   2   4   0.00094     0.026   11.8   0.1   208   267   109   172   106   176 0.81 -
Pdum_DN72920_c0_g1_i5:770-1675   -            302 448514at33208        -            271     7e-20   69.4  14.7   3   4   1.3e-09   3.7e-08   31.0   0.0    12    79   169   237   166   239 0.93 -
Pdum_DN72920_c0_g1_i5:770-1675   -            302 448514at33208        -            271     7e-20   69.4  14.7   4   4   8.3e-05    0.0023   15.3   2.9    37    96   236   299   234   301 0.78 -
Pdum_DN80129_c0_g2_i7:710-1570   -            287 448514at33208        -            271   1.2e-19   68.6   4.5   1   4     0.003     0.083   10.1   0.0    29    79     4    55     2    57 0.88 -
Pdum_DN80129_c0_g2_i7:710-1570   -            287 448514at33208        -            271   1.2e-19   68.6   4.5   2   4   1.4e-11   3.9e-10   37.4   0.2    40    98    58   119    54   123 0.90 -
Pdum_DN80129_c0_g2_i7:710-1570   -            287 448514at33208        -            271   1.2e-19   68.6   4.5   3   4   2.2e-07     6e-06   23.7   0.0    41    99   101   162    94   171 0.88 -
Pdum_DN80129_c0_g2_i7:710-1570   -            287 448514at33208        -            271   1.2e-19   68.6   4.5   4   4    0.0027     0.074   10.3   0.4    33   101   177   252   164   277 0.56 -
Pdum_DN88256_c0_g1_i4:512-2926   -            805 448514at33208        -            271   2.1e-19   67.8  24.7   1   6   3.8e-08     1e-06   26.2   1.5     2    98    70   173    69   176 0.87 -
Pdum_DN88256_c0_g1_i4:512-2926   -            805 448514at33208        -            271   2.1e-19   67.8  24.7   2   6   0.00075      0.02   12.1   0.4    45   101   159   218   154   225 0.84 -
Pdum_DN88256_c0_g1_i4:512-2926   -            805 448514at33208        -            271   2.1e-19   67.8  24.7   3   6    0.0026      0.07   10.4   0.9    81   180   311   402   302   413 0.81 -
Pdum_DN88256_c0_g1_i4:512-2926   -            805 448514at33208        -            271   2.1e-19   67.8  24.7   4   6     0.035      0.97    6.6   0.2     3    57   397   457   395   460 0.70 -
Pdum_DN88256_c0_g1_i4:512-2926   -            805 448514at33208        -            271   2.1e-19   67.8  24.7   5   6     0.011       0.3    8.3   0.0    25    80   476   532   468   534 0.87 -
Pdum_DN88256_c0_g1_i4:512-2926   -            805 448514at33208        -            271   2.1e-19   67.8  24.7   6   6   1.4e-07   3.9e-06   24.3   0.2    29   102   522   599   520   671 0.77 -
Pdum_DN74150_c0_g1_i3:157-2955   -            933 448514at33208        -            271   6.8e-19   66.2  16.4   1   6   0.00015    0.0042   14.4   0.0    11    98    46   137    38   142 0.79 -
Pdum_DN74150_c0_g1_i3:157-2955   -            933 448514at33208        -            271   6.8e-19   66.2  16.4   2   6   8.8e-07   2.4e-05   21.8   0.9    28    97   147   220   142   235 0.84 -
Pdum_DN74150_c0_g1_i3:157-2955   -            933 448514at33208        -            271   6.8e-19   66.2  16.4   3   6     0.012      0.32    8.2   0.3   200   267   404   472   285   475 0.66 -
Pdum_DN74150_c0_g1_i3:157-2955   -            933 448514at33208        -            271   6.8e-19   66.2  16.4   4   6    0.0011     0.031   11.6   0.0     4    59   461   517   458   525 0.88 -
Pdum_DN74150_c0_g1_i3:157-2955   -            933 448514at33208        -            271   6.8e-19   66.2  16.4   5   6     0.012      0.33    8.2   0.1    28    97   540   613   524   621 0.71 -
Pdum_DN74150_c0_g1_i3:157-2955   -            933 448514at33208        -            271   6.8e-19   66.2  16.4   6   6   0.00054     0.015   12.6   0.1    26    96   622   696   615   710 0.85 -
Pdum_DN84798_c1_g2_i5:993-2768   -            592 448514at33208        -            271   1.1e-18   65.5   0.1   1   4       3.1        84    0.3   0.0   239   267    47    75    35    79 0.82 -
Pdum_DN84798_c1_g2_i5:993-2768   -            592 448514at33208        -            271   1.1e-18   65.5   0.1   2   4   0.00025     0.007   13.7   0.0    29   104   135   215   125   245 0.80 -
Pdum_DN84798_c1_g2_i5:993-2768   -            592 448514at33208        -            271   1.1e-18   65.5   0.1   3   4   1.1e-06   3.1e-05   21.4   0.0    25   218   304   491   289   501 0.63 -
Pdum_DN84798_c1_g2_i5:993-2768   -            592 448514at33208        -            271   1.1e-18   65.5   0.1   4   4   4.1e-07   1.1e-05   22.8   0.3    26    97   515   591   488   592 0.74 -
Pdum_DN77740_c0_g3_i3:100-1476   -            459 448514at33208        -            271   1.6e-18   65.0  11.0   1   5   2.7e-08   7.3e-07   26.7   0.0    24    98   143   221   137   239 0.84 -
Pdum_DN77740_c0_g3_i3:100-1476   -            459 448514at33208        -            271   1.6e-18   65.0  11.0   2   5   4.4e-09   1.2e-07   29.3   2.0     5    97   208   304   205   304 0.86 -
Pdum_DN77740_c0_g3_i3:100-1476   -            459 448514at33208        -            271   1.6e-18   65.0  11.0   3   5   2.3e-05   0.00063   17.1   0.0    45    95   291   343   285   347 0.83 -
Pdum_DN77740_c0_g3_i3:100-1476   -            459 448514at33208        -            271   1.6e-18   65.0  11.0   4   5    0.0022     0.059   10.6   0.3    29    99   316   388   312   401 0.81 -
Pdum_DN77740_c0_g3_i3:100-1476   -            459 448514at33208        -            271   1.6e-18   65.0  11.0   5   5         9   2.5e+02   -1.2   0.1    43    56   421   434   412   438 0.87 -
Pdum_DN76828_c2_g1_i1:4967-5695  -            243 448514at33208        -            271   2.4e-18   64.4   5.5   1   4   3.9e-11   1.1e-09   36.0   0.2    26    99    42   118    24   124 0.89 -
Pdum_DN76828_c2_g1_i1:4967-5695  -            243 448514at33208        -            271   2.4e-18   64.4   5.5   2   4   0.00059     0.016   12.5   0.0    40    79    98   137    94   139 0.93 -
Pdum_DN76828_c2_g1_i1:4967-5695  -            243 448514at33208        -            271   2.4e-18   64.4   5.5   3   4   9.1e-07   2.5e-05   21.7   0.0    27    73   126   172   120   183 0.82 -
Pdum_DN76828_c2_g1_i1:4967-5695  -            243 448514at33208        -            271   2.4e-18   64.4   5.5   4   4     0.025      0.68    7.1   0.2    42    78   186   222   174   243 0.70 -
Pdum_DN80498_c1_g1_i1:1987-2589  -            201 448514at33208        -            271   6.2e-18   63.0   3.8   1   4     6e-05    0.0016   15.7   0.0    33    79     5    52     1    55 0.81 -
Pdum_DN80498_c1_g1_i1:1987-2589  -            201 448514at33208        -            271   6.2e-18   63.0   3.8   2   4   3.6e-06   9.7e-05   19.8   0.1    42    79    59    96    57    96 0.92 -
Pdum_DN80498_c1_g1_i1:1987-2589  -            201 448514at33208        -            271   6.2e-18   63.0   3.8   3   4   4.2e-06   0.00011   19.5   0.0    24    61    82   120    77   130 0.86 -
Pdum_DN80498_c1_g1_i1:1987-2589  -            201 448514at33208        -            271   6.2e-18   63.0   3.8   4   4   0.00014    0.0038   14.5   0.1    33    95   135   201   126   201 0.84 -
Pdum_DN83588_c0_g2_i13:1293-2279 -            329 448514at33208        -            271   6.2e-18   63.0   0.5   1   4   2.5e-09   6.9e-08   30.1   0.1     3    98    18   118    16   127 0.87 -
Pdum_DN83588_c0_g2_i13:1293-2279 -            329 448514at33208        -            271   6.2e-18   63.0   0.5   2   4   0.00089     0.024   11.9   0.0    28    74    86   136    80   150 0.59 -
Pdum_DN83588_c0_g2_i13:1293-2279 -            329 448514at33208        -            271   6.2e-18   63.0   0.5   3   4      0.05       1.4    6.2   0.0    42    59   159   176   145   209 0.78 -
Pdum_DN83588_c0_g2_i13:1293-2279 -            329 448514at33208        -            271   6.2e-18   63.0   0.5   4   4   1.7e-06   4.7e-05   20.8   0.0   206   268   209   275   200   277 0.80 -
Pdum_DN91072_c6_g2_i4:11-988     -            326 448514at33208        -            271     1e-16   59.1   5.4   1   4    0.0003    0.0081   13.5   0.1    24    77    25    81    16    85 0.80 -
Pdum_DN91072_c6_g2_i4:11-988     -            326 448514at33208        -            271     1e-16   59.1   5.4   2   4   8.5e-10   2.3e-08   31.6   1.4    26   100    71   149    67   165 0.84 -
Pdum_DN91072_c6_g2_i4:11-988     -            326 448514at33208        -            271     1e-16   59.1   5.4   3   4   6.7e-06   0.00018   18.9   0.1    43    99   182   241   167   251 0.83 -
Pdum_DN91072_c6_g2_i4:11-988     -            326 448514at33208        -            271     1e-16   59.1   5.4   4   4       2.9        80    0.4   0.1   159   181   241   263   235   296 0.76 -
Pdum_DN74356_c1_g1_i1:377-1456   -            360 448514at33208        -            271   1.2e-16   58.8   3.7   1   5    0.0075      0.21    8.9   0.0    29    69     2    43     1    53 0.87 -
Pdum_DN74356_c1_g1_i1:377-1456   -            360 448514at33208        -            271   1.2e-16   58.8   3.7   2   5   1.3e-05   0.00036   17.9   0.0    40   104    56   127    47   147 0.88 -
Pdum_DN74356_c1_g1_i1:377-1456   -            360 448514at33208        -            271   1.2e-16   58.8   3.7   3   5       8.7   2.4e+02   -1.2   0.0   242   260   143   161   133   170 0.78 -
Pdum_DN74356_c1_g1_i1:377-1456   -            360 448514at33208        -            271   1.2e-16   58.8   3.7   4   5     0.043       1.2    6.4   0.0    25    58   181   214   167   235 0.70 -
Pdum_DN74356_c1_g1_i1:377-1456   -            360 448514at33208        -            271   1.2e-16   58.8   3.7   5   5   6.1e-07   1.7e-05   22.3   0.3    40   110   255   328   239   359 0.77 -
Pdum_DN78454_c0_g1_i4:576-2111   -            512 448514at33208        -            271   1.9e-16   58.2   0.7   1   4      0.05       1.4    6.2   0.0   240   267   214   241   205   245 0.83 -
Pdum_DN78454_c0_g1_i4:576-2111   -            512 448514at33208        -            271   1.9e-16   58.2   0.7   2   4    0.0033     0.091   10.0   0.0   228   268   252   292   243   295 0.90 -
Pdum_DN78454_c0_g1_i4:576-2111   -            512 448514at33208        -            271   1.9e-16   58.2   0.7   3   4   2.4e-11   6.6e-10   36.7   0.5    22   104   299   384   293   433 0.84 -
Pdum_DN78454_c0_g1_i4:576-2111   -            512 448514at33208        -            271   1.9e-16   58.2   0.7   4   4       4.4   1.2e+02   -0.2   0.0    12    56   465   510   458   511 0.83 -
Pdum_DN90064_c4_g2_i4:2740-4161  -            474 448514at33208        -            271     2e-16   58.1   4.6   1   3     0.041       1.1    6.4   0.0    36   104   149   220   129   229 0.74 -
Pdum_DN90064_c4_g2_i4:2740-4161  -            474 448514at33208        -            271     2e-16   58.1   4.6   2   3   3.1e-11   8.6e-10   36.3   2.8     3   109   282   392   280   402 0.81 -
Pdum_DN90064_c4_g2_i4:2740-4161  -            474 448514at33208        -            271     2e-16   58.1   4.6   3   3    0.0017     0.047   10.9   0.0    42    99   405   472   387   474 0.74 -
Pdum_DN76013_c0_g1_i3:463-1068   -            202 448514at33208        -            271   4.6e-16   56.9   2.0   1   2    0.0018     0.048   10.9   0.2    37    63    12    38     1    40 0.78 -
Pdum_DN76013_c0_g1_i3:463-1068   -            202 448514at33208        -            271   4.6e-16   56.9   2.0   2   2   3.3e-14   9.1e-13   46.1   0.2    23   104    42   130    36   133 0.85 -
Pdum_DN90273_c4_g1_i2:3537-4052  -            172 448514at33208        -            271   9.1e-16   55.9   1.4   1   2   1.8e-06   4.9e-05   20.7   0.0     5    77    26    99    21   109 0.87 -
Pdum_DN90273_c4_g1_i2:3537-4052  -            172 448514at33208        -            271   9.1e-16   55.9   1.4   2   2   1.2e-10   3.4e-09   34.4   0.8    44   103   108   170    94   172 0.87 -
Pdum_DN85045_c0_g1_i5:248-835    -            196 448514at33208        -            271     1e-15   55.7   1.6   1   3     0.002     0.055   10.7   0.1    40   100    11    74     3    80 0.81 -
Pdum_DN85045_c0_g1_i5:248-835    -            196 448514at33208        -            271     1e-15   55.7   1.6   2   3   4.7e-10   1.3e-08   32.5   0.1    29   106    83   164    73   170 0.86 -
Pdum_DN85045_c0_g1_i5:248-835    -            196 448514at33208        -            271     1e-15   55.7   1.6   3   3   2.5e-07   6.8e-06   23.5   0.0    25    96   121   196   116   196 0.89 -
Pdum_DN77965_c1_g1_i1:1646-2635  -            330 448514at33208        -            271   1.6e-14   51.9   9.4   1   5       7.5     2e+02   -1.0   0.1    66    95     6    38     1    41 0.51 -
Pdum_DN77965_c1_g1_i1:1646-2635  -            330 448514at33208        -            271   1.6e-14   51.9   9.4   2   5   4.5e-09   1.2e-07   29.3   0.2    42   102    69   134    47   141 0.81 -
Pdum_DN77965_c1_g1_i1:1646-2635  -            330 448514at33208        -            271   1.6e-14   51.9   9.4   3   5      0.14       3.7    4.7   0.4    24    57   139   173   133   200 0.69 -
Pdum_DN77965_c1_g1_i1:1646-2635  -            330 448514at33208        -            271   1.6e-14   51.9   9.4   4   5    0.0057      0.16    9.3   0.3    28    57   187   217   180   236 0.78 -
Pdum_DN77965_c1_g1_i1:1646-2635  -            330 448514at33208        -            271   1.6e-14   51.9   9.4   5   5    0.0013     0.036   11.3   0.0    21    58   289   328   260   330 0.81 -
Pdum_DN84903_c4_g3_i8:753-1754   -            334 448514at33208        -            271   2.6e-14   51.2   3.2   1   3      0.21       5.6    4.1   0.0    27    58    53    85    23    89 0.70 -
Pdum_DN84903_c4_g3_i8:753-1754   -            334 448514at33208        -            271   2.6e-14   51.2   3.2   2   3   1.3e-13   3.5e-12   44.2   0.5     3   137    71   209    69   220 0.89 -
Pdum_DN84903_c4_g3_i8:753-1754   -            334 448514at33208        -            271   2.6e-14   51.2   3.2   3   3      0.21       5.7    4.1   0.1    81   100   282   301   214   316 0.66 -
Pdum_DN84814_c0_g2_i1:1505-2083  -            193 448514at33208        -            271     3e-14   50.9   0.1   1   2   1.1e-06     3e-05   21.4   0.0    10   104    17   113     8   121 0.80 -
Pdum_DN84814_c0_g2_i1:1505-2083  -            193 448514at33208        -            271     3e-14   50.9   0.1   2   2   1.1e-08   2.9e-07   28.0   0.1    30    99   120   193   110   193 0.88 -
Pdum_DN73138_c0_g1_i1:392-1264   -            291 448514at33208        -            271   3.2e-14   50.9   1.9   1   3   1.5e-05   0.00042   17.7   0.1    23    99     3    83     1    85 0.82 -
Pdum_DN73138_c0_g1_i1:392-1264   -            291 448514at33208        -            271   3.2e-14   50.9   1.9   2   3   9.5e-09   2.6e-07   28.2   0.0    40   106    63   132    59   138 0.77 -
Pdum_DN73138_c0_g1_i1:392-1264   -            291 448514at33208        -            271   3.2e-14   50.9   1.9   3   3    0.0014      0.04   11.2   0.2    30   145   138   255   131   282 0.68 -
Pdum_DN87342_c0_g1_i8:5-2425     -            807 448514at33208        -            271   6.9e-14   49.8   0.6   1   5    0.0077      0.21    8.8   0.0   207   265    19    80     9    85 0.84 -
Pdum_DN87342_c0_g1_i8:5-2425     -            807 448514at33208        -            271   6.9e-14   49.8   0.6   2   5       8.2   2.2e+02   -1.1   0.0   205   217    99   111    94   140 0.80 -
Pdum_DN87342_c0_g1_i8:5-2425     -            807 448514at33208        -            271   6.9e-14   49.8   0.6   3   5       1.7        47    1.1   0.1    29    81   144   198   137   230 0.71 -
Pdum_DN87342_c0_g1_i8:5-2425     -            807 448514at33208        -            271   6.9e-14   49.8   0.6   4   5   3.1e-05   0.00084   16.7   0.0    18   102   366   454   356   461 0.86 -
Pdum_DN87342_c0_g1_i8:5-2425     -            807 448514at33208        -            271   6.9e-14   49.8   0.6   5   5   7.3e-05     0.002   15.5   0.0    45   133   480   571   474   592 0.73 -
Pdum_DN89838_c3_g2_i15:954-1709  -            252 448514at33208        -            271   8.7e-14   49.4   8.7   1   3   2.3e-07   6.3e-06   23.7   0.2    46   102     3    60     1    82 0.89 -
Pdum_DN89838_c3_g2_i15:954-1709  -            252 448514at33208        -            271   8.7e-14   49.4   8.7   2   3     6e-06   0.00017   19.0   0.8    27   101    65   137    59   143 0.77 -
Pdum_DN89838_c3_g2_i15:954-1709  -            252 448514at33208        -            271   8.7e-14   49.4   8.7   3   3    0.0011     0.031   11.6   0.1    46   100   161   220   143   232 0.75 -
Pdum_DN66770_c0_g1_i1:157-1065   -            303 448514at33208        -            271   1.7e-13   48.4  12.1   1   3   7.7e-07   2.1e-05   21.9   0.4    24   124     7   112     1   116 0.77 -
Pdum_DN66770_c0_g1_i1:157-1065   -            303 448514at33208        -            271   1.7e-13   48.4  12.1   2   3   5.2e-09   1.4e-07   29.1   0.9     2    58   115   172   114   232 0.75 -
Pdum_DN66770_c0_g1_i1:157-1065   -            303 448514at33208        -            271   1.7e-13   48.4  12.1   3   3      0.14       3.8    4.7   0.2    45   100   202   265   184   277 0.68 -
Pdum_DN74384_c0_g2_i2:99-1367    -            423 448514at33208        -            271   8.3e-13   46.2   6.4   1   3     0.001     0.028   11.7   1.2    28   112   102   192    91   221 0.78 -
Pdum_DN74384_c0_g2_i2:99-1367    -            423 448514at33208        -            271   8.3e-13   46.2   6.4   2   3   5.3e-05    0.0014   15.9   0.0    28    71   260   303   250   309 0.90 -
Pdum_DN74384_c0_g2_i2:99-1367    -            423 448514at33208        -            271   8.3e-13   46.2   6.4   3   3   3.2e-06   8.7e-05   19.9   0.0     2    92   316   414   315   421 0.83 -
Pdum_DN75190_c1_g2_i8:2335-2706  -            124 448514at33208        -            271     1e-12   45.9   4.5   1   2   1.7e-09   4.8e-08   30.6   0.9    30   103    11    84     2    92 0.80 -
Pdum_DN75190_c1_g2_i8:2335-2706  -            124 448514at33208        -            271     1e-12   45.9   4.5   2   2   1.3e-05   0.00036   17.9   0.3    28    59    89   119    79   124 0.85 -
Pdum_DN80927_c0_g1_i1:489-1964   -            492 448514at33208        -            271   1.9e-12   45.0  10.9   1   4      0.18       4.9    4.3   0.0    65   108   142   188   137   208 0.71 -
Pdum_DN80927_c0_g1_i1:489-1964   -            492 448514at33208        -            271   1.9e-12   45.0  10.9   2   4    0.0002    0.0055   14.0   0.6     4    80   260   336   257   338 0.92 -
Pdum_DN80927_c0_g1_i1:489-1964   -            492 448514at33208        -            271   1.9e-12   45.0  10.9   3   4   5.7e-05    0.0015   15.8   1.0    27    79   324   377   320   380 0.83 -
Pdum_DN80927_c0_g1_i1:489-1964   -            492 448514at33208        -            271   1.9e-12   45.0  10.9   4   4   2.6e-06   7.1e-05   20.2   0.0    43    99   392   451   389   459 0.91 -
Pdum_DN88766_c3_g2_i10:292-717   -            142 448514at33208        -            271   2.1e-12   44.9   0.7   1   2   5.8e-08   1.6e-06   25.6   0.1    44    96     6    62     3    67 0.83 -
Pdum_DN88766_c3_g2_i10:292-717   -            142 448514at33208        -            271   2.1e-12   44.9   0.7   2   2   0.00015     0.004   14.5   0.1    40    79    87   126    75   141 0.88 -
Pdum_DN71389_c1_g2_i1:359-1099   -            247 448514at33208        -            271   2.2e-12   44.8   6.5   1   3    0.0002    0.0055   14.0   0.0    66    98     3    39     1    50 0.90 -
Pdum_DN71389_c1_g2_i1:359-1099   -            247 448514at33208        -            271   2.2e-12   44.8   6.5   2   3   2.6e-06     7e-05   20.2   0.4    28   102    54   132    41   136 0.79 -
Pdum_DN71389_c1_g2_i1:359-1099   -            247 448514at33208        -            271   2.2e-12   44.8   6.5   3   3     0.001     0.028   11.7   0.3    20    98   133   217   129   220 0.61 -
Pdum_DN83855_c0_g1_i4:658-1428   -            257 448514at33208        -            271   2.3e-12   44.7   0.7   1   4     0.039       1.1    6.5   0.0    40    64     4    28     3    36 0.87 -
Pdum_DN83855_c0_g1_i4:658-1428   -            257 448514at33208        -            271   2.3e-12   44.7   0.7   2   4     3e-06   8.2e-05   20.0   0.0    27    69    38    81    30    90 0.86 -
Pdum_DN83855_c0_g1_i4:658-1428   -            257 448514at33208        -            271   2.3e-12   44.7   0.7   3   4    0.0014     0.037   11.3   0.1    38    89   110   164    90   180 0.74 -
Pdum_DN83855_c0_g1_i4:658-1428   -            257 448514at33208        -            271   2.3e-12   44.7   0.7   4   4      0.66        18    2.5   0.0   200   220   208   228   195   232 0.86 -
Pdum_DN83656_c0_g1_i2:2236-2991  -            252 448514at33208        -            271   2.5e-12   44.6   2.3   1   4     0.071       1.9    5.7   0.0    27    71     5    48     2    54 0.65 -
Pdum_DN83656_c0_g1_i2:2236-2991  -            252 448514at33208        -            271   2.5e-12   44.6   2.3   2   4    0.0071       0.2    8.9   0.1    42   100    76   137    73   160 0.84 -
Pdum_DN83656_c0_g1_i2:2236-2991  -            252 448514at33208        -            271   2.5e-12   44.6   2.3   3   4       0.1       2.7    5.2   0.0    27    82   144   198   136   203 0.83 -
Pdum_DN83656_c0_g1_i2:2236-2991  -            252 448514at33208        -            271   2.5e-12   44.6   2.3   4   4   2.1e-08   5.7e-07   27.1   0.0    25    95   182   252   176   252 0.93 -
Pdum_DN38861_c0_g1_i1:595-1392   -            266 448514at33208        -            271   2.6e-12   44.6   0.3   1   2   3.3e-06     9e-05   19.9   0.1     5   100    60   160    57   170 0.77 -
Pdum_DN38861_c0_g1_i1:595-1392   -            266 448514at33208        -            271   2.6e-12   44.6   0.3   2   2   5.3e-07   1.4e-05   22.5   0.0    50   101   206   262   188   266 0.81 -
Pdum_DN82224_c0_g1_i1:2783-3526  -            248 448514at33208        -            271     7e-12   43.2   5.8   1   4   1.4e-07   3.8e-06   24.4   0.3    42   101    20    81     2    86 0.70 -
Pdum_DN82224_c0_g1_i1:2783-3526  -            248 448514at33208        -            271     7e-12   43.2   5.8   2   4   2.3e-07   6.2e-06   23.7   0.2     3   100    22    80    20   105 0.58 -
Pdum_DN82224_c0_g1_i1:2783-3526  -            248 448514at33208        -            271     7e-12   43.2   5.8   3   4    0.0021     0.059   10.6   0.0    27    63   115   152    93   159 0.80 -
Pdum_DN82224_c0_g1_i1:2783-3526  -            248 448514at33208        -            271     7e-12   43.2   5.8   4   4         1        27    1.9   0.0    64   122   170   231   163   246 0.66 -
Pdum_DN71483_c1_g1_i1:599-1228   -            210 448514at33208        -            271   1.4e-11   42.2   0.8   1   2   5.6e-10   1.5e-08   32.2   0.2    39   100    81   153    65   162 0.79 -
Pdum_DN71483_c1_g1_i1:599-1228   -            210 448514at33208        -            271   1.4e-11   42.2   0.8   2   2     0.008      0.22    8.8   0.0    27    70   160   204   153   206 0.80 -
Pdum_DN91578_c1_g1_i1:293-997    -            235 448514at33208        -            271   2.5e-11   41.4   2.3   1   3      0.56        15    2.7   0.0   250   268     2    20     1    23 0.85 -
Pdum_DN91578_c1_g1_i1:293-997    -            235 448514at33208        -            271   2.5e-11   41.4   2.3   2   3    0.0023     0.063   10.5   0.0    16    74   104   161    99   169 0.87 -
Pdum_DN91578_c1_g1_i1:293-997    -            235 448514at33208        -            271   2.5e-11   41.4   2.3   3   3   3.1e-08   8.4e-07   26.5   0.3    44    96   174   227   164   232 0.90 -
Pdum_DN66493_c0_g1_i1:720-1655   -            312 448514at33208        -            271   3.2e-11   41.0   3.5   1   5    0.0011     0.031   11.6   0.5    26    87    17    79     3   102 0.80 -
Pdum_DN66493_c0_g1_i1:720-1655   -            312 448514at33208        -            271   3.2e-11   41.0   3.5   2   5    0.0035     0.096    9.9   0.1    42    62   120   140    95   150 0.78 -
Pdum_DN66493_c0_g1_i1:720-1655   -            312 448514at33208        -            271   3.2e-11   41.0   3.5   3   5         7   1.9e+02   -0.9   0.0    43    62   161   180   157   183 0.87 -
Pdum_DN66493_c0_g1_i1:720-1655   -            312 448514at33208        -            271   3.2e-11   41.0   3.5   4   5   0.00033    0.0089   13.3   0.0   208   269   200   267   184   269 0.77 -
Pdum_DN66493_c0_g1_i1:720-1655   -            312 448514at33208        -            271   3.2e-11   41.0   3.5   5   5      0.61        17    2.6   0.0   236   261   277   302   269   310 0.80 -
Pdum_DN86637_c0_g1_i2:178-705    -            176 448514at33208        -            271   3.2e-11   41.0   2.7   1   2    0.0011     0.029   11.7   0.2    41    60    11    30     7    37 0.88 -
Pdum_DN86637_c0_g1_i2:178-705    -            176 448514at33208        -            271   3.2e-11   41.0   2.7   2   2   2.9e-09   7.9e-08   29.9   0.2    23   100    38   123    31   130 0.80 -
Pdum_DN84033_c1_g3_i1:1082-1726  -            215 448514at33208        -            271   3.3e-11   41.0   2.4   1   2   0.00059     0.016   12.5   0.1    27    57     7    38     1    76 0.88 -
Pdum_DN84033_c1_g3_i1:1082-1726  -            215 448514at33208        -            271   3.3e-11   41.0   2.4   2   2   2.6e-08   7.2e-07   26.7   0.5    41   103    80   146    50   181 0.79 -
Pdum_DN89224_c5_g2_i10:3220-3918 -            233 448514at33208        -            271   3.4e-11   40.9   0.3   1   2     9e-05    0.0024   15.2   0.9     4    63    61   123    58   139 0.83 -
Pdum_DN89224_c5_g2_i10:3220-3918 -            233 448514at33208        -            271   3.4e-11   40.9   0.3   2   2   2.5e-07   6.7e-06   23.6   0.0    40   122   143   229   127   233 0.83 -
Pdum_DN88892_c3_g1_i1:2670-3179  -            170 448514at33208        -            271   4.9e-11   40.4   6.6   1   3   0.00022    0.0061   13.9   0.2     8    78    14    85     8    88 0.87 -
Pdum_DN88892_c3_g1_i1:2670-3179  -            170 448514at33208        -            271   4.9e-11   40.4   6.6   2   3   0.00026    0.0071   13.6   1.3    27    77    75   127    71   132 0.78 -
Pdum_DN88892_c3_g1_i1:2670-3179  -            170 448514at33208        -            271   4.9e-11   40.4   6.6   3   3     2e-05   0.00055   17.3   0.0    40    74   133   167   128   170 0.92 -
Pdum_DN83800_c0_g2_i3:14-562     -            183 448514at33208        -            271   1.1e-10   39.3   1.5   1   3     9e-08   2.5e-06   25.0   0.2    29   100    60   134    38   141 0.80 -
Pdum_DN83800_c0_g2_i3:14-562     -            183 448514at33208        -            271   1.1e-10   39.3   1.5   2   3    0.0094      0.26    8.5   0.3    43    79   116   152   112   153 0.86 -
Pdum_DN83800_c0_g2_i3:14-562     -            183 448514at33208        -            271   1.1e-10   39.3   1.5   3   3   0.00067     0.018   12.3   0.1    29    59   143   174   138   179 0.84 -
Pdum_DN78785_c0_g1_i2:534-2834   -            767 448514at33208        -            271   1.2e-10   39.2   6.5   1   3   2.1e-10   5.8e-09   33.6   1.0     2   104    61   172    60   181 0.80 -
Pdum_DN78785_c0_g1_i2:534-2834   -            767 448514at33208        -            271   1.2e-10   39.2   6.5   2   3   0.00053     0.015   12.6   0.1    43   123   150   236   146   246 0.73 -
Pdum_DN78785_c0_g1_i2:534-2834   -            767 448514at33208        -            271   1.2e-10   39.2   6.5   3   3       2.2        61    0.8   0.1    44    61   239   258   234   304 0.69 -
Pdum_DN73512_c4_g2_i3:726-1661   -            312 448514at33208        -            271   1.5e-10   38.9   0.5   1   3       2.8        75    0.4   0.1    40    58    71    89    55    97 0.86 -
Pdum_DN73512_c4_g2_i3:726-1661   -            312 448514at33208        -            271   1.5e-10   38.9   0.5   2   3   2.7e-08   7.3e-07   26.7   0.9    27   130    98   205    83   245 0.77 -
Pdum_DN73512_c4_g2_i3:726-1661   -            312 448514at33208        -            271   1.5e-10   38.9   0.5   3   3     0.024      0.65    7.2   0.0    27    57   264   295   238   300 0.73 -
Pdum_DN66431_c0_g1_i1:1561-2364  -            268 448514at33208        -            271   1.5e-10   38.8   1.2   1   4      0.32       8.8    3.5   0.1    43    95    26    80     5    83 0.86 -
Pdum_DN66431_c0_g1_i1:1561-2364  -            268 448514at33208        -            271   1.5e-10   38.8   1.2   2   4    0.0008     0.022   12.0   0.1    45   102    69   127    63   130 0.78 -
Pdum_DN66431_c0_g1_i1:1561-2364  -            268 448514at33208        -            271   1.5e-10   38.8   1.2   3   4   5.9e-06   0.00016   19.0   0.1    27    95   130   201   122   202 0.87 -
Pdum_DN66431_c0_g1_i1:1561-2364  -            268 448514at33208        -            271   1.5e-10   38.8   1.2   4   4     0.054       1.5    6.1   0.0    44   107   189   255   184   261 0.84 -
Pdum_DN84582_c3_g1_i1:332-1036   -            235 448514at33208        -            271   2.1e-10   38.3   0.3   1   2   2.7e-05   0.00074   16.9   0.0    11    65     3    59     1    66 0.87 -
Pdum_DN84582_c3_g1_i1:332-1036   -            235 448514at33208        -            271   2.1e-10   38.3   0.3   2   2   5.8e-06   0.00016   19.1   0.1    30    99    64   138    53   175 0.77 -
Pdum_DN92345_c8_g1_i1:3879-4793  -            305 448514at33208        -            271   2.3e-10   38.2   1.3   1   4   1.8e-06   4.8e-05   20.8   0.1    40   106     6    74     2   101 0.80 -
Pdum_DN92345_c8_g1_i1:3879-4793  -            305 448514at33208        -            271   2.3e-10   38.2   1.3   2   4      0.35       9.6    3.4   0.0    48    69   119   140   100   148 0.76 -
Pdum_DN92345_c8_g1_i1:3879-4793  -            305 448514at33208        -            271   2.3e-10   38.2   1.3   3   4    0.0093      0.25    8.5   0.0    29   100   195   269   185   275 0.68 -
Pdum_DN92345_c8_g1_i1:3879-4793  -            305 448514at33208        -            271   2.3e-10   38.2   1.3   4   4      0.34       9.2    3.4   0.0     3    56   252   304   250   305 0.74 -
Pdum_DN73439_c0_g1_i2:1041-1721  -            227 448514at33208        -            271   2.9e-10   37.9   0.2   1   2   4.7e-06   0.00013   19.4   0.0     8    99    30   125    24   131 0.86 -
Pdum_DN73439_c0_g1_i2:1041-1721  -            227 448514at33208        -            271   2.9e-10   37.9   0.2   2   2   4.8e-05    0.0013   16.0   0.1     2    59   171   227   170   227 0.89 -
Pdum_DN89089_c3_g1_i2:1021-1773  -            251 448514at33208        -            271   3.2e-10   37.7   0.2   1   4       1.5        40    1.3   0.0    43    56    16    29     1    76 0.71 -
Pdum_DN89089_c3_g1_i2:1021-1773  -            251 448514at33208        -            271   3.2e-10   37.7   0.2   2   4    0.0056      0.15    9.3   0.0    24    60    90   126    66   132 0.81 -
Pdum_DN89089_c3_g1_i2:1021-1773  -            251 448514at33208        -            271   3.2e-10   37.7   0.2   3   4   1.4e-06   3.8e-05   21.1   0.0    42    97   152   210   148   215 0.89 -
Pdum_DN89089_c3_g1_i2:1021-1773  -            251 448514at33208        -            271   3.2e-10   37.7   0.2   4   4       1.8        49    1.1   0.0   237   260   224   247   219   251 0.85 -
Pdum_DN79208_c0_g1_i2:96-1031    -            312 448514at33208        -            271   3.9e-10   37.4   0.4   1   2   3.4e-06   9.2e-05   19.8   0.0     4   174    11   179     7   193 0.76 -
Pdum_DN79208_c0_g1_i2:96-1031    -            312 448514at33208        -            271   3.9e-10   37.4   0.4   2   2   0.00014    0.0037   14.6   0.3    32   101   218   291   203   308 0.82 -
Pdum_DN88739_c2_g1_i2:407-1549   -            381 448514at33208        -            271   5.5e-10   37.0   0.3   1   1   6.4e-11   1.8e-09   35.3   0.5     8    97   201   298   195   305 0.79 -
Pdum_DN65740_c0_g1_i1:159-803    -            215 448514at33208        -            271   5.8e-10   36.9   2.0   1   3   4.2e-06   0.00012   19.5   0.1     4    65    14    77    10    89 0.55 -
Pdum_DN65740_c0_g1_i1:159-803    -            215 448514at33208        -            271   5.8e-10   36.9   2.0   2   3      0.23       6.2    4.0   0.0    23    57    92   127    76   142 0.75 -
Pdum_DN65740_c0_g1_i1:159-803    -            215 448514at33208        -            271   5.8e-10   36.9   2.0   3   3    0.0011     0.029   11.7   0.2    39    95   156   215   132   215 0.78 -
Pdum_DN87078_c1_g1_i1:1858-2604  -            249 448514at33208        -            271   8.5e-10   36.3   2.4   1   2    0.0032     0.088   10.1   0.1    20    74   125   182   106   189 0.63 -
Pdum_DN87078_c1_g1_i1:1858-2604  -            249 448514at33208        -            271   8.5e-10   36.3   2.4   2   2   7.4e-08     2e-06   25.3   0.2    40    96   190   249   188   249 0.94 -
Pdum_DN83552_c2_g1_i4:337-1659   -            441 448514at33208        -            271   1.1e-09   36.0   0.7   1   3   0.00054     0.015   12.6   0.0    28   104    63   144    55   152 0.85 -
Pdum_DN83552_c2_g1_i4:337-1659   -            441 448514at33208        -            271   1.1e-09   36.0   0.7   2   3     0.036      0.97    6.6   0.0    24    60   189   227   169   241 0.76 -
Pdum_DN83552_c2_g1_i4:337-1659   -            441 448514at33208        -            271   1.1e-09   36.0   0.7   3   3   0.00047     0.013   12.8   0.2    40   131   249   343   239   412 0.70 -
Pdum_DN84002_c0_g1_i8:796-1551   -            252 448514at33208        -            271   2.7e-09   34.7   0.8   1   4      0.11       2.9    5.1   0.1    41    58     8    25     4    28 0.82 -
Pdum_DN84002_c0_g1_i8:796-1551   -            252 448514at33208        -            271   2.7e-09   34.7   0.8   2   4   1.3e-07   3.6e-06   24.5   0.6     3    72    11    89    10    91 0.77 -
Pdum_DN84002_c0_g1_i8:796-1551   -            252 448514at33208        -            271   2.7e-09   34.7   0.8   3   4     0.061       1.7    5.9   0.0   239   270    87   118    87   119 0.95 -
Pdum_DN84002_c0_g1_i8:796-1551   -            252 448514at33208        -            271   2.7e-09   34.7   0.8   4   4       6.7   1.8e+02   -0.8   0.0    41    58   193   210   146   223 0.59 -
Pdum_DN86525_c0_g1_i1:704-1231   -            176 448514at33208        -            271   3.8e-09   34.2   3.7   1   3     0.021      0.56    7.4   0.3    49    74     2    27     1    34 0.87 -
Pdum_DN86525_c0_g1_i1:704-1231   -            176 448514at33208        -            271   3.8e-09   34.2   3.7   2   3   3.5e-07   9.5e-06   23.1   0.0    43   103    39   103    37   121 0.79 -
Pdum_DN86525_c0_g1_i1:704-1231   -            176 448514at33208        -            271   3.8e-09   34.2   3.7   3   3      0.47        13    3.0   0.0    43    60   126   143   116   164 0.61 -
Pdum_DN69263_c0_g1_i1:405-1196   -            264 448514at33208        -            271   6.5e-09   33.4  12.6   1   4   4.1e-08   1.1e-06   26.1   0.0    44    96     4    63     2    75 0.83 -
Pdum_DN69263_c0_g1_i1:405-1196   -            264 448514at33208        -            271   6.5e-09   33.4  12.6   2   4       3.6        98    0.1   0.0   238   266    77   107    67   111 0.68 -
Pdum_DN69263_c0_g1_i1:405-1196   -            264 448514at33208        -            271   6.5e-09   33.4  12.6   3   4    0.0049      0.13    9.5   0.3    43    79   156   194   152   198 0.80 -
Pdum_DN69263_c0_g1_i1:405-1196   -            264 448514at33208        -            271   6.5e-09   33.4  12.6   4   4       1.3        35    1.5   2.8    41    95   202   262   197   263 0.69 -
Pdum_DN82629_c0_g1_i4:473-2515   -            681 448514at33208        -            271   7.5e-09   33.3   0.5   1   3    0.0016     0.045   11.0   0.1    80   112   321   353   296   366 0.75 -
Pdum_DN82629_c0_g1_i4:473-2515   -            681 448514at33208        -            271   7.5e-09   33.3   0.5   2   3    0.0005     0.014   12.7   0.0     4    64   374   440   371   447 0.63 -
Pdum_DN82629_c0_g1_i4:473-2515   -            681 448514at33208        -            271   7.5e-09   33.3   0.5   3   3      0.17       4.6    4.4   0.0   226   265   479   523   452   529 0.63 -
Pdum_DN91312_c3_g1_i1:2567-3481  -            305 448514at33208        -            271   8.3e-09   33.1   0.1   1   4     0.028      0.76    7.0   0.0    74   145     3    82     1    94 0.66 -
Pdum_DN91312_c3_g1_i1:2567-3481  -            305 448514at33208        -            271   8.3e-09   33.1   0.1   2   4    0.0075      0.21    8.9   0.1    10    60    70   121    63   125 0.74 -
Pdum_DN91312_c3_g1_i1:2567-3481  -            305 448514at33208        -            271   8.3e-09   33.1   0.1   3   4     0.077       2.1    5.5   0.0    40    65   147   172   139   182 0.85 -
Pdum_DN91312_c3_g1_i1:2567-3481  -            305 448514at33208        -            271   8.3e-09   33.1   0.1   4   4     0.013      0.34    8.1   0.0    43    95   242   305   221   305 0.73 -
Pdum_DN75894_c0_g1_i3:333-1052   -            240 448514at33208        -            271   8.5e-09   33.1   4.4   1   3     0.017      0.47    7.7   0.1    26    79    18    72     1    76 0.83 -
Pdum_DN75894_c0_g1_i3:333-1052   -            240 448514at33208        -            271   8.5e-09   33.1   4.4   2   3   7.2e-06    0.0002   18.8   0.0    26    64    60   100    46   106 0.79 -
Pdum_DN75894_c0_g1_i3:333-1052   -            240 448514at33208        -            271   8.5e-09   33.1   4.4   3   3    0.0015     0.042   11.1   0.9     6   101   129   231   124   237 0.81 -
Pdum_DN72823_c0_g2_i2:1154-1981  -            276 448514at33208        -            271     9e-09   33.0   0.5   1   4       1.9        51    1.0   0.0   216   257    10    53     5    62 0.72 -
Pdum_DN72823_c0_g2_i2:1154-1981  -            276 448514at33208        -            271     9e-09   33.0   0.5   2   4   1.8e-05   0.00048   17.5   0.0    26   102    72   149    57   209 0.68 -
Pdum_DN72823_c0_g2_i2:1154-1981  -            276 448514at33208        -            271     9e-09   33.0   0.5   3   4    0.0062      0.17    9.1   0.0    20    68   204   253   193   260 0.81 -
Pdum_DN72823_c0_g2_i2:1154-1981  -            276 448514at33208        -            271     9e-09   33.0   0.5   4   4       5.3   1.4e+02   -0.5   0.0   205   218   259   272   255   275 0.85 -
Pdum_DN79406_c0_g1_i1:209-1183   -            325 448514at33208        -            271   9.5e-09   32.9   3.9   1   3   3.5e-05   0.00095   16.5   0.5    28   131     8   113     3   127 0.83 -
Pdum_DN79406_c0_g1_i1:209-1183   -            325 448514at33208        -            271   9.5e-09   32.9   3.9   2   3    0.0004     0.011   13.0   0.2     3    67   161   226   159   230 0.82 -
Pdum_DN79406_c0_g1_i1:209-1183   -            325 448514at33208        -            271   9.5e-09   32.9   3.9   3   3      0.75        21    2.3   0.0   186   237   264   321   244   324 0.74 -
Pdum_DN82465_c0_g2_i1:488-1204   -            239 448514at33208        -            271   9.8e-09   32.9   0.0   1   2   0.00046     0.013   12.8   0.0    27    62   115   150   102   158 0.86 -
Pdum_DN82465_c0_g2_i1:488-1204   -            239 448514at33208        -            271   9.8e-09   32.9   0.0   2   2     2e-05   0.00054   17.3   0.0    10    57   189   238   182   239 0.83 -
Pdum_DN85879_c0_g1_i1:230-808    -            193 448514at33208        -            271     1e-08   32.8   0.0   1   2   9.6e-05    0.0026   15.1   0.0     5    74     8    78     4   112 0.66 -
Pdum_DN85879_c0_g1_i1:230-808    -            193 448514at33208        -            271     1e-08   32.8   0.0   2   2   0.00025    0.0067   13.7   0.0    35    95   129   193   118   193 0.73 -
Pdum_DN73504_c1_g7_i2:375-1772   -            466 448514at33208        -            271   1.2e-08   32.5   7.8   1   4         4   1.1e+02   -0.1   0.0    80   103   154   177   133   181 0.59 -
Pdum_DN73504_c1_g7_i2:375-1772   -            466 448514at33208        -            271   1.2e-08   32.5   7.8   2   4     0.027      0.75    7.0   0.1    28    79   193   245   181   250 0.82 -
Pdum_DN73504_c1_g7_i2:375-1772   -            466 448514at33208        -            271   1.2e-08   32.5   7.8   3   4     9e-05    0.0025   15.2   0.1    44    99   253   310   248   322 0.80 -
Pdum_DN73504_c1_g7_i2:375-1772   -            466 448514at33208        -            271   1.2e-08   32.5   7.8   4   4   0.00094     0.026   11.8   0.2    32   110   322   414   315   434 0.73 -
Pdum_DN90796_c3_g1_i4:1517-2605  -            363 448514at33208        -            271   1.3e-08   32.5   0.5   1   3     0.036      0.99    6.6   0.0     9    59    70   121    63   133 0.76 -
Pdum_DN90796_c3_g1_i4:1517-2605  -            363 448514at33208        -            271   1.3e-08   32.5   0.5   2   3   9.2e-05    0.0025   15.1   0.1     2   102   146   254   145   259 0.87 -
Pdum_DN90796_c3_g1_i4:1517-2605  -            363 448514at33208        -            271   1.3e-08   32.5   0.5   3   3     0.022      0.61    7.3   0.0    28    57   330   361   288   363 0.64 -
Pdum_DN82853_c0_g1_i2:2495-3019  -            175 448514at33208        -            271   2.4e-08   31.6   0.3   1   2   0.00017    0.0047   14.2   0.0    28    57     3    33     1    39 0.88 -
Pdum_DN82853_c0_g1_i2:2495-3019  -            175 448514at33208        -            271   2.4e-08   31.6   0.3   2   2   2.9e-05    0.0008   16.8   0.1    16   100    33   125    33   165 0.79 -
Pdum_DN63925_c0_g1_i1:119-1006   -            296 448514at33208        -            271   3.2e-08   31.2   1.9   1   3     0.017      0.47    7.7   0.0    25    67    31    73    19    78 0.77 -
Pdum_DN63925_c0_g1_i1:119-1006   -            296 448514at33208        -            271   3.2e-08   31.2   1.9   2   3   7.7e-06   0.00021   18.7   0.1    29   101    76   151    72   208 0.76 -
Pdum_DN63925_c0_g1_i1:119-1006   -            296 448514at33208        -            271   3.2e-08   31.2   1.9   3   3      0.41        11    3.2   0.7    33   114   202   289   177   294 0.67 -
Pdum_DN67795_c0_g1_i2:1517-2137  -            207 448514at33208        -            271   3.4e-08   31.1   0.4   1   2   1.3e-06   3.6e-05   21.2   0.2    29   165     2   145     1   155 0.80 -
Pdum_DN67795_c0_g1_i2:1517-2137  -            207 448514at33208        -            271   3.4e-08   31.1   0.4   2   2     0.014      0.38    8.0   0.0    11    57   155   207   151   207 0.83 -
Pdum_DN92615_c3_g1_i3:1432-2112  -            227 448514at33208        -            271   3.7e-08   31.0   3.2   1   2   2.4e-05   0.00065   17.0   0.6    28    96    11    88     2    97 0.77 -
Pdum_DN92615_c3_g1_i3:1432-2112  -            227 448514at33208        -            271   3.7e-08   31.0   3.2   2   2    0.0008     0.022   12.1   0.1    45    99   165   221   117   225 0.77 -
Pdum_DN90079_c2_g2_i8:1469-1858  -            130 448514at33208        -            271   6.5e-08   30.2   0.1   1   2    0.0037       0.1    9.9   0.0    40    72    40    72     2    76 0.73 -
Pdum_DN90079_c2_g2_i8:1469-1858  -            130 448514at33208        -            271   6.5e-08   30.2   0.1   2   2   9.1e-06   0.00025   18.4   0.0    41    80    85   124    83   127 0.94 -
Pdum_DN77673_c0_g1_i3:1295-1852  -            186 448514at33208        -            271   7.9e-08   29.9   0.3   1   2   0.00012    0.0034   14.7   0.1    33   109    25   114    11   126 0.75 -
Pdum_DN77673_c0_g1_i3:1295-1852  -            186 448514at33208        -            271   7.9e-08   29.9   0.3   2   2   0.00031    0.0086   13.4   0.0     2    60   127   184   126   186 0.91 -
Pdum_DN80990_c0_g1_i2:150-1607   -            486 448514at33208        -            271   1.2e-07   29.3   1.0   1   2   4.1e-05    0.0011   16.3   0.1    42   102   264   328   239   343 0.83 -
Pdum_DN80990_c0_g1_i2:150-1607   -            486 448514at33208        -            271   1.2e-07   29.3   1.0   2   2    0.0013     0.035   11.4   0.1    43   128   351   441   339   462 0.77 -
Pdum_DN88423_c1_g1_i2:993-1421   -            143 448514at33208        -            271   1.3e-07   29.2   4.4   1   2   4.3e-07   1.2e-05   22.8   1.1    28    98    10    78     5    86 0.87 -
Pdum_DN88423_c1_g1_i2:993-1421   -            143 448514at33208        -            271   1.3e-07   29.2   4.4   2   2     0.015       0.4    7.9   0.1    28    67    88   128    82   142 0.78 -
Pdum_DN66325_c0_g1_i1:831-1904   -            358 448514at33208        -            271   2.1e-07   28.5   4.1   1   4    0.0041      0.11    9.7   0.0    36    99    38   106    24   118 0.70 -
Pdum_DN66325_c0_g1_i1:831-1904   -            358 448514at33208        -            271   2.1e-07   28.5   4.1   2   4    0.0021     0.057   10.7   0.0    80    99   186   205   172   212 0.81 -
Pdum_DN66325_c0_g1_i1:831-1904   -            358 448514at33208        -            271   2.1e-07   28.5   4.1   3   4      0.83        23    2.2   0.0    81   103   292   314   288   318 0.86 -
Pdum_DN66325_c0_g1_i1:831-1904   -            358 448514at33208        -            271   2.1e-07   28.5   4.1   4   4      0.27       7.4    3.8   0.2    28    56   329   358   323   358 0.86 -
Pdum_DN88741_c1_g1_i6:2841-3650  -            270 448514at33208        -            271   3.1e-07   27.9   1.9   1   2      0.41        11    3.2   0.0    35    65    11    39     3    45 0.78 -
Pdum_DN88741_c1_g1_i6:2841-3650  -            270 448514at33208        -            271   3.1e-07   27.9   1.9   2   2   4.1e-07   1.1e-05   22.8   0.6     3   172    72   249    70   266 0.73 -
Pdum_DN88147_c0_g1_i1:430-1308   -            293 448514at33208        -            271   3.2e-07   27.9   0.1   1   4         2        54    0.9   0.0    92   137     8    53     1    85 0.67 -
Pdum_DN88147_c0_g1_i1:430-1308   -            293 448514at33208        -            271   3.2e-07   27.9   0.1   2   4         2        55    0.9   0.0    11    38    91   118    81   129 0.64 -
Pdum_DN88147_c0_g1_i1:430-1308   -            293 448514at33208        -            271   3.2e-07   27.9   0.1   3   4      0.23       6.3    4.0   0.0   237   268   107   138    96   141 0.85 -
Pdum_DN88147_c0_g1_i1:430-1308   -            293 448514at33208        -            271   3.2e-07   27.9   0.1   4   4   1.1e-06     3e-05   21.4   0.0     7   136   129   265   124   270 0.80 -
Pdum_DN74464_c0_g1_i5:1442-2167  -            242 448514at33208        -            271   3.2e-07   27.9   4.6   1   3    0.0008     0.022   12.1   0.0    67   167     5   112     2   118 0.81 -
Pdum_DN74464_c0_g1_i5:1442-2167  -            242 448514at33208        -            271   3.2e-07   27.9   4.6   2   3   0.00013    0.0034   14.7   0.3    21    97    98   177    96   182 0.79 -
Pdum_DN74464_c0_g1_i5:1442-2167  -            242 448514at33208        -            271   3.2e-07   27.9   4.6   3   3      0.27       7.3    3.8   0.3    63   103   190   233   184   241 0.66 -
Pdum_DN87538_c0_g1_i11:59-631    -            191 448514at33208        -            271   4.2e-07   27.5   0.0   1   1   4.6e-08   1.3e-06   26.0   0.1    27   130     3   116     1   144 0.71 -
Pdum_DN90581_c4_g3_i1:18-467     -            150 448514at33208        -            271   5.1e-07   27.2   1.4   1   2   1.3e-05   0.00035   17.9   0.1    78   144     5    69     2    76 0.84 -
Pdum_DN90581_c4_g3_i1:18-467     -            150 448514at33208        -            271   5.1e-07   27.2   1.4   2   2    0.0001    0.0028   15.0   0.5    40   134    47   148    38   150 0.75 -
Pdum_DN84536_c0_g1_i1:2255-2878  -            208 448514at33208        -            271   1.2e-06   26.1   0.8   1   3      0.18         5    4.3   0.0    39    59    58    78    40    85 0.73 -
Pdum_DN84536_c0_g1_i1:2255-2878  -            208 448514at33208        -            271   1.2e-06   26.1   0.8   2   3     0.099       2.7    5.2   0.0   149   218    80   146    77   153 0.75 -
Pdum_DN84536_c0_g1_i1:2255-2878  -            208 448514at33208        -            271   1.2e-06   26.1   0.8   3   3   3.3e-05   0.00089   16.6   0.4    35    97   135   201   110   206 0.78 -
Pdum_DN70491_c0_g1_i1:1-1254     -            418 448514at33208        -            271   2.2e-06   25.1   0.4   1   2   7.6e-07   2.1e-05   22.0   0.0     2   101   161   268   160   278 0.87 -
Pdum_DN70491_c0_g1_i1:1-1254     -            418 448514at33208        -            271   2.2e-06   25.1   0.4   2   2       1.9        52    1.0   0.1    25    56   300   330   297   357 0.81 -
Pdum_DN78867_c0_g1_i4:315-983    -            223 448514at33208        -            271   2.6e-06   24.9   0.0   1   2   0.00054     0.015   12.6   0.0    22    61    90   130    79   141 0.82 -
Pdum_DN78867_c0_g1_i4:315-983    -            223 448514at33208        -            271   2.6e-06   24.9   0.0   2   2    0.0085      0.23    8.7   0.0   205   259   143   200   137   204 0.74 -
Pdum_DN75651_c0_g1_i1:179-1012   -            278 448514at33208        -            271   2.6e-06   24.9   0.6   1   3    0.0035     0.094   10.0   0.1    23    99    68   154    45   168 0.69 -
Pdum_DN75651_c0_g1_i1:179-1012   -            278 448514at33208        -            271   2.6e-06   24.9   0.6   2   3     0.017      0.46    7.7   0.0    21    92   114   188   105   194 0.65 -
Pdum_DN75651_c0_g1_i1:179-1012   -            278 448514at33208        -            271   2.6e-06   24.9   0.6   3   3    0.0023     0.064   10.5   0.0     4    95   180   275   177   277 0.64 -
Pdum_DN89990_c3_g2_i4:936-1778   -            281 448514at33208        -            271   3.4e-06   24.5   0.2   1   3      0.02      0.54    7.5   0.0    45    98    53   107     8   132 0.77 -
Pdum_DN89990_c3_g2_i4:936-1778   -            281 448514at33208        -            271   3.4e-06   24.5   0.2   2   3   0.00042     0.011   13.0   0.0    40   101   131   201   116   228 0.77 -
Pdum_DN89990_c3_g2_i4:936-1778   -            281 448514at33208        -            271   3.4e-06   24.5   0.2   3   3       3.3        91    0.2   0.0    52    72   234   254   229   281 0.71 -
Pdum_DN76096_c0_g1_i2:374-1027   -            218 448514at33208        -            271   7.8e-06   23.4   2.1   1   3     0.016      0.44    7.8   0.0    10    56     2    49     1    62 0.80 -
Pdum_DN76096_c0_g1_i2:374-1027   -            218 448514at33208        -            271   7.8e-06   23.4   2.1   2   3     0.023      0.62    7.3   0.1    39   106    88   156    72   164 0.77 -
Pdum_DN76096_c0_g1_i2:374-1027   -            218 448514at33208        -            271   7.8e-06   23.4   2.1   3   3     0.031      0.84    6.9   0.1    27    62   169   205   161   215 0.58 -
Pdum_DN89809_c3_g1_i10:6324-7073 -            250 448514at33208        -            271   8.3e-06   23.3   0.0   1   2   6.3e-06   0.00017   19.0   0.1    40    97    15    83     1    90 0.79 -
Pdum_DN89809_c3_g1_i10:6324-7073 -            250 448514at33208        -            271   8.3e-06   23.3   0.0   2   2      0.75        20    2.3   0.0     5    57   112   169   108   179 0.77 -
Pdum_DN85054_c1_g3_i7:3145-3996  -            284 448514at33208        -            271   8.7e-06   23.2   0.8   1   2   0.00085     0.023   12.0   0.1    28   164     3   151     1   166 0.69 -
Pdum_DN85054_c1_g3_i7:3145-3996  -            284 448514at33208        -            271   8.7e-06   23.2   0.8   2   2    0.0034     0.092   10.0   0.0    35    80   227   272   192   284 0.82 -
Pdum_DN87178_c0_g1_i10:2619-3539 -            307 448514at33208        -            271   8.8e-06   23.2   2.3   1   3       0.3       8.2    3.6   0.0    44    61     6    23     3    92 0.65 -
Pdum_DN87178_c0_g1_i10:2619-3539 -            307 448514at33208        -            271   8.8e-06   23.2   2.3   2   3      0.18       4.8    4.4   0.0    27    56    94   124    83   130 0.80 -
Pdum_DN87178_c0_g1_i10:2619-3539 -            307 448514at33208        -            271   8.8e-06   23.2   2.3   3   3   0.00086     0.024   11.9   0.2     3    60   207   265   205   284 0.82 -
Pdum_DN75371_c0_g2_i4:68-763     -            232 448514at33208        -            271   8.8e-06   23.2   1.2   1   2      0.16       4.3    4.5   0.2    46    96     5    58     1    65 0.70 -
Pdum_DN75371_c0_g2_i4:68-763     -            232 448514at33208        -            271   8.8e-06   23.2   1.2   2   2   1.4e-05   0.00038   17.8   0.1    47    98   137   191    90   227 0.85 -
Pdum_DN84002_c0_g1_i8:2338-3012  -            225 448514at33208        -            271     1e-05   22.9   2.4   1   2     0.029      0.79    6.9   0.1    25    58     7    42     2    51 0.83 -
Pdum_DN84002_c0_g1_i8:2338-3012  -            225 448514at33208        -            271     1e-05   22.9   2.4   2   2   5.8e-05    0.0016   15.8   0.4     3    89    77   168    75   193 0.81 -
Pdum_DN90517_c4_g1_i5:2-985      -            328 448514at33208        -            271   1.1e-05   22.8   2.2   1   3    0.0026     0.071   10.4   0.1    28    77    53   110    44   154 0.83 -
Pdum_DN90517_c4_g1_i5:2-985      -            328 448514at33208        -            271   1.1e-05   22.8   2.2   2   3     0.021      0.57    7.4   0.0    62   101   200   245   179   271 0.74 -
Pdum_DN90517_c4_g1_i5:2-985      -            328 448514at33208        -            271   1.1e-05   22.8   2.2   3   3      0.55        15    2.7   0.1    66    80   288   302   281   313 0.80 -
Pdum_DN83655_c1_g1_i2:238-2439   -            734 448514at33208        -            271   1.3e-05   22.6   1.3   1   4     0.014      0.39    7.9   0.0    53    99    32    82    16   100 0.79 -
Pdum_DN83655_c1_g1_i2:238-2439   -            734 448514at33208        -            271   1.3e-05   22.6   1.3   2   4     0.019      0.51    7.6   0.0   211   270   153   216   144   217 0.78 -
Pdum_DN83655_c1_g1_i2:238-2439   -            734 448514at33208        -            271   1.3e-05   22.6   1.3   3   4       3.1        84    0.3   0.0    83   175   245   336   229   354 0.65 -
Pdum_DN83655_c1_g1_i2:238-2439   -            734 448514at33208        -            271   1.3e-05   22.6   1.3   4   4       4.6   1.2e+02   -0.3   0.0   225   252   593   620   585   628 0.81 -
Pdum_DN92785_c3_g1_i2:3114-4076  -            321 448514at33208        -            271   1.4e-05   22.6   0.2   1   2       6.8   1.9e+02   -0.8   0.0   203   225   138   160   112   215 0.65 -
Pdum_DN92785_c3_g1_i2:3114-4076  -            321 448514at33208        -            271   1.4e-05   22.6   0.2   2   2   2.4e-06   6.6e-05   20.3   0.2    26    96   243   317   225   320 0.82 -
Pdum_DN79808_c0_g1_i2:642-4217   -           1192 448514at33208        -            271     2e-05   22.0   0.1   1   2   0.00028    0.0076   13.6   0.0     5    57    36    87    16   117 0.89 -
Pdum_DN79808_c0_g1_i2:642-4217   -           1192 448514at33208        -            271     2e-05   22.0   0.1   2   2     0.074         2    5.6   0.0   240   268   268   296   264   299 0.89 -
Pdum_DN89096_c2_g3_i4:2-1384     -            461 448514at33208        -            271   2.2e-05   21.9   0.0   1   3     0.016      0.44    7.8   0.0    18    57    94   134    83   151 0.75 -
Pdum_DN89096_c2_g3_i4:2-1384     -            461 448514at33208        -            271   2.2e-05   21.9   0.0   2   3       0.2       5.4    4.2   0.0   200   268   226   297   190   299 0.83 -
Pdum_DN89096_c2_g3_i4:2-1384     -            461 448514at33208        -            271   2.2e-05   21.9   0.0   3   3     0.059       1.6    5.9   0.0   209   245   396   432   324   448 0.76 -
Pdum_DN71445_c0_g2_i2:766-1509   -            248 448514at33208        -            271   3.1e-05   21.4   3.3   1   2       1.3        34    1.6   0.0    83   103     1    21     1    30 0.80 -
Pdum_DN71445_c0_g2_i2:766-1509   -            248 448514at33208        -            271   3.1e-05   21.4   3.3   2   2   3.3e-06     9e-05   19.9   0.1    20    99    20   104    16   147 0.79 -
Pdum_DN75461_c3_g1_i3:3415-4074  -            220 448514at33208        -            271   3.8e-05   21.1   1.8   1   2   0.00028    0.0076   13.5   0.5    41   116    25   104     8   125 0.65 -
Pdum_DN75461_c3_g1_i3:3415-4074  -            220 448514at33208        -            271   3.8e-05   21.1   1.8   2   2     0.062       1.7    5.8   0.0    46    72   166   192   160   220 0.81 -
Pdum_DN85858_c0_g1_i11:292-1188  -            299 448514at33208        -            271   4.2e-05   21.0   0.9   1   1   1.5e-06   4.2e-05   21.0   0.9     7    64   106   166   100   271 0.74 -
Pdum_DN57990_c0_g1_i2:33-530     -            166 448514at33208        -            271   6.3e-05   20.4   0.1   1   2      0.39        11    3.2   0.0    40    70    61    91    50    95 0.84 -
Pdum_DN57990_c0_g1_i2:33-530     -            166 448514at33208        -            271   6.3e-05   20.4   0.1   2   2   1.3e-05   0.00035   17.9   0.0     3    96    65   165    63   166 0.76 -
Pdum_DN92435_c3_g1_i6:249-854    -            202 448514at33208        -            271   6.3e-05   20.4   1.7   1   2    0.0033     0.089   10.0   2.2    27   132    10   116     4   134 0.72 -
Pdum_DN92435_c3_g1_i6:249-854    -            202 448514at33208        -            271   6.3e-05   20.4   1.7   2   2    0.0061      0.17    9.2   0.0    17    64   125   173   109   183 0.73 -
Pdum_DN63408_c0_g1_i3:4-960      -            319 448514at33208        -            271   6.6e-05   20.3   1.9   1   3   0.00016    0.0043   14.4   0.0    54    99     3    51     1    57 0.79 -
Pdum_DN63408_c0_g1_i3:4-960      -            319 448514at33208        -            271   6.6e-05   20.3   1.9   2   3       1.5        42    1.3   0.2    46    79    79   112    51   161 0.52 -
Pdum_DN63408_c0_g1_i3:4-960      -            319 448514at33208        -            271   6.6e-05   20.3   1.9   3   3      0.68        18    2.4   0.1    40    63   176   199   168   221 0.80 -
Pdum_DN83005_c1_g1_i1:16-1335    -            440 448514at33208        -            271   0.00011   19.6   2.6   1   4     0.072         2    5.6   0.0    42    59    15    32    12    47 0.81 -
Pdum_DN83005_c1_g1_i1:16-1335    -            440 448514at33208        -            271   0.00011   19.6   2.6   2   4     0.017      0.47    7.7   0.2    51   103    92   149    81   174 0.73 -
Pdum_DN83005_c1_g1_i1:16-1335    -            440 448514at33208        -            271   0.00011   19.6   2.6   3   4      0.73        20    2.3   0.1    51    74   176   199   169   203 0.84 -
Pdum_DN83005_c1_g1_i1:16-1335    -            440 448514at33208        -            271   0.00011   19.6   2.6   4   4       2.7        74    0.5   0.0    83   139   225   289   222   312 0.70 -
Pdum_DN90172_c5_g1_i3:2389-3285  -            299 448514at33208        -            271   0.00013   19.3   0.7   1   3       5.6   1.5e+02   -0.6   0.1    40    59   135   154   132   185 0.70 -
Pdum_DN90172_c5_g1_i3:2389-3285  -            299 448514at33208        -            271   0.00013   19.3   0.7   2   3     0.012      0.32    8.2   0.0    19    65   166   216   154   220 0.83 -
Pdum_DN90172_c5_g1_i3:2389-3285  -            299 448514at33208        -            271   0.00013   19.3   0.7   3   3      0.01      0.27    8.4   0.2     5    58   243   299   239   299 0.71 -
Pdum_DN92312_c5_g1_i1:3890-4381  -            164 448514at33208        -            271   0.00015   19.2   0.0   1   2     0.021      0.59    7.4   0.0    39    62    25    48     2    63 0.64 -
Pdum_DN92312_c5_g1_i1:3890-4381  -            164 448514at33208        -            271   0.00015   19.2   0.0   2   2    0.0031     0.085   10.1   0.0   222   268    84   133    72   136 0.75 -
Pdum_DN80062_c1_g1_i8:396-980    -            195 448514at33208        -            271   0.00016   19.1   1.3   1   2     0.026      0.71    7.1   0.1    32    63     4    34     1    42 0.66 -
Pdum_DN80062_c1_g1_i8:396-980    -            195 448514at33208        -            271   0.00016   19.1   1.3   2   2    0.0021     0.057   10.7   0.1    74   101   109   138   105   172 0.78 -
Pdum_DN92425_c3_g2_i1:539-1228   -            230 448514at33208        -            271   0.00019   18.8   0.7   1   2   0.00011     0.003   14.9   0.2     2    98    19    81     2   116 0.60 -
Pdum_DN92425_c3_g2_i1:539-1228   -            230 448514at33208        -            271   0.00019   18.8   0.7   2   2       1.8        51    1.0   0.0     2    57   148   202   147   214 0.80 -
Pdum_DN90581_c4_g2_i3:17-301     -             95 448514at33208        -            271    0.0002   18.7   0.1   1   1   7.8e-06   0.00021   18.6   0.1    26    97    14    91     5    95 0.78 -
Pdum_DN80615_c0_g2_i1:231-1205   -            325 448514at33208        -            271   0.00021   18.7   3.5   1   2   7.9e-06   0.00022   18.6   0.1    42   102   125   187   116   191 0.83 -
Pdum_DN80615_c0_g2_i1:231-1205   -            325 448514at33208        -            271   0.00021   18.7   3.5   2   2       7.8   2.1e+02   -1.0   0.0    78    99   254   275   222   286 0.81 -
Pdum_DN86522_c0_g3_i4:534-1520   -            329 448514at33208        -            271   0.00021   18.6   7.2   1   3       0.3       8.2    3.6   0.0    23    71   118   166    96   173 0.73 -
Pdum_DN86522_c0_g3_i4:534-1520   -            329 448514at33208        -            271   0.00021   18.6   7.2   2   3      0.49        13    2.9   0.2    71   101   216   249   157   269 0.54 -
Pdum_DN86522_c0_g3_i4:534-1520   -            329 448514at33208        -            271   0.00021   18.6   7.2   3   3     0.005      0.14    9.4   0.1    25    71   252   299   229   319 0.76 -
Pdum_DN92880_c2_g1_i2:4337-5176  -            280 448514at33208        -            271   0.00021   18.6   0.3   1   1   4.5e-05    0.0012   16.2   0.0     2    60   164   223   163   237 0.85 -
Pdum_DN76178_c0_g1_i1:3394-3981  -            196 448514at33208        -            271   0.00023   18.5   0.7   1   2     0.005      0.14    9.5   0.4    28    58     3    33     1    41 0.78 -
Pdum_DN76178_c0_g1_i1:3394-3981  -            196 448514at33208        -            271   0.00023   18.5   0.7   2   2     0.048       1.3    6.2   0.0    12    97    91   180    82   189 0.62 -
Pdum_DN92312_c4_g1_i6:372-914    -            181 448514at33208        -            271   0.00024   18.5   0.3   1   1     1e-05   0.00028   18.3   0.3    37   145    15   135     3   175 0.75 -
Pdum_DN89974_c1_g1_i2:3302-3844  -            181 448514at33208        -            271   0.00027   18.3   0.7   1   1   1.1e-05   0.00029   18.2   0.7    45   107     2    66     1   138 0.78 -
Pdum_DN86351_c0_g1_i1:4485-5351  -            289 448514at33208        -            271   0.00042   17.7   0.0   1   3      0.26       7.1    3.8   0.0    80   101   134   155    86   164 0.65 -
Pdum_DN86351_c0_g1_i1:4485-5351  -            289 448514at33208        -            271   0.00042   17.7   0.0   2   3      0.25       6.8    3.9   0.0    81   102   135   156   116   225 0.68 -
Pdum_DN86351_c0_g1_i1:4485-5351  -            289 448514at33208        -            271   0.00042   17.7   0.0   3   3    0.0042      0.11    9.7   0.0    42    97   226   288   200   289 0.82 -
Pdum_DN70029_c0_g1_i5:236-670    -            145 448514at33208        -            271   0.00042   17.7   0.0   1   2     8e-05    0.0022   15.3   0.0    52   103     2    57     1    68 0.80 -
Pdum_DN70029_c0_g1_i5:236-670    -            145 448514at33208        -            271   0.00042   17.7   0.0   2   2       3.8     1e+02   -0.0   0.0    51    77    97   124    81   144 0.51 -
Pdum_DN92600_c5_g2_i1:144-365    -             74 448514at33208        -            271   0.00043   17.7   0.0   1   1   1.7e-05   0.00047   17.5   0.0    44    96    18    73    11    74 0.82 -
Pdum_DN90254_c2_g1_i7:1612-2445  -            278 448514at33208        -            271   0.00051   17.4   1.8   1   4      0.35       9.6    3.4   0.1   240   268    57    86    36    89 0.77 -
Pdum_DN90254_c2_g1_i7:1612-2445  -            278 448514at33208        -            271   0.00051   17.4   1.8   2   4      0.34       9.2    3.4   0.3   257   268    75    86    55   166 0.62 -
Pdum_DN90254_c2_g1_i7:1612-2445  -            278 448514at33208        -            271   0.00051   17.4   1.8   3   4       1.5        40    1.4   0.1    84   240   124   152   102   183 0.56 -
Pdum_DN90254_c2_g1_i7:1612-2445  -            278 448514at33208        -            271   0.00051   17.4   1.8   4   4    0.0044      0.12    9.6   0.0    77   100   216   239   209   266 0.79 -
Pdum_DN74905_c1_g1_i2:2-1102     -            367 448514at33208        -            271   0.00059   17.2   0.9   1   1   0.00011    0.0029   14.9   0.0    12    63   129   182   118   187 0.76 -
Pdum_DN70256_c0_g1_i2:778-1377   -            200 448514at33208        -            271   0.00087   16.6   0.2   1   3       3.6     1e+02    0.0   0.0   154   196    32    75    11    80 0.68 -
Pdum_DN70256_c0_g1_i2:778-1377   -            200 448514at33208        -            271   0.00087   16.6   0.2   2   3     0.084       2.3    5.4   0.0   237   267    74   104    63   108 0.85 -
Pdum_DN70256_c0_g1_i2:778-1377   -            200 448514at33208        -            271   0.00087   16.6   0.2   3   3     0.016      0.44    7.8   0.1    42    63   174   195   166   199 0.85 -
Pdum_DN91159_c2_g2_i3:4324-5103  -            260 448514at33208        -            271   0.00089   16.6   0.6   1   2      0.56        15    2.7   0.1    48    99    14    68     3    75 0.83 -
Pdum_DN91159_c2_g2_i3:4324-5103  -            260 448514at33208        -            271   0.00089   16.6   0.6   2   2   0.00099     0.027   11.7   0.0    46   122   103   188    90   200 0.77 -
Pdum_DN75082_c2_g3_i2:17-943     -            309 448514at33208        -            271    0.0011   16.3   3.4   1   3     4e-05    0.0011   16.3   3.4    24    96    11    91     3    97 0.82 -
Pdum_DN75082_c2_g3_i2:17-943     -            309 448514at33208        -            271    0.0011   16.3   3.4   2   3       2.3        64    0.7   0.0   242   268   117   145   101   150 0.59 -
Pdum_DN75082_c2_g3_i2:17-943     -            309 448514at33208        -            271    0.0011   16.3   3.4   3   3       7.4     2e+02   -1.0   0.1    42    56   294   308   274   309 0.64 -
Pdum_DN79525_c1_g1_i2:759-1442   -            228 448514at33208        -            271    0.0011   16.3   0.1   1   2   0.00081     0.022   12.0   0.0    36   105    53   129    34   146 0.79 -
Pdum_DN79525_c1_g1_i2:759-1442   -            228 448514at33208        -            271    0.0011   16.3   0.1   2   2      0.83        23    2.2   0.0   229   267   189   225   176   228 0.77 -
Pdum_DN61369_c0_g1_i1:1242-1787  -            182 448514at33208        -            271    0.0012   16.1   0.0   1   3    0.0057      0.16    9.3   0.0   241   270    25    54    16    55 0.89 -
Pdum_DN61369_c0_g1_i1:1242-1787  -            182 448514at33208        -            271    0.0012   16.1   0.0   2   3       2.2        61    0.7   0.0    32    61    80   109    75   113 0.86 -
Pdum_DN61369_c0_g1_i1:1242-1787  -            182 448514at33208        -            271    0.0012   16.1   0.0   3   3      0.42        11    3.1   0.0   148   191   108   151   103   178 0.73 -
Pdum_DN66486_c0_g1_i1:419-1648   -            410 448514at33208        -            271    0.0017   15.7   0.1   1   1   0.00014    0.0038   14.5   0.1    40   133   163   259   155   275 0.90 -
Pdum_DN84981_c0_g1_i4:2535-3476  -            314 448514at33208        -            271    0.0017   15.7   0.2   1   1   0.00011    0.0031   14.8   0.1     4   102    81   183    78   253 0.78 -
Pdum_DN82173_c1_g1_i7:1104-1730  -            209 448514at33208        -            271     0.002   15.5   0.1   1   2    0.0021     0.056   10.7   0.0    40   104    17    86     2   115 0.77 -
Pdum_DN82173_c1_g1_i7:1104-1730  -            209 448514at33208        -            271     0.002   15.5   0.1   2   2      0.52        14    2.8   0.0    50    96   159   208   114   209 0.75 -
Pdum_DN69324_c0_g1_i2:232-1023   -            264 448514at33208        -            271    0.0026   15.1   0.1   1   1   0.00018     0.005   14.1   0.1     5    58    38    94    34   128 0.79 -
Pdum_DN83131_c0_g1_i8:1091-1750  -            220 448514at33208        -            271    0.0032   14.8   0.0   1   2      0.29         8    3.6   0.0    54    99    25    74     8    82 0.66 -
Pdum_DN83131_c0_g1_i8:1091-1750  -            220 448514at33208        -            271    0.0032   14.8   0.0   2   2     0.006      0.16    9.2   0.0    23    62    82   124    76   133 0.83 -
Pdum_DN92828_c4_g1_i1:1100-1621  -            174 448514at33208        -            271    0.0036   14.6   0.9   1   2     0.012      0.33    8.2   0.4    81   116    18    53     1   115 0.63 -
Pdum_DN92828_c4_g1_i1:1100-1621  -            174 448514at33208        -            271    0.0036   14.6   0.9   2   2      0.18         5    4.3   0.0    80    96   152   168   145   173 0.86 -
Pdum_DN34036_c0_g1_i1:478-1620   -            381 448514at33208        -            271     0.005   14.2   0.7   1   2       3.5        94    0.1   0.3    65    97   185   219   167   226 0.75 -
Pdum_DN34036_c0_g1_i1:478-1620   -            381 448514at33208        -            271     0.005   14.2   0.7   2   2     0.001     0.028   11.7   0.0    27    65   231   271   222   284 0.80 -
Pdum_DN87402_c0_g1_i1:93-1976    -            628 448514at33208        -            271     0.007   13.7   0.0   1   2     0.017      0.46    7.7   0.0    65   115   287   338   281   366 0.79 -
Pdum_DN87402_c0_g1_i1:93-1976    -            628 448514at33208        -            271     0.007   13.7   0.0   2   2      0.91        25    2.0   0.0    26    59   541   575   515   582 0.71 -
Pdum_DN92484_c1_g1_i1:806-1540   -            245 448514at33208        -            271     0.027   11.8   3.6   1   3      0.55        15    2.7   0.0    82   102   106   126   102   139 0.80 -
Pdum_DN92484_c1_g1_i1:806-1540   -            245 448514at33208        -            271     0.027   11.8   3.6   2   3       7.2     2e+02   -0.9   0.0    29    53   163   191   141   202 0.55 -
Pdum_DN92484_c1_g1_i1:806-1540   -            245 448514at33208        -            271     0.027   11.8   3.6   3   3     0.014      0.38    8.0   0.1    25    57   212   244   203   245 0.90 -
Pdum_DN82661_c0_g1_i10:527-1123  -            199 448514at33208        -            271     0.027   11.7   0.1   1   1    0.0016     0.043   11.1   0.1   203   268     3    71     1    74 0.86 -
Pdum_DN89812_c3_g1_i3:2-727      -            242 448514at33208        -            271     0.046   11.0   1.0   1   3      0.34       9.4    3.4   0.1    23    56    45    78    28    82 0.73 -
Pdum_DN89812_c3_g1_i3:2-727      -            242 448514at33208        -            271     0.046   11.0   1.0   2   3       0.5        14    2.9   0.1    44    61   110   127   103   133 0.86 -
Pdum_DN89812_c3_g1_i3:2-727      -            242 448514at33208        -            271     0.046   11.0   1.0   3   3       4.6   1.3e+02   -0.3   0.0   239   267   184   212   176   217 0.84 -
Pdum_DN90517_c4_g2_i3:211-1731   -            507 448514at33208        -            271      0.06   10.6   3.4   1   4       1.1        30    1.8   0.0    26    57   122   153   114   165 0.88 -
Pdum_DN90517_c4_g2_i3:211-1731   -            507 448514at33208        -            271      0.06   10.6   3.4   2   4      0.18         5    4.3   0.1    45    81   275   311   267   359 0.79 -
Pdum_DN90517_c4_g2_i3:211-1731   -            507 448514at33208        -            271      0.06   10.6   3.4   3   4       2.4        64    0.7   0.1    28    60   354   387   331   399 0.70 -
Pdum_DN90517_c4_g2_i3:211-1731   -            507 448514at33208        -            271      0.06   10.6   3.4   4   4       2.3        63    0.7   0.1    43    57   490   504   486   506 0.84 -
#
# Program:         hmmsearch
# Version:         3.1b2 (February 2015)
# Pipeline mode:   SEARCH
# Query file:      /mnt/f/phylo/WORMS/busco_analysis/busco_downloads/lineages/metazoa_odb10/hmms/448514at33208.hmm
# Target file:     /mnt/f/phylo/WORMS/busco_analysis/metazoa_lineage_result/run_metazoa_odb10/metaeuk_output/initial_results/Platynereis_ref.eggnog_filter.nucl.fasta.modified.fas
# Option settings: hmmsearch --domtblout /mnt/f/phylo/WORMS/busco_analysis/metazoa_lineage_result/run_metazoa_odb10/hmmer_output/initial_run_results/448514at33208.out --cpu 1 /mnt/f/phylo/WORMS/busco_analysis/busco_downloads/lineages/metazoa_odb10/hmms/448514at33208.hmm /mnt/f/phylo/WORMS/busco_analysis/metazoa_lineage_result/run_metazoa_odb10/metaeuk_output/initial_results/Platynereis_ref.eggnog_filter.nucl.fasta.modified.fas 
# Current dir:     /mnt/f/phylo/WORMS/busco_analysis
# Date:            Sun Mar 12 20:42:26 2023
# [ok]
