#                                                                                        --- full sequence --- -------------- this domain -------------   hmm coord   ali coord   env coord
# target name                    accession   tlen query name           accession   qlen   E-value  score  bias   #  of  c-Evalue  i-Evalue  score  bias  from    to  from    to  from    to  acc description of target
#            ------------------- ---------- ----- -------------------- ---------- ----- --------- ------ ----- --- --- --------- --------- ------ ----- ----- ----- ----- ----- ----- ----- ---- ---------------------
Pdum_DN70491_c0_g1_i1:1-1254     -            418 449139at33208        -            321  3.4e-149  494.2   1.1   1   1  1.4e-150  4.3e-149  493.9   1.1     4   301    85   418    82   418 0.90 -
Pdum_DN88256_c0_g1_i4:512-2926   -            805 449139at33208        -            321   2.2e-35  120.2  17.6   1   5   3.6e-15   1.2e-13   48.9   1.2    20   178    54   220    11   231 0.86 -
Pdum_DN88256_c0_g1_i4:512-2926   -            805 449139at33208        -            321   2.2e-35  120.2  17.6   2   5      0.68        22    2.0   0.1    63    94   245   276   240   329 0.78 -
Pdum_DN88256_c0_g1_i4:512-2926   -            805 449139at33208        -            321   2.2e-35  120.2  17.6   3   5   1.3e-10     4e-09   34.0   1.8    67   174   353   460   285   465 0.79 -
Pdum_DN88256_c0_g1_i4:512-2926   -            805 449139at33208        -            321   2.2e-35  120.2  17.6   4   5   6.2e-05     0.002   15.3   0.0    94   174   478   554   467   555 0.87 -
Pdum_DN88256_c0_g1_i4:512-2926   -            805 449139at33208        -            321   2.2e-35  120.2  17.6   5   5   2.4e-11   7.7e-10   36.3   0.2    59   181   527   645   525   674 0.88 -
Pdum_DN87680_c1_g3_i1:3327-4124  -            266 449139at33208        -            321   2.7e-30  103.5   4.0   1   3   7.3e-10   2.3e-08   31.5   0.0    94   173     3    78     1    80 0.90 -
Pdum_DN87680_c1_g3_i1:3327-4124  -            266 449139at33208        -            321   2.7e-30  103.5   4.0   2   3   1.6e-13   5.1e-12   43.5   0.2    88   175    81   164    78   178 0.90 -
Pdum_DN87680_c1_g3_i1:3327-4124  -            266 449139at33208        -            321   2.7e-30  103.5   4.0   3   3   3.8e-09   1.2e-07   29.1   0.1    88   172   185   265   174   266 0.85 -
Pdum_DN78086_c1_g1_i5:2830-3705  -            292 449139at33208        -            321   1.3e-29  101.3   0.1   1   4   0.00061     0.019   12.0   0.0   113   173    21    79     4    81 0.81 -
Pdum_DN78086_c1_g1_i5:2830-3705  -            292 449139at33208        -            321   1.3e-29  101.3   0.1   2   4   9.8e-12   3.1e-10   37.6   0.0    87   173    81   163    77   167 0.90 -
Pdum_DN78086_c1_g1_i5:2830-3705  -            292 449139at33208        -            321   1.3e-29  101.3   0.1   3   4   4.1e-09   1.3e-07   29.0   0.0    88   159   166   233   162   235 0.89 -
Pdum_DN78086_c1_g1_i5:2830-3705  -            292 449139at33208        -            321   1.3e-29  101.3   0.1   4   4   8.2e-07   2.6e-05   21.4   0.0   112   171   231   287   229   291 0.92 -
Pdum_DN79110_c0_g1_i7:340-1365   -            342 449139at33208        -            321   1.7e-24   84.5   0.1   1   4   7.1e-08   2.2e-06   24.9   0.1    90   173    44   124    32   128 0.89 -
Pdum_DN79110_c0_g1_i7:340-1365   -            342 449139at33208        -            321   1.7e-24   84.5   0.1   2   4   2.1e-08   6.5e-07   26.7   0.0    88   174   127   209   123   214 0.92 -
Pdum_DN79110_c0_g1_i7:340-1365   -            342 449139at33208        -            321   1.7e-24   84.5   0.1   3   4    0.0014     0.044   10.8   0.0   138   173   215   250   210   269 0.83 -
Pdum_DN79110_c0_g1_i7:340-1365   -            342 449139at33208        -            321   1.7e-24   84.5   0.1   4   4     1e-05   0.00033   17.8   0.0    48   127   267   341   255   342 0.85 -
Pdum_DN85045_c0_g1_i5:248-835    -            196 449139at33208        -            321     1e-21   75.4   0.1   1   3     3e-05   0.00094   16.3   0.0   106   173     9    72     3    75 0.87 -
Pdum_DN85045_c0_g1_i5:248-835    -            196 449139at33208        -            321     1e-21   75.4   0.1   2   3   8.7e-14   2.7e-12   44.4   0.0    69   173    56   156    45   163 0.91 -
Pdum_DN85045_c0_g1_i5:248-835    -            196 449139at33208        -            321     1e-21   75.4   0.1   3   3   1.1e-07   3.6e-06   24.3   0.0   109   171   137   196   134   196 0.92 -
Pdum_DN75190_c1_g2_i8:1873-2820  -            316 449139at33208        -            321   1.1e-21   75.3   5.6   1   3     5e-07   1.6e-05   22.2   0.1    72   134    63   123    56   128 0.87 -
Pdum_DN75190_c1_g2_i8:1873-2820  -            316 449139at33208        -            321   1.1e-21   75.3   5.6   2   3   3.1e-08   9.9e-07   26.1   0.5    90   172   122   199   119   203 0.90 -
Pdum_DN75190_c1_g2_i8:1873-2820  -            316 449139at33208        -            321   1.1e-21   75.3   5.6   3   3   3.3e-11   1.1e-09   35.9   0.1    71   176   187   283   185   288 0.88 -
Pdum_DN74150_c0_g1_i3:157-2955   -            933 449139at33208        -            321   1.1e-21   75.2  10.7   1   6   5.5e-09   1.7e-07   28.6   0.1    66   174    76   180    26   182 0.82 -
Pdum_DN74150_c0_g1_i3:157-2955   -            933 449139at33208        -            321   1.1e-21   75.2  10.7   2   6     0.024      0.75    6.8   0.0    86   130   180   223   179   237 0.87 -
Pdum_DN74150_c0_g1_i3:157-2955   -            933 449139at33208        -            321   1.1e-21   75.2  10.7   3   6       7.7   2.4e+02   -1.5   0.0   143   177   273   307   264   322 0.72 -
Pdum_DN74150_c0_g1_i3:157-2955   -            933 449139at33208        -            321   1.1e-21   75.2  10.7   4   6   0.00024    0.0074   13.4   0.1    72   178   424   522   409   556 0.69 -
Pdum_DN74150_c0_g1_i3:157-2955   -            933 449139at33208        -            321   1.1e-21   75.2  10.7   5   6    0.0072      0.23    8.5   0.0   133   173   574   614   548   616 0.77 -
Pdum_DN74150_c0_g1_i3:157-2955   -            933 449139at33208        -            321   1.1e-21   75.2  10.7   6   6   4.3e-06   0.00014   19.1   0.1    88   171   617   696   615   713 0.90 -
Pdum_DN80129_c0_g2_i7:710-1570   -            287 449139at33208        -            321   2.4e-21   74.1   1.0   1   4     0.066       2.1    5.3   0.0    94   126     2    33     1    38 0.77 -
Pdum_DN80129_c0_g2_i7:710-1570   -            287 449139at33208        -            321   2.4e-21   74.1   1.0   2   4   6.5e-10   2.1e-08   31.6   0.2    73   173    23   119    20   122 0.89 -
Pdum_DN80129_c0_g2_i7:710-1570   -            287 449139at33208        -            321   2.4e-21   74.1   1.0   3   4   2.6e-06   8.1e-05   19.8   0.0    87   173   121   204   118   207 0.92 -
Pdum_DN80129_c0_g2_i7:710-1570   -            287 449139at33208        -            321   2.4e-21   74.1   1.0   4   4     2e-05   0.00064   16.9   0.0    87   156   206   274   203   284 0.81 -
Pdum_DN87134_c2_g1_i3:1621-2460  -            280 449139at33208        -            321   2.6e-21   74.0  12.7   1   4   8.5e-08   2.7e-06   24.7   0.3   111   175    13    74     2    85 0.86 -
Pdum_DN87134_c2_g1_i3:1621-2460  -            280 449139at33208        -            321   2.6e-21   74.0  12.7   2   4   8.9e-10   2.8e-08   31.2   0.3    89   175    82   160    73   163 0.80 -
Pdum_DN87134_c2_g1_i3:1621-2460  -            280 449139at33208        -            321   2.6e-21   74.0  12.7   3   4   0.00019     0.006   13.7   0.1   136   174   162   198   160   204 0.88 -
Pdum_DN87134_c2_g1_i3:1621-2460  -            280 449139at33208        -            321   2.6e-21   74.0  12.7   4   4    0.0005     0.016   12.3   0.2   108   171   222   280   198   280 0.82 -
Pdum_DN73814_c0_g4_i2:150-344    -             65 449139at33208        -            321   5.7e-21   72.9   0.3   1   1   1.9e-22     6e-21   72.8   0.3   260   321     2    64     1    64 0.93 -
Pdum_DN90586_c2_g3_i4:2166-2804  -            213 449139at33208        -            321   7.3e-21   72.5   0.2   1   3     4e-08   1.2e-06   25.8   0.0    91   175     3    84     1    87 0.94 -
Pdum_DN90586_c2_g3_i4:2166-2804  -            213 449139at33208        -            321   7.3e-21   72.5   0.2   2   3   2.1e-11   6.5e-10   36.5   0.0    88   173    85   166    82   171 0.92 -
Pdum_DN90586_c2_g3_i4:2166-2804  -            213 449139at33208        -            321   7.3e-21   72.5   0.2   3   3    0.0096       0.3    8.1   0.0    92   129   173   209   166   213 0.85 -
Pdum_DN82012_c2_g2_i1:484-1302   -            273 449139at33208        -            321   3.8e-20   70.2   9.1   1   3   2.7e-11   8.6e-10   36.2   1.2    69   173    17   112     6   116 0.84 -
Pdum_DN82012_c2_g2_i1:484-1302   -            273 449139at33208        -            321   3.8e-20   70.2   9.1   2   3   2.2e-07     7e-06   23.3   0.3   110   174    94   153    83   158 0.87 -
Pdum_DN82012_c2_g2_i1:484-1302   -            273 449139at33208        -            321   3.8e-20   70.2   9.1   3   3   5.3e-07   1.7e-05   22.1   0.1   109   174   173   236   153   240 0.84 -
Pdum_DN77965_c1_g1_i1:1646-2635  -            330 449139at33208        -            321   6.8e-20   69.3   4.7   1   4    0.0084      0.27    8.3   0.1   139   171     7    39     4    49 0.92 -
Pdum_DN77965_c1_g1_i1:1646-2635  -            330 449139at33208        -            321   6.8e-20   69.3   4.7   2   4   7.2e-07   2.3e-05   21.6   0.1   111   184    69   141    54   147 0.85 -
Pdum_DN77965_c1_g1_i1:1646-2635  -            330 449139at33208        -            321   6.8e-20   69.3   4.7   3   4   7.5e-09   2.4e-07   28.1   0.2    87   171   135   217   131   276 0.93 -
Pdum_DN77965_c1_g1_i1:1646-2635  -            330 449139at33208        -            321   6.8e-20   69.3   4.7   4   4   0.00057     0.018   12.1   0.0    95   128   296   329   259   330 0.87 -
Pdum_DN71389_c1_g2_i1:359-1099   -            247 449139at33208        -            321   8.9e-20   69.0   0.5   1   3   2.6e-08   8.1e-07   26.4   0.0    93   172     4    85     1    86 0.90 -
Pdum_DN71389_c1_g2_i1:359-1099   -            247 449139at33208        -            321   8.9e-20   69.0   0.5   2   3   5.7e-11   1.8e-09   35.1   0.0    91   181    50   136    42   145 0.89 -
Pdum_DN71389_c1_g2_i1:359-1099   -            247 449139at33208        -            321   8.9e-20   69.0   0.5   3   3   2.9e-05   0.00091   16.4   0.1    60   137   150   226   140   232 0.71 -
Pdum_DN72920_c0_g1_i5:770-1675   -            302 449139at33208        -            321   1.3e-19   68.4   7.6   1   5      0.57        18    2.2   0.1    47    66     9    28     3    33 0.83 -
Pdum_DN72920_c0_g1_i5:770-1675   -            302 449139at33208        -            321   1.3e-19   68.4   7.6   2   5   2.4e-07   7.4e-06   23.2   0.8   113   174    32    92    22   112 0.86 -
Pdum_DN72920_c0_g1_i5:770-1675   -            302 449139at33208        -            321   1.3e-19   68.4   7.6   3   5       1.5        48    0.8   0.0   240   280    99   138    94   151 0.80 -
Pdum_DN72920_c0_g1_i5:770-1675   -            302 449139at33208        -            321   1.3e-19   68.4   7.6   4   5   2.2e-10   6.9e-09   33.2   0.1    69   171   159   257   145   258 0.91 -
Pdum_DN72920_c0_g1_i5:770-1675   -            302 449139at33208        -            321   1.3e-19   68.4   7.6   5   5   1.9e-09   5.9e-08   30.1   0.3    79   170   211   298   211   300 0.90 -
Pdum_DN84894_c0_g1_i9:97-867     -            257 449139at33208        -            321   1.8e-19   67.9   0.0   1   3   1.9e-05    0.0006   17.0   0.0    95   174     6    90     1    97 0.74 -
Pdum_DN84894_c0_g1_i9:97-867     -            257 449139at33208        -            321   1.8e-19   67.9   0.0   2   3   9.7e-09   3.1e-07   27.8   0.0    90   174    94   174    89   176 0.90 -
Pdum_DN84894_c0_g1_i9:97-867     -            257 449139at33208        -            321   1.8e-19   67.9   0.0   3   3   1.1e-06   3.5e-05   21.0   0.0    87   171   175   256   173   257 0.90 -
Pdum_DN80927_c0_g1_i1:489-1964   -            492 449139at33208        -            321   2.4e-19   67.6   1.3   1   3     0.048       1.5    5.8   0.1   109   173   159   233   138   240 0.67 -
Pdum_DN80927_c0_g1_i1:489-1964   -            492 449139at33208        -            321   2.4e-19   67.6   1.3   2   3   1.3e-10   4.1e-09   33.9   0.1     9   134   242   363   237   382 0.82 -
Pdum_DN80927_c0_g1_i1:489-1964   -            492 449139at33208        -            321   2.4e-19   67.6   1.3   3   3   5.2e-08   1.6e-06   25.4   0.0   106   174   386   451   361   462 0.79 -
Pdum_DN78854_c0_g1_i1:1579-2349  -            257 449139at33208        -            321   1.2e-18   65.3   2.7   1   3     7e-06   0.00022   18.4   0.3    95   175     1    77     1    96 0.82 -
Pdum_DN78854_c0_g1_i1:1579-2349  -            257 449139at33208        -            321   1.2e-18   65.3   2.7   2   3   1.6e-07   4.9e-06   23.8   0.1    95   173    85   159    74   162 0.87 -
Pdum_DN78854_c0_g1_i1:1579-2349  -            257 449139at33208        -            321   1.2e-18   65.3   2.7   3   3     4e-07   1.3e-05   22.5   0.0    88   173   162   243   159   256 0.86 -
Pdum_DN87178_c0_g1_i10:2619-3539 -            307 449139at33208        -            321   1.4e-17   61.8   0.0   1   3   2.2e-06   6.9e-05   20.0   0.0   112   175     5    76     2    88 0.73 -
Pdum_DN87178_c0_g1_i10:2619-3539 -            307 449139at33208        -            321   1.4e-17   61.8   0.0   2   3    0.0032       0.1    9.7   0.0    91   126    91   125    82   136 0.88 -
Pdum_DN87178_c0_g1_i10:2619-3539 -            307 449139at33208        -            321   1.4e-17   61.8   0.0   3   3   5.1e-09   1.6e-07   28.7   0.1    17   145   148   281   134   307 0.73 -
Pdum_DN74356_c1_g1_i1:377-1456   -            360 449139at33208        -            321   4.2e-17   60.2   0.2   1   4     0.087       2.8    4.9   0.0   141   171     1    31     1    35 0.91 -
Pdum_DN74356_c1_g1_i1:377-1456   -            360 449139at33208        -            321   4.2e-17   60.2   0.2   2   4   1.3e-06   4.2e-05   20.8   0.0    76   184    24   132    12   138 0.80 -
Pdum_DN74356_c1_g1_i1:377-1456   -            360 449139at33208        -            321   4.2e-17   60.2   0.2   3   4   0.00026    0.0082   13.2   0.0   112   175   155   217   148   236 0.84 -
Pdum_DN74356_c1_g1_i1:377-1456   -            360 449139at33208        -            321   4.2e-17   60.2   0.2   4   4   3.2e-06    0.0001   19.5   0.1    70   134   259   323   242   350 0.58 -
Pdum_DN90064_c4_g2_i4:2740-4161  -            474 449139at33208        -            321   5.3e-17   59.8   0.3   1   3   0.00042     0.013   12.5   0.0    88   133   132   177   123   179 0.93 -
Pdum_DN90064_c4_g2_i4:2740-4161  -            474 449139at33208        -            321   5.3e-17   59.8   0.3   2   3   3.2e-05     0.001   16.2   0.0    87   126   174   212   171   219 0.88 -
Pdum_DN90064_c4_g2_i4:2740-4161  -            474 449139at33208        -            321   5.3e-17   59.8   0.3   3   3   2.2e-09   6.9e-08   29.9   0.1    86   175   298   383   263   401 0.85 -
Pdum_DN77740_c0_g3_i3:100-1476   -            459 449139at33208        -            321   1.7e-16   58.2   1.9   1   4     0.016      0.52    7.3   0.0   112   173   163   221   138   225 0.56 -
Pdum_DN77740_c0_g3_i3:100-1476   -            459 449139at33208        -            321   1.7e-16   58.2   1.9   2   4   2.6e-10   8.2e-09   32.9   0.2    88   174   224   306   221   319 0.89 -
Pdum_DN77740_c0_g3_i3:100-1476   -            459 449139at33208        -            321   1.7e-16   58.2   1.9   3   4   9.7e-08   3.1e-06   24.5   0.0    69   129   247   306   246   345 0.94 -
Pdum_DN77740_c0_g3_i3:100-1476   -            459 449139at33208        -            321   1.7e-16   58.2   1.9   4   4   0.00011    0.0036   14.4   0.0    90   177   351   441   340   453 0.77 -
Pdum_DN91072_c6_g2_i4:11-988     -            326 449139at33208        -            321   2.1e-16   57.9   2.6   1   4   1.5e-07   4.7e-06   23.9   0.1    96   179    30   111     7   115 0.87 -
Pdum_DN91072_c6_g2_i4:11-988     -            326 449139at33208        -            321   2.1e-16   57.9   2.6   2   4   8.7e-08   2.8e-06   24.6   0.2    98   179    76   153    67   169 0.82 -
Pdum_DN91072_c6_g2_i4:11-988     -            326 449139at33208        -            321   2.1e-16   57.9   2.6   3   4   3.1e-06   9.7e-05   19.6   0.1    71   164   183   273   169   291 0.64 -
Pdum_DN91072_c6_g2_i4:11-988     -            326 449139at33208        -            321   2.1e-16   57.9   2.6   4   4         3        95   -0.1   0.0   105   128   303   326   255   326 0.84 -
Pdum_DN83552_c2_g1_i4:337-1659   -            441 449139at33208        -            321     3e-16   57.4   1.4   1   3   9.1e-11   2.9e-09   34.4   0.1    93   188    61   153    46   175 0.89 -
Pdum_DN83552_c2_g1_i4:337-1659   -            441 449139at33208        -            321     3e-16   57.4   1.4   2   3         1        32    1.4   0.0    86   130   184   228   161   237 0.82 -
Pdum_DN83552_c2_g1_i4:337-1659   -            441 449139at33208        -            321     3e-16   57.4   1.4   3   3   1.7e-05   0.00054   17.1   0.2   102   229   242   356   239   372 0.77 -
Pdum_DN83588_c0_g2_i13:1452-2396 -            315 449139at33208        -            321   1.2e-15   55.4   0.1   1   4   0.00091     0.029   11.4   0.0   110   171    10    70     2    81 0.87 -
Pdum_DN83588_c0_g2_i13:1452-2396 -            315 449139at33208        -            321   1.2e-15   55.4   0.1   2   4    0.0018     0.056   10.5   0.0   282   320    75   113    64   114 0.80 -
Pdum_DN83588_c0_g2_i13:1452-2396 -            315 449139at33208        -            321   1.2e-15   55.4   0.1   3   4   0.00011    0.0036   14.4   0.0    85   180   115   222   113   239 0.73 -
Pdum_DN83588_c0_g2_i13:1452-2396 -            315 449139at33208        -            321   1.2e-15   55.4   0.1   4   4   3.6e-05    0.0011   16.0   0.0    92   172   239   315   227   315 0.85 -
Pdum_DN92078_c7_g2_i1:2888-3787  -            300 449139at33208        -            321   4.9e-15   53.4   1.3   1   3   3.2e-08     1e-06   26.1   0.3    69   172     9   107     2   112 0.90 -
Pdum_DN92078_c7_g2_i1:2888-3787  -            300 449139at33208        -            321   4.9e-15   53.4   1.3   2   3    0.0001    0.0032   14.5   0.0    98   172   124   194   119   199 0.89 -
Pdum_DN92078_c7_g2_i1:2888-3787  -            300 449139at33208        -            321   4.9e-15   53.4   1.3   3   3   0.00012    0.0037   14.4   0.0    71   126   181   235   180   244 0.90 -
Pdum_DN66770_c0_g1_i1:157-1065   -            303 449139at33208        -            321   8.4e-15   52.6   3.9   1   3   5.7e-11   1.8e-09   35.1   0.2    89   174     5    88     2   100 0.89 -
Pdum_DN66770_c0_g1_i1:157-1065   -            303 449139at33208        -            321   8.4e-15   52.6   3.9   2   3   0.00013     0.004   14.2   0.1    56   188   103   231    92   235 0.73 -
Pdum_DN66770_c0_g1_i1:157-1065   -            303 449139at33208        -            321   8.4e-15   52.6   3.9   3   3     0.054       1.7    5.6   0.2    78   170   212   303   195   303 0.74 -
Pdum_DN74384_c0_g2_i2:99-1367    -            423 449139at33208        -            321   9.7e-15   52.4   9.2   1   4   0.00011    0.0034   14.5   0.2   196   226   102   132    81   152 0.88 -
Pdum_DN74384_c0_g2_i2:99-1367    -            423 449139at33208        -            321   9.7e-15   52.4   9.2   2   4   0.00061     0.019   12.0   0.6   111   171   161   222   135   230 0.85 -
Pdum_DN74384_c0_g2_i2:99-1367    -            423 449139at33208        -            321   9.7e-15   52.4   9.2   3   4    0.0017     0.053   10.6   0.2   139   175   258   293   251   305 0.78 -
Pdum_DN74384_c0_g2_i2:99-1367    -            423 449139at33208        -            321   9.7e-15   52.4   9.2   4   4   7.8e-06   0.00025   18.2   0.0    72   172   319   419   308   422 0.80 -
Pdum_DN84241_c0_g1_i1:2776-3423  -            216 449139at33208        -            321   1.3e-14   52.0   3.6   1   3     0.013       0.4    7.7   0.0    87   126     1    39     1    45 0.90 -
Pdum_DN84241_c0_g1_i1:2776-3423  -            216 449139at33208        -            321   1.3e-14   52.0   3.6   2   3     6e-10   1.9e-08   31.7   0.3    74   187    30   139    26   145 0.85 -
Pdum_DN84241_c0_g1_i1:2776-3423  -            216 449139at33208        -            321   1.3e-14   52.0   3.6   3   3   3.3e-06    0.0001   19.5   0.3    90   171   133   212   128   215 0.92 -
Pdum_DN86525_c0_g1_i1:704-1231   -            176 449139at33208        -            321   3.1e-14   50.8   0.0   1   2   5.4e-06   0.00017   18.7   0.0    79   177     6   102     2   106 0.87 -
Pdum_DN86525_c0_g1_i1:704-1231   -            176 449139at33208        -            321   3.1e-14   50.8   0.0   2   2   1.9e-11   6.1e-10   36.7   0.0    46   162    62   175    56   176 0.84 -
Pdum_DN88766_c3_g2_i10:292-717   -            142 449139at33208        -            321   3.5e-14   50.6   0.0   1   2   9.4e-07     3e-05   21.2   0.0    86   138    23    74     6    83 0.86 -
Pdum_DN88766_c3_g2_i10:292-717   -            142 449139at33208        -            321   3.5e-14   50.6   0.0   2   2     7e-09   2.2e-07   28.2   0.0    96   166    75   141    71   142 0.85 -
Pdum_DN84798_c1_g2_i5:993-2768   -            592 449139at33208        -            321   5.9e-14   49.8   2.6   1   5    0.0017     0.053   10.5   0.0    74   124   113   163    94   166 0.81 -
Pdum_DN84798_c1_g2_i5:993-2768   -            592 449139at33208        -            321   5.9e-14   49.8   2.6   2   5       6.4     2e+02   -1.2   0.0   197   221   178   204   172   219 0.76 -
Pdum_DN84798_c1_g2_i5:993-2768   -            592 449139at33208        -            321   5.9e-14   49.8   2.6   3   5   3.1e-06   9.7e-05   19.6   0.1     9   168   221   375   213   388 0.79 -
Pdum_DN84798_c1_g2_i5:993-2768   -            592 449139at33208        -            321   5.9e-14   49.8   2.6   4   5     0.008      0.25    8.3   0.1   163   240   495   563   448   572 0.66 -
Pdum_DN84798_c1_g2_i5:993-2768   -            592 449139at33208        -            321   5.9e-14   49.8   2.6   5   5      0.09       2.8    4.9   0.0   153   172   572   591   563   592 0.90 -
Pdum_DN90273_c4_g1_i2:3537-4052  -            172 449139at33208        -            321   2.5e-13   47.8   0.3   1   1   1.4e-13   4.6e-12   43.6   0.3    23   173    20   165    12   171 0.87 -
Pdum_DN73138_c0_g1_i1:392-1264   -            291 449139at33208        -            321   3.6e-13   47.2   2.2   1   5   2.2e-05   0.00069   16.8   0.0   139   171     6    38     2    49 0.86 -
Pdum_DN73138_c0_g1_i1:392-1264   -            291 449139at33208        -            321   3.6e-13   47.2   2.2   2   5     0.001     0.032   11.3   0.1   139   173    48    82    40    87 0.90 -
Pdum_DN73138_c0_g1_i1:392-1264   -            291 449139at33208        -            321   3.6e-13   47.2   2.2   3   5   0.00099     0.031   11.3   0.0    88   130    85   126    81   166 0.80 -
Pdum_DN73138_c0_g1_i1:392-1264   -            291 449139at33208        -            321   3.6e-13   47.2   2.2   4   5      0.29         9    3.2   0.0   131   171   169   204   130   221 0.61 -
Pdum_DN73138_c0_g1_i1:392-1264   -            291 449139at33208        -            321   3.6e-13   47.2   2.2   5   5     0.061       1.9    5.4   0.1    11   172   176   249   165   286 0.48 -
Pdum_DN83588_c0_g2_i13:1293-2279 -            329 449139at33208        -            321   4.9e-13   46.8   0.1   1   4         2        64    0.4   0.0   294   320     5    31     2    32 0.86 -
Pdum_DN83588_c0_g2_i13:1293-2279 -            329 449139at33208        -            321   4.9e-13   46.8   0.1   2   4   0.00085     0.027   11.5   0.0   266   320    24    74    16    75 0.78 -
Pdum_DN83588_c0_g2_i13:1293-2279 -            329 449139at33208        -            321   4.9e-13   46.8   0.1   3   4   0.00015    0.0047   14.0   0.0    85   175    76   178    74   193 0.72 -
Pdum_DN83588_c0_g2_i13:1293-2279 -            329 449139at33208        -            321   4.9e-13   46.8   0.1   4   4   1.7e-05   0.00052   17.1   0.0    91   172   199   276   187   291 0.84 -
Pdum_DN84814_c0_g2_i1:1505-2083  -            193 449139at33208        -            321   7.5e-13   46.2   0.0   1   2   1.7e-10   5.4e-09   33.5   0.0    27   173     9   150     2   154 0.82 -
Pdum_DN84814_c0_g2_i1:1505-2083  -            193 449139at33208        -            321   7.5e-13   46.2   0.0   2   2    0.0011     0.035   11.1   0.0   135   173   154   192   151   193 0.90 -
Pdum_DN75461_c3_g1_i3:3415-4074  -            220 449139at33208        -            321     8e-13   46.1   0.0   1   3   0.00034     0.011   12.9   0.0    95   139    10    54     2    56 0.83 -
Pdum_DN75461_c3_g1_i3:3415-4074  -            220 449139at33208        -            321     8e-13   46.1   0.0   2   3   6.6e-07   2.1e-05   21.7   0.0    99   162    56   117    51   132 0.85 -
Pdum_DN75461_c3_g1_i3:3415-4074  -            220 449139at33208        -            321     8e-13   46.1   0.0   3   3    0.0054      0.17    8.9   0.0    87   170   139   220   127   220 0.79 -
Pdum_DN63925_c0_g1_i1:119-1006   -            296 449139at33208        -            321   8.1e-13   46.1   0.3   1   3     0.001     0.032   11.3   0.0    45   127    25   105     5   108 0.80 -
Pdum_DN63925_c0_g1_i1:119-1006   -            296 449139at33208        -            321   8.1e-13   46.1   0.3   2   3   8.3e-08   2.6e-06   24.7   0.0    77   135    98   155    94   166 0.88 -
Pdum_DN63925_c0_g1_i1:119-1006   -            296 449139at33208        -            321   8.1e-13   46.1   0.3   3   3    0.0038      0.12    9.4   0.1    66   131   209   276   170   285 0.81 -
Pdum_DN83800_c0_g2_i3:14-562     -            183 449139at33208        -            321   2.2e-12   44.7   0.1   1   2   3.1e-09   9.8e-08   29.4   0.0    84   175    49   134    32   139 0.85 -
Pdum_DN83800_c0_g2_i3:14-562     -            183 449139at33208        -            321   2.2e-12   44.7   0.1   2   2   0.00027    0.0087   13.1   0.0    90   136   137   182   133   183 0.84 -
Pdum_DN76013_c0_g1_i3:463-1068   -            202 449139at33208        -            321   4.5e-12   43.6   1.2   1   3      0.26       8.2    3.4   0.1    95   143     1    49     1    52 0.82 -
Pdum_DN76013_c0_g1_i3:463-1068   -            202 449139at33208        -            321   4.5e-12   43.6   1.2   2   3   1.1e-09   3.5e-08   30.9   0.0    91   178    43   129    34   142 0.85 -
Pdum_DN76013_c0_g1_i3:463-1068   -            202 449139at33208        -            321   4.5e-12   43.6   1.2   3   3    0.0057      0.18    8.8   0.0    94   129   147   182   140   186 0.90 -
Pdum_DN85054_c1_g3_i7:3145-3996  -            284 449139at33208        -            321   7.5e-12   42.9   1.0   1   3   5.3e-06   0.00017   18.8   0.1   245   320     5    81     2    82 0.80 -
Pdum_DN85054_c1_g3_i7:3145-3996  -            284 449139at33208        -            321   7.5e-12   42.9   1.0   2   3     0.019      0.61    7.1   0.0    87   181    41   134    36   139 0.83 -
Pdum_DN85054_c1_g3_i7:3145-3996  -            284 449139at33208        -            321   7.5e-12   42.9   1.0   3   3   5.4e-07   1.7e-05   22.0   0.1    12   142   135   262   124   281 0.84 -
Pdum_DN73504_c1_g7_i2:375-1772   -            466 449139at33208        -            321   8.2e-12   42.8   2.6   1   4    0.0024     0.077   10.0   0.2   107   174   151   226   133   229 0.78 -
Pdum_DN73504_c1_g7_i2:375-1772   -            466 449139at33208        -            321   8.2e-12   42.8   2.6   2   4   6.3e-09     2e-07   28.4   0.1    67   174   207   310   200   320 0.87 -
Pdum_DN73504_c1_g7_i2:375-1772   -            466 449139at33208        -            321   8.2e-12   42.8   2.6   3   4     0.061       1.9    5.4   0.0   155   227   331   403   321   419 0.84 -
Pdum_DN73504_c1_g7_i2:375-1772   -            466 449139at33208        -            321   8.2e-12   42.8   2.6   4   4       2.2        69    0.3   0.0   100   129   420   450   409   459 0.79 -
Pdum_DN75894_c0_g1_i3:333-1052   -            240 449139at33208        -            321   1.1e-11   42.4   1.0   1   3   0.00055     0.017   12.2   0.3   123   177     2    56     1    64 0.81 -
Pdum_DN75894_c0_g1_i3:333-1052   -            240 449139at33208        -            321   1.1e-11   42.4   1.0   2   3    0.0028     0.089    9.8   0.0    91   129    58    96    53   101 0.90 -
Pdum_DN75894_c0_g1_i3:333-1052   -            240 449139at33208        -            321   1.1e-11   42.4   1.0   3   3   4.2e-06   0.00013   19.1   0.1    58   168   116   223   102   236 0.88 -
Pdum_DN80990_c0_g1_i2:150-1607   -            486 449139at33208        -            321   1.3e-11   42.2   0.4   1   2   8.7e-07   2.7e-05   21.4   0.0    91   172   244   323   229   332 0.87 -
Pdum_DN80990_c0_g1_i2:150-1607   -            486 449139at33208        -            321   1.3e-11   42.2   0.4   2   2   2.5e-05    0.0008   16.5   0.1    76   136   358   417   333   467 0.82 -
Pdum_DN66493_c0_g1_i1:720-1655   -            312 449139at33208        -            321   2.6e-11   41.1   0.0   1   2   6.6e-08   2.1e-06   25.0   0.1    13   133    23   142    12   147 0.82 -
Pdum_DN66493_c0_g1_i1:720-1655   -            312 449139at33208        -            321   2.6e-11   41.1   0.0   2   2   0.00019    0.0059   13.7   0.0    55   130   193   270   153   282 0.69 -
Pdum_DN86522_c0_g3_i4:534-1520   -            329 449139at33208        -            321   2.7e-11   41.1   3.5   1   4   2.9e-05   0.00091   16.4   0.0   105   174     8    74     2    84 0.89 -
Pdum_DN86522_c0_g3_i4:534-1520   -            329 449139at33208        -            321   2.7e-11   41.1   3.5   2   4   0.00058     0.018   12.1   0.5    90   160   117   186    94   195 0.84 -
Pdum_DN86522_c0_g3_i4:534-1520   -            329 449139at33208        -            321   2.7e-11   41.1   3.5   3   4    0.0001    0.0032   14.6   0.2    72   174   140   247   135   258 0.74 -
Pdum_DN86522_c0_g3_i4:534-1520   -            329 449139at33208        -            321   2.7e-11   41.1   3.5   4   4     0.045       1.4    5.9   0.0    66   126   268   327   263   329 0.86 -
Pdum_DN80498_c1_g1_i1:1987-2589  -            201 449139at33208        -            321   3.3e-11   40.8   0.1   1   2   5.9e-10   1.9e-08   31.8   0.1    10   175     1   164     1   168 0.83 -
Pdum_DN80498_c1_g1_i1:1987-2589  -            201 449139at33208        -            321   3.3e-11   40.8   0.1   2   2      0.01      0.33    7.9   0.0    69   125   146   201   126   201 0.64 -
Pdum_DN74464_c0_g1_i5:1442-2167  -            242 449139at33208        -            321   5.7e-11   40.0   1.0   1   2    0.0023     0.074   10.1   0.0   139   183     5    49     1    61 0.82 -
Pdum_DN74464_c0_g1_i5:1442-2167  -            242 449139at33208        -            321   5.7e-11   40.0   1.0   2   2   9.2e-08   2.9e-06   24.6   0.5   102   174    60   138    53   233 0.77 -
Pdum_DN78454_c0_g1_i4:576-2111   -            512 449139at33208        -            321   7.4e-11   39.6   0.9   1   3   1.4e-06   4.4e-05   20.7   0.0   174   316   191   331   182   335 0.82 -
Pdum_DN78454_c0_g1_i4:576-2111   -            512 449139at33208        -            321   7.4e-11   39.6   0.9   2   3   5.1e-06   0.00016   18.8   0.1    73   141   325   391   317   438 0.77 -
Pdum_DN78454_c0_g1_i4:576-2111   -            512 449139at33208        -            321   7.4e-11   39.6   0.9   3   3       6.8   2.1e+02   -1.3   0.0    77   125   463   510   456   511 0.80 -
Pdum_DN84002_c0_g1_i8:796-1551   -            252 449139at33208        -            321   1.6e-10   38.5   0.1   1   3       1.8        56    0.6   0.0   306   320    10    24     3    27 0.72 -
Pdum_DN84002_c0_g1_i8:796-1551   -            252 449139at33208        -            321   1.6e-10   38.5   0.1   2   3   1.1e-10   3.5e-09   34.1   0.0    85   170    33   115    29   125 0.87 -
Pdum_DN84002_c0_g1_i8:796-1551   -            252 449139at33208        -            321   1.6e-10   38.5   0.1   3   3       4.9   1.5e+02   -0.8   0.0   266   318   202   252   194   252 0.64 -
Pdum_DN87342_c0_g1_i8:5-2425     -            807 449139at33208        -            321   1.9e-10   38.3   0.1   1   5       1.5        47    0.9   0.0   270   315    38    78    20    84 0.74 -
Pdum_DN87342_c0_g1_i8:5-2425     -            807 449139at33208        -            321   1.9e-10   38.3   0.1   2   5      0.47        15    2.5   0.0   109   178   155   223   137   242 0.67 -
Pdum_DN87342_c0_g1_i8:5-2425     -            807 449139at33208        -            321   1.9e-10   38.3   0.1   3   5   0.00035     0.011   12.8   0.0    94   174   375   451   352   470 0.80 -
Pdum_DN87342_c0_g1_i8:5-2425     -            807 449139at33208        -            321   1.9e-10   38.3   0.1   4   5    0.0001    0.0033   14.5   0.0    70   179   477   584   470   603 0.81 -
Pdum_DN87342_c0_g1_i8:5-2425     -            807 449139at33208        -            321   1.9e-10   38.3   0.1   5   5       5.1   1.6e+02   -0.9   0.0    15    58   609   653   598   662 0.68 -
Pdum_DN88892_c3_g1_i1:2670-3179  -            170 449139at33208        -            321   2.3e-10   38.0   0.5   1   2   1.8e-06   5.8e-05   20.3   0.1    25   138     7   119     2   119 0.70 -
Pdum_DN88892_c3_g1_i1:2670-3179  -            170 449139at33208        -            321   2.3e-10   38.0   0.5   2   2   5.2e-06   0.00017   18.8   0.0    87   130   111   154   107   167 0.89 -
Pdum_DN84582_c3_g1_i1:332-1036   -            235 449139at33208        -            321   6.5e-10   36.5   0.2   1   2    0.0013      0.04   10.9   0.0    80   134     5    59     1    65 0.84 -
Pdum_DN84582_c3_g1_i1:332-1036   -            235 449139at33208        -            321   6.5e-10   36.5   0.2   2   2   1.7e-07   5.3e-06   23.7   0.0   100   203    67   166    60   176 0.79 -
Pdum_DN78785_c0_g1_i2:534-2834   -            767 449139at33208        -            321   6.5e-10   36.5   0.3   1   3   3.2e-07     1e-05   22.8   0.1    63   144    55   140    31   147 0.74 -
Pdum_DN78785_c0_g1_i2:534-2834   -            767 449139at33208        -            321   6.5e-10   36.5   0.3   2   3    0.0034      0.11    9.6   0.0    71   128   152   210   142   214 0.83 -
Pdum_DN78785_c0_g1_i2:534-2834   -            767 449139at33208        -            321   6.5e-10   36.5   0.3   3   3     0.017      0.54    7.2   0.0    67   167   192   294   183   308 0.78 -
Pdum_DN92785_c3_g1_i2:3114-4076  -            321 449139at33208        -            321   8.9e-10   36.1   0.6   1   2       5.1   1.6e+02   -0.9   0.0   267   309   112   154    65   159 0.75 -
Pdum_DN92785_c3_g1_i2:3114-4076  -            321 449139at33208        -            321   8.9e-10   36.1   0.6   2   2   1.4e-10   4.4e-09   33.8   0.5   105   171   255   317   212   320 0.84 -
Pdum_DN83656_c0_g1_i2:2236-2991  -            252 449139at33208        -            321   1.5e-09   35.3   0.5   1   4    0.0056      0.18    8.8   0.0    96   138     7    46     1    55 0.73 -
Pdum_DN83656_c0_g1_i2:2236-2991  -            252 449139at33208        -            321   1.5e-09   35.3   0.5   2   4   2.2e-06     7e-05   20.0   0.0    79   149    87   153    68   176 0.74 -
Pdum_DN83656_c0_g1_i2:2236-2991  -            252 449139at33208        -            321   1.5e-09   35.3   0.5   3   4       0.3       9.4    3.2   0.0    91   143   141   187   135   207 0.78 -
Pdum_DN83656_c0_g1_i2:2236-2991  -            252 449139at33208        -            321   1.5e-09   35.3   0.5   4   4       1.3        42    1.0   0.0    90   125   220   252   209   252 0.78 -
Pdum_DN79208_c0_g1_i2:96-1031    -            312 449139at33208        -            321   1.6e-09   35.2   0.0   1   3   6.9e-05    0.0022   15.1   0.0    66   189     6   125     2   134 0.80 -
Pdum_DN79208_c0_g1_i2:96-1031    -            312 449139at33208        -            321   1.6e-09   35.2   0.0   2   3    0.0016     0.052   10.6   0.0   259   319   137   192   129   195 0.87 -
Pdum_DN79208_c0_g1_i2:96-1031    -            312 449139at33208        -            321   1.6e-09   35.2   0.0   3   3     0.073       2.3    5.2   0.0    27   103   229   306   207   311 0.60 -
Pdum_DN89838_c3_g2_i15:954-1709  -            252 449139at33208        -            321   2.2e-09   34.8   1.3   1   2   0.00016     0.005   13.9   0.1   113   174     1    57     1    73 0.86 -
Pdum_DN89838_c3_g2_i15:954-1709  -            252 449139at33208        -            321   2.2e-09   34.8   1.3   2   2   3.9e-06   0.00012   19.2   0.1    73   182   122   227    84   234 0.81 -
Pdum_DN71483_c1_g1_i1:599-1228   -            210 449139at33208        -            321   4.3e-09   33.9   0.1   1   2    0.0012     0.037   11.1   0.0    93   127    66   100    58   107 0.87 -
Pdum_DN71483_c1_g1_i1:599-1228   -            210 449139at33208        -            321   4.3e-09   33.9   0.1   2   2   1.6e-06   5.2e-05   20.4   0.1    93   168   116   188   105   195 0.89 -
Pdum_DN75190_c1_g2_i8:2335-2706  -            124 449139at33208        -            321   7.8e-09   33.0   1.1   1   1   4.1e-10   1.3e-08   32.3   1.1    72   175    25   121    16   124 0.87 -
Pdum_DN87078_c1_g1_i1:1858-2604  -            249 449139at33208        -            321     1e-08   32.6   3.4   1   2   1.1e-09   3.6e-08   30.8   0.1    58   173    96   209    67   214 0.93 -
Pdum_DN87078_c1_g1_i1:1858-2604  -            249 449139at33208        -            321     1e-08   32.6   3.4   2   2     0.006      0.19    8.7   0.2    54   125   182   248   169   249 0.68 -
Pdum_DN92880_c2_g1_i2:4337-5176  -            280 449139at33208        -            321   1.9e-08   31.8   0.1   1   2   3.4e-05    0.0011   16.1   0.0   102   176    17    89     5   108 0.84 -
Pdum_DN92880_c2_g1_i2:4337-5176  -            280 449139at33208        -            321   1.9e-08   31.8   0.1   2   2    0.0002    0.0064   13.6   0.2    65   173   160   273   127   278 0.77 -
Pdum_DN76828_c2_g1_i1:4967-5695  -            243 449139at33208        -            321   2.2e-08   31.5   0.2   1   3   6.5e-06   0.00021   18.5   0.0    91   175    40   119     3   124 0.75 -
Pdum_DN76828_c2_g1_i1:4967-5695  -            243 449139at33208        -            321   2.2e-08   31.5   0.2   2   3    0.0015     0.047   10.7   0.0    88   170   120   200   117   208 0.77 -
Pdum_DN76828_c2_g1_i1:4967-5695  -            243 449139at33208        -            321   2.2e-08   31.5   0.2   3   3       1.1        36    1.3   0.1   109   170   184   242   166   243 0.48 -
Pdum_DN83655_c1_g1_i2:238-2439   -            734 449139at33208        -            321   3.2e-08   31.0   0.4   1   3   2.4e-06   7.7e-05   19.9   0.0    72   133    25    86    13    90 0.91 -
Pdum_DN83655_c1_g1_i2:238-2439   -            734 449139at33208        -            321   3.2e-08   31.0   0.4   2   3      0.38        12    2.8   0.0    89   178   178   265   157   270 0.76 -
Pdum_DN83655_c1_g1_i2:238-2439   -            734 449139at33208        -            321   3.2e-08   31.0   0.4   3   3      0.26       8.3    3.3   0.0    96   131   432   470   421   475 0.79 -
Pdum_DN91578_c1_g1_i1:293-997    -            235 449139at33208        -            321   3.6e-08   30.8   0.3   1   2     0.023      0.74    6.8   0.0   100   141   121   159   104   167 0.75 -
Pdum_DN91578_c1_g1_i1:293-997    -            235 449139at33208        -            321   3.6e-08   30.8   0.3   2   2   6.7e-09   2.1e-07   28.3   0.3    69   171   130   227   122   232 0.89 -
Pdum_DN85879_c0_g1_i1:230-808    -            193 449139at33208        -            321   4.2e-08   30.6   0.0   1   2   1.7e-07   5.4e-06   23.7   0.0    72   164     8    96     2   118 0.83 -
Pdum_DN85879_c0_g1_i1:230-808    -            193 449139at33208        -            321   4.2e-08   30.6   0.0   2   2      0.06       1.9    5.5   0.0   114   170   140   193   100   193 0.59 -
Pdum_DN82173_c1_g1_i7:1104-1730  -            209 449139at33208        -            321   5.1e-08   30.3   0.4   1   3   0.00048     0.015   12.3   0.1   109   174    17    81     3    83 0.87 -
Pdum_DN82173_c1_g1_i7:1104-1730  -            209 449139at33208        -            321   5.1e-08   30.3   0.4   2   3    0.0064       0.2    8.7   0.0    86   130    81   127    78   135 0.85 -
Pdum_DN82173_c1_g1_i7:1104-1730  -            209 449139at33208        -            321   5.1e-08   30.3   0.4   3   3     0.012      0.38    7.8   0.0    47   127   130   209   128   209 0.75 -
Pdum_DN86637_c0_g1_i2:178-705    -            176 449139at33208        -            321   5.5e-08   30.2   0.1   1   3     5e-08   1.6e-06   25.4   0.1   101   197     2    99     1   101 0.88 -
Pdum_DN86637_c0_g1_i2:178-705    -            176 449139at33208        -            321   5.5e-08   30.2   0.1   2   3      0.19       5.9    3.8   0.0    94   127    87   120    79   124 0.56 -
Pdum_DN86637_c0_g1_i2:178-705    -            176 449139at33208        -            321   5.5e-08   30.2   0.1   3   3       4.1   1.3e+02   -0.6   0.0    94   119   144   170   139   173 0.81 -
Pdum_DN65740_c0_g1_i1:159-803    -            215 449139at33208        -            321   5.8e-08   30.2   0.4   1   3   2.7e-07   8.5e-06   23.0   0.1    65   131     8    74     3   127 0.90 -
Pdum_DN65740_c0_g1_i1:159-803    -            215 449139at33208        -            321   5.8e-08   30.2   0.4   2   3       1.3        41    1.1   0.0    94   140    96   142    85   177 0.71 -
Pdum_DN65740_c0_g1_i1:159-803    -            215 449139at33208        -            321   5.8e-08   30.2   0.4   3   3      0.29       9.2    3.2   0.0   138   170   183   215   161   215 0.81 -
Pdum_DN92615_c3_g1_i3:1432-2112  -            227 449139at33208        -            321   6.6e-08   30.0   0.1   1   3    0.0025     0.079   10.0   0.0    90   128     6    43     1    47 0.84 -
Pdum_DN92615_c3_g1_i3:1432-2112  -            227 449139at33208        -            321   6.6e-08   30.0   0.1   2   3      0.14       4.4    4.2   0.0    54   129    51   135    42   147 0.72 -
Pdum_DN92615_c3_g1_i3:1432-2112  -            227 449139at33208        -            321   6.6e-08   30.0   0.1   3   3   0.00034     0.011   12.8   0.0    66   133   160   225   153   227 0.83 -
Pdum_DN92345_c8_g1_i1:3879-4793  -            305 449139at33208        -            321   6.6e-08   30.0   0.8   1   3     0.017      0.54    7.2   0.0   110   171     7    64     3    83 0.79 -
Pdum_DN92345_c8_g1_i1:3879-4793  -            305 449139at33208        -            321   6.6e-08   30.0   0.8   2   3     0.014      0.45    7.5   0.0    53   176    57   181    38   200 0.61 -
Pdum_DN92345_c8_g1_i1:3879-4793  -            305 449139at33208        -            321   6.6e-08   30.0   0.8   3   3   0.00018    0.0058   13.7   0.1   111   175   207   269   198   290 0.86 -
Pdum_DN73439_c0_g1_i2:1041-1721  -            227 449139at33208        -            321   9.8e-08   29.4   0.3   1   3     0.012      0.39    7.7   0.0   138   173    47    82     8    84 0.81 -
Pdum_DN73439_c0_g1_i2:1041-1721  -            227 449139at33208        -            321   9.8e-08   29.4   0.3   2   3   9.5e-06    0.0003   17.9   0.0    86   141    83   137    80   146 0.91 -
Pdum_DN73439_c0_g1_i2:1041-1721  -            227 449139at33208        -            321   9.8e-08   29.4   0.3   3   3       9.9   3.1e+02   -1.8   0.0   299   319   164   184   154   186 0.68 -
Pdum_DN84033_c1_g3_i1:1082-1726  -            215 449139at33208        -            321   1.3e-07   29.0   2.0   1   3      0.09       2.9    4.9   0.3   192   225     4    39     2    48 0.85 -
Pdum_DN84033_c1_g3_i1:1082-1726  -            215 449139at33208        -            321   1.3e-07   29.0   2.0   2   3   3.4e-07   1.1e-05   22.7   0.0    81   185    52   154    43   161 0.85 -
Pdum_DN84033_c1_g3_i1:1082-1726  -            215 449139at33208        -            321   1.3e-07   29.0   2.0   3   3       4.7   1.5e+02   -0.8   0.0    72   107   180   215   163   215 0.74 -
Pdum_DN89990_c3_g2_i4:936-1778   -            281 449139at33208        -            321   1.3e-07   29.0   1.1   1   3     0.021      0.67    6.9   0.4    66   171    48   148    23   160 0.83 -
Pdum_DN89990_c3_g2_i4:936-1778   -            281 449139at33208        -            321   1.3e-07   29.0   1.1   2   3   0.00012    0.0038   14.3   0.0    85   136   153   206   148   211 0.86 -
Pdum_DN89990_c3_g2_i4:936-1778   -            281 449139at33208        -            321   1.3e-07   29.0   1.1   3   3     0.023      0.72    6.8   0.0    49   126   205   281   203   281 0.74 -
Pdum_DN88423_c1_g1_i2:993-1421   -            143 449139at33208        -            321   1.4e-07   28.9   0.3   1   2   1.6e-05   0.00049   17.2   0.1   105   173    18    78     4    81 0.73 -
Pdum_DN88423_c1_g1_i2:993-1421   -            143 449139at33208        -            321   1.4e-07   28.9   0.3   2   2   0.00077     0.024   11.7   0.0    81   127    74   119    60   135 0.60 -
Pdum_DN70029_c0_g1_i5:236-670    -            145 449139at33208        -            321   1.9e-07   28.4   0.0   1   2   8.1e-08   2.6e-06   24.7   0.0    79   163     3    89     1   106 0.77 -
Pdum_DN70029_c0_g1_i5:236-670    -            145 449139at33208        -            321   1.9e-07   28.4   0.0   2   2       0.6        19    2.2   0.0    95   122   116   143    99   145 0.82 -
Pdum_DN73512_c4_g2_i3:726-1661   -            312 449139at33208        -            321   2.1e-07   28.3   0.0   1   3      0.11       3.6    4.5   0.0    95   172    13    89     3   111 0.76 -
Pdum_DN73512_c4_g2_i3:726-1661   -            312 449139at33208        -            321   2.1e-07   28.3   0.0   2   3   7.1e-06   0.00023   18.3   0.1     8   131    57   177    56   184 0.75 -
Pdum_DN73512_c4_g2_i3:726-1661   -            312 449139at33208        -            321   2.1e-07   28.3   0.0   3   3      0.12       3.8    4.4   0.0    91   127   261   296   238   309 0.85 -
Pdum_DN91312_c3_g1_i1:2567-3481  -            305 449139at33208        -            321   2.3e-07   28.2   0.2   1   3     0.005      0.16    9.0   0.1   100   173     3    78     1    86 0.82 -
Pdum_DN91312_c3_g1_i1:2567-3481  -            305 449139at33208        -            321   2.3e-07   28.2   0.2   2   3      0.11       3.4    4.6   0.0    12   159    49   197    47   213 0.55 -
Pdum_DN91312_c3_g1_i1:2567-3481  -            305 449139at33208        -            321   2.3e-07   28.2   0.2   3   3   0.00052     0.016   12.2   0.1   105   170   235   305   212   305 0.81 -
Pdum_DN90517_c4_g1_i5:2-985      -            328 449139at33208        -            321   2.4e-07   28.1   0.7   1   3    0.0017     0.052   10.6   0.1    67   149    25   110     5   146 0.68 -
Pdum_DN90517_c4_g1_i5:2-985      -            328 449139at33208        -            321   2.4e-07   28.1   0.7   2   3       2.7        84    0.0   0.0   110   129   127   146   117   163 0.78 -
Pdum_DN90517_c4_g1_i5:2-985      -            328 449139at33208        -            321   2.4e-07   28.1   0.7   3   3   0.00016    0.0052   13.9   0.0    58   129   168   243   163   303 0.89 -
Pdum_DN79406_c0_g1_i1:209-1183   -            325 449139at33208        -            321   2.8e-07   27.9   0.7   1   2   9.5e-06    0.0003   17.9   0.1    94   182     7    91     2   104 0.86 -
Pdum_DN79406_c0_g1_i1:209-1183   -            325 449139at33208        -            321   2.8e-07   27.9   0.7   2   2     0.016       0.5    7.4   0.0    95   129   186   219   179   235 0.71 -
Pdum_DN88147_c0_g1_i1:430-1308   -            293 449139at33208        -            321   3.4e-07   27.6   0.6   1   3     0.013      0.41    7.6   0.1     9   128    24   140    17   143 0.77 -
Pdum_DN88147_c0_g1_i1:430-1308   -            293 449139at33208        -            321   3.4e-07   27.6   0.6   2   3     1e-05   0.00032   17.8   0.0    35   170    91   225    81   232 0.75 -
Pdum_DN88147_c0_g1_i1:430-1308   -            293 449139at33208        -            321   3.4e-07   27.6   0.6   3   3      0.34        11    3.0   0.0   259   276   253   270   244   290 0.77 -
Pdum_DN89809_c3_g1_i10:6324-7073 -            250 449139at33208        -            321   1.6e-06   25.4   0.1   1   3     0.016      0.51    7.3   0.0    95   127     1    33     1    42 0.93 -
Pdum_DN89809_c3_g1_i10:6324-7073 -            250 449139at33208        -            321   1.6e-06   25.4   0.1   2   3   0.00066     0.021   11.9   0.0    89   130    45    86    37    93 0.87 -
Pdum_DN89809_c3_g1_i10:6324-7073 -            250 449139at33208        -            321   1.6e-06   25.4   0.1   3   3      0.39        12    2.8   0.0   116   143   113   140   104   165 0.88 -
Pdum_DN66431_c0_g1_i1:1561-2364  -            268 449139at33208        -            321   1.9e-06   25.1   0.1   1   2   0.00028     0.009   13.1   0.1    86   172    82   161    78   164 0.85 -
Pdum_DN66431_c0_g1_i1:1561-2364  -            268 449139at33208        -            321   1.9e-06   25.1   0.1   2   2   2.9e-05   0.00093   16.3   0.0    88   171   124   202   121   218 0.88 -
Pdum_DN82629_c0_g1_i4:473-2515   -            681 449139at33208        -            321   3.5e-06   24.3   0.5   1   2   0.00018    0.0056   13.8   0.1   152   320   216   386   204   387 0.55 -
Pdum_DN82629_c0_g1_i4:473-2515   -            681 449139at33208        -            321   3.5e-06   24.3   0.5   2   2     0.097       3.1    4.8   0.0   135   174   397   436   393   443 0.87 -
Pdum_DN84903_c4_g3_i8:753-1754   -            334 449139at33208        -            321   3.5e-06   24.3   0.5   1   3    0.0031     0.099    9.7   0.1    94   182     7    95     2   105 0.89 -
Pdum_DN84903_c4_g3_i8:753-1754   -            334 449139at33208        -            321   3.5e-06   24.3   0.5   2   3      0.17       5.5    3.9   0.1    95   134    97   134    91   137 0.84 -
Pdum_DN84903_c4_g3_i8:753-1754   -            334 449139at33208        -            321   3.5e-06   24.3   0.5   3   3    0.0039      0.12    9.3   0.0    20   175   148   301   129   316 0.76 -
Pdum_DN38861_c0_g1_i1:595-1392   -            266 449139at33208        -            321   4.7e-06   23.9   0.0   1   3      0.41        13    2.7   0.0   153   205    12    64     1    77 0.74 -
Pdum_DN38861_c0_g1_i1:595-1392   -            266 449139at33208        -            321   4.7e-06   23.9   0.0   2   3   0.00033      0.01   12.9   0.0    66   130    96   160    89   181 0.90 -
Pdum_DN38861_c0_g1_i1:595-1392   -            266 449139at33208        -            321   4.7e-06   23.9   0.0   3   3     0.095         3    4.8   0.0   130   174   216   260   188   264 0.68 -
Pdum_DN66325_c0_g1_i1:831-1904   -            358 449139at33208        -            321   6.9e-06   23.3   1.5   1   3   6.6e-06   0.00021   18.5   0.0   112   175    45   107    23   148 0.74 -
Pdum_DN66325_c0_g1_i1:831-1904   -            358 449139at33208        -            321   6.9e-06   23.3   1.5   2   3       5.8   1.8e+02   -1.1   0.0   140   172   172   203   168   210 0.60 -
Pdum_DN66325_c0_g1_i1:831-1904   -            358 449139at33208        -            321   6.9e-06   23.3   1.5   3   3      0.81        26    1.7   0.0   191   207   324   340   236   358 0.46 -
Pdum_DN83855_c0_g1_i4:658-1428   -            257 449139at33208        -            321   8.1e-06   23.1   0.4   1   2   0.00017    0.0053   13.8   0.1   157   248     7    91     3    96 0.67 -
Pdum_DN83855_c0_g1_i4:658-1428   -            257 449139at33208        -            321   8.1e-06   23.1   0.4   2   2     0.023      0.72    6.8   0.1    91   172    95   172    86   192 0.67 -
Pdum_DN90581_c4_g2_i3:17-301     -             95 449139at33208        -            321   8.5e-06   23.0   0.0   1   1   5.3e-07   1.7e-05   22.1   0.0    88   174     9    93     4    94 0.88 -
Pdum_DN66486_c0_g1_i1:419-1648   -            410 449139at33208        -            321   1.4e-05   22.4   0.0   1   2       0.6        19    2.2   0.0    92   129    63   100    54   103 0.84 -
Pdum_DN66486_c0_g1_i1:419-1648   -            410 449139at33208        -            321   1.4e-05   22.4   0.0   2   2   1.3e-05    0.0004   17.5   0.0    66   131   163   227   154   232 0.88 -
Pdum_DN78364_c0_g1_i1:226-1314   -            363 449139at33208        -            321   1.4e-05   22.4   0.1   1   2     0.013      0.41    7.6   0.0   122   173     2    51     1    58 0.61 -
Pdum_DN78364_c0_g1_i1:226-1314   -            363 449139at33208        -            321   1.4e-05   22.4   0.1   2   2   0.00038     0.012   12.7   0.0    94   173    59   134    53   145 0.85 -
Pdum_DN84536_c0_g1_i1:2255-2878  -            208 449139at33208        -            321   2.3e-05   21.6   0.3   1   2      0.01      0.32    8.0   0.0   149   175    54    80     8   123 0.66 -
Pdum_DN84536_c0_g1_i1:2255-2878  -            208 449139at33208        -            321   2.3e-05   21.6   0.3   2   2   0.00056     0.018   12.1   0.1   137   172   166   201   136   205 0.89 -
Pdum_DN86351_c0_g1_i1:4485-5351  -            289 449139at33208        -            321   2.6e-05   21.4   0.0   1   3     0.016      0.51    7.3   0.0   219   280    97   157    88   195 0.70 -
Pdum_DN86351_c0_g1_i1:4485-5351  -            289 449139at33208        -            321   2.6e-05   21.4   0.0   2   3       1.1        35    1.3   0.1   258   292   180   215   169   243 0.78 -
Pdum_DN86351_c0_g1_i1:4485-5351  -            289 449139at33208        -            321   2.6e-05   21.4   0.0   3   3    0.0025     0.078   10.0   0.0    77   126   237   287   217   289 0.77 -
Pdum_DN80062_c1_g1_i8:396-980    -            195 449139at33208        -            321   3.5e-05   21.0   0.0   1   2     0.036       1.1    6.2   0.0   100   128     5    30     1    49 0.74 -
Pdum_DN80062_c1_g1_i8:396-980    -            195 449139at33208        -            321   3.5e-05   21.0   0.0   2   2   0.00027    0.0086   13.1   0.0   122   184    85   146    76   189 0.86 -
Pdum_DN63408_c0_g1_i3:4-960      -            319 449139at33208        -            321   3.5e-05   21.0   0.4   1   3   6.2e-05    0.0019   15.3   0.0    78   165     1    84     1   107 0.80 -
Pdum_DN63408_c0_g1_i3:4-960      -            319 449139at33208        -            321   3.5e-05   21.0   0.4   2   3      0.81        26    1.7   0.0   105   130   113   138    93   142 0.87 -
Pdum_DN63408_c0_g1_i3:4-960      -            319 449139at33208        -            321   3.5e-05   21.0   0.4   3   3       1.9        59    0.5   0.0   210   227   179   196   161   229 0.71 -
Pdum_DN83917_c0_g1_i10:2-1282    -            427 449139at33208        -            321   4.1e-05   20.8   0.0   1   2    0.0084      0.27    8.3   0.0   145   190   157   202   152   214 0.83 -
Pdum_DN83917_c0_g1_i10:2-1282    -            427 449139at33208        -            321   4.1e-05   20.8   0.0   2   2    0.0027     0.087    9.9   0.0   280   320   274   314   257   321 0.92 -
Pdum_DN82224_c0_g1_i1:2783-3526  -            248 449139at33208        -            321   4.6e-05   20.6   0.2   1   3    0.0043      0.14    9.2   0.0    93   137     3    46     1    76 0.82 -
Pdum_DN82224_c0_g1_i1:2783-3526  -            248 449139at33208        -            321   4.6e-05   20.6   0.2   2   3       3.9   1.2e+02   -0.5   0.0    95   130    47    80    41    94 0.67 -
Pdum_DN82224_c0_g1_i1:2783-3526  -            248 449139at33208        -            321   4.6e-05   20.6   0.2   3   3      0.42        13    2.7   0.0    75   127   193   248   175   248 0.65 -
Pdum_DN67795_c0_g1_i2:1517-2137  -            207 449139at33208        -            321   4.7e-05   20.6   0.1   1   2   0.00018    0.0057   13.7   0.0    73   130    21    77     8   142 0.86 -
Pdum_DN67795_c0_g1_i2:1517-2137  -            207 449139at33208        -            321   4.7e-05   20.6   0.1   2   2     0.086       2.7    4.9   0.0    79   125   156   206    80   207 0.52 -
Pdum_DN90796_c3_g1_i4:1517-2605  -            363 449139at33208        -            321     5e-05   20.5   0.3   1   3      0.38        12    2.8   0.0   139   171    87   119    74   128 0.73 -
Pdum_DN90796_c3_g1_i4:1517-2605  -            363 449139at33208        -            321     5e-05   20.5   0.3   2   3    0.0067      0.21    8.6   0.0    97   174   174   251   142   281 0.65 -
Pdum_DN90796_c3_g1_i4:1517-2605  -            363 449139at33208        -            321     5e-05   20.5   0.3   3   3     0.073       2.3    5.2   0.0    89   127   324   362   291   363 0.80 -
Pdum_DN84963_c1_g1_i6:1317-3311  -            665 449139at33208        -            321   5.2e-05   20.4   0.0   1   1   4.5e-06   0.00014   19.0   0.0    66   187    52   172    30   178 0.80 -
Pdum_DN85858_c0_g1_i11:292-1188  -            299 449139at33208        -            321   6.4e-05   20.1   0.0   1   2   0.00081     0.026   11.6   0.0    66   127    98   160    88   170 0.82 -
Pdum_DN85858_c0_g1_i11:292-1188  -            299 449139at33208        -            321   6.4e-05   20.1   0.0   2   2     0.038       1.2    6.1   0.0   261   314   191   244   185   248 0.87 -
Pdum_DN89974_c1_g1_i2:3302-3844  -            181 449139at33208        -            321   6.9e-05   20.0   0.1   1   2     3e-05   0.00094   16.3   0.0    77   129     8    58     1    68 0.79 -
Pdum_DN89974_c1_g1_i2:3302-3844  -            181 449139at33208        -            321   6.9e-05   20.0   0.1   2   2       0.7        22    1.9   0.1    32   102    87   158    73   178 0.66 -
Pdum_DN84002_c0_g1_i8:2338-3012  -            225 449139at33208        -            321   9.1e-05   19.6   0.0   1   2     0.017      0.54    7.3   0.0    93   128     8    43     2    48 0.88 -
Pdum_DN84002_c0_g1_i8:2338-3012  -            225 449139at33208        -            321   9.1e-05   19.6   0.0   2   2    0.0018     0.057   10.4   0.0    24   116    74   165    59   188 0.80 -
Pdum_DN89224_c5_g2_i10:3220-3918 -            233 449139at33208        -            321    0.0001   19.5   0.1   1   2      0.12       3.7    4.5   0.1    65   128    55   119    40   123 0.80 -
Pdum_DN89224_c5_g2_i10:3220-3918 -            233 449139at33208        -            321    0.0001   19.5   0.1   2   2   0.00034     0.011   12.8   0.0    68   128   145   205   131   211 0.80 -
Pdum_DN75651_c0_g1_i1:179-1012   -            278 449139at33208        -            321   0.00011   19.4   1.7   1   3       3.4   1.1e+02   -0.3   0.0   260   316     5    56     2    59 0.75 -
Pdum_DN75651_c0_g1_i1:179-1012   -            278 449139at33208        -            321   0.00011   19.4   1.7   2   3     0.032         1    6.3   0.1   261   320    91   151    83   153 0.81 -
Pdum_DN75651_c0_g1_i1:179-1012   -            278 449139at33208        -            321   0.00011   19.4   1.7   3   3    0.0017     0.054   10.5   0.0    60   125   211   275   162   277 0.70 -
Pdum_DN89089_c3_g1_i2:1021-1773  -            251 449139at33208        -            321   0.00013   19.2   0.0   1   2    0.0044      0.14    9.2   0.0    62   136    60   133    44   140 0.74 -
Pdum_DN89089_c3_g1_i2:1021-1773  -            251 449139at33208        -            321   0.00013   19.2   0.0   2   2     0.016      0.51    7.3   0.0   111   173   152   211   139   228 0.86 -
Pdum_DN69324_c0_g1_i2:232-1023   -            264 449139at33208        -            321   0.00013   19.1   0.0   1   2     2e-05   0.00065   16.8   0.0    79   130    44    97    17   106 0.76 -
Pdum_DN69324_c0_g1_i2:232-1023   -            264 449139at33208        -            321   0.00013   19.1   0.0   2   2       5.9   1.9e+02   -1.1   0.0    65    89   202   227   194   250 0.72 -
Pdum_DN77163_c0_g1_i7:250-627    -            126 449139at33208        -            321   0.00015   18.9   0.0   1   2    0.0014     0.043   10.9   0.0   104   136     3    36     1    42 0.84 -
Pdum_DN77163_c0_g1_i7:250-627    -            126 449139at33208        -            321   0.00015   18.9   0.0   2   2     0.027      0.87    6.6   0.0   100   128    43    71    35    81 0.84 -
Pdum_DN92312_c5_g1_i1:3890-4381  -            164 449139at33208        -            321   0.00023   18.3   0.2   1   3     0.054       1.7    5.6   0.0   155   174    27    46    11    48 0.89 -
Pdum_DN92312_c5_g1_i1:3890-4381  -            164 449139at33208        -            321   0.00023   18.3   0.2   2   3      0.01      0.33    7.9   0.0    91   135    51   100    46   104 0.76 -
Pdum_DN92312_c5_g1_i1:3890-4381  -            164 449139at33208        -            321   0.00023   18.3   0.2   3   3      0.99        31    1.5   0.0   260   275   120   135   107   158 0.57 -
Pdum_DN57990_c0_g1_i2:33-530     -            166 449139at33208        -            321   0.00031   17.9   0.0   1   2       4.7   1.5e+02   -0.8   0.0   157   169    18    30     5    43 0.83 -
Pdum_DN57990_c0_g1_i2:33-530     -            166 449139at33208        -            321   0.00031   17.9   0.0   2   2   0.00019    0.0059   13.7   0.0    66   171    61   123    37   166 0.43 -
Pdum_DN90517_c4_g2_i3:211-1731   -            507 449139at33208        -            321   0.00035   17.7   0.8   1   2     0.097       3.1    4.8   0.0    94   125    72   103    42   108 0.86 -
Pdum_DN90517_c4_g2_i3:211-1731   -            507 449139at33208        -            321   0.00035   17.7   0.8   2   2    0.0042      0.13    9.3   0.9    89   227   246   387   203   403 0.78 -
Pdum_DN76096_c0_g1_i2:374-1027   -            218 449139at33208        -            321   0.00038   17.6   2.5   1   2     0.024      0.75    6.8   0.1   122   179     4    58     1    82 0.77 -
Pdum_DN76096_c0_g1_i2:374-1027   -            218 449139at33208        -            321   0.00038   17.6   2.5   2   2    0.0079      0.25    8.3   0.1   140   173   169   202   161   208 0.88 -
Pdum_DN81583_c1_g1_i3:660-1619   -            320 449139at33208        -            321   0.00038   17.6   0.0   1   5       4.7   1.5e+02   -0.8   0.0   110   129     7    26     2    35 0.80 -
Pdum_DN81583_c1_g1_i3:660-1619   -            320 449139at33208        -            321   0.00038   17.6   0.0   2   5       1.4        44    1.0   0.0   112   175    73   137    63   147 0.74 -
Pdum_DN81583_c1_g1_i3:660-1619   -            320 449139at33208        -            321   0.00038   17.6   0.0   3   5     0.044       1.4    5.9   0.0    74   173   124   227   121   244 0.77 -
Pdum_DN81583_c1_g1_i3:660-1619   -            320 449139at33208        -            321   0.00038   17.6   0.0   4   5      0.32        10    3.0   0.0   249   276   245   272   217   283 0.71 -
Pdum_DN81583_c1_g1_i3:660-1619   -            320 449139at33208        -            321   0.00038   17.6   0.0   5   5      0.32        10    3.1   0.0    88   123   284   319   275   320 0.87 -
Pdum_DN71445_c0_g2_i2:766-1509   -            248 449139at33208        -            321    0.0007   16.7   0.1   1   3    0.0003    0.0094   13.0   0.0   113   175     1    62     1    78 0.87 -
Pdum_DN71445_c0_g2_i2:766-1509   -            248 449139at33208        -            321    0.0007   16.7   0.1   2   3       2.2        71    0.3   0.0   110   129    85   104    67   111 0.79 -
Pdum_DN71445_c0_g2_i2:766-1509   -            248 449139at33208        -            321    0.0007   16.7   0.1   3   3       5.2   1.6e+02   -0.9   0.0    94   111   213   230   136   245 0.64 -
Pdum_DN89096_c2_g3_i4:2-1384     -            461 449139at33208        -            321    0.0009   16.4   0.7   1   2    0.0022     0.068   10.2   0.0   138   179   101   142    96   153 0.86 -
Pdum_DN89096_c2_g3_i4:2-1384     -            461 449139at33208        -            321    0.0009   16.4   0.7   2   2      0.21       6.8    3.6   0.1   141   172   186   217   182   239 0.77 -
Pdum_DN90079_c2_g2_i8:1469-1858  -            130 449139at33208        -            321   0.00095   16.3   0.0   1   2    0.0092      0.29    8.1   0.0   107   138    38    69     9    74 0.78 -
Pdum_DN90079_c2_g2_i8:1469-1858  -            130 449139at33208        -            321   0.00095   16.3   0.0   2   2   0.00047     0.015   12.4   0.0    63   148    37   120    31   127 0.76 -
Pdum_DN75082_c2_g3_i2:17-943     -            309 449139at33208        -            321   0.00095   16.3   2.0   1   3    0.0013      0.04   11.0   0.1   141   174    15    48     1    90 0.87 -
Pdum_DN75082_c2_g3_i2:17-943     -            309 449139at33208        -            321   0.00095   16.3   2.0   2   3       6.6   2.1e+02   -1.3   0.0    98   126   116   145   106   156 0.75 -
Pdum_DN75082_c2_g3_i2:17-943     -            309 449139at33208        -            321   0.00095   16.3   2.0   3   3       0.2       6.4    3.7   0.1   137   171   275   309   267   309 0.89 -
Pdum_DN87402_c0_g1_i1:93-1976    -            628 449139at33208        -            321    0.0012   16.0   0.0   1   3    0.0066      0.21    8.6   0.0    92   136   288   331   278   358 0.83 -
Pdum_DN87402_c0_g1_i1:93-1976    -            628 449139at33208        -            321    0.0012   16.0   0.0   2   3      0.43        14    2.6   0.0    66   115   472   520   457   532 0.85 -
Pdum_DN87402_c0_g1_i1:93-1976    -            628 449139at33208        -            321    0.0012   16.0   0.0   3   3       1.3        40    1.1   0.0   260   316   517   569   514   572 0.74 -
Pdum_DN82465_c0_g2_i1:488-1204   -            239 449139at33208        -            321    0.0018   15.4   0.3   1   2      0.59        19    2.2   0.0   112   141     1    30     1    57 0.89 -
Pdum_DN82465_c0_g2_i1:488-1204   -            239 449139at33208        -            321    0.0018   15.4   0.3   2   2    0.0047      0.15    9.1   0.1   197   319   117   237   113   239 0.71 -
Pdum_DN69316_c0_g1_i1:312-956    -            215 449139at33208        -            321    0.0019   15.3   1.5   1   2   0.00054     0.017   12.2   0.1   139   208    47   116    44   122 0.78 -
Pdum_DN69316_c0_g1_i1:312-956    -            215 449139at33208        -            321    0.0019   15.3   1.5   2   2      0.61        19    2.2   0.1   196   222   139   166   124   184 0.81 -
Pdum_DN78364_c0_g2_i1:5-400      -            132 449139at33208        -            321    0.0019   15.3   0.0   1   1   6.9e-05    0.0022   15.1   0.0    18   105    44   129    33   132 0.81 -
Pdum_DN87538_c0_g1_i11:59-631    -            191 449139at33208        -            321    0.0027   14.8   0.1   1   1   0.00013    0.0042   14.2   0.1    94   183     3    91     1   117 0.84 -
Pdum_DN88739_c2_g1_i2:407-1549   -            381 449139at33208        -            321    0.0037   14.3   0.0   1   2    0.0024     0.075   10.1   0.0    70   128   197   255   143   261 0.77 -
Pdum_DN88739_c2_g1_i2:407-1549   -            381 449139at33208        -            321    0.0037   14.3   0.0   2   2       1.3        42    1.0   0.0     8    43   265   300   257   304 0.75 -
Pdum_DN90616_c3_g1_i1:602-1432   -            277 449139at33208        -            321     0.006   13.7   0.1   1   2    0.0019      0.06   10.4   0.1   111   174     4    79     1    92 0.68 -
Pdum_DN90616_c3_g1_i1:602-1432   -            277 449139at33208        -            321     0.006   13.7   0.1   2   2       3.6   1.1e+02   -0.4   0.0   204   296   137   232   132   235 0.60 -
Pdum_DN77384_c0_g1_i7:393-935    -            181 449139at33208        -            321    0.0097   13.0   0.0   1   2       0.2       6.3    3.7   0.0    55   123    28    90    17   104 0.72 -
Pdum_DN77384_c0_g1_i7:393-935    -            181 449139at33208        -            321    0.0097   13.0   0.0   2   2     0.014      0.44    7.5   0.0   107   172   117   180    94   181 0.82 -
Pdum_DN85938_c0_g1_i1:258-608    -            117 449139at33208        -            321     0.013   12.5   0.1   1   2    0.0017     0.055   10.5   0.1   109   135    13    39     1    64 0.81 -
Pdum_DN85938_c0_g1_i1:258-608    -            117 449139at33208        -            321     0.013   12.5   0.1   2   2       1.4        45    0.9   0.0   103   154    51   100    43   112 0.68 -
#
# Program:         hmmsearch
# Version:         3.1b2 (February 2015)
# Pipeline mode:   SEARCH
# Query file:      /mnt/f/phylo/WORMS/busco_analysis/busco_downloads/lineages/metazoa_odb10/hmms/449139at33208.hmm
# Target file:     /mnt/f/phylo/WORMS/busco_analysis/metazoa_lineage_result/run_metazoa_odb10/metaeuk_output/initial_results/Platynereis_ref.eggnog_filter.nucl.fasta.modified.fas
# Option settings: hmmsearch --domtblout /mnt/f/phylo/WORMS/busco_analysis/metazoa_lineage_result/run_metazoa_odb10/hmmer_output/initial_run_results/449139at33208.out --cpu 1 /mnt/f/phylo/WORMS/busco_analysis/busco_downloads/lineages/metazoa_odb10/hmms/449139at33208.hmm /mnt/f/phylo/WORMS/busco_analysis/metazoa_lineage_result/run_metazoa_odb10/metaeuk_output/initial_results/Platynereis_ref.eggnog_filter.nucl.fasta.modified.fas 
# Current dir:     /mnt/f/phylo/WORMS/busco_analysis
# Date:            Sun Mar 12 20:42:27 2023
# [ok]
