#                                                                                        --- full sequence --- -------------- this domain -------------   hmm coord   ali coord   env coord
# target name                    accession   tlen query name           accession   qlen   E-value  score  bias   #  of  c-Evalue  i-Evalue  score  bias  from    to  from    to  from    to  acc description of target
#            ------------------- ---------- ----- -------------------- ---------- ----- --------- ------ ----- --- --- --------- --------- ------ ----- ----- ----- ----- ----- ----- ----- ---- ---------------------
Pdum_DN73504_c1_g7_i2:375-1772   -            466 453052at33208        -            334  3.8e-128  425.1  22.9   1   2   2.7e-25   7.4e-24   82.2  12.7     9   102    51   171    42   173 0.79 -
Pdum_DN73504_c1_g7_i2:375-1772   -            466 453052at33208        -            334  3.8e-128  425.1  22.9   2   2    6e-106  1.7e-104  347.3   2.5    94   334   189   460   184   460 0.91 -
Pdum_DN78086_c1_g1_i5:2830-3705  -            292 453052at33208        -            334   1.2e-39  134.1   8.4   1   6   2.2e-07   6.2e-06   23.3   0.0   129   201     3    77     1    82 0.86 -
Pdum_DN78086_c1_g1_i5:2830-3705  -            292 453052at33208        -            334   1.2e-39  134.1   8.4   2   6   3.8e-10   1.1e-08   32.4   0.0   124   206    40   124    36   126 0.87 -
Pdum_DN78086_c1_g1_i5:2830-3705  -            292 453052at33208        -            334   1.2e-39  134.1   8.4   3   6   3.8e-11     1e-09   35.7   0.1   125   204    84   164    79   168 0.94 -
Pdum_DN78086_c1_g1_i5:2830-3705  -            292 453052at33208        -            334   1.2e-39  134.1   8.4   4   6   5.4e-11   1.5e-09   35.2   0.1   125   202   126   204   123   210 0.90 -
Pdum_DN78086_c1_g1_i5:2830-3705  -            292 453052at33208        -            334   1.2e-39  134.1   8.4   5   6   9.3e-09   2.6e-07   27.9   0.1   124   204   167   248   163   253 0.91 -
Pdum_DN78086_c1_g1_i5:2830-3705  -            292 453052at33208        -            334   1.2e-39  134.1   8.4   6   6   0.00013    0.0035   14.3   0.0   109   160   236   287   233   291 0.89 -
Pdum_DN88256_c0_g1_i4:512-2926   -            805 453052at33208        -            334   3.1e-37  126.2  26.9   1   7    0.0046      0.13    9.1   0.2   124   161    96   128    35   133 0.57 -
Pdum_DN88256_c0_g1_i4:512-2926   -            805 453052at33208        -            334   3.1e-37  126.2  26.9   2   7   1.3e-07   3.6e-06   24.1   0.1   125   177   134   188   128   191 0.89 -
Pdum_DN88256_c0_g1_i4:512-2926   -            805 453052at33208        -            334   3.1e-37  126.2  26.9   3   7   4.6e-07   1.3e-05   22.3   1.3   125   185   178   238   175   297 0.72 -
Pdum_DN88256_c0_g1_i4:512-2926   -            805 453052at33208        -            334   3.1e-37  126.2  26.9   4   7       6.2   1.7e+02   -1.2   0.0   106   162   314   371   300   375 0.80 -
Pdum_DN88256_c0_g1_i4:512-2926   -            805 453052at33208        -            334   3.1e-37  126.2  26.9   5   7   1.7e-09   4.6e-08   30.3   1.0   117   202   368   458   353   462 0.75 -
Pdum_DN88256_c0_g1_i4:512-2926   -            805 453052at33208        -            334   3.1e-37  126.2  26.9   6   7   3.2e-05   0.00088   16.2   0.0   129   204   478   554   471   559 0.88 -
Pdum_DN88256_c0_g1_i4:512-2926   -            805 453052at33208        -            334   3.1e-37  126.2  26.9   7   7   1.6e-12   4.5e-11   40.2   0.3   122   208   555   643   552   660 0.88 -
Pdum_DN74150_c0_g1_i3:157-2955   -            933 453052at33208        -            334   8.7e-35  118.2  17.5   1   6      0.58        16    2.2   0.0   146   203    37    95    20   102 0.79 -
Pdum_DN74150_c0_g1_i3:157-2955   -            933 453052at33208        -            334   8.7e-35  118.2  17.5   2   6   1.1e-05   0.00032   17.7   0.1   127   162   102   137    97   142 0.91 -
Pdum_DN74150_c0_g1_i3:157-2955   -            933 453052at33208        -            334   8.7e-35  118.2  17.5   3   6   1.2e-10   3.3e-09   34.1   0.2   125   203   142   221   139   238 0.91 -
Pdum_DN74150_c0_g1_i3:157-2955   -            933 453052at33208        -            334   8.7e-35  118.2  17.5   4   6   9.7e-06   0.00027   17.9   0.9   127   239   401   515   308   517 0.85 -
Pdum_DN74150_c0_g1_i3:157-2955   -            933 453052at33208        -            334   8.7e-35  118.2  17.5   5   6   7.1e-05     0.002   15.1   0.0   104   173   546   625   537   626 0.69 -
Pdum_DN74150_c0_g1_i3:157-2955   -            933 453052at33208        -            334   8.7e-35  118.2  17.5   6   6   6.9e-11   1.9e-09   34.8   0.0   128   208   622   703   615   734 0.85 -
Pdum_DN87680_c1_g3_i1:3327-4124  -            266 453052at33208        -            334   5.8e-33  112.2   8.8   1   5   1.1e-05   0.00032   17.7   0.0   128   167     2    41     1    44 0.90 -
Pdum_DN87680_c1_g3_i1:3327-4124  -            266 453052at33208        -            334   5.8e-33  112.2   8.8   2   5   7.9e-14   2.2e-12   44.5   0.7   126   203    42   120    39   123 0.94 -
Pdum_DN87680_c1_g3_i1:3327-4124  -            266 453052at33208        -            334   5.8e-33  112.2   8.8   3   5   5.6e-08   1.5e-06   25.3   0.1   125   190   125   190   122   201 0.89 -
Pdum_DN87680_c1_g3_i1:3327-4124  -            266 453052at33208        -            334   5.8e-33  112.2   8.8   4   5   0.00017    0.0048   13.8   0.0   146   175   208   237   195   238 0.89 -
Pdum_DN87680_c1_g3_i1:3327-4124  -            266 453052at33208        -            334   5.8e-33  112.2   8.8   5   5   2.4e-06   6.7e-05   19.9   0.0   126   161   230   265   225   266 0.93 -
Pdum_DN82012_c2_g2_i1:484-1302   -            273 453052at33208        -            334   1.7e-31  107.3   6.3   1   3   1.8e-15     5e-14   49.9   0.4   146   239    16   110     3   115 0.88 -
Pdum_DN82012_c2_g2_i1:484-1302   -            273 453052at33208        -            334   1.7e-31  107.3   6.3   2   3   4.4e-17   1.2e-15   55.2   1.3   124   239   116   233   112   234 0.82 -
Pdum_DN82012_c2_g2_i1:484-1302   -            273 453052at33208        -            334   1.7e-31  107.3   6.3   3   3   0.00031    0.0087   13.0   0.0   127   170   202   243   194   251 0.76 -
Pdum_DN77740_c0_g3_i3:100-1476   -            459 453052at33208        -            334   5.8e-30  102.3   0.4   1   3    0.0021     0.059   10.2   0.0   122   162   139   179   137   183 0.93 -
Pdum_DN77740_c0_g3_i3:100-1476   -            459 453052at33208        -            334   5.8e-30  102.3   0.4   2   3   3.9e-16   1.1e-14   52.1   0.1   127   240   186   304   181   305 0.87 -
Pdum_DN77740_c0_g3_i3:100-1476   -            459 453052at33208        -            334   5.8e-30  102.3   0.4   3   3     9e-10   2.5e-08   31.2   0.0   126   217   311   406   308   437 0.80 -
Pdum_DN78854_c0_g1_i1:1579-2349  -            257 453052at33208        -            334   3.2e-29   99.9   8.9   1   4   4.1e-05    0.0011   15.9   0.1   130   159     1    30     1    38 0.96 -
Pdum_DN78854_c0_g1_i1:1579-2349  -            257 453052at33208        -            334   3.2e-29   99.9   8.9   2   4   5.3e-11   1.5e-09   35.2   1.0   127   200    40   114    32   114 0.93 -
Pdum_DN78854_c0_g1_i1:1579-2349  -            257 453052at33208        -            334   3.2e-29   99.9   8.9   3   4     2e-11   5.6e-10   36.6   0.2   126   204    81   160    78   165 0.92 -
Pdum_DN78854_c0_g1_i1:1579-2349  -            257 453052at33208        -            334   3.2e-29   99.9   8.9   4   4   5.6e-10   1.5e-08   31.9   0.0   121   202   160   242   158   250 0.89 -
Pdum_DN75190_c1_g2_i8:1873-2820  -            316 453052at33208        -            334   2.2e-28   97.1   7.3   1   2   2.7e-11   7.5e-10   36.2   1.6   141   241    56   157    37   166 0.82 -
Pdum_DN75190_c1_g2_i8:1873-2820  -            316 453052at33208        -            334   2.2e-28   97.1   7.3   2   2   8.9e-20   2.5e-18   64.1   0.4   127   240   167   279   156   283 0.85 -
Pdum_DN87134_c2_g1_i3:1621-2460  -            280 453052at33208        -            334   3.3e-28   96.5  13.7   1   3   1.1e-13     3e-12   44.1   2.2   133   241     3   118     1   122 0.80 -
Pdum_DN87134_c2_g1_i3:1621-2460  -            280 453052at33208        -            334   3.3e-28   96.5  13.7   2   3   1.3e-12   3.6e-11   40.5   1.3   126   245    84   201    77   206 0.81 -
Pdum_DN87134_c2_g1_i3:1621-2460  -            280 453052at33208        -            334   3.3e-28   96.5  13.7   3   3   3.3e-09   9.2e-08   29.3   0.7   129   200   211   279   201   280 0.87 -
Pdum_DN79110_c0_g1_i7:340-1365   -            342 453052at33208        -            334   5.5e-27   92.5   0.1   1   4      0.05       1.4    5.7   0.0   120   161    39    80    29    85 0.88 -
Pdum_DN79110_c0_g1_i7:340-1365   -            342 453052at33208        -            334   5.5e-27   92.5   0.1   2   4   6.9e-14   1.9e-12   44.7   0.0   124   201    86   165    83   174 0.91 -
Pdum_DN79110_c0_g1_i7:340-1365   -            342 453052at33208        -            334   5.5e-27   92.5   0.1   3   4   1.3e-09   3.5e-08   30.7   0.0   132   203   178   250   170   267 0.90 -
Pdum_DN79110_c0_g1_i7:340-1365   -            342 453052at33208        -            334   5.5e-27   92.5   0.1   4   4     0.029      0.81    6.5   0.0   143   198   281   337   257   342 0.70 -
Pdum_DN80129_c0_g2_i7:710-1570   -            287 453052at33208        -            334   6.2e-27   92.4   1.7   1   3   0.00011    0.0029   14.5   0.0   129   160     2    33     1    39 0.93 -
Pdum_DN80129_c0_g2_i7:710-1570   -            287 453052at33208        -            334   6.2e-27   92.4   1.7   2   3   1.3e-12   3.5e-11   40.6   0.1   126   204    41   120    37   124 0.93 -
Pdum_DN80129_c0_g2_i7:710-1570   -            287 453052at33208        -            334   6.2e-27   92.4   1.7   3   3   5.8e-10   1.6e-08   31.8   0.0   125   274   124   279   120   280 0.82 -
Pdum_DN91072_c6_g2_i4:11-988     -            326 453052at33208        -            334   6.6e-27   92.3   6.7   1   4   6.3e-05    0.0017   15.3   0.0   130   163    29    62    24    65 0.93 -
Pdum_DN91072_c6_g2_i4:11-988     -            326 453052at33208        -            334   6.6e-27   92.3   6.7   2   4     8e-11   2.2e-09   34.6   0.4   125   204    68   148    65   161 0.87 -
Pdum_DN91072_c6_g2_i4:11-988     -            326 453052at33208        -            334   6.6e-27   92.3   6.7   3   4     0.052       1.4    5.7   0.0   126   160   162   196   156   198 0.92 -
Pdum_DN91072_c6_g2_i4:11-988     -            326 453052at33208        -            334   6.6e-27   92.3   6.7   4   4   4.1e-11   1.1e-09   35.6   0.4   124   201   202   280   198   326 0.79 -
Pdum_DN90586_c2_g3_i4:2166-2804  -            213 453052at33208        -            334   1.5e-23   81.2   0.3   1   3   2.5e-06   6.8e-05   19.9   0.0   125   201     2    80     1    82 0.89 -
Pdum_DN90586_c2_g3_i4:2166-2804  -            213 453052at33208        -            334   1.5e-23   81.2   0.3   2   3   5.1e-15   1.4e-13   48.4   0.0   124   242    44   167    42   172 0.85 -
Pdum_DN90586_c2_g3_i4:2166-2804  -            213 453052at33208        -            334   1.5e-23   81.2   0.3   3   3   3.2e-07   8.7e-06   22.8   0.0   125   164   171   210   168   213 0.92 -
Pdum_DN80927_c0_g1_i1:489-1964   -            492 453052at33208        -            334   1.6e-23   81.1   6.3   1   4    0.0076      0.21    8.4   0.0   126   165   142   181   136   233 0.79 -
Pdum_DN80927_c0_g1_i1:489-1964   -            492 453052at33208        -            334   1.6e-23   81.1   6.3   2   4   0.00059     0.016   12.1   0.2   120   237   228   311   202   317 0.44 -
Pdum_DN80927_c0_g1_i1:489-1964   -            492 453052at33208        -            334   1.6e-23   81.1   6.3   3   4   1.1e-10   3.1e-09   34.2   0.1    98   175   292   370   277   378 0.83 -
Pdum_DN80927_c0_g1_i1:489-1964   -            492 453052at33208        -            334   1.6e-23   81.1   6.3   4   4   6.2e-09   1.7e-07   28.4   0.4   149   208   395   455   388   492 0.46 -
Pdum_DN72920_c0_g1_i5:770-1675   -            302 453052at33208        -            334   2.5e-23   80.5   6.3   1   3   1.5e-08   4.1e-07   27.2   0.4   130   244    11   136     5   144 0.78 -
Pdum_DN72920_c0_g1_i5:770-1675   -            302 453052at33208        -            334   2.5e-23   80.5   6.3   2   3   8.3e-09   2.3e-07   28.0   0.0   100   174   145   229   134   232 0.86 -
Pdum_DN72920_c0_g1_i5:770-1675   -            302 453052at33208        -            334   2.5e-23   80.5   6.3   3   3   7.7e-10   2.1e-08   31.4   1.0   127   200   224   298   220   301 0.89 -
Pdum_DN89838_c3_g2_i15:954-1709  -            252 453052at33208        -            334   3.1e-23   80.2   5.0   1   3   6.2e-12   1.7e-10   38.3   1.2   147   267     1   118     1   119 0.84 -
Pdum_DN89838_c3_g2_i15:954-1709  -            252 453052at33208        -            334   3.1e-23   80.2   5.0   2   3    0.0004     0.011   12.6   0.1   144   205   117   176    98   179 0.76 -
Pdum_DN89838_c3_g2_i15:954-1709  -            252 453052at33208        -            334   3.1e-23   80.2   5.0   3   3   4.1e-09   1.1e-07   29.0   0.0   123   195   177   250   173   252 0.86 -
Pdum_DN66431_c0_g1_i1:1561-2364  -            268 453052at33208        -            334   4.3e-23   79.7   0.4   1   2   1.1e-08     3e-07   27.7   0.1   109   202    31   122    24   130 0.80 -
Pdum_DN66431_c0_g1_i1:1561-2364  -            268 453052at33208        -            334   4.3e-23   79.7   0.4   2   2   9.7e-16   2.7e-14   50.8   0.0   126   240   127   242   124   264 0.90 -
Pdum_DN85045_c0_g1_i5:248-835    -            196 453052at33208        -            334   3.6e-22   76.7   0.1   1   3   9.8e-06   0.00027   17.9   0.0   135   202     3    71     1    74 0.86 -
Pdum_DN85045_c0_g1_i5:248-835    -            196 453052at33208        -            334   3.6e-22   76.7   0.1   2   3   2.1e-11   5.9e-10   36.5   0.0   123   203    75   156    72   158 0.92 -
Pdum_DN85045_c0_g1_i5:248-835    -            196 453052at33208        -            334   3.6e-22   76.7   0.1   3   3   5.8e-10   1.6e-08   31.8   0.0   124   200   118   195   113   196 0.91 -
Pdum_DN92078_c7_g2_i1:2888-3787  -            300 453052at33208        -            334   8.4e-21   72.2   4.9   1   2   3.1e-10   8.6e-09   32.7   0.3   125   242    71   196    68   201 0.74 -
Pdum_DN92078_c7_g2_i1:2888-3787  -            300 453052at33208        -            334   8.4e-21   72.2   4.9   2   2   5.9e-07   1.6e-05   21.9   0.0   125   160   200   235   197   241 0.93 -
Pdum_DN77965_c1_g1_i1:1646-2635  -            330 453052at33208        -            334   1.2e-19   68.3   7.2   1   4    0.0037       0.1    9.4   0.1   125   164     4    43     1    87 0.83 -
Pdum_DN77965_c1_g1_i1:1646-2635  -            330 453052at33208        -            334   1.2e-19   68.3   7.2   2   4   5.3e-09   1.5e-07   28.6   0.4   122   201    90   173    86   178 0.89 -
Pdum_DN77965_c1_g1_i1:1646-2635  -            330 453052at33208        -            334   1.2e-19   68.3   7.2   3   4   2.6e-08   7.2e-07   26.4   0.1   122   160   179   217   177   280 0.80 -
Pdum_DN77965_c1_g1_i1:1646-2635  -            330 453052at33208        -            334   1.2e-19   68.3   7.2   4   4      0.11         3    4.6   0.0   130   161   296   328   287   330 0.74 -
Pdum_DN83588_c0_g2_i13:1452-2396 -            315 453052at33208        -            334   1.6e-19   68.0   0.2   1   3     0.074         2    5.2   0.0   146   163    12    29     6    35 0.83 -
Pdum_DN83588_c0_g2_i13:1452-2396 -            315 453052at33208        -            334   1.6e-19   68.0   0.2   2   3   3.5e-05   0.00098   16.1   0.0   109   160   104   155   104   157 0.94 -
Pdum_DN83588_c0_g2_i13:1452-2396 -            315 453052at33208        -            334   1.6e-19   68.0   0.2   3   3     3e-09   8.3e-08   29.5   0.0   127   202   239   315   231   315 0.88 -
Pdum_DN73138_c0_g1_i1:392-1264   -            291 453052at33208        -            334   2.6e-19   67.3   1.4   1   2   7.1e-15     2e-13   48.0   0.3   127   308     5   193     1   195 0.81 -
Pdum_DN73138_c0_g1_i1:392-1264   -            291 453052at33208        -            334   2.6e-19   67.3   1.4   2   2     4e-08   1.1e-06   25.8   0.0   124   276   130   283   128   291 0.77 -
Pdum_DN84798_c1_g2_i5:993-2768   -            592 453052at33208        -            334     3e-19   67.1   3.2   1   5       1.2        33    1.2   0.0   272   314   155   202    62   206 0.71 -
Pdum_DN84798_c1_g2_i5:993-2768   -            592 453052at33208        -            334     3e-19   67.1   3.2   2   5   0.00077     0.021   11.7   0.0   130   173   221   264   219   283 0.86 -
Pdum_DN84798_c1_g2_i5:993-2768   -            592 453052at33208        -            334     3e-19   67.1   3.2   3   5   3.2e-05   0.00088   16.2   0.0    68   103   302   339   289   343 0.85 -
Pdum_DN84798_c1_g2_i5:993-2768   -            592 453052at33208        -            334     3e-19   67.1   3.2   4   5      0.83        23    1.7   0.0    64    98   341   375   339   382 0.82 -
Pdum_DN84798_c1_g2_i5:993-2768   -            592 453052at33208        -            334     3e-19   67.1   3.2   5   5   7.5e-10   2.1e-08   31.4   0.1   123   240   466   591   456   592 0.81 -
Pdum_DN84894_c0_g1_i9:97-867     -            257 453052at33208        -            334   4.1e-19   66.6   0.0   1   4   0.00025     0.007   13.3   0.0   126   173     2    57     1    60 0.72 -
Pdum_DN84894_c0_g1_i9:97-867     -            257 453052at33208        -            334   4.1e-19   66.6   0.0   2   4    0.0034     0.094    9.6   0.0   124   203    50   131    48   138 0.88 -
Pdum_DN84894_c0_g1_i9:97-867     -            257 453052at33208        -            334   4.1e-19   66.6   0.0   3   4   5.2e-09   1.4e-07   28.7   0.0   126   200   137   213   133   217 0.86 -
Pdum_DN84894_c0_g1_i9:97-867     -            257 453052at33208        -            334   4.1e-19   66.6   0.0   4   4   0.00061     0.017   12.0   0.0   122   160   218   256   214   257 0.96 -
Pdum_DN87342_c0_g1_i8:5-2425     -            807 453052at33208        -            334   2.4e-18   64.1   5.2   1   5   5.4e-05    0.0015   15.5   0.2   169   241   139   218    71   237 0.83 -
Pdum_DN87342_c0_g1_i8:5-2425     -            807 453052at33208        -            334   2.4e-18   64.1   5.2   2   5   0.00074     0.021   11.7   0.2    27   201   232   406   219   410 0.75 -
Pdum_DN87342_c0_g1_i8:5-2425     -            807 453052at33208        -            334   2.4e-18   64.1   5.2   3   5   5.2e-06   0.00014   18.8   0.0   103   169   381   457   377   500 0.79 -
Pdum_DN87342_c0_g1_i8:5-2425     -            807 453052at33208        -            334   2.4e-18   64.1   5.2   4   5   3.2e-08   8.8e-07   26.1   0.0   123   205   497   580   480   588 0.84 -
Pdum_DN87342_c0_g1_i8:5-2425     -            807 453052at33208        -            334   2.4e-18   64.1   5.2   5   5       7.1     2e+02   -1.3   0.0   184   208   621   643   611   662 0.73 -
Pdum_DN92345_c8_g1_i1:3879-4793  -            305 453052at33208        -            334   4.9e-18   63.1   2.2   1   4     0.015      0.41    7.5   0.0   145   162     8    25     1    29 0.85 -
Pdum_DN92345_c8_g1_i1:3879-4793  -            305 453052at33208        -            334   4.9e-18   63.1   2.2   2   4    0.0032     0.089    9.6   0.0   125   172    30    77    26   100 0.78 -
Pdum_DN92345_c8_g1_i1:3879-4793  -            305 453052at33208        -            334   4.9e-18   63.1   2.2   3   4   0.00015    0.0041   14.0   0.0   135   210   104   185   100   193 0.77 -
Pdum_DN92345_c8_g1_i1:3879-4793  -            305 453052at33208        -            334   4.9e-18   63.1   2.2   4   4   2.3e-07   6.3e-06   23.3   0.0    75   200   196   304   189   305 0.76 -
Pdum_DN87178_c0_g1_i10:2619-3539 -            307 453052at33208        -            334   6.4e-18   62.7   0.0   1   4      0.55        15    2.3   0.0   147   163     6    22     3    26 0.64 -
Pdum_DN87178_c0_g1_i10:2619-3539 -            307 453052at33208        -            334   6.4e-18   62.7   0.0   2   4   0.00013    0.0035   14.3   0.0   123   163    35    75    29    79 0.93 -
Pdum_DN87178_c0_g1_i10:2619-3539 -            307 453052at33208        -            334   6.4e-18   62.7   0.0   3   4   6.8e-06   0.00019   18.4   0.0   126   163    91   128    82   181 0.87 -
Pdum_DN87178_c0_g1_i10:2619-3539 -            307 453052at33208        -            334   6.4e-18   62.7   0.0   4   4     5e-07   1.4e-05   22.1   0.0   124   175   226   277   222   302 0.92 -
Pdum_DN88766_c3_g2_i10:292-717   -            142 453052at33208        -            334   9.6e-18   62.1   1.1   1   3   1.8e-05   0.00049   17.1   0.1   124   160    26    62     2    62 0.92 -
Pdum_DN88766_c3_g2_i10:292-717   -            142 453052at33208        -            334   9.6e-18   62.1   1.1   2   3   2.2e-07   6.1e-06   23.3   0.1   124   174    26    76    24    77 0.95 -
Pdum_DN88766_c3_g2_i10:292-717   -            142 453052at33208        -            334   9.6e-18   62.1   1.1   3   3   8.2e-10   2.3e-08   31.3   0.0   125   195    69   140    67   142 0.94 -
Pdum_DN84241_c0_g1_i1:2776-3423  -            216 453052at33208        -            334   9.7e-18   62.1   4.1   1   2   1.7e-09   4.6e-08   30.3   0.0   123   201     2    83     1    90 0.88 -
Pdum_DN84241_c0_g1_i1:2776-3423  -            216 453052at33208        -            334   9.7e-18   62.1   4.1   2   2     2e-10   5.6e-09   33.3   3.9   128   281    49   211    49   215 0.83 -
Pdum_DN71389_c1_g2_i1:359-1099   -            247 453052at33208        -            334   1.1e-17   62.0   3.6   1   3   3.1e-05   0.00085   16.3   0.0   127   204     3    87     1    91 0.80 -
Pdum_DN71389_c1_g2_i1:359-1099   -            247 453052at33208        -            334   1.1e-17   62.0   3.6   2   3   1.5e-07     4e-06   23.9   0.1   124   162    90   128    86   136 0.92 -
Pdum_DN71389_c1_g2_i1:359-1099   -            247 453052at33208        -            334   1.1e-17   62.0   3.6   3   3     1e-06   2.8e-05   21.2   0.2   129   210   140   223   133   235 0.82 -
Pdum_DN83588_c0_g2_i13:1293-2279 -            329 453052at33208        -            334   1.7e-17   61.4   0.1   1   2   2.3e-05   0.00065   16.7   0.0   109   160    65   116    61   120 0.94 -
Pdum_DN83588_c0_g2_i13:1293-2279 -            329 453052at33208        -            334   1.7e-17   61.4   0.1   2   2   1.3e-10   3.5e-09   34.0   0.0   127   209   200   283   192   293 0.87 -
Pdum_DN66770_c0_g1_i1:157-1065   -            303 453052at33208        -            334   4.4e-17   60.0   5.3   1   3   3.3e-06   9.3e-05   19.4   0.2   125   163     6    45     3    53 0.88 -
Pdum_DN66770_c0_g1_i1:157-1065   -            303 453052at33208        -            334   4.4e-17   60.0   5.3   2   3   1.4e-05    0.0004   17.4   0.0   125   167    50    92    47   132 0.75 -
Pdum_DN66770_c0_g1_i1:157-1065   -            303 453052at33208        -            334   4.4e-17   60.0   5.3   3   3   8.3e-08   2.3e-06   24.7   1.0   109   268   120   288   114   303 0.73 -
Pdum_DN84903_c4_g3_i8:753-1754   -            334 453052at33208        -            334     1e-16   58.8   0.7   1   2   1.1e-11   3.1e-10   37.5   0.5   124   246    48   175    36   183 0.82 -
Pdum_DN84903_c4_g3_i8:753-1754   -            334 453052at33208        -            334     1e-16   58.8   0.7   2   2   5.1e-06   0.00014   18.9   0.0   186   283   195   298   182   302 0.82 -
Pdum_DN83656_c0_g1_i2:2236-2991  -            252 453052at33208        -            334   1.3e-16   58.5   1.8   1   4   0.00054     0.015   12.2   0.0   125   174     1    48     1    53 0.87 -
Pdum_DN83656_c0_g1_i2:2236-2991  -            252 453052at33208        -            334   1.3e-16   58.5   1.8   2   4   1.2e-07   3.3e-06   24.2   0.1   123   200    96   172    71   172 0.83 -
Pdum_DN83656_c0_g1_i2:2236-2991  -            252 453052at33208        -            334   1.3e-16   58.5   1.8   3   4     0.038       1.1    6.1   0.0    70    97   182   209   174   217 0.81 -
Pdum_DN83656_c0_g1_i2:2236-2991  -            252 453052at33208        -            334   1.3e-16   58.5   1.8   4   4     0.019      0.52    7.1   0.0   126   159   221   252   212   252 0.89 -
Pdum_DN90064_c4_g2_i4:2740-4161  -            474 453052at33208        -            334   1.3e-16   58.4   6.0   1   4   0.00042     0.012   12.6   0.1   125   201   134   212   131   224 0.83 -
Pdum_DN90064_c4_g2_i4:2740-4161  -            474 453052at33208        -            334   1.3e-16   58.4   6.0   2   4   3.9e-07   1.1e-05   22.5   0.1   119   208   254   344   246   347 0.93 -
Pdum_DN90064_c4_g2_i4:2740-4161  -            474 453052at33208        -            334   1.3e-16   58.4   6.0   3   4   2.8e-07   7.7e-06   23.0   0.1   125   165   345   384   343   398 0.89 -
Pdum_DN90064_c4_g2_i4:2740-4161  -            474 453052at33208        -            334   1.3e-16   58.4   6.0   4   4      0.95        26    1.5   0.1   129   162   435   471   394   474 0.79 -
Pdum_DN74384_c0_g2_i2:99-1367    -            423 453052at33208        -            334   2.1e-16   57.7   7.3   1   3   2.2e-06   6.1e-05   20.0   1.6   187   282   116   222   100   227 0.76 -
Pdum_DN74384_c0_g2_i2:99-1367    -            423 453052at33208        -            334   2.1e-16   57.7   7.3   2   3   5.4e-07   1.5e-05   22.1   0.3   124   200   254   329   252   339 0.93 -
Pdum_DN74384_c0_g2_i2:99-1367    -            423 453052at33208        -            334   2.1e-16   57.7   7.3   3   3   6.7e-05    0.0019   15.2   0.0   126   204   341   421   337   423 0.89 -
Pdum_DN76096_c0_g1_i2:374-1027   -            218 453052at33208        -            334   2.7e-16   57.4   2.5   1   3    0.0011     0.031   11.1   0.0   119   161     4    51     2    59 0.82 -
Pdum_DN76096_c0_g1_i2:374-1027   -            218 453052at33208        -            334   2.7e-16   57.4   2.5   2   3   4.1e-06   0.00011   19.1   0.1   117   203    60   148    53   156 0.87 -
Pdum_DN76096_c0_g1_i2:374-1027   -            218 453052at33208        -            334   2.7e-16   57.4   2.5   3   3   3.2e-08   8.8e-07   26.1   0.1   126   177   166   217   162   218 0.93 -
Pdum_DN74356_c1_g1_i1:377-1456   -            360 453052at33208        -            334   4.4e-16   56.7   3.0   1   3     2e-09   5.5e-08   30.1   0.0   130   241     1   121     1   150 0.80 -
Pdum_DN74356_c1_g1_i1:377-1456   -            360 453052at33208        -            334   4.4e-16   56.7   3.0   2   3    0.0021     0.057   10.3   0.0   125   162   178   215   175   224 0.89 -
Pdum_DN74356_c1_g1_i1:377-1456   -            360 453052at33208        -            334   4.4e-16   56.7   3.0   3   3   8.9e-05    0.0025   14.8   0.2   131   205   243   319   233   332 0.65 -
Pdum_DN92785_c3_g1_i2:3114-4076  -            321 453052at33208        -            334   6.4e-16   56.1   0.6   1   2    0.0042      0.12    9.3   0.0   210   250   185   225   170   236 0.83 -
Pdum_DN92785_c3_g1_i2:3114-4076  -            321 453052at33208        -            334   6.4e-16   56.1   0.6   2   2   9.6e-14   2.6e-12   44.2   0.2   130   201   245   317   237   320 0.88 -
Pdum_DN67795_c0_g1_i2:1517-2137  -            207 453052at33208        -            334     1e-15   55.5   0.1   1   2   2.7e-15   7.4e-14   49.4   0.1   130   240     1   116     1   149 0.81 -
Pdum_DN67795_c0_g1_i2:1517-2137  -            207 453052at33208        -            334     1e-15   55.5   0.1   2   2      0.21       5.8    3.7   0.0   125   160   167   207   158   207 0.71 -
Pdum_DN80498_c1_g1_i1:1987-2589  -            201 453052at33208        -            334   2.2e-15   54.4   0.5   1   2   2.4e-10   6.7e-09   33.1   0.1   131   248     1   125     1   130 0.81 -
Pdum_DN80498_c1_g1_i1:1987-2589  -            201 453052at33208        -            334   2.2e-15   54.4   0.5   2   2   5.1e-06   0.00014   18.9   0.0   138   200   138   201   131   201 0.89 -
Pdum_DN90273_c4_g1_i2:3537-4052  -            172 453052at33208        -            334     3e-15   53.9   1.1   1   3       2.4        66    0.2   0.0   125   161     2    38     1    47 0.80 -
Pdum_DN90273_c4_g1_i2:3537-4052  -            172 453052at33208        -            334     3e-15   53.9   1.1   2   3   4.8e-11   1.3e-09   35.4   0.1   124   205    43   125    32   130 0.90 -
Pdum_DN90273_c4_g1_i2:3537-4052  -            172 453052at33208        -            334     3e-15   53.9   1.1   3   3   2.9e-05    0.0008   16.4   0.1   126   162   129   165   122   168 0.92 -
Pdum_DN83800_c0_g2_i3:14-562     -            183 453052at33208        -            334   3.1e-15   53.9   0.1   1   1   2.4e-15   6.7e-14   49.5   0.1   126   246    55   179    49   181 0.89 -
Pdum_DN83552_c2_g1_i4:337-1659   -            441 453052at33208        -            334   6.6e-15   52.8   0.9   1   3   1.7e-08   4.6e-07   27.0   0.1   127   248    60   190    55   195 0.73 -
Pdum_DN83552_c2_g1_i4:337-1659   -            441 453052at33208        -            334   6.6e-15   52.8   0.9   2   3      0.76        21    1.8   0.0   123   164   186   228   166   235 0.75 -
Pdum_DN83552_c2_g1_i4:337-1659   -            441 453052at33208        -            334   6.6e-15   52.8   0.9   3   3     7e-07   1.9e-05   21.7   0.0   175   242   283   354   274   375 0.82 -
Pdum_DN63925_c0_g1_i1:119-1006   -            296 453052at33208        -            334   7.8e-15   52.6   2.5   1   2   9.8e-07   2.7e-05   21.2   0.0   164   240    24   105    14   107 0.72 -
Pdum_DN63925_c0_g1_i1:119-1006   -            296 453052at33208        -            334   7.8e-15   52.6   2.5   2   2   1.1e-09     3e-08   30.9   0.9   122   286   108   275   105   282 0.79 -
Pdum_DN75651_c0_g1_i1:179-1012   -            278 453052at33208        -            334   5.3e-14   49.8   2.3   1   3   1.4e-07   3.9e-06   24.0   0.0   195   289    12   110     3   116 0.78 -
Pdum_DN75651_c0_g1_i1:179-1012   -            278 453052at33208        -            334   5.3e-14   49.8   2.3   2   3   1.7e-06   4.7e-05   20.4   0.2   126   239   117   234   112   238 0.87 -
Pdum_DN75651_c0_g1_i1:179-1012   -            278 453052at33208        -            334   5.3e-14   49.8   2.3   3   3      0.17       4.7    4.0   0.0    72   101   245   276   237   277 0.77 -
Pdum_DN76828_c2_g1_i1:4967-5695  -            243 453052at33208        -            334   5.4e-14   49.8   0.2   1   2    0.0057      0.16    8.8   0.0   188   241    15    75     7    80 0.74 -
Pdum_DN76828_c2_g1_i1:4967-5695  -            243 453052at33208        -            334   5.4e-14   49.8   0.2   2   2   1.9e-11   5.2e-10   36.7   0.1   124   281    79   242    74   243 0.80 -
Pdum_DN78454_c0_g1_i4:576-2111   -            512 453052at33208        -            334   8.9e-14   49.1   1.7   1   4       1.4        37    1.0   0.0    78   239   217   242   202   258 0.47 -
Pdum_DN78454_c0_g1_i4:576-2111   -            512 453052at33208        -            334   8.9e-14   49.1   1.7   2   4   1.3e-07   3.7e-06   24.0   0.0    92   161   256   336   242   340 0.82 -
Pdum_DN78454_c0_g1_i4:576-2111   -            512 453052at33208        -            334   8.9e-14   49.1   1.7   3   4     1e-06   2.9e-05   21.1   0.1   123   165   340   381   334   403 0.86 -
Pdum_DN78454_c0_g1_i4:576-2111   -            512 453052at33208        -            334   8.9e-14   49.1   1.7   4   4       8.2   2.3e+02   -1.6   0.0   127   159   478   510   472   511 0.80 -
Pdum_DN84814_c0_g2_i1:1505-2083  -            193 453052at33208        -            334   1.1e-13   48.8   1.6   1   3   3.7e-06    0.0001   19.3   0.4   226   323    10   110     6   115 0.84 -
Pdum_DN84814_c0_g2_i1:1505-2083  -            193 453052at33208        -            334   1.1e-13   48.8   1.6   2   3   9.6e-07   2.7e-05   21.2   0.1   124   203    70   150    67   155 0.90 -
Pdum_DN84814_c0_g2_i1:1505-2083  -            193 453052at33208        -            334   1.1e-13   48.8   1.6   3   3   1.1e-05   0.00029   17.8   0.0   126   162   156   192   152   193 0.93 -
Pdum_DN83855_c0_g1_i4:658-1428   -            257 453052at33208        -            334   1.3e-13   48.5   0.2   1   3       1.1        29    1.4   0.0   146   162     7    23     1    26 0.65 -
Pdum_DN83855_c0_g1_i4:658-1428   -            257 453052at33208        -            334   1.3e-13   48.5   0.2   2   3   1.3e-05   0.00035   17.5   0.0   124   175    33    84    26    89 0.94 -
Pdum_DN83855_c0_g1_i4:658-1428   -            257 453052at33208        -            334   1.3e-13   48.5   0.2   3   3   1.8e-07   4.9e-06   23.7   0.1   120   205    89   175    85   183 0.84 -
Pdum_DN38861_c0_g1_i1:595-1392   -            266 453052at33208        -            334   2.1e-13   47.9   0.0   1   3   0.00039     0.011   12.6   0.0   213   252     3    42     1    74 0.74 -
Pdum_DN38861_c0_g1_i1:595-1392   -            266 453052at33208        -            334   2.1e-13   47.9   0.0   2   3   9.4e-06   0.00026   18.0   0.0   121   204    74   159    54   178 0.86 -
Pdum_DN38861_c0_g1_i1:595-1392   -            266 453052at33208        -            334   2.1e-13   47.9   0.0   3   3   0.00016    0.0043   14.0   0.0   101   165   186   262   178   263 0.76 -
Pdum_DN63408_c0_g1_i3:4-960      -            319 453052at33208        -            334   4.8e-13   46.7   1.5   1   2   4.6e-12   1.3e-10   38.7   0.4   123   244    11   139     2   144 0.79 -
Pdum_DN63408_c0_g1_i3:4-960      -            319 453052at33208        -            334   4.8e-13   46.7   1.5   2   2     0.023      0.64    6.8   0.0   210   252   163   206   138   212 0.79 -
Pdum_DN82173_c1_g1_i7:1104-1730  -            209 453052at33208        -            334   1.4e-12   45.2   0.2   1   3       1.8        51    0.6   0.0   127   156     3    30     1    37 0.72 -
Pdum_DN82173_c1_g1_i7:1104-1730  -            209 453052at33208        -            334   1.4e-12   45.2   0.2   2   3     2e-08   5.6e-07   26.8   0.0   124   202    42   124    25   133 0.82 -
Pdum_DN82173_c1_g1_i7:1104-1730  -            209 453052at33208        -            334   1.4e-12   45.2   0.2   3   3   0.00012    0.0032   14.4   0.0   133   202   137   209   129   209 0.87 -
Pdum_DN88147_c0_g1_i1:430-1308   -            293 453052at33208        -            334   1.6e-12   45.0   0.0   1   2   1.9e-08   5.2e-07   26.8   0.1   123   283    17   183     6   187 0.82 -
Pdum_DN88147_c0_g1_i1:430-1308   -            293 453052at33208        -            334   1.6e-12   45.0   0.0   2   2    0.0004     0.011   12.6   0.0   125   204   189   270   186   293 0.86 -
Pdum_DN73512_c4_g2_i3:726-1661   -            312 453052at33208        -            334   1.8e-12   44.8   0.6   1   4      0.02      0.56    7.0   0.0   125   160    53    88    32    94 0.90 -
Pdum_DN73512_c4_g2_i3:726-1661   -            312 453052at33208        -            334   1.8e-12   44.8   0.6   2   4     0.017      0.46    7.3   0.0   126   162    96   131    90   134 0.89 -
Pdum_DN73512_c4_g2_i3:726-1661   -            312 453052at33208        -            334   1.8e-12   44.8   0.6   3   4   3.1e-06   8.7e-05   19.5   0.0   127   183   139   195   132   255 0.81 -
Pdum_DN73512_c4_g2_i3:726-1661   -            312 453052at33208        -            334   1.8e-12   44.8   0.6   4   4     0.075       2.1    5.1   0.0   125   160   260   295   257   298 0.87 -
Pdum_DN92615_c3_g1_i3:1432-2112  -            227 453052at33208        -            334   1.8e-12   44.8   1.5   1   3   3.5e-09   9.7e-08   29.2   0.1   125   163     6    44     3    46 0.94 -
Pdum_DN92615_c3_g1_i3:1432-2112  -            227 453052at33208        -            334   1.8e-12   44.8   1.5   2   3       4.3   1.2e+02   -0.6   0.0   128   281    58    87    52    93 0.56 -
Pdum_DN92615_c3_g1_i3:1432-2112  -            227 453052at33208        -            334   1.8e-12   44.8   1.5   3   3   0.00028    0.0079   13.1   0.1   102   167   151   225   142   226 0.76 -
Pdum_DN86525_c0_g1_i1:704-1231   -            176 453052at33208        -            334     1e-11   42.3   0.1   1   2   2.4e-07   6.5e-06   23.2   0.1   151   246     1   104     1   107 0.76 -
Pdum_DN86525_c0_g1_i1:704-1231   -            176 453052at33208        -            334     1e-11   42.3   0.1   2   2   6.5e-06   0.00018   18.5   0.0   123   176   102   157    99   169 0.84 -
Pdum_DN86522_c0_g3_i4:534-1520   -            329 453052at33208        -            334   3.2e-11   40.7   7.9   1   3   2.7e-10   7.4e-09   32.9   4.0   127   297    38   210    22   224 0.86 -
Pdum_DN86522_c0_g3_i4:534-1520   -            329 453052at33208        -            334   3.2e-11   40.7   7.9   2   3   1.5e-05   0.00043   17.3   1.7   145   243   137   248   117   284 0.72 -
Pdum_DN86522_c0_g3_i4:534-1520   -            329 453052at33208        -            334   3.2e-11   40.7   7.9   3   3     0.013      0.35    7.7   0.1   130   202   255   328   233   329 0.85 -
Pdum_DN85879_c0_g1_i1:230-808    -            193 453052at33208        -            334   3.8e-11   40.4   0.0   1   2   3.4e-07   9.3e-06   22.7   0.0   124   173    25    74    11    97 0.84 -
Pdum_DN85879_c0_g1_i1:230-808    -            193 453052at33208        -            334   3.8e-11   40.4   0.0   2   2   0.00034    0.0095   12.8   0.0   119   159   148   193   143   193 0.83 -
Pdum_DN74464_c0_g1_i5:1442-2167  -            242 453052at33208        -            334   5.1e-11   40.0   1.3   1   3    0.0017     0.047   10.6   0.0   126   161     3    38     1    90 0.86 -
Pdum_DN74464_c0_g1_i5:1442-2167  -            242 453052at33208        -            334   5.1e-11   40.0   1.3   2   3   5.1e-06   0.00014   18.9   0.1   123   203    97   178    94   183 0.81 -
Pdum_DN74464_c0_g1_i5:1442-2167  -            242 453052at33208        -            334   5.1e-11   40.0   1.3   3   3    0.0077      0.21    8.4   0.1   127   161   193   227   184   231 0.91 -
Pdum_DN75190_c1_g2_i8:2335-2706  -            124 453052at33208        -            334   5.3e-11   40.0   1.9   1   1     4e-12   1.1e-10   38.9   1.9   141   241    18   119     9   124 0.83 -
Pdum_DN84582_c3_g1_i1:332-1036   -            235 453052at33208        -            334   7.6e-11   39.5   0.3   1   2    0.0018      0.05   10.5   0.1   126   201    16    93     2    99 0.77 -
Pdum_DN84582_c3_g1_i1:332-1036   -            235 453052at33208        -            334   7.6e-11   39.5   0.3   2   2   1.7e-08   4.6e-07   27.0   0.0   124   200   100   176    96   182 0.86 -
Pdum_DN65740_c0_g1_i1:159-803    -            215 453052at33208        -            334   1.2e-10   38.9   1.0   1   3    0.0015     0.041   10.7   0.3   145   204    10    72     3    87 0.65 -
Pdum_DN65740_c0_g1_i1:159-803    -            215 453052at33208        -            334   1.2e-10   38.9   1.0   2   3      0.06       1.7    5.5   0.0   288   322    96   129    90   139 0.61 -
Pdum_DN65740_c0_g1_i1:159-803    -            215 453052at33208        -            334   1.2e-10   38.9   1.0   3   3   2.5e-06   6.8e-05   19.9   0.0   123   159   179   215   163   215 0.93 -
Pdum_DN75461_c3_g1_i3:3415-4074  -            220 453052at33208        -            334   1.3e-10   38.7   0.0   1   1     6e-12   1.7e-10   38.3   0.0   123   310     5   212     2   220 0.74 -
Pdum_DN66493_c0_g1_i1:720-1655   -            312 453052at33208        -            334   1.5e-10   38.5   0.5   1   3     0.014      0.39    7.5   0.0   120   165     9    54     2    68 0.84 -
Pdum_DN66493_c0_g1_i1:720-1655   -            312 453052at33208        -            334   1.5e-10   38.5   0.5   2   3   3.9e-06   0.00011   19.2   0.1   128   203    59   137    54   147 0.77 -
Pdum_DN66493_c0_g1_i1:720-1655   -            312 453052at33208        -            334   1.5e-10   38.5   0.5   3   3    0.0077      0.21    8.4   0.0   124   161   228   267   220   273 0.86 -
Pdum_DN66325_c0_g1_i1:831-1904   -            358 453052at33208        -            334   1.5e-10   38.4   0.3   1   3   9.6e-08   2.6e-06   24.5   0.0   129   239    28   149    19   203 0.66 -
Pdum_DN66325_c0_g1_i1:831-1904   -            358 453052at33208        -            334   1.5e-10   38.4   0.3   2   3       3.8     1e+02   -0.4   0.0   134   163   281   310   245   314 0.65 -
Pdum_DN66325_c0_g1_i1:831-1904   -            358 453052at33208        -            334   1.5e-10   38.4   0.3   3   3     0.045       1.3    5.9   0.0   125   159   324   358   322   358 0.90 -
Pdum_DN88892_c3_g1_i1:2670-3179  -            170 453052at33208        -            334   1.8e-10   38.2   1.4   1   2    0.0015     0.041   10.8   0.4   155   243    17   110     9   112 0.64 -
Pdum_DN88892_c3_g1_i1:2670-3179  -            170 453052at33208        -            334   1.8e-10   38.2   1.4   2   2   2.4e-08   6.7e-07   26.5   0.0   122   175   111   165   109   169 0.87 -
Pdum_DN75894_c0_g1_i3:333-1052   -            240 453052at33208        -            334   2.4e-10   37.8   2.0   1   3   9.1e-09   2.5e-07   27.9   0.1   156   252     1   106     1   148 0.70 -
Pdum_DN75894_c0_g1_i3:333-1052   -            240 453052at33208        -            334   2.4e-10   37.8   2.0   2   3       2.7        76    0.0   0.0   127   164   148   186   143   188 0.78 -
Pdum_DN75894_c0_g1_i3:333-1052   -            240 453052at33208        -            334   2.4e-10   37.8   2.0   3   3    0.0098      0.27    8.0   0.2   125   156   191   222   171   233 0.88 -
Pdum_DN78364_c0_g1_i1:226-1314   -            363 453052at33208        -            334   2.5e-10   37.8   0.1   1   2     0.014      0.38    7.6   0.0   125   203    13    91     1    98 0.48 -
Pdum_DN78364_c0_g1_i1:226-1314   -            363 453052at33208        -            334   2.5e-10   37.8   0.1   2   2     3e-09   8.2e-08   29.5   0.0   124   196    96   168    82   180 0.85 -
Pdum_DN79406_c0_g1_i1:209-1183   -            325 453052at33208        -            334   4.3e-10   37.0   0.5   1   3   6.4e-09   1.8e-07   28.4   0.1   128   205     6    84     2    95 0.90 -
Pdum_DN79406_c0_g1_i1:209-1183   -            325 453052at33208        -            334   4.3e-10   37.0   0.5   2   3      0.43        12    2.7   0.0   129   160   185   216   179   257 0.82 -
Pdum_DN79406_c0_g1_i1:209-1183   -            325 453052at33208        -            334   4.3e-10   37.0   0.5   3   3      0.98        27    1.5   0.0   127   162   280   315   265   320 0.86 -
Pdum_DN84033_c1_g3_i1:1082-1726  -            215 453052at33208        -            334   5.4e-10   36.7   1.7   1   4     0.055       1.5    5.6   0.0   126   160     4    38     1    43 0.71 -
Pdum_DN84033_c1_g3_i1:1082-1726  -            215 453052at33208        -            334   5.4e-10   36.7   1.7   2   4   0.00055     0.015   12.2   0.0   118   162    54    98    45   101 0.91 -
Pdum_DN84033_c1_g3_i1:1082-1726  -            215 453052at33208        -            334   5.4e-10   36.7   1.7   3   4   0.00028    0.0077   13.1   0.0   124   160   103   139    97   151 0.91 -
Pdum_DN84033_c1_g3_i1:1082-1726  -            215 453052at33208        -            334   5.4e-10   36.7   1.7   4   4      0.55        15    2.3   0.0   122   140   195   213   189   215 0.92 -
Pdum_DN70491_c0_g1_i1:1-1254     -            418 453052at33208        -            334   6.6e-10   36.4   0.4   1   2   1.8e-10   5.1e-09   33.4   0.0   123   205   180   267   173   276 0.86 -
Pdum_DN70491_c0_g1_i1:1-1254     -            418 453052at33208        -            334   6.6e-10   36.4   0.4   2   2       4.7   1.3e+02   -0.8   0.1    74   101   304   331   299   356 0.85 -
Pdum_DN89990_c3_g2_i4:936-1778   -            281 453052at33208        -            334     7e-10   36.3   0.3   1   4       2.7        75    0.0   0.0   255   284    36    67     6    83 0.61 -
Pdum_DN89990_c3_g2_i4:936-1778   -            281 453052at33208        -            334     7e-10   36.3   0.3   2   4    0.0056      0.16    8.8   0.0   125   203    72   150    60   159 0.64 -
Pdum_DN89990_c3_g2_i4:936-1778   -            281 453052at33208        -            334     7e-10   36.3   0.3   3   4   5.7e-06   0.00016   18.7   0.0   123   202   156   240   153   248 0.81 -
Pdum_DN89990_c3_g2_i4:936-1778   -            281 453052at33208        -            334     7e-10   36.3   0.3   4   4     0.077       2.1    5.1   0.0   123   160   244   281   242   281 0.94 -
Pdum_DN80990_c0_g1_i2:150-1607   -            486 453052at33208        -            334   7.1e-10   36.3   1.8   1   1   2.6e-11   7.1e-10   36.3   1.8   128   313   246   444   238   458 0.74 -
Pdum_DN88423_c1_g1_i2:993-1421   -            143 453052at33208        -            334   9.1e-10   35.9   1.9   1   1   9.4e-11   2.6e-09   34.4   1.9   126   262     6   142     3   143 0.81 -
Pdum_DN82224_c0_g1_i1:2783-3526  -            248 453052at33208        -            334   1.3e-09   35.4   2.2   1   3   2.5e-06     7e-05   19.8   0.1   128   206     3    81     1   100 0.79 -
Pdum_DN82224_c0_g1_i1:2783-3526  -            248 453052at33208        -            334   1.3e-09   35.4   2.2   2   3   0.00029     0.008   13.1   0.1   129   164   115   150   108   166 0.86 -
Pdum_DN82224_c0_g1_i1:2783-3526  -            248 453052at33208        -            334   1.3e-09   35.4   2.2   3   3       1.6        43    0.8   0.0   123   161   208   248   189   248 0.76 -
Pdum_DN88741_c1_g1_i6:2841-3650  -            270 453052at33208        -            334   2.1e-09   34.7   1.0   1   3      0.58        16    2.2   0.0   215   244     9    38     3    48 0.69 -
Pdum_DN88741_c1_g1_i6:2841-3650  -            270 453052at33208        -            334   2.1e-09   34.7   1.0   2   3    0.0016     0.045   10.6   0.0   129   200    54   129    36   140 0.72 -
Pdum_DN88741_c1_g1_i6:2841-3650  -            270 453052at33208        -            334   2.1e-09   34.7   1.0   3   3   1.9e-05   0.00052   17.0   0.4   125   201   140   217   133   265 0.86 -
Pdum_DN73439_c0_g1_i2:1041-1721  -            227 453052at33208        -            334   4.6e-09   33.6   0.2   1   2   1.9e-09   5.3e-08   30.1   0.0   106   209    24   130     6   162 0.83 -
Pdum_DN73439_c0_g1_i2:1041-1721  -            227 453052at33208        -            334   4.6e-09   33.6   0.2   2   2      0.91        25    1.6   0.0   150   237   175   223   164   227 0.50 -
Pdum_DN76013_c0_g1_i3:463-1068   -            202 453052at33208        -            334   5.5e-09   33.3   2.9   1   4      0.59        16    2.2   0.1   219   241    12    34     2    46 0.76 -
Pdum_DN76013_c0_g1_i3:463-1068   -            202 453052at33208        -            334   5.5e-09   33.3   2.9   2   4    0.0008     0.022   11.6   0.0   123   163    40    81    22    85 0.81 -
Pdum_DN76013_c0_g1_i3:463-1068   -            202 453052at33208        -            334   5.5e-09   33.3   2.9   3   4    0.0013     0.036   10.9   0.2   125   163    86   125    82   129 0.84 -
Pdum_DN76013_c0_g1_i3:463-1068   -            202 453052at33208        -            334   5.5e-09   33.3   2.9   4   4     0.013      0.37    7.6   0.0   129   166   147   185   141   189 0.83 -
Pdum_DN91312_c3_g1_i1:2567-3481  -            305 453052at33208        -            334   7.5e-09   32.9   0.1   1   4   8.9e-05    0.0025   14.8   0.0   138   240     6   119     1   122 0.70 -
Pdum_DN91312_c3_g1_i1:2567-3481  -            305 453052at33208        -            334   7.5e-09   32.9   0.1   2   4    0.0015     0.042   10.7   0.0   130   204    46   121    39   176 0.68 -
Pdum_DN91312_c3_g1_i1:2567-3481  -            305 453052at33208        -            334   7.5e-09   32.9   0.1   3   4      0.12       3.5    4.4   0.0   184   246   239   264   213   273 0.61 -
Pdum_DN91312_c3_g1_i1:2567-3481  -            305 453052at33208        -            334   7.5e-09   32.9   0.1   4   4    0.0051      0.14    9.0   0.1   124   159   270   305   266   305 0.92 -
Pdum_DN90616_c3_g1_i1:602-1432   -            277 453052at33208        -            334   1.1e-08   32.3   0.0   1   2    0.0014     0.039   10.8   0.0   143   176     2    35     1    51 0.78 -
Pdum_DN90616_c3_g1_i1:602-1432   -            277 453052at33208        -            334   1.1e-08   32.3   0.0   2   2   4.3e-06   0.00012   19.1   0.0   144   241    60   159    51   173 0.84 -
Pdum_DN79208_c0_g1_i2:96-1031    -            312 453052at33208        -            334   1.8e-08   31.6   1.1   1   3       1.1        31    1.3   0.0   272   312    13    58     4    68 0.62 -
Pdum_DN79208_c0_g1_i2:96-1031    -            312 453052at33208        -            334   1.8e-08   31.6   1.1   2   3     2e-05   0.00056   16.9   0.0   172   243    79   155    29   195 0.69 -
Pdum_DN79208_c0_g1_i2:96-1031    -            312 453052at33208        -            334   1.8e-08   31.6   1.1   3   3    0.0032     0.087    9.7   0.5   126   213   209   299   205   310 0.79 -
Pdum_DN91578_c1_g1_i1:293-997    -            235 453052at33208        -            334   3.2e-08   30.8   0.0   1   1   1.8e-09   5.1e-08   30.2   0.0   149   241   133   229   114   234 0.56 -
Pdum_DN82465_c0_g2_i1:488-1204   -            239 453052at33208        -            334   4.5e-08   30.3   0.3   1   3      0.66        18    2.0   0.0   149   243     4    99     1   103 0.74 -
Pdum_DN82465_c0_g2_i1:488-1204   -            239 453052at33208        -            334   4.5e-08   30.3   0.3   2   3   1.6e-05   0.00043   17.3   0.0   199   246   105   152    84   162 0.87 -
Pdum_DN82465_c0_g2_i1:488-1204   -            239 453052at33208        -            334   4.5e-08   30.3   0.3   3   3    0.0079      0.22    8.4   0.0   126   161   204   239   176   239 0.89 -
Pdum_DN84002_c0_g1_i8:796-1551   -            252 453052at33208        -            334   6.6e-08   29.8   0.2   1   2         2        55    0.5   0.0   146   162    10    26     4    37 0.57 -
Pdum_DN84002_c0_g1_i8:796-1551   -            252 453052at33208        -            334   6.6e-08   29.8   0.2   2   2   1.8e-08   5.1e-07   26.9   0.1   124   205    37   120    29   134 0.80 -
Pdum_DN84536_c0_g1_i1:2255-2878  -            208 453052at33208        -            334   7.2e-08   29.7   0.1   1   2   0.00013    0.0036   14.2   0.0   171   205    46    80    34    96 0.78 -
Pdum_DN84536_c0_g1_i1:2255-2878  -            208 453052at33208        -            334   7.2e-08   29.7   0.1   2   2   0.00024    0.0067   13.3   0.0   113   161   153   201   143   206 0.90 -
Pdum_DN92828_c4_g1_i1:1100-1621  -            174 453052at33208        -            334   7.6e-08   29.6   1.1   1   2   5.4e-06   0.00015   18.8   0.2   129   175     2    48     1   137 0.93 -
Pdum_DN92828_c4_g1_i1:1100-1621  -            174 453052at33208        -            334   7.6e-08   29.6   1.1   2   2     0.003     0.082    9.8   0.0   133   160   141   168   128   172 0.90 -
Pdum_DN84963_c1_g1_i6:1317-3311  -            665 453052at33208        -            334   8.1e-08   29.5   0.4   1   3       2.2        60    0.4   0.0   276   310    25    60    19    65 0.79 -
Pdum_DN84963_c1_g1_i6:1317-3311  -            665 453052at33208        -            334   8.1e-08   29.5   0.4   2   3   5.3e-08   1.5e-06   25.4   0.1   211   286    83   158    73   189 0.84 -
Pdum_DN84963_c1_g1_i6:1317-3311  -            665 453052at33208        -            334   8.1e-08   29.5   0.4   3   3       6.6   1.8e+02   -1.2   0.0   291   307   579   595   576   600 0.88 -
Pdum_DN87078_c1_g1_i1:1858-2604  -            249 453052at33208        -            334   2.6e-07   27.9   0.2   1   2   6.9e-06   0.00019   18.4   0.1   124   202   127   208   104   210 0.75 -
Pdum_DN87078_c1_g1_i1:1858-2604  -            249 453052at33208        -            334   2.6e-07   27.9   0.2   2   2    0.0017     0.046   10.6   0.1   126   200   173   248   170   249 0.79 -
Pdum_DN78785_c0_g1_i2:534-2834   -            767 453052at33208        -            334   3.4e-07   27.5   2.6   1   3     0.023      0.65    6.8   0.1   129   174    89   135    83   141 0.85 -
Pdum_DN78785_c0_g1_i2:534-2834   -            767 453052at33208        -            334   3.4e-07   27.5   2.6   2   3    0.0015     0.041   10.7   0.0   126   221   129   229   124   257 0.72 -
Pdum_DN78785_c0_g1_i2:534-2834   -            767 453052at33208        -            334   3.4e-07   27.5   2.6   3   3    0.0044      0.12    9.2   0.1   115   155   246   293   227   297 0.73 -
Pdum_DN85054_c1_g3_i7:3145-3996  -            284 453052at33208        -            334   6.1e-07   26.6   0.1   1   3   0.00079     0.022   11.6   0.0   129   203     2    83     1   126 0.67 -
Pdum_DN85054_c1_g3_i7:3145-3996  -            284 453052at33208        -            334   6.1e-07   26.6   0.1   2   3      0.51        14    2.4   0.0   125   163    44    84    41   157 0.76 -
Pdum_DN85054_c1_g3_i7:3145-3996  -            284 453052at33208        -            334   6.1e-07   26.6   0.1   3   3   0.00063     0.018   12.0   0.0   154   218   198   269   179   277 0.75 -
Pdum_DN83005_c1_g1_i1:16-1335    -            440 453052at33208        -            334   7.1e-07   26.4   2.8   1   3       7.9   2.2e+02   -1.5   0.0   228   284    19    32    11    50 0.65 -
Pdum_DN83005_c1_g1_i1:16-1335    -            440 453052at33208        -            334   7.1e-07   26.4   2.8   2   3   0.00089     0.025   11.5   0.2   130   162   112   144   103   149 0.91 -
Pdum_DN83005_c1_g1_i1:16-1335    -            440 453052at33208        -            334   7.1e-07   26.4   2.8   3   3   0.00019    0.0053   13.7   0.0   127   175   151   197   147   210 0.87 -
Pdum_DN89089_c3_g1_i2:1021-1773  -            251 453052at33208        -            334   7.4e-07   26.3   0.1   1   2   5.9e-07   1.6e-05   21.9   0.0   111   257    75   229    62   233 0.78 -
Pdum_DN89089_c3_g1_i2:1021-1773  -            251 453052at33208        -            334   7.4e-07   26.3   0.1   2   2         2        57    0.4   0.0   128   156   223   251   218   251 0.90 -
Pdum_DN92880_c2_g1_i2:4337-5176  -            280 453052at33208        -            334   7.9e-07   26.3   0.9   1   3      0.27       7.6    3.3   0.0   226   250    27    51    23    87 0.69 -
Pdum_DN92880_c2_g1_i2:4337-5176  -            280 453052at33208        -            334   7.9e-07   26.3   0.9   2   3   5.6e-05    0.0016   15.4   0.1   118   241    88   222    84   238 0.67 -
Pdum_DN92880_c2_g1_i2:4337-5176  -            280 453052at33208        -            334   7.9e-07   26.3   0.9   3   3       0.3       8.2    3.2   0.0   130   164   242   275   234   279 0.77 -
Pdum_DN86637_c0_g1_i2:178-705    -            176 453052at33208        -            334   8.6e-07   26.1   1.6   1   2   2.6e-05   0.00072   16.5   0.1   147   202    14    74     4    79 0.70 -
Pdum_DN86637_c0_g1_i2:178-705    -            176 453052at33208        -            334   8.6e-07   26.1   1.6   2   2    0.0058      0.16    8.8   0.2   123   162    81   121    77   126 0.91 -
Pdum_DN87538_c0_g1_i11:59-631    -            191 453052at33208        -            334   1.4e-06   25.5   0.4   1   2   0.00015    0.0042   14.0   0.1   128   199     2    77     1    83 0.73 -
Pdum_DN87538_c0_g1_i11:59-631    -            191 453052at33208        -            334   1.4e-06   25.5   0.4   2   2    0.0075      0.21    8.4   0.0   121   156    85   121    80   127 0.86 -
Pdum_DN90796_c3_g1_i4:1517-2605  -            363 453052at33208        -            334   1.4e-06   25.4   1.5   1   4       1.9        53    0.5   0.0    74   101     7    35     1    42 0.59 -
Pdum_DN90796_c3_g1_i4:1517-2605  -            363 453052at33208        -            334   1.4e-06   25.4   1.5   2   4   0.00081     0.023   11.6   0.0   128   167    87   126    74   131 0.87 -
Pdum_DN90796_c3_g1_i4:1517-2605  -            363 453052at33208        -            334   1.4e-06   25.4   1.5   3   4      0.37        10    2.9   0.1   127   162   215   250   188   269 0.75 -
Pdum_DN90796_c3_g1_i4:1517-2605  -            363 453052at33208        -            334   1.4e-06   25.4   1.5   4   4     0.095       2.6    4.8   0.0   126   161   326   362   297   363 0.84 -
Pdum_DN80615_c0_g2_i1:231-1205   -            325 453052at33208        -            334   1.5e-06   25.4   1.4   1   2   5.8e-06   0.00016   18.7   0.5    72   201    53   181    10   240 0.76 -
Pdum_DN80615_c0_g2_i1:231-1205   -            325 453052at33208        -            334   1.5e-06   25.4   1.4   2   2   0.00016    0.0045   13.9   0.4   127   161   148   182   134   309 0.79 -
Pdum_DN86294_c0_g1_i3:101-3103   -           1001 453052at33208        -            334   1.6e-06   25.3   0.0   1   2      0.11         3    4.6   0.0   189   245    30    86    23   105 0.80 -
Pdum_DN86294_c0_g1_i3:101-3103   -           1001 453052at33208        -            334   1.6e-06   25.3   0.0   2   2   0.00051     0.014   12.3   0.0   126   170   129   173   125   279 0.70 -
Pdum_DN92435_c3_g1_i6:249-854    -            202 453052at33208        -            334   2.2e-06   24.8   1.4   1   1   1.6e-07   4.5e-06   23.8   1.4   107   240    28   167     4   176 0.78 -
Pdum_DN70029_c0_g1_i5:236-670    -            145 453052at33208        -            334   2.7e-06   24.5   0.0   1   2   1.3e-06   3.7e-05   20.7   0.0   127   161    16    51    10    55 0.90 -
Pdum_DN70029_c0_g1_i5:236-670    -            145 453052at33208        -            334   2.7e-06   24.5   0.0   2   2      0.74        21    1.9   0.0   233   278    97   143    70   145 0.60 -
Pdum_DN92312_c4_g1_i6:372-914    -            181 453052at33208        -            334   3.6e-06   24.1   1.9   1   3    0.0015      0.04   10.8   0.1   219   268    15    64     6    65 0.83 -
Pdum_DN92312_c4_g1_i6:372-914    -            181 453052at33208        -            334   3.6e-06   24.1   1.9   2   3     0.016      0.43    7.4   0.0   221   270    65   113    61   125 0.75 -
Pdum_DN92312_c4_g1_i6:372-914    -            181 453052at33208        -            334   3.6e-06   24.1   1.9   3   3      0.15       4.3    4.1   0.0   254   283   142   177   133   180 0.70 -
Pdum_DN72823_c0_g2_i2:1154-1981  -            276 453052at33208        -            334   3.7e-06   24.1   0.0   1   3   0.00037      0.01   12.7   0.0   130   207    34   110    10   146 0.67 -
Pdum_DN72823_c0_g2_i2:1154-1981  -            276 453052at33208        -            334   3.7e-06   24.1   0.0   2   3       1.8        50    0.6   0.0   147   168   130   151   118   157 0.85 -
Pdum_DN72823_c0_g2_i2:1154-1981  -            276 453052at33208        -            334   3.7e-06   24.1   0.0   3   3     0.012      0.34    7.7   0.0   214   270   216   270   192   276 0.72 -
Pdum_DN57990_c0_g1_i2:33-530     -            166 453052at33208        -            334   4.1e-06   23.9   0.1   1   2    0.0041      0.11    9.3   0.0   131   214     1    92     1   124 0.76 -
Pdum_DN57990_c0_g1_i2:33-530     -            166 453052at33208        -            334   4.1e-06   23.9   0.1   2   2   0.00027    0.0073   13.2   0.0   124   161   129   166   109   166 0.87 -
Pdum_DN90254_c2_g1_i7:1612-2445  -            278 453052at33208        -            334   5.1e-06   23.6   0.3   1   3    0.0013     0.036   11.0   0.1   198   287    39   141    30   146 0.67 -
Pdum_DN90254_c2_g1_i7:1612-2445  -            278 453052at33208        -            334   5.1e-06   23.6   0.3   2   3    0.0087      0.24    8.2   0.1   214   259   111   157   103   182 0.72 -
Pdum_DN90254_c2_g1_i7:1612-2445  -            278 453052at33208        -            334   5.1e-06   23.6   0.3   3   3    0.0047      0.13    9.1   0.0   127   165   196   240   192   251 0.78 -
Pdum_DN90517_c4_g1_i5:2-985      -            328 453052at33208        -            334   5.2e-06   23.6   3.7   1   2   0.00099     0.027   11.3   0.9   211   265    54   113    28   145 0.69 -
Pdum_DN90517_c4_g1_i5:2-985      -            328 453052at33208        -            334   5.2e-06   23.6   3.7   2   2    0.0013     0.037   10.9   0.1   123   161   200   241   191   300 0.75 -
Pdum_DN71445_c0_g2_i2:766-1509   -            248 453052at33208        -            334   9.1e-06   22.8   0.5   1   2      0.34       9.3    3.0   0.1   190   212     3    25     1    28 0.85 -
Pdum_DN71445_c0_g2_i2:766-1509   -            248 453052at33208        -            334   9.1e-06   22.8   0.5   2   2   6.9e-06   0.00019   18.4   0.0   129   201    27   101    23   110 0.87 -
Pdum_DN90517_c4_g2_i3:211-1731   -            507 453052at33208        -            334   1.2e-05   22.4   0.6   1   4       1.4        38    1.0   0.0   121   158    64   102    59   155 0.54 -
Pdum_DN90517_c4_g2_i3:211-1731   -            507 453052at33208        -            334   1.2e-05   22.4   0.6   2   4   0.00033     0.009   12.9   0.1   118   158   287   327   243   334 0.91 -
Pdum_DN90517_c4_g2_i3:211-1731   -            507 453052at33208        -            334   1.2e-05   22.4   0.6   3   4      0.88        24    1.6   0.1   131   172   355   396   344   417 0.74 -
Pdum_DN90517_c4_g2_i3:211-1731   -            507 453052at33208        -            334   1.2e-05   22.4   0.6   4   4       2.4        68    0.2   0.0   143   162   487   506   484   507 0.87 -
Pdum_DN90581_c4_g2_i3:17-301     -             95 453052at33208        -            334   1.6e-05   22.0   0.0   1   1   8.7e-07   2.4e-05   21.4   0.0   123   204     9    93     2    95 0.80 -
Pdum_DN82853_c0_g1_i2:2495-3019  -            175 453052at33208        -            334   1.7e-05   21.8   0.0   1   1   7.7e-07   2.1e-05   21.5   0.0   128   240     1   122     1   142 0.75 -
Pdum_DN81583_c1_g1_i3:660-1619   -            320 453052at33208        -            334   2.6e-05   21.3   0.0   1   3       4.4   1.2e+02   -0.7   0.0   187   226    73   111    66   136 0.51 -
Pdum_DN81583_c1_g1_i3:660-1619   -            320 453052at33208        -            334   2.6e-05   21.3   0.0   2   3   0.00022    0.0062   13.4   0.0   129   246   150   275   142   281 0.74 -
Pdum_DN81583_c1_g1_i3:660-1619   -            320 453052at33208        -            334   2.6e-05   21.3   0.0   3   3      0.16       4.3    4.1   0.0   121   154   282   315   279   318 0.84 -
Pdum_DN79808_c0_g1_i2:642-4217   -           1192 453052at33208        -            334   3.1e-05   21.0   0.1   1   1   6.5e-06   0.00018   18.5   0.0   134   243    20   130     8   138 0.72 -
Pdum_DN89224_c5_g2_i10:3220-3918 -            233 453052at33208        -            334   4.1e-05   20.6   3.7   1   2       0.1       2.8    4.7   1.4   128   200    84   158    76   159 0.64 -
Pdum_DN89224_c5_g2_i10:3220-3918 -            233 453052at33208        -            334   4.1e-05   20.6   3.7   2   2   1.8e-05    0.0005   17.0   0.5    98   162   137   205   130   210 0.59 -
Pdum_DN89974_c1_g1_i2:3302-3844  -            181 453052at33208        -            334   5.7e-05   20.1   0.4   1   1   3.9e-06   0.00011   19.2   0.4   190   285     3    98     1   117 0.73 -
Pdum_DN75371_c0_g2_i4:68-763     -            232 453052at33208        -            334   6.9e-05   19.9   0.3   1   2      0.03      0.82    6.5   0.1   190   239     5    58     1    69 0.61 -
Pdum_DN75371_c0_g2_i4:68-763     -            232 453052at33208        -            334   6.9e-05   19.9   0.3   2   2    0.0019     0.053   10.4   0.0   222   307   130   221   115   228 0.64 -
Pdum_DN90581_c4_g3_i1:18-467     -            150 453052at33208        -            334   7.8e-05   19.7   0.3   1   1      0.17       4.8    4.0   0.0   126   156   118   148   115   150 0.93 -
Pdum_DN91069_c3_g1_i7:2506-3243  -            246 453052at33208        -            334     9e-05   19.5   1.3   1   4    0.0093      0.26    8.1   0.1   170   210    29    74    24    84 0.70 -
Pdum_DN91069_c3_g1_i7:2506-3243  -            246 453052at33208        -            334     9e-05   19.5   1.3   2   4      0.44        12    2.6   0.0    70    94    88   114    70   122 0.65 -
Pdum_DN91069_c3_g1_i7:2506-3243  -            246 453052at33208        -            334     9e-05   19.5   1.3   3   4       2.3        64    0.3   0.0   104   118   181   195   172   209 0.59 -
Pdum_DN91069_c3_g1_i7:2506-3243  -            246 453052at33208        -            334     9e-05   19.5   1.3   4   4      0.22         6    3.6   0.0   103   119   222   238   218   242 0.88 -
Pdum_DN91159_c2_g2_i3:4324-5103  -            260 453052at33208        -            334   0.00012   19.0   0.2   1   2   6.4e-05    0.0018   15.2   0.0   227   284    11    67     8    81 0.86 -
Pdum_DN91159_c2_g2_i3:4324-5103  -            260 453052at33208        -            334   0.00012   19.0   0.2   2   2       1.8        49    0.6   0.0   220   240   139   159   121   169 0.80 -
Pdum_DN55647_c0_g1_i2:33-551     -            173 453052at33208        -            334   0.00013   19.0   0.3   1   2    0.0083      0.23    8.3   0.4   224   285    18    86     3   107 0.70 -
Pdum_DN55647_c0_g1_i2:33-551     -            173 453052at33208        -            334   0.00013   19.0   0.3   2   2    0.0074       0.2    8.5   0.0   130   179   122   171   114   173 0.93 -
Pdum_DN90901_c7_g1_i5:256-1545   -            430 453052at33208        -            334    0.0002   18.3   0.3   1   3     0.011      0.31    7.9   0.0   216   284    17    90     9   100 0.81 -
Pdum_DN90901_c7_g1_i5:256-1545   -            430 453052at33208        -            334    0.0002   18.3   0.3   2   3         1        29    1.4   0.1   130   209   147   230   142   269 0.47 -
Pdum_DN90901_c7_g1_i5:256-1545   -            430 453052at33208        -            334    0.0002   18.3   0.3   3   3     0.073         2    5.2   0.1   120   163   272   322   238   335 0.76 -
Pdum_DN77163_c0_g1_i7:250-627    -            126 453052at33208        -            334    0.0002   18.3   0.0   1   1   9.7e-06   0.00027   17.9   0.0   225   291    11    78     7   113 0.77 -
Pdum_DN92425_c3_g2_i1:539-1228   -            230 453052at33208        -            334   0.00033   17.7   0.4   1   2   0.00088     0.024   11.5   0.1   100   174    16    93     3   116 0.75 -
Pdum_DN92425_c3_g2_i1:539-1228   -            230 453052at33208        -            334   0.00033   17.7   0.4   2   2      0.17       4.7    4.0   0.0    68    99   170   200   142   229 0.83 -
Pdum_DN89809_c3_g1_i10:6324-7073 -            250 453052at33208        -            334    0.0004   17.4   0.0   1   1      0.18         5    3.9   0.0   122   162    43    84    38    91 0.78 -
Pdum_DN77673_c0_g1_i3:1295-1852  -            186 453052at33208        -            334   0.00045   17.2   0.3   1   2       8.9   2.5e+02   -1.7   0.0   214   235    24    46    18    56 0.58 -
Pdum_DN77673_c0_g1_i3:1295-1852  -            186 453052at33208        -            334   0.00045   17.2   0.3   2   2   3.9e-05    0.0011   15.9   0.1   130   239    73   181    60   186 0.73 -
Pdum_DN84002_c0_g1_i8:2338-3012  -            225 453052at33208        -            334   0.00058   16.8   0.1   1   2    0.0052      0.14    9.0   0.0   183   206    23    46     4    52 0.75 -
Pdum_DN84002_c0_g1_i8:2338-3012  -            225 453052at33208        -            334   0.00058   16.8   0.1   2   2     0.038       1.1    6.1   0.1   115   165    87   137    57   195 0.72 -
Pdum_DN82629_c0_g1_i4:473-2515   -            681 453052at33208        -            334   0.00058   16.8   0.0   1   2       8.2   2.3e+02   -1.6   0.0   135   202   210   236   198   254 0.61 -
Pdum_DN82629_c0_g1_i4:473-2515   -            681 453052at33208        -            334   0.00058   16.8   0.0   2   2   0.00013    0.0035   14.3   0.0   184   310   321   469   305   482 0.72 -
Pdum_DN71483_c1_g1_i1:599-1228   -            210 453052at33208        -            334   0.00067   16.6   0.1   1   2     0.015       0.4    7.5   0.0   130   163    68   102    59   112 0.74 -
Pdum_DN71483_c1_g1_i1:599-1228   -            210 453052at33208        -            334   0.00067   16.6   0.1   2   2     0.037         1    6.1   0.1   109   165   140   196   117   206 0.75 -
Pdum_DN73864_c0_g1_i1:430-1335   -            302 453052at33208        -            334   0.00074   16.5   0.0   1   2   0.00022    0.0062   13.5   0.0   143   215    85   157    75   162 0.87 -
Pdum_DN73864_c0_g1_i1:430-1335   -            302 453052at33208        -            334   0.00074   16.5   0.0   2   2       4.5   1.2e+02   -0.7   0.0   175   202   256   283   188   295 0.72 -
Pdum_DN92600_c5_g2_i1:144-365    -             74 453052at33208        -            334     0.001   16.0   0.0   1   1   3.8e-05     0.001   16.0   0.0   123   161    36    74    14    74 0.86 -
Pdum_DN92312_c5_g1_i1:3890-4381  -            164 453052at33208        -            334    0.0012   15.7   0.0   1   1   6.4e-05    0.0018   15.2   0.0   125   241     2   135     1   151 0.82 -
Pdum_DN67806_c2_g1_i2:615-1406   -            264 453052at33208        -            334    0.0013   15.7   0.1   1   2     0.022      0.61    6.9   0.2   225   287    84   103    15   116 0.48 -
Pdum_DN67806_c2_g1_i2:615-1406   -            264 453052at33208        -            334    0.0013   15.7   0.1   2   2      0.03      0.84    6.4   0.0   115   161   172   220   125   261 0.85 -
Pdum_DN86351_c0_g1_i1:4485-5351  -            289 453052at33208        -            334    0.0014   15.6   0.0   1   3       2.2        61    0.3   0.0   225   241    88   104    71   150 0.53 -
Pdum_DN86351_c0_g1_i1:4485-5351  -            289 453052at33208        -            334    0.0014   15.6   0.0   2   3     0.017      0.46    7.3   0.0   164   252   111   208    88   243 0.73 -
Pdum_DN86351_c0_g1_i1:4485-5351  -            289 453052at33208        -            334    0.0014   15.6   0.0   3   3     0.055       1.5    5.6   0.0   119   160   239   287   208   289 0.69 -
Pdum_DN80062_c1_g1_i8:396-980    -            195 453052at33208        -            334    0.0024   14.8   0.6   1   2    0.0052      0.14    9.0   0.1   181   204     8    31     1    40 0.74 -
Pdum_DN80062_c1_g1_i8:396-980    -            195 453052at33208        -            334    0.0024   14.8   0.6   2   2      0.14         4    4.2   0.1   146   239   119   178    85   193 0.51 -
Pdum_DN89900_c1_g2_i1:318-785    -            156 453052at33208        -            334    0.0031   14.5   0.2   1   1   0.00013    0.0037   14.2   0.2   137   283     3   154     1   156 0.78 -
Pdum_DN90079_c2_g2_i8:1469-1858  -            130 453052at33208        -            334    0.0039   14.1   0.0   1   2      0.28       7.6    3.3   0.0   244   284    20    59     5    72 0.60 -
Pdum_DN90079_c2_g2_i8:1469-1858  -            130 453052at33208        -            334    0.0039   14.1   0.0   2   2    0.0033     0.092    9.6   0.0   126   177    65   118    62   123 0.87 -
Pdum_DN83223_c0_g2_i1:739-1377   -            213 453052at33208        -            334    0.0056   13.6   0.9   1   3    0.0041      0.11    9.3   0.0   122   159    27    64     7    70 0.91 -
Pdum_DN83223_c0_g2_i1:739-1377   -            213 453052at33208        -            334    0.0056   13.6   0.9   2   3       1.3        36    1.1   0.0   132   160   127   155    83   163 0.73 -
Pdum_DN83223_c0_g2_i1:739-1377   -            213 453052at33208        -            334    0.0056   13.6   0.9   3   3       2.4        66    0.2   0.0   292   307   188   203   175   213 0.72 -
Pdum_DN75082_c2_g3_i2:17-943     -            309 453052at33208        -            334    0.0058   13.5   5.7   1   4    0.0036       0.1    9.5   0.2   129   163    14    48     4    55 0.89 -
Pdum_DN75082_c2_g3_i2:17-943     -            309 453052at33208        -            334    0.0058   13.5   5.7   2   4       9.1   2.5e+02   -1.7   0.1   122   160    51    91    49    92 0.76 -
Pdum_DN75082_c2_g3_i2:17-943     -            309 453052at33208        -            334    0.0058   13.5   5.7   3   4      0.91        25    1.6   0.0   120   170   103   155   100   169 0.75 -
Pdum_DN75082_c2_g3_i2:17-943     -            309 453052at33208        -            334    0.0058   13.5   5.7   4   4      0.32       8.9    3.1   0.0   125   159   274   308   270   309 0.84 -
Pdum_DN74905_c1_g1_i2:2-1102     -            367 453052at33208        -            334    0.0067   13.3   0.1   1   1   0.00064     0.018   12.0   0.0   150   201   123   176    94   205 0.56 -
Pdum_DN61369_c0_g1_i1:1242-1787  -            182 453052at33208        -            334    0.0099   12.8   0.0   1   1   0.00064     0.018   12.0   0.0   214   284    80   150    73   179 0.84 -
Pdum_DN85938_c0_g1_i1:258-608    -            117 453052at33208        -            334      0.01   12.7   0.1   1   1     0.001     0.028   11.3   0.1   143   241    13    76     1    87 0.52 -
Pdum_DN76178_c0_g1_i1:3394-3981  -            196 453052at33208        -            334     0.015   12.2   0.1   1   2     0.053       1.5    5.6   0.0   217   240    10    33     3    42 0.83 -
Pdum_DN76178_c0_g1_i1:3394-3981  -            196 453052at33208        -            334     0.015   12.2   0.1   2   2       0.1       2.9    4.7   0.0   121   165    55   100    48   135 0.81 -
Pdum_DN85858_c0_g1_i11:292-1188  -            299 453052at33208        -            334     0.043   10.7   1.9   1   2       2.1        59    0.4   0.0   223   242    38    57    14    64 0.69 -
Pdum_DN85858_c0_g1_i11:292-1188  -            299 453052at33208        -            334     0.043   10.7   1.9   2   2    0.0084      0.23    8.3   0.3   223   285   143   206   126   213 0.68 -
Pdum_DN87402_c0_g1_i1:93-1976    -            628 453052at33208        -            334     0.045   10.6   0.2   1   3     0.039       1.1    6.1   0.0   178   204   298   324   285   354 0.68 -
Pdum_DN87402_c0_g1_i1:93-1976    -            628 453052at33208        -            334     0.045   10.6   0.2   2   3       2.1        57    0.4   0.0   133   274   462   520   432   533 0.53 -
Pdum_DN87402_c0_g1_i1:93-1976    -            628 453052at33208        -            334     0.045   10.6   0.2   3   3       5.5   1.5e+02   -1.0   0.0   123   158   536   571   533   574 0.75 -
Pdum_DN87384_c0_g1_i3:1267-1899  -            211 453052at33208        -            334     0.046   10.6   0.0   1   1    0.0038      0.11    9.4   0.0   124   200   134   211   126   211 0.84 -
#
# Program:         hmmsearch
# Version:         3.1b2 (February 2015)
# Pipeline mode:   SEARCH
# Query file:      /mnt/f/phylo/WORMS/busco_analysis/busco_downloads/lineages/metazoa_odb10/hmms/453052at33208.hmm
# Target file:     /mnt/f/phylo/WORMS/busco_analysis/metazoa_lineage_result/run_metazoa_odb10/metaeuk_output/initial_results/Platynereis_ref.eggnog_filter.nucl.fasta.modified.fas
# Option settings: hmmsearch --domtblout /mnt/f/phylo/WORMS/busco_analysis/metazoa_lineage_result/run_metazoa_odb10/hmmer_output/initial_run_results/453052at33208.out --cpu 1 /mnt/f/phylo/WORMS/busco_analysis/busco_downloads/lineages/metazoa_odb10/hmms/453052at33208.hmm /mnt/f/phylo/WORMS/busco_analysis/metazoa_lineage_result/run_metazoa_odb10/metaeuk_output/initial_results/Platynereis_ref.eggnog_filter.nucl.fasta.modified.fas 
# Current dir:     /mnt/f/phylo/WORMS/busco_analysis
# Date:            Sun Mar 12 20:42:28 2023
# [ok]
