#                                                                                        --- full sequence --- -------------- this domain -------------   hmm coord   ali coord   env coord
# target name                    accession   tlen query name           accession   qlen   E-value  score  bias   #  of  c-Evalue  i-Evalue  score  bias  from    to  from    to  from    to  acc description of target
#            ------------------- ---------- ----- -------------------- ---------- ----- --------- ------ ----- --- --- --------- --------- ------ ----- ----- ----- ----- ----- ----- ----- ---- ---------------------
Pdum_DN79406_c0_g1_i1:209-1183   -            325 458807at33208        -            250  1.8e-120  398.9   8.2   1   2   1.3e-49   4.8e-48  161.7   1.3     1   108     5   127     5   140 0.90 -
Pdum_DN79406_c0_g1_i1:209-1183   -            325 458807at33208        -            250  1.8e-120  398.9   8.2   2   2   8.4e-71   3.2e-69  231.0   0.9    98   250   146   324   141   324 0.87 -
Pdum_DN78086_c1_g1_i5:2830-3705  -            292 458807at33208        -            250   4.5e-28   96.3   8.6   1   4   1.2e-09   4.6e-08   30.7   0.1     2    76     2    83     1    86 0.86 -
Pdum_DN78086_c1_g1_i5:2830-3705  -            292 458807at33208        -            250   4.5e-28   96.3   8.6   2   4   1.3e-05   0.00049   17.5   0.0    38    76    84   125    81   130 0.84 -
Pdum_DN78086_c1_g1_i5:2830-3705  -            292 458807at33208        -            250   4.5e-28   96.3   8.6   3   4   9.7e-09   3.7e-07   27.7   0.7     2    77   129   210   128   214 0.87 -
Pdum_DN78086_c1_g1_i5:2830-3705  -            292 458807at33208        -            250   4.5e-28   96.3   8.6   4   4     6e-08   2.3e-06   25.2   0.0     1    74   212   291   212   292 0.84 -
Pdum_DN87134_c2_g1_i3:1621-2460  -            280 458807at33208        -            250   1.2e-26   91.6  23.4   1   6     0.035       1.3    6.3   0.1    44    75     1    33     1    39 0.79 -
Pdum_DN87134_c2_g1_i3:1621-2460  -            280 458807at33208        -            250   1.2e-26   91.6  23.4   2   6   6.3e-06   0.00024   18.5   0.4    40    81    39    81    34    85 0.87 -
Pdum_DN87134_c2_g1_i3:1621-2460  -            280 458807at33208        -            250   1.2e-26   91.6  23.4   3   6   1.5e-06   5.8e-05   20.5   0.1    40    81    85   127    81   127 0.90 -
Pdum_DN87134_c2_g1_i3:1621-2460  -            280 458807at33208        -            250   1.2e-26   91.6  23.4   4   6   1.2e-09   4.6e-08   30.7   1.2     2    79   126   204   126   210 0.90 -
Pdum_DN87134_c2_g1_i3:1621-2460  -            280 458807at33208        -            250   1.2e-26   91.6  23.4   5   6   1.9e-06   7.1e-05   20.3   0.2    42    79   211   249   202   252 0.88 -
Pdum_DN87134_c2_g1_i3:1621-2460  -            280 458807at33208        -            250   1.2e-26   91.6  23.4   6   6   0.00074     0.028   11.7   0.1    35    70   244   280   242   280 0.90 -
Pdum_DN73512_c4_g2_i3:726-1661   -            312 458807at33208        -            250   3.1e-23   80.4   5.9   1   2   1.9e-13   7.2e-12   43.2   2.7     3   235    12   249    10   259 0.65 -
Pdum_DN73512_c4_g2_i3:726-1661   -            312 458807at33208        -            250   3.1e-23   80.4   5.9   2   2   2.1e-10     8e-09   33.2   0.1   203   237   259   293   247   298 0.91 -
Pdum_DN74150_c0_g1_i3:157-2955   -            933 458807at33208        -            250   1.2e-22   78.4   8.8   1   6    0.0093      0.35    8.1   0.1    30    72    92   137    60   143 0.75 -
Pdum_DN74150_c0_g1_i3:157-2955   -            933 458807at33208        -            250   1.2e-22   78.4   8.8   2   6   4.3e-07   1.6e-05   22.4   0.1     2    81   145   230   144   301 0.82 -
Pdum_DN74150_c0_g1_i3:157-2955   -            933 458807at33208        -            250   1.2e-22   78.4   8.8   3   6       7.8     3e+02   -1.4   0.0   122   153   412   433   384   476 0.51 -
Pdum_DN74150_c0_g1_i3:157-2955   -            933 458807at33208        -            250   1.2e-22   78.4   8.8   4   6   6.8e-05    0.0026   15.2   0.1    37    73   479   518   457   545 0.81 -
Pdum_DN74150_c0_g1_i3:157-2955   -            933 458807at33208        -            250   1.2e-22   78.4   8.8   5   6   0.00041     0.016   12.6   0.0    13    79   549   621   542   624 0.75 -
Pdum_DN74150_c0_g1_i3:157-2955   -            933 458807at33208        -            250   1.2e-22   78.4   8.8   6   6   1.2e-06   4.5e-05   20.9   0.0     4    71   624   697   621   702 0.85 -
Pdum_DN80129_c0_g2_i7:710-1570   -            287 458807at33208        -            250   2.7e-22   77.3   7.8   1   4   1.2e-09   4.6e-08   30.7   0.4     2    76     1    81     1    84 0.85 -
Pdum_DN80129_c0_g2_i7:710-1570   -            287 458807at33208        -            250   2.7e-22   77.3   7.8   2   4   1.6e-07   6.1e-06   23.8   0.0    35    76    79   123    77   128 0.88 -
Pdum_DN80129_c0_g2_i7:710-1570   -            287 458807at33208        -            250   2.7e-22   77.3   7.8   3   4   0.00012    0.0046   14.3   0.0     3    75   128   207   126   208 0.80 -
Pdum_DN80129_c0_g2_i7:710-1570   -            287 458807at33208        -            250   2.7e-22   77.3   7.8   4   4   1.3e-06   4.8e-05   20.8   0.4     9    75   177   252   169   270 0.84 -
Pdum_DN82012_c2_g2_i1:484-1302   -            273 458807at33208        -            250   1.6e-19   68.2  16.9   1   6    0.0003     0.011   13.1   0.6    43    76     2    36     1    40 0.88 -
Pdum_DN82012_c2_g2_i1:484-1302   -            273 458807at33208        -            250   1.6e-19   68.2  16.9   2   6   1.4e-05   0.00052   17.4   0.1    39    76    38    76    35    79 0.86 -
Pdum_DN82012_c2_g2_i1:484-1302   -            273 458807at33208        -            250   1.6e-19   68.2  16.9   3   6    0.0021     0.081   10.2   0.1    35    73    74   113    73   116 0.85 -
Pdum_DN82012_c2_g2_i1:484-1302   -            273 458807at33208        -            250   1.6e-19   68.2  16.9   4   6   2.6e-05   0.00099   16.5   0.2    38    76   117   156   113   162 0.87 -
Pdum_DN82012_c2_g2_i1:484-1302   -            273 458807at33208        -            250   1.6e-19   68.2  16.9   5   6   0.00048     0.018   12.4   0.3    35    77   154   197   152   202 0.85 -
Pdum_DN82012_c2_g2_i1:484-1302   -            273 458807at33208        -            250   1.6e-19   68.2  16.9   6   6   0.00097     0.037   11.4   0.0    43    75   205   238   197   248 0.84 -
Pdum_DN85045_c0_g1_i5:248-835    -            196 458807at33208        -            250   2.6e-18   64.3   4.0   1   5     0.036       1.4    6.2   0.0   212   237     1    26     1    32 0.93 -
Pdum_DN85045_c0_g1_i5:248-835    -            196 458807at33208        -            250   2.6e-18   64.3   4.0   2   5   0.00011    0.0042   14.4   0.1   206   238    37    69    29    77 0.88 -
Pdum_DN85045_c0_g1_i5:248-835    -            196 458807at33208        -            250   2.6e-18   64.3   4.0   3   5   9.4e-05    0.0036   14.7   0.0   207   237    80   110    65   117 0.82 -
Pdum_DN85045_c0_g1_i5:248-835    -            196 458807at33208        -            250   2.6e-18   64.3   4.0   4   5   0.00017    0.0063   13.9   0.1   204   236   118   151   111   156 0.77 -
Pdum_DN85045_c0_g1_i5:248-835    -            196 458807at33208        -            250   2.6e-18   64.3   4.0   5   5   0.00017    0.0063   13.9   0.0    30    70   153   196   149   196 0.59 -
Pdum_DN79110_c0_g1_i7:340-1365   -            342 458807at33208        -            250   2.7e-18   64.2   7.9   1   6      0.58        22    2.3   0.0   208   235    48    75    44    88 0.70 -
Pdum_DN79110_c0_g1_i7:340-1365   -            342 458807at33208        -            250   2.7e-18   64.2   7.9   2   6   3.1e-14   1.2e-12   45.7   0.2     1    80    89   175    89   192 0.81 -
Pdum_DN79110_c0_g1_i7:340-1365   -            342 458807at33208        -            250   2.7e-18   64.2   7.9   3   6      0.28        11    3.3   0.1    52    73   188   209   178   214 0.80 -
Pdum_DN79110_c0_g1_i7:340-1365   -            342 458807at33208        -            250   2.7e-18   64.2   7.9   4   6     0.034       1.3    6.3   0.0   205   239   214   248   201   256 0.76 -
Pdum_DN79110_c0_g1_i7:340-1365   -            342 458807at33208        -            250   2.7e-18   64.2   7.9   5   6      0.74        28    1.9   0.0   217   238   276   297   269   308 0.86 -
Pdum_DN79110_c0_g1_i7:340-1365   -            342 458807at33208        -            250   2.7e-18   64.2   7.9   6   6      0.11       4.3    4.6   0.1   206   232   307   333   302   340 0.79 -
Pdum_DN75190_c1_g2_i8:1873-2820  -            316 458807at33208        -            250   7.7e-17   59.4   9.2   1   4     0.061       2.3    5.5   0.1    47    73    51    78    40    83 0.78 -
Pdum_DN75190_c1_g2_i8:1873-2820  -            316 458807at33208        -            250   7.7e-17   59.4   9.2   2   4   2.2e-08   8.3e-07   26.6   2.5    40   145    84   199    79   200 0.70 -
Pdum_DN75190_c1_g2_i8:1873-2820  -            316 458807at33208        -            250   7.7e-17   59.4   9.2   3   4     1e-07   3.8e-06   24.4   0.3     2    75   168   243   167   247 0.82 -
Pdum_DN75190_c1_g2_i8:1873-2820  -            316 458807at33208        -            250   7.7e-17   59.4   9.2   4   4    0.0072      0.27    8.5   0.0    38    72   245   280   242   288 0.84 -
Pdum_DN76828_c2_g1_i1:4967-5695  -            243 458807at33208        -            250   1.5e-16   58.5   9.5   1   4   1.2e-05   0.00046   17.6   0.3    41    79    42    82     5    84 0.84 -
Pdum_DN76828_c2_g1_i1:4967-5695  -            243 458807at33208        -            250   1.5e-16   58.5   9.5   2   4   2.7e-05     0.001   16.4   0.1    40    78    82   123    79   127 0.82 -
Pdum_DN76828_c2_g1_i1:4967-5695  -            243 458807at33208        -            250   1.5e-16   58.5   9.5   3   4    0.0011      0.04   11.2   0.0   208   237   126   155   122   163 0.89 -
Pdum_DN76828_c2_g1_i1:4967-5695  -            243 458807at33208        -            250   1.5e-16   58.5   9.5   4   4   5.1e-06   0.00019   18.8   0.4     8    70   175   243   166   243 0.86 -
Pdum_DN83656_c0_g1_i2:2236-2991  -            252 458807at33208        -            250     2e-16   58.1   8.8   1   3   0.00089     0.034   11.5   0.5     3    76     5    97     3   102 0.71 -
Pdum_DN83656_c0_g1_i2:2236-2991  -            252 458807at33208        -            250     2e-16   58.1   8.8   2   3   6.2e-10   2.3e-08   31.7   0.1     3    76   102   179   100   184 0.86 -
Pdum_DN83656_c0_g1_i2:2236-2991  -            252 458807at33208        -            250     2e-16   58.1   8.8   3   3   1.7e-05   0.00063   17.1   0.2     1    69   182   252   182   252 0.77 -
Pdum_DN73138_c0_g1_i1:392-1264   -            291 458807at33208        -            250   5.5e-16   56.6   4.8   1   4   9.5e-05    0.0036   14.7   0.1     5    75     9    85     5    89 0.82 -
Pdum_DN73138_c0_g1_i1:392-1264   -            291 458807at33208        -            250   5.5e-16   56.6   4.8   2   4    0.0001    0.0039   14.6   0.0    35    74    84   126    82   134 0.86 -
Pdum_DN73138_c0_g1_i1:392-1264   -            291 458807at33208        -            250   5.5e-16   56.6   4.8   3   4     0.068       2.6    5.3   0.0    46    76   139   170   128   175 0.86 -
Pdum_DN73138_c0_g1_i1:392-1264   -            291 458807at33208        -            250   5.5e-16   56.6   4.8   4   4   1.9e-07   7.1e-06   23.5   0.3     7    76   177   254   172   273 0.83 -
Pdum_DN88256_c0_g1_i4:512-2926   -            805 458807at33208        -            250   3.3e-15   54.1  13.1   1   6      0.16       6.2    4.1   0.0   210   247    98   135    92   138 0.83 -
Pdum_DN88256_c0_g1_i4:512-2926   -            805 458807at33208        -            250   3.3e-15   54.1  13.1   2   6     0.022      0.82    6.9   0.0   179   238   107   170   104   179 0.73 -
Pdum_DN88256_c0_g1_i4:512-2926   -            805 458807at33208        -            250   3.3e-15   54.1  13.1   3   6   0.00053      0.02   12.2   1.2     2   242   181   413   180   415 0.66 -
Pdum_DN88256_c0_g1_i4:512-2926   -            805 458807at33208        -            250   3.3e-15   54.1  13.1   4   6   0.00088     0.033   11.5   0.1     2    70   378   457   377   461 0.71 -
Pdum_DN88256_c0_g1_i4:512-2926   -            805 458807at33208        -            250   3.3e-15   54.1  13.1   5   6   9.8e-05    0.0037   14.6   0.0     3    72   478   553   476   562 0.84 -
Pdum_DN88256_c0_g1_i4:512-2926   -            805 458807at33208        -            250   3.3e-15   54.1  13.1   6   6   0.00018    0.0068   13.8   0.3     3    89   562   654   560   689 0.82 -
Pdum_DN66770_c0_g1_i1:157-1065   -            303 458807at33208        -            250   3.5e-15   54.0   6.0   1   3   1.5e-10   5.8e-09   33.7   0.1     3    99    10   114     8   126 0.83 -
Pdum_DN66770_c0_g1_i1:157-1065   -            303 458807at33208        -            250   3.5e-15   54.0   6.0   2   3   0.00027      0.01   13.2   0.3    26    71   124   172   117   182 0.84 -
Pdum_DN66770_c0_g1_i1:157-1065   -            303 458807at33208        -            250   3.5e-15   54.0   6.0   3   3    0.0037      0.14    9.5   0.1    37    83   223   274   186   299 0.79 -
Pdum_DN92078_c7_g2_i1:2888-3787  -            300 458807at33208        -            250     5e-15   53.5   1.8   1   5       6.5   2.5e+02   -1.2   0.0    59    76    12    29     3    34 0.69 -
Pdum_DN92078_c7_g2_i1:2888-3787  -            300 458807at33208        -            250     5e-15   53.5   1.8   2   5   3.7e-05    0.0014   16.0   0.6     2    76    33   112    32   115 0.79 -
Pdum_DN92078_c7_g2_i1:2888-3787  -            300 458807at33208        -            250     5e-15   53.5   1.8   3   5   0.00065     0.025   11.9   0.0   213   238   125   150   118   158 0.89 -
Pdum_DN92078_c7_g2_i1:2888-3787  -            300 458807at33208        -            250     5e-15   53.5   1.8   4   5   0.00012    0.0045   14.3   0.0   202   238   198   234   189   239 0.88 -
Pdum_DN92078_c7_g2_i1:2888-3787  -            300 458807at33208        -            250     5e-15   53.5   1.8   5   5      0.32        12    3.1   0.0   132   197   223   292   222   296 0.68 -
Pdum_DN78854_c0_g1_i1:1579-2349  -            257 458807at33208        -            250   5.7e-15   53.3   7.8   1   4   1.3e-05   0.00049   17.5   0.2     4    79     1    82     1    88 0.79 -
Pdum_DN78854_c0_g1_i1:1579-2349  -            257 458807at33208        -            250   5.7e-15   53.3   7.8   2   4   1.4e-05   0.00054   17.4   0.9     3    90    84   184    82   186 0.71 -
Pdum_DN78854_c0_g1_i1:1579-2349  -            257 458807at33208        -            250   5.7e-15   53.3   7.8   3   4      0.13       5.1    4.4   0.0   210   237   170   197   164   203 0.88 -
Pdum_DN78854_c0_g1_i1:1579-2349  -            257 458807at33208        -            250   5.7e-15   53.3   7.8   4   4   3.3e-05    0.0012   16.2   0.1   206   242   208   246   203   252 0.81 -
Pdum_DN87680_c1_g3_i1:3327-4124  -            266 458807at33208        -            250   7.2e-14   49.7  10.3   1   4     2e-05   0.00075   16.9   0.3     2    72     2    78     1    84 0.88 -
Pdum_DN87680_c1_g3_i1:3327-4124  -            266 458807at33208        -            250   7.2e-14   49.7  10.3   2   4     1e-08     4e-07   27.6   0.3     2    82    86   172    85   179 0.88 -
Pdum_DN87680_c1_g3_i1:3327-4124  -            266 458807at33208        -            250   7.2e-14   49.7  10.3   3   4     0.038       1.5    6.1   0.1    58    76   210   228   208   234 0.89 -
Pdum_DN87680_c1_g3_i1:3327-4124  -            266 458807at33208        -            250   7.2e-14   49.7  10.3   4   4      0.35        13    3.0   0.0   209   238   234   263   230   266 0.69 -
Pdum_DN90586_c2_g3_i4:2166-2804  -            213 458807at33208        -            250   1.2e-13   49.0   1.0   1   5       0.5        19    2.5   0.0    40    71     4    39     1    48 0.63 -
Pdum_DN90586_c2_g3_i4:2166-2804  -            213 458807at33208        -            250   1.2e-13   49.0   1.0   2   5      0.15       5.7    4.2   0.0    28    76    35    86    31    91 0.71 -
Pdum_DN90586_c2_g3_i4:2166-2804  -            213 458807at33208        -            250   1.2e-13   49.0   1.0   3   5    0.0049      0.19    9.1   0.0   207   238    90   121    86   132 0.85 -
Pdum_DN90586_c2_g3_i4:2166-2804  -            213 458807at33208        -            250   1.2e-13   49.0   1.0   4   5   4.2e-06   0.00016   19.1   0.0   208   237   133   162   127   167 0.91 -
Pdum_DN90586_c2_g3_i4:2166-2804  -            213 458807at33208        -            250   1.2e-13   49.0   1.0   5   5    0.0011     0.043   11.1   0.0    31    72   164   208   159   211 0.66 -
Pdum_DN84798_c1_g2_i5:993-2768   -            592 458807at33208        -            250   2.6e-13   47.9   6.6   1   8      0.23       8.8    3.6   0.0   210   238    47    75    43    89 0.87 -
Pdum_DN84798_c1_g2_i5:993-2768   -            592 458807at33208        -            250   2.6e-13   47.9   6.6   2   8       6.2   2.3e+02   -1.1   0.0   212   232    93   113    81   125 0.80 -
Pdum_DN84798_c1_g2_i5:993-2768   -            592 458807at33208        -            250   2.6e-13   47.9   6.6   3   8       2.9   1.1e+02   -0.0   0.0   203   222   128   147   115   165 0.78 -
Pdum_DN84798_c1_g2_i5:993-2768   -            592 458807at33208        -            250   2.6e-13   47.9   6.6   4   8    0.0084      0.32    8.3   0.1   207   236   175   204   162   217 0.87 -
Pdum_DN84798_c1_g2_i5:993-2768   -            592 458807at33208        -            250   2.6e-13   47.9   6.6   5   8   9.2e-06   0.00035   18.0   0.7     2    75   175   256   174   268 0.81 -
Pdum_DN84798_c1_g2_i5:993-2768   -            592 458807at33208        -            250   2.6e-13   47.9   6.6   6   8    0.0089      0.34    8.2   0.0     2    66   305   374   304   393 0.75 -
Pdum_DN84798_c1_g2_i5:993-2768   -            592 458807at33208        -            250   2.6e-13   47.9   6.6   7   8     0.022      0.84    6.9   0.0   203   235   467   499   442   507 0.86 -
Pdum_DN84798_c1_g2_i5:993-2768   -            592 458807at33208        -            250   2.6e-13   47.9   6.6   8   8     0.099       3.8    4.8   0.0   210   238   518   546   516   556 0.85 -
Pdum_DN80498_c1_g1_i1:1987-2589  -            201 458807at33208        -            250   2.6e-13   47.9   6.0   1   4    0.0018      0.07   10.5   0.1    53    77    13    37     5    39 0.87 -
Pdum_DN80498_c1_g1_i1:1987-2589  -            201 458807at33208        -            250   2.6e-13   47.9   6.0   2   4   5.4e-05    0.0021   15.5   0.1    35    76    34    80    33    85 0.79 -
Pdum_DN80498_c1_g1_i1:1987-2589  -            201 458807at33208        -            250   2.6e-13   47.9   6.0   3   4    0.0009     0.034   11.5   0.0   208   238    85   115    81   124 0.89 -
Pdum_DN80498_c1_g1_i1:1987-2589  -            201 458807at33208        -            250   2.6e-13   47.9   6.0   4   4   0.00023    0.0087   13.4   0.2    12    69   138   201   134   201 0.85 -
Pdum_DN84241_c0_g1_i1:2776-3423  -            216 458807at33208        -            250   1.3e-12   45.6   0.9   1   4   0.00065     0.025   11.9   0.0   208   242     8    42     2    49 0.88 -
Pdum_DN84241_c0_g1_i1:2776-3423  -            216 458807at33208        -            250   1.3e-12   45.6   0.9   2   4      0.15       5.8    4.2   0.0    42    74    50    87    45    93 0.52 -
Pdum_DN84241_c0_g1_i1:2776-3423  -            216 458807at33208        -            250   1.3e-12   45.6   0.9   3   4   2.2e-05   0.00083   16.8   0.1     2    69    93   168    92   170 0.71 -
Pdum_DN84241_c0_g1_i1:2776-3423  -            216 458807at33208        -            250   1.3e-12   45.6   0.9   4   4    0.0054       0.2    8.9   0.0   195   233   167   206   159   213 0.84 -
Pdum_DN84894_c0_g1_i9:97-867     -            257 458807at33208        -            250   2.6e-12   44.6   0.1   1   4       2.7     1e+02    0.1   0.0   211   242    16    47     3    55 0.66 -
Pdum_DN84894_c0_g1_i9:97-867     -            257 458807at33208        -            250   2.6e-12   44.6   0.1   2   4   0.00066     0.025   11.9   0.0   194   237    84   127    75   133 0.87 -
Pdum_DN84894_c0_g1_i9:97-867     -            257 458807at33208        -            250   2.6e-12   44.6   0.1   3   4    0.0045      0.17    9.2   0.0    42    72   140   173   133   181 0.56 -
Pdum_DN84894_c0_g1_i9:97-867     -            257 458807at33208        -            250   2.6e-12   44.6   0.1   4   4   3.6e-05    0.0014   16.1   0.0     3    70   182   256   180   257 0.80 -
Pdum_DN87342_c0_g1_i8:5-2425     -            807 458807at33208        -            250     5e-12   43.7   0.2   1   4      0.12       4.6    4.5   0.0   210   233    94   118    91   133 0.82 -
Pdum_DN87342_c0_g1_i8:5-2425     -            807 458807at33208        -            250     5e-12   43.7   0.2   2   4   0.00055     0.021   12.2   0.0   208   239   375   406   365   417 0.88 -
Pdum_DN87342_c0_g1_i8:5-2425     -            807 458807at33208        -            250     5e-12   43.7   0.2   3   4   4.1e-05    0.0016   15.9   0.0   126   238   430   533   404   543 0.80 -
Pdum_DN87342_c0_g1_i8:5-2425     -            807 458807at33208        -            250     5e-12   43.7   0.2   4   4       2.6        97    0.2   0.0   207   243   605   642   554   649 0.76 -
Pdum_DN71389_c1_g2_i1:359-1099   -            247 458807at33208        -            250   1.2e-11   42.5   4.9   1   2   4.6e-05    0.0017   15.7   0.2     2    77     4    91     3    93 0.73 -
Pdum_DN71389_c1_g2_i1:359-1099   -            247 458807at33208        -            250   1.2e-11   42.5   4.9   2   2   7.5e-05    0.0028   15.0   0.0   209   243   185   219   181   226 0.87 -
Pdum_DN80927_c0_g1_i1:489-1964   -            492 458807at33208        -            250   1.2e-11   42.4  10.1   1   4      0.24       9.1    3.5   0.1    41    77   144   183   137   204 0.70 -
Pdum_DN80927_c0_g1_i1:489-1964   -            492 458807at33208        -            250   1.2e-11   42.4  10.1   2   4   2.1e-05    0.0008   16.8   0.8     6    78   203   280   197   313 0.81 -
Pdum_DN80927_c0_g1_i1:489-1964   -            492 458807at33208        -            250   1.2e-11   42.4  10.1   3   4    0.0016     0.061   10.6   0.1     2    76   323   412   322   417 0.70 -
Pdum_DN80927_c0_g1_i1:489-1964   -            492 458807at33208        -            250   1.2e-11   42.4  10.1   4   4   0.00013    0.0049   14.2   0.0   208   240   417   449   413   458 0.88 -
Pdum_DN77740_c0_g3_i3:100-1476   -            459 458807at33208        -            250   1.9e-11   41.8   7.8   1   4   0.00085     0.032   11.6   0.1    42    78   146   185   140   193 0.80 -
Pdum_DN77740_c0_g3_i3:100-1476   -            459 458807at33208        -            250   1.9e-11   41.8   7.8   2   4   0.00064     0.024   11.9   0.1    18    75   203   266   186   273 0.65 -
Pdum_DN77740_c0_g3_i3:100-1476   -            459 458807at33208        -            250   1.9e-11   41.8   7.8   3   4     0.002     0.077   10.3   0.1    41    80   271   313   266   324 0.77 -
Pdum_DN77740_c0_g3_i3:100-1476   -            459 458807at33208        -            250   1.9e-11   41.8   7.8   4   4    0.0013     0.049   11.0   0.2     5    82   316   397   312   405 0.74 -
Pdum_DN65740_c0_g1_i1:159-803    -            215 458807at33208        -            250   3.6e-10   37.6   0.4   1   3   0.00037     0.014   12.7   0.0    34    77    29    76    13    84 0.78 -
Pdum_DN65740_c0_g1_i1:159-803    -            215 458807at33208        -            250   3.6e-10   37.6   0.4   2   3    0.0048      0.18    9.1   0.0   209   236    97   124    93   132 0.92 -
Pdum_DN65740_c0_g1_i1:159-803    -            215 458807at33208        -            250   3.6e-10   37.6   0.4   3   3   0.00038     0.014   12.7   0.0    32   234   175   211   145   215 0.55 -
Pdum_DN66493_c0_g1_i1:720-1655   -            312 458807at33208        -            250   4.2e-10   37.4   0.3   1   4     0.048       1.8    5.8   0.1    42    85    18    64    12    96 0.70 -
Pdum_DN66493_c0_g1_i1:720-1655   -            312 458807at33208        -            250   4.2e-10   37.4   0.3   2   4   0.00057     0.022   12.1   0.0    38    76   100   141    79   149 0.76 -
Pdum_DN66493_c0_g1_i1:720-1655   -            312 458807at33208        -            250   4.2e-10   37.4   0.3   3   4   0.00048     0.018   12.4   0.0     5    77   193   273   189   279 0.77 -
Pdum_DN66493_c0_g1_i1:720-1655   -            312 458807at33208        -            250   4.2e-10   37.4   0.3   4   4      0.97        37    1.5   0.0   209   227   279   297   274   307 0.83 -
Pdum_DN85879_c0_g1_i1:230-808    -            193 458807at33208        -            250   5.1e-10   37.1   0.0   1   3   0.00048     0.018   12.4   0.0     1    79    28   112    28   117 0.72 -
Pdum_DN85879_c0_g1_i1:230-808    -            193 458807at33208        -            250   5.1e-10   37.1   0.0   2   3     0.011      0.43    7.9   0.0   216   242   129   155   125   162 0.86 -
Pdum_DN85879_c0_g1_i1:230-808    -            193 458807at33208        -            250   5.1e-10   37.1   0.0   3   3   0.00069     0.026   11.8   0.0   204   236   159   191   151   193 0.88 -
Pdum_DN88766_c3_g2_i10:292-717   -            142 458807at33208        -            250     1e-09   36.1   0.8   1   3    0.0014     0.052   10.9   0.0   202   236    25    59     8    62 0.84 -
Pdum_DN88766_c3_g2_i10:292-717   -            142 458807at33208        -            250     1e-09   36.1   0.8   2   3   2.7e-07     1e-05   23.0   0.1     3    75    31   109    30   114 0.86 -
Pdum_DN88766_c3_g2_i10:292-717   -            142 458807at33208        -            250     1e-09   36.1   0.8   3   3     0.006      0.23    8.8   0.0   208   233   115   140   109   142 0.90 -
Pdum_DN72920_c0_g1_i5:770-1675   -            302 458807at33208        -            250     1e-09   36.1  11.3   1   5   1.2e-05   0.00045   17.6   1.8    36    82    52   101    10   117 0.71 -
Pdum_DN72920_c0_g1_i5:770-1675   -            302 458807at33208        -            250     1e-09   36.1  11.3   2   5       1.3        50    1.1   0.0   212   237   102   129    99   142 0.74 -
Pdum_DN72920_c0_g1_i5:770-1675   -            302 458807at33208        -            250     1e-09   36.1  11.3   3   5     0.085       3.2    5.0   0.0   216   238   150   172   142   182 0.86 -
Pdum_DN72920_c0_g1_i5:770-1675   -            302 458807at33208        -            250     1e-09   36.1  11.3   4   5     0.035       1.3    6.3   0.0   206   240   182   216   171   222 0.82 -
Pdum_DN72920_c0_g1_i5:770-1675   -            302 458807at33208        -            250     1e-09   36.1  11.3   5   5   0.00021    0.0078   13.6   0.6     2    77   183   264   182   291 0.73 -
Pdum_DN74356_c1_g1_i1:377-1456   -            360 458807at33208        -            250   1.5e-09   35.6   7.6   1   5   8.5e-05    0.0032   14.8   0.1     4    73     1    76     1    81 0.81 -
Pdum_DN74356_c1_g1_i1:377-1456   -            360 458807at33208        -            250   1.5e-09   35.6   7.6   2   5      0.25       9.4    3.5   0.0   206   247    82   127    78   130 0.81 -
Pdum_DN74356_c1_g1_i1:377-1456   -            360 458807at33208        -            250   1.5e-09   35.6   7.6   3   5       2.4        92    0.2   0.0   218   244   148   174   144   180 0.87 -
Pdum_DN74356_c1_g1_i1:377-1456   -            360 458807at33208        -            250   1.5e-09   35.6   7.6   4   5     0.016       0.6    7.4   0.2    31   118   171   265   163   269 0.74 -
Pdum_DN74356_c1_g1_i1:377-1456   -            360 458807at33208        -            250   1.5e-09   35.6   7.6   5   5   0.00057     0.022   12.1   0.4     9    76   247   321   240   330 0.76 -
Pdum_DN83588_c0_g2_i13:1452-2396 -            315 458807at33208        -            250     2e-09   35.2   3.4   1   5       4.8   1.8e+02   -0.7   0.1    59    71    15    27     1    33 0.73 -
Pdum_DN83588_c0_g2_i13:1452-2396 -            315 458807at33208        -            250     2e-09   35.2   3.4   2   5    0.0011     0.041   11.2   0.1     2    73    38   116    37   120 0.85 -
Pdum_DN83588_c0_g2_i13:1452-2396 -            315 458807at33208        -            250     2e-09   35.2   3.4   3   5   0.00013    0.0048   14.3   0.0     6    78    85   163    82   171 0.83 -
Pdum_DN83588_c0_g2_i13:1452-2396 -            315 458807at33208        -            250     2e-09   35.2   3.4   4   5     0.015      0.56    7.5   0.0   207   238   240   271   192   283 0.70 -
Pdum_DN83588_c0_g2_i13:1452-2396 -            315 458807at33208        -            250     2e-09   35.2   3.4   5   5      0.14       5.4    4.3   0.0     3    28   283   308   281   314 0.68 -
Pdum_DN90064_c4_g2_i4:2740-4161  -            474 458807at33208        -            250     2e-09   35.2   5.9   1   2   1.4e-05   0.00052   17.4   2.3    20   146   156   297   136   303 0.62 -
Pdum_DN90064_c4_g2_i4:2740-4161  -            474 458807at33208        -            250     2e-09   35.2   5.9   2   2   2.6e-05   0.00098   16.5   0.1     2    82   305   392   304   401 0.80 -
Pdum_DN83588_c0_g2_i13:1293-2279 -            329 458807at33208        -            250   2.8e-09   34.7   1.1   1   5     0.004      0.15    9.3   0.1     4    73     1    77     1    82 0.84 -
Pdum_DN83588_c0_g2_i13:1293-2279 -            329 458807at33208        -            250   2.8e-09   34.7   1.1   2   5   0.00014    0.0052   14.1   0.0     6    78    46   124    43   132 0.83 -
Pdum_DN83588_c0_g2_i13:1293-2279 -            329 458807at33208        -            250   2.8e-09   34.7   1.1   3   5       2.6        99    0.1   0.0    58    85   162   187   153   200 0.71 -
Pdum_DN83588_c0_g2_i13:1293-2279 -            329 458807at33208        -            250   2.8e-09   34.7   1.1   4   5     0.023      0.89    6.8   0.0   207   238   201   232   187   244 0.70 -
Pdum_DN83588_c0_g2_i13:1293-2279 -            329 458807at33208        -            250   2.8e-09   34.7   1.1   5   5     0.093       3.5    4.9   0.0     3    28   244   269   242   283 0.67 -
Pdum_DN88423_c1_g1_i2:993-1421   -            143 458807at33208        -            250   2.9e-09   34.7   2.9   1   2   6.8e-05    0.0026   15.1   0.2    42    81     9    49     5    62 0.84 -
Pdum_DN88423_c1_g1_i2:993-1421   -            143 458807at33208        -            250   2.9e-09   34.7   2.9   2   2   2.5e-06   9.3e-05   19.9   0.5    26    73    71   121    47   132 0.73 -
Pdum_DN87178_c0_g1_i10:2619-3539 -            307 458807at33208        -            250   3.3e-09   34.5   0.1   1   5      0.41        16    2.8   0.0    58    75     7    24     2    40 0.76 -
Pdum_DN87178_c0_g1_i10:2619-3539 -            307 458807at33208        -            250   3.3e-09   34.5   0.1   2   5   0.00052      0.02   12.2   0.0   208   244    41    77    33    85 0.86 -
Pdum_DN87178_c0_g1_i10:2619-3539 -            307 458807at33208        -            250   3.3e-09   34.5   0.1   3   5     0.068       2.6    5.3   0.0    40    70    92   125    87   137 0.82 -
Pdum_DN87178_c0_g1_i10:2619-3539 -            307 458807at33208        -            250   3.3e-09   34.5   0.1   4   5     0.016      0.61    7.4   0.0   192   243   215   266   154   272 0.75 -
Pdum_DN87178_c0_g1_i10:2619-3539 -            307 458807at33208        -            250   3.3e-09   34.5   0.1   5   5       4.6   1.7e+02   -0.7   0.0   213   236   282   305   269   307 0.79 -
Pdum_DN91072_c6_g2_i4:11-988     -            326 458807at33208        -            250   3.9e-09   34.2   2.8   1   5     0.042       1.6    6.0   0.0   209   242    29    62    14    70 0.85 -
Pdum_DN91072_c6_g2_i4:11-988     -            326 458807at33208        -            250   3.9e-09   34.2   2.8   2   5    0.0025     0.093   10.0   0.4    57    99    90   131    67   162 0.73 -
Pdum_DN91072_c6_g2_i4:11-988     -            326 458807at33208        -            250   3.9e-09   34.2   2.8   3   5      0.29        11    3.3   0.0    37    75   160   201   152   205 0.76 -
Pdum_DN91072_c6_g2_i4:11-988     -            326 458807at33208        -            250   3.9e-09   34.2   2.8   4   5   4.4e-05    0.0017   15.8   0.1     2    82   164   250   163   269 0.86 -
Pdum_DN91072_c6_g2_i4:11-988     -            326 458807at33208        -            250   3.9e-09   34.2   2.8   5   5    0.0028      0.11    9.9   0.1     2    72   206   280   205   298 0.59 -
Pdum_DN84814_c0_g2_i1:1505-2083  -            193 458807at33208        -            250   4.7e-09   33.9   0.4   1   4      0.37        14    2.9   0.0    40    73    31    67    12    73 0.57 -
Pdum_DN84814_c0_g2_i1:1505-2083  -            193 458807at33208        -            250   4.7e-09   33.9   0.4   2   4     0.012      0.44    7.8   0.2    28    78    61   113    31   117 0.68 -
Pdum_DN84814_c0_g2_i1:1505-2083  -            193 458807at33208        -            250   4.7e-09   33.9   0.4   3   4   0.00083     0.031   11.6   0.0   209   240   118   149   112   154 0.88 -
Pdum_DN84814_c0_g2_i1:1505-2083  -            193 458807at33208        -            250   4.7e-09   33.9   0.4   4   4    0.0023     0.087   10.1   0.0   203   237   154   188   147   193 0.82 -
Pdum_DN73504_c1_g7_i2:375-1772   -            466 458807at33208        -            250   5.7e-09   33.7   3.4   1   3    0.0012     0.044   11.1   0.1     2    74   138   227   137   234 0.71 -
Pdum_DN73504_c1_g7_i2:375-1772   -            466 458807at33208        -            250   5.7e-09   33.7   3.4   2   3   0.00022    0.0084   13.5   0.2     4    73   193   268   192   274 0.78 -
Pdum_DN73504_c1_g7_i2:375-1772   -            466 458807at33208        -            250   5.7e-09   33.7   3.4   3   3   9.7e-06   0.00037   17.9   0.9     3   178   234   440   232   442 0.65 -
Pdum_DN75190_c1_g2_i8:2335-2706  -            124 458807at33208        -            250   1.3e-08   32.5   3.2   1   3     0.014      0.54    7.6   0.1    47    73    13    40     3    46 0.78 -
Pdum_DN75190_c1_g2_i8:2335-2706  -            124 458807at33208        -            250   1.3e-08   32.5   3.2   2   3   1.3e-07   5.1e-06   24.0   0.1    40    83    46    91    40   101 0.81 -
Pdum_DN75190_c1_g2_i8:2335-2706  -            124 458807at33208        -            250   1.3e-08   32.5   3.2   3   3       1.6        60    0.8   0.1    57    73   104   120    90   123 0.73 -
Pdum_DN89838_c3_g2_i15:954-1709  -            252 458807at33208        -            250   1.4e-08   32.4   3.8   1   4   0.00025    0.0094   13.3   0.1    21    73     1    57     1    66 0.77 -
Pdum_DN89838_c3_g2_i15:954-1709  -            252 458807at33208        -            250   1.4e-08   32.4   3.8   2   4     0.041       1.5    6.1   0.1    21    80    41   103    35   118 0.82 -
Pdum_DN89838_c3_g2_i15:954-1709  -            252 458807at33208        -            250   1.4e-08   32.4   3.8   3   4     0.019      0.73    7.1   0.1    35    75   136   177   116   181 0.78 -
Pdum_DN89838_c3_g2_i15:954-1709  -            252 458807at33208        -            250   1.4e-08   32.4   3.8   4   4    0.0022     0.084   10.2   0.0    39    81   180   227   176   237 0.79 -
Pdum_DN67795_c0_g1_i2:1517-2137  -            207 458807at33208        -            250   1.5e-08   32.3   1.5   1   2   3.2e-09   1.2e-07   29.3   0.1     4    76     1    79     1    88 0.86 -
Pdum_DN67795_c0_g1_i2:1517-2137  -            207 458807at33208        -            250   1.5e-08   32.3   1.5   2   2      0.68        26    2.0   0.1     9    74    90   164    83   182 0.69 -
Pdum_DN66431_c0_g1_i1:1561-2364  -            268 458807at33208        -            250     2e-08   31.9   5.6   1   5     0.086       3.3    5.0   0.2    39    70    48    81    28    86 0.81 -
Pdum_DN66431_c0_g1_i1:1561-2364  -            268 458807at33208        -            250     2e-08   31.9   5.6   2   5   1.8e-06   6.9e-05   20.3   0.6     2    72    50   123    49   129 0.85 -
Pdum_DN66431_c0_g1_i1:1561-2364  -            268 458807at33208        -            250     2e-08   31.9   5.6   3   5       2.9   1.1e+02    0.0   0.0    40    77   128   167   122   172 0.79 -
Pdum_DN66431_c0_g1_i1:1561-2364  -            268 458807at33208        -            250     2e-08   31.9   5.6   4   5    0.0038      0.14    9.4   0.0   209   238   172   201   168   208 0.91 -
Pdum_DN66431_c0_g1_i1:1561-2364  -            268 458807at33208        -            250     2e-08   31.9   5.6   5   5       2.9   1.1e+02   -0.0   0.0    47    70   216   241   204   258 0.73 -
Pdum_DN77965_c1_g1_i1:1646-2635  -            330 458807at33208        -            250   2.1e-08   31.8   1.9   1   4      0.05       1.9    5.8   0.0   202   237     2    37     1    43 0.90 -
Pdum_DN77965_c1_g1_i1:1646-2635  -            330 458807at33208        -            250   2.1e-08   31.8   1.9   2   4   0.00089     0.034   11.5   0.3     4    75    54   133    50   159 0.80 -
Pdum_DN77965_c1_g1_i1:1646-2635  -            330 458807at33208        -            250   2.1e-08   31.8   1.9   3   4     0.016      0.59    7.4   0.5     3    73   142   220   140   271 0.70 -
Pdum_DN77965_c1_g1_i1:1646-2635  -            330 458807at33208        -            250   2.1e-08   31.8   1.9   4   4      0.24       9.1    3.5   0.0   209   237   296   325   287   329 0.83 -
Pdum_DN83800_c0_g2_i3:14-562     -            183 458807at33208        -            250   6.8e-08   30.1   2.6   1   3     0.003      0.11    9.7   0.0    40    75    56    94    43    98 0.78 -
Pdum_DN83800_c0_g2_i3:14-562     -            183 458807at33208        -            250   6.8e-08   30.1   2.6   2   3     0.002     0.075   10.4   0.1    40    73    98   133    91   139 0.87 -
Pdum_DN83800_c0_g2_i3:14-562     -            183 458807at33208        -            250   6.8e-08   30.1   2.6   3   3    0.0045      0.17    9.2   0.1   208   238   141   171   136   177 0.63 -
Pdum_DN92345_c8_g1_i1:3879-4793  -            305 458807at33208        -            250   1.6e-07   28.9   1.7   1   4   0.00064     0.024   12.0   0.3    19    84     8    78     4    98 0.70 -
Pdum_DN92345_c8_g1_i1:3879-4793  -            305 458807at33208        -            250   1.6e-07   28.9   1.7   2   4    0.0055      0.21    8.9   0.0     6    83   101   189    99   198 0.74 -
Pdum_DN92345_c8_g1_i1:3879-4793  -            305 458807at33208        -            250   1.6e-07   28.9   1.7   3   4       1.5        57    0.9   0.0   214   239   240   265   201   272 0.55 -
Pdum_DN92345_c8_g1_i1:3879-4793  -            305 458807at33208        -            250   1.6e-07   28.9   1.7   4   4      0.29        11    3.3   0.0   195   218   263   286   260   290 0.84 -
Pdum_DN89089_c3_g1_i2:1021-1773  -            251 458807at33208        -            250   1.9e-07   28.7   0.2   1   3     0.068       2.6    5.3   0.0   210   242     1    33     1    38 0.93 -
Pdum_DN89089_c3_g1_i2:1021-1773  -            251 458807at33208        -            250   1.9e-07   28.7   0.2   2   3    0.0011      0.04   11.2   0.2    23    76    71   129    48   138 0.69 -
Pdum_DN89089_c3_g1_i2:1021-1773  -            251 458807at33208        -            250   1.9e-07   28.7   0.2   3   3    0.0081      0.31    8.3   0.0    51   104   147   208   139   250 0.60 -
Pdum_DN75651_c0_g1_i1:179-1012   -            278 458807at33208        -            250   2.8e-07   28.1   1.8   1   4      0.32        12    3.1   0.0   214   237    35    58    11    72 0.85 -
Pdum_DN75651_c0_g1_i1:179-1012   -            278 458807at33208        -            250   2.8e-07   28.1   1.8   2   4      0.99        38    1.5   0.0    55    73    88   106    65   117 0.64 -
Pdum_DN75651_c0_g1_i1:179-1012   -            278 458807at33208        -            250   2.8e-07   28.1   1.8   3   4   0.00074     0.028   11.8   0.2    40    85   118   166   112   177 0.79 -
Pdum_DN75651_c0_g1_i1:179-1012   -            278 458807at33208        -            250   2.8e-07   28.1   1.8   4   4     0.022      0.81    7.0   0.0   211   242   206   237   189   243 0.86 -
Pdum_DN63925_c0_g1_i1:119-1006   -            296 458807at33208        -            250   5.1e-07   27.3   6.6   1   4    0.0003     0.011   13.0   0.2   194   238    60   103    51   110 0.86 -
Pdum_DN63925_c0_g1_i1:119-1006   -            296 458807at33208        -            250   5.1e-07   27.3   6.6   2   4   0.00065     0.025   11.9   0.0   205   239   112   146   105   155 0.86 -
Pdum_DN63925_c0_g1_i1:119-1006   -            296 458807at33208        -            250   5.1e-07   27.3   6.6   3   4       1.9        72    0.6   0.0    62    83   178   199   152   228 0.69 -
Pdum_DN63925_c0_g1_i1:119-1006   -            296 458807at33208        -            250   5.1e-07   27.3   6.6   4   4      0.77        29    1.9   0.2    57    82   258   283   222   292 0.73 -
Pdum_DN74384_c0_g2_i2:99-1367    -            423 458807at33208        -            250   1.4e-06   25.8  16.7   1   5     0.017      0.65    7.3   4.4    17   112   113   220   107   231 0.71 -
Pdum_DN74384_c0_g2_i2:99-1367    -            423 458807at33208        -            250   1.4e-06   25.8  16.7   2   5   0.00064     0.024   11.9   0.4    39    80   260   299   254   316 0.74 -
Pdum_DN74384_c0_g2_i2:99-1367    -            423 458807at33208        -            250   1.4e-06   25.8  16.7   3   5      0.87        33    1.7   0.0   129   175   315   367   303   371 0.69 -
Pdum_DN74384_c0_g2_i2:99-1367    -            423 458807at33208        -            250   1.4e-06   25.8  16.7   4   5      0.35        13    3.0   0.1    47    72   353   378   333   383 0.75 -
Pdum_DN74384_c0_g2_i2:99-1367    -            423 458807at33208        -            250   1.4e-06   25.8  16.7   5   5     0.023      0.86    6.9   0.0    41    74   387   422   381   423 0.84 -
Pdum_DN83855_c0_g1_i4:658-1428   -            257 458807at33208        -            250   1.5e-06   25.7   0.1   1   3         5   1.9e+02   -0.8   0.0    59    75    10    26     4    35 0.77 -
Pdum_DN83855_c0_g1_i4:658-1428   -            257 458807at33208        -            250   1.5e-06   25.7   0.1   2   3   0.00026    0.0097   13.3   0.0   207   242    37    72    30    77 0.83 -
Pdum_DN83855_c0_g1_i4:658-1428   -            257 458807at33208        -            250   1.5e-06   25.7   0.1   3   3    0.0068      0.26    8.6   0.1    49    78   109   137    92   174 0.79 -
Pdum_DN84033_c1_g3_i1:1082-1726  -            215 458807at33208        -            250   1.8e-06   25.5   0.0   1   3     0.019      0.72    7.1   0.0   207   237     6    36     2    40 0.89 -
Pdum_DN84033_c1_g3_i1:1082-1726  -            215 458807at33208        -            250   1.8e-06   25.5   0.0   2   3      0.63        24    2.2   0.1    39    72    62    98    50   106 0.57 -
Pdum_DN84033_c1_g3_i1:1082-1726  -            215 458807at33208        -            250   1.8e-06   25.5   0.0   3   3   0.00038     0.014   12.7   0.0   200   238   100   138    95   147 0.91 -
Pdum_DN78454_c0_g1_i4:576-2111   -            512 458807at33208        -            250   5.9e-06   23.8   1.3   1   3      0.06       2.3    5.5   0.0   214   241   217   244   209   253 0.86 -
Pdum_DN78454_c0_g1_i4:576-2111   -            512 458807at33208        -            250   5.9e-06   23.8   1.3   2   3       3.6   1.4e+02   -0.3   0.0   216   241   269   294   266   303 0.80 -
Pdum_DN78454_c0_g1_i4:576-2111   -            512 458807at33208        -            250   5.9e-06   23.8   1.3   3   3   8.7e-05    0.0033   14.8   0.5     4   126   305   427   302   439 0.69 -
Pdum_DN87384_c0_g1_i3:1267-1899  -            211 458807at33208        -            250   7.1e-06   23.5   0.1   1   3       1.6        61    0.8   0.0   127   166    36    77    20   100 0.59 -
Pdum_DN87384_c0_g1_i3:1267-1899  -            211 458807at33208        -            250   7.1e-06   23.5   0.1   2   3     0.014      0.53    7.6   0.0   212   242   143   173   137   178 0.91 -
Pdum_DN87384_c0_g1_i3:1267-1899  -            211 458807at33208        -            250   7.1e-06   23.5   0.1   3   3   0.00081     0.031   11.6   0.0   207   237   180   210   174   211 0.89 -
Pdum_DN77673_c0_g1_i3:1295-1852  -            186 458807at33208        -            250   9.1e-06   23.2   1.5   1   3       0.2       7.7    3.8   0.0   118   148    24    54     6    58 0.79 -
Pdum_DN77673_c0_g1_i3:1295-1852  -            186 458807at33208        -            250   9.1e-06   23.2   1.5   2   3    0.0017     0.065   10.6   0.5    43    83    73   114    68   123 0.80 -
Pdum_DN77673_c0_g1_i3:1295-1852  -            186 458807at33208        -            250   9.1e-06   23.2   1.5   3   3     0.029       1.1    6.5   0.0    17    75   124   186   117   186 0.81 -
Pdum_DN84582_c3_g1_i1:332-1036   -            235 458807at33208        -            250   9.6e-06   23.1   0.8   1   2    0.0011     0.042   11.2   0.1    28    79     5    60     2    81 0.74 -
Pdum_DN84582_c3_g1_i1:332-1036   -            235 458807at33208        -            250   9.6e-06   23.1   0.8   2   2    0.0015     0.058   10.7   0.0    12    74    70   139    62   156 0.70 -
Pdum_DN79208_c0_g1_i2:96-1031    -            312 458807at33208        -            250     1e-05   23.0   1.6   1   4       1.1        43    1.3   0.0   130   174     9    56     4    69 0.56 -
Pdum_DN79208_c0_g1_i2:96-1031    -            312 458807at33208        -            250     1e-05   23.0   1.6   2   4      0.11       4.2    4.6   0.0   215   240    84   109    77   119 0.83 -
Pdum_DN79208_c0_g1_i2:96-1031    -            312 458807at33208        -            250     1e-05   23.0   1.6   3   4      0.25       9.6    3.5   0.0   211   240   123   152   112   160 0.76 -
Pdum_DN79208_c0_g1_i2:96-1031    -            312 458807at33208        -            250     1e-05   23.0   1.6   4   4     0.047       1.8    5.8   0.8    57    77   273   293   212   300 0.69 -
Pdum_DN66325_c0_g1_i1:831-1904   -            358 458807at33208        -            250   1.4e-05   22.6   0.1   1   3      0.36        13    3.0   0.0    56    75    45    64    28    68 0.79 -
Pdum_DN66325_c0_g1_i1:831-1904   -            358 458807at33208        -            250   1.4e-05   22.6   0.1   2   3     0.008       0.3    8.4   0.0   213   242    77   106    65   112 0.88 -
Pdum_DN66325_c0_g1_i1:831-1904   -            358 458807at33208        -            250   1.4e-05   22.6   0.1   3   3     0.029       1.1    6.5   0.0   117   143   332   358   322   358 0.69 -
Pdum_DN73439_c0_g1_i2:1041-1721  -            227 458807at33208        -            250   1.4e-05   22.6   0.7   1   2   1.8e-05    0.0007   17.0   0.1    28    79    35    89    19    94 0.81 -
Pdum_DN73439_c0_g1_i2:1041-1721  -            227 458807at33208        -            250   1.4e-05   22.6   0.7   2   2      0.11       4.3    4.6   0.1    40    73    89   125    86   136 0.72 -
Pdum_DN76096_c0_g1_i2:374-1027   -            218 458807at33208        -            250   2.7e-05   21.6   2.4   1   3     0.044       1.7    5.9   0.1    28    70     5    50     1    74 0.70 -
Pdum_DN76096_c0_g1_i2:374-1027   -            218 458807at33208        -            250   2.7e-05   21.6   2.4   2   3     0.085       3.2    5.0   0.1    53    76    88   111    53   136 0.84 -
Pdum_DN76096_c0_g1_i2:374-1027   -            218 458807at33208        -            250   2.7e-05   21.6   2.4   3   3    0.0028      0.11    9.9   0.0    39    73   166   203   144   213 0.76 -
Pdum_DN72823_c0_g2_i2:1154-1981  -            276 458807at33208        -            250   2.8e-05   21.6   1.2   1   3      0.03       1.1    6.5   0.1    41    74    72   108    25   140 0.69 -
Pdum_DN72823_c0_g2_i2:1154-1981  -            276 458807at33208        -            250   2.8e-05   21.6   1.2   2   3     0.065       2.5    5.4   0.1    49    76    84   110    72   189 0.70 -
Pdum_DN72823_c0_g2_i2:1154-1981  -            276 458807at33208        -            250   2.8e-05   21.6   1.2   3   3   0.00048     0.018   12.4   0.1   212   238   215   241   199   249 0.86 -
Pdum_DN75894_c0_g1_i3:333-1052   -            240 458807at33208        -            250     3e-05   21.5   1.5   1   3    0.0083      0.31    8.3   0.2    42    78    19    58     8    61 0.83 -
Pdum_DN75894_c0_g1_i3:333-1052   -            240 458807at33208        -            250     3e-05   21.5   1.5   2   3    0.0007     0.026   11.8   0.0   207   236    60    90    56   101 0.83 -
Pdum_DN75894_c0_g1_i3:333-1052   -            240 458807at33208        -            250     3e-05   21.5   1.5   3   3        10   3.8e+02   -1.8   0.0   226   240   169   183   115   199 0.57 -
Pdum_DN92615_c3_g1_i3:1432-2112  -            227 458807at33208        -            250   3.3e-05   21.3   1.5   1   3   0.00077     0.029   11.7   0.1    37    89     5    60     2    68 0.80 -
Pdum_DN92615_c3_g1_i3:1432-2112  -            227 458807at33208        -            250   3.3e-05   21.3   1.5   2   3       1.5        59    0.9   0.1    40    74    57    92    46    98 0.81 -
Pdum_DN92615_c3_g1_i3:1432-2112  -            227 458807at33208        -            250   3.3e-05   21.3   1.5   3   3     0.015      0.56    7.5   0.0    38    75   184   223   168   226 0.80 -
Pdum_DN90581_c4_g2_i3:17-301     -             95 458807at33208        -            250   3.7e-05   21.2   0.3   1   2    0.0033      0.13    9.6   0.0   205   235    12    42     2    46 0.84 -
Pdum_DN90581_c4_g2_i3:17-301     -             95 458807at33208        -            250   3.7e-05   21.2   0.3   2   2    0.0017     0.063   10.6   0.1    28    71    43    91    40    95 0.80 -
Pdum_DN74464_c0_g1_i5:1442-2167  -            242 458807at33208        -            250     4e-05   21.1   2.7   1   3      0.09       3.4    4.9   0.0   207   237     5    35     2    45 0.90 -
Pdum_DN74464_c0_g1_i5:1442-2167  -            242 458807at33208        -            250     4e-05   21.1   2.7   2   3   0.00032     0.012   12.9   0.1     3    54   104   157   102   191 0.81 -
Pdum_DN74464_c0_g1_i5:1442-2167  -            242 458807at33208        -            250     4e-05   21.1   2.7   3   3      0.73        28    1.9   0.2    41    71   194   227   183   235 0.53 -
Pdum_DN83552_c2_g1_i4:337-1659   -            441 458807at33208        -            250   4.4e-05   20.9   1.2   1   4     0.031       1.2    6.4   0.0    38    73    58    97    50   106 0.61 -
Pdum_DN83552_c2_g1_i4:337-1659   -            441 458807at33208        -            250   4.4e-05   20.9   1.2   2   4      0.26        10    3.4   0.0   209   240   106   137    97   145 0.83 -
Pdum_DN83552_c2_g1_i4:337-1659   -            441 458807at33208        -            250   4.4e-05   20.9   1.2   3   4     0.047       1.8    5.8   0.0   209   243   279   313   254   321 0.85 -
Pdum_DN83552_c2_g1_i4:337-1659   -            441 458807at33208        -            250   4.4e-05   20.9   1.2   4   4       2.4        92    0.2   0.0    49    94   331   378   324   417 0.64 -
Pdum_DN82173_c1_g1_i7:1104-1730  -            209 458807at33208        -            250   7.6e-05   20.2   0.7   1   2   7.4e-05    0.0028   15.0   0.4     2    89    46   146    45   180 0.70 -
Pdum_DN82173_c1_g1_i7:1104-1730  -            209 458807at33208        -            250   7.6e-05   20.2   0.7   2   2      0.34        13    3.0   0.0   205   237   174   206   170   209 0.61 -
Pdum_DN90273_c4_g1_i2:3537-4052  -            172 458807at33208        -            250     8e-05   20.1   1.1   1   2    0.0013      0.05   10.9   0.0   207   243    47    83    41    89 0.88 -
Pdum_DN90273_c4_g1_i2:3537-4052  -            172 458807at33208        -            250     8e-05   20.1   1.1   2   2     0.017      0.65    7.3   0.2    22   146   109   165    88   171 0.45 -
Pdum_DN84903_c4_g3_i8:753-1754   -            334 458807at33208        -            250    0.0001   19.8   0.3   1   1   8.8e-06   0.00033   18.1   0.1     5   143    55   198    51   211 0.82 -
Pdum_DN84002_c0_g1_i8:796-1551   -            252 458807at33208        -            250   0.00011   19.7   0.0   1   4     0.045       1.7    5.9   0.0    55    89     9    43     2    49 0.83 -
Pdum_DN84002_c0_g1_i8:796-1551   -            252 458807at33208        -            250   0.00011   19.7   0.0   2   4      0.68        26    2.0   0.0    57    72    61    76    40    83 0.55 -
Pdum_DN84002_c0_g1_i8:796-1551   -            252 458807at33208        -            250   0.00011   19.7   0.0   3   4     0.016      0.59    7.4   0.0   195   238    72   115    56   122 0.85 -
Pdum_DN84002_c0_g1_i8:796-1551   -            252 458807at33208        -            250   0.00011   19.7   0.0   4   4       1.3        49    1.1   0.0   138   169   158   190   132   219 0.73 -
Pdum_DN87402_c0_g1_i1:93-1976    -            628 458807at33208        -            250   0.00012   19.5   0.2   1   4    0.0014     0.052   10.9   0.3    41    82   289   333   285   477 0.74 -
Pdum_DN87402_c0_g1_i1:93-1976    -            628 458807at33208        -            250   0.00012   19.5   0.2   2   4      0.65        25    2.1   0.0   194   235   485   526   479   540 0.87 -
Pdum_DN87402_c0_g1_i1:93-1976    -            628 458807at33208        -            250   0.00012   19.5   0.2   3   4       2.4        90    0.3   0.0   207   237   541   571   527   579 0.84 -
Pdum_DN87402_c0_g1_i1:93-1976    -            628 458807at33208        -            250   0.00012   19.5   0.2   4   4         6   2.3e+02   -1.0   0.0   207   237   597   626   595   628 0.87 -
Pdum_DN90517_c4_g2_i3:211-1731   -            507 458807at33208        -            250   0.00014   19.3   2.0   1   4      0.95        36    1.6   0.0   207   240    71   105    38   111 0.84 -
Pdum_DN90517_c4_g2_i3:211-1731   -            507 458807at33208        -            250   0.00014   19.3   2.0   2   4       1.4        53    1.0   0.0   203   230   246   273   242   282 0.86 -
Pdum_DN90517_c4_g2_i3:211-1731   -            507 458807at33208        -            250   0.00014   19.3   2.0   3   4    0.0053       0.2    8.9   0.0     3    30   298   325   296   335 0.90 -
Pdum_DN90517_c4_g2_i3:211-1731   -            507 458807at33208        -            250   0.00014   19.3   2.0   4   4      0.26        10    3.4   0.1    47    80   358   394   341   437 0.68 -
Pdum_DN82853_c0_g1_i2:2495-3019  -            175 458807at33208        -            250   0.00014   19.3   0.4   1   1     1e-05    0.0004   17.8   0.3     2    78     1    86     1   103 0.82 -
Pdum_DN85054_c1_g3_i7:3145-3996  -            284 458807at33208        -            250   0.00018   18.9   1.0   1   4    0.0018     0.068   10.5   0.0   214   247     8    41     1    44 0.86 -
Pdum_DN85054_c1_g3_i7:3145-3996  -            284 458807at33208        -            250   0.00018   18.9   1.0   2   4      0.76        29    1.9   0.1    40    77    46    88    40    97 0.72 -
Pdum_DN85054_c1_g3_i7:3145-3996  -            284 458807at33208        -            250   0.00018   18.9   1.0   3   4       2.2        84    0.4   0.0   216   241   101   126    97   132 0.81 -
Pdum_DN85054_c1_g3_i7:3145-3996  -            284 458807at33208        -            250   0.00018   18.9   1.0   4   4       1.5        55    1.0   0.0   195   221   247   273   232   282 0.70 -
Pdum_DN63408_c0_g1_i3:4-960      -            319 458807at33208        -            250   0.00019   18.8   0.2   1   2    0.0024      0.09   10.1   0.1     2    72    16    90    14   109 0.58 -
Pdum_DN63408_c0_g1_i3:4-960      -            319 458807at33208        -            250   0.00019   18.8   0.2   2   2     0.058       2.2    5.5   0.0    56    86   179   209   167   222 0.87 -
Pdum_DN70491_c0_g1_i1:1-1254     -            418 458807at33208        -            250   0.00019   18.8   0.1   1   1   9.2e-06   0.00035   18.0   0.1     2    83   185   276   184   286 0.80 -
Pdum_DN80990_c0_g1_i2:150-1607   -            486 458807at33208        -            250   0.00025   18.5   2.3   1   2     0.008       0.3    8.4   0.0    38    81   243   290   239   300 0.74 -
Pdum_DN80990_c0_g1_i2:150-1607   -            486 458807at33208        -            250   0.00025   18.5   2.3   2   2    0.0084      0.32    8.3   0.7    59   182   311   450   301   470 0.57 -
Pdum_DN91578_c1_g1_i1:293-997    -            235 458807at33208        -            250   0.00029   18.3   0.4   1   2   8.8e-05    0.0033   14.8   0.2     5    76   117   193   114   218 0.70 -
Pdum_DN91578_c1_g1_i1:293-997    -            235 458807at33208        -            250   0.00029   18.3   0.4   2   2       1.7        63    0.8   0.1    37    74   193   231   190   233 0.79 -
Pdum_DN92785_c3_g1_i2:3114-4076  -            321 458807at33208        -            250   0.00034   18.0   2.1   1   3       1.5        55    1.0   0.0    55    77    56    80    17   149 0.79 -
Pdum_DN92785_c3_g1_i2:3114-4076  -            321 458807at33208        -            250   0.00034   18.0   2.1   2   3      0.42        16    2.7   0.0    52    84   196   229   188   255 0.70 -
Pdum_DN92785_c3_g1_i2:3114-4076  -            321 458807at33208        -            250   0.00034   18.0   2.1   3   3   0.00064     0.024   12.0   0.4     5    71   246   318   242   321 0.73 -
Pdum_DN82629_c0_g1_i4:473-2515   -            681 458807at33208        -            250   0.00036   17.9   1.0   1   4      0.31        12    3.1   0.0   213   240   209   236   195   247 0.84 -
Pdum_DN82629_c0_g1_i4:473-2515   -            681 458807at33208        -            250   0.00036   17.9   1.0   2   4     0.012      0.45    7.8   0.1    34    77   301   345   275   355 0.69 -
Pdum_DN82629_c0_g1_i4:473-2515   -            681 458807at33208        -            250   0.00036   17.9   1.0   3   4       1.7        64    0.7   0.0   217   241   364   388   351   395 0.84 -
Pdum_DN82629_c0_g1_i4:473-2515   -            681 458807at33208        -            250   0.00036   17.9   1.0   4   4       5.5   2.1e+02   -0.9   0.0   143   181   483   524   474   534 0.68 -
Pdum_DN78867_c0_g1_i4:315-983    -            223 458807at33208        -            250    0.0013   16.1   0.0   1   1   0.00037     0.014   12.8   0.0     9    92    59   155    53   177 0.71 -
Pdum_DN71483_c1_g1_i1:599-1228   -            210 458807at33208        -            250    0.0017   15.7   0.3   1   2      0.15       5.8    4.2   0.0    43    78    68   107    62   112 0.64 -
Pdum_DN71483_c1_g1_i1:599-1228   -            210 458807at33208        -            250    0.0017   15.7   0.3   2   2    0.0032      0.12    9.6   0.1     2    76   116   197   115   204 0.81 -
Pdum_DN92425_c3_g2_i1:539-1228   -            230 458807at33208        -            250    0.0023   15.3   0.6   1   3       1.3        50    1.1   0.1   118   147     6    36     2    50 0.65 -
Pdum_DN92425_c3_g2_i1:539-1228   -            230 458807at33208        -            250    0.0023   15.3   0.6   2   3    0.0034      0.13    9.6   0.1     3   101    44   148    42   177 0.63 -
Pdum_DN92425_c3_g2_i1:539-1228   -            230 458807at33208        -            250    0.0023   15.3   0.6   3   3      0.37        14    2.9   0.0    33    77   164   209   129   220 0.72 -
Pdum_DN84536_c0_g1_i1:2255-2878  -            208 458807at33208        -            250    0.0024   15.2   0.0   1   2     0.085       3.2    5.0   0.0    43    74    46    80     1    85 0.56 -
Pdum_DN84536_c0_g1_i1:2255-2878  -            208 458807at33208        -            250    0.0024   15.2   0.0   2   2     0.044       1.7    5.9   0.0   201   235   162   196   145   203 0.86 -
Pdum_DN91312_c3_g1_i1:2567-3481  -            305 458807at33208        -            250    0.0032   14.8   0.9   1   4       2.2        85    0.3   0.0    58    75    17    34     1    49 0.75 -
Pdum_DN91312_c3_g1_i1:2567-3481  -            305 458807at33208        -            250    0.0032   14.8   0.9   2   4     0.032       1.2    6.4   0.0   210   242    47    79    40    87 0.85 -
Pdum_DN91312_c3_g1_i1:2567-3481  -            305 458807at33208        -            250    0.0032   14.8   0.9   3   4       3.5   1.3e+02   -0.3   0.0     8    70   183   256   178   263 0.50 -
Pdum_DN91312_c3_g1_i1:2567-3481  -            305 458807at33208        -            250    0.0032   14.8   0.9   4   4      0.34        13    3.0   0.0   207   232   274   299   270   304 0.60 -
Pdum_DN80062_c1_g1_i8:396-980    -            195 458807at33208        -            250    0.0032   14.8   2.4   1   4      0.63        24    2.2   0.0    51    74     8    32     1    49 0.71 -
Pdum_DN80062_c1_g1_i8:396-980    -            195 458807at33208        -            250    0.0032   14.8   2.4   2   4      0.27        10    3.3   0.0   215   230    61    76    58    83 0.86 -
Pdum_DN80062_c1_g1_i8:396-980    -            195 458807at33208        -            250    0.0032   14.8   2.4   3   4     0.041       1.6    6.0   0.2    33    95    91   158    85   172 0.66 -
Pdum_DN80062_c1_g1_i8:396-980    -            195 458807at33208        -            250    0.0032   14.8   2.4   4   4       1.6        59    0.9   0.0    46    72   151   180   146   187 0.72 -
Pdum_DN90796_c3_g1_i4:1517-2605  -            363 458807at33208        -            250    0.0033   14.8   5.7   1   3       0.4        15    2.8   0.1   105   174    79   151     3   174 0.51 -
Pdum_DN90796_c3_g1_i4:1517-2605  -            363 458807at33208        -            250    0.0033   14.8   5.7   2   3     0.015      0.57    7.5   0.0   215   242   178   205   172   211 0.86 -
Pdum_DN90796_c3_g1_i4:1517-2605  -            363 458807at33208        -            250    0.0033   14.8   5.7   3   3     0.061       2.3    5.5   0.3    36    79   211   257   200   272 0.68 -
Pdum_DN83655_c1_g1_i2:238-2439   -            734 458807at33208        -            250    0.0039   14.6   0.2   1   2    0.0027       0.1    9.9   0.1    29   241    34   260    20   266 0.60 -
Pdum_DN83655_c1_g1_i2:238-2439   -            734 458807at33208        -            250    0.0039   14.6   0.2   2   2       3.5   1.3e+02   -0.3   0.0   128   160   449   481   423   487 0.87 -
Pdum_DN75461_c3_g1_i3:3415-4074  -            220 458807at33208        -            250    0.0052   14.2   0.6   1   3     0.064       2.4    5.4   0.1    41    80    10    51     7    57 0.74 -
Pdum_DN75461_c3_g1_i3:3415-4074  -            220 458807at33208        -            250    0.0052   14.2   0.6   2   3       0.1       3.8    4.8   0.0   210   240    53    84    51    94 0.76 -
Pdum_DN75461_c3_g1_i3:3415-4074  -            220 458807at33208        -            250    0.0052   14.2   0.6   3   3      0.91        34    1.6   0.0   119   119   149   149    71   214 0.51 -
Pdum_DN88892_c3_g1_i1:2670-3179  -            170 458807at33208        -            250    0.0072   13.7   0.3   1   2       2.6     1e+02    0.1   0.0   145   178    25    59    15    67 0.57 -
Pdum_DN88892_c3_g1_i1:2670-3179  -            170 458807at33208        -            250    0.0072   13.7   0.3   2   2    0.0011     0.042   11.2   0.3    31   103    63   139    38   157 0.79 -
Pdum_DN88741_c1_g1_i6:2841-3650  -            270 458807at33208        -            250    0.0073   13.7   2.0   1   4      0.84        32    1.7   0.1    46    76    60    91    50   116 0.76 -
Pdum_DN88741_c1_g1_i6:2841-3650  -            270 458807at33208        -            250    0.0073   13.7   2.0   2   4       3.9   1.5e+02   -0.5   0.0    59   104   119   166   110   176 0.70 -
Pdum_DN88741_c1_g1_i6:2841-3650  -            270 458807at33208        -            250    0.0073   13.7   2.0   3   4       3.5   1.3e+02   -0.3   0.0    37    74   139   180   132   192 0.69 -
Pdum_DN88741_c1_g1_i6:2841-3650  -            270 458807at33208        -            250    0.0073   13.7   2.0   4   4    0.0076      0.29    8.4   0.0   210   238   236   264   222   269 0.87 -
Pdum_DN74625_c0_g1_i4:613-1299   -            229 458807at33208        -            250    0.0073   13.7   0.0   1   1   0.00039     0.015   12.7   0.0   206   243    23    60     2    69 0.73 -
Pdum_DN89096_c2_g3_i4:2-1384     -            461 458807at33208        -            250    0.0075   13.6   2.3   1   3      0.05       1.9    5.8   0.0   207   237   102   132    76   144 0.69 -
Pdum_DN89096_c2_g3_i4:2-1384     -            461 458807at33208        -            250    0.0075   13.6   2.3   2   3       0.1       3.8    4.8   0.2    20    73   162   219   142   230 0.68 -
Pdum_DN89096_c2_g3_i4:2-1384     -            461 458807at33208        -            250    0.0075   13.6   2.3   3   3         8     3e+02   -1.5   0.0   210   229   228   247   224   255 0.79 -
Pdum_DN90517_c4_g1_i5:2-985      -            328 458807at33208        -            250    0.0099   13.2   0.1   1   2    0.0024      0.09   10.1   0.1    37    96    47   113    18   150 0.75 -
Pdum_DN90517_c4_g1_i5:2-985      -            328 458807at33208        -            250    0.0099   13.2   0.1   2   2       2.3        86    0.3   0.0   206   243   204   244   184   251 0.59 -
Pdum_DN83917_c0_g1_i10:2-1282    -            427 458807at33208        -            250      0.01   13.2   0.1   1   3         6   2.3e+02   -1.0   0.0   216   239   160   183   155   220 0.60 -
Pdum_DN83917_c0_g1_i10:2-1282    -            427 458807at33208        -            250      0.01   13.2   0.1   2   3    0.0033      0.13    9.6   0.0   211   239   286   314   269   324 0.82 -
Pdum_DN83917_c0_g1_i10:2-1282    -            427 458807at33208        -            250      0.01   13.2   0.1   3   3         5   1.9e+02   -0.8   0.0   215   242   333   360   330   367 0.75 -
Pdum_DN88147_c0_g1_i1:430-1308   -            293 458807at33208        -            250     0.012   13.0   0.3   1   1    0.0015     0.057   10.7   0.0    38    88   103   156    89   175 0.77 -
Pdum_DN89224_c5_g2_i10:3220-3918 -            233 458807at33208        -            250     0.021   12.2   3.6   1   3      0.46        17    2.6   0.5    39    73    82   120    44   131 0.71 -
Pdum_DN89224_c5_g2_i10:3220-3918 -            233 458807at33208        -            250     0.021   12.2   3.6   2   3      0.42        16    2.7   1.1    39    75   129   164    84   175 0.51 -
Pdum_DN89224_c5_g2_i10:3220-3918 -            233 458807at33208        -            250     0.021   12.2   3.6   3   3    0.0023     0.088   10.1   0.2     9    76   134   209   130   217 0.76 -
Pdum_DN87538_c0_g1_i11:59-631    -            191 458807at33208        -            250     0.023   12.0   0.2   1   1    0.0023     0.086   10.2   0.0   206   248     1    45     1    47 0.82 -
Pdum_DN80615_c0_g2_i1:231-1205   -            325 458807at33208        -            250     0.025   11.9   8.6   1   4      0.28        11    3.3   0.2    40    71    51    82    44   107 0.73 -
Pdum_DN80615_c0_g2_i1:231-1205   -            325 458807at33208        -            250     0.025   11.9   8.6   2   4       0.9        34    1.6   0.1    54    76   121   145    91   150 0.80 -
Pdum_DN80615_c0_g2_i1:231-1205   -            325 458807at33208        -            250     0.025   11.9   8.6   3   4    0.0014     0.052   10.9   0.3    40    75   148   186   126   204 0.63 -
Pdum_DN80615_c0_g2_i1:231-1205   -            325 458807at33208        -            250     0.025   11.9   8.6   4   4       7.5   2.9e+02   -1.4   0.1    30    59   270   299   255   309 0.70 -
Pdum_DN71445_c0_g2_i2:766-1509   -            248 458807at33208        -            250     0.026   11.9   3.5   1   3       4.5   1.7e+02   -0.6   0.0    58    74     2    18     1    29 0.78 -
Pdum_DN71445_c0_g2_i2:766-1509   -            248 458807at33208        -            250     0.026   11.9   3.5   2   3     0.011      0.42    7.9   0.5     6    75    30   106    26   128 0.57 -
Pdum_DN71445_c0_g2_i2:766-1509   -            248 458807at33208        -            250     0.026   11.9   3.5   3   3       2.2        83    0.4   0.0   214   234   219   239   213   246 0.86 -
Pdum_DN85938_c0_g1_i1:258-608    -            117 458807at33208        -            250     0.029   11.7   0.1   1   2    0.0085      0.32    8.3   0.1    49    81    10    41     2    58 0.79 -
Pdum_DN85938_c0_g1_i1:258-608    -            117 458807at33208        -            250     0.029   11.7   0.1   2   2       1.2        45    1.2   0.0   212   235    90   113    84   116 0.88 -
Pdum_DN92312_c5_g1_i1:3890-4381  -            164 458807at33208        -            250     0.036   11.4   0.1   1   2     0.022      0.85    6.9   0.0    41    76     5    49     2    58 0.70 -
Pdum_DN92312_c5_g1_i1:3890-4381  -            164 458807at33208        -            250     0.036   11.4   0.1   2   2      0.62        24    2.2   0.0    58    81   121   144   108   159 0.84 -
Pdum_DN76013_c0_g1_i3:463-1068   -            202 458807at33208        -            250     0.037   11.4   2.8   1   3     0.019      0.72    7.1   0.2    40    73    44    81     1    88 0.82 -
Pdum_DN76013_c0_g1_i3:463-1068   -            202 458807at33208        -            250     0.037   11.4   2.8   2   3      0.46        18    2.6   0.0    38    79    86   132    83   137 0.69 -
Pdum_DN76013_c0_g1_i3:463-1068   -            202 458807at33208        -            250     0.037   11.4   2.8   3   3       4.9   1.8e+02   -0.8   0.0    49    72   158   181   141   187 0.67 -
Pdum_DN86522_c0_g3_i4:534-1520   -            329 458807at33208        -            250     0.046   11.0  13.2   1   3     0.075       2.8    5.2   0.8    46    97     1    63     1    80 0.67 -
Pdum_DN86522_c0_g3_i4:534-1520   -            329 458807at33208        -            250     0.046   11.0  13.2   2   3     0.037       1.4    6.2   2.7    54   123   136   205    90   212 0.74 -
Pdum_DN86522_c0_g3_i4:534-1520   -            329 458807at33208        -            250     0.046   11.0  13.2   3   3      0.27        10    3.4   0.0     5    70   256   327   252   329 0.71 -
#
# Program:         hmmsearch
# Version:         3.1b2 (February 2015)
# Pipeline mode:   SEARCH
# Query file:      /mnt/f/phylo/WORMS/busco_analysis/busco_downloads/lineages/metazoa_odb10/hmms/458807at33208.hmm
# Target file:     /mnt/f/phylo/WORMS/busco_analysis/metazoa_lineage_result/run_metazoa_odb10/metaeuk_output/initial_results/Platynereis_ref.eggnog_filter.nucl.fasta.modified.fas
# Option settings: hmmsearch --domtblout /mnt/f/phylo/WORMS/busco_analysis/metazoa_lineage_result/run_metazoa_odb10/hmmer_output/initial_run_results/458807at33208.out --cpu 1 /mnt/f/phylo/WORMS/busco_analysis/busco_downloads/lineages/metazoa_odb10/hmms/458807at33208.hmm /mnt/f/phylo/WORMS/busco_analysis/metazoa_lineage_result/run_metazoa_odb10/metaeuk_output/initial_results/Platynereis_ref.eggnog_filter.nucl.fasta.modified.fas 
# Current dir:     /mnt/f/phylo/WORMS/busco_analysis
# Date:            Sun Mar 12 20:42:29 2023
# [ok]
