#                                                                                        --- full sequence --- -------------- this domain -------------   hmm coord   ali coord   env coord
# target name                    accession   tlen query name           accession   qlen   E-value  score  bias   #  of  c-Evalue  i-Evalue  score  bias  from    to  from    to  from    to  acc description of target
#            ------------------- ---------- ----- -------------------- ---------- ----- --------- ------ ----- --- --- --------- --------- ------ ----- ----- ----- ----- ----- ----- ----- ---- ---------------------
Pdum_DN83917_c0_g1_i10:2-1282    -            427 463071at33208        -            272     6e-86  285.9   8.1   1   2     0.039       1.9    5.5   0.1     1    53    93   145    93   152 0.87 -
Pdum_DN83917_c0_g1_i10:2-1282    -            427 463071at33208        -            272     6e-86  285.9   8.1   2   2   7.9e-86   3.8e-84  280.0   3.8    33   255   155   418   148   421 0.88 -
Pdum_DN87342_c0_g1_i8:5-2425     -            807 463071at33208        -            272   2.1e-22   77.5   0.2   1   5     0.029       1.4    6.0   0.0   143   193    19    69    14    70 0.83 -
Pdum_DN87342_c0_g1_i8:5-2425     -            807 463071at33208        -            272   2.1e-22   77.5   0.2   2   5   1.4e-05   0.00065   16.9   0.0   107   164    62   123    55   133 0.83 -
Pdum_DN87342_c0_g1_i8:5-2425     -            807 463071at33208        -            272   2.1e-22   77.5   0.2   3   5   3.7e-08   1.8e-06   25.3   0.1   117   261   312   462   305   474 0.77 -
Pdum_DN87342_c0_g1_i8:5-2425     -            807 463071at33208        -            272   2.1e-22   77.5   0.2   4   5   1.4e-06   6.7e-05   20.1   0.0   158   239   486   569   464   577 0.81 -
Pdum_DN87342_c0_g1_i8:5-2425     -            807 463071at33208        -            272   2.1e-22   77.5   0.2   5   5     0.092       4.4    4.3   0.0   141   175   613   649   604   659 0.86 -
Pdum_DN72920_c0_g1_i5:770-1675   -            302 463071at33208        -            272   2.1e-21   74.2   0.2   1   3   1.9e-08   9.2e-07   26.3   0.0   157   219    82   143    55   149 0.82 -
Pdum_DN72920_c0_g1_i5:770-1675   -            302 463071at33208        -            272   2.1e-21   74.2   0.2   2   3     1e-08   4.9e-07   27.1   0.0   183   239   149   208   143   218 0.85 -
Pdum_DN72920_c0_g1_i5:770-1675   -            302 463071at33208        -            272   2.1e-21   74.2   0.2   3   3   1.5e-07   7.1e-06   23.3   0.1   107   178   194   271   190   301 0.80 -
Pdum_DN79110_c0_g1_i7:340-1365   -            342 463071at33208        -            272   6.2e-19   66.2   0.1   1   4     2e-08   9.6e-07   26.2   0.0   107   208    58   166    44   177 0.73 -
Pdum_DN79110_c0_g1_i7:340-1365   -            342 463071at33208        -            272   6.2e-19   66.2   0.1   2   4   2.1e-06    0.0001   19.6   0.0   139   211   179   252   166   259 0.86 -
Pdum_DN79110_c0_g1_i7:340-1365   -            342 463071at33208        -            272   6.2e-19   66.2   0.1   3   4     0.001      0.05   10.7   0.0   142   174   274   308   267   316 0.85 -
Pdum_DN79110_c0_g1_i7:340-1365   -            342 463071at33208        -            272   6.2e-19   66.2   0.1   4   4     0.061         3    4.9   0.0    36    59   314   337   309   340 0.88 -
Pdum_DN92078_c7_g2_i1:2888-3787  -            300 463071at33208        -            272   3.5e-15   53.8   0.7   1   3   0.00013    0.0064   13.6   0.0   185   239     1    57     1    62 0.81 -
Pdum_DN92078_c7_g2_i1:2888-3787  -            300 463071at33208        -            272   3.5e-15   53.8   0.7   2   3    0.0015     0.074   10.2   0.1   138   237    78   184    59   185 0.76 -
Pdum_DN92078_c7_g2_i1:2888-3787  -            300 463071at33208        -            272   3.5e-15   53.8   0.7   3   3   2.6e-09   1.2e-07   29.1   0.0   103   209   168   280   164   289 0.87 -
Pdum_DN74150_c0_g1_i3:157-2955   -            933 463071at33208        -            272   5.8e-14   49.9   2.6   1   6    0.0023      0.11    9.6   0.0   150   207    35    93    18    99 0.77 -
Pdum_DN74150_c0_g1_i3:157-2955   -            933 463071at33208        -            272   5.8e-14   49.9   2.6   2   6   9.2e-05    0.0045   14.2   0.1   125   234    94   207    90   219 0.77 -
Pdum_DN74150_c0_g1_i3:157-2955   -            933 463071at33208        -            272   5.8e-14   49.9   2.6   3   6   2.6e-05    0.0012   16.0   0.1   103   203   409   511   318   519 0.82 -
Pdum_DN74150_c0_g1_i3:157-2955   -            933 463071at33208        -            272   5.8e-14   49.9   2.6   4   6       1.2        56    0.7   0.0   106   182   548   631   509   652 0.73 -
Pdum_DN74150_c0_g1_i3:157-2955   -            933 463071at33208        -            272   5.8e-14   49.9   2.6   5   6       1.3        64    0.5   0.0    35    71   627   663   620   668 0.87 -
Pdum_DN74150_c0_g1_i3:157-2955   -            933 463071at33208        -            272   5.8e-14   49.9   2.6   6   6      0.16       7.6    3.6   0.0   184   200   673   689   668   703 0.86 -
Pdum_DN78854_c0_g1_i1:1579-2349  -            257 463071at33208        -            272   3.7e-13   47.2   3.4   1   3   2.3e-10   1.1e-08   32.5   0.9   107   253    10   166     3   167 0.78 -
Pdum_DN78854_c0_g1_i1:1579-2349  -            257 463071at33208        -            272   3.7e-13   47.2   3.4   2   3   0.00018    0.0088   13.2   0.2   128   201   117   193   116   199 0.73 -
Pdum_DN78854_c0_g1_i1:1579-2349  -            257 463071at33208        -            272   3.7e-13   47.2   3.4   3   3    0.0048      0.23    8.5   0.1   138   200   171   234   167   243 0.80 -
Pdum_DN80129_c0_g2_i7:710-1570   -            287 463071at33208        -            272   4.1e-13   47.1   0.9   1   4     0.037       1.8    5.6   0.0   183   237     9    66     3    69 0.86 -
Pdum_DN80129_c0_g2_i7:710-1570   -            287 463071at33208        -            272   4.1e-13   47.1   0.9   2   4   0.00091     0.044   10.9   0.0   106   173    53   126    47   132 0.67 -
Pdum_DN80129_c0_g2_i7:710-1570   -            287 463071at33208        -            272   4.1e-13   47.1   0.9   3   4   5.5e-07   2.7e-05   21.5   0.0   138   198   131   193   125   218 0.84 -
Pdum_DN80129_c0_g2_i7:710-1570   -            287 463071at33208        -            272   4.1e-13   47.1   0.9   4   4     0.032       1.6    5.8   0.1   140   175   220   258   210   277 0.73 -
Pdum_DN78454_c0_g1_i4:576-2111   -            512 463071at33208        -            272   1.2e-12   45.6   2.3   1   3    0.0018     0.088    9.9   0.0   184   219   219   254   208   259 0.83 -
Pdum_DN78454_c0_g1_i4:576-2111   -            512 463071at33208        -            272   1.2e-12   45.6   2.3   2   3   2.7e-05    0.0013   15.9   0.2    96   175   260   346   256   351 0.73 -
Pdum_DN78454_c0_g1_i4:576-2111   -            512 463071at33208        -            272   1.2e-12   45.6   2.3   3   3   5.8e-06   0.00028   18.1   0.2   139   189   350   401   336   428 0.76 -
Pdum_DN88147_c0_g1_i1:430-1308   -            293 463071at33208        -            272   1.2e-12   45.5   0.6   1   3   1.2e-05   0.00056   17.1   0.0   116   231     2   123     1   141 0.76 -
Pdum_DN88147_c0_g1_i1:430-1308   -            293 463071at33208        -            272   1.2e-12   45.5   0.6   2   3     9e-05    0.0044   14.2   0.0   123   194   138   212   129   218 0.81 -
Pdum_DN88147_c0_g1_i1:430-1308   -            293 463071at33208        -            272   1.2e-12   45.5   0.6   3   3   0.00055     0.027   11.6   0.0   159   227   221   291   213   293 0.87 -
Pdum_DN83588_c0_g2_i13:1293-2279 -            329 463071at33208        -            272   3.8e-12   43.9   0.0   1   2   5.2e-09   2.5e-07   28.1   0.0   104   208     7   117     2   157 0.81 -
Pdum_DN83588_c0_g2_i13:1293-2279 -            329 463071at33208        -            272   3.8e-12   43.9   0.0   2   2   0.00017    0.0081   13.3   0.0   138   206   205   274   189   285 0.75 -
Pdum_DN83588_c0_g2_i13:1452-2396 -            315 463071at33208        -            272   3.9e-12   43.9   0.0   1   2   4.7e-09   2.3e-07   28.2   0.0   104   208    46   156    41   196 0.81 -
Pdum_DN83588_c0_g2_i13:1452-2396 -            315 463071at33208        -            272   3.9e-12   43.9   0.0   2   2   0.00021      0.01   13.0   0.0   137   206   243   313   228   315 0.76 -
Pdum_DN84798_c1_g2_i5:993-2768   -            592 463071at33208        -            272   4.7e-12   43.6   0.4   1   6    0.0082       0.4    7.8   0.0   152   213    22    83    16   112 0.74 -
Pdum_DN84798_c1_g2_i5:993-2768   -            592 463071at33208        -            272   4.7e-12   43.6   0.4   2   6      0.97        47    1.0   0.0   174   207   175   207    76   218 0.49 -
Pdum_DN84798_c1_g2_i5:993-2768   -            592 463071at33208        -            272   4.7e-12   43.6   0.4   3   6    0.0018     0.086    9.9   0.1   138   205   223   292   209   330 0.73 -
Pdum_DN84798_c1_g2_i5:993-2768   -            592 463071at33208        -            272   4.7e-12   43.6   0.4   4   6       1.9        92    0.0   0.0   139   188   310   361   277   376 0.66 -
Pdum_DN84798_c1_g2_i5:993-2768   -            592 463071at33208        -            272   4.7e-12   43.6   0.4   5   6       3.3   1.6e+02   -0.8   0.1   102   168   354   420   329   470 0.58 -
Pdum_DN84798_c1_g2_i5:993-2768   -            592 463071at33208        -            272   4.7e-12   43.6   0.4   6   6   6.3e-06   0.00031   18.0   0.0   138   213   475   553   418   571 0.79 -
Pdum_DN84814_c0_g2_i1:1505-2083  -            193 463071at33208        -            272   9.3e-12   42.6   0.0   1   2   1.1e-09   5.5e-08   30.3   0.0   159   246    18   107     5   118 0.80 -
Pdum_DN84814_c0_g2_i1:1505-2083  -            193 463071at33208        -            272   9.3e-12   42.6   0.0   2   2    0.0011     0.052   10.7   0.0   141   203   123   186   109   192 0.49 -
Pdum_DN80498_c1_g1_i1:1987-2589  -            201 463071at33208        -            272     1e-11   42.5   5.0   1   4   2.2e-07     1e-05   22.8   0.8   141   238     5   108     1   110 0.85 -
Pdum_DN80498_c1_g1_i1:1987-2589  -            201 463071at33208        -            272     1e-11   42.5   5.0   2   4   0.00041      0.02   12.0   0.0   158   207    68   116    65   125 0.83 -
Pdum_DN80498_c1_g1_i1:1987-2589  -            201 463071at33208        -            272     1e-11   42.5   5.0   3   4   1.7e-05   0.00081   16.6   0.0   139   215    89   168    87   179 0.85 -
Pdum_DN80498_c1_g1_i1:1987-2589  -            201 463071at33208        -            272     1e-11   42.5   5.0   4   4    0.0021       0.1    9.7   0.0   140   198   134   193   132   198 0.78 -
Pdum_DN63925_c0_g1_i1:119-1006   -            296 463071at33208        -            272   1.1e-11   42.4   0.9   1   2     0.012      0.56    7.3   0.0   100   175    36   115    28   139 0.67 -
Pdum_DN63925_c0_g1_i1:119-1006   -            296 463071at33208        -            272   1.1e-11   42.4   0.9   2   2   1.3e-10   6.5e-09   33.3   0.2   104   229   163   292   144   296 0.84 -
Pdum_DN92785_c3_g1_i2:3114-4076  -            321 463071at33208        -            272   9.3e-11   39.3   1.7   1   4       6.2     3e+02   -1.7   0.0   162   193    12    42     8    57 0.62 -
Pdum_DN92785_c3_g1_i2:3114-4076  -            321 463071at33208        -            272   9.3e-11   39.3   1.7   2   4   7.9e-06   0.00038   17.7   0.0   118   200    65   158    30   162 0.80 -
Pdum_DN92785_c3_g1_i2:3114-4076  -            321 463071at33208        -            272   9.3e-11   39.3   1.7   3   4       1.5        72    0.4   0.0   156   179   206   229   189   246 0.73 -
Pdum_DN92785_c3_g1_i2:3114-4076  -            321 463071at33208        -            272   9.3e-11   39.3   1.7   4   4   2.9e-06   0.00014   19.1   0.3   116   206   225   316   217   319 0.81 -
Pdum_DN90586_c2_g3_i4:2166-2804  -            213 463071at33208        -            272   9.9e-11   39.3   0.0   1   2   3.4e-05    0.0016   15.6   0.0   140   236    11   112     3   116 0.75 -
Pdum_DN90586_c2_g3_i4:2166-2804  -            213 463071at33208        -            272   9.9e-11   39.3   0.0   2   2   3.1e-07   1.5e-05   22.3   0.0   119   205   115   204   104   211 0.84 -
Pdum_DN86522_c0_g3_i4:534-1520   -            329 463071at33208        -            272   1.2e-10   38.9   1.6   1   3    0.0005     0.024   11.8   0.1   159   217    24    81     6    84 0.70 -
Pdum_DN86522_c0_g3_i4:534-1520   -            329 463071at33208        -            272   1.2e-10   38.9   1.6   2   3   1.1e-08   5.3e-07   27.0   0.7   104   257    47   210    32   216 0.82 -
Pdum_DN86522_c0_g3_i4:534-1520   -            329 463071at33208        -            272   1.2e-10   38.9   1.6   3   3    0.0044      0.21    8.7   0.0   139   209   217   287   212   322 0.83 -
Pdum_DN79208_c0_g1_i2:96-1031    -            312 463071at33208        -            272   3.1e-10   37.6   0.0   1   2   4.8e-08   2.3e-06   24.9   0.0   101   210    38   154    34   185 0.69 -
Pdum_DN79208_c0_g1_i2:96-1031    -            312 463071at33208        -            272   3.1e-10   37.6   0.0   2   2    0.0082       0.4    7.8   0.0   108   203   223   282   208   299 0.51 -
Pdum_DN80927_c0_g1_i1:489-1964   -            492 463071at33208        -            272   2.1e-09   34.9   0.6   1   3       1.4        69    0.4   0.0   182   206   206   230   138   235 0.61 -
Pdum_DN80927_c0_g1_i1:489-1964   -            492 463071at33208        -            272   2.1e-09   34.9   0.6   2   3   4.4e-05    0.0021   15.2   0.1   141   242   247   351   232   363 0.83 -
Pdum_DN80927_c0_g1_i1:489-1964   -            492 463071at33208        -            272   2.1e-09   34.9   0.6   3   3   7.5e-05    0.0036   14.5   0.0   156   208   398   449   358   460 0.68 -
Pdum_DN91072_c6_g2_i4:11-988     -            326 463071at33208        -            272   2.7e-09   34.5   0.6   1   3    0.0081      0.39    7.8   0.0   125   169    18    64    11   103 0.82 -
Pdum_DN91072_c6_g2_i4:11-988     -            326 463071at33208        -            272   2.7e-09   34.5   0.6   2   3   3.6e-06   0.00017   18.8   0.3   122   225    99   214    78   215 0.77 -
Pdum_DN91072_c6_g2_i4:11-988     -            326 463071at33208        -            272   2.7e-09   34.5   0.6   3   3     0.016      0.79    6.8   0.0   139   178   211   254   208   261 0.81 -
Pdum_DN73512_c4_g2_i3:726-1661   -            312 463071at33208        -            272   9.1e-09   32.8   0.0   1   3    0.0037      0.18    8.9   0.0   141   207    63   129    32   138 0.53 -
Pdum_DN73512_c4_g2_i3:726-1661   -            312 463071at33208        -            272   9.1e-09   32.8   0.0   2   3   0.00038     0.018   12.1   0.0   129   199   135   207   126   219 0.77 -
Pdum_DN73512_c4_g2_i3:726-1661   -            312 463071at33208        -            272   9.1e-09   32.8   0.0   3   3    0.0038      0.19    8.9   0.0    36    92   227   284   217   289 0.87 -
Pdum_DN83552_c2_g1_i4:337-1659   -            441 463071at33208        -            272   1.6e-08   32.0   0.1   1   2   7.3e-07   3.5e-05   21.1   0.0   118   238    86   217    79   229 0.78 -
Pdum_DN83552_c2_g1_i4:337-1659   -            441 463071at33208        -            272   1.6e-08   32.0   0.1   2   2     0.057       2.8    5.0   0.0   125   166   310   353   303   364 0.82 -
Pdum_DN38861_c0_g1_i1:595-1392   -            266 463071at33208        -            272     2e-08   31.7   0.0   1   3   0.00011    0.0053   13.9   0.0   145   252     9   121     1   123 0.79 -
Pdum_DN38861_c0_g1_i1:595-1392   -            266 463071at33208        -            272     2e-08   31.7   0.0   2   3     0.099       4.8    4.2   0.0    31    75   124   169   121   172 0.82 -
Pdum_DN38861_c0_g1_i1:595-1392   -            266 463071at33208        -            272     2e-08   31.7   0.0   3   3    0.0018     0.089    9.9   0.0   184   239   190   250   188   261 0.69 -
Pdum_DN82012_c2_g2_i1:484-1302   -            273 463071at33208        -            272     2e-08   31.7   1.8   1   3    0.0016      0.08   10.1   0.1   121   220    25   123    12   132 0.78 -
Pdum_DN82012_c2_g2_i1:484-1302   -            273 463071at33208        -            272     2e-08   31.7   1.8   2   3   0.00068     0.033   11.3   0.1   126   181   110   167   105   183 0.81 -
Pdum_DN82012_c2_g2_i1:484-1302   -            273 463071at33208        -            272     2e-08   31.7   1.8   3   3   0.00048     0.023   11.8   0.0   158   218   184   244   173   248 0.89 -
Pdum_DN84903_c4_g3_i8:753-1754   -            334 463071at33208        -            272   2.6e-08   31.3   0.3   1   1   1.5e-07   7.3e-06   23.3   0.3    36   207    12   210     9   216 0.70 -
Pdum_DN66770_c0_g1_i1:157-1065   -            303 463071at33208        -            272   3.7e-08   30.8   1.2   1   4       1.7        83    0.2   0.0   140   174    15    53     2    56 0.61 -
Pdum_DN66770_c0_g1_i1:157-1065   -            303 463071at33208        -            272   3.7e-08   30.8   1.2   2   4      0.01      0.51    7.4   0.0   138   176    57    97    51   105 0.85 -
Pdum_DN66770_c0_g1_i1:157-1065   -            303 463071at33208        -            272   3.7e-08   30.8   1.2   3   4   0.00069     0.033   11.3   0.0   121   202   124   209   101   226 0.76 -
Pdum_DN66770_c0_g1_i1:157-1065   -            303 463071at33208        -            272   3.7e-08   30.8   1.2   4   4    0.0068      0.33    8.0   0.1   137   183   232   280   207   302 0.72 -
Pdum_DN73138_c0_g1_i1:392-1264   -            291 463071at33208        -            272   7.8e-08   29.8   0.6   1   3    0.0044      0.21    8.6   0.2   135   233     7   108     3   113 0.85 -
Pdum_DN73138_c0_g1_i1:392-1264   -            291 463071at33208        -            272   7.8e-08   29.8   0.6   2   3   0.00011    0.0052   13.9   0.2   126   250    80   210    61   215 0.76 -
Pdum_DN73138_c0_g1_i1:392-1264   -            291 463071at33208        -            272   7.8e-08   29.8   0.6   3   3   0.00025     0.012   12.7   0.0   107   235   183   280   173   286 0.45 -
Pdum_DN85045_c0_g1_i5:248-835    -            196 463071at33208        -            272   1.1e-07   29.3   0.0   1   2    0.0013     0.064   10.4   0.0   141   238     3   104     2   121 0.80 -
Pdum_DN85045_c0_g1_i5:248-835    -            196 463071at33208        -            272   1.1e-07   29.3   0.0   2   2   1.9e-05   0.00092   16.4   0.0   101   197   127   186   121   196 0.55 -
Pdum_DN78086_c1_g1_i5:2830-3705  -            292 463071at33208        -            272   1.8e-07   28.5   0.5   1   3   0.00069     0.033   11.3   0.0   142   237    10   110     3   123 0.74 -
Pdum_DN78086_c1_g1_i5:2830-3705  -            292 463071at33208        -            272   1.8e-07   28.5   0.5   2   3    0.0011     0.054   10.6   0.0   138   237   133   236   111   246 0.73 -
Pdum_DN78086_c1_g1_i5:2830-3705  -            292 463071at33208        -            272   1.8e-07   28.5   0.5   3   3      0.11       5.4    4.0   0.0   125   159   244   280   228   289 0.64 -
Pdum_DN75651_c0_g1_i1:179-1012   -            278 463071at33208        -            272   7.8e-07   26.5   0.3   1   3    0.0013     0.061   10.4   0.0   132   201    69   145    13   151 0.74 -
Pdum_DN75651_c0_g1_i1:179-1012   -            278 463071at33208        -            272   7.8e-07   26.5   0.3   2   3   2.6e-05    0.0013   16.0   0.2   106   205   129   232   122   238 0.74 -
Pdum_DN75651_c0_g1_i1:179-1012   -            278 463071at33208        -            272   7.8e-07   26.5   0.3   3   3       6.4   3.1e+02   -1.7   0.0   184   202   253   271   248   273 0.65 -
Pdum_DN78364_c0_g1_i1:226-1314   -            363 463071at33208        -            272   8.6e-07   26.3   0.1   1   2    0.0054      0.26    8.4   0.1   108   165    28    90    23    96 0.78 -
Pdum_DN78364_c0_g1_i1:226-1314   -            363 463071at33208        -            272   8.6e-07   26.3   0.1   2   2     3e-05    0.0014   15.8   0.0   137   207   103   173    92   180 0.86 -
Pdum_DN65740_c0_g1_i1:159-803    -            215 463071at33208        -            272   9.2e-07   26.2   0.3   1   3   0.00059     0.029   11.5   0.1   109   176     7    81     3    90 0.78 -
Pdum_DN65740_c0_g1_i1:159-803    -            215 463071at33208        -            272   9.2e-07   26.2   0.3   2   3      0.22        11    3.1   0.0   133   160    94   121    86   145 0.76 -
Pdum_DN65740_c0_g1_i1:159-803    -            215 463071at33208        -            272   9.2e-07   26.2   0.3   3   3    0.0051      0.25    8.4   0.0   105   163   154   215   148   215 0.80 -
Pdum_DN85879_c0_g1_i1:230-808    -            193 463071at33208        -            272   9.8e-07   26.2   0.0   1   2    0.0011     0.053   10.6   0.0   121   201    14    97     2   105 0.79 -
Pdum_DN85879_c0_g1_i1:230-808    -            193 463071at33208        -            272   9.8e-07   26.2   0.0   2   2   0.00012    0.0059   13.8   0.0   143   200   129   187   123   193 0.75 -
Pdum_DN87680_c1_g3_i1:3327-4124  -            266 463071at33208        -            272     1e-06   26.1   4.2   1   4      0.37        18    2.4   0.0    37    58     9    30     2    39 0.83 -
Pdum_DN87680_c1_g3_i1:3327-4124  -            266 463071at33208        -            272     1e-06   26.1   4.2   2   4   2.3e-06   0.00011   19.4   0.6   134   239    42   153    29   157 0.73 -
Pdum_DN87680_c1_g3_i1:3327-4124  -            266 463071at33208        -            272     1e-06   26.1   4.2   3   4     0.003      0.14    9.2   0.2   141   200    93   153    89   197 0.53 -
Pdum_DN87680_c1_g3_i1:3327-4124  -            266 463071at33208        -            272     1e-06   26.1   4.2   4   4      0.47        23    2.0   0.0   137   166   235   266   205   266 0.75 -
Pdum_DN92880_c2_g1_i2:4337-5176  -            280 463071at33208        -            272   1.3e-06   25.8   0.0   1   2       8.9   4.3e+02   -2.2   0.0   140   152    58    70    30    95 0.54 -
Pdum_DN92880_c2_g1_i2:4337-5176  -            280 463071at33208        -            272   1.3e-06   25.8   0.0   2   2     1e-07   5.1e-06   23.8   0.0   136   206   148   219   123   231 0.83 -
Pdum_DN92345_c8_g1_i1:3879-4793  -            305 463071at33208        -            272   1.7e-06   25.4   1.6   1   3    0.0021       0.1    9.7   0.1   137   196    36    97    17   102 0.82 -
Pdum_DN92345_c8_g1_i1:3879-4793  -            305 463071at33208        -            272   1.7e-06   25.4   1.6   2   3     0.011      0.55    7.3   0.0   140   174   103   138    91   178 0.78 -
Pdum_DN92345_c8_g1_i1:3879-4793  -            305 463071at33208        -            272   1.7e-06   25.4   1.6   3   3     0.019       0.9    6.6   0.0   127   177   226   278   206   305 0.61 -
Pdum_DN78867_c0_g1_i4:315-983    -            223 463071at33208        -            272     3e-06   24.6   0.0   1   1   1.9e-07   9.2e-06   23.0   0.0   101   240    16   162     8   182 0.77 -
Pdum_DN86294_c0_g1_i3:101-3103   -           1001 463071at33208        -            272   3.3e-06   24.4   0.0   1   3       4.8   2.3e+02   -1.3   0.0   138   164    13    41    10    43 0.83 -
Pdum_DN86294_c0_g1_i3:101-3103   -           1001 463071at33208        -            272   3.3e-06   24.4   0.0   2   3     0.011      0.54    7.3   0.0   122   216    78   172    68   188 0.85 -
Pdum_DN86294_c0_g1_i3:101-3103   -           1001 463071at33208        -            272   3.3e-06   24.4   0.0   3   3    0.0002    0.0097   13.1   0.0   140   214   187   262   182   268 0.90 -
Pdum_DN81583_c1_g1_i3:660-1619   -            320 463071at33208        -            272   5.7e-06   23.6   0.0   1   2     0.044       2.2    5.4   0.0   141   206   109   181    96   193 0.61 -
Pdum_DN81583_c1_g1_i3:660-1619   -            320 463071at33208        -            272   5.7e-06   23.6   0.0   2   2   8.5e-05    0.0041   14.3   0.0   139   215   197   277   190   320 0.80 -
Pdum_DN84981_c0_g1_i4:2535-3476  -            314 463071at33208        -            272   6.6e-06   23.4   0.0   1   4       1.8        87    0.1   0.0   144   194    29    81    24    83 0.66 -
Pdum_DN84981_c0_g1_i4:2535-3476  -            314 463071at33208        -            272   6.6e-06   23.4   0.0   2   4   0.00052     0.025   11.7   0.0   105   173    71   143    65   163 0.74 -
Pdum_DN84981_c0_g1_i4:2535-3476  -            314 463071at33208        -            272   6.6e-06   23.4   0.0   3   4      0.11       5.5    4.0   0.0   142   225   153   242   135   278 0.64 -
Pdum_DN84981_c0_g1_i4:2535-3476  -            314 463071at33208        -            272   6.6e-06   23.4   0.0   4   4      0.12       5.9    3.9   0.0   101   124   287   312   280   314 0.80 -
Pdum_DN74356_c1_g1_i1:377-1456   -            360 463071at33208        -            272   6.9e-06   23.4   0.2   1   3      0.73        35    1.4   0.0   184   237     8    64     3    77 0.75 -
Pdum_DN74356_c1_g1_i1:377-1456   -            360 463071at33208        -            272   6.9e-06   23.4   0.2   2   3     0.017      0.82    6.7   0.0   148   212   101   177    49   207 0.69 -
Pdum_DN74356_c1_g1_i1:377-1456   -            360 463071at33208        -            272   6.9e-06   23.4   0.2   3   3   0.00048     0.023   11.8   0.1   111   201   255   356   241   358 0.71 -
Pdum_DN85054_c1_g3_i7:3145-3996  -            284 463071at33208        -            272   7.1e-06   23.3   0.0   1   3     0.063         3    4.9   0.0   186   207    12    33     2    41 0.76 -
Pdum_DN85054_c1_g3_i7:3145-3996  -            284 463071at33208        -            272   7.1e-06   23.3   0.0   2   3     0.034       1.6    5.7   0.0   140   197    53   114    48   123 0.71 -
Pdum_DN85054_c1_g3_i7:3145-3996  -            284 463071at33208        -            272   7.1e-06   23.3   0.0   3   3    0.0046      0.22    8.6   0.0   154   217   194   259   168   283 0.72 -
Pdum_DN89838_c3_g2_i15:954-1709  -            252 463071at33208        -            272   9.3e-06   22.9   3.7   1   3     0.033       1.6    5.8   0.2   121   207     9    93     3   113 0.63 -
Pdum_DN89838_c3_g2_i15:954-1709  -            252 463071at33208        -            272   9.3e-06   22.9   3.7   2   3     9e-05    0.0044   14.2   0.1   158   218   126   183   108   189 0.85 -
Pdum_DN89838_c3_g2_i15:954-1709  -            252 463071at33208        -            272   9.3e-06   22.9   3.7   3   3     0.034       1.6    5.8   0.0   122   183   168   236   166   244 0.53 -
Pdum_DN83855_c0_g1_i4:658-1428   -            257 463071at33208        -            272   9.9e-06   22.9   0.0   1   3     0.068       3.3    4.8   0.0   138   168    41    73     6    83 0.64 -
Pdum_DN83855_c0_g1_i4:658-1428   -            257 463071at33208        -            272   9.9e-06   22.9   0.0   2   3   5.4e-05    0.0026   14.9   0.1   137   218   100   182    88   223 0.79 -
Pdum_DN83855_c0_g1_i4:658-1428   -            257 463071at33208        -            272   9.9e-06   22.9   0.0   3   3       1.9        90    0.0   0.0    81   122   189   232   168   238 0.71 -
Pdum_DN84894_c0_g1_i9:97-867     -            257 463071at33208        -            272   1.3e-05   22.5   0.0   1   3      0.66        32    1.5   0.0   145   196    23    76     1    96 0.63 -
Pdum_DN84894_c0_g1_i9:97-867     -            257 463071at33208        -            272   1.3e-05   22.5   0.0   2   3   1.7e-05   0.00082   16.6   0.0   137   228   100   195    62   212 0.74 -
Pdum_DN84894_c0_g1_i9:97-867     -            257 463071at33208        -            272   1.3e-05   22.5   0.0   3   3       1.6        75    0.3   0.0   101   118   229   246   225   252 0.61 -
Pdum_DN90581_c4_g3_i1:18-467     -            150 463071at33208        -            272   2.3e-05   21.7   0.0   1   1   6.5e-07   3.1e-05   21.2   0.0   100   178    36   124    28   149 0.78 -
Pdum_DN90079_c2_g2_i8:1469-1858  -            130 463071at33208        -            272   2.4e-05   21.6   0.0   1   1   6.1e-07     3e-05   21.3   0.0   158   220    51   114     4   124 0.76 -
Pdum_DN87384_c0_g1_i3:1267-1899  -            211 463071at33208        -            272   2.6e-05   21.5   0.0   1   1   1.2e-06   5.8e-05   20.3   0.0   100   163   142   211   136   211 0.84 -
Pdum_DN83655_c1_g1_i2:238-2439   -            734 463071at33208        -            272   3.6e-05   21.0   0.1   1   3      0.25        12    2.9   0.0   145   175    16    47    11    89 0.82 -
Pdum_DN83655_c1_g1_i2:238-2439   -            734 463071at33208        -            272   3.6e-05   21.0   0.1   2   3      0.18       8.5    3.4   0.0   141   211   233   302   219   316 0.83 -
Pdum_DN83655_c1_g1_i2:238-2439   -            734 463071at33208        -            272   3.6e-05   21.0   0.1   3   3    0.0024      0.12    9.5   0.0   144   243   495   596   486   613 0.86 -
Pdum_DN76096_c0_g1_i2:374-1027   -            218 463071at33208        -            272   4.5e-05   20.7   0.4   1   3       0.2       9.6    3.2   0.0   121   158     3    42     1    54 0.81 -
Pdum_DN76096_c0_g1_i2:374-1027   -            218 463071at33208        -            272   4.5e-05   20.7   0.4   2   3      0.99        48    0.9   0.0   161   206   102   143    78   160 0.57 -
Pdum_DN76096_c0_g1_i2:374-1027   -            218 463071at33208        -            272   4.5e-05   20.7   0.4   3   3   0.00016    0.0078   13.4   0.2   130   181   164   217   152   218 0.82 -
Pdum_DN79808_c0_g1_i2:642-4217   -           1192 463071at33208        -            272   4.7e-05   20.6   0.3   1   3   5.5e-05    0.0027   14.9   0.0   141   235    21   116    14   120 0.78 -
Pdum_DN79808_c0_g1_i2:642-4217   -           1192 463071at33208        -            272   4.7e-05   20.6   0.3   2   3      0.15       7.3    3.6   0.0   128   210    89   169    80   210 0.73 -
Pdum_DN79808_c0_g1_i2:642-4217   -           1192 463071at33208        -            272   4.7e-05   20.6   0.3   3   3       3.9   1.9e+02   -1.0   0.0   187   207   276   296   273   300 0.88 -
Pdum_DN90796_c3_g1_i4:1517-2605  -            363 463071at33208        -            272   5.8e-05   20.3   0.8   1   4    0.0028      0.14    9.3   0.0   126   207   119   202    99   207 0.75 -
Pdum_DN90796_c3_g1_i4:1517-2605  -            363 463071at33208        -            272   5.8e-05   20.3   0.8   2   4      0.17       8.3    3.4   0.1   139   171   221   253   216   261 0.76 -
Pdum_DN90796_c3_g1_i4:1517-2605  -            363 463071at33208        -            272   5.8e-05   20.3   0.8   3   4       1.3        62    0.6   0.0   187   207   295   315   285   321 0.83 -
Pdum_DN90796_c3_g1_i4:1517-2605  -            363 463071at33208        -            272   5.8e-05   20.3   0.8   4   4      0.43        21    2.1   0.0   135   159   329   353   297   362 0.78 -
Pdum_DN72823_c0_g2_i2:1154-1981  -            276 463071at33208        -            272   7.3e-05   20.0   0.0   1   2      0.12       5.7    4.0   0.0   138   202   117   182    80   196 0.72 -
Pdum_DN72823_c0_g2_i2:1154-1981  -            276 463071at33208        -            272   7.3e-05   20.0   0.0   2   2   0.00018    0.0085   13.2   0.0   191   237   226   275   203   276 0.86 -
Pdum_DN84582_c3_g1_i1:332-1036   -            235 463071at33208        -            272   9.2e-05   19.7   0.4   1   2    0.0021       0.1    9.7   0.2   128   238    12   128     1   133 0.73 -
Pdum_DN84582_c3_g1_i1:332-1036   -            235 463071at33208        -            272   9.2e-05   19.7   0.4   2   2   0.00053     0.025   11.7   0.1   142   214   112   184    96   197 0.76 -
Pdum_DN73504_c1_g7_i2:375-1772   -            466 463071at33208        -            272    0.0001   19.5   0.2   1   3   9.7e-05    0.0047   14.1   0.0   145   238   149   257   133   276 0.62 -
Pdum_DN73504_c1_g7_i2:375-1772   -            466 463071at33208        -            272    0.0001   19.5   0.2   2   3     0.002     0.097    9.8   0.0   108   171   203   272   202   308 0.63 -
Pdum_DN73504_c1_g7_i2:375-1772   -            466 463071at33208        -            272    0.0001   19.5   0.2   3   3      0.95        46    1.0   0.0   183   207   376   400   338   435 0.74 -
Pdum_DN87078_c1_g1_i1:1858-2604  -            249 463071at33208        -            272   0.00011   19.4   0.0   1   3       7.6   3.7e+02   -2.0   0.0   186   198    26    38    13    49 0.55 -
Pdum_DN87078_c1_g1_i1:1858-2604  -            249 463071at33208        -            272   0.00011   19.4   0.0   2   3     0.044       2.1    5.4   0.0   118   167   113   167   100   179 0.67 -
Pdum_DN87078_c1_g1_i1:1858-2604  -            249 463071at33208        -            272   0.00011   19.4   0.0   3   3    0.0011     0.055   10.6   0.0   142   198   183   240   170   249 0.61 -
Pdum_DN77740_c0_g3_i3:100-1476   -            459 463071at33208        -            272   0.00015   19.0   0.0   1   2     0.089       4.3    4.4   0.0   183   224   153   194   148   197 0.86 -
Pdum_DN77740_c0_g3_i3:100-1476   -            459 463071at33208        -            272   0.00015   19.0   0.0   2   2   0.00069     0.033   11.3   0.0   144   247   239   347   192   359 0.65 -
Pdum_DN88766_c3_g2_i10:292-717   -            142 463071at33208        -            272   0.00016   18.9   0.0   1   1     4e-06    0.0002   18.6   0.0   104   194    38   133    24   142 0.77 -
Pdum_DN75461_c3_g1_i3:3415-4074  -            220 463071at33208        -            272   0.00019   18.7   0.0   1   2     0.007      0.34    8.0   0.0   120   216    35   136    11   146 0.64 -
Pdum_DN75461_c3_g1_i3:3415-4074  -            220 463071at33208        -            272   0.00019   18.7   0.0   2   2     0.004      0.19    8.8   0.0   154   205   167   219   156   220 0.72 -
Pdum_DN83005_c1_g1_i1:16-1335    -            440 463071at33208        -            272   0.00019   18.6   0.4   1   2       1.4        68    0.4   0.0   146   188    10    54     5    58 0.68 -
Pdum_DN83005_c1_g1_i1:16-1335    -            440 463071at33208        -            272   0.00019   18.6   0.4   2   2   6.2e-05     0.003   14.7   0.3   138   224   114   202    82   211 0.69 -
Pdum_DN76828_c2_g1_i1:4967-5695  -            243 463071at33208        -            272   0.00024   18.3   1.9   1   3     0.096       4.6    4.3   0.1   186   209     7    30     3    37 0.87 -
Pdum_DN76828_c2_g1_i1:4967-5695  -            243 463071at33208        -            272   0.00024   18.3   1.9   2   3   0.00083      0.04   11.0   0.1   114   233    59   188    47   196 0.73 -
Pdum_DN76828_c2_g1_i1:4967-5695  -            243 463071at33208        -            272   0.00024   18.3   1.9   3   3      0.15       7.3    3.6   0.0   140   198   175   234   150   243 0.49 -
Pdum_DN78785_c0_g1_i2:534-2834   -            767 463071at33208        -            272   0.00044   17.5   0.1   1   2   0.00039     0.019   12.1   0.5    60   177    14   134     3   154 0.71 -
Pdum_DN78785_c0_g1_i2:534-2834   -            767 463071at33208        -            272   0.00044   17.5   0.1   2   2     0.011      0.54    7.3   0.0   119   226   114   231   113   243 0.73 -
Pdum_DN66325_c0_g1_i1:831-1904   -            358 463071at33208        -            272   0.00045   17.4   0.2   1   3   0.00051     0.025   11.7   0.0   138   208    31   104    23   119 0.79 -
Pdum_DN66325_c0_g1_i1:831-1904   -            358 463071at33208        -            272   0.00045   17.4   0.2   2   3   0.00062      0.03   11.4   0.0   140   217    77   159    44   163 0.69 -
Pdum_DN66325_c0_g1_i1:831-1904   -            358 463071at33208        -            272   0.00045   17.4   0.2   3   3       1.7        82    0.2   0.0   142   167   283   310   277   320 0.70 -
Pdum_DN89990_c3_g2_i4:936-1778   -            281 463071at33208        -            272   0.00063   16.9   0.1   1   2     0.068       3.3    4.8   0.0   189   223    47    81    38   104 0.78 -
Pdum_DN89990_c3_g2_i4:936-1778   -            281 463071at33208        -            272   0.00063   16.9   0.1   2   2    0.0059      0.28    8.2   0.0   106   218   126   250   113   272 0.66 -
Pdum_DN88741_c1_g1_i6:2841-3650  -            270 463071at33208        -            272   0.00071   16.8   0.3   1   3    0.0023      0.11    9.6   0.0   144   209    63   132    55   146 0.85 -
Pdum_DN88741_c1_g1_i6:2841-3650  -            270 463071at33208        -            272   0.00071   16.8   0.3   2   3      0.14       6.9    3.7   0.0   155   209   167   219   139   230 0.79 -
Pdum_DN88741_c1_g1_i6:2841-3650  -            270 463071at33208        -            272   0.00071   16.8   0.3   3   3      0.15       7.4    3.6   0.1   156   209   168   219   158   268 0.76 -
Pdum_DN91069_c3_g1_i7:2506-3243  -            246 463071at33208        -            272   0.00081   16.6   0.2   1   3       4.3   2.1e+02   -1.2   0.1   190   207    48    65    27    82 0.68 -
Pdum_DN91069_c3_g1_i7:2506-3243  -            246 463071at33208        -            272   0.00081   16.6   0.2   2   3    0.0013     0.061   10.4   0.0   182   211   180   209   176   223 0.83 -
Pdum_DN91069_c3_g1_i7:2506-3243  -            246 463071at33208        -            272   0.00081   16.6   0.2   3   3      0.32        15    2.6   0.0   183   203   223   243   217   246 0.85 -
Pdum_DN66486_c0_g1_i1:419-1648   -            410 463071at33208        -            272    0.0014   15.8   2.6   1   4     0.037       1.8    5.6   0.1   122   219    95   192    62   213 0.70 -
Pdum_DN66486_c0_g1_i1:419-1648   -            410 463071at33208        -            272    0.0014   15.8   2.6   2   4     0.049       2.4    5.2   0.0   104   170   156   228   146   235 0.75 -
Pdum_DN66486_c0_g1_i1:419-1648   -            410 463071at33208        -            272    0.0014   15.8   2.6   3   4     0.012      0.57    7.2   0.1   174   220   292   338   279   356 0.79 -
Pdum_DN66486_c0_g1_i1:419-1648   -            410 463071at33208        -            272    0.0014   15.8   2.6   4   4      0.76        37    1.3   0.1    34    72   340   380   330   384 0.73 -
Pdum_DN84536_c0_g1_i1:2255-2878  -            208 463071at33208        -            272    0.0015   15.7   0.1   1   2      0.24        12    3.0   0.0   178   264    49   138    20   140 0.72 -
Pdum_DN84536_c0_g1_i1:2255-2878  -            208 463071at33208        -            272    0.0015   15.7   0.1   2   2   0.00045     0.022   11.9   0.0   106   166   136   202   131   207 0.79 -
Pdum_DN87402_c0_g1_i1:93-1976    -            628 463071at33208        -            272    0.0025   15.0   0.1   1   2      0.27        13    2.8   0.0   137   181   292   338   283   360 0.81 -
Pdum_DN87402_c0_g1_i1:93-1976    -            628 463071at33208        -            272    0.0025   15.0   0.1   2   2    0.0073      0.35    7.9   0.0    28    61   456   489   435   525 0.68 -
Pdum_DN79218_c1_g3_i3:909-1547   -            213 463071at33208        -            272    0.0037   14.4   0.2   1   2   0.00019    0.0093   13.1   0.1   176   218    20    62     9    98 0.69 -
Pdum_DN79218_c1_g3_i3:909-1547   -            213 463071at33208        -            272    0.0037   14.4   0.2   2   2       2.8   1.4e+02   -0.5   0.0    50    87    83   121    68   140 0.59 -
Pdum_DN71445_c0_g2_i2:766-1509   -            248 463071at33208        -            272    0.0051   14.0   0.0   1   2   0.00042      0.02   12.0   0.0   138   200    30    94    16   112 0.82 -
Pdum_DN71445_c0_g2_i2:766-1509   -            248 463071at33208        -            272    0.0051   14.0   0.0   2   2       2.7   1.3e+02   -0.5   0.0   192   244   174   228   130   237 0.70 -
Pdum_DN75371_c0_g2_i4:68-763     -            232 463071at33208        -            272    0.0053   13.9   0.2   1   3   0.00065     0.031   11.4   0.0   155   204     7    56     2    67 0.87 -
Pdum_DN75371_c0_g2_i4:68-763     -            232 463071at33208        -            272    0.0053   13.9   0.2   2   3         4   1.9e+02   -1.0   0.0   156   166   139   149    92   181 0.52 -
Pdum_DN75371_c0_g2_i4:68-763     -            232 463071at33208        -            272    0.0053   13.9   0.2   3   3         6   2.9e+02   -1.6   0.0    56    93   185   222   172   226 0.63 -
Pdum_DN73439_c0_g1_i2:1041-1721  -            227 463071at33208        -            272    0.0062   13.7   0.0   1   1   0.00022      0.01   13.0   0.0   120   185    74   145    32   156 0.81 -
Pdum_DN74254_c0_g1_i10:1266-1853 -            196 463071at33208        -            272    0.0078   13.4   0.7   1   2    0.0014     0.066   10.3   0.3   176   214     3    39     1    56 0.80 -
Pdum_DN74254_c0_g1_i10:1266-1853 -            196 463071at33208        -            272    0.0078   13.4   0.7   2   2      0.99        48    0.9   0.0   162   174   154   166    98   195 0.67 -
Pdum_DN75190_c1_g2_i8:2335-2706  -            124 463071at33208        -            272      0.01   13.0   0.6   1   2   0.00097     0.047   10.8   0.1   119   175    30    88     9   100 0.65 -
Pdum_DN75190_c1_g2_i8:2335-2706  -            124 463071at33208        -            272      0.01   13.0   0.6   2   2      0.21        10    3.1   0.1   128   169    79   122    77   124 0.70 -
Pdum_DN92615_c3_g1_i3:1432-2112  -            227 463071at33208        -            272     0.015   12.5   0.1   1   1   0.00062      0.03   11.4   0.0   162   208   130   178   109   221 0.81 -
Pdum_DN92435_c3_g1_i6:249-854    -            202 463071at33208        -            272     0.019   12.1   0.1   1   1   0.00065     0.031   11.4   0.1   119   180    32    97    10   139 0.65 -
Pdum_DN79525_c1_g1_i2:759-1442   -            228 463071at33208        -            272      0.02   12.1   0.0   1   1    0.0008     0.039   11.1   0.0   141   213     5    87     1   122 0.74 -
Pdum_DN61369_c0_g1_i1:1242-1787  -            182 463071at33208        -            272     0.025   11.7   0.0   1   2     0.089       4.3    4.4   0.0   158   214     4    59     1    68 0.80 -
Pdum_DN61369_c0_g1_i1:1242-1787  -            182 463071at33208        -            272     0.025   11.7   0.0   2   2     0.035       1.7    5.7   0.0   155   236    96   180    77   182 0.81 -
Pdum_DN89809_c3_g1_i10:6324-7073 -            250 463071at33208        -            272     0.034   11.3   0.0   1   1    0.0014     0.068   10.3   0.0    17    93    37   113    27   116 0.87 -
Pdum_DN89089_c3_g1_i2:1021-1773  -            251 463071at33208        -            272     0.039   11.1   0.0   1   2       2.5   1.2e+02   -0.4   0.0   184   202     7    25     2    34 0.82 -
Pdum_DN89089_c3_g1_i2:1021-1773  -            251 463071at33208        -            272     0.039   11.1   0.0   2   2     0.004      0.19    8.8   0.0   152   200   152   202   140   245 0.82 -
#
# Program:         hmmsearch
# Version:         3.1b2 (February 2015)
# Pipeline mode:   SEARCH
# Query file:      /mnt/f/phylo/WORMS/busco_analysis/busco_downloads/lineages/metazoa_odb10/hmms/463071at33208.hmm
# Target file:     /mnt/f/phylo/WORMS/busco_analysis/metazoa_lineage_result/run_metazoa_odb10/metaeuk_output/initial_results/Platynereis_ref.eggnog_filter.nucl.fasta.modified.fas
# Option settings: hmmsearch --domtblout /mnt/f/phylo/WORMS/busco_analysis/metazoa_lineage_result/run_metazoa_odb10/hmmer_output/initial_run_results/463071at33208.out --cpu 1 /mnt/f/phylo/WORMS/busco_analysis/busco_downloads/lineages/metazoa_odb10/hmms/463071at33208.hmm /mnt/f/phylo/WORMS/busco_analysis/metazoa_lineage_result/run_metazoa_odb10/metaeuk_output/initial_results/Platynereis_ref.eggnog_filter.nucl.fasta.modified.fas 
# Current dir:     /mnt/f/phylo/WORMS/busco_analysis
# Date:            Sun Mar 12 20:42:30 2023
# [ok]
