#                                                                                        --- full sequence --- -------------- this domain -------------   hmm coord   ali coord   env coord
# target name                    accession   tlen query name           accession   qlen   E-value  score  bias   #  of  c-Evalue  i-Evalue  score  bias  from    to  from    to  from    to  acc description of target
#            ------------------- ---------- ----- -------------------- ---------- ----- --------- ------ ----- --- --- --------- --------- ------ ----- ----- ----- ----- ----- ----- ----- ---- ---------------------
Pdum_DN73667_c0_g1_i4:202-1662   -            487 470197at33208        -            328   1.3e-90  301.8   7.2   1   3      0.11       4.2    4.4   0.0    26    52    72    98    52   105 0.76 -
Pdum_DN73667_c0_g1_i4:202-1662   -            487 470197at33208        -            328   1.3e-90  301.8   7.2   2   3   4.9e-76   1.9e-74  248.7   5.8    40   263   112   361   103   377 0.87 -
Pdum_DN73667_c0_g1_i4:202-1662   -            487 470197at33208        -            328   1.3e-90  301.8   7.2   3   3   7.4e-13   2.9e-11   41.0   0.0   266   328   394   481   375   481 0.78 -
Pdum_DN80927_c0_g1_i1:489-1964   -            492 470197at33208        -            328   8.4e-24   82.2   7.7   1   5   0.00037     0.015   12.4   0.0   143   194   133   182   129   196 0.77 -
Pdum_DN80927_c0_g1_i1:489-1964   -            492 470197at33208        -            328   8.4e-24   82.2   7.7   2   5    0.0023     0.092    9.8   0.0   157   195   201   238   198   243 0.78 -
Pdum_DN80927_c0_g1_i1:489-1964   -            492 470197at33208        -            328   8.4e-24   82.2   7.7   3   5   0.00021    0.0082   13.3   0.0   158   196   243   280   228   287 0.80 -
Pdum_DN80927_c0_g1_i1:489-1964   -            492 470197at33208        -            328   8.4e-24   82.2   7.7   4   5   7.1e-07   2.8e-05   21.4   0.2   158   207   326   380   303   383 0.78 -
Pdum_DN80927_c0_g1_i1:489-1964   -            492 470197at33208        -            328   8.4e-24   82.2   7.7   5   5   3.2e-08   1.3e-06   25.8   0.1   122   215   388   480   368   489 0.76 -
Pdum_DN77965_c1_g1_i1:1646-2635  -            330 470197at33208        -            328   9.9e-21   72.1  13.4   1   6    0.0023      0.09    9.8   0.2   159   188    11    39     2    48 0.80 -
Pdum_DN77965_c1_g1_i1:1646-2635  -            330 470197at33208        -            328   9.9e-21   72.1  13.4   2   6   0.00015     0.006   13.7   0.0   153   193    50    89    45    97 0.82 -
Pdum_DN77965_c1_g1_i1:1646-2635  -            330 470197at33208        -            328   9.9e-21   72.1  13.4   3   6   5.3e-07   2.1e-05   21.8   0.4   158   198    99   138    92   147 0.83 -
Pdum_DN77965_c1_g1_i1:1646-2635  -            330 470197at33208        -            328   9.9e-21   72.1  13.4   4   6   0.00076      0.03   11.4   0.1    73   101   145   173   136   176 0.79 -
Pdum_DN77965_c1_g1_i1:1646-2635  -            330 470197at33208        -            328   9.9e-21   72.1  13.4   5   6     0.045       1.8    5.6   0.0   157   188   187   217   181   230 0.84 -
Pdum_DN77965_c1_g1_i1:1646-2635  -            330 470197at33208        -            328   9.9e-21   72.1  13.4   6   6   6.7e-05    0.0027   14.9   0.1   105   190   241   329   233   330 0.77 -
Pdum_DN83588_c0_g2_i13:1452-2396 -            315 470197at33208        -            328   2.7e-19   67.4   0.6   1   6   7.1e-06   0.00028   18.1   0.1   117   192     3    74     1    80 0.82 -
Pdum_DN83588_c0_g2_i13:1452-2396 -            315 470197at33208        -            328   2.7e-19   67.4   0.6   2   6   1.9e-08   7.5e-07   26.5   0.0   152   223    78   155    70   157 0.81 -
Pdum_DN83588_c0_g2_i13:1452-2396 -            315 470197at33208        -            328   2.7e-19   67.4   0.6   3   6     0.013      0.52    7.3   0.0   158   198   126   165   120   170 0.82 -
Pdum_DN83588_c0_g2_i13:1452-2396 -            315 470197at33208        -            328   2.7e-19   67.4   0.6   4   6       6.3   2.5e+02   -1.5   0.0   171   200   196   225   191   237 0.80 -
Pdum_DN83588_c0_g2_i13:1452-2396 -            315 470197at33208        -            328   2.7e-19   67.4   0.6   5   6     0.026         1    6.4   0.0   160   191   245   275   231   282 0.82 -
Pdum_DN83588_c0_g2_i13:1452-2396 -            315 470197at33208        -            328   2.7e-19   67.4   0.6   6   6    0.0023     0.092    9.8   0.0   159   189   286   315   277   315 0.84 -
Pdum_DN87680_c1_g3_i1:3327-4124  -            266 470197at33208        -            328   4.1e-17   60.3  10.8   1   5   6.1e-06   0.00024   18.3   0.1   113   195     8    83     5    87 0.87 -
Pdum_DN87680_c1_g3_i1:3327-4124  -            266 470197at33208        -            328   4.1e-17   60.3  10.8   2   5   4.2e-06   0.00017   18.8   0.1   156   204    87   134    81   137 0.84 -
Pdum_DN87680_c1_g3_i1:3327-4124  -            266 470197at33208        -            328   4.1e-17   60.3  10.8   3   5   0.00039     0.016   12.3   0.1   160   195   133   167   127   170 0.87 -
Pdum_DN87680_c1_g3_i1:3327-4124  -            266 470197at33208        -            328   4.1e-17   60.3  10.8   4   5      0.41        16    2.5   0.2    71    90   172   191   167   200 0.70 -
Pdum_DN87680_c1_g3_i1:3327-4124  -            266 470197at33208        -            328   4.1e-17   60.3  10.8   5   5     0.018       0.7    6.9   0.0   170   223   205   264   197   265 0.56 -
Pdum_DN78854_c0_g1_i1:1579-2349  -            257 470197at33208        -            328   6.3e-17   59.6   4.8   1   5   1.9e-06   7.4e-05   20.0   0.7   160   224     4    74     1    79 0.76 -
Pdum_DN78854_c0_g1_i1:1579-2349  -            257 470197at33208        -            328   6.3e-17   59.6   4.8   2   5   0.00014    0.0057   13.8   0.3   157   207    43    92    32    94 0.84 -
Pdum_DN78854_c0_g1_i1:1579-2349  -            257 470197at33208        -            328   6.3e-17   59.6   4.8   3   5   0.00013    0.0049   14.0   0.0   158   196    86   123    76   128 0.83 -
Pdum_DN78854_c0_g1_i1:1579-2349  -            257 470197at33208        -            328   6.3e-17   59.6   4.8   4   5   4.3e-05    0.0017   15.5   0.1   114   184   132   195   127   207 0.81 -
Pdum_DN78854_c0_g1_i1:1579-2349  -            257 470197at33208        -            328   6.3e-17   59.6   4.8   5   5     0.029       1.1    6.2   0.0   156   193   210   246   202   253 0.84 -
Pdum_DN83588_c0_g2_i13:1293-2279 -            329 470197at33208        -            328   6.5e-17   59.6   0.1   1   6    0.0063      0.25    8.4   0.0   161   191     5    34     1    39 0.82 -
Pdum_DN83588_c0_g2_i13:1293-2279 -            329 470197at33208        -            328   6.5e-17   59.6   0.1   2   6   2.1e-08   8.1e-07   26.4   0.0   152   223    39   116    31   118 0.81 -
Pdum_DN83588_c0_g2_i13:1293-2279 -            329 470197at33208        -            328   6.5e-17   59.6   0.1   3   6     0.014      0.54    7.3   0.0   158   198    87   126    80   131 0.82 -
Pdum_DN83588_c0_g2_i13:1293-2279 -            329 470197at33208        -            328   6.5e-17   59.6   0.1   4   6       6.6   2.6e+02   -1.5   0.0   171   200   157   186   151   197 0.80 -
Pdum_DN83588_c0_g2_i13:1293-2279 -            329 470197at33208        -            328   6.5e-17   59.6   0.1   5   6     0.027       1.1    6.3   0.0   160   191   206   236   191   243 0.82 -
Pdum_DN83588_c0_g2_i13:1293-2279 -            329 470197at33208        -            328   6.5e-17   59.6   0.1   6   6   0.00088     0.035   11.2   0.0   159   192   247   279   238   289 0.83 -
Pdum_DN80129_c0_g2_i7:710-1570   -            287 470197at33208        -            328   7.8e-17   59.4   4.7   1   4     0.009      0.36    7.9   0.1   159   187     5    32     2    43 0.82 -
Pdum_DN80129_c0_g2_i7:710-1570   -            287 470197at33208        -            328   7.8e-17   59.4   4.7   2   4   0.00022    0.0086   13.2   0.1   161   195    49    82    41    86 0.85 -
Pdum_DN80129_c0_g2_i7:710-1570   -            287 470197at33208        -            328   7.8e-17   59.4   4.7   3   4   3.1e-10   1.2e-08   32.4   0.0   113   224    91   203    84   216 0.83 -
Pdum_DN80129_c0_g2_i7:710-1570   -            287 470197at33208        -            328   7.8e-17   59.4   4.7   4   4       0.6        23    1.9   0.1   171   195   231   254   213   262 0.80 -
Pdum_DN79110_c0_g1_i7:340-1365   -            342 470197at33208        -            328   9.7e-16   55.8   0.0   1   4     0.065       2.6    5.1   0.0   151   190    43    81    31    87 0.80 -
Pdum_DN79110_c0_g1_i7:340-1365   -            342 470197at33208        -            328   9.7e-16   55.8   0.0   2   4   9.1e-05    0.0036   14.4   0.0   156   194    91   128    83   131 0.83 -
Pdum_DN79110_c0_g1_i7:340-1365   -            342 470197at33208        -            328   9.7e-16   55.8   0.0   3   4      0.17       6.7    3.7   0.0   160   192   137   169   130   174 0.87 -
Pdum_DN79110_c0_g1_i7:340-1365   -            342 470197at33208        -            328   9.7e-16   55.8   0.0   4   4   5.7e-08   2.2e-06   25.0   0.0   112   227   179   302   171   338 0.77 -
Pdum_DN84798_c1_g2_i5:993-2768   -            592 470197at33208        -            328   1.2e-14   52.1   0.1   1   5       2.4        93   -0.1   0.0   193   228    45    81    35    86 0.68 -
Pdum_DN84798_c1_g2_i5:993-2768   -            592 470197at33208        -            328   1.2e-14   52.1   0.1   2   5      0.14       5.6    3.9   0.0   266   285    90   109    82   113 0.88 -
Pdum_DN84798_c1_g2_i5:993-2768   -            592 470197at33208        -            328   1.2e-14   52.1   0.1   3   5    0.0092      0.36    7.8   0.0   154   223   175   251   133   256 0.60 -
Pdum_DN84798_c1_g2_i5:993-2768   -            592 470197at33208        -            328   1.2e-14   52.1   0.1   4   5      0.18       7.2    3.6   0.0   157   197   307   346   289   385 0.81 -
Pdum_DN84798_c1_g2_i5:993-2768   -            592 470197at33208        -            328   1.2e-14   52.1   0.1   5   5   9.8e-09   3.8e-07   27.5   0.7    57   189   459   591   436   592 0.81 -
Pdum_DN84241_c0_g1_i1:2776-3423  -            216 470197at33208        -            328   1.9e-14   51.5   4.4   1   3   4.1e-10   1.6e-08   32.0   0.3    67   182     5   119     1   134 0.73 -
Pdum_DN84241_c0_g1_i1:2776-3423  -            216 470197at33208        -            328   1.9e-14   51.5   4.4   2   3    0.0011     0.042   10.9   0.0   158   194   139   175   127   178 0.85 -
Pdum_DN84241_c0_g1_i1:2776-3423  -            216 470197at33208        -            328   1.9e-14   51.5   4.4   3   3    0.0032      0.12    9.4   0.1   156   181   181   206   173   213 0.82 -
Pdum_DN76013_c0_g1_i3:463-1068   -            202 470197at33208        -            328   6.5e-13   46.5   1.9   1   3     0.046       1.8    5.5   0.2   159   194     3    38     1    47 0.85 -
Pdum_DN76013_c0_g1_i3:463-1068   -            202 470197at33208        -            328   6.5e-13   46.5   1.9   2   3   7.2e-10   2.8e-08   31.2   0.0   112   191    50   125    43   131 0.84 -
Pdum_DN76013_c0_g1_i3:463-1068   -            202 470197at33208        -            328   6.5e-13   46.5   1.9   3   3    0.0082      0.32    8.0   0.0   157   191   148   182   138   186 0.85 -
Pdum_DN87342_c0_g1_i8:5-2425     -            807 470197at33208        -            328   4.4e-12   43.7   0.7   1   5     0.016      0.63    7.1   0.0   150   222    46   122    33   128 0.78 -
Pdum_DN87342_c0_g1_i8:5-2425     -            807 470197at33208        -            328   4.4e-12   43.7   0.7   2   5    0.0039      0.16    9.1   0.1   160   224   336   407   326   410 0.61 -
Pdum_DN87342_c0_g1_i8:5-2425     -            807 470197at33208        -            328   4.4e-12   43.7   0.7   3   5     0.043       1.7    5.7   0.0   163   215   382   439   379   456 0.52 -
Pdum_DN87342_c0_g1_i8:5-2425     -            807 470197at33208        -            328   4.4e-12   43.7   0.7   4   5   0.00094     0.037   11.1   0.0   151   226   455   537   443   539 0.69 -
Pdum_DN87342_c0_g1_i8:5-2425     -            807 470197at33208        -            328   4.4e-12   43.7   0.7   5   5   0.00051      0.02   12.0   0.1   114   190   509   578   503   585 0.52 -
Pdum_DN89990_c3_g2_i4:936-1778   -            281 470197at33208        -            328   2.4e-11   41.3   8.8   1   3   0.00031     0.012   12.7   0.1   123   179     5    57     1    79 0.82 -
Pdum_DN89990_c3_g2_i4:936-1778   -            281 470197at33208        -            328   2.4e-11   41.3   8.8   2   3   1.2e-05   0.00046   17.4   0.0   159   194   120   154   111   163 0.82 -
Pdum_DN89990_c3_g2_i4:936-1778   -            281 470197at33208        -            328   2.4e-11   41.3   8.8   3   3   0.00011    0.0044   14.1   2.1   109   212   163   269   154   281 0.66 -
Pdum_DN86637_c0_g1_i2:178-705    -            176 470197at33208        -            328   4.2e-11   40.5   2.6   1   3    0.0067      0.26    8.3   0.2   162   190     1    29     1    39 0.85 -
Pdum_DN86637_c0_g1_i2:178-705    -            176 470197at33208        -            328   4.2e-11   40.5   2.6   2   3     5e-09     2e-07   28.4   0.1   111   193    45   124    39   132 0.83 -
Pdum_DN86637_c0_g1_i2:178-705    -            176 470197at33208        -            328   4.2e-11   40.5   2.6   3   3      0.48        19    2.2   0.0    71    99   146   174   125   176 0.73 -
Pdum_DN71483_c1_g1_i1:599-1228   -            210 470197at33208        -            328   5.9e-11   40.0   0.2   1   2   1.7e-07   6.6e-06   23.4   0.1   114   196    73   157    67   164 0.81 -
Pdum_DN71483_c1_g1_i1:599-1228   -            210 470197at33208        -            328   5.9e-11   40.0   0.2   2   2   6.1e-07   2.4e-05   21.6   0.0   108   196   117   199   117   204 0.78 -
Pdum_DN84033_c1_g3_i1:1082-1726  -            215 470197at33208        -            328   1.3e-10   38.9   6.8   1   3   0.00089     0.035   11.2   0.1   160   189    11    39     2    52 0.84 -
Pdum_DN84033_c1_g3_i1:1082-1726  -            215 470197at33208        -            328   1.3e-10   38.9   6.8   2   3   8.9e-07   3.5e-05   21.0   1.9   113   224    70   140    50   149 0.50 -
Pdum_DN84033_c1_g3_i1:1082-1726  -            215 470197at33208        -            328   1.3e-10   38.9   6.8   3   3     0.035       1.4    5.9   0.0   158   182   158   182   152   189 0.87 -
Pdum_DN83552_c2_g1_i4:337-1659   -            441 470197at33208        -            328   1.6e-10   38.6   0.2   1   3     0.052       2.1    5.4   0.0   112   189    66   137    62   144 0.76 -
Pdum_DN83552_c2_g1_i4:337-1659   -            441 470197at33208        -            328   1.6e-10   38.6   0.2   2   3     0.085       3.3    4.7   0.0   158   197   194   231   167   240 0.69 -
Pdum_DN83552_c2_g1_i4:337-1659   -            441 470197at33208        -            328   1.6e-10   38.6   0.2   3   3   4.8e-08   1.9e-06   25.2   0.0   115   233   241   361   227   365 0.76 -
Pdum_DN85045_c0_g1_i5:248-835    -            196 470197at33208        -            328   2.8e-10   37.8   0.1   1   4      0.14       5.5    4.0   0.1   199   225     3    30     1    41 0.66 -
Pdum_DN85045_c0_g1_i5:248-835    -            196 470197at33208        -            328   2.8e-10   37.8   0.1   2   4       8.2   3.2e+02   -1.8   0.0   161   192    44    74    31    84 0.68 -
Pdum_DN85045_c0_g1_i5:248-835    -            196 470197at33208        -            328   2.8e-10   37.8   0.1   3   4   1.1e-06   4.3e-05   20.7   0.0   161   228    86   159    77   162 0.69 -
Pdum_DN85045_c0_g1_i5:248-835    -            196 470197at33208        -            328   2.8e-10   37.8   0.1   4   4   2.3e-05   0.00092   16.4   0.0   112   187   127   195   121   196 0.69 -
Pdum_DN92078_c7_g2_i1:2888-3787  -            300 470197at33208        -            328     4e-10   37.3   5.7   1   2   0.00066     0.026   11.6   0.6    89   190    11   108     2   115 0.69 -
Pdum_DN92078_c7_g2_i1:2888-3787  -            300 470197at33208        -            328     4e-10   37.3   5.7   2   2     2e-08   7.8e-07   26.5   0.4    75   192   125   239   121   274 0.74 -
Pdum_DN78086_c1_g1_i5:2830-3705  -            292 470197at33208        -            328   4.7e-10   37.1   0.4   1   4     0.049       1.9    5.5   0.0   160   194     7    40     1    79 0.86 -
Pdum_DN78086_c1_g1_i5:2830-3705  -            292 470197at33208        -            328   4.7e-10   37.1   0.4   2   4     0.014      0.56    7.2   0.0   156   192    88   123    49   130 0.81 -
Pdum_DN78086_c1_g1_i5:2830-3705  -            292 470197at33208        -            328   4.7e-10   37.1   0.4   3   4   0.00019    0.0075   13.4   0.1   112   195    92   168    89   180 0.78 -
Pdum_DN78086_c1_g1_i5:2830-3705  -            292 470197at33208        -            328   4.7e-10   37.1   0.4   4   4    0.0017     0.066   10.3   0.0   153   223   212   287   174   292 0.66 -
Pdum_DN84002_c0_g1_i8:2338-3012  -            225 470197at33208        -            328   6.7e-10   36.6   0.1   1   2      0.14       5.7    3.9   0.0   114   141    15    43     7    53 0.73 -
Pdum_DN84002_c0_g1_i8:2338-3012  -            225 470197at33208        -            328   6.7e-10   36.6   0.1   2   2   1.2e-09   4.9e-08   30.4   0.1   108   196    59   140    51   156 0.84 -
Pdum_DN83855_c0_g1_i4:658-1428   -            257 470197at33208        -            328   7.2e-10   36.5   0.4   1   2     9e-06   0.00036   17.7   0.0   130   195    12    76     6    79 0.78 -
Pdum_DN83855_c0_g1_i4:658-1428   -            257 470197at33208        -            328   7.2e-10   36.5   0.4   2   2   4.6e-05    0.0018   15.4   0.1   160   197   102   138    87   147 0.82 -
Pdum_DN74356_c1_g1_i1:377-1456   -            360 470197at33208        -            328   1.4e-09   35.5   0.0   1   5       6.6   2.6e+02   -1.5   0.0   160   188     4    31     2    42 0.76 -
Pdum_DN74356_c1_g1_i1:377-1456   -            360 470197at33208        -            328   1.4e-09   35.5   0.0   2   5    0.0099      0.39    7.7   0.0    75   178    47   160    38   173 0.70 -
Pdum_DN74356_c1_g1_i1:377-1456   -            360 470197at33208        -            328   1.4e-09   35.5   0.0   3   5      0.84        33    1.4   0.0   158   197   184   222   164   229 0.74 -
Pdum_DN74356_c1_g1_i1:377-1456   -            360 470197at33208        -            328   1.4e-09   35.5   0.0   4   5     0.028       1.1    6.2   0.1   193   226   241   275   236   282 0.68 -
Pdum_DN74356_c1_g1_i1:377-1456   -            360 470197at33208        -            328   1.4e-09   35.5   0.0   5   5   0.00013     0.005   14.0   0.0   110   177   285   352   277   360 0.84 -
Pdum_DN88147_c0_g1_i1:430-1308   -            293 470197at33208        -            328   2.9e-09   34.5   0.0   1   2    0.0027      0.11    9.6   0.0   157   192    24    59     7    66 0.83 -
Pdum_DN88147_c0_g1_i1:430-1308   -            293 470197at33208        -            328   2.9e-09   34.5   0.0   2   2   3.7e-07   1.5e-05   22.3   0.0    67   196   104   234    91   242 0.87 -
Pdum_DN89809_c3_g1_i10:6324-7073 -            250 470197at33208        -            328   2.9e-09   34.5   0.7   1   1   1.6e-10   6.4e-09   33.3   0.7   112   214     4   113     1   131 0.79 -
Pdum_DN87402_c0_g1_i1:93-1976    -            628 470197at33208        -            328   3.2e-09   34.3   1.6   1   4     5e-05     0.002   15.3   0.1   148   213   282   351   275   355 0.76 -
Pdum_DN87402_c0_g1_i1:93-1976    -            628 470197at33208        -            328   3.2e-09   34.3   1.6   2   4      0.95        38    1.2   0.0   162   189   337   364   330   378 0.67 -
Pdum_DN87402_c0_g1_i1:93-1976    -            628 470197at33208        -            328   3.2e-09   34.3   1.6   3   4     0.002     0.077   10.1   0.1   158   237   415   502   409   511 0.78 -
Pdum_DN87402_c0_g1_i1:93-1976    -            628 470197at33208        -            328   3.2e-09   34.3   1.6   4   4      0.11       4.3    4.3   0.0    66   100   538   572   529   577 0.86 -
Pdum_DN85054_c1_g3_i7:3145-3996  -            284 470197at33208        -            328   3.4e-09   34.2   0.8   1   3     0.015       0.6    7.1   0.0   162   193     8    38     2    47 0.84 -
Pdum_DN85054_c1_g3_i7:3145-3996  -            284 470197at33208        -            328   3.4e-09   34.2   0.8   2   3   1.3e-05   0.00051   17.2   0.2   113   179    53   116    48   162 0.80 -
Pdum_DN85054_c1_g3_i7:3145-3996  -            284 470197at33208        -            328   3.4e-09   34.2   0.8   3   3     0.025         1    6.4   0.0    32   130   180   282   153   284 0.83 -
Pdum_DN78785_c0_g1_i2:534-2834   -            767 470197at33208        -            328   3.4e-09   34.2   3.1   1   2   3.4e-07   1.3e-05   22.4   0.1   115   236    50   177    42   184 0.79 -
Pdum_DN78785_c0_g1_i2:534-2834   -            767 470197at33208        -            328   3.4e-09   34.2   3.1   2   2   0.00061     0.024   11.7   0.3   116   190   184   256   182   263 0.74 -
Pdum_DN74150_c0_g1_i3:157-2955   -            933 470197at33208        -            328     4e-09   34.0   6.7   1   7      0.17       6.7    3.7   0.0   113   193    25    98    21   103 0.77 -
Pdum_DN74150_c0_g1_i3:157-2955   -            933 470197at33208        -            328     4e-09   34.0   6.7   2   7   7.3e-05    0.0029   14.8   0.1   151   193    99   140    89   144 0.84 -
Pdum_DN74150_c0_g1_i3:157-2955   -            933 470197at33208        -            328     4e-09   34.0   6.7   3   7         3   1.2e+02   -0.4   0.0   160   202   150   193   140   221 0.66 -
Pdum_DN74150_c0_g1_i3:157-2955   -            933 470197at33208        -            328     4e-09   34.0   6.7   4   7     0.022      0.88    6.6   0.1   199   263   409   479   402   503 0.65 -
Pdum_DN74150_c0_g1_i3:157-2955   -            933 470197at33208        -            328     4e-09   34.0   6.7   5   7      0.17       6.7    3.7   0.0    61   101   530   570   516   576 0.80 -
Pdum_DN74150_c0_g1_i3:157-2955   -            933 470197at33208        -            328     4e-09   34.0   6.7   6   7         1        40    1.1   0.0   153   194   577   618   572   624 0.80 -
Pdum_DN74150_c0_g1_i3:157-2955   -            933 470197at33208        -            328     4e-09   34.0   6.7   7   7         3   1.2e+02   -0.4   0.0   156   192   667   700   624   704 0.64 -
Pdum_DN87078_c1_g1_i1:1858-2604  -            249 470197at33208        -            328   9.5e-09   32.8   1.6   1   3       4.8   1.9e+02   -1.1   0.1   164   174    24    34    12    48 0.63 -
Pdum_DN87078_c1_g1_i1:1858-2604  -            249 470197at33208        -            328   9.5e-09   32.8   1.6   2   3     0.017      0.66    7.0   0.0   126   191   107   167    94   174 0.85 -
Pdum_DN87078_c1_g1_i1:1858-2604  -            249 470197at33208        -            328   9.5e-09   32.8   1.6   3   3   1.3e-07   5.2e-06   23.8   0.2   112   188   180   249   170   249 0.81 -
Pdum_DN72920_c0_g1_i5:770-1675   -            302 470197at33208        -            328   2.8e-08   31.2   1.1   1   3    0.0035      0.14    9.2   0.3   135   212    41   119    13   132 0.72 -
Pdum_DN72920_c0_g1_i5:770-1675   -            302 470197at33208        -            328   2.8e-08   31.2   1.1   2   3      0.18         7    3.6   0.0   163   214   149   205   136   206 0.70 -
Pdum_DN72920_c0_g1_i5:770-1675   -            302 470197at33208        -            328   2.8e-08   31.2   1.1   3   3    0.0025     0.097    9.7   0.1   160   200   230   269   220   300 0.76 -
Pdum_DN90586_c2_g3_i4:2166-2804  -            213 470197at33208        -            328     3e-08   31.1   0.1   1   3     0.052         2    5.4   0.1   114   195    12    87     6    91 0.64 -
Pdum_DN90586_c2_g3_i4:2166-2804  -            213 470197at33208        -            328     3e-08   31.1   0.1   2   3   1.3e-06   4.9e-05   20.6   0.0   132   223    73   164    63   167 0.72 -
Pdum_DN90586_c2_g3_i4:2166-2804  -            213 470197at33208        -            328     3e-08   31.1   0.1   3   3      0.26        10    3.1   0.0   159   190   178   208   170   212 0.77 -
Pdum_DN80498_c1_g1_i1:1987-2589  -            201 470197at33208        -            328   3.3e-08   31.0   0.1   1   3   0.00038     0.015   12.4   0.1   126   197    17    83     3    85 0.75 -
Pdum_DN80498_c1_g1_i1:1987-2589  -            201 470197at33208        -            328   3.3e-08   31.0   0.1   2   3   0.00023    0.0089   13.1   0.0   158   229    87   166    81   171 0.71 -
Pdum_DN80498_c1_g1_i1:1987-2589  -            201 470197at33208        -            328   3.3e-08   31.0   0.1   3   3      0.42        17    2.4   0.0   158   187   173   201   165   201 0.73 -
Pdum_DN82173_c1_g1_i7:1104-1730  -            209 470197at33208        -            328   3.6e-08   30.9   1.5   1   2     1e-05   0.00041   17.5   0.1   158   227    49   127    32   136 0.75 -
Pdum_DN82173_c1_g1_i7:1104-1730  -            209 470197at33208        -            328   3.6e-08   30.9   1.5   2   2   5.8e-06   0.00023   18.4   0.4   113   223    94   208    93   209 0.73 -
Pdum_DN90796_c3_g1_i4:1517-2605  -            363 470197at33208        -            328   5.9e-08   30.2   0.5   1   3      0.09       3.5    4.6   0.0   156   191   171   205   148   217 0.76 -
Pdum_DN90796_c3_g1_i4:1517-2605  -            363 470197at33208        -            328   5.9e-08   30.2   0.5   2   3   9.6e-06   0.00038   17.7   0.1   124   242   186   298   170   319 0.69 -
Pdum_DN90796_c3_g1_i4:1517-2605  -            363 470197at33208        -            328   5.9e-08   30.2   0.5   3   3     0.012      0.49    7.4   0.0   147   189   320   362   312   363 0.89 -
Pdum_DN82629_c0_g1_i4:473-2515   -            681 470197at33208        -            328   6.3e-08   30.1   0.1   1   3       0.9        35    1.3   0.0   151   194   199   241   189   273 0.78 -
Pdum_DN82629_c0_g1_i4:473-2515   -            681 470197at33208        -            328   6.3e-08   30.1   0.1   2   3   0.00063     0.025   11.7   0.0   118   191   315   389   304   439 0.84 -
Pdum_DN82629_c0_g1_i4:473-2515   -            681 470197at33208        -            328   6.3e-08   30.1   0.1   3   3   0.00037     0.015   12.4   0.0    63   103   488   528   480   556 0.83 -
Pdum_DN79808_c0_g1_i2:642-4217   -           1192 470197at33208        -            328   6.6e-08   30.0   0.4   1   2   6.3e-08   2.5e-06   24.8   0.1   108   245    15   153     9   156 0.78 -
Pdum_DN79808_c0_g1_i2:642-4217   -           1192 470197at33208        -            328   6.6e-08   30.0   0.4   2   2       1.1        42    1.1   0.0    72   103   460   491   456   515 0.83 -
Pdum_DN84002_c0_g1_i8:796-1551   -            252 470197at33208        -            328   9.1e-08   29.5   0.0   1   1   3.6e-09   1.4e-07   28.9   0.0   117   215     1   107     1   122 0.74 -
Pdum_DN86351_c0_g1_i1:4485-5351  -            289 470197at33208        -            328   9.5e-08   29.5   1.0   1   2   6.8e-05    0.0027   14.9   0.0   110   193   120   200   105   210 0.77 -
Pdum_DN86351_c0_g1_i1:4485-5351  -            289 470197at33208        -            328   9.5e-08   29.5   1.0   2   2   0.00023    0.0089   13.1   0.3    77   139   215   287   198   289 0.47 -
Pdum_DN85879_c0_g1_i1:230-808    -            193 470197at33208        -            328   1.1e-07   29.2   0.0   1   2   2.9e-06   0.00011   19.4   0.0    86   179     4    95     1   104 0.82 -
Pdum_DN85879_c0_g1_i1:230-808    -            193 470197at33208        -            328   1.1e-07   29.2   0.0   2   2     0.017      0.67    7.0   0.0   151   181   157   187   141   193 0.73 -
Pdum_DN79406_c0_g1_i1:209-1183   -            325 470197at33208        -            328   1.2e-07   29.1   0.4   1   3   1.3e-07   5.3e-06   23.7   0.7   155   251     6   114     1   126 0.72 -
Pdum_DN79406_c0_g1_i1:209-1183   -            325 470197at33208        -            328   1.2e-07   29.1   0.4   2   3       1.4        53    0.7   0.0   146   190   134   176   122   208 0.79 -
Pdum_DN79406_c0_g1_i1:209-1183   -            325 470197at33208        -            328   1.2e-07   29.1   0.4   3   3       1.9        76    0.2   0.0    69    99   281   311   258   317 0.67 -
Pdum_DN84814_c0_g2_i1:1505-2083  -            193 470197at33208        -            328     2e-07   28.4   0.2   1   2   2.8e-07   1.1e-05   22.7   0.1    75   193    38   153    28   158 0.64 -
Pdum_DN84814_c0_g2_i1:1505-2083  -            193 470197at33208        -            328     2e-07   28.4   0.2   2   2      0.33        13    2.7   0.0   160   189   163   191   153   193 0.73 -
Pdum_DN89782_c4_g2_i2:556-4518   -           1321 470197at33208        -            328   3.6e-07   27.6   0.1   1   2     2e-06   7.9e-05   19.9   0.0    80   198    18   133     7   160 0.83 -
Pdum_DN89782_c4_g2_i2:556-4518   -           1321 470197at33208        -            328   3.6e-07   27.6   0.1   2   2     0.067       2.6    5.0   0.0    73   100   316   343   282   362 0.49 -
Pdum_DN89096_c2_g3_i4:2-1384     -            461 470197at33208        -            328   4.6e-07   27.2   0.3   1   2    0.0011     0.045   10.8   0.0    69   128   102   164    71   220 0.77 -
Pdum_DN89096_c2_g3_i4:2-1384     -            461 470197at33208        -            328   4.6e-07   27.2   0.3   2   2   0.00012    0.0046   14.1   0.1   157   215   227   288   219   301 0.88 -
Pdum_DN88766_c3_g2_i10:292-717   -            142 470197at33208        -            328   6.1e-07   26.8   0.3   1   2    0.0068      0.27    8.3   0.0   137   193    17    67     5    72 0.73 -
Pdum_DN88766_c3_g2_i10:292-717   -            142 470197at33208        -            328   6.1e-07   26.8   0.3   2   2   2.2e-05   0.00087   16.5   0.1   160   210    77   132    69   138 0.77 -
Pdum_DN66770_c0_g1_i1:157-1065   -            303 470197at33208        -            328   6.2e-07   26.8   6.8   1   5    0.0002    0.0078   13.3   0.1   111   194    13    91     6    98 0.61 -
Pdum_DN66770_c0_g1_i1:157-1065   -            303 470197at33208        -            328   6.2e-07   26.8   6.8   2   5     0.061       2.4    5.1   0.0   171   223   112   171    94   183 0.74 -
Pdum_DN66770_c0_g1_i1:157-1065   -            303 470197at33208        -            328   6.2e-07   26.8   6.8   3   5      0.11       4.3    4.3   0.0   160   191   187   217   174   236 0.80 -
Pdum_DN66770_c0_g1_i1:157-1065   -            303 470197at33208        -            328   6.2e-07   26.8   6.8   4   5       2.5        99   -0.2   0.0   164   193   238   266   226   270 0.85 -
Pdum_DN66770_c0_g1_i1:157-1065   -            303 470197at33208        -            328   6.2e-07   26.8   6.8   5   5      0.21       8.1    3.4   0.2    76    98   278   301   261   303 0.69 -
Pdum_DN81583_c1_g1_i3:660-1619   -            320 470197at33208        -            328   6.9e-07   26.7   0.0   1   3      0.91        36    1.3   0.0   238   258     3    24     1    55 0.64 -
Pdum_DN81583_c1_g1_i3:660-1619   -            320 470197at33208        -            328   6.9e-07   26.7   0.0   2   3     0.032       1.3    6.1   0.0   118   187    66   132    37   143 0.68 -
Pdum_DN81583_c1_g1_i3:660-1619   -            320 470197at33208        -            328   6.9e-07   26.7   0.0   3   3   5.9e-05    0.0023   15.1   0.0   103   191   145   228   139   277 0.81 -
Pdum_DN91312_c3_g1_i1:2567-3481  -            305 470197at33208        -            328   1.2e-06   25.9   0.0   1   3   0.00028     0.011   12.8   0.0   133   196    23    84     3    89 0.87 -
Pdum_DN91312_c3_g1_i1:2567-3481  -            305 470197at33208        -            328   1.2e-06   25.9   0.0   2   3   7.7e-06    0.0003   18.0   0.0    67   197    42   173    37   198 0.85 -
Pdum_DN91312_c3_g1_i1:2567-3481  -            305 470197at33208        -            328   1.2e-06   25.9   0.0   3   3       1.5        59    0.6   0.0   150   186   269   304   239   305 0.64 -
Pdum_DN84894_c0_g1_i9:97-867     -            257 470197at33208        -            328   1.2e-06   25.8   0.0   1   3    0.0079      0.31    8.1   0.0   135   192    40    91    10    95 0.73 -
Pdum_DN84894_c0_g1_i9:97-867     -            257 470197at33208        -            328   1.2e-06   25.8   0.0   2   3     0.011      0.42    7.7   0.0   152   215    93   162    87   171 0.68 -
Pdum_DN84894_c0_g1_i9:97-867     -            257 470197at33208        -            328   1.2e-06   25.8   0.0   3   3    0.0018      0.07   10.2   0.0   152   196   136   179   130   225 0.69 -
Pdum_DN90172_c5_g1_i3:2389-3285  -            299 470197at33208        -            328   1.3e-06   25.7   1.3   1   4       2.6     1e+02   -0.2   0.0   198   229    73   108    67   117 0.73 -
Pdum_DN90172_c5_g1_i3:2389-3285  -            299 470197at33208        -            328   1.3e-06   25.7   1.3   2   4     0.029       1.2    6.2   0.0   160   216   124   178   108   184 0.78 -
Pdum_DN90172_c5_g1_i3:2389-3285  -            299 470197at33208        -            328   1.3e-06   25.7   1.3   3   4      0.01      0.39    7.7   0.0   149   190   214   256   197   264 0.84 -
Pdum_DN90172_c5_g1_i3:2389-3285  -            299 470197at33208        -            328   1.3e-06   25.7   1.3   4   4      0.01       0.4    7.7   0.2   158   189   268   299   259   299 0.87 -
Pdum_DN66493_c0_g1_i1:720-1655   -            312 470197at33208        -            328   1.5e-06   25.6   0.0   1   4      0.05         2    5.4   0.0   156   191    18    52     4    79 0.82 -
Pdum_DN66493_c0_g1_i1:720-1655   -            312 470197at33208        -            328   1.5e-06   25.6   0.0   2   4      0.88        34    1.4   0.0   156   195   104   142    93   148 0.82 -
Pdum_DN66493_c0_g1_i1:720-1655   -            312 470197at33208        -            328   1.5e-06   25.6   0.0   3   4     0.042       1.7    5.7   0.0   147   179   182   214   159   221 0.77 -
Pdum_DN66493_c0_g1_i1:720-1655   -            312 470197at33208        -            328   1.5e-06   25.6   0.0   4   4     0.017      0.67    7.0   0.0   120   180   247   302   240   307 0.84 -
Pdum_DN84945_c0_g1_i5:1762-2376  -            205 470197at33208        -            328   1.7e-06   25.4   0.1   1   2      0.15       5.7    3.9   0.0   117   144     1    33     1    81 0.69 -
Pdum_DN84945_c0_g1_i5:1762-2376  -            205 470197at33208        -            328   1.7e-06   25.4   0.1   2   2     2e-06   7.7e-05   19.9   0.0    79   185    63   167    56   179 0.77 -
Pdum_DN90581_c4_g3_i1:18-467     -            150 470197at33208        -            328   1.8e-06   25.3   0.6   1   3      0.56        22    2.0   0.0   161   192    38    68    24    89 0.75 -
Pdum_DN90581_c4_g3_i1:18-467     -            150 470197at33208        -            328   1.8e-06   25.3   0.6   2   3    0.0027      0.11    9.6   0.0   122   193    47   115    38   120 0.65 -
Pdum_DN90581_c4_g3_i1:18-467     -            150 470197at33208        -            328   1.8e-06   25.3   0.6   3   3   3.9e-06   0.00015   18.9   0.2   125   184    96   149    89   150 0.78 -
Pdum_DN73512_c4_g2_i3:726-1661   -            312 470197at33208        -            328   2.5e-06   24.8   0.0   1   2     2e-05   0.00078   16.6   0.0   157   259    99   214    92   267 0.74 -
Pdum_DN73512_c4_g2_i3:726-1661   -            312 470197at33208        -            328   2.5e-06   24.8   0.0   2   2     0.037       1.5    5.9   0.0   160   193   268   300   249   308 0.81 -
Pdum_DN67806_c2_g1_i2:615-1406   -            264 470197at33208        -            328     3e-06   24.6   0.2   1   2   0.00017    0.0068   13.5   0.1   114   197    18   107    14   118 0.83 -
Pdum_DN67806_c2_g1_i2:615-1406   -            264 470197at33208        -            328     3e-06   24.6   0.2   2   2      0.01       0.4    7.7   0.0   112   188   133   219   122   255 0.61 -
Pdum_DN78867_c0_g1_i4:315-983    -            223 470197at33208        -            328   4.4e-06   24.0   0.1   1   2   0.00053     0.021   11.9   0.0    67   216     9   160     2   164 0.63 -
Pdum_DN78867_c0_g1_i4:315-983    -            223 470197at33208        -            328   4.4e-06   24.0   0.1   2   2      0.11       4.2    4.3   0.0    73    94   181   202   166   205 0.72 -
Pdum_DN79208_c0_g1_i2:96-1031    -            312 470197at33208        -            328     5e-06   23.8   0.5   1   3       0.1         4    4.4   0.0    88   192    10   112     8   119 0.71 -
Pdum_DN79208_c0_g1_i2:96-1031    -            312 470197at33208        -            328     5e-06   23.8   0.5   2   3    0.0086      0.34    7.9   0.0   114   188   126   193   114   199 0.79 -
Pdum_DN79208_c0_g1_i2:96-1031    -            312 470197at33208        -            328     5e-06   23.8   0.5   3   3    0.0084      0.33    8.0   0.1    80   149   222   296   200   302 0.80 -
Pdum_DN82853_c0_g1_i2:2495-3019  -            175 470197at33208        -            328   6.7e-06   23.4   0.1   1   2   8.3e-06   0.00033   17.9   0.1   161   229     7    84     2   122 0.69 -
Pdum_DN82853_c0_g1_i2:2495-3019  -            175 470197at33208        -            328   6.7e-06   23.4   0.1   2   2      0.33        13    2.7   0.0    68    98   142   173   102   175 0.58 -
Pdum_DN83917_c0_g1_i10:2-1282    -            427 470197at33208        -            328   6.9e-06   23.4   0.0   1   3     0.012      0.46    7.5   0.0   110   184   154   224   139   240 0.64 -
Pdum_DN83917_c0_g1_i10:2-1282    -            427 470197at33208        -            328   6.9e-06   23.4   0.0   2   3   0.00098     0.039   11.0   0.0   151   196   280   322   269   362 0.74 -
Pdum_DN83917_c0_g1_i10:2-1282    -            427 470197at33208        -            328   6.9e-06   23.4   0.0   3   3       1.1        43    1.0   0.0   126   180   343   398   338   405 0.69 -
Pdum_DN82224_c0_g1_i1:2783-3526  -            248 470197at33208        -            328   7.2e-06   23.3   0.2   1   3    0.0011     0.043   10.9   0.0   159   194     7    41     3    45 0.86 -
Pdum_DN82224_c0_g1_i1:2783-3526  -            248 470197at33208        -            328   7.2e-06   23.3   0.2   2   3     0.019      0.75    6.8   0.0   156   194   115   152   102   159 0.81 -
Pdum_DN82224_c0_g1_i1:2783-3526  -            248 470197at33208        -            328   7.2e-06   23.3   0.2   3   3       6.6   2.6e+02   -1.5   0.0   143   189   204   248   184   248 0.62 -
Pdum_DN88741_c1_g1_i6:2841-3650  -            270 470197at33208        -            328   9.2e-06   23.0   0.4   1   3    0.0046      0.18    8.8   0.1   110   193     2    90     1    98 0.71 -
Pdum_DN88741_c1_g1_i6:2841-3650  -            270 470197at33208        -            328   9.2e-06   23.0   0.4   2   3       3.8   1.5e+02   -0.8   0.0    77   102   193   218   141   231 0.81 -
Pdum_DN88741_c1_g1_i6:2841-3650  -            270 470197at33208        -            328   9.2e-06   23.0   0.4   3   3     0.001     0.041   11.0   0.0    74   102   238   266   233   269 0.92 -
Pdum_DN90517_c4_g2_i3:211-1731   -            507 470197at33208        -            328   9.6e-06   22.9   2.9   1   3      0.72        29    1.6   0.0   160   182    76    99    39   106 0.68 -
Pdum_DN90517_c4_g2_i3:211-1731   -            507 470197at33208        -            328   9.6e-06   22.9   2.9   2   3   4.4e-05    0.0017   15.5   0.1   161   225   256   328   243   335 0.75 -
Pdum_DN90517_c4_g2_i3:211-1731   -            507 470197at33208        -            328   9.6e-06   22.9   2.9   3   3      0.15         6    3.9   0.1   161   196   358   392   348   404 0.82 -
Pdum_DN78454_c0_g1_i4:576-2111   -            512 470197at33208        -            328   1.1e-05   22.7   0.0   1   3     0.016      0.63    7.1   0.0   152   192   207   246   199   252 0.84 -
Pdum_DN78454_c0_g1_i4:576-2111   -            512 470197at33208        -            328   1.1e-05   22.7   0.0   2   3     0.015      0.58    7.2   0.0   162   216   267   327   256   338 0.68 -
Pdum_DN78454_c0_g1_i4:576-2111   -            512 470197at33208        -            328   1.1e-05   22.7   0.0   3   3      0.17       6.8    3.7   0.0   159   195   349   383   337   389 0.78 -
Pdum_DN89224_c5_g2_i10:3220-3918 -            233 470197at33208        -            328   1.3e-05   22.5   7.2   1   2   0.00016    0.0063   13.6   4.2   154   223    84   159    36   165 0.65 -
Pdum_DN89224_c5_g2_i10:3220-3918 -            233 470197at33208        -            328   1.3e-05   22.5   7.2   2   2     0.007      0.28    8.2   0.0   160   193   175   208   164   221 0.85 -
Pdum_DN90273_c4_g1_i2:3537-4052  -            172 470197at33208        -            328   1.4e-05   22.3   0.4   1   2     0.035       1.4    5.9   0.0   114   196    12    87     6   121 0.71 -
Pdum_DN90273_c4_g1_i2:3537-4052  -            172 470197at33208        -            328   1.4e-05   22.3   0.4   2   2   0.00011    0.0042   14.2   0.9   133   190   115   165   108   172 0.80 -
Pdum_DN85858_c0_g1_i11:292-1188  -            299 470197at33208        -            328   1.8e-05   22.0   0.3   1   1   2.2e-06   8.5e-05   19.8   0.3    56   175   112   238   100   243 0.77 -
Pdum_DN83223_c0_g2_i1:739-1377   -            213 470197at33208        -            328   3.4e-05   21.1   4.2   1   2      0.04       1.6    5.8   0.1   158   187    36    64     6    78 0.83 -
Pdum_DN83223_c0_g2_i1:739-1377   -            213 470197at33208        -            328   3.4e-05   21.1   4.2   2   2   2.1e-05   0.00084   16.5   0.2   111   182    81   150    72   165 0.81 -
Pdum_DN80990_c0_g1_i2:150-1607   -            486 470197at33208        -            328   4.3e-05   20.7   2.7   1   2   1.2e-05   0.00047   17.3   0.3   161   260   252   366   241   375 0.63 -
Pdum_DN80990_c0_g1_i2:150-1607   -            486 470197at33208        -            328   4.3e-05   20.7   2.7   2   2      0.55        22    2.0   0.2   159   202   379   421   366   457 0.76 -
Pdum_DN73138_c0_g1_i1:392-1264   -            291 470197at33208        -            328   5.3e-05   20.5   0.2   1   4       4.6   1.8e+02   -1.0   0.0   159   189    10    39     3    62 0.79 -
Pdum_DN73138_c0_g1_i1:392-1264   -            291 470197at33208        -            328   5.3e-05   20.5   0.2   2   4     0.011      0.42    7.6   0.0   129   199    70   133    64   137 0.83 -
Pdum_DN73138_c0_g1_i1:392-1264   -            291 470197at33208        -            328   5.3e-05   20.5   0.2   3   4      0.82        32    1.5   0.0   160   189   177   205   166   212 0.75 -
Pdum_DN73138_c0_g1_i1:392-1264   -            291 470197at33208        -            328   5.3e-05   20.5   0.2   4   4     0.029       1.1    6.2   0.0   135   179   244   283   226   290 0.77 -
Pdum_DN80657_c0_g1_i8:864-1619   -            252 470197at33208        -            328   0.00013   19.1   3.9   1   2   0.00033     0.013   12.6   0.7   161   221    33    99    16   112 0.80 -
Pdum_DN80657_c0_g1_i8:864-1619   -            252 470197at33208        -            328   0.00013   19.1   3.9   2   2     0.051         2    5.4   0.0    77   103   208   234   202   237 0.89 -
Pdum_DN88739_c2_g1_i2:407-1549   -            381 470197at33208        -            328   0.00018   18.7   0.2   1   3         4   1.6e+02   -0.8   0.0   156   190   127   161   109   174 0.57 -
Pdum_DN88739_c2_g1_i2:407-1549   -            381 470197at33208        -            328   0.00018   18.7   0.2   2   3   3.1e-05    0.0012   16.0   0.1   103   191   172   256   137   280 0.86 -
Pdum_DN88739_c2_g1_i2:407-1549   -            381 470197at33208        -            328   0.00018   18.7   0.2   3   3       7.9   3.1e+02   -1.8   0.0   160   193   269   302   258   308 0.72 -
Pdum_DN77740_c0_g3_i3:100-1476   -            459 470197at33208        -            328   0.00018   18.7   3.2   1   2   6.6e-05    0.0026   14.9   1.4    72   195   148   268   111   292 0.85 -
Pdum_DN77740_c0_g3_i3:100-1476   -            459 470197at33208        -            328   0.00018   18.7   3.2   2   2      0.23       8.9    3.3   0.0    70    95   314   339   298   342 0.85 -
Pdum_DN92312_c4_g1_i6:372-914    -            181 470197at33208        -            328    0.0002   18.5   0.3   1   1   9.2e-06   0.00036   17.7   0.3   113   198     9    93     4   107 0.75 -
Pdum_DN86294_c0_g1_i3:101-3103   -           1001 470197at33208        -            328   0.00023   18.4   0.1   1   4       2.6     1e+02   -0.2   0.0   163   188    17    41     9    47 0.84 -
Pdum_DN86294_c0_g1_i3:101-3103   -           1001 470197at33208        -            328   0.00023   18.4   0.1   2   4     0.018      0.72    6.9   0.0   149   189   125   164   117   174 0.83 -
Pdum_DN86294_c0_g1_i3:101-3103   -           1001 470197at33208        -            328   0.00023   18.4   0.1   3   4      0.59        23    1.9   0.0   268   324   185   241   178   242 0.84 -
Pdum_DN86294_c0_g1_i3:101-3103   -           1001 470197at33208        -            328   0.00023   18.4   0.1   4   4     0.039       1.5    5.8   0.1   105   172   220   283   207   299 0.66 -
Pdum_DN73504_c1_g7_i2:375-1772   -            466 470197at33208        -            328   0.00025   18.2   0.2   1   4      0.32        13    2.8   0.0   157   194   140   176   127   181 0.80 -
Pdum_DN73504_c1_g7_i2:375-1772   -            466 470197at33208        -            328   0.00025   18.2   0.2   2   4     0.012      0.48    7.4   0.0   153   195   233   272   208   279 0.74 -
Pdum_DN73504_c1_g7_i2:375-1772   -            466 470197at33208        -            328   0.00025   18.2   0.2   3   4     0.036       1.4    5.9   0.0   161   195   239   272   235   319 0.64 -
Pdum_DN73504_c1_g7_i2:375-1772   -            466 470197at33208        -            328   0.00025   18.2   0.2   4   4       6.5   2.6e+02   -1.5   0.0   266   285   415   434   411   439 0.81 -
Pdum_DN55647_c0_g1_i2:33-551     -            173 470197at33208        -            328   0.00027   18.2   7.5   1   2   5.4e-05    0.0021   15.2   3.6   110   193     4    88     2   114 0.73 -
Pdum_DN55647_c0_g1_i2:33-551     -            173 470197at33208        -            328   0.00027   18.2   7.5   2   2     0.089       3.5    4.6   0.1   112   167   125   173   121   173 0.74 -
Pdum_DN89089_c3_g1_i2:1021-1773  -            251 470197at33208        -            328   0.00031   18.0   0.0   1   4     0.066       2.6    5.0   0.0   161   181     4    24     1    40 0.79 -
Pdum_DN89089_c3_g1_i2:1021-1773  -            251 470197at33208        -            328   0.00031   18.0   0.0   2   4     0.014      0.54    7.3   0.0   160   213   140   198   121   202 0.69 -
Pdum_DN89089_c3_g1_i2:1021-1773  -            251 470197at33208        -            328   0.00031   18.0   0.0   3   4     0.097       3.8    4.5   0.0   134   199   162   220   160   235 0.75 -
Pdum_DN89089_c3_g1_i2:1021-1773  -            251 470197at33208        -            328   0.00031   18.0   0.0   4   4       6.6   2.6e+02   -1.5   0.0   151   179   220   247   208   250 0.69 -
Pdum_DN87178_c0_g1_i10:2619-3539 -            307 470197at33208        -            328   0.00033   17.9   0.7   1   2     0.085       3.3    4.7   0.0   153   194    37    78     5   100 0.75 -
Pdum_DN87178_c0_g1_i10:2619-3539 -            307 470197at33208        -            328   0.00033   17.9   0.7   2   2    0.0034      0.13    9.3   0.0   160   196   235   270   223   279 0.87 -
Pdum_DN82012_c2_g2_i1:484-1302   -            273 470197at33208        -            328   0.00033   17.8   5.0   1   3       0.4        16    2.5   0.2   170   196    13    38     7    71 0.75 -
Pdum_DN82012_c2_g2_i1:484-1302   -            273 470197at33208        -            328   0.00033   17.8   5.0   2   3    0.0047      0.19    8.8   0.3   157   195   122   157    44   167 0.78 -
Pdum_DN82012_c2_g2_i1:484-1302   -            273 470197at33208        -            328   0.00033   17.8   5.0   3   3     0.085       3.3    4.7   0.1   132   192   183   237   174   246 0.70 -
Pdum_DN69324_c0_g1_i2:232-1023   -            264 470197at33208        -            328   0.00035   17.7   1.3   1   3     0.022      0.85    6.6   0.0   156   175     9    28     2    58 0.64 -
Pdum_DN69324_c0_g1_i2:232-1023   -            264 470197at33208        -            328   0.00035   17.7   1.3   2   3       0.1       3.9    4.4   0.0   155   214    59   124    46   145 0.69 -
Pdum_DN69324_c0_g1_i2:232-1023   -            264 470197at33208        -            328   0.00035   17.7   1.3   3   3      0.17       6.7    3.7   0.2   124   194   159   227   153   250 0.71 -
Pdum_DN65740_c0_g1_i1:159-803    -            215 470197at33208        -            328   0.00045   17.4   0.7   1   1   2.3e-05   0.00089   16.4   0.2   149   196    31    77     8    83 0.78 -
Pdum_DN84582_c3_g1_i1:332-1036   -            235 470197at33208        -            328   0.00054   17.1   0.1   1   3       2.1        82    0.1   0.0   158   195    21    58    10    61 0.74 -
Pdum_DN84582_c3_g1_i1:332-1036   -            235 470197at33208        -            328   0.00054   17.1   0.1   2   3    0.0023     0.089    9.9   0.0    92   193    42   140    25   144 0.69 -
Pdum_DN84582_c3_g1_i1:332-1036   -            235 470197at33208        -            328   0.00054   17.1   0.1   3   3     0.091       3.6    4.6   0.0   109   133   204   228   181   234 0.77 -
Pdum_DN75894_c0_g1_i3:333-1052   -            240 470197at33208        -            328   0.00071   16.8   0.9   1   2     0.004      0.16    9.0   0.0   160   206    65   112    46   113 0.79 -
Pdum_DN75894_c0_g1_i3:333-1052   -            240 470197at33208        -            328   0.00071   16.8   0.9   2   2     0.034       1.3    6.0   0.2   115   194   113   188   106   193 0.62 -
Pdum_DN75651_c0_g1_i1:179-1012   -            278 470197at33208        -            328    0.0009   16.4   1.8   1   2   3.2e-05    0.0013   15.9   0.4   113   213    77   181    65   186 0.70 -
Pdum_DN75651_c0_g1_i1:179-1012   -            278 470197at33208        -            328    0.0009   16.4   1.8   2   2       1.7        67    0.4   0.0   234   257   168   191   165   220 0.74 -
Pdum_DN78364_c0_g1_i1:226-1314   -            363 470197at33208        -            328   0.00094   16.4   0.1   1   2    0.0035      0.14    9.2   0.0   151   189    54    90    44    97 0.83 -
Pdum_DN78364_c0_g1_i1:226-1314   -            363 470197at33208        -            328   0.00094   16.4   0.1   2   2     0.081       3.2    4.7   0.0   157   195   102   139    94   162 0.87 -
Pdum_DN92345_c8_g1_i1:3879-4793  -            305 470197at33208        -            328   0.00095   16.3   2.6   1   3      0.15         6    3.9   0.1   178   229    13    70     5    92 0.69 -
Pdum_DN92345_c8_g1_i1:3879-4793  -            305 470197at33208        -            328   0.00095   16.3   2.6   2   3     0.048       1.9    5.5   0.0   146   188    88   128    81   135 0.82 -
Pdum_DN92345_c8_g1_i1:3879-4793  -            305 470197at33208        -            328   0.00095   16.3   2.6   3   3     0.037       1.5    5.9   0.1   108   145   234   271   206   304 0.66 -
Pdum_DN83063_c0_g1_i6:381-1082   -            234 470197at33208        -            328    0.0018   15.4   0.0   1   3   0.00088     0.035   11.2   0.0   104   193    23   115     9   170 0.71 -
Pdum_DN83063_c0_g1_i6:381-1082   -            234 470197at33208        -            328    0.0018   15.4   0.0   2   3       1.1        45    1.0   0.0   168   193   181   205   177   209 0.85 -
Pdum_DN83063_c0_g1_i6:381-1082   -            234 470197at33208        -            328    0.0018   15.4   0.0   3   3         4   1.6e+02   -0.8   0.0   104   126   208   229   190   232 0.59 -
Pdum_DN85938_c0_g1_i1:258-608    -            117 470197at33208        -            328     0.002   15.3   0.1   1   2    0.0046      0.18    8.8   0.2   160   195     3    37     1    39 0.87 -
Pdum_DN85938_c0_g1_i1:258-608    -            117 470197at33208        -            328     0.002   15.3   0.1   2   2     0.048       1.9    5.5   0.0   104   176    38   106    35   111 0.74 -
Pdum_DN92312_c5_g1_i1:3890-4381  -            164 470197at33208        -            328    0.0026   14.9   0.0   1   1    0.0001    0.0039   14.3   0.0   105   147    99   141    78   150 0.70 -
Pdum_DN90581_c4_g2_i3:17-301     -             95 470197at33208        -            328    0.0026   14.9   0.0   1   1   8.6e-05    0.0034   14.5   0.0   159   222    18    89     3    94 0.70 -
Pdum_DN70491_c0_g1_i1:1-1254     -            418 470197at33208        -            328     0.003   14.7   1.2   1   2   0.00031     0.012   12.7   0.0    88   195   162   270   153   281 0.80 -
Pdum_DN70491_c0_g1_i1:1-1254     -            418 470197at33208        -            328     0.003   14.7   1.2   2   2       4.7   1.8e+02   -1.0   0.8   126   139   318   331   299   410 0.72 -
Pdum_DN83005_c1_g1_i1:16-1335    -            440 470197at33208        -            328    0.0038   14.4   1.5   1   2       1.6        62    0.5   0.0   166   193     9    35     4    55 0.81 -
Pdum_DN83005_c1_g1_i1:16-1335    -            440 470197at33208        -            328    0.0038   14.4   1.5   2   2   0.00051      0.02   12.0   0.4   150   225   104   184    85   199 0.73 -
Pdum_DN71445_c0_g2_i2:766-1509   -            248 470197at33208        -            328    0.0042   14.2   3.4   1   1   0.00013    0.0052   13.9   2.6   133   226     8   104     2   141 0.73 -
Pdum_DN83800_c0_g2_i3:14-562     -            183 470197at33208        -            328    0.0048   14.0   0.2   1   2     0.011      0.42    7.6   0.1   161   229    63   133    43   141 0.73 -
Pdum_DN83800_c0_g2_i3:14-562     -            183 470197at33208        -            328    0.0048   14.0   0.2   2   2     0.086       3.4    4.7   0.0    76   102   147   173   140   179 0.88 -
Pdum_DN86765_c0_g1_i2:893-3268   -            792 470197at33208        -            328    0.0048   14.0   0.5   1   1   0.00061     0.024   11.7   0.3   158   195    58    94    18   115 0.67 -
Pdum_DN84963_c1_g1_i6:1317-3311  -            665 470197at33208        -            328    0.0052   13.9   0.0   1   2     0.024      0.95    6.5   0.0   153   193    35    74    27    83 0.80 -
Pdum_DN84963_c1_g1_i6:1317-3311  -            665 470197at33208        -            328    0.0052   13.9   0.0   2   2      0.12       4.9    4.1   0.0   152   199   120   165    72   200 0.66 -
Pdum_DN66325_c0_g1_i1:831-1904   -            358 470197at33208        -            328    0.0084   13.2   0.0   1   3    0.0052      0.21    8.7   0.0   113   195    33   110    24   114 0.85 -
Pdum_DN66325_c0_g1_i1:831-1904   -            358 470197at33208        -            328    0.0084   13.2   0.0   2   3       2.8   1.1e+02   -0.3   0.0   162   189   178   203   171   210 0.74 -
Pdum_DN66325_c0_g1_i1:831-1904   -            358 470197at33208        -            328    0.0084   13.2   0.0   3   3       2.9   1.1e+02   -0.3   0.0   157   191   277   310   245   314 0.76 -
Pdum_DN76828_c2_g1_i1:4967-5695  -            243 470197at33208        -            328    0.0095   13.0   0.0   1   3       1.2        46    0.9   0.0   158   194    86   121    62   128 0.68 -
Pdum_DN76828_c2_g1_i1:4967-5695  -            243 470197at33208        -            328    0.0095   13.0   0.0   2   3      0.25       9.8    3.2   0.0   113   179    89   149    78   165 0.73 -
Pdum_DN76828_c2_g1_i1:4967-5695  -            243 470197at33208        -            328    0.0095   13.0   0.0   3   3     0.016      0.63    7.1   0.0   156   192   169   205   156   242 0.83 -
Pdum_DN90901_c7_g1_i5:256-1545   -            430 470197at33208        -            328      0.01   12.9   0.4   1   3       7.8   3.1e+02   -1.8   0.0   250   279    60    90    16    95 0.50 -
Pdum_DN90901_c7_g1_i5:256-1545   -            430 470197at33208        -            328      0.01   12.9   0.4   2   3    0.0098      0.39    7.8   0.1   116   179   154   214   146   230 0.78 -
Pdum_DN90901_c7_g1_i5:256-1545   -            430 470197at33208        -            328      0.01   12.9   0.4   3   3      0.81        32    1.5   0.0    73   101   238   266   233   270 0.78 -
Pdum_DN87384_c0_g1_i3:1267-1899  -            211 470197at33208        -            328     0.014   12.5   0.0   1   2      0.41        16    2.4   0.0   112   134    72    94    61   131 0.71 -
Pdum_DN87384_c0_g1_i3:1267-1899  -            211 470197at33208        -            328     0.014   12.5   0.0   2   2    0.0087      0.34    7.9   0.0    74   138   143   211   124   211 0.65 -
Pdum_DN70029_c0_g1_i5:236-670    -            145 470197at33208        -            328     0.051   10.7   0.0   1   2    0.0045      0.18    8.9   0.0   158   191    20    53     4    63 0.83 -
Pdum_DN70029_c0_g1_i5:236-670    -            145 470197at33208        -            328     0.051   10.7   0.0   2   2         5     2e+02   -1.1   0.0   158   170   117   129    94   143 0.50 -
#
# Program:         hmmsearch
# Version:         3.1b2 (February 2015)
# Pipeline mode:   SEARCH
# Query file:      /mnt/f/phylo/WORMS/busco_analysis/busco_downloads/lineages/metazoa_odb10/hmms/470197at33208.hmm
# Target file:     /mnt/f/phylo/WORMS/busco_analysis/metazoa_lineage_result/run_metazoa_odb10/metaeuk_output/initial_results/Platynereis_ref.eggnog_filter.nucl.fasta.modified.fas
# Option settings: hmmsearch --domtblout /mnt/f/phylo/WORMS/busco_analysis/metazoa_lineage_result/run_metazoa_odb10/hmmer_output/initial_run_results/470197at33208.out --cpu 1 /mnt/f/phylo/WORMS/busco_analysis/busco_downloads/lineages/metazoa_odb10/hmms/470197at33208.hmm /mnt/f/phylo/WORMS/busco_analysis/metazoa_lineage_result/run_metazoa_odb10/metaeuk_output/initial_results/Platynereis_ref.eggnog_filter.nucl.fasta.modified.fas 
# Current dir:     /mnt/f/phylo/WORMS/busco_analysis
# Date:            Sun Mar 12 20:42:32 2023
# [ok]
