#                                                                                         --- full sequence --- -------------- this domain -------------   hmm coord   ali coord   env coord
# target name                     accession   tlen query name           accession   qlen   E-value  score  bias   #  of  c-Evalue  i-Evalue  score  bias  from    to  from    to  from    to  acc description of target
#             ------------------- ---------- ----- -------------------- ---------- ----- --------- ------ ----- --- --- --------- --------- ------ ----- ----- ----- ----- ----- ----- ----- ---- ---------------------
Pdum_DN85865_c4_g2_i4:452-1258    -            269 514121at33208        -            220   3.3e-96  318.7   5.6   1   1   2.5e-97   7.9e-96  317.5   5.6    17   216    38   252     5   255 0.91 -
Pdum_DN84156_c0_g1_i7:1070-2623   -            518 514121at33208        -            220   7.1e-65  216.3  34.8   1   4     1e-18   3.2e-17   60.5   3.2    65   178     1   114     1   118 0.95 -
Pdum_DN84156_c0_g1_i7:1070-2623   -            518 514121at33208        -            220   7.1e-65  216.3  34.8   2   4   8.1e-20   2.6e-18   64.0   7.1    39   154   113   228   110   229 0.92 -
Pdum_DN84156_c0_g1_i7:1070-2623   -            518 514121at33208        -            220   7.1e-65  216.3  34.8   3   4   7.5e-10   2.4e-08   31.5   1.0    31    80   220   269   219   275 0.94 -
Pdum_DN84156_c0_g1_i7:1070-2623   -            518 514121at33208        -            220   7.1e-65  216.3  34.8   4   4   2.6e-26   8.3e-25   85.3   2.1    41   186   348   500   333   518 0.87 -
Pdum_DN84559_c0_g1_i1:4859-6706   -            616 514121at33208        -            220   3.7e-64  213.9  36.8   1   3   4.1e-29   1.3e-27   94.4   8.3     9   177   126   295   118   300 0.89 -
Pdum_DN84559_c0_g1_i1:4859-6706   -            616 514121at33208        -            220   3.7e-64  213.9  36.8   2   3   1.1e-20   3.7e-19   66.8   2.0    19   178   296   460   294   461 0.94 -
Pdum_DN84559_c0_g1_i1:4859-6706   -            616 514121at33208        -            220   3.7e-64  213.9  36.8   3   3   4.9e-19   1.6e-17   61.5  12.1    24   152   465   596   462   612 0.87 -
Pdum_DN85923_c1_g1_i5:511-1821    -            437 514121at33208        -            220   2.2e-61  204.8  19.4   1   4   3.2e-19     1e-17   62.1   2.5    47   177     3   134     1   136 0.94 -
Pdum_DN85923_c1_g1_i5:511-1821    -            437 514121at33208        -            220   2.2e-61  204.8  19.4   2   4   6.2e-26     2e-24   84.0   0.9    32   179   127   277   125   288 0.93 -
Pdum_DN85923_c1_g1_i5:511-1821    -            437 514121at33208        -            220   2.2e-61  204.8  19.4   3   4   1.3e-17   4.2e-16   56.8   0.3    42   150   290   399   282   401 0.92 -
Pdum_DN85923_c1_g1_i5:511-1821    -            437 514121at33208        -            220   2.2e-61  204.8  19.4   4   4   1.2e-07   3.8e-06   24.3   0.5    20    73   382   437   381   437 0.93 -
Pdum_DN91469_c5_g2_i1:74-1186     -            371 514121at33208        -            220   3.8e-46  155.0  39.4   1   3   5.6e-21   1.8e-19   67.8   7.6    18   176     8   168     4   169 0.92 -
Pdum_DN91469_c5_g2_i1:74-1186     -            371 514121at33208        -            220   3.8e-46  155.0  39.4   2   3   9.2e-21   2.9e-19   67.1  17.7    15   177   119   287   118   289 0.94 -
Pdum_DN91469_c5_g2_i1:74-1186     -            371 514121at33208        -            220   3.8e-46  155.0  39.4   3   3     5e-14   1.6e-12   45.1   0.3    19    96   288   369   286   370 0.93 -
Pdum_DN86193_c0_g1_i2:3136-4725   -            530 514121at33208        -            220   4.6e-45  151.5  35.9   1   4   1.1e-17   3.4e-16   57.1   5.2    28   174     5   158     1   160 0.85 -
Pdum_DN86193_c0_g1_i2:3136-4725   -            530 514121at33208        -            220   4.6e-45  151.5  35.9   2   4   2.5e-15   7.9e-14   49.4   4.9    38   174   161   302   158   304 0.90 -
Pdum_DN86193_c0_g1_i2:3136-4725   -            530 514121at33208        -            220   4.6e-45  151.5  35.9   3   4     5e-14   1.6e-12   45.1   4.9    37   180   304   451   301   454 0.88 -
Pdum_DN86193_c0_g1_i2:3136-4725   -            530 514121at33208        -            220   4.6e-45  151.5  35.9   4   4   2.3e-05   0.00073   16.8   0.2   112   172   453   516   446   520 0.68 -
Pdum_DN91871_c1_g1_i7:3931-4680   -            250 514121at33208        -            220   4.2e-44  148.4  12.4   1   3     0.002     0.065   10.4   0.0   135   174     2    42     1    46 0.87 -
Pdum_DN91871_c1_g1_i7:3931-4680   -            250 514121at33208        -            220   4.2e-44  148.4  12.4   2   3     9e-28   2.9e-26   90.0   1.7    21   177    48   206    44   207 0.92 -
Pdum_DN91871_c1_g1_i7:3931-4680   -            250 514121at33208        -            220   4.2e-44  148.4  12.4   3   3   2.6e-20   8.2e-19   65.7   3.2    37   175   112   250   111   250 0.94 -
Pdum_DN92522_c1_g1_i1:6356-7147   -            264 514121at33208        -            220   2.8e-43  145.7  24.8   1   3   5.7e-19   1.8e-17   61.3   7.2    37   174    34   171    14   172 0.92 -
Pdum_DN92522_c1_g1_i1:6356-7147   -            264 514121at33208        -            220   2.8e-43  145.7  24.8   2   3   4.4e-30   1.4e-28   97.6   9.7    19   177    83   243    81   245 0.95 -
Pdum_DN92522_c1_g1_i1:6356-7147   -            264 514121at33208        -            220   2.8e-43  145.7  24.8   3   3      0.12       3.9    4.6   0.0   110   129   244   263   242   264 0.54 -
Pdum_DN89549_c1_g1_i8:4400-5491   -            364 514121at33208        -            220   4.2e-38  128.8  46.3   1   5   1.4e-14   4.5e-13   46.9   8.5    32   171    12   156     1   159 0.87 -
Pdum_DN89549_c1_g1_i8:4400-5491   -            364 514121at33208        -            220   4.2e-38  128.8  46.3   2   5     1e-16   3.3e-15   53.9   7.2    38   174   114   255   110   257 0.88 -
Pdum_DN89549_c1_g1_i8:4400-5491   -            364 514121at33208        -            220   4.2e-38  128.8  46.3   3   5   2.1e-14   6.9e-13   46.3   5.1    20   149   189   325   188   326 0.85 -
Pdum_DN89549_c1_g1_i8:4400-5491   -            364 514121at33208        -            220   4.2e-38  128.8  46.3   4   5   5.5e-07   1.8e-05   22.1   2.0    40   121   260   340   256   344 0.78 -
Pdum_DN89549_c1_g1_i8:4400-5491   -            364 514121at33208        -            220   4.2e-38  128.8  46.3   5   5    0.0037      0.12    9.6   0.2    40    74   329   364   325   364 0.83 -
Pdum_DN78698_c0_g1_i1:195-1151    -            319 514121at33208        -            220     2e-37  126.6  13.6   1   2   4.1e-29   1.3e-27   94.4   7.9    42   177     4   139     2   143 0.96 -
Pdum_DN78698_c0_g1_i1:195-1151    -            319 514121at33208        -            220     2e-37  126.6  13.6   2   2   6.1e-11   1.9e-09   35.0   0.5   110   179   140   210   138   236 0.78 -
Pdum_DN88145_c1_g2_i1:1609-3027   -            473 514121at33208        -            220   6.8e-36  121.5  37.3   1   5   2.7e-11   8.6e-10   36.2   5.3    44   163     3   126     1   138 0.60 -
Pdum_DN88145_c1_g2_i1:1609-3027   -            473 514121at33208        -            220   6.8e-36  121.5  37.3   2   5   3.4e-13   1.1e-11   42.4   5.1    63   172   142   255   129   259 0.88 -
Pdum_DN88145_c1_g2_i1:1609-3027   -            473 514121at33208        -            220   6.8e-36  121.5  37.3   3   5   3.2e-12     1e-10   39.2   7.6    21   170   240   394   239   397 0.85 -
Pdum_DN88145_c1_g2_i1:1609-3027   -            473 514121at33208        -            220   6.8e-36  121.5  37.3   4   5   3.5e-08   1.1e-06   26.0   1.4    40   128   307   397   306   425 0.83 -
Pdum_DN88145_c1_g2_i1:1609-3027   -            473 514121at33208        -            220   6.8e-36  121.5  37.3   5   5   2.4e-06   7.9e-05   20.0   0.3    34    99   397   464   393   471 0.85 -
Pdum_DN88556_c2_g1_i1:264-1802    -            513 514121at33208        -            220   1.4e-30  104.2  64.9   1   6   2.1e-06   6.9e-05   20.2   3.4    45   125     1    83     1    86 0.81 -
Pdum_DN88556_c2_g1_i1:264-1802    -            513 514121at33208        -            220   1.4e-30  104.2  64.9   2   6   4.2e-14   1.3e-12   45.3   4.9    38   170    42   179    37   181 0.88 -
Pdum_DN88556_c2_g1_i1:264-1802    -            513 514121at33208        -            220   1.4e-30  104.2  64.9   3   6   1.7e-08   5.3e-07   27.1  15.2    19   167   188   345   183   346 0.85 -
Pdum_DN88556_c2_g1_i1:264-1802    -            513 514121at33208        -            220   1.4e-30  104.2  64.9   4   6   2.9e-09   9.2e-08   29.5   3.6    41   127   286   374   256   376 0.85 -
Pdum_DN88556_c2_g1_i1:264-1802    -            513 514121at33208        -            220   1.4e-30  104.2  64.9   5   6   8.7e-09   2.8e-07   28.0   0.4    15   106   305   399   303   404 0.81 -
Pdum_DN88556_c2_g1_i1:264-1802    -            513 514121at33208        -            220   1.4e-30  104.2  64.9   6   6   9.8e-07   3.1e-05   21.3   1.0    38   126   421   507   407   512 0.88 -
Pdum_DN91675_c4_g1_i3:3400-5013   -            538 514121at33208        -            220   4.8e-30  102.4  50.8   1   6   8.1e-09   2.6e-07   28.1   8.9    41   169     6   139     3   140 0.89 -
Pdum_DN91675_c4_g1_i3:3400-5013   -            538 514121at33208        -            220   4.8e-30  102.4  50.8   2   6   1.4e-07   4.6e-06   24.0   6.7    20   116    78   179    75   181 0.88 -
Pdum_DN91675_c4_g1_i3:3400-5013   -            538 514121at33208        -            220   4.8e-30  102.4  50.8   3   6   2.3e-09   7.5e-08   29.8   0.5    11   100   141   240   139   246 0.82 -
Pdum_DN91675_c4_g1_i3:3400-5013   -            538 514121at33208        -            220   4.8e-30  102.4  50.8   4   6   8.2e-07   2.6e-05   21.5   0.5    35   104   245   316   240   343 0.80 -
Pdum_DN91675_c4_g1_i3:3400-5013   -            538 514121at33208        -            220   4.8e-30  102.4  50.8   5   6   2.2e-05    0.0007   16.9   6.0    91   170   348   430   342   435 0.82 -
Pdum_DN91675_c4_g1_i3:3400-5013   -            538 514121at33208        -            220   4.8e-30  102.4  50.8   6   6   1.4e-09   4.5e-08   30.5   9.5    37   143   412   522   405   527 0.84 -
Pdum_DN86563_c0_g1_i1:1290-2321   -            344 514121at33208        -            220   9.9e-30  101.4  12.1   1   2     2e-17   6.3e-16   56.2   3.5    59   178    24   145    10   148 0.88 -
Pdum_DN86563_c0_g1_i1:1290-2321   -            344 514121at33208        -            220   9.9e-30  101.4  12.1   2   2   3.1e-15     1e-13   49.0   2.0   112   189   147   230   146   237 0.83 -
Pdum_DN92571_c4_g1_i1:3831-4814   -            328 514121at33208        -            220     2e-29  100.4  21.6   1   4     2e-06   6.4e-05   20.2   2.2    43   100     2    61     1    69 0.80 -
Pdum_DN92571_c4_g1_i1:3831-4814   -            328 514121at33208        -            220     2e-29  100.4  21.6   2   4     2e-17   6.3e-16   56.2   7.8    42   172    73   212    67   214 0.87 -
Pdum_DN92571_c4_g1_i1:3831-4814   -            328 514121at33208        -            220     2e-29  100.4  21.6   3   4   1.5e-08   4.8e-07   27.2   0.0    44    99   223   280   217   282 0.90 -
Pdum_DN92571_c4_g1_i1:3831-4814   -            328 514121at33208        -            220     2e-29  100.4  21.6   4   4     0.035       1.1    6.4   0.0   139   167   274   302   272   305 0.83 -
Pdum_DN77445_c0_g4_i1:354-1061    -            236 514121at33208        -            220   1.8e-28   97.2   9.1   1   2   2.5e-10   8.2e-09   33.0   0.1    32    99     5    73     2    78 0.91 -
Pdum_DN77445_c0_g4_i1:354-1061    -            236 514121at33208        -            220   1.8e-28   97.2   9.1   2   2   8.3e-21   2.7e-19   67.3   4.3    32   165    75   209    73   213 0.93 -
Pdum_DN88721_c1_g1_i8:1846-3393   -            516 514121at33208        -            220   2.4e-28   96.8  29.9   1   6   0.00022    0.0071   13.6   0.2   130   174    18    63     2    67 0.80 -
Pdum_DN88721_c1_g1_i8:1846-3393   -            516 514121at33208        -            220   2.4e-28   96.8  29.9   2   6   6.3e-07     2e-05   21.9   0.3    40   100    68   131    62   141 0.86 -
Pdum_DN88721_c1_g1_i8:1846-3393   -            516 514121at33208        -            220   2.4e-28   96.8  29.9   3   6   1.7e-12   5.6e-11   40.1   6.8    30   170   160   308   144   312 0.78 -
Pdum_DN88721_c1_g1_i8:1846-3393   -            516 514121at33208        -            220   2.4e-28   96.8  29.9   4   6   8.1e-10   2.6e-08   31.3   0.2    59   170   265   376   263   382 0.89 -
Pdum_DN88721_c1_g1_i8:1846-3393   -            516 514121at33208        -            220   2.4e-28   96.8  29.9   5   6   1.3e-07     4e-06   24.2   0.1    38   170   315   444   307   448 0.85 -
Pdum_DN88721_c1_g1_i8:1846-3393   -            516 514121at33208        -            220   2.4e-28   96.8  29.9   6   6     0.001     0.034   11.4   2.3    21    90   431   504   429   514 0.64 -
Pdum_DN91223_c8_g3_i5:452-1168    -            239 514121at33208        -            220   1.6e-25   87.6   9.8   1   1   1.4e-26   4.4e-25   86.2   9.8    25   205    43   232    22   236 0.81 -
Pdum_DN88406_c0_g2_i1:4425-5549   -            375 514121at33208        -            220   2.8e-24   83.5  33.2   1   4     1e-07   3.3e-06   24.5   1.8    42   129     1    91     1    96 0.89 -
Pdum_DN88406_c0_g2_i1:4425-5549   -            375 514121at33208        -            220   2.8e-24   83.5  33.2   2   4   3.1e-08     1e-06   26.2   0.9    39   100    47   110    42   119 0.86 -
Pdum_DN88406_c0_g2_i1:4425-5549   -            375 514121at33208        -            220   2.8e-24   83.5  33.2   3   4   8.3e-11   2.7e-09   34.6  12.3    19   146    96   229    92   232 0.87 -
Pdum_DN88406_c0_g2_i1:4425-5549   -            375 514121at33208        -            220   2.8e-24   83.5  33.2   4   4     6e-10   1.9e-08   31.8   9.0    16   168   212   372   209   375 0.86 -
Pdum_DN91871_c1_g1_i7:4132-4578   -            149 514121at33208        -            220   7.8e-24   82.1   1.1   1   2     1e-11   3.3e-10   37.5   0.1    21    84    14    79     2    81 0.87 -
Pdum_DN91871_c1_g1_i7:4132-4578   -            149 514121at33208        -            220   7.8e-24   82.1   1.1   2   2   9.9e-14   3.2e-12   44.1   0.3   109   177    80   149    78   149 0.96 -
Pdum_DN87468_c0_g2_i3:294-1007    -            238 514121at33208        -            220   2.8e-23   80.3  24.1   1   3   7.1e-16   2.3e-14   51.1   8.1    22   174     2   160     1   163 0.84 -
Pdum_DN87468_c0_g2_i3:294-1007    -            238 514121at33208        -            220   2.8e-23   80.3  24.1   2   3   5.1e-10   1.6e-08   32.0   1.4    39    99   140   202   137   209 0.88 -
Pdum_DN87468_c0_g2_i3:294-1007    -            238 514121at33208        -            220   2.8e-23   80.3  24.1   3   3   1.1e-06   3.5e-05   21.1   0.7    37   104   162   231   161   234 0.89 -
Pdum_DN91576_c4_g1_i3:2317-3696   -            460 514121at33208        -            220   7.3e-22   75.6  36.4   1   5    0.0014     0.045   11.0   0.7    45    98    40    95    33    97 0.54 -
Pdum_DN91576_c4_g1_i3:2317-3696   -            460 514121at33208        -            220   7.3e-22   75.6  36.4   2   5     4e-14   1.3e-12   45.4   8.6    13   172    77   239    72   242 0.85 -
Pdum_DN91576_c4_g1_i3:2317-3696   -            460 514121at33208        -            220   7.3e-22   75.6  36.4   3   5   1.5e-07   4.9e-06   23.9   7.1    18   126   245   355   242   356 0.85 -
Pdum_DN91576_c4_g1_i3:2317-3696   -            460 514121at33208        -            220   7.3e-22   75.6  36.4   4   5     3e-07   9.5e-06   23.0   3.2    21   100   293   377   291   404 0.80 -
Pdum_DN91576_c4_g1_i3:2317-3696   -            460 514121at33208        -            220   7.3e-22   75.6  36.4   5   5      0.28       9.1    3.4   0.1    50    82   427   459   399   460 0.74 -
Pdum_DN91875_c1_g1_i1:557-1504    -            316 514121at33208        -            220   6.5e-21   72.5  27.1   1   4   5.4e-06   0.00017   18.8   1.5    24    79     4    63     1    66 0.52 -
Pdum_DN91875_c1_g1_i1:557-1504    -            316 514121at33208        -            220   6.5e-21   72.5  27.1   2   4   4.8e-07   1.6e-05   22.3   1.3    37   100    66   131    62   134 0.83 -
Pdum_DN91875_c1_g1_i1:557-1504    -            316 514121at33208        -            220   6.5e-21   72.5  27.1   3   4   3.8e-10   1.2e-08   32.4   9.6    21   144   119   249   115   252 0.82 -
Pdum_DN91875_c1_g1_i1:557-1504    -            316 514121at33208        -            220   6.5e-21   72.5  27.1   4   4   2.8e-06   8.9e-05   19.8   0.4    39   128   212   303   208   316 0.83 -
Pdum_DN86762_c0_g1_i5:1-633       -            211 514121at33208        -            220   7.4e-21   72.4   2.0   1   1   3.8e-22   1.2e-20   71.7   1.9    35   174    34   178    14   193 0.89 -
Pdum_DN86762_c0_g2_i7:971-1825    -            285 514121at33208        -            220   8.7e-21   72.1  33.9   1   3   1.2e-11   3.9e-10   37.3   2.0    63   170     9   120     4   122 0.85 -
Pdum_DN86762_c0_g2_i7:971-1825    -            285 514121at33208        -            220   8.7e-21   72.1  33.9   2   3   2.6e-08   8.3e-07   26.4   3.9    33   124    50   143    47   146 0.84 -
Pdum_DN86762_c0_g2_i7:971-1825    -            285 514121at33208        -            220   8.7e-21   72.1  33.9   3   3     9e-11   2.9e-09   34.5  12.5    17   166   127   284   124   285 0.83 -
Pdum_DN83423_c0_g1_i3:4390-4932   -            181 514121at33208        -            220   1.1e-20   71.9   1.6   1   2   1.8e-17   5.9e-16   56.3   0.4    73   178     5   115     1   117 0.85 -
Pdum_DN83423_c0_g1_i3:4390-4932   -            181 514121at33208        -            220   1.1e-20   71.9   1.6   2   2   8.6e-05    0.0028   14.9   0.0   134   177   117   160   115   167 0.78 -
Pdum_DN91375_c2_g1_i5:2925-3452   -            176 514121at33208        -            220   1.2e-20   71.7  23.4   1   2   1.7e-15   5.4e-14   49.9   8.0    44   177    11   140     3   142 0.87 -
Pdum_DN91375_c2_g1_i5:2925-3452   -            176 514121at33208        -            220   1.2e-20   71.7  23.4   2   2   9.6e-11   3.1e-09   34.4   7.4   114   178    99   164    96   176 0.86 -
Pdum_DN85765_c0_g1_i13:2137-3027  -            297 514121at33208        -            220   2.2e-20   70.8   8.2   1   3   1.7e-15   5.6e-14   49.9   1.5    30   171    57   201    45   202 0.88 -
Pdum_DN85765_c0_g1_i13:2137-3027  -            297 514121at33208        -            220   2.2e-20   70.8   8.2   2   3   4.1e-10   1.3e-08   32.3   0.7    36   163   133   264   126   272 0.77 -
Pdum_DN85765_c0_g1_i13:2137-3027  -            297 514121at33208        -            220   2.2e-20   70.8   8.2   3   3     0.012      0.38    7.9   0.1    36   124   203   296   201   297 0.65 -
Pdum_DN88840_c3_g1_i2:2856-3701   -            282 514121at33208        -            220   2.3e-20   70.7  18.0   1   2   5.5e-20   1.8e-18   64.6  10.1    19   170    54   213    46   218 0.86 -
Pdum_DN88840_c3_g1_i2:2856-3701   -            282 514121at33208        -            220   2.3e-20   70.7  18.0   2   2    0.0043      0.14    9.4   1.1    43    82   225   265   222   282 0.46 -
Pdum_DN74595_c0_g1_i2:261-1511    -            417 514121at33208        -            220   6.5e-20   69.3  11.6   1   2   2.2e-12   7.1e-11   39.7   0.9    29   100   166   240   155   242 0.91 -
Pdum_DN74595_c0_g1_i2:261-1511    -            417 514121at33208        -            220   6.5e-20   69.3  11.6   2   2   1.7e-12   5.5e-11   40.1   6.8    20   100   227   308   222   327 0.88 -
Pdum_DN71249_c0_g2_i4:114-485     -            124 514121at33208        -            220   9.1e-20   68.8   4.2   1   2   1.1e-14   3.4e-13   47.3   0.1    31    93    27    89     7    89 0.93 -
Pdum_DN71249_c0_g2_i4:114-485     -            124 514121at33208        -            220   9.1e-20   68.8   4.2   2   2   4.4e-09   1.4e-07   28.9   0.7    31    77    73   119    72   124 0.91 -
Pdum_DN92140_c4_g1_i1:6249-7646   -            466 514121at33208        -            220   1.1e-19   68.5   9.2   1   4   3.3e-09     1e-07   29.4   0.6    42   100     1    59     1    75 0.92 -
Pdum_DN92140_c4_g1_i1:6249-7646   -            466 514121at33208        -            220   1.1e-19   68.5   9.2   2   4    0.0029     0.092    9.9   0.1    42    96   165   220   159   226 0.58 -
Pdum_DN92140_c4_g1_i1:6249-7646   -            466 514121at33208        -            220   1.1e-19   68.5   9.2   3   4      0.71        23    2.1   0.0    61   170   294   311   288   326 0.63 -
Pdum_DN92140_c4_g1_i1:6249-7646   -            466 514121at33208        -            220   1.1e-19   68.5   9.2   4   4     2e-09   6.6e-08   30.0   0.1   134   192   356   420   351   450 0.67 -
Pdum_DN88282_c1_g1_i4:924-1898    -            325 514121at33208        -            220   1.6e-18   64.7  18.9   1   2   1.4e-12   4.6e-11   40.3   9.5    21   169    22   180    18   184 0.85 -
Pdum_DN88282_c1_g1_i4:924-1898    -            325 514121at33208        -            220   1.6e-18   64.7  18.9   2   2   1.6e-08   5.2e-07   27.1   2.4    35    99   190   256   181   281 0.85 -
Pdum_DN76481_c1_g1_i2:2536-3198   -            221 514121at33208        -            220   1.7e-18   64.6  11.4   1   2   1.3e-12   4.1e-11   40.5   2.2    20   108    10   100     4   101 0.89 -
Pdum_DN76481_c1_g1_i2:2536-3198   -            221 514121at33208        -            220   1.7e-18   64.6  11.4   2   2     2e-10   6.6e-09   33.3   4.6    21   147    82   220    81   221 0.76 -
Pdum_DN89381_c1_g1_i5:34-936      -            301 514121at33208        -            220   7.5e-18   62.5  10.6   1   3   3.9e-05    0.0013   16.0   1.6    34    79    13    59     2    91 0.81 -
Pdum_DN89381_c1_g1_i5:34-936      -            301 514121at33208        -            220   7.5e-18   62.5  10.6   2   3      0.29       9.3    3.4   0.0    27    78    97   147    84   157 0.74 -
Pdum_DN89381_c1_g1_i5:34-936      -            301 514121at33208        -            220   7.5e-18   62.5  10.6   3   3   7.9e-15   2.5e-13   47.7   3.2    19   140   139   265   133   280 0.82 -
Pdum_DN70088_c0_g1_i4:987-2129    -            381 514121at33208        -            220   1.8e-17   61.3  23.5   1   3   0.00028    0.0091   13.2   0.2    78   130    16    70     1   102 0.62 -
Pdum_DN70088_c0_g1_i4:987-2129    -            381 514121at33208        -            220   1.8e-17   61.3  23.5   2   3   6.4e-12     2e-10   38.2   1.4    42   171   109   241    75   253 0.88 -
Pdum_DN70088_c0_g1_i4:987-2129    -            381 514121at33208        -            220   1.8e-17   61.3  23.5   3   3   1.3e-05   0.00043   17.6  10.0    13   144   246   381   241   381 0.73 -
Pdum_DN87210_c0_g1_i4:1265-2329   -            355 514121at33208        -            220   2.4e-17   60.9  14.0   1   4   4.5e-07   1.4e-05   22.4   1.1    43   168     3   138     1   140 0.79 -
Pdum_DN87210_c0_g1_i4:1265-2329   -            355 514121at33208        -            220   2.4e-17   60.9  14.0   2   4     3e-07   9.7e-06   22.9   0.5    66   176    78   194    77   199 0.74 -
Pdum_DN87210_c0_g1_i4:1265-2329   -            355 514121at33208        -            220   2.4e-17   60.9  14.0   3   4   5.1e-05    0.0016   15.7   0.1    21    97   200   278   194   279 0.89 -
Pdum_DN87210_c0_g1_i4:1265-2329   -            355 514121at33208        -            220   2.4e-17   60.9  14.0   4   4     0.003     0.095    9.9   0.7    33    96   286   355   283   355 0.79 -
Pdum_DN91986_c3_g1_i1:3533-4180   -            216 514121at33208        -            220   2.5e-17   60.8  14.2   1   2   6.3e-10     2e-08   31.7   1.0   111   181    11    82     1   100 0.88 -
Pdum_DN91986_c3_g1_i1:3533-4180   -            216 514121at33208        -            220   2.5e-17   60.8  14.2   2   2   2.1e-06   6.6e-05   20.2   0.6    33    96   145   207   145   213 0.92 -
Pdum_DN88413_c1_g3_i5:1730-2284   -            185 514121at33208        -            220   2.4e-16   57.6  16.1   1   2   1.7e-07   5.6e-06   23.7   0.7    33    83    13    64     1    71 0.76 -
Pdum_DN88413_c1_g3_i5:1730-2284   -            185 514121at33208        -            220   2.4e-16   57.6  16.1   2   2   4.6e-12   1.5e-10   38.7   9.0    37   143    72   184    67   185 0.89 -
Pdum_DN73431_c0_g1_i2:579-1325    -            249 514121at33208        -            220   4.9e-15   53.3   8.0   1   3     2e-08   6.5e-07   26.8   0.6    90   170     3    86     1    89 0.90 -
Pdum_DN73431_c0_g1_i2:579-1325    -            249 514121at33208        -            220   4.9e-15   53.3   8.0   2   3   8.9e-07   2.9e-05   21.4   0.6    35   125    90   182    84   186 0.83 -
Pdum_DN73431_c0_g1_i2:579-1325    -            249 514121at33208        -            220   4.9e-15   53.3   8.0   3   3    0.0013     0.042   11.0   0.0    29    96   180   249   166   249 0.84 -
Pdum_DN89910_c5_g1_i3:2314-2991   -            226 514121at33208        -            220   6.2e-15   53.0   9.8   1   3     2e-05   0.00065   17.0   0.1   111   170     2    60     1    65 0.94 -
Pdum_DN89910_c5_g1_i3:2314-2991   -            226 514121at33208        -            220   6.2e-15   53.0   9.8   2   3   1.7e-08   5.4e-07   27.0   0.4    19    99    45   131    43   134 0.83 -
Pdum_DN89910_c5_g1_i3:2314-2991   -            226 514121at33208        -            220   6.2e-15   53.0   9.8   3   3   7.2e-07   2.3e-05   21.7   3.9    37   142   115   224   112   226 0.65 -
Pdum_DN88656_c0_g1_i3:3346-4263   -            306 514121at33208        -            220     7e-15   52.8  15.1   1   3   0.00015    0.0048   14.1   0.0   133   174    81   123    33   127 0.66 -
Pdum_DN88656_c0_g1_i3:3346-4263   -            306 514121at33208        -            220     7e-15   52.8  15.1   2   3   2.2e-10   7.2e-09   33.2   9.8    39   170   127   263   123   266 0.83 -
Pdum_DN88656_c0_g1_i3:3346-4263   -            306 514121at33208        -            220     7e-15   52.8  15.1   3   3     6e-07   1.9e-05   22.0   4.3    85   174   199   291   195   306 0.52 -
Pdum_DN70239_c0_g1_i1:1594-2223   -            210 514121at33208        -            220   7.2e-15   52.8  18.3   1   2   6.9e-06   0.00022   18.5   2.6    88   147     3    60     1    64 0.88 -
Pdum_DN70239_c0_g1_i1:1594-2223   -            210 514121at33208        -            220   7.2e-15   52.8  18.3   2   2   2.3e-12   7.3e-11   39.7   8.0    38   132    79   175    74   210 0.85 -
Pdum_DN87121_c0_g1_i2:1013-1531   -            173 514121at33208        -            220   7.3e-15   52.8   0.1   1   2   2.5e-08   8.1e-07   26.5   0.0    44   144     1   105     1   113 0.82 -
Pdum_DN87121_c0_g1_i2:1013-1531   -            173 514121at33208        -            220   7.3e-15   52.8   0.1   2   2   8.4e-08   2.7e-06   24.8   0.0    37    96   114   173    97   173 0.94 -
Pdum_DN89132_c0_g1_i3:2343-3002   -            220 514121at33208        -            220   1.1e-14   52.1  12.7   1   2     0.014      0.46    7.6   0.0    50   170     6    59     1    68 0.52 -
Pdum_DN89132_c0_g1_i3:2343-3002   -            220 514121at33208        -            220   1.1e-14   52.1  12.7   2   2   4.4e-14   1.4e-12   45.3   9.8    41   170    70   205    61   216 0.87 -
Pdum_DN80006_c0_g1_i7:712-1794    -            361 514121at33208        -            220   1.4e-14   51.8  20.2   1   3      0.27       8.6    3.5   0.1    59    80    22    43     1    71 0.53 -
Pdum_DN80006_c0_g1_i7:712-1794    -            361 514121at33208        -            220   1.4e-14   51.8  20.2   2   3   2.7e-13   8.8e-12   42.7   6.9    19   176    54   220    46   237 0.81 -
Pdum_DN80006_c0_g1_i7:712-1794    -            361 514121at33208        -            220   1.4e-14   51.8  20.2   3   3   0.00034     0.011   13.0   2.2    49   120   288   361   277   361 0.76 -
Pdum_DN84605_c0_g1_i1:2167-2478   -            104 514121at33208        -            220   2.7e-14   50.9   3.4   1   1   9.7e-16   3.1e-14   50.7   3.4    24   123     3   103     1   104 0.93 -
Pdum_DN77537_c0_g1_i2:993-1934    -            314 514121at33208        -            220   2.9e-14   50.8  19.9   1   2   1.4e-07   4.4e-06   24.1   5.8    15   145    36   173    28   180 0.81 -
Pdum_DN77537_c0_g1_i2:993-1934    -            314 514121at33208        -            220   2.9e-14   50.8  19.9   2   2   2.1e-11   6.9e-10   36.5   8.4    17   166   158   313   156   314 0.87 -
Pdum_DN83304_c0_g1_i7:701-2119    -            473 514121at33208        -            220   2.9e-14   50.8  27.8   1   4   9.9e-05    0.0032   14.7   2.8    24   172    11   164     1   165 0.74 -
Pdum_DN83304_c0_g1_i7:701-2119    -            473 514121at33208        -            220   2.9e-14   50.8  27.8   2   4   1.2e-06   3.9e-05   21.0   2.6    37   147   166   285   162   292 0.84 -
Pdum_DN83304_c0_g1_i7:701-2119    -            473 514121at33208        -            220   2.9e-14   50.8  27.8   3   4   5.5e-07   1.8e-05   22.1   8.2    45   168   275   401   270   416 0.86 -
Pdum_DN83304_c0_g1_i7:701-2119    -            473 514121at33208        -            220   2.9e-14   50.8  27.8   4   4      0.19         6    4.0   0.0    31    93   403   470   401   473 0.78 -
Pdum_DN90193_c5_g1_i9:944-1825    -            294 514121at33208        -            220   7.4e-14   49.5  21.9   1   3   1.9e-07   6.3e-06   23.6   1.0    17   141    39   119    29   132 0.47 -
Pdum_DN90193_c5_g1_i9:944-1825    -            294 514121at33208        -            220   7.4e-14   49.5  21.9   2   3   3.3e-09     1e-07   29.4   4.0    40   167   110   240   103   269 0.50 -
Pdum_DN90193_c5_g1_i9:944-1825    -            294 514121at33208        -            220   7.4e-14   49.5  21.9   3   3   6.7e-07   2.1e-05   21.8   2.3    35   144   177   291   175   294 0.86 -
Pdum_DN91576_c4_g1_i3:2980-3495   -            172 514121at33208        -            220   1.1e-13   49.0   8.8   1   1   3.9e-15   1.3e-13   48.7   8.8    12   171     9   171     2   172 0.84 -
Pdum_DN92813_c2_g1_i2:24-689      -            222 514121at33208        -            220   1.6e-13   48.4  10.9   1   3   2.9e-09   9.3e-08   29.5   1.7    49   148     3   104     1   126 0.87 -
Pdum_DN92813_c2_g1_i2:24-689      -            222 514121at33208        -            220   1.6e-13   48.4  10.9   2   3    0.0035      0.11    9.6   0.2    65   125    90   154    84   162 0.79 -
Pdum_DN92813_c2_g1_i2:24-689      -            222 514121at33208        -            220   1.6e-13   48.4  10.9   3   3   7.2e-07   2.3e-05   21.7   2.9    15    98   135   222   121   222 0.86 -
Pdum_DN73711_c2_g4_i7:642-1112    -            157 514121at33208        -            220   1.7e-13   48.3   4.4   1   1   1.2e-14   3.8e-13   47.2   4.4    16   132    14   134     7   155 0.84 -
Pdum_DN89399_c1_g1_i20:1446-1991  -            182 514121at33208        -            220   4.9e-13   46.8   9.5   1   2   9.8e-08   3.1e-06   24.5   0.7    64   129     2    68     1    72 0.76 -
Pdum_DN89399_c1_g1_i20:1446-1991  -            182 514121at33208        -            220   4.9e-13   46.8   9.5   2   2   5.1e-09   1.6e-07   28.7   3.5    18   133    48   169    43   181 0.76 -
Pdum_DN71063_c0_g1_i12:4687-5259  -            191 514121at33208        -            220   6.6e-13   46.4   1.3   1   2   1.2e-09   3.9e-08   30.8   0.1    65   171    17   124     9   127 0.83 -
Pdum_DN71063_c0_g1_i12:4687-5259  -            191 514121at33208        -            220   6.6e-13   46.4   1.3   2   2   4.5e-05    0.0014   15.8   0.1    33    79   125   172   122   191 0.86 -
Pdum_DN41956_c0_g1_i2:698-1324    -            209 514121at33208        -            220   9.7e-13   45.8  19.7   1   2   3.1e-09   9.9e-08   29.4   8.2    21   128     2   114     1   122 0.79 -
Pdum_DN41956_c0_g1_i2:698-1324    -            209 514121at33208        -            220   9.7e-13   45.8  19.7   2   2   2.2e-06   6.9e-05   20.1   4.4    59   143   121   208   118   209 0.80 -
Pdum_DN67653_c1_g3_i5:63-980      -            306 514121at33208        -            220   1.1e-12   45.7  13.9   1   4      0.37        12    3.0   0.0   112   148     5    42     1    60 0.50 -
Pdum_DN67653_c1_g3_i5:63-980      -            306 514121at33208        -            220   1.1e-12   45.7  13.9   2   4   7.4e-06   0.00024   18.4   0.9    45   129    51   140    46   143 0.85 -
Pdum_DN67653_c1_g3_i5:63-980      -            306 514121at33208        -            220   1.1e-12   45.7  13.9   3   4   4.8e-07   1.5e-05   22.3   0.9    42   126   149   236   144   240 0.87 -
Pdum_DN67653_c1_g3_i5:63-980      -            306 514121at33208        -            220   1.1e-12   45.7  13.9   4   4    0.0032       0.1    9.8   0.2    36    98   240   305   235   306 0.79 -
Pdum_DN91283_c2_g3_i4:368-1279    -            304 514121at33208        -            220   1.2e-12   45.5  15.3   1   2   3.2e-11     1e-09   35.9  12.7    33   169    21   168     2   170 0.78 -
Pdum_DN91283_c2_g3_i4:368-1279    -            304 514121at33208        -            220   1.2e-12   45.5  15.3   2   2   1.4e-05   0.00043   17.5   0.0    19    70   154   205   152   234 0.86 -
Pdum_DN66154_c1_g1_i7:584-1195    -            204 514121at33208        -            220   1.2e-12   45.5  11.0   1   2   7.9e-09   2.5e-07   28.1   2.7    34   118    11    99     2   105 0.89 -
Pdum_DN66154_c1_g1_i7:584-1195    -            204 514121at33208        -            220   1.2e-12   45.5  11.0   2   2     4e-07   1.3e-05   22.5   1.3    40   122   119   203   107   204 0.88 -
Pdum_DN84389_c0_g1_i3:1713-2219   -            169 514121at33208        -            220   4.4e-12   43.7   3.8   1   2   7.8e-10   2.5e-08   31.4   0.4    45   147     4   110     1   112 0.86 -
Pdum_DN84389_c0_g1_i3:1713-2219   -            169 514121at33208        -            220   4.4e-12   43.7   3.8   2   2   2.4e-06   7.7e-05   20.0   0.2    35    97    66   129    62   142 0.84 -
Pdum_DN91775_c3_g1_i1:3810-4184   -            125 514121at33208        -            220   5.9e-12   43.3   0.6   1   1   2.2e-13   7.2e-12   43.0   0.6    45   128    23   107     9   125 0.86 -
Pdum_DN90127_c2_g1_i1:4449-5648   -            400 514121at33208        -            220   5.9e-12   43.2  14.6   1   3     3e-07   9.6e-06   23.0   0.7    41   142    14   118     6   126 0.75 -
Pdum_DN90127_c2_g1_i1:4449-5648   -            400 514121at33208        -            220   5.9e-12   43.2  14.6   2   3   9.4e-06    0.0003   18.0   2.1    38   183    82   232    80   244 0.78 -
Pdum_DN90127_c2_g1_i1:4449-5648   -            400 514121at33208        -            220   5.9e-12   43.2  14.6   3   3   9.2e-05    0.0029   14.8   1.7    31   102   259   332   232   400 0.58 -
Pdum_DN88406_c0_g2_i1:5136-5561   -            142 514121at33208        -            220   5.9e-12   43.2   8.0   1   2   0.00013    0.0041   14.3   0.1    41    84     4    48     1    50 0.82 -
Pdum_DN88406_c0_g2_i1:5136-5561   -            142 514121at33208        -            220   5.9e-12   43.2   8.0   2   2   8.7e-10   2.8e-08   31.2   4.1    39   128    51   141    46   142 0.87 -
Pdum_DN76457_c1_g1_i1:0-767       -            256 514121at33208        -            220   1.1e-11   42.3  20.0   1   4   0.00043     0.014   12.6   0.3   113   169     2    61     1    69 0.87 -
Pdum_DN76457_c1_g1_i1:0-767       -            256 514121at33208        -            220   1.1e-11   42.3  20.0   2   4   8.3e-06   0.00027   18.2   0.6    87   137    70   118    64   132 0.77 -
Pdum_DN76457_c1_g1_i1:0-767       -            256 514121at33208        -            220   1.1e-11   42.3  20.0   3   4   3.9e-06   0.00013   19.3   4.5    65   150   117   206   111   216 0.86 -
Pdum_DN76457_c1_g1_i1:0-767       -            256 514121at33208        -            220   1.1e-11   42.3  20.0   4   4      0.28       8.9    3.4   0.2    20    53   219   255   215   256 0.80 -
Pdum_DN91181_c2_g2_i2:1663-2265   -            201 514121at33208        -            220   1.9e-11   41.6  20.2   1   2   8.1e-12   2.6e-10   37.9   9.0    26   123     3   104     1   113 0.86 -
Pdum_DN91181_c2_g2_i2:1663-2265   -            201 514121at33208        -            220   1.9e-11   41.6  20.2   2   2    0.0085      0.27    8.4   3.7    39   100   116   179   108   199 0.74 -
Pdum_DN82535_c0_g1_i3:253-918     -            222 514121at33208        -            220     2e-11   41.5  13.7   1   2   3.6e-11   1.1e-09   35.8   2.9    16   124    15   128     6   134 0.85 -
Pdum_DN82535_c0_g1_i3:253-918     -            222 514121at33208        -            220     2e-11   41.5  13.7   2   2    0.0035      0.11    9.6   3.2    16    78   135   201   132   208 0.75 -
Pdum_DN83762_c0_g1_i1:334-756     -            141 514121at33208        -            220   4.9e-11   40.2   9.3   1   1   4.9e-09   1.6e-07   28.8   4.2    15    98    52   141    50   141 0.86 -
Pdum_DN66885_c0_g1_i12:594-1340   -            249 514121at33208        -            220   5.9e-11   40.0  17.3   1   2   1.2e-10   3.9e-09   34.0  13.0    34   170    17   164     1   165 0.80 -
Pdum_DN66885_c0_g1_i12:594-1340   -            249 514121at33208        -            220   5.9e-11   40.0  17.3   2   2   1.3e-05   0.00042   17.6   0.7    21    72   151   202   149   210 0.88 -
Pdum_DN90329_c2_g1_i3:2251-2817   -            189 514121at33208        -            220   6.7e-11   39.8   8.2   1   1   6.3e-12     2e-10   38.2   6.8    22   171     2   160     1   166 0.87 -
Pdum_DN83313_c0_g1_i5:1068-1655   -            196 514121at33208        -            220   8.3e-11   39.5   1.2   1   2   1.4e-08   4.6e-07   27.3   0.1    44   145     4   109     1   114 0.60 -
Pdum_DN83313_c0_g1_i5:1068-1655   -            196 514121at33208        -            220   8.3e-11   39.5   1.2   2   2    0.0017     0.055   10.7   0.1   111   163   140   193   125   195 0.80 -
Pdum_DN84936_c0_g4_i3:47-598      -            184 514121at33208        -            220   9.4e-11   39.3  12.8   1   2     3e-10   9.8e-09   32.7   1.7    34   147     2   122     1   123 0.86 -
Pdum_DN84936_c0_g4_i3:47-598      -            184 514121at33208        -            220   9.4e-11   39.3  12.8   2   2   6.2e-06    0.0002   18.6   3.7    35   120    78   162    75   178 0.69 -
Pdum_DN76752_c0_g2_i5:2080-3639   -            520 514121at33208        -            220   1.3e-10   38.8  16.4   1   2   0.00015    0.0049   14.1   2.2    38   189     5   166     1   196 0.59 -
Pdum_DN76752_c0_g2_i5:2080-3639   -            520 514121at33208        -            220   1.3e-10   38.8  16.4   2   2   6.4e-10   2.1e-08   31.7   3.8    40   171   384   517   373   520 0.90 -
Pdum_DN76106_c0_g2_i1:1212-1994   -            261 514121at33208        -            220     2e-10   38.3  14.7   1   3   2.9e-06   9.3e-05   19.7   0.1   132   191    22    88    13   106 0.79 -
Pdum_DN76106_c0_g2_i1:1212-1994   -            261 514121at33208        -            220     2e-10   38.3  14.7   2   3      0.29       9.3    3.4   0.1    58    97    75   114    64   118 0.73 -
Pdum_DN76106_c0_g2_i1:1212-1994   -            261 514121at33208        -            220     2e-10   38.3  14.7   3   3   8.3e-06   0.00027   18.2  11.4    34   165   121   261   105   261 0.81 -
Pdum_DN91963_c4_g1_i1:5807-6181   -            125 514121at33208        -            220   2.1e-10   38.2   3.6   1   1   7.8e-12   2.5e-10   37.9   3.6    67   165    21   123     8   125 0.85 -
Pdum_DN92253_c7_g1_i3:6699-7001   -            101 514121at33208        -            220   2.1e-10   38.2   0.6   1   1     7e-08   2.2e-06   25.0   0.3    35    94    35    96    31   100 0.88 -
Pdum_DN78378_c1_g1_i1:347-766     -            140 514121at33208        -            220   3.4e-10   37.5  10.1   1   2    0.0048      0.16    9.2   0.5    88   122     2    38     1    49 0.79 -
Pdum_DN78378_c1_g1_i1:347-766     -            140 514121at33208        -            220   3.4e-10   37.5  10.1   2   2   2.1e-10   6.9e-09   33.2   3.2    37   123    50   138    43   140 0.93 -
Pdum_DN88203_c1_g2_i4:188-850     -            221 514121at33208        -            220   6.7e-10   36.5   0.3   1   1     3e-11   9.6e-10   36.0   0.3    56   131     1    77     1    90 0.88 -
Pdum_DN70882_c0_g1_i1:213-572     -            120 514121at33208        -            220   7.8e-10   36.3   1.2   1   2       2.1        69    0.5   0.0   136   151    14    29    10    54 0.64 -
Pdum_DN70882_c0_g1_i1:213-572     -            120 514121at33208        -            220   7.8e-10   36.3   1.2   2   2   6.1e-11     2e-09   35.0   0.4    23   100    40   120    27   120 0.76 -
Pdum_DN85891_c0_g1_i2:2053-2511   -            153 514121at33208        -            220     1e-09   35.9   4.7   1   2   2.1e-06   6.7e-05   20.2   0.5    20   101     1    88     1    93 0.82 -
Pdum_DN85891_c0_g1_i2:2053-2511   -            153 514121at33208        -            220     1e-09   35.9   4.7   2   2   7.4e-07   2.4e-05   21.7   0.5    57   126    67   135    60   153 0.60 -
Pdum_DN91112_c3_g1_i1:1869-2600   -            244 514121at33208        -            220   3.2e-09   34.3   2.5   1   2   9.1e-09   2.9e-07   27.9   0.8    20   172    22   182    20   185 0.79 -
Pdum_DN91112_c3_g1_i1:1869-2600   -            244 514121at33208        -            220   3.2e-09   34.3   2.5   2   2   0.00029    0.0093   13.2   0.0    18   125   115   225   111   244 0.83 -
Pdum_DN91775_c3_g1_i1:4479-4844   -            122 514121at33208        -            220   3.3e-09   34.3   1.9   1   1   1.9e-10   6.1e-09   33.4   1.9    21   127     1   113     1   121 0.82 -
Pdum_DN71036_c0_g1_i3:509-1393    -            295 514121at33208        -            220   8.6e-09   32.9   7.9   1   1   1.7e-09   5.4e-08   30.3   7.6    44   152    83   196    22   257 0.50 -
Pdum_DN87210_c0_g1_i4:2156-2596   -            147 514121at33208        -            220   1.1e-08   32.6   5.3   1   2   1.8e-06   5.8e-05   20.4   1.2   107   172    19    86     2    90 0.65 -
Pdum_DN87210_c0_g1_i4:2156-2596   -            147 514121at33208        -            220   1.1e-08   32.6   5.3   2   2   0.00015    0.0048   14.1   0.2    42    96    91   147    87   147 0.85 -
Pdum_DN72493_c0_g2_i3:16-435      -            140 514121at33208        -            220   1.2e-08   32.5   2.1   1   1   5.1e-10   1.7e-08   32.0   2.1    58   165    23   135     4   140 0.83 -
Pdum_DN88908_c2_g2_i1:2753-3388   -            212 514121at33208        -            220   1.4e-08   32.3   2.8   1   1   1.8e-09   5.8e-08   30.2   2.6    34   151    68   188    51   200 0.54 -
Pdum_DN79850_c0_g2_i4:2801-3193   -            131 514121at33208        -            220   1.4e-08   32.3   1.3   1   1   5.2e-10   1.7e-08   32.0   1.3    35   120     6    93     2   117 0.88 -
Pdum_DN88448_c1_g2_i2:786-1367    -            194 514121at33208        -            220   1.8e-08   31.9   4.1   1   2     0.042       1.3    6.1   0.0   123   188     9    73     1    83 0.79 -
Pdum_DN88448_c1_g2_i2:786-1367    -            194 514121at33208        -            220   1.8e-08   31.9   4.1   2   2     1e-07   3.2e-06   24.5   2.8    93   174    89   178    83   193 0.82 -
Pdum_DN85767_c2_g1_i2:2897-3337   -            147 514121at33208        -            220   4.1e-08   30.7  13.2   1   1   1.5e-09   4.8e-08   30.5  13.2    23   165     3   147     1   147 0.86 -
Pdum_DN72094_c0_g2_i1:1021-1449   -            143 514121at33208        -            220   7.9e-08   29.8   0.8   1   1   6.3e-09     2e-07   28.4   0.7    34   101    54   122    31   143 0.77 -
Pdum_DN91775_c3_g1_i1:5136-5582   -            149 514121at33208        -            220   8.8e-08   29.6   4.9   1   2      0.98        31    1.6   0.0   137   170     3    34     2    40 0.78 -
Pdum_DN91775_c3_g1_i1:5136-5582   -            149 514121at33208        -            220   8.8e-08   29.6   4.9   2   2   7.3e-09   2.3e-07   28.2   5.1    45   165    24   149    10   149 0.84 -
Pdum_DN86057_c1_g1_i13:1203-1745  -            181 514121at33208        -            220   1.1e-07   29.3   0.1   1   1   4.1e-09   1.3e-07   29.0   0.1    85   183     3   106     1   130 0.84 -
Pdum_DN77199_c0_g1_i3:1160-1570   -            137 514121at33208        -            220   1.3e-07   29.1   5.1   1   1   1.2e-08     4e-07   27.5   5.1     9   104     9   106     1   121 0.88 -
Pdum_DN92789_c3_g1_i1:14856-15131 -             92 514121at33208        -            220   1.5e-07   28.8   2.5   1   1   5.3e-09   1.7e-07   28.7   2.5    58   127    10    80     1    92 0.74 -
Pdum_DN80081_c2_g2_i1:505-1170    -            222 514121at33208        -            220   2.1e-07   28.4   7.0   1   2   9.3e-08     3e-06   24.6   2.1    64   163     3   106     1   113 0.85 -
Pdum_DN80081_c2_g2_i1:505-1170    -            222 514121at33208        -            220   2.1e-07   28.4   7.0   2   2     0.041       1.3    6.2   0.2    30    78   161   212   136   221 0.55 -
Pdum_DN76421_c3_g1_i1:1060-1656   -            199 514121at33208        -            220   2.5e-07   28.1  10.7   1   1   1.2e-08   3.9e-07   27.5  10.2    35   110    18    95     1   154 0.85 -
Pdum_DN88387_c0_g1_i9:2413-3072   -            220 514121at33208        -            220   3.6e-07   27.6   1.8   1   3     0.017      0.54    7.4   0.0   133   171    70   109    31   112 0.77 -
Pdum_DN88387_c0_g1_i9:2413-3072   -            220 514121at33208        -            220   3.6e-07   27.6   1.8   2   3     6e-05    0.0019   15.4   0.0    46   125    76   159    61   162 0.79 -
Pdum_DN88387_c0_g1_i9:2413-3072   -            220 514121at33208        -            220   3.6e-07   27.6   1.8   3   3    0.0016      0.05   10.8   0.3    21    69   169   219   161   220 0.73 -
Pdum_DN79188_c0_g1_i3:6775-7896   -            374 514121at33208        -            220   7.9e-07   26.5  10.8   1   3    0.0022     0.071   10.3   0.0    18   103    65   147    53   168 0.73 -
Pdum_DN79188_c0_g1_i3:6775-7896   -            374 514121at33208        -            220   7.9e-07   26.5  10.8   2   3       1.2        37    1.4   0.0   156   173   234   251   214   264 0.82 -
Pdum_DN79188_c0_g1_i3:6775-7896   -            374 514121at33208        -            220   7.9e-07   26.5  10.8   3   3   3.7e-05    0.0012   16.1   3.3    39   113   300   373   273   374 0.83 -
Pdum_DN91221_c0_g1_i5:6867-7259   -            131 514121at33208        -            220   1.2e-06   25.9   0.2   1   1   4.7e-08   1.5e-06   25.6   0.2    91   172     1    84     1   104 0.83 -
Pdum_DN92813_c3_g1_i9:2042-2491   -            150 514121at33208        -            220   1.5e-06   25.6   3.9   1   1     1e-07   3.3e-06   24.5   3.9    91   187     2   111     1   123 0.69 -
Pdum_DN85774_c0_g1_i6:1104-1688   -            195 514121at33208        -            220   2.1e-06   25.1  11.7   1   2     0.005      0.16    9.1   0.5    68   103     1    36     1    74 0.67 -
Pdum_DN85774_c0_g1_i6:1104-1688   -            195 514121at33208        -            220   2.1e-06   25.1  11.7   2   2   7.7e-06   0.00025   18.3   6.0    38   100    76   140    68   186 0.80 -
Pdum_DN82557_c0_g2_i3:1284-1808   -            175 514121at33208        -            220   2.9e-06   24.6  10.1   1   1     0.054       1.7    5.8   1.1    36    94   112   173    83   175 0.72 -
Pdum_DN78432_c0_g2_i1:2540-3076   -            179 514121at33208        -            220   4.1e-06   24.2   1.9   1   1   2.5e-07   8.1e-06   23.2   1.8    36   166    16   154     6   158 0.75 -
Pdum_DN76175_c3_g2_i1:363-941     -            193 514121at33208        -            220   4.3e-06   24.1  18.2   1   2   2.6e-05   0.00083   16.6  11.0    34   152    13   150     1   156 0.73 -
Pdum_DN76175_c3_g2_i1:363-941     -            193 514121at33208        -            220   4.3e-06   24.1  18.2   2   2   9.8e-05    0.0031   14.7   6.8    33   122   100   193    83   193 0.77 -
Pdum_DN77973_c0_g1_i2:2358-2870   -            171 514121at33208        -            220   5.5e-06   23.7   3.5   1   1   2.6e-07   8.4e-06   23.1   3.4    91   169     7    84     1   117 0.73 -
Pdum_DN88303_c1_g1_i2:2086-2493   -            136 514121at33208        -            220   6.5e-06   23.5   1.7   1   1   3.9e-07   1.3e-05   22.6   1.2    68   169     4   113     1   122 0.60 -
Pdum_DN90366_c4_g1_i2:247-1116    -            290 514121at33208        -            220   7.5e-06   23.3   6.9   1   4   5.3e-05    0.0017   15.6   0.0    45    88    30    78    17    99 0.79 -
Pdum_DN90366_c4_g1_i2:247-1116    -            290 514121at33208        -            220   7.5e-06   23.3   6.9   2   4      0.22       7.1    3.8   0.0    47    94   113   158    95   186 0.65 -
Pdum_DN90366_c4_g1_i2:247-1116    -            290 514121at33208        -            220   7.5e-06   23.3   6.9   3   4       3.8   1.2e+02   -0.3   0.1    58    95   193   230   162   252 0.73 -
Pdum_DN90366_c4_g1_i2:247-1116    -            290 514121at33208        -            220   7.5e-06   23.3   6.9   4   4     0.082       2.6    5.2   0.6    38    73   254   290   246   290 0.89 -
Pdum_DN91306_c4_g1_i1:4747-5205   -            153 514121at33208        -            220   8.8e-06   23.1   8.6   1   2   7.4e-07   2.4e-05   21.7   3.3    25   100     2    78     1    82 0.88 -
Pdum_DN91306_c4_g1_i1:4747-5205   -            153 514121at33208        -            220   8.8e-06   23.1   8.6   2   2      0.15       4.8    4.3   0.3    35    51    84   100    80   105 0.88 -
Pdum_DN83304_c0_g1_i7:1439-1807   -            123 514121at33208        -            220   1.3e-05   22.5   2.1   1   2   0.00049     0.016   12.4   0.4    47   104     3    59     1    73 0.57 -
Pdum_DN83304_c0_g1_i7:1439-1807   -            123 514121at33208        -            220   1.3e-05   22.5   2.1   2   2    0.0011     0.037   11.2   0.2    37    93    62   120    57   123 0.81 -
Pdum_DN86057_c1_g1_i13:2487-3062  -            192 514121at33208        -            220   1.9e-05   22.0   4.7   1   1   1.4e-06   4.5e-05   20.8   3.8    17   163    27   190    16   192 0.74 -
Pdum_DN71063_c0_g2_i2:770-1015    -             82 514121at33208        -            220   2.4e-05   21.7   0.5   1   1   7.4e-07   2.4e-05   21.7   0.5    30    82    10    63     1    82 0.80 -
Pdum_DN68102_c1_g1_i3:107-475     -            123 514121at33208        -            220   3.6e-05   21.1   5.7   1   1   2.6e-06   8.4e-05   19.9   5.7    37   125    18   105     3   122 0.88 -
Pdum_DN83849_c0_g1_i1:967-1686    -            240 514121at33208        -            220   4.2e-05   20.8   5.9   1   1   2.2e-06   7.2e-05   20.1   5.9    50   176    89   217    27   238 0.68 -
Pdum_DN67653_c1_g1_i1:224-472     -             83 514121at33208        -            220   4.3e-05   20.8   0.3   1   1   1.5e-06   4.8e-05   20.7   0.3    30    98    13    83     1    83 0.85 -
Pdum_DN60718_c0_g1_i1:294-905     -            204 514121at33208        -            220   5.6e-05   20.4   8.6   1   2   0.00033     0.011   13.0   0.9   113   179     1    66     1    69 0.87 -
Pdum_DN60718_c0_g1_i1:294-905     -            204 514121at33208        -            220   5.6e-05   20.4   8.6   2   2   8.4e-06   0.00027   18.2   5.5    17    69    40    94    34   124 0.80 -
Pdum_DN69949_c0_g1_i4:629-1066    -            146 514121at33208        -            220   0.00017   18.9   3.1   1   1   1.9e-05   0.00063   17.0   3.1    19   122    53   113    19   141 0.40 -
Pdum_DN66932_c0_g1_i1:1118-1660   -            181 514121at33208        -            220   0.00023   18.4   1.1   1   2     0.002     0.063   10.5   1.2    30   125    17   126     1   131 0.71 -
Pdum_DN66932_c0_g1_i1:1118-1660   -            181 514121at33208        -            220   0.00023   18.4   1.1   2   2   5.3e-05    0.0017   15.6   0.5    40   101    83   154    53   179 0.74 -
Pdum_DN70847_c1_g1_i3:1561-2280   -            240 514121at33208        -            220   0.00025   18.3   4.6   1   2   1.5e-05   0.00049   17.4   4.3    37   120    39   123    19   130 0.79 -
Pdum_DN70847_c1_g1_i3:1561-2280   -            240 514121at33208        -            220   0.00025   18.3   4.6   2   2   0.00029    0.0093   13.2   4.2    21    77    66   127    63   163 0.71 -
Pdum_DN66154_c1_g1_i7:1832-2302   -            157 514121at33208        -            220   0.00026   18.3   7.3   1   1   9.5e-05     0.003   14.8   7.3    21   166     2   156     1   157 0.77 -
Pdum_DN83841_c6_g2_i3:71-1663     -            531 514121at33208        -            220   0.00031   18.0   2.6   1   2       5.2   1.7e+02   -0.7   0.1   147   208   356   416   349   428 0.66 -
Pdum_DN83841_c6_g2_i3:71-1663     -            531 514121at33208        -            220   0.00031   18.0   2.6   2   2   9.5e-06   0.00031   18.0   2.6    20   100   433   512   423   525 0.76 -
Pdum_DN88908_c2_g2_i1:3896-4420   -            175 514121at33208        -            220   0.00033   17.9   0.2   1   1     4e-05    0.0013   16.0   0.2    12   110    10   116     6   175 0.71 -
Pdum_DN91260_c5_g1_i3:3699-4226   -            176 514121at33208        -            220   0.00096   16.4   1.4   1   1   3.9e-05    0.0013   16.0   1.4    41   133     2    95     1   114 0.80 -
Pdum_DN76752_c0_g2_i5:2755-3642   -            296 514121at33208        -            220    0.0027   14.9   5.6   1   1   6.6e-05    0.0021   15.3   2.9    38   189     6   167     2   198 0.60 -
Pdum_DN71851_c1_g1_i3:1473-1847   -            125 514121at33208        -            220    0.0031   14.7   3.8   1   2   0.00043     0.014   12.6   1.7    34    78    12    55     1    60 0.80 -
Pdum_DN71851_c1_g1_i3:1473-1847   -            125 514121at33208        -            220    0.0031   14.7   3.8   2   2      0.92        29    1.7   0.1    15    41    63    89    56   114 0.70 -
Pdum_DN86260_c0_g1_i5:8-1525      -            506 514121at33208        -            220    0.0057   13.9  12.2   1   2      0.14       4.5    4.4   0.1    89   169   123   204   116   209 0.58 -
Pdum_DN86260_c0_g1_i5:8-1525      -            506 514121at33208        -            220    0.0057   13.9  12.2   2   2    0.0018     0.058   10.6   7.5    62   168   247   364   209   374 0.82 -
Pdum_DN89484_c2_g1_i1:31-1038     -            336 514121at33208        -            220    0.0071   13.6  10.8   1   4       4.7   1.5e+02   -0.6   0.0    33    55     1    23     1    46 0.71 -
Pdum_DN89484_c2_g1_i1:31-1038     -            336 514121at33208        -            220    0.0071   13.6  10.8   2   4      0.43        14    2.8   0.0    65   102    69   106    54   139 0.63 -
Pdum_DN89484_c2_g1_i1:31-1038     -            336 514121at33208        -            220    0.0071   13.6  10.8   3   4     0.024      0.76    6.9   0.2    21   100   225   311   220   316 0.61 -
Pdum_DN89484_c2_g1_i1:31-1038     -            336 514121at33208        -            220    0.0071   13.6  10.8   4   4    0.0073      0.24    8.6   2.1    21    54   299   335   285   336 0.67 -
#
# Program:         hmmsearch
# Version:         3.1b2 (February 2015)
# Pipeline mode:   SEARCH
# Query file:      /mnt/f/phylo/WORMS/busco_analysis/busco_downloads/lineages/metazoa_odb10/hmms/514121at33208.hmm
# Target file:     /mnt/f/phylo/WORMS/busco_analysis/metazoa_lineage_result/run_metazoa_odb10/metaeuk_output/initial_results/Platynereis_ref.eggnog_filter.nucl.fasta.modified.fas
# Option settings: hmmsearch --domtblout /mnt/f/phylo/WORMS/busco_analysis/metazoa_lineage_result/run_metazoa_odb10/hmmer_output/initial_run_results/514121at33208.out --cpu 1 /mnt/f/phylo/WORMS/busco_analysis/busco_downloads/lineages/metazoa_odb10/hmms/514121at33208.hmm /mnt/f/phylo/WORMS/busco_analysis/metazoa_lineage_result/run_metazoa_odb10/metaeuk_output/initial_results/Platynereis_ref.eggnog_filter.nucl.fasta.modified.fas 
# Current dir:     /mnt/f/phylo/WORMS/busco_analysis
# Date:            Sun Mar 12 20:42:38 2023
# [ok]
