#                                                                                         --- full sequence --- -------------- this domain -------------   hmm coord   ali coord   env coord
# target name                     accession   tlen query name           accession   qlen   E-value  score  bias   #  of  c-Evalue  i-Evalue  score  bias  from    to  from    to  from    to  acc description of target
#             ------------------- ---------- ----- -------------------- ---------- ----- --------- ------ ----- --- --- --------- --------- ------ ----- ----- ----- ----- ----- ----- ----- ---- ---------------------
Pdum_DN68157_c0_g1_i1:1334-2356   -            341 517525at33208        -            296  2.6e-145  480.9   0.0   1   2    6e-146    1e-144  478.9   0.0     1   276    19   303    19   316 0.97 -
Pdum_DN68157_c0_g1_i1:1334-2356   -            341 517525at33208        -            296  2.6e-145  480.9   0.0   2   2       5.8        99   -0.3   0.0   278   290   325   337   322   341 0.84 -
Pdum_DN73438_c0_g1_i1:3550-4314   -            255 517525at33208        -            296   5.9e-58  194.1   0.2   1   1   4.2e-59   7.2e-58  193.8   0.2    21   273     1   253     1   254 0.94 -
Pdum_DN78373_c0_g1_i13:349-1305   -            319 517525at33208        -            296   6.5e-54  180.8   0.5   1   1   1.3e-53   2.3e-52  175.8   0.5    23   275     3   280     1   296 0.85 -
Pdum_DN68196_c4_g1_i3:3357-4142   -            262 517525at33208        -            296   2.6e-53  178.8   0.0   1   1   1.7e-54   2.9e-53  178.7   0.0    17   274     4   260     1   262 0.91 -
Pdum_DN85855_c1_g2_i1:2099-2950   -            284 517525at33208        -            296   3.1e-51  172.1   0.0   1   1   2.1e-52   3.6e-51  171.8   0.0    19   276     5   261     1   269 0.91 -
Pdum_DN91144_c0_g1_i1:5324-6091   -            256 517525at33208        -            296   3.5e-50  168.6   0.0   1   1   2.3e-51   3.9e-50  168.4   0.0    24   274     4   253     1   256 0.92 -
Pdum_DN78902_c0_g3_i1:2117-3046   -            310 517525at33208        -            296   1.3e-48  163.4   0.1   1   1   9.9e-50   1.7e-48  163.1   0.1    20   276     2   270     1   278 0.88 -
Pdum_DN85134_c1_g1_i9:728-1645    -            306 517525at33208        -            296   3.8e-47  158.6   0.0   1   1   2.7e-48   4.5e-47  158.4   0.0    25   274     4   253     1   264 0.90 -
Pdum_DN92334_c4_g1_i2:10288-11049 -            254 517525at33208        -            296   6.1e-47  158.0   0.0   1   1   4.4e-48   7.4e-47  157.7   0.0    22   273     2   252     1   253 0.93 -
Pdum_DN83192_c0_g1_i13:1794-2558  -            255 517525at33208        -            296   1.3e-43  147.0   0.0   1   1   8.8e-45   1.5e-43  146.8   0.0    26   273     6   251     1   255 0.91 -
Pdum_DN89228_c1_g1_i2:506-1345    -            280 517525at33208        -            296   1.8e-41  140.0   0.0   1   1   1.4e-42   2.3e-41  139.6   0.0    19   273    10   265     3   276 0.92 -
Pdum_DN84081_c0_g1_i2:1776-2636   -            287 517525at33208        -            296   2.8e-41  139.3   0.3   1   1   2.1e-42   3.6e-41  139.0   0.3    15   273    28   285    14   286 0.87 -
Pdum_DN76942_c0_g1_i6:740-1579    -            280 517525at33208        -            296   1.2e-40  137.3   0.0   1   1     1e-41   1.8e-40  136.7   0.0    27   275    11   263     3   270 0.89 -
Pdum_DN89211_c0_g1_i6:4958-5914   -            319 517525at33208        -            296   8.9e-40  134.4   0.0   1   1   7.5e-41   1.3e-39  133.9   0.0    16   279     1   277     1   292 0.86 -
Pdum_DN80782_c0_g1_i2:1395-2156   -            254 517525at33208        -            296     6e-39  131.7   0.0   1   1   4.1e-40     7e-39  131.5   0.0    25   270     2   251     1   254 0.85 -
Pdum_DN90959_c6_g2_i13:2541-3443  -            301 517525at33208        -            296   1.4e-37  127.2   0.0   1   1     1e-38   1.7e-37  126.9   0.0    27   265    17   252     3   270 0.87 -
Pdum_DN86431_c1_g2_i2:91-915      -            275 517525at33208        -            296   2.4e-37  126.5   0.3   1   1   1.9e-38   3.2e-37  126.0   0.3    21   272     3   270     1   273 0.84 -
Pdum_DN69932_c1_g1_i7:1491-2408   -            306 517525at33208        -            296   7.2e-37  124.9   0.1   1   1   5.4e-38   9.2e-37  124.5   0.1    22   272    16   275     3   288 0.84 -
Pdum_DN76517_c0_g1_i1:582-1448    -            289 517525at33208        -            296     9e-37  124.6   0.0   1   1   1.5e-37   2.5e-36  123.1   0.0    28   243     8   221     2   250 0.85 -
Pdum_DN89279_c5_g2_i5:620-1405    -            262 517525at33208        -            296   1.2e-36  124.2   0.4   1   1   8.3e-38   1.4e-36  123.9   0.4    24   273     1   253     1   260 0.86 -
Pdum_DN87408_c4_g1_i1:1948-3102   -            385 517525at33208        -            296   5.1e-36  122.1   0.1   1   1   4.2e-37   7.1e-36  121.6   0.1    22   271    10   260     4   266 0.91 -
Pdum_DN79138_c0_g1_i2:1450-2220   -            257 517525at33208        -            296   1.4e-35  120.7   1.6   1   1   9.3e-37   1.6e-35  120.5   1.6    18   270     3   257     1   257 0.88 -
Pdum_DN87030_c0_g1_i1:2702-3478   -            259 517525at33208        -            296   1.6e-35  120.4   0.2   1   1   1.1e-36   1.9e-35  120.2   0.2    23   272     1   252     1   258 0.88 -
Pdum_DN84072_c0_g1_i5:1894-2772   -            293 517525at33208        -            296   5.5e-35  118.7   0.0   1   1   4.9e-36   8.2e-35  118.1   0.0    23   233     3   207     1   222 0.89 -
Pdum_DN82784_c1_g1_i4:931-1848    -            306 517525at33208        -            296   6.2e-35  118.5   0.0   1   1   5.6e-36   9.4e-35  117.9   0.0    17   275    19   292     2   304 0.83 -
Pdum_DN90669_c2_g1_i4:2492-3271   -            260 517525at33208        -            296   1.3e-34  117.5   0.1   1   1   8.9e-36   1.5e-34  117.3   0.1    20   248     2   222     1   255 0.86 -
Pdum_DN74718_c0_g1_i5:762-1508    -            249 517525at33208        -            296   1.7e-33  113.8   0.0   1   1   1.1e-34   1.9e-33  113.7   0.0    31   267     2   246     1   249 0.80 -
Pdum_DN68944_c0_g2_i4:40-738      -            233 517525at33208        -            296   2.2e-33  113.5   0.0   1   1   1.5e-34   2.5e-33  113.3   0.0    30   265     1   233     1   233 0.89 -
Pdum_DN84630_c2_g1_i5:2401-3183   -            261 517525at33208        -            296   2.8e-33  113.1   0.1   1   1     2e-34   3.4e-33  112.8   0.1    26   248     3   223     1   260 0.82 -
Pdum_DN82819_c2_g1_i3:2463-3338   -            292 517525at33208        -            296   8.9e-33  111.4   0.1   1   1   8.4e-34   1.4e-32  110.8   0.1    23   254     1   233     1   243 0.89 -
Pdum_DN65422_c0_g1_i1:5-646       -            214 517525at33208        -            296   1.7e-32  110.5   0.0   1   1   1.1e-33   1.9e-32  110.4   0.0    13   224     8   214     1   214 0.86 -
Pdum_DN88676_c1_g1_i9:1579-2421   -            281 517525at33208        -            296   3.9e-32  109.4   0.1   1   1     3e-33     5e-32  109.0   0.1    12   268    11   274     6   280 0.80 -
Pdum_DN92442_c2_g1_i3:5342-6259   -            306 517525at33208        -            296   3.9e-32  109.3   0.0   1   1   3.8e-33   6.4e-32  108.6   0.0    29   265     8   263     4   285 0.80 -
Pdum_DN86612_c1_g1_i8:3025-3879   -            285 517525at33208        -            296   6.4e-32  108.6   0.1   1   2   1.3e-32   2.2e-31  106.9   0.0    29   256     7   228     1   247 0.85 -
Pdum_DN86612_c1_g1_i8:3025-3879   -            285 517525at33208        -            296   6.4e-32  108.6   0.1   2   2       7.8   1.3e+02   -0.7   0.0   250   268   260   278   252   283 0.82 -
Pdum_DN88067_c1_g1_i3:1954-2838   -            295 517525at33208        -            296   7.3e-32  108.4   0.1   1   2   2.1e-32   3.5e-31  106.2   0.0    29   243     6   227     3   234 0.85 -
Pdum_DN88067_c1_g1_i3:1954-2838   -            295 517525at33208        -            296   7.3e-32  108.4   0.1   2   2       6.4   1.1e+02   -0.4   0.0   251   269   271   289   264   292 0.88 -
Pdum_DN74701_c0_g1_i3:901-1776    -            292 517525at33208        -            296   8.2e-32  108.3   0.1   1   2   4.1e-32     7e-31  105.2   0.0    21   237     2   215     1   235 0.83 -
Pdum_DN74701_c0_g1_i3:901-1776    -            292 517525at33208        -            296   8.2e-32  108.3   0.1   2   2       2.4        40    1.0   0.0   251   273   264   286   249   291 0.87 -
Pdum_DN86921_c0_g1_i4:4455-5228   -            258 517525at33208        -            296   9.6e-32  108.1   0.0   1   1     7e-33   1.2e-31  107.8   0.0    23   270     1   253     1   257 0.81 -
Pdum_DN84857_c1_g1_i1:894-1676    -            261 517525at33208        -            296   1.1e-31  107.9   0.0   1   1   7.5e-33   1.3e-31  107.7   0.0    27   249     1   230     1   259 0.85 -
Pdum_DN84940_c0_g1_i2:1925-2809   -            295 517525at33208        -            296   1.1e-31  107.8   0.2   1   1   1.3e-32   2.1e-31  106.9   0.2    30   242     7   220     3   234 0.88 -
Pdum_DN91938_c2_g1_i10:5130-5945  -            272 517525at33208        -            296   1.5e-31  107.4   0.0   1   1   1.2e-32   2.1e-31  106.9   0.0    27   273     4   262     1   269 0.85 -
Pdum_DN72950_c0_g1_i1:408-1436    -            343 517525at33208        -            296   1.8e-31  107.1   0.0   1   1   1.6e-32   2.7e-31  106.6   0.0    28   226    26   229    15   250 0.86 -
Pdum_DN87444_c0_g1_i4:5160-5942   -            261 517525at33208        -            296   2.4e-31  106.7   0.0   1   1   1.7e-32   2.9e-31  106.5   0.0    31   286     2   258     1   261 0.88 -
Pdum_DN71940_c0_g2_i1:372-1250    -            293 517525at33208        -            296   2.7e-31  106.6   0.0   1   1   2.8e-32   4.8e-31  105.8   0.0    23   232     2   209     1   256 0.85 -
Pdum_DN90899_c3_g1_i3:3875-4741   -            289 517525at33208        -            296   3.2e-31  106.3   0.2   1   2   2.2e-31   3.7e-30  102.9   0.1    24   237     2   214     1   252 0.83 -
Pdum_DN90899_c3_g1_i3:3875-4741   -            289 517525at33208        -            296   3.2e-31  106.3   0.2   2   2       1.5        26    1.6   0.0   251   270   265   284   260   288 0.88 -
Pdum_DN80725_c3_g2_i3:1395-2195   -            267 517525at33208        -            296   3.5e-31  106.2   0.1   1   1   2.4e-32   4.1e-31  106.0   0.1    26   269     3   251     1   259 0.86 -
Pdum_DN70958_c0_g1_i1:2104-2859   -            252 517525at33208        -            296   1.1e-30  104.6   0.0   1   1   7.7e-32   1.3e-30  104.3   0.0    26   273     3   248     1   251 0.87 -
Pdum_DN89421_c2_g1_i2:3592-4371   -            260 517525at33208        -            296   1.2e-30  104.4   0.0   1   1   9.3e-32   1.6e-30  104.1   0.0    29   267     4   245     1   255 0.81 -
Pdum_DN80348_c0_g1_i1:2390-3214   -            275 517525at33208        -            296   1.6e-30  104.1   0.0   1   1   1.3e-31   2.3e-30  103.5   0.0    23   273    17   272     8   275 0.82 -
Pdum_DN83542_c0_g3_i1:2-550       -            183 517525at33208        -            296   1.6e-30  104.0   0.0   1   1   1.1e-31   1.8e-30  103.9   0.0    33   216     1   178     1   183 0.85 -
Pdum_DN74575_c0_g1_i2:1-795       -            265 517525at33208        -            296   2.1e-30  103.7   0.0   1   1   1.6e-31   2.8e-30  103.3   0.0    24   266     2   259     1   263 0.81 -
Pdum_DN81985_c0_g1_i2:1770-2720   -            317 517525at33208        -            296     3e-30  103.2   0.0   1   1   2.3e-31   3.9e-30  102.8   0.0    28   266     9   247     4   269 0.88 -
Pdum_DN85684_c0_g1_i5:1248-1946   -            233 517525at33208        -            296   3.1e-30  103.1   0.0   1   1   2.1e-31   3.6e-30  102.9   0.0    66   272    25   232     9   233 0.82 -
Pdum_DN91616_c3_g1_i1:5499-6350   -            284 517525at33208        -            296   3.1e-30  103.1   0.0   1   1   2.2e-31   3.7e-30  102.8   0.0    24   273     2   264     1   280 0.80 -
Pdum_DN70431_c0_g1_i5:72-1061     -            330 517525at33208        -            296   4.3e-30  102.6   0.0   1   1   3.2e-31   5.4e-30  102.3   0.0    27   266     9   250     2   267 0.88 -
Pdum_DN91634_c1_g1_i1:7275-7952   -            226 517525at33208        -            296   5.5e-30  102.3   0.0   1   1   3.9e-31   6.5e-30  102.0   0.0    29   241     1   211     1   221 0.88 -
Pdum_DN92778_c1_g2_i2:1979-2968   -            330 517525at33208        -            296   5.6e-30  102.2   0.0   1   1   4.6e-31   7.7e-30  101.8   0.0    28   246    10   223     2   230 0.89 -
Pdum_DN86474_c0_g1_i2:747-1646    -            300 517525at33208        -            296   6.8e-30  102.0   0.6   1   1   1.1e-30   1.9e-29  100.5   0.6    25   280     3   282     1   291 0.81 -
Pdum_DN86780_c0_g1_i2:4095-5075   -            327 517525at33208        -            296     8e-30  101.8   0.0   1   1   6.2e-31   1.1e-29  101.4   0.0    28   266     7   246     3   259 0.87 -
Pdum_DN81243_c0_g1_i1:5074-6072   -            333 517525at33208        -            296   1.5e-29  100.9   0.0   1   1   1.2e-30     2e-29  100.5   0.0    28   269    10   252     4   278 0.88 -
Pdum_DN92101_c0_g1_i2:6037-6906   -            290 517525at33208        -            296   1.5e-29  100.8   0.0   1   1   1.2e-30     2e-29  100.4   0.0    29   270    28   275    13   286 0.82 -
Pdum_DN90930_c5_g1_i1:399-1265    -            289 517525at33208        -            296   3.6e-29   99.6   0.0   1   1   3.4e-30   5.8e-29   98.9   0.0    31   240    11   216     4   245 0.87 -
Pdum_DN78992_c0_g1_i12:2885-3883  -            333 517525at33208        -            296   4.1e-29   99.4   0.0   1   1   3.1e-30   5.3e-29   99.1   0.0    29   265     8   248     4   274 0.87 -
Pdum_DN87678_c0_g1_i8:2041-2850   -            270 517525at33208        -            296   5.7e-29   98.9   0.1   1   1   3.9e-30   6.6e-29   98.7   0.1    29   268    18   268     2   270 0.83 -
Pdum_DN84247_c0_g1_i3:161-931     -            257 517525at33208        -            296   5.9e-29   98.9   0.0   1   1   4.1e-30   6.9e-29   98.7   0.0    31   235     2   206     1   252 0.79 -
Pdum_DN91739_c2_g1_i9:6952-7800   -            283 517525at33208        -            296     6e-29   98.9   0.0   1   1   5.3e-30     9e-29   98.3   0.0    31   232     2   202     1   224 0.85 -
Pdum_DN92266_c9_g1_i1:4246-5040   -            265 517525at33208        -            296   6.3e-29   98.8   0.0   1   1   4.4e-30   7.4e-29   98.6   0.0    22   229     1   207     1   264 0.79 -
Pdum_DN88667_c0_g1_i1:3165-4040   -            292 517525at33208        -            296     7e-29   98.6   0.0   1   1   6.8e-30   1.1e-28   97.9   0.0    23   233     3   206     1   220 0.89 -
Pdum_DN86837_c0_g1_i1:2391-3272   -            294 517525at33208        -            296   8.5e-29   98.4   0.0   1   1   6.5e-30   1.1e-28   98.0   0.0    28   244     8   218     4   247 0.88 -
Pdum_DN92761_c2_g1_i5:386-1156    -            257 517525at33208        -            296   1.6e-28   97.5   0.0   1   1   1.3e-29   2.1e-28   97.1   0.0    24   267     1   246     1   254 0.86 -
Pdum_DN80031_c0_g1_i2:611-1471    -            287 517525at33208        -            296   1.9e-28   97.2   0.3   1   1   1.8e-29     3e-28   96.6   0.3    28   240     6   212     1   238 0.86 -
Pdum_DN91070_c1_g1_i2:3681-4532   -            284 517525at33208        -            296     2e-28   97.2   0.3   1   1   1.3e-29   2.2e-28   97.0   0.3     9   246     4   249     1   284 0.77 -
Pdum_DN87974_c0_g1_i1:2830-3657   -            276 517525at33208        -            296   2.2e-28   97.0   0.0   1   1   1.5e-29   2.5e-28   96.8   0.0    30   228     1   196     1   242 0.87 -
Pdum_DN92859_c7_g1_i3:4056-5039   -            328 517525at33208        -            296   4.6e-28   96.0   0.0   1   1   5.1e-29   8.6e-28   95.1   0.0    27   248    54   267    37   311 0.81 -
Pdum_DN77205_c0_g1_i1:2700-3515   -            272 517525at33208        -            296   5.3e-28   95.8   0.0   1   1   3.6e-29   6.2e-28   95.6   0.0    22   270     3   258     1   270 0.83 -
Pdum_DN80348_c0_g1_i1:3272-4261   -            330 517525at33208        -            296   6.1e-28   95.6   0.2   1   1   6.2e-29     1e-27   94.8   0.0    28   270     7   251     3   265 0.85 -
Pdum_DN85409_c0_g1_i3:3487-4353   -            289 517525at33208        -            296   8.8e-28   95.0   0.0   1   1   6.7e-29   1.1e-27   94.7   0.0    22   225     2   197     1   228 0.84 -
Pdum_DN83961_c0_g1_i5:2749-3594   -            282 517525at33208        -            296   9.1e-28   95.0   0.1   1   1   1.5e-28   2.6e-27   93.5   0.1    23   230     1   223     1   238 0.84 -
Pdum_DN66702_c0_g1_i7:4468-5502   -            345 517525at33208        -            296   1.4e-27   94.4   0.0   1   1   1.2e-28     2e-27   93.9   0.0    29   267    11   259     6   268 0.86 -
Pdum_DN72724_c0_g1_i4:2426-3313   -            296 517525at33208        -            296   1.5e-27   94.3   0.0   1   1     2e-28   3.4e-27   93.1   0.0    28   230     7   202     2   220 0.86 -
Pdum_DN91972_c1_g1_i5:5898-6746   -            283 517525at33208        -            296   1.8e-27   94.1   0.0   1   1   1.4e-28   2.4e-27   93.6   0.0    29   273     6   253     1   263 0.86 -
Pdum_DN74782_c2_g1_i1:640-1416    -            259 517525at33208        -            296   1.9e-27   94.0   0.0   1   1   1.3e-28   2.2e-27   93.8   0.0    29   253     3   227     1   248 0.80 -
Pdum_DN91868_c1_g1_i1:3787-4569   -            261 517525at33208        -            296   2.4e-27   93.6   0.0   1   1     2e-28   3.3e-27   93.2   0.0    22   273     6   255     1   261 0.80 -
Pdum_DN88758_c3_g3_i4:2271-3188   -            306 517525at33208        -            296   5.6e-27   92.4   0.9   1   2   3.2e-27   5.4e-26   89.2   0.3    21   242     6   222     2   250 0.83 -
Pdum_DN88758_c3_g3_i4:2271-3188   -            306 517525at33208        -            296   5.6e-27   92.4   0.9   2   2       1.3        22    1.8   0.0   250   273   279   302   249   306 0.86 -
Pdum_DN88305_c1_g1_i5:3366-4001   -            212 517525at33208        -            296   7.5e-27   92.0   0.0   1   1   5.3e-28     9e-27   91.7   0.0    28   228     6   212     1   212 0.86 -
Pdum_DN87617_c1_g1_i1:0-458       -            153 517525at33208        -            296   8.1e-27   91.9   1.6   1   1   5.6e-28   9.4e-27   91.7   1.6    20   167     9   153     2   153 0.92 -
Pdum_DN91973_c5_g1_i2:1809-2546   -            246 517525at33208        -            296   1.3e-26   91.2   0.0   1   1   9.1e-28   1.5e-26   91.0   0.0    31   230     2   191     1   244 0.87 -
Pdum_DN90881_c2_g1_i5:644-1444    -            267 517525at33208        -            296   1.7e-26   90.8   0.0   1   1   1.2e-27     2e-26   90.6   0.0    27   245     4   227     1   264 0.79 -
Pdum_DN90945_c3_g1_i1:2039-2818   -            260 517525at33208        -            296   2.8e-26   90.1   0.1   1   1   2.1e-27   3.6e-26   89.8   0.1    29   228     7   209     2   247 0.84 -
Pdum_DN92472_c6_g1_i6:4218-4949   -            244 517525at33208        -            296   4.6e-26   89.4   0.0   1   1     3e-27   5.1e-26   89.3   0.0    30   240     3   203     1   242 0.85 -
Pdum_DN91602_c2_g1_i2:819-1583    -            255 517525at33208        -            296   1.4e-25   87.8   0.0   1   1   1.1e-26   1.9e-25   87.4   0.0    30   266     9   244     5   253 0.80 -
Pdum_DN88646_c1_g1_i3:1861-2886   -            342 517525at33208        -            296   2.9e-25   86.8   0.1   1   2   6.1e-22     1e-20   71.8   0.1    24   171     6   151     2   166 0.92 -
Pdum_DN88646_c1_g1_i3:1861-2886   -            342 517525at33208        -            296   2.9e-25   86.8   0.1   2   2   0.00054    0.0092   12.9   0.0   187   232   214   257   201   283 0.74 -
Pdum_DN81101_c0_g1_i6:1240-2124   -            295 517525at33208        -            296   4.2e-25   86.2   0.0   1   1   2.7e-26   4.6e-25   86.1   0.0    31   229     2   205     1   269 0.81 -
Pdum_DN92109_c3_g2_i1:4750-5706   -            319 517525at33208        -            296   7.6e-25   85.4   0.1   1   1   5.9e-26     1e-24   85.0   0.1    28   240    12   227     3   277 0.80 -
Pdum_DN92109_c3_g2_i1:4540-5700   -            387 517525at33208        -            296   1.3e-24   84.6   0.1   1   1   1.2e-25     2e-24   84.0   0.1    28   240    10   225     3   275 0.80 -
Pdum_DN84242_c0_g3_i4:2-523       -            174 517525at33208        -            296   1.6e-24   84.3   0.0   1   1   1.1e-25   1.9e-24   84.1   0.0    24   173     2   157     1   165 0.87 -
Pdum_DN68223_c0_g1_i5:532-1278    -            249 517525at33208        -            296     2e-24   84.1   0.0   1   1   1.3e-25   2.2e-24   83.9   0.0    25   243     3   217     1   239 0.84 -
Pdum_DN68845_c0_g1_i1:2362-3111   -            250 517525at33208        -            296   3.2e-24   83.4   0.1   1   1   2.3e-25   3.9e-24   83.1   0.1    24   264     8   249     4   250 0.88 -
Pdum_DN85751_c0_g2_i6:3939-4661   -            241 517525at33208        -            296     4e-24   83.0   0.0   1   1   2.7e-25   4.6e-24   82.8   0.0    37   275     2   238     1   241 0.86 -
Pdum_DN84455_c2_g1_i5:330-935     -            202 517525at33208        -            296   5.6e-24   82.6   0.0   1   1     4e-25   6.7e-24   82.3   0.0    83   247     1   162     1   198 0.79 -
Pdum_DN70957_c4_g4_i2:588-1451    -            288 517525at33208        -            296   7.7e-24   82.1   0.0   1   1   5.6e-25   9.5e-24   81.8   0.0    23   229     3   205     1   219 0.82 -
Pdum_DN89962_c1_g1_i9:924-3572    -            883 517525at33208        -            296   9.7e-24   81.8   0.0   1   1   1.2e-24   2.1e-23   80.7   0.0    61   222    19   177     4   239 0.79 -
Pdum_DN75804_c1_g1_i2:3274-4113   -            280 517525at33208        -            296   1.8e-23   80.9   0.0   1   1   2.6e-23   4.4e-22   76.3   0.0    26   246     3   235     1   277 0.76 -
Pdum_DN86899_c0_g1_i4:2363-3265   -            301 517525at33208        -            296   1.9e-23   80.8   0.1   1   1     2e-24   3.4e-23   80.0   0.1    25   225     3   212     1   259 0.80 -
Pdum_DN90790_c6_g1_i2:3237-4082   -            282 517525at33208        -            296   2.2e-23   80.6   0.0   1   2   1.9e-09   3.3e-08   30.8   0.0    27   116     2    97     1   132 0.81 -
Pdum_DN90790_c6_g1_i2:3237-4082   -            282 517525at33208        -            296   2.2e-23   80.6   0.0   2   2   1.1e-14   1.8e-13   48.1   0.0   129   230   135   235   124   254 0.84 -
Pdum_DN87691_c1_g2_i1:1082-1720   -            213 517525at33208        -            296   2.4e-23   80.5   0.0   1   1   1.5e-24   2.6e-23   80.4   0.0    30   238     2   211     1   213 0.88 -
Pdum_DN89113_c0_g1_i1:4232-5059   -            276 517525at33208        -            296     3e-23   80.2   0.0   1   1   3.2e-24   5.5e-23   79.3   0.0    28   267    16   276    10   276 0.80 -
Pdum_DN87573_c0_g1_i1:2973-3596   -            208 517525at33208        -            296   5.3e-23   79.4   0.0   1   1   4.1e-24   6.9e-23   79.0   0.0    30   228     7   196     3   200 0.89 -
Pdum_DN83487_c1_g1_i5:3694-4179   -            162 517525at33208        -            296   7.4e-23   78.9   0.0   1   1     6e-24     1e-22   78.4   0.0   131   274     2   154     1   161 0.86 -
Pdum_DN90717_c0_g1_i3:1605-2453   -            283 517525at33208        -            296   9.8e-23   78.5   0.0   1   2     4e-07   6.7e-06   23.2   0.0    25   109     1    86     1    98 0.73 -
Pdum_DN90717_c0_g1_i3:1605-2453   -            283 517525at33208        -            296   9.8e-23   78.5   0.0   2   2   2.6e-16   4.4e-15   53.4   0.0   129   243   132   245   126   282 0.79 -
Pdum_DN92571_c4_g1_i1:1425-2291   -            289 517525at33208        -            296   1.4e-22   77.9   0.0   1   1   1.2e-23     2e-22   77.5   0.0    28   237    49   250    40   265 0.83 -
Pdum_DN72382_c3_g5_i3:1427-2161   -            245 517525at33208        -            296   1.5e-22   77.8   0.0   1   1   9.6e-24   1.6e-22   77.8   0.0    29   244     2   211     1   245 0.76 -
Pdum_DN92164_c6_g2_i8:5350-6369   -            340 517525at33208        -            296   1.8e-22   77.6   0.8   1   2   3.3e-20   5.5e-19   66.2   0.4    28   176    10   156     7   171 0.93 -
Pdum_DN92164_c6_g2_i8:5350-6369   -            340 517525at33208        -            296   1.8e-22   77.6   0.8   2   2    0.0043     0.073   10.0   0.0   186   237   211   260   203   308 0.81 -
Pdum_DN90710_c1_g2_i3:638-1399    -            254 517525at33208        -            296   1.8e-22   77.6   0.1   1   1   1.3e-23   2.1e-22   77.4   0.1    31   271     2   249     1   253 0.81 -
Pdum_DN75999_c0_g3_i2:1860-2501   -            214 517525at33208        -            296   1.9e-22   77.5   0.0   1   1   1.3e-23   2.2e-22   77.4   0.0    26   228     7   214     1   214 0.84 -
Pdum_DN88285_c1_g1_i4:3478-4410   -            311 517525at33208        -            296   2.3e-22   77.3   0.0   1   1   1.6e-23   2.7e-22   77.0   0.0    26   231     5   205     1   251 0.89 -
Pdum_DN91207_c3_g2_i5:2517-3341   -            275 517525at33208        -            296   2.7e-22   77.0   0.0   1   1   2.9e-23   4.9e-22   76.2   0.0    24   273    10   274     1   275 0.73 -
Pdum_DN89402_c3_g1_i6:2305-3075   -            257 517525at33208        -            296   3.8e-22   76.5   0.0   1   1   2.8e-23   4.7e-22   76.2   0.0    27   244     4   217     2   255 0.85 -
Pdum_DN80958_c0_g1_i1:7270-8172   -            301 517525at33208        -            296   6.6e-22   75.8   0.0   1   1   4.9e-23   8.3e-22   75.4   0.0    27   230     9   215     3   276 0.81 -
Pdum_DN87483_c0_g1_i2:3614-4246   -            211 517525at33208        -            296   1.1e-21   75.1   0.0   1   1   7.8e-23   1.3e-21   74.8   0.0    30   239     4   205     2   210 0.83 -
Pdum_DN89942_c2_g3_i1:116-580     -            155 517525at33208        -            296   1.3e-21   74.8   0.0   1   1   8.7e-23   1.5e-21   74.6   0.0    27   175     2   155     1   155 0.86 -
Pdum_DN90379_c7_g1_i4:3713-4639   -            309 517525at33208        -            296   2.6e-21   73.8   0.9   1   2   3.8e-21   6.5e-20   69.2   0.1    31   240     1   211     1   260 0.71 -
Pdum_DN90379_c7_g1_i4:3713-4639   -            309 517525at33208        -            296   2.6e-21   73.8   0.9   2   2      0.46       7.9    3.3   0.1   248   272   282   306   275   308 0.87 -
Pdum_DN81193_c0_g1_i2:992-1606    -            205 517525at33208        -            296   3.7e-21   73.3   0.1   1   1   4.5e-22   7.6e-21   72.3   0.1    31   230     2   203     1   205 0.86 -
Pdum_DN81332_c0_g1_i4:19-687      -            223 517525at33208        -            296   4.4e-21   73.1   0.0   1   1   3.2e-22   5.4e-21   72.8   0.0    31   237     2   207     1   216 0.77 -
Pdum_DN86308_c0_g3_i2:2553-3335   -            261 517525at33208        -            296   4.6e-21   73.0   0.0   1   1   3.4e-22   5.8e-21   72.7   0.0    31   243     2   216     1   220 0.83 -
Pdum_DN92620_c5_g1_i1:1409-2302   -            298 517525at33208        -            296   6.3e-21   72.5   0.3   1   1   4.9e-22   8.4e-21   72.1   0.3    23   237     1   211     1   227 0.82 -
Pdum_DN90955_c5_g2_i4:2412-2864   -            151 517525at33208        -            296   7.1e-21   72.4   0.0   1   1   4.4e-22   7.5e-21   72.3   0.0    94   231    18   150     1   151 0.85 -
Pdum_DN68112_c0_g1_i7:1152-2048   -            299 517525at33208        -            296   7.7e-21   72.3   1.8   1   1   4.9e-22   8.3e-21   72.2   1.1    28   249     5   216     1   248 0.82 -
Pdum_DN92014_c2_g1_i1:7413-8096   -            228 517525at33208        -            296   1.4e-20   71.4   0.0   1   1     9e-22   1.5e-20   71.3   0.0   100   245     2   150     1   191 0.86 -
Pdum_DN66745_c0_g1_i1:620-1099    -            160 517525at33208        -            296   1.7e-20   71.2   0.0   1   1   1.1e-21   1.8e-20   71.1   0.0   129   275     3   155     1   160 0.86 -
Pdum_DN87263_c1_g2_i4:2281-2883   -            201 517525at33208        -            296   3.8e-20   70.0   0.1   1   1   3.2e-21   5.4e-20   69.5   0.1    29   229     3   200     1   201 0.82 -
Pdum_DN86044_c0_g1_i2:2521-3114   -            198 517525at33208        -            296   4.3e-20   69.8   0.0   1   1   3.1e-21   5.2e-20   69.5   0.0   117   270     2   161     1   178 0.88 -
Pdum_DN72702_c0_g1_i4:2130-2816   -            229 517525at33208        -            296   7.1e-20   69.1   0.2   1   1   2.6e-20   4.3e-19   66.5   0.2    30   231     4   220     1   229 0.72 -
Pdum_DN86957_c0_g2_i3:4582-5304   -            241 517525at33208        -            296   8.4e-20   68.9   0.0   1   1   5.9e-21     1e-19   68.6   0.0    31   238     2   203     1   217 0.75 -
Pdum_DN90497_c0_g1_i1:458-1120    -            221 517525at33208        -            296   8.5e-20   68.8   0.3   1   1   8.2e-21   1.4e-19   68.1   0.3    31   230     2   200     1   216 0.85 -
Pdum_DN91811_c1_g1_i1:1727-2170   -            148 517525at33208        -            296   9.2e-20   68.7   0.1   1   1   6.3e-21   1.1e-19   68.5   0.1    29   174     2   143     1   146 0.88 -
Pdum_DN87617_c1_g2_i13:2125-2658  -            178 517525at33208        -            296   1.1e-19   68.5   0.0   1   1   7.7e-21   1.3e-19   68.2   0.0   163   273     1   113     1   128 0.90 -
Pdum_DN85800_c0_g1_i4:254-1021    -            256 517525at33208        -            296   1.9e-19   67.7   0.0   1   1   1.5e-20   2.5e-19   67.3   0.0    29   237     2   212     1   227 0.78 -
Pdum_DN86836_c2_g3_i3:2321-3157   -            279 517525at33208        -            296   2.2e-19   67.5   0.8   1   1   1.7e-20   2.9e-19   67.1   0.8    33   173    10   149     5   165 0.89 -
Pdum_DN91489_c1_g2_i4:565-1293    -            243 517525at33208        -            296   3.2e-19   67.0   0.0   1   2   2.1e-05   0.00036   17.5   0.0    24   115     2    96     1   103 0.74 -
Pdum_DN91489_c1_g2_i4:565-1293    -            243 517525at33208        -            296   3.2e-19   67.0   0.0   2   2   1.4e-14   2.3e-13   47.7   0.0   128   240   129   240   109   243 0.84 -
Pdum_DN86881_c1_g1_i3:2444-3214   -            257 517525at33208        -            296   3.3e-19   66.9   0.0   1   1   2.6e-20   4.4e-19   66.5   0.0    68   237    48   213    33   255 0.81 -
Pdum_DN75596_c0_g1_i1:1776-2510   -            245 517525at33208        -            296   4.2e-19   66.6   0.0   1   1   2.7e-20   4.6e-19   66.4   0.0    30   224     1   186     1   242 0.83 -
Pdum_DN91174_c2_g1_i3:1259-2266   -            336 517525at33208        -            296   5.1e-19   66.3   0.0   1   2   2.2e-05   0.00037   17.5   0.0    24   109    36   126    18   142 0.72 -
Pdum_DN91174_c2_g1_i3:1259-2266   -            336 517525at33208        -            296   5.1e-19   66.3   0.0   2   2   2.5e-14   4.2e-13   46.8   0.0   128   233   191   295   151   313 0.83 -
Pdum_DN84252_c1_g1_i9:2996-3838   -            281 517525at33208        -            296   6.1e-19   66.0   0.0   1   1     1e-19   1.7e-18   64.5   0.0    29   231     2   212     1   215 0.82 -
Pdum_DN92050_c2_g1_i1:4656-5627   -            324 517525at33208        -            296   6.7e-19   65.9   0.3   1   1   8.8e-20   1.5e-18   64.8   0.2    22   243     2   221     1   243 0.82 -
Pdum_DN91109_c2_g1_i1:6634-7386   -            251 517525at33208        -            296     9e-19   65.5   0.5   1   1   6.3e-20   1.1e-18   65.2   0.5    25   232     3   206     1   235 0.81 -
Pdum_DN79760_c3_g1_i5:696-1412    -            239 517525at33208        -            296     1e-18   65.3   0.0   1   1     8e-20   1.3e-18   64.9   0.0    71   245    11   182     5   197 0.84 -
Pdum_DN91538_c3_g1_i5:153-749     -            199 517525at33208        -            296   1.1e-18   65.2   0.0   1   1   7.7e-20   1.3e-18   64.9   0.0    30   222     1   196     1   198 0.83 -
Pdum_DN90450_c2_g1_i5:462-2957    -            832 517525at33208        -            296   2.1e-18   64.3   0.1   1   2   0.00072     0.012   12.5   0.0    29    89   292   350   277   358 0.87 -
Pdum_DN90450_c2_g1_i5:462-2957    -            832 517525at33208        -            296   2.1e-18   64.3   0.1   2   2     4e-15   6.8e-14   49.5   0.1   100   272   641   827   636   831 0.70 -
Pdum_DN81487_c0_g1_i3:1570-2322   -            251 517525at33208        -            296   2.2e-18   64.2   0.5   1   1   4.2e-19   7.2e-18   62.5   0.5    31   230     2   204     1   212 0.83 -
Pdum_DN48969_c0_g1_i1:0-386       -            129 517525at33208        -            296   2.2e-18   64.2   2.3   1   1   1.5e-19   2.6e-18   64.0   2.3    31   156     5   129     2   129 0.94 -
Pdum_DN68200_c0_g1_i3:564-1127    -            188 517525at33208        -            296   2.5e-18   64.0   0.0   1   1   1.7e-19   2.9e-18   63.8   0.0    49   222    15   184     1   187 0.82 -
Pdum_DN84011_c0_g1_i2:200-1030    -            277 517525at33208        -            296   3.5e-18   63.5   0.0   1   1   2.7e-19   4.6e-18   63.2   0.0    26   230    18   220     8   257 0.79 -
Pdum_DN91982_c4_g3_i1:310-930     -            207 517525at33208        -            296   3.8e-18   63.4   0.6   1   1     4e-19   6.8e-18   62.6   0.6    30   233     1   205     1   207 0.84 -
Pdum_DN78114_c2_g7_i2:343-1266    -            308 517525at33208        -            296   3.8e-18   63.4   0.0   1   2   3.1e-15   5.2e-14   49.8   0.0    33   172    27   170    10   179 0.75 -
Pdum_DN78114_c2_g7_i2:343-1266    -            308 517525at33208        -            296   3.8e-18   63.4   0.0   2   2    0.0016     0.028   11.3   0.0   209   273   222   301   216   307 0.76 -
Pdum_DN69043_c1_g2_i1:110-592     -            161 517525at33208        -            296   4.6e-18   63.2   0.0   1   1   3.3e-19   5.5e-18   62.9   0.0   137   273     2   152     1   161 0.70 -
Pdum_DN61034_c0_g1_i1:0-392       -            131 517525at33208        -            296   4.7e-18   63.1   1.3   1   1     3e-19   5.1e-18   63.0   1.3    23   154     3   131     1   131 0.92 -
Pdum_DN76794_c0_g1_i4:5-610       -            202 517525at33208        -            296   5.2e-18   63.0   0.0   1   1   3.8e-19   6.5e-18   62.7   0.0    30   222     1   199     1   201 0.81 -
Pdum_DN81485_c0_g1_i2:194-586     -            131 517525at33208        -            296     1e-17   62.0   0.0   1   1   7.3e-19   1.2e-17   61.7   0.0   131   229    24   116    16   128 0.92 -
Pdum_DN73762_c0_g1_i2:1282-1800   -            173 517525at33208        -            296   1.3e-17   61.7   0.0   1   1   8.4e-19   1.4e-17   61.5   0.0   122   230    19   127     4   171 0.80 -
Pdum_DN72634_c4_g1_i1:0-461       -            154 517525at33208        -            296   1.9e-17   61.1   0.0   1   1   1.3e-18   2.2e-17   60.9   0.0    27   162     6   145     3   154 0.78 -
Pdum_DN84829_c0_g1_i23:3798-4790  -            331 517525at33208        -            296   1.9e-17   61.1   0.0   1   1   1.7e-18   2.9e-17   60.5   0.0    27   267     9   255     2   269 0.76 -
Pdum_DN91346_c4_g1_i5:3428-4030   -            201 517525at33208        -            296   2.3e-17   60.8   0.0   1   1   1.7e-18   2.9e-17   60.5   0.0    30   230     2   196     1   199 0.84 -
Pdum_DN79501_c0_g1_i2:534-1166    -            211 517525at33208        -            296   2.8e-17   60.6   0.0   1   1     2e-18   3.4e-17   60.3   0.0    69   243     9   181     3   199 0.82 -
Pdum_DN83653_c0_g1_i8:2685-3470   -            262 517525at33208        -            296   3.8e-17   60.1   0.0   1   1   2.9e-18   4.9e-17   59.8   0.0    70   246    45   224    33   246 0.82 -
Pdum_DN90579_c0_g1_i1:769-1530    -            254 517525at33208        -            296   3.8e-17   60.1   0.0   1   1     3e-18   5.1e-17   59.7   0.0    30   237     1   204     1   253 0.80 -
Pdum_DN92820_c4_g1_i3:857-1621    -            255 517525at33208        -            296   4.1e-17   60.0   0.2   1   1   5.6e-18   9.5e-17   58.8   0.2    31   243     2   217     1   254 0.76 -
Pdum_DN71841_c1_g1_i1:222-1058    -            279 517525at33208        -            296   4.9e-17   59.8   0.0   1   1   4.3e-18   7.3e-17   59.2   0.0    27   271     5   276     1   279 0.66 -
Pdum_DN92842_c8_g1_i1:5090-5839   -            250 517525at33208        -            296   4.9e-17   59.8   0.0   1   1     4e-18   6.8e-17   59.3   0.0    28   231     2   204     1   223 0.74 -
Pdum_DN64709_c0_g1_i1:374-1186    -            271 517525at33208        -            296   5.3e-17   59.7   0.0   1   1   4.7e-18   7.9e-17   59.1   0.0    29   271     2   258     1   265 0.78 -
Pdum_DN86873_c1_g1_i1:1809-2516   -            236 517525at33208        -            296   6.1e-17   59.4   0.1   1   1   4.3e-18   7.2e-17   59.2   0.1    31   243     2   210     1   218 0.83 -
Pdum_DN72024_c4_g1_i3:772-1551    -            260 517525at33208        -            296   6.2e-17   59.4   0.1   1   1   4.3e-18   7.2e-17   59.2   0.1    31   267     2   255     1   260 0.77 -
Pdum_DN91934_c6_g1_i2:2552-3214   -            221 517525at33208        -            296   9.1e-17   58.9   0.0   1   2   9.8e-14   1.7e-12   44.9   0.0    97   172    11    86     1   101 0.84 -
Pdum_DN91934_c6_g1_i2:2552-3214   -            221 517525at33208        -            296   9.1e-17   58.9   0.0   2   2     0.001     0.017   12.0   0.0   185   248   131   194   110   214 0.80 -
Pdum_DN91451_c5_g1_i1:5028-5807   -            260 517525at33208        -            296   1.6e-16   58.1   0.0   1   1   1.2e-17   2.1e-16   57.7   0.0    27   242     2   225     1   255 0.78 -
Pdum_DN83651_c0_g1_i7:207-956     -            250 517525at33208        -            296   1.6e-16   58.1   0.0   1   1   1.2e-17     2e-16   57.8   0.0    27   276     1   249     1   250 0.78 -
Pdum_DN91422_c1_g1_i7:147-887     -            247 517525at33208        -            296   3.5e-16   57.0   0.0   1   1   2.6e-17   4.4e-16   56.7   0.0    29   222     2   194     1   206 0.80 -
Pdum_DN88047_c2_g1_i1:41-397      -            119 517525at33208        -            296     4e-16   56.8   1.7   1   1   2.6e-17   4.4e-16   56.6   1.7    33   156     1   118     1   119 0.88 -
Pdum_DN76710_c1_g1_i1:558-1295    -            246 517525at33208        -            296   5.9e-16   56.2   0.2   1   1   6.8e-17   1.1e-15   55.3   0.2    46   232    12   197     5   214 0.83 -
Pdum_DN90490_c2_g1_i2:1070-1675   -            202 517525at33208        -            296   6.6e-16   56.1   0.0   1   1   9.1e-17   1.5e-15   54.9   0.0    69   243    20   202     2   202 0.76 -
Pdum_DN86401_c2_g1_i5:2075-2953   -            293 517525at33208        -            296   7.3e-16   55.9   1.1   1   1   3.1e-16   5.3e-15   53.1   1.1    50   230    38   232    26   246 0.70 -
Pdum_DN91618_c2_g1_i5:701-1543    -            281 517525at33208        -            296   8.5e-16   55.7   0.0   1   2    0.0012     0.021   11.8   0.0    45   121    31   103     2   113 0.68 -
Pdum_DN91618_c2_g1_i5:701-1543    -            281 517525at33208        -            296   8.5e-16   55.7   0.0   2   2   7.3e-13   1.2e-11   42.0   0.0   117   270   121   280   117   281 0.81 -
Pdum_DN81242_c0_g1_i2:41-562      -            174 517525at33208        -            296   9.2e-16   55.6   0.0   1   1   5.7e-17   9.7e-16   55.5   0.0    29   178     4   159     1   174 0.77 -
Pdum_DN77346_c1_g1_i1:4034-4762   -            243 517525at33208        -            296   1.9e-15   54.5   0.0   1   1   1.3e-16   2.3e-15   54.3   0.0    48   222    19   188     1   193 0.78 -
Pdum_DN85302_c0_g2_i3:1921-2346   -            142 517525at33208        -            296   2.3e-15   54.3   0.0   1   1   1.6e-16   2.7e-15   54.0   0.0    72   215     1   142     1   142 0.81 -
Pdum_DN91940_c9_g2_i2:1412-2299   -            296 517525at33208        -            296   2.7e-15   54.1   0.4   1   1   4.2e-15   7.1e-14   49.4   0.3    50   241    37   240    27   246 0.71 -
Pdum_DN90453_c3_g1_i2:6511-7506   -            332 517525at33208        -            296     4e-15   53.5   0.0   1   1   4.1e-16   6.9e-15   52.7   0.0    28   255     5   229     1   251 0.84 -
Pdum_DN89255_c3_g2_i2:4-621       -            206 517525at33208        -            296   7.4e-15   52.6   0.6   1   1   7.3e-16   1.2e-14   51.9   0.6    50   223    27   200     5   206 0.76 -
Pdum_DN92140_c4_g1_i1:2736-3749   -            338 517525at33208        -            296   9.3e-15   52.3   0.0   1   1   2.1e-15   3.6e-14   50.4   0.0    66   230   103   274    89   278 0.81 -
Pdum_DN89562_c3_g1_i3:1655-2452   -            266 517525at33208        -            296   1.3e-14   51.8   0.2   1   1   2.3e-15   3.9e-14   50.2   0.2    30   232     4   214     2   232 0.68 -
Pdum_DN89461_c1_g2_i2:2837-3724   -            296 517525at33208        -            296   2.7e-14   50.8   0.1   1   1   5.4e-15   9.1e-14   49.0   0.1    28   248     6   228     1   249 0.80 -
Pdum_DN81747_c0_g1_i3:1680-2582   -            301 517525at33208        -            296   3.7e-14   50.3   0.0   1   1   2.8e-15   4.7e-14   50.0   0.0    65   237   114   295    74   301 0.80 -
Pdum_DN87409_c1_g1_i12:1567-2151  -            195 517525at33208        -            296   3.8e-14   50.3   0.0   1   1   2.5e-15   4.2e-14   50.1   0.0    50   216    19   190     2   195 0.74 -
Pdum_DN87590_c1_g1_i8:311-1024    -            238 517525at33208        -            296   4.8e-14   50.0   0.6   1   2   7.2e-11   1.2e-09   35.5   0.6    46   162    10   147     3   158 0.67 -
Pdum_DN87590_c1_g1_i8:311-1024    -            238 517525at33208        -            296   4.8e-14   50.0   0.6   2   2    0.0018     0.031   11.2   0.0   163   222   166   230   161   237 0.75 -
Pdum_DN63437_c0_g1_i1:42-692      -            217 517525at33208        -            296   1.2e-13   48.7   0.0   1   1   8.9e-15   1.5e-13   48.3   0.0    12   179    37   205    27   213 0.76 -
Pdum_DN91257_c3_g1_i4:2366-3058   -            231 517525at33208        -            296   1.4e-13   48.4   0.0   1   1   9.4e-15   1.6e-13   48.2   0.0    65   228    35   198     4   221 0.83 -
Pdum_DN75874_c2_g2_i4:605-1393    -            263 517525at33208        -            296   2.2e-13   47.8   0.6   1   1   3.2e-14   5.4e-13   46.5   0.6    27   234     1   219     1   237 0.74 -
Pdum_DN83487_c1_g1_i5:4541-4915   -            125 517525at33208        -            296   5.5e-13   46.5   0.2   1   1   3.5e-14     6e-13   46.4   0.2    28   151     5   125     1   125 0.86 -
Pdum_DN83145_c0_g1_i4:587-1165    -            193 517525at33208        -            296   6.6e-13   46.2   0.1   1   1   4.7e-14     8e-13   45.9   0.1    51   219    29   191     3   193 0.73 -
Pdum_DN85615_c0_g2_i10:812-1420   -            203 517525at33208        -            296     9e-13   45.8   0.0   1   1   1.3e-13   2.3e-12   44.5   0.0    71   222     4   147     1   158 0.79 -
Pdum_DN85395_c0_g2_i2:1206-1961   -            252 517525at33208        -            296   1.6e-12   45.0   0.0   1   1   2.1e-13   3.5e-12   43.8   0.0    72   240     1   175     1   182 0.77 -
Pdum_DN91934_c6_g2_i1:134-772     -            213 517525at33208        -            296   1.8e-12   44.8   0.7   1   1   1.4e-13   2.3e-12   44.4   0.7    71   185     3   119     1   208 0.69 -
Pdum_DN92044_c4_g1_i3:3375-4142   -            256 517525at33208        -            296   1.9e-12   44.7   0.0   1   2      0.83        14    2.5   0.0    22    53     3    34     1    39 0.80 -
Pdum_DN92044_c4_g1_i3:3375-4142   -            256 517525at33208        -            296   1.9e-12   44.7   0.0   2   2   2.6e-12   4.4e-11   40.2   0.0   131   225   112   198   103   222 0.86 -
Pdum_DN92858_c3_g1_i4:2081-2722   -            214 517525at33208        -            296     2e-12   44.6   0.0   1   1   1.6e-13   2.6e-12   44.2   0.0    31   176     3   152     1   182 0.75 -
Pdum_DN91445_c2_g1_i3:8-799       -            264 517525at33208        -            296   3.2e-12   44.0   0.0   1   2       2.4        40    1.0   0.0    25    41    30    46    18    64 0.80 -
Pdum_DN91445_c2_g1_i3:8-799       -            264 517525at33208        -            296   3.2e-12   44.0   0.0   2   2   3.3e-12   5.6e-11   39.9   0.1    71   223    95   258    66   264 0.69 -
Pdum_DN91590_c1_g1_i2:2781-3473   -            231 517525at33208        -            296   2.4e-11   41.1   0.0   1   1   1.9e-12   3.2e-11   40.7   0.0    31   232     2   211     1   229 0.68 -
Pdum_DN85400_c0_g1_i7:1444-2388   -            315 517525at33208        -            296   2.5e-11   41.0   0.9   1   3     3e-09     5e-08   30.2   0.3    29   161     3   137     1   143 0.76 -
Pdum_DN85400_c0_g1_i7:1444-2388   -            315 517525at33208        -            296   2.5e-11   41.0   0.9   2   3     0.025      0.42    7.5   0.0   209   243   198   232   193   266 0.77 -
Pdum_DN85400_c0_g1_i7:1444-2388   -            315 517525at33208        -            296   2.5e-11   41.0   0.9   3   3       6.1     1e+02   -0.4   0.0   246   271   282   307   269   311 0.84 -
Pdum_DN83347_c0_g1_i1:1077-1976   -            300 517525at33208        -            296   6.1e-11   39.8   0.2   1   1   1.7e-11   2.9e-10   37.5   0.2    80   230     2   165     1   238 0.73 -
Pdum_DN91281_c6_g1_i2:1077-1700   -            208 517525at33208        -            296   6.4e-11   39.7   0.0   1   1   4.6e-12   7.8e-11   39.4   0.0    53   224     3   171     1   185 0.75 -
Pdum_DN88669_c1_g2_i5:533-961     -            143 517525at33208        -            296     2e-10   38.0   0.1   1   1   1.5e-11   2.5e-10   37.7   0.1    25   157     3   143     1   143 0.78 -
Pdum_DN54660_c0_g1_i1:112-411     -            100 517525at33208        -            296   2.1e-10   38.0   0.1   1   1   1.3e-11   2.2e-10   37.9   0.1    75   173     1    99     1   100 0.96 -
Pdum_DN91661_c2_g3_i1:1853-2323   -            157 517525at33208        -            296   2.6e-10   37.7   0.1   1   1   8.7e-11   1.5e-09   35.2   0.1   130   233     7   110     2   134 0.73 -
Pdum_DN56300_c0_g1_i2:31-249      -             73 517525at33208        -            296   2.8e-10   37.6   0.0   1   1   1.7e-11   2.8e-10   37.6   0.0   128   173    15    60     3    72 0.89 -
Pdum_DN82849_c0_g1_i2:2563-3069   -            169 517525at33208        -            296   3.3e-10   37.4   0.0   1   1   1.6e-10   2.8e-09   34.3   0.0   131   241     1   111     1   116 0.73 -
Pdum_DN82622_c1_g2_i1:1491-1982   -            164 517525at33208        -            296   3.7e-10   37.2   0.0   1   2   4.2e-10     7e-09   33.0   0.0   147   230     1    81     1    96 0.86 -
Pdum_DN82622_c1_g2_i1:1491-1982   -            164 517525at33208        -            296   3.7e-10   37.2   0.0   2   2      0.91        15    2.3   0.0   250   273   138   161   130   164 0.88 -
Pdum_DN82096_c1_g1_i5:1099-1983   -            295 517525at33208        -            296   4.7e-10   36.8   0.1   1   2    0.0014     0.023   11.6   0.0    30    86     1    56     1    70 0.87 -
Pdum_DN82096_c1_g1_i5:1099-1983   -            295 517525at33208        -            296   4.7e-10   36.8   0.1   2   2   1.3e-06   2.2e-05   21.5   0.0    99   176   145   237   136   295 0.61 -
Pdum_DN78701_c0_g2_i1:2238-3035   -            266 517525at33208        -            296     5e-10   36.8   0.0   1   1     9e-11   1.5e-09   35.2   0.0    30   160     1   133     1   144 0.79 -
Pdum_DN84154_c0_g1_i2:3671-4444   -            258 517525at33208        -            296   5.3e-10   36.7   0.1   1   1   5.5e-11   9.3e-10   35.9   0.1   101   173    68   145    55   162 0.87 -
Pdum_DN92689_c2_g1_i7:1723-2169   -            149 517525at33208        -            296   7.7e-10   36.1   0.1   1   1   1.1e-10   1.9e-09   34.9   0.1    29   173     7   148     1   149 0.81 -
Pdum_DN76533_c0_g2_i2:2-862       -            287 517525at33208        -            296   1.9e-09   34.9   0.1   1   1   1.1e-09   1.8e-08   31.6   0.1   129   240    33   156     6   200 0.77 -
Pdum_DN83388_c0_g1_i8:4-453       -            150 517525at33208        -            296   4.9e-09   33.5   0.5   1   1   1.4e-09   2.3e-08   31.3   0.5   131   221    61   149    40   150 0.74 -
Pdum_DN89452_c2_g1_i1:3784-4464   -            227 517525at33208        -            296     6e-09   33.2   0.0   1   1   1.4e-09   2.4e-08   31.3   0.0    61   228    24   204    16   219 0.79 -
Pdum_DN91433_c3_g1_i10:2050-3153  -            368 517525at33208        -            296   8.5e-09   32.7   0.7   1   4      0.16       2.8    4.8   0.0    20    46    14    40     6    45 0.87 -
Pdum_DN91433_c3_g1_i10:2050-3153  -            368 517525at33208        -            296   8.5e-09   32.7   0.7   2   4   8.2e-05    0.0014   15.6   0.1   123   161   153   191    77   198 0.80 -
Pdum_DN91433_c3_g1_i10:2050-3153  -            368 517525at33208        -            296   8.5e-09   32.7   0.7   3   4      0.41         7    3.5   0.0   209   231   252   274   237   292 0.85 -
Pdum_DN91433_c3_g1_i10:2050-3153  -            368 517525at33208        -            296   8.5e-09   32.7   0.7   4   4      0.24       4.1    4.2   0.0   248   273   340   365   315   368 0.85 -
Pdum_DN75198_c0_g1_i3:3101-3547   -            149 517525at33208        -            296   1.1e-08   32.4   0.1   1   1   8.9e-10   1.5e-08   31.9   0.1    29   173     7   148     1   149 0.76 -
Pdum_DN87362_c3_g1_i1:2021-2518   -            166 517525at33208        -            296   1.8e-08   31.7   0.3   1   1     3e-08   5.1e-07   26.9   0.3   127   221    75   166     1   166 0.77 -
Pdum_DN78727_c0_g1_i1:344-1051    -            236 517525at33208        -            296   2.4e-08   31.3   0.0   1   1   1.5e-09   2.6e-08   31.1   0.0    69   223    49   202    10   230 0.84 -
Pdum_DN92095_c7_g1_i1:1162-1977   -            272 517525at33208        -            296   3.9e-08   30.6   0.0   1   1   5.5e-09   9.4e-08   29.3   0.0    76   230    84   240    71   255 0.73 -
Pdum_DN84991_c0_g1_i3:715-1185    -            157 517525at33208        -            296   5.8e-07   26.7   0.0   1   1   5.3e-08     9e-07   26.1   0.0   129   265     4   135     1   150 0.76 -
Pdum_DN81730_c0_g1_i9:962-1285    -            108 517525at33208        -            296   1.3e-06   25.6   0.0   1   1   7.9e-08   1.3e-06   25.5   0.0   186   267     8   101     1   108 0.69 -
Pdum_DN87634_c0_g1_i5:1427-2080   -            218 517525at33208        -            296   2.5e-06   24.6   0.6   1   2   4.6e-06   7.8e-05   19.7   0.2    68   171     8   122     4   131 0.75 -
Pdum_DN87634_c0_g1_i5:1427-2080   -            218 517525at33208        -            296   2.5e-06   24.6   0.6   2   2       0.8        14    2.5   0.0   208   228   147   168   139   188 0.81 -
Pdum_DN82865_c0_g1_i4:2581-2991   -            137 517525at33208        -            296   2.9e-06   24.4   0.0   1   1   3.1e-07   5.3e-06   23.6   0.0   132   245     1   121     1   131 0.86 -
Pdum_DN85375_c0_g1_i6:1725-2465   -            247 517525at33208        -            296     3e-06   24.4   0.0   1   1   3.2e-07   5.4e-06   23.5   0.0    29   221     3   204     1   214 0.65 -
Pdum_DN80229_c0_g1_i5:239-901     -            221 517525at33208        -            296   5.4e-05   20.2   0.0   1   3   0.00013    0.0021   15.0   0.0   133   182    12    57     4    82 0.74 -
Pdum_DN80229_c0_g1_i5:239-901     -            221 517525at33208        -            296   5.4e-05   20.2   0.0   2   3       3.4        57    0.5   0.0   210   225   111   126   108   160 0.86 -
Pdum_DN80229_c0_g1_i5:239-901     -            221 517525at33208        -            296   5.4e-05   20.2   0.0   3   3       2.8        47    0.7   0.0   248   276   174   202   163   219 0.79 -
Pdum_DN92313_c9_g1_i8:6209-6769   -            187 517525at33208        -            296   5.6e-05   20.2   0.0   1   1   4.9e-06   8.2e-05   19.6   0.0   130   283    10   164     3   171 0.82 -
Pdum_DN71938_c0_g1_i2:3727-4140   -            138 517525at33208        -            296   7.3e-05   19.8   0.2   1   1   4.4e-06   7.4e-05   19.8   0.2    82   171    53   138    12   138 0.70 -
Pdum_DN71938_c0_g1_i2:2614-3171   -            186 517525at33208        -            296   0.00094   16.2   0.0   1   2   0.00028    0.0047   13.9   0.0   183   228    37    81    29    94 0.84 -
Pdum_DN71938_c0_g1_i2:2614-3171   -            186 517525at33208        -            296   0.00094   16.2   0.0   2   2       4.7        79    0.0   0.0   246   273   154   181   121   185 0.67 -
Pdum_DN81354_c0_g1_i1:1568-1957   -            130 517525at33208        -            296    0.0056   13.6   0.0   1   1   0.00037    0.0063   13.5   0.0    74   161    34   119    18   128 0.76 -
Pdum_DN77889_c0_g1_i6:34-717      -            228 517525at33208        -            296     0.017   12.1   0.1   1   1    0.0013     0.021   11.7   0.1   122   170   108   160    39   170 0.71 -
Pdum_DN88669_c1_g1_i5:1753-2238   -            162 517525at33208        -            296     0.041   10.8   0.0   1   2     0.041      0.69    6.7   0.0   208   230    39    61     1    67 0.83 -
Pdum_DN88669_c1_g1_i5:1753-2238   -            162 517525at33208        -            296     0.041   10.8   0.0   2   2       1.3        21    1.9   0.0   249   273   134   158   127   161 0.88 -
#
# Program:         hmmsearch
# Version:         3.1b2 (February 2015)
# Pipeline mode:   SEARCH
# Query file:      /mnt/f/phylo/WORMS/busco_analysis/busco_downloads/lineages/metazoa_odb10/hmms/517525at33208.hmm
# Target file:     /mnt/f/phylo/WORMS/busco_analysis/metazoa_lineage_result/run_metazoa_odb10/metaeuk_output/initial_results/Platynereis_ref.eggnog_filter.nucl.fasta.modified.fas
# Option settings: hmmsearch --domtblout /mnt/f/phylo/WORMS/busco_analysis/metazoa_lineage_result/run_metazoa_odb10/hmmer_output/initial_run_results/517525at33208.out --cpu 1 /mnt/f/phylo/WORMS/busco_analysis/busco_downloads/lineages/metazoa_odb10/hmms/517525at33208.hmm /mnt/f/phylo/WORMS/busco_analysis/metazoa_lineage_result/run_metazoa_odb10/metaeuk_output/initial_results/Platynereis_ref.eggnog_filter.nucl.fasta.modified.fas 
# Current dir:     /mnt/f/phylo/WORMS/busco_analysis
# Date:            Sun Mar 12 20:42:39 2023
# [ok]
