#                                                                                        --- full sequence --- -------------- this domain -------------   hmm coord   ali coord   env coord
# target name                    accession   tlen query name           accession   qlen   E-value  score  bias   #  of  c-Evalue  i-Evalue  score  bias  from    to  from    to  from    to  acc description of target
#            ------------------- ---------- ----- -------------------- ---------- ----- --------- ------ ----- --- --- --------- --------- ------ ----- ----- ----- ----- ----- ----- ----- ---- ---------------------
Pdum_DN72276_c0_g1_i3:798-1733   -            312 527406at33208        -            237  2.9e-116  384.9  13.1   1   2      0.15        24    2.1   0.4     7    36    35    68    30    78 0.63 -
Pdum_DN72276_c0_g1_i3:798-1733   -            312 527406at33208        -            237  2.9e-116  384.9  13.1   2   2  1.8e-118  2.9e-116  384.9  13.1     5   237    66   312    62   312 0.92 -
Pdum_DN86171_c1_g1_i1:80-388     -            103 527406at33208        -            237   1.6e-06   25.7   1.8   1   1     1e-08   1.7e-06   25.5   1.8   173   222    18    68     4    80 0.81 -
Pdum_DN90382_c1_g1_i4:2778-3275  -            166 527406at33208        -            237   1.4e-05   22.6   0.8   1   1   1.4e-07   2.3e-05   21.9   0.8   169   222     4    60     2    74 0.78 -
Pdum_DN87666_c0_g1_i4:2296-2532  -             79 527406at33208        -            237   4.8e-05   20.8   3.9   1   1   3.2e-07   5.4e-05   20.7   3.9   179   210     1    32     1    50 0.83 -
Pdum_DN88786_c1_g1_i5:593-1663   -            357 527406at33208        -            237   7.2e-05   20.2   0.6   1   3   4.3e-07   7.2e-05   20.2   0.6   180   215     5    43     1    48 0.85 -
Pdum_DN88786_c1_g1_i5:593-1663   -            357 527406at33208        -            237   7.2e-05   20.2   0.6   2   3       4.7   7.9e+02   -2.8   2.6   198   209   108   119    86   157 0.60 -
Pdum_DN88786_c1_g1_i5:593-1663   -            357 527406at33208        -            237   7.2e-05   20.2   0.6   3   3      0.19        32    1.7   0.5    50   105   233   291   188   300 0.64 -
Pdum_DN71580_c0_g1_i2:953-1255   -            101 527406at33208        -            237   0.00037   17.9   3.0   1   1   3.3e-06   0.00055   17.3   3.0   180   215    10    45     6    52 0.94 -
Pdum_DN58940_c0_g1_i1:140-670    -            177 527406at33208        -            237   0.00047   17.6   0.4   1   2       2.9   4.8e+02   -2.1   0.1   179   193     5    19     4    38 0.72 -
Pdum_DN58940_c0_g1_i1:140-670    -            177 527406at33208        -            237   0.00047   17.6   0.4   2   2   2.8e-06   0.00047   17.6   0.4   129   153    53    77    30   100 0.85 -
Pdum_DN82335_c0_g1_i1:4106-4744  -            213 527406at33208        -            237   0.00088   16.7   2.4   1   3   5.3e-06   0.00088   16.7   2.4   179   207    10    38     2    59 0.89 -
Pdum_DN82335_c0_g1_i1:4106-4744  -            213 527406at33208        -            237   0.00088   16.7   2.4   2   3       2.6   4.4e+02   -2.0   2.6   190   208   110   128    71   134 0.71 -
Pdum_DN82335_c0_g1_i1:4106-4744  -            213 527406at33208        -            237   0.00088   16.7   2.4   3   3       1.4   2.3e+02   -1.0   1.0   184   209   153   181   143   188 0.69 -
Pdum_DN89987_c0_g1_i1:2225-2920  -            232 527406at33208        -            237    0.0014   16.0   1.3   1   2   8.6e-06    0.0014   16.0   1.3   180   205     6    31     2    41 0.87 -
Pdum_DN89987_c0_g1_i1:2225-2920  -            232 527406at33208        -            237    0.0014   16.0   1.3   2   2       8.9   1.5e+03   -3.7   4.4   180   211    91   126    88   145 0.66 -
Pdum_DN86435_c2_g1_i7:1841-2236  -            132 527406at33208        -            237    0.0016   15.8   1.0   1   1   1.7e-05    0.0029   15.0   1.0   178   205     7    36     3    57 0.84 -
Pdum_DN88216_c2_g1_i9:2145-2513  -            123 527406at33208        -            237    0.0022   15.4   0.5   1   2   1.3e-05    0.0022   15.4   0.5   179   207     4    32     1    40 0.89 -
Pdum_DN88216_c2_g1_i9:2145-2513  -            123 527406at33208        -            237    0.0022   15.4   0.5   2   2       3.2   5.3e+02   -2.3   1.1   194   205   102   113    76   122 0.64 -
Pdum_DN71180_c6_g1_i1:468-821    -            118 527406at33208        -            237     0.012   12.9   8.2   1   3     0.025       4.2    4.6   0.1   173   189    22    38     4    40 0.77 -
Pdum_DN71180_c6_g1_i1:468-821    -            118 527406at33208        -            237     0.012   12.9   8.2   2   3    0.0046      0.77    7.0   0.4   168   190    45    67    40    76 0.82 -
Pdum_DN71180_c6_g1_i1:468-821    -            118 527406at33208        -            237     0.012   12.9   8.2   3   3     0.012       2.1    5.7   0.2   171   191    77    96    68   117 0.74 -
Pdum_DN71269_c3_g2_i6:425-1159   -            245 527406at33208        -            237     0.017   12.5  28.3   1   5         3     5e+02   -2.2   0.0   181   190     1    10     1    19 0.84 -
Pdum_DN71269_c3_g2_i6:425-1159   -            245 527406at33208        -            237     0.017   12.5  28.3   2   5     0.037       6.2    4.1   0.2   176   190    24    38    10    44 0.86 -
Pdum_DN71269_c3_g2_i6:425-1159   -            245 527406at33208        -            237     0.017   12.5  28.3   3   5     0.032       5.3    4.3   1.6   174   190    50    66    42    91 0.83 -
Pdum_DN71269_c3_g2_i6:425-1159   -            245 527406at33208        -            237     0.017   12.5  28.3   4   5    0.0067       1.1    6.5   4.8   177   212   109   152   100   177 0.77 -
Pdum_DN71269_c3_g2_i6:425-1159   -            245 527406at33208        -            237     0.017   12.5  28.3   5   5   0.00073      0.12    9.7   1.1   165   219   182   229   174   234 0.69 -
Pdum_DN79039_c1_g2_i6:672-1262   -            197 527406at33208        -            237     0.023   12.0  11.1   1   4    0.0089       1.5    6.1   0.1   168   189    18    39     4    40 0.72 -
Pdum_DN79039_c1_g2_i6:672-1262   -            197 527406at33208        -            237     0.023   12.0  11.1   2   4    0.0004     0.066   10.5   0.3   157   219    38    94    35   105 0.79 -
Pdum_DN79039_c1_g2_i6:672-1262   -            197 527406at33208        -            237     0.023   12.0  11.1   3   4      0.82   1.4e+02   -0.3   0.1   175   190   139   154   110   167 0.77 -
Pdum_DN79039_c1_g2_i6:672-1262   -            197 527406at33208        -            237     0.023   12.0  11.1   4   4     0.094        16    2.8   0.1   176   190   168   182   153   191 0.85 -
Pdum_DN74777_c7_g3_i1:27-419     -            131 527406at33208        -            237     0.024   12.0   7.6   1   3     0.005      0.84    6.9   0.1   170   189    23    41     7    49 0.83 -
Pdum_DN74777_c7_g3_i1:27-419     -            131 527406at33208        -            237     0.024   12.0   7.6   2   3    0.0015      0.24    8.7   1.0   170   220    51   101    42   112 0.73 -
Pdum_DN74777_c7_g3_i1:27-419     -            131 527406at33208        -            237     0.024   12.0   7.6   3   3       1.1   1.9e+02   -0.8   0.1   175   188   118   131   110   131 0.79 -
Pdum_DN80849_c0_g1_i1:1652-2146  -            165 527406at33208        -            237      0.04   11.3  17.6   1   5      0.15        24    2.1   0.2   176   189     2    15     1    23 0.86 -
Pdum_DN80849_c0_g1_i1:1652-2146  -            165 527406at33208        -            237      0.04   11.3  17.6   2   5     0.024       4.1    4.7   0.3   173   190    27    44    14    46 0.76 -
Pdum_DN80849_c0_g1_i1:1652-2146  -            165 527406at33208        -            237      0.04   11.3  17.6   3   5    0.0031      0.52    7.6   0.0   171   190    54    72    49    75 0.80 -
Pdum_DN80849_c0_g1_i1:1652-2146  -            165 527406at33208        -            237      0.04   11.3  17.6   4   5     0.059       9.9    3.4   0.1   176   190    86   100    78   111 0.85 -
Pdum_DN80849_c0_g1_i1:1652-2146  -            165 527406at33208        -            237      0.04   11.3  17.6   5   5      0.18        29    1.9   1.3   178   190   116   128   105   158 0.70 -
Pdum_DN80620_c1_g2_i1:1-663      -            221 527406at33208        -            237     0.051   10.9   1.2   1   2    0.0003     0.051   10.9   0.2   177   217    16    55     4    74 0.83 -
Pdum_DN80620_c1_g2_i1:1-663      -            221 527406at33208        -            237     0.051   10.9   1.2   2   2       4.8   8.1e+02   -2.8   0.1    35    45   153   155   126   196 0.55 -
Pdum_DN71782_c1_g1_i1:425-763    -            113 527406at33208        -            237      0.26    8.6   6.5   1   3      0.23        38    1.5   0.1   176   189    17    30    12    38 0.87 -
Pdum_DN71782_c1_g1_i1:425-763    -            113 527406at33208        -            237      0.26    8.6   6.5   2   3      0.39        65    0.7   0.0   174   190    43    59    34    62 0.81 -
Pdum_DN71782_c1_g1_i1:425-763    -            113 527406at33208        -            237      0.26    8.6   6.5   3   3     0.002      0.33    8.3   0.8   176   221    73   112    66   113 0.86 -
Pdum_DN87939_c5_g1_i5:54-401     -            116 527406at33208        -            237      0.29    8.4   8.8   1   3     0.033       5.5    4.2   1.0   171   221    16    59     2    73 0.61 -
Pdum_DN87939_c5_g1_i5:54-401     -            116 527406at33208        -            237      0.29    8.4   8.8   2   3     0.004      0.68    7.2   0.1   176   190    76    90    68    98 0.81 -
Pdum_DN87939_c5_g1_i5:54-401     -            116 527406at33208        -            237      0.29    8.4   8.8   3   3      0.27        46    1.2   0.1   175   188   103   116    91   116 0.78 -
Pdum_DN80446_c2_g2_i3:854-1231   -            126 527406at33208        -            237       0.3    8.4   6.0   1   3     0.039       6.5    4.0   0.4   176   190    28    42    14    70 0.71 -
Pdum_DN80446_c2_g2_i3:854-1231   -            126 527406at33208        -            237       0.3    8.4   6.0   2   3      0.46        76    0.5   0.0   176   190    56    70    46    77 0.83 -
Pdum_DN80446_c2_g2_i3:854-1231   -            126 527406at33208        -            237       0.3    8.4   6.0   3   3     0.012         2    5.7   0.7   176   189    84    97    73   121 0.85 -
Pdum_DN86523_c0_g1_i11:1152-1532 -            127 527406at33208        -            237      0.76    7.1   7.5   1   3         1   1.7e+02   -0.6   0.1   171   189    24    42    14    55 0.75 -
Pdum_DN86523_c0_g1_i11:1152-1532 -            127 527406at33208        -            237      0.76    7.1   7.5   2   3    0.0033      0.56    7.5   0.5   176   195    57    76    48    98 0.78 -
Pdum_DN86523_c0_g1_i11:1152-1532 -            127 527406at33208        -            237      0.76    7.1   7.5   3   3      0.14        23    2.2   0.1   170   188   108   125   101   126 0.78 -
Pdum_DN85461_c2_g1_i1:35-406     -            124 527406at33208        -            237         1    6.7  12.4   1   4       4.7   7.8e+02   -2.8   0.0   178   188     2    12     2    15 0.83 -
Pdum_DN85461_c2_g1_i1:35-406     -            124 527406at33208        -            237         1    6.7  12.4   2   4      0.17        28    2.0   0.1   176   189    28    41    12    51 0.85 -
Pdum_DN85461_c2_g1_i1:35-406     -            124 527406at33208        -            237         1    6.7  12.4   3   4     0.021       3.5    4.9   1.9   174   190    54    70    43    95 0.75 -
Pdum_DN85461_c2_g1_i1:35-406     -            124 527406at33208        -            237         1    6.7  12.4   4   4     0.047       7.9    3.7   0.1   171   188   107   124   100   124 0.81 -
Pdum_DN85102_c0_g1_i1:981-2276   -            432 527406at33208        -            237         3    5.1  23.0   1   8     0.018         3    5.1   0.1   176   192    24    40    14    51 0.85 -
Pdum_DN85102_c0_g1_i1:981-2276   -            432 527406at33208        -            237         3    5.1  23.0   2   8       1.3   2.2e+02   -1.0   0.0   176   189    52    65    44    73 0.82 -
Pdum_DN85102_c0_g1_i1:981-2276   -            432 527406at33208        -            237         3    5.1  23.0   3   8     0.041       6.9    3.9   0.1   175   189   237   251   226   253 0.87 -
Pdum_DN85102_c0_g1_i1:981-2276   -            432 527406at33208        -            237         3    5.1  23.0   4   8     0.047       7.9    3.7   0.1   176   189   266   279   257   285 0.86 -
Pdum_DN85102_c0_g1_i1:981-2276   -            432 527406at33208        -            237         3    5.1  23.0   5   8       1.1   1.8e+02   -0.7   0.1   171   189   289   307   285   312 0.82 -
Pdum_DN85102_c0_g1_i1:981-2276   -            432 527406at33208        -            237         3    5.1  23.0   6   8       3.4   5.7e+02   -2.3   0.0   173   188   319   334   313   341 0.86 -
Pdum_DN85102_c0_g1_i1:981-2276   -            432 527406at33208        -            237         3    5.1  23.0   7   8      0.28        47    1.2   2.0   178   190   352   364   335   387 0.79 -
Pdum_DN85102_c0_g1_i1:981-2276   -            432 527406at33208        -            237         3    5.1  23.0   8   8      0.45        75    0.5   0.1   176   190   378   392   364   419 0.83 -
Pdum_DN87739_c1_g1_i1:1353-2264  -            304 527406at33208        -            237       4.3    4.6  24.3   1   5    0.0087       1.5    6.1   0.5   178   189    26    37    11    47 0.85 -
Pdum_DN87739_c1_g1_i1:1353-2264  -            304 527406at33208        -            237       4.3    4.6  24.3   2   5     0.047       7.9    3.7   0.6   175   197    51    73    38    94 0.76 -
Pdum_DN87739_c1_g1_i1:1353-2264  -            304 527406at33208        -            237       4.3    4.6  24.3   3   5     0.032       5.3    4.3   0.1   161   197    96   132    91   152 0.78 -
Pdum_DN87739_c1_g1_i1:1353-2264  -            304 527406at33208        -            237       4.3    4.6  24.3   4   5     0.018         3    5.1   0.2   167   189   154   176   150   207 0.87 -
Pdum_DN87739_c1_g1_i1:1353-2264  -            304 527406at33208        -            237       4.3    4.6  24.3   5   5       1.2     2e+02   -0.9   0.1   175   188   274   287   262   289 0.81 -
#
# Program:         hmmsearch
# Version:         3.1b2 (February 2015)
# Pipeline mode:   SEARCH
# Query file:      /mnt/f/phylo/WORMS/busco_analysis/busco_downloads/lineages/metazoa_odb10/hmms/527406at33208.hmm
# Target file:     /mnt/f/phylo/WORMS/busco_analysis/metazoa_lineage_result/run_metazoa_odb10/metaeuk_output/initial_results/Platynereis_ref.eggnog_filter.nucl.fasta.modified.fas
# Option settings: hmmsearch --domtblout /mnt/f/phylo/WORMS/busco_analysis/metazoa_lineage_result/run_metazoa_odb10/hmmer_output/initial_run_results/527406at33208.out --cpu 1 /mnt/f/phylo/WORMS/busco_analysis/busco_downloads/lineages/metazoa_odb10/hmms/527406at33208.hmm /mnt/f/phylo/WORMS/busco_analysis/metazoa_lineage_result/run_metazoa_odb10/metaeuk_output/initial_results/Platynereis_ref.eggnog_filter.nucl.fasta.modified.fas 
# Current dir:     /mnt/f/phylo/WORMS/busco_analysis
# Date:            Sun Mar 12 20:42:40 2023
# [ok]
