#                                                                                        --- full sequence --- -------------- this domain -------------   hmm coord   ali coord   env coord
# target name                    accession   tlen query name           accession   qlen   E-value  score  bias   #  of  c-Evalue  i-Evalue  score  bias  from    to  from    to  from    to  acc description of target
#            ------------------- ---------- ----- -------------------- ---------- ----- --------- ------ ----- --- --- --------- --------- ------ ----- ----- ----- ----- ----- ----- ----- ---- ---------------------
Pdum_DN78091_c0_g1_i4:389-1459   -            357 530431at33208        -            406   3.3e-86  287.4   0.5   1   1   5.5e-88   3.9e-86  287.1   0.5     9   333    16   354    11   357 0.88 -
Pdum_DN76963_c1_g1_i2:188-1180   -            331 530431at33208        -            406     4e-80  267.3   0.2   1   1     1e-81   7.1e-80  266.5   0.2   179   384    21   258    17   281 0.87 -
Pdum_DN85758_c0_g1_i1:5-1366     -            454 530431at33208        -            406   1.9e-78  261.8   0.2   1   2   9.5e-21   6.7e-19   65.7   0.0    10    61   137   188   126   192 0.89 -
Pdum_DN85758_c0_g1_i1:5-1366     -            454 530431at33208        -            406   1.9e-78  261.8   0.2   2   2     1e-59   7.3e-58  194.0   0.1    60   190   298   439   293   454 0.87 -
Pdum_DN85679_c0_g1_i8:213-1418   -            402 530431at33208        -            406   2.7e-78  261.3   0.3   1   1   4.7e-80   3.3e-78  261.0   0.3     4   364     9   388     6   398 0.84 -
Pdum_DN80241_c2_g1_i2:419-1648   -            410 530431at33208        -            406   3.1e-69  231.5   0.1   1   1   5.5e-71   3.9e-69  231.1   0.1     7   361    18   392    13   407 0.83 -
Pdum_DN81723_c0_g1_i1:1002-2198  -            399 530431at33208        -            406   6.9e-63  210.6   0.0   1   1   1.3e-64   8.8e-63  210.2   0.0    10   338    24   373    17   398 0.81 -
Pdum_DN80143_c2_g1_i1:1065-2234  -            390 530431at33208        -            406   6.8e-62  207.3   0.0   1   1   1.2e-63   8.5e-62  207.0   0.0     4   328    24   369    21   385 0.79 -
Pdum_DN90760_c2_g2_i1:528-1784   -            419 530431at33208        -            406   8.7e-62  206.9   0.0   1   1   1.6e-63   1.2e-61  206.5   0.0    11   338    42   389    34   397 0.81 -
Pdum_DN82891_c5_g1_i1:742-1983   -            414 530431at33208        -            406   1.3e-61  206.4   0.1   1   2   1.7e-42   1.2e-40  137.3   0.0     6   165    32   199    28   203 0.89 -
Pdum_DN82891_c5_g1_i1:742-1983   -            414 530431at33208        -            406   1.3e-61  206.4   0.1   2   2   3.6e-21   2.5e-19   67.1   0.0   213   329   273   401   220   412 0.68 -
Pdum_DN80432_c0_g2_i1:5-1411     -            469 530431at33208        -            406   4.7e-60  201.2   0.1   1   1   8.3e-62   5.8e-60  200.9   0.1     6   371    18   416    13   428 0.79 -
Pdum_DN92841_c1_g1_i2:8029-9183  -            385 530431at33208        -            406   3.6e-59  198.3   0.4   1   1   6.1e-61   4.3e-59  198.1   0.4    12   356    13   368     9   385 0.84 -
Pdum_DN80245_c0_g1_i2:407-1405   -            333 530431at33208        -            406   5.4e-58  194.5   0.2   1   1   9.2e-60   6.5e-58  194.2   0.2     9   321     6   331     3   333 0.84 -
Pdum_DN75940_c0_g1_i2:1196-4401  -            411 530431at33208        -            406   1.1e-57  193.5   0.0   1   1   1.9e-59   1.4e-57  193.1   0.0     9   332    47   391    42   407 0.82 -
Pdum_DN72720_c0_g1_i1:588-1733   -            382 530431at33208        -            406   2.8e-56  188.8   0.1   1   2     3e-46   2.1e-44  149.7   0.3     8   254    14   272     9   287 0.84 -
Pdum_DN72720_c0_g1_i1:588-1733   -            382 530431at33208        -            406   2.8e-56  188.8   0.1   2   2   5.6e-12   3.9e-10   36.8   0.0   279   328   330   379   326   381 0.95 -
Pdum_DN66523_c0_g1_i3:235-1803   -            523 530431at33208        -            406   1.2e-55  186.7   0.5   1   1   6.4e-57   4.5e-55  184.8   0.5     9   339     4   385     1   454 0.75 -
Pdum_DN77204_c1_g9_i1:2-901      -            300 530431at33208        -            406   1.1e-51  173.6   0.3   1   1     2e-53   1.4e-51  173.3   0.3     9   281     8   300     3   300 0.83 -
Pdum_DN67523_c0_g1_i4:51-998     -            316 530431at33208        -            406     3e-51  172.2   1.5   1   1   5.1e-53   3.6e-51  172.0   1.5     9   306     6   316     3   316 0.85 -
Pdum_DN83158_c0_g2_i1:277-1755   -            493 530431at33208        -            406   7.7e-49  164.3   0.0   1   1   1.7e-50   1.2e-48  163.7   0.0     8   372    84   471    77   492 0.77 -
Pdum_DN77144_c0_g2_i3:157-1767   -            537 530431at33208        -            406   3.6e-47  158.8   1.4   1   3   8.1e-23   5.7e-21   72.5   0.0    32   160    93   231    75   239 0.82 -
Pdum_DN77144_c0_g2_i3:157-1767   -            537 530431at33208        -            406   3.6e-47  158.8   1.4   2   3      0.11       7.5    3.0   0.0   163   185   266   288   254   298 0.87 -
Pdum_DN77144_c0_g2_i3:157-1767   -            537 530431at33208        -            406   3.6e-47  158.8   1.4   3   3   3.5e-25   2.5e-23   80.3   0.3   204   345   352   509   347   516 0.78 -
Pdum_DN85617_c0_g1_i1:1355-2476  -            374 530431at33208        -            406   2.2e-45  152.9   0.1   1   1   3.9e-47   2.7e-45  152.6   0.1     9   333     2   345     1   359 0.83 -
Pdum_DN87163_c1_g1_i3:2-1276     -            425 530431at33208        -            406   2.9e-44  149.2   0.3   1   1   6.1e-46   4.3e-44  148.7   0.3     7   186   186   370   182   422 0.84 -
Pdum_DN88379_c0_g1_i1:132-2336   -            735 530431at33208        -            406   6.1e-43  144.9   0.0   1   3   5.9e-11   4.1e-09   33.5   0.0     9    59    18    67    13    72 0.88 -
Pdum_DN88379_c0_g1_i1:132-2336   -            735 530431at33208        -            406   6.1e-43  144.9   0.0   2   3   7.7e-19   5.4e-17   59.4   0.0    60   156   286   385   283   465 0.79 -
Pdum_DN88379_c0_g1_i1:132-2336   -            735 530431at33208        -            406   6.1e-43  144.9   0.0   3   3   1.9e-15   1.3e-13   48.3   0.0   254   324   542   619   502   638 0.83 -
Pdum_DN88503_c2_g1_i2:128-2101   -            658 530431at33208        -            406   2.2e-42  143.0   0.3   1   1     5e-44   3.6e-42  142.4   0.3    80   330     5   270     1   292 0.81 -
Pdum_DN84187_c0_g2_i1:9-944      -            312 530431at33208        -            406   1.2e-39  134.0   0.1   1   1   2.1e-41   1.5e-39  133.7   0.1    17   285    20   312     6   312 0.77 -
Pdum_DN73487_c1_g1_i8:1202-1762  -            187 530431at33208        -            406   4.7e-38  128.8   0.1   1   1   8.5e-40     6e-38  128.4   0.1    11   176    12   181     4   185 0.92 -
Pdum_DN92497_c1_g1_i3:0-551      -            184 530431at33208        -            406   9.9e-32  108.0   0.0   1   1     2e-33   1.4e-31  107.4   0.0     9   152    30   183    24   184 0.89 -
Pdum_DN81743_c0_g1_i14:412-1305  -            298 530431at33208        -            406   7.3e-31  105.1   0.3   1   1   1.3e-32   9.4e-31  104.7   0.3    66   326     1   281     1   296 0.76 -
Pdum_DN78888_c0_g1_i2:2-1057     -            352 530431at33208        -            406   3.8e-26   89.6   0.0   1   1   8.5e-28     6e-26   88.9   0.0     8   191   119   307   115   327 0.89 -
Pdum_DN82890_c0_g2_i1:648-1319   -            224 530431at33208        -            406   8.4e-24   81.8   0.0   1   1   1.5e-25   1.1e-23   81.5   0.0   165   325     3   173     2   197 0.81 -
Pdum_DN85296_c0_g1_i7:1661-2491  -            277 530431at33208        -            406   3.8e-23   79.7   0.0   1   1   6.3e-25   4.5e-23   79.5   0.0   163   339    22   209     1   219 0.78 -
Pdum_DN92497_c2_g1_i2:1599-2393  -            265 530431at33208        -            406   3.8e-21   73.1   0.0   1   1   6.8e-23   4.8e-21   72.8   0.0   165   332    24   203    12   229 0.77 -
Pdum_DN79265_c1_g2_i1:2459-2989  -            177 530431at33208        -            406   4.6e-21   72.8   0.1   1   1   7.5e-23   5.3e-21   72.6   0.1     7   144    35   177    30   177 0.89 -
Pdum_DN81908_c1_g1_i2:745-1948   -            388 530431at33208        -            406   2.6e-14   50.6   0.3   1   2   1.2e-10   8.4e-09   32.4   0.1    20   246     9   231     4   239 0.73 -
Pdum_DN81908_c1_g1_i2:745-1948   -            388 530431at33208        -            406   2.6e-14   50.6   0.3   2   2   1.1e-05   0.00078   16.1   0.0   271   317   278   324   274   360 0.89 -
Pdum_DN70408_c1_g2_i1:827-2041   -            405 530431at33208        -            406   8.6e-11   39.0   0.0   1   2   1.5e-06    0.0001   19.0   0.0    20   153    21   158    10   261 0.77 -
Pdum_DN70408_c1_g2_i1:827-2041   -            405 530431at33208        -            406   8.6e-11   39.0   0.0   2   2   2.7e-06   0.00019   18.1   0.0   271   335   314   378   310   390 0.88 -
Pdum_DN88503_c2_g2_i1:26-283     -             86 530431at33208        -            406   1.2e-10   38.5   0.0   1   1   1.9e-12   1.4e-10   38.3   0.0    12    56    42    85    34    86 0.91 -
Pdum_DN83663_c0_g1_i2:1838-2830  -            331 530431at33208        -            406   1.3e-10   38.4   0.0   1   1   3.1e-12   2.2e-10   37.7   0.0    10   315    10   324     4   330 0.77 -
Pdum_DN73023_c4_g3_i2:396-1655   -            420 530431at33208        -            406   1.9e-10   37.9   0.1   1   2   8.7e-05    0.0061   13.1   0.2   122   194   114   189    10   250 0.80 -
Pdum_DN73023_c4_g3_i2:396-1655   -            420 530431at33208        -            406   1.9e-10   37.9   0.1   2   2   1.4e-07   9.6e-06   22.4   0.0   271   338   302   369   296   375 0.93 -
Pdum_DN90808_c2_g1_i5:29-1042    -            338 530431at33208        -            406     4e-10   36.8   0.2   1   1   1.3e-10     9e-09   32.3   0.2    18   322     9   333     2   338 0.72 -
Pdum_DN72561_c0_g1_i2:626-1912   -            429 530431at33208        -            406   7.6e-10   35.9   0.1   1   1   2.6e-08   1.8e-06   24.7   0.1    18   333    17   383    13   390 0.62 -
Pdum_DN63641_c0_g1_i1:1528-2619  -            364 530431at33208        -            406   2.6e-09   34.1   0.0   1   2     0.025       1.8    5.0   0.0   170   250   109   193    40   205 0.84 -
Pdum_DN63641_c0_g1_i1:1528-2619  -            364 530431at33208        -            406   2.6e-09   34.1   0.0   2   2   4.6e-09   3.3e-07   27.2   0.0   258   356   229   331   220   357 0.69 -
Pdum_DN64287_c0_g2_i3:929-2215   -            429 530431at33208        -            406     3e-09   33.9   0.0   1   2      0.67        47    0.3   0.0     7    54    13    60     7   162 0.74 -
Pdum_DN64287_c0_g2_i3:929-2215   -            429 530431at33208        -            406     3e-09   33.9   0.0   2   2   3.9e-10   2.8e-08   30.7   0.1   230   327   260   374   247   380 0.78 -
Pdum_DN66806_c0_g2_i2:1112-2254  -            381 530431at33208        -            406   6.5e-09   32.8   0.0   1   3     0.066       4.6    3.7   0.0    21    99     2    83     1   101 0.80 -
Pdum_DN66806_c0_g2_i2:1112-2254  -            381 530431at33208        -            406   6.5e-09   32.8   0.0   2   3       1.7   1.2e+02   -1.0   0.0   135   194   103   166    67   177 0.57 -
Pdum_DN66806_c0_g2_i2:1112-2254  -            381 530431at33208        -            406   6.5e-09   32.8   0.0   3   3   7.8e-09   5.5e-07   26.5   0.0   271   328   278   335   265   352 0.90 -
Pdum_DN82890_c0_g1_i3:14-271     -             86 530431at33208        -            406   8.4e-09   32.4   0.2   1   1   1.5e-10     1e-08   32.2   0.2    11    53    45    86    37    86 0.88 -
Pdum_DN81712_c0_g4_i1:1165-2490  -            442 530431at33208        -            406     1e-08   32.2   0.0   1   2     0.004      0.28    7.7   0.0    75   155    50   127     1   186 0.63 -
Pdum_DN81712_c0_g4_i1:1165-2490  -            442 530431at33208        -            406     1e-08   32.2   0.0   2   2   1.5e-07     1e-05   22.2   0.0   272   332   292   352   276   366 0.86 -
Pdum_DN87660_c0_g1_i5:870-1892   -            341 530431at33208        -            406   2.5e-08   30.9   0.1   1   2      0.26        18    1.7   0.0    19    58    20    55     8   200 0.76 -
Pdum_DN87660_c0_g1_i5:870-1892   -            341 530431at33208        -            406   2.5e-08   30.9   0.1   2   2   5.6e-09   3.9e-07   26.9   0.0   258   312   285   339   278   341 0.93 -
Pdum_DN70154_c0_g2_i7:1414-2820  -            469 530431at33208        -            406   1.5e-07   28.3   0.3   1   3      0.77        54    0.1   0.0    15    52    18    55     8    85 0.74 -
Pdum_DN70154_c0_g2_i7:1414-2820  -            469 530431at33208        -            406   1.5e-07   28.3   0.3   2   3       3.1   2.2e+02   -1.9   0.0   136   198   175   241   157   243 0.67 -
Pdum_DN70154_c0_g2_i7:1414-2820  -            469 530431at33208        -            406   1.5e-07   28.3   0.3   3   3   2.7e-08   1.9e-06   24.7   0.0   271   327   352   408   346   413 0.89 -
Pdum_DN83806_c0_g2_i5:2999-4324  -            442 530431at33208        -            406   5.9e-07   26.4   0.1   1   2   3.4e-05    0.0024   14.5   0.0    17   153    21   157    10   201 0.69 -
Pdum_DN83806_c0_g2_i5:2999-4324  -            442 530431at33208        -            406   5.9e-07   26.4   0.1   2   2    0.0013     0.091    9.3   0.0   272   315   308   351   297   376 0.87 -
Pdum_DN84328_c0_g1_i2:1130-2086  -            319 530431at33208        -            406   2.6e-06   24.2   0.0   1   1   5.4e-08   3.8e-06   23.7   0.0   271   329    78   136    60   181 0.81 -
Pdum_DN69090_c3_g1_i1:2467-3987  -            507 530431at33208        -            406   3.4e-06   23.9   1.8   1   1   2.1e-06   0.00015   18.4   1.8    25   321    13   340     4   443 0.70 -
Pdum_DN80116_c1_g2_i14:1736-2950 -            405 530431at33208        -            406   4.5e-06   23.5   0.0   1   1   9.9e-07   6.9e-05   19.5   0.0   134   327   127   355     4   364 0.57 -
Pdum_DN81908_c1_g1_i2:1568-2032  -            155 530431at33208        -            406   2.9e-05   20.8   0.1   1   1   5.8e-07   4.1e-05   20.3   0.1     8   146    24   151    18   155 0.75 -
Pdum_DN67100_c0_g4_i4:537-2051   -            478 530431at33208        -            406   0.00011   18.8   0.1   1   3       1.1        77   -0.4   0.0    32    70    12    53     4    78 0.72 -
Pdum_DN67100_c0_g4_i4:537-2051   -            478 530431at33208        -            406   0.00011   18.8   0.1   2   3       1.2        88   -0.6   0.0   172   192   138   158    77   227 0.48 -
Pdum_DN67100_c0_g4_i4:537-2051   -            478 530431at33208        -            406   0.00011   18.8   0.1   3   3   2.9e-05    0.0021   14.7   0.0   271   327   261   317   257   333 0.92 -
Pdum_DN76531_c2_g1_i1:1156-2466  -            437 530431at33208        -            406   0.00012   18.7   0.0   1   1   3.7e-06   0.00026   17.7   0.0   271   329   332   390   317   408 0.87 -
Pdum_DN92451_c3_g1_i3:2812-5439  -            876 530431at33208        -            406   0.00043   16.9   0.2   1   2   4.9e-05    0.0034   14.0   0.0    13    83    15    85     9   100 0.87 -
Pdum_DN92451_c3_g1_i3:2812-5439  -            876 530431at33208        -            406   0.00043   16.9   0.2   2   2      0.69        48    0.3   0.0   251   293   471   520   429   526 0.74 -
Pdum_DN67467_c0_g1_i1:1429-2220  -            264 530431at33208        -            406    0.0068   13.0   0.0   1   1   0.00014    0.0098   12.5   0.0   271   337   165   231   140   240 0.92 -
Pdum_DN92368_c11_g1_i1:2177-3325 -            383 530431at33208        -            406    0.0097   12.5   0.4   1   2    0.0016      0.12    8.9   0.0    13    59     2    48     1   142 0.84 -
Pdum_DN92368_c11_g1_i1:2177-3325 -            383 530431at33208        -            406    0.0097   12.5   0.4   2   2      0.27        19    1.6   0.2   326   365   229   270   219   302 0.70 -
Pdum_DN92167_c4_g1_i1:1982-3118  -            379 530431at33208        -            406     0.021   11.4   0.0   1   1    0.0005     0.035   10.6   0.0    15   145     3   132     1   157 0.72 -
#
# Program:         hmmsearch
# Version:         3.1b2 (February 2015)
# Pipeline mode:   SEARCH
# Query file:      /mnt/f/phylo/WORMS/busco_analysis/busco_downloads/lineages/metazoa_odb10/hmms/530431at33208.hmm
# Target file:     /mnt/f/phylo/WORMS/busco_analysis/metazoa_lineage_result/run_metazoa_odb10/metaeuk_output/initial_results/Platynereis_ref.eggnog_filter.nucl.fasta.modified.fas
# Option settings: hmmsearch --domtblout /mnt/f/phylo/WORMS/busco_analysis/metazoa_lineage_result/run_metazoa_odb10/hmmer_output/initial_run_results/530431at33208.out --cpu 1 /mnt/f/phylo/WORMS/busco_analysis/busco_downloads/lineages/metazoa_odb10/hmms/530431at33208.hmm /mnt/f/phylo/WORMS/busco_analysis/metazoa_lineage_result/run_metazoa_odb10/metaeuk_output/initial_results/Platynereis_ref.eggnog_filter.nucl.fasta.modified.fas 
# Current dir:     /mnt/f/phylo/WORMS/busco_analysis
# Date:            Sun Mar 12 20:42:41 2023
# [ok]
