#                                                                                        --- full sequence --- -------------- this domain -------------   hmm coord   ali coord   env coord
# target name                    accession   tlen query name           accession   qlen   E-value  score  bias   #  of  c-Evalue  i-Evalue  score  bias  from    to  from    to  from    to  acc description of target
#            ------------------- ---------- ----- -------------------- ---------- ----- --------- ------ ----- --- --- --------- --------- ------ ----- ----- ----- ----- ----- ----- ----- ---- ---------------------
Pdum_DN63925_c0_g1_i1:119-1006   -            296 537718at33208        -            243   1.3e-69  232.3   4.6   1   1   1.2e-70   3.3e-69  230.9   4.6     1   234     1   278     1   296 0.83 -
Pdum_DN87134_c2_g1_i3:1621-2460  -            280 537718at33208        -            243   1.7e-35  120.6   6.3   1   4   4.2e-11   1.2e-09   35.9   0.1    27    92     1    72     1    81 0.82 -
Pdum_DN87134_c2_g1_i3:1621-2460  -            280 537718at33208        -            243   1.7e-35  120.6   6.3   2   4   9.8e-11   2.7e-09   34.7   0.2    18    89    80   155    72   158 0.90 -
Pdum_DN87134_c2_g1_i3:1621-2460  -            280 537718at33208        -            243   1.7e-35  120.6   6.3   3   4   1.2e-08   3.4e-07   27.9   0.2    38    97   143   202   140   208 0.87 -
Pdum_DN87134_c2_g1_i3:1621-2460  -            280 537718at33208        -            243   1.7e-35  120.6   6.3   4   4   6.5e-11   1.8e-09   35.3   0.0    23    87   209   276   204   279 0.91 -
Pdum_DN75190_c1_g2_i8:1873-2820  -            316 537718at33208        -            243   1.8e-31  107.4   4.7   1   4   2.1e-08   5.9e-07   27.1   0.0    36    91    60   116    49   118 0.90 -
Pdum_DN75190_c1_g2_i8:1873-2820  -            316 537718at33208        -            243   1.8e-31  107.4   4.7   2   4   5.5e-10   1.5e-08   32.3   0.1    27    88    88   152    88   154 0.93 -
Pdum_DN75190_c1_g2_i8:1873-2820  -            316 537718at33208        -            243   1.8e-31  107.4   4.7   3   4   3.4e-10   9.6e-09   33.0   0.3    30   102   134   212   121   218 0.86 -
Pdum_DN75190_c1_g2_i8:1873-2820  -            316 537718at33208        -            243   1.8e-31  107.4   4.7   4   4   5.2e-11   1.4e-09   35.6   0.0    27    89   214   277   204   282 0.86 -
Pdum_DN74150_c0_g1_i3:157-2955   -            933 537718at33208        -            243     2e-31  107.2  11.7   1   6   5.2e-11   1.5e-09   35.6   0.2    26   131    67   179    41   186 0.81 -
Pdum_DN74150_c0_g1_i3:157-2955   -            933 537718at33208        -            243     2e-31  107.2  11.7   2   6     6e-10   1.7e-08   32.2   0.1    38   131   122   221   119   226 0.93 -
Pdum_DN74150_c0_g1_i3:157-2955   -            933 537718at33208        -            243     2e-31  107.2  11.7   3   6      0.01      0.29    8.5   0.0    95   147   267   319   253   349 0.89 -
Pdum_DN74150_c0_g1_i3:157-2955   -            933 537718at33208        -            243     2e-31  107.2  11.7   4   6       1.1        31    1.8   0.0    61    99   402   442   393   456 0.86 -
Pdum_DN74150_c0_g1_i3:157-2955   -            933 537718at33208        -            243     2e-31  107.2  11.7   5   6     0.014      0.39    8.0   0.1    37    87   459   511   456   526 0.72 -
Pdum_DN74150_c0_g1_i3:157-2955   -            933 537718at33208        -            243     2e-31  107.2  11.7   6   6   2.3e-14   6.3e-13   46.6   0.1    33   129   594   696   570   701 0.87 -
Pdum_DN78854_c0_g1_i1:1579-2349  -            257 537718at33208        -            243   2.1e-31  107.2  13.6   1   3   6.5e-06   0.00018   19.0   0.3   101   152     2    59     1    61 0.82 -
Pdum_DN78854_c0_g1_i1:1579-2349  -            257 537718at33208        -            243   2.1e-31  107.2  13.6   2   3   3.1e-15   8.5e-14   49.5   1.4    23   130    40   158    33   162 0.91 -
Pdum_DN78854_c0_g1_i1:1579-2349  -            257 537718at33208        -            243   2.1e-31  107.2  13.6   3   3   1.5e-18   4.1e-17   60.4   0.5    36   155   100   230    99   250 0.86 -
Pdum_DN88256_c0_g1_i4:512-2926   -            805 537718at33208        -            243   1.1e-30  104.8  26.8   1   6   4.4e-12   1.2e-10   39.2   2.8    34   130   110   214    95   230 0.87 -
Pdum_DN88256_c0_g1_i4:512-2926   -            805 537718at33208        -            243   1.1e-30  104.8  26.8   2   6     0.012      0.35    8.2   0.2   102   179   238   316   223   318 0.77 -
Pdum_DN88256_c0_g1_i4:512-2926   -            805 537718at33208        -            243   1.1e-30  104.8  26.8   3   6   5.7e-09   1.6e-07   29.0   3.2    34   128   309   409   290   422 0.87 -
Pdum_DN88256_c0_g1_i4:512-2926   -            805 537718at33208        -            243   1.1e-30  104.8  26.8   4   6      0.16       4.4    4.6   0.0    34    52   440   458   426   463 0.79 -
Pdum_DN88256_c0_g1_i4:512-2926   -            805 537718at33208        -            243   1.1e-30  104.8  26.8   5   6     0.012      0.34    8.2   0.0    96   129   475   509   470   533 0.77 -
Pdum_DN88256_c0_g1_i4:512-2926   -            805 537718at33208        -            243   1.1e-30  104.8  26.8   6   6   1.2e-08   3.4e-07   27.9   0.6    33   134   533   640   521   652 0.91 -
Pdum_DN87680_c1_g3_i1:3327-4124  -            266 537718at33208        -            243   5.9e-28   95.9   2.1   1   3   3.2e-16   8.9e-15   52.7   1.2    34   134    17   123     5   129 0.91 -
Pdum_DN87680_c1_g3_i1:3327-4124  -            266 537718at33208        -            243   5.9e-28   95.9   2.1   2   3   0.00048     0.013   12.8   0.0    32    74   139   183   122   197 0.63 -
Pdum_DN87680_c1_g3_i1:3327-4124  -            266 537718at33208        -            243   5.9e-28   95.9   2.1   3   3     1e-08   2.9e-07   28.1   0.0    36    90   207   264   203   266 0.92 -
Pdum_DN80129_c0_g2_i7:710-1570   -            287 537718at33208        -            243   1.7e-27   94.4   0.6   1   3   5.5e-08   1.5e-06   25.7   0.5    62   136     2    82     1    89 0.88 -
Pdum_DN80129_c0_g2_i7:710-1570   -            287 537718at33208        -            243   1.7e-27   94.4   0.6   2   3   4.1e-15   1.1e-13   49.1   0.0    35   136   101   209    84   221 0.86 -
Pdum_DN80129_c0_g2_i7:710-1570   -            287 537718at33208        -            243   1.7e-27   94.4   0.6   3   3   3.5e-05   0.00097   16.6   0.0    36    76   232   273   218   287 0.82 -
Pdum_DN82012_c2_g2_i1:484-1302   -            273 537718at33208        -            243   6.5e-27   92.4   4.2   1   3   2.7e-08   7.6e-07   26.7   0.2    35    96    14    76     2    81 0.87 -
Pdum_DN82012_c2_g2_i1:484-1302   -            273 537718at33208        -            243   6.5e-27   92.4   4.2   2   3   1.4e-10     4e-09   34.2   0.1    26   105    82   167    77   170 0.94 -
Pdum_DN82012_c2_g2_i1:484-1302   -            273 537718at33208        -            243   6.5e-27   92.4   4.2   3   3   5.5e-10   1.5e-08   32.3   0.1    35    93   174   236   163   242 0.85 -
Pdum_DN78086_c1_g1_i5:2830-3705  -            292 537718at33208        -            243   5.5e-26   89.4   1.0   1   4     0.042       1.2    6.5   0.0    39    75    22    58    12    61 0.91 -
Pdum_DN78086_c1_g1_i5:2830-3705  -            292 537718at33208        -            243   5.5e-26   89.4   1.0   2   4    0.0052      0.15    9.4   0.0    38    75    64   101    60   106 0.92 -
Pdum_DN78086_c1_g1_i5:2830-3705  -            292 537718at33208        -            243   5.5e-26   89.4   1.0   3   4   9.7e-09   2.7e-07   28.2   0.1    36    95   104   166   101   179 0.85 -
Pdum_DN78086_c1_g1_i5:2830-3705  -            292 537718at33208        -            243   5.5e-26   89.4   1.0   4   4   3.5e-12   9.7e-11   39.5   0.1    36   129   188   287   174   292 0.87 -
Pdum_DN77740_c0_g3_i3:100-1476   -            459 537718at33208        -            243   2.4e-25   87.3   2.6   1   3   2.1e-14   5.8e-13   46.8   0.1    26   132   147   264   140   272 0.86 -
Pdum_DN77740_c0_g3_i3:100-1476   -            459 537718at33208        -            243   2.4e-25   87.3   2.6   2   3   6.9e-08   1.9e-06   25.4   0.0    37    87   247   299   245   299 0.93 -
Pdum_DN77740_c0_g3_i3:100-1476   -            459 537718at33208        -            243   2.4e-25   87.3   2.6   3   3   3.8e-09   1.1e-07   29.5   0.1    28   133   278   389   269   399 0.83 -
Pdum_DN79110_c0_g1_i7:340-1365   -            342 537718at33208        -            243   2.6e-25   87.2   0.1   1   3   9.4e-12   2.6e-10   38.1   0.0    36   129    64   165    57   168 0.86 -
Pdum_DN79110_c0_g1_i7:340-1365   -            342 537718at33208        -            243   2.6e-25   87.2   0.1   2   3   1.1e-11   3.1e-10   37.8   0.1    36   152   150   284   149   286 0.82 -
Pdum_DN79110_c0_g1_i7:340-1365   -            342 537718at33208        -            243   2.6e-25   87.2   0.1   3   3    0.0002    0.0056   14.1   0.0    38    87   285   336   282   340 0.89 -
Pdum_DN89838_c3_g2_i15:954-1709  -            252 537718at33208        -            243   2.3e-22   77.6   1.9   1   3   2.8e-11   7.7e-10   36.5   0.6    39   132     2    96     1   104 0.93 -
Pdum_DN89838_c3_g2_i15:954-1709  -            252 537718at33208        -            243   2.3e-22   77.6   1.9   2   3   6.6e-06   0.00018   18.9   0.0    33   105   115   189    98   200 0.66 -
Pdum_DN89838_c3_g2_i15:954-1709  -            252 537718at33208        -            243   2.3e-22   77.6   1.9   3   3   4.8e-06   0.00013   19.4   0.0    38    86   203   251   199   252 0.94 -
Pdum_DN90586_c2_g3_i4:2166-2804  -            213 537718at33208        -            243   2.3e-21   74.2   0.1   1   2   0.00042     0.012   13.0   0.0    35    74    64   103    45   106 0.83 -
Pdum_DN90586_c2_g3_i4:2166-2804  -            213 537718at33208        -            243   2.3e-21   74.2   0.1   2   2   5.9e-15   1.6e-13   48.6   0.0    36   130   107   207   104   209 0.88 -
Pdum_DN80927_c0_g1_i1:489-1964   -            492 537718at33208        -            243   5.5e-21   73.0   1.7   1   4      0.12       3.5    4.9   0.0    36    58   161   183   145   193 0.82 -
Pdum_DN80927_c0_g1_i1:489-1964   -            492 537718at33208        -            243   5.5e-21   73.0   1.7   2   4   3.4e-06   9.4e-05   19.9   0.1    36   125   216   309   204   314 0.85 -
Pdum_DN80927_c0_g1_i1:489-1964   -            492 537718at33208        -            243   5.5e-21   73.0   1.7   3   4   4.2e-06   0.00012   19.6   0.2    98   150   321   381   296   384 0.69 -
Pdum_DN80927_c0_g1_i1:489-1964   -            492 537718at33208        -            243   5.5e-21   73.0   1.7   4   4   1.1e-07   3.1e-06   24.7   0.0    37    93   392   451   389   483 0.88 -
Pdum_DN84894_c0_g1_i9:97-867     -            257 537718at33208        -            243   6.7e-21   72.8   0.0   1   3   2.9e-05   0.00082   16.8   0.0    55   130     8    88     2    93 0.84 -
Pdum_DN84894_c0_g1_i9:97-867     -            257 537718at33208        -            243   6.7e-21   72.8   0.0   2   3   0.00037      0.01   13.2   0.0    98   150    97   155    91   157 0.77 -
Pdum_DN84894_c0_g1_i9:97-867     -            257 537718at33208        -            243   6.7e-21   72.8   0.0   3   3   3.3e-12   9.1e-11   39.6   0.0    38   128   158   255   156   257 0.93 -
Pdum_DN92078_c7_g2_i1:2888-3787  -            300 537718at33208        -            243   7.8e-21   72.5   6.8   1   2   2.8e-12   7.7e-11   39.8   1.1    32   137     4   114     1   121 0.87 -
Pdum_DN92078_c7_g2_i1:2888-3787  -            300 537718at33208        -            243   7.8e-21   72.5   6.8   2   2   4.3e-11   1.2e-09   35.9   0.5    37   129   137   235   119   292 0.84 -
Pdum_DN85045_c0_g1_i5:248-835    -            196 537718at33208        -            243   1.2e-20   71.9   0.2   1   4    0.0018     0.049   11.0   0.0    75   128    11    69     1    71 0.76 -
Pdum_DN85045_c0_g1_i5:248-835    -            196 537718at33208        -            243   1.2e-20   71.9   0.2   2   4     0.036         1    6.7   0.0    36    74    55    93    48    97 0.95 -
Pdum_DN85045_c0_g1_i5:248-835    -            196 537718at33208        -            243   1.2e-20   71.9   0.2   3   4     2e-08   5.6e-07   27.2   0.0    35    74    96   135    81   138 0.89 -
Pdum_DN85045_c0_g1_i5:248-835    -            196 537718at33208        -            243   1.2e-20   71.9   0.2   4   4   1.7e-08   4.8e-07   27.4   0.0    36    86   139   191   137   196 0.90 -
Pdum_DN73138_c0_g1_i1:392-1264   -            291 537718at33208        -            243   5.4e-19   66.5   0.7   1   4    0.0058      0.16    9.3   0.0   104   133    13    42     3    52 0.83 -
Pdum_DN73138_c0_g1_i1:392-1264   -            291 537718at33208        -            243   5.4e-19   66.5   0.7   2   4   4.6e-06   0.00013   19.4   0.0    38    91    67   123    61   129 0.86 -
Pdum_DN73138_c0_g1_i1:392-1264   -            291 537718at33208        -            243   5.4e-19   66.5   0.7   3   4     3e-07   8.4e-06   23.3   0.0    38   127   109   202   106   204 0.81 -
Pdum_DN73138_c0_g1_i1:392-1264   -            291 537718at33208        -            243   5.4e-19   66.5   0.7   4   4   3.2e-07   8.9e-06   23.2   0.1    36   120   189   282   163   289 0.81 -
Pdum_DN66431_c0_g1_i1:1561-2364  -            268 537718at33208        -            243   6.2e-19   66.3   1.2   1   3   1.4e-11   3.8e-10   37.5   0.3    37   129    26   121    22   126 0.92 -
Pdum_DN66431_c0_g1_i1:1561-2364  -            268 537718at33208        -            243   6.2e-19   66.3   1.2   2   3   8.8e-11   2.5e-09   34.9   0.0    38   144   108   217   107   226 0.87 -
Pdum_DN66431_c0_g1_i1:1561-2364  -            268 537718at33208        -            243   6.2e-19   66.3   1.2   3   3       4.9   1.4e+02   -0.3   0.0   214   227   228   241   208   250 0.65 -
Pdum_DN74356_c1_g1_i1:377-1456   -            360 537718at33208        -            243   2.2e-18   64.5   1.5   1   4     0.065       1.8    5.8   0.0   103   135     5    37     1    42 0.87 -
Pdum_DN74356_c1_g1_i1:377-1456   -            360 537718at33208        -            243   2.2e-18   64.5   1.5   2   4   1.6e-07   4.5e-06   24.2   0.0    36    90    58   118    51   136 0.84 -
Pdum_DN74356_c1_g1_i1:377-1456   -            360 537718at33208        -            243   2.2e-18   64.5   1.5   3   4   1.3e-05   0.00037   17.9   0.0    36    92   154   215   133   227 0.83 -
Pdum_DN74356_c1_g1_i1:377-1456   -            360 537718at33208        -            243   2.2e-18   64.5   1.5   4   4    0.0012     0.034   11.5   0.3    70   155   249   351   238   357 0.55 -
Pdum_DN85879_c0_g1_i1:230-808    -            193 537718at33208        -            243   3.7e-17   60.5   0.0   1   2   1.1e-11   3.1e-10   37.8   0.1    38   135     6   109     3   116 0.90 -
Pdum_DN85879_c0_g1_i1:230-808    -            193 537718at33208        -            243   3.7e-17   60.5   0.0   2   2     2e-06   5.5e-05   20.6   0.0    39    86   140   189   134   192 0.89 -
Pdum_DN88147_c0_g1_i1:430-1308   -            293 537718at33208        -            243   5.6e-17   59.9   0.1   1   4     0.073         2    5.7   0.0    39    89     2    52     1    61 0.83 -
Pdum_DN88147_c0_g1_i1:430-1308   -            293 537718at33208        -            243   5.6e-17   59.9   0.1   2   4     2e-10   5.5e-09   33.7   0.0    19   129    64   182    49   182 0.72 -
Pdum_DN88147_c0_g1_i1:430-1308   -            293 537718at33208        -            243   5.6e-17   59.9   0.1   3   4   0.00013    0.0037   14.6   0.0    38   130   125   227   125   240 0.78 -
Pdum_DN88147_c0_g1_i1:430-1308   -            293 537718at33208        -            243   5.6e-17   59.9   0.1   4   4     0.001     0.028   11.8   0.0    36    75   252   292   230   293 0.85 -
Pdum_DN83588_c0_g2_i13:1452-2396 -            315 537718at33208        -            243   1.4e-16   58.6   0.0   1   3   0.00014    0.0038   14.6   0.0    67   138     2    79     1   101 0.60 -
Pdum_DN83588_c0_g2_i13:1452-2396 -            315 537718at33208        -            243   1.4e-16   58.6   0.0   2   3   2.7e-06   7.5e-05   20.2   0.0    36    89    98   154    75   171 0.84 -
Pdum_DN83588_c0_g2_i13:1452-2396 -            315 537718at33208        -            243   1.4e-16   58.6   0.0   3   3   0.00012    0.0033   14.8   0.0    58   129   237   314   164   315 0.64 -
Pdum_DN72920_c0_g1_i5:770-1675   -            302 537718at33208        -            243   1.5e-16   58.5   9.6   1   4   0.00058     0.016   12.6   0.8    77   139    31    99    11   114 0.80 -
Pdum_DN72920_c0_g1_i5:770-1675   -            302 537718at33208        -            243   1.5e-16   58.5   9.6   2   4      0.18         5    4.4   0.0    35    62   115   142   105   154 0.85 -
Pdum_DN72920_c0_g1_i5:770-1675   -            302 537718at33208        -            243   1.5e-16   58.5   9.6   3   4   0.00071      0.02   12.3   0.0    36    77   158   200   150   202 0.89 -
Pdum_DN72920_c0_g1_i5:770-1675   -            302 537718at33208        -            243   1.5e-16   58.5   9.6   4   4   4.8e-10   1.3e-08   32.5   1.5    36   128   200   298   194   300 0.90 -
Pdum_DN78454_c0_g1_i4:576-2111   -            512 537718at33208        -            243   1.9e-16   58.2   1.9   1   4   3.1e-05   0.00086   16.7   0.0    21   104   210   310   204   313 0.68 -
Pdum_DN78454_c0_g1_i4:576-2111   -            512 537718at33208        -            243   1.9e-16   58.2   1.9   2   4   1.7e-06   4.8e-05   20.8   0.0    35    87   276   331   266   331 0.90 -
Pdum_DN78454_c0_g1_i4:576-2111   -            512 537718at33208        -            243   1.9e-16   58.2   1.9   3   4     3e-10   8.4e-09   33.1   0.3    38    99   322   385   319   407 0.84 -
Pdum_DN78454_c0_g1_i4:576-2111   -            512 537718at33208        -            243   1.9e-16   58.2   1.9   4   4       1.5        41    1.4   0.0   101   128   482   510   454   511 0.78 -
Pdum_DN83552_c2_g1_i4:337-1659   -            441 537718at33208        -            243   2.8e-16   57.6   0.8   1   3   1.5e-11   4.3e-10   37.4   0.1    58   130    58   137    51   192 0.88 -
Pdum_DN83552_c2_g1_i4:337-1659   -            441 537718at33208        -            243   2.8e-16   57.6   0.8   2   3         2        56    1.0   0.0    36    60   209   233   190   260 0.80 -
Pdum_DN83552_c2_g1_i4:337-1659   -            441 537718at33208        -            243   2.8e-16   57.6   0.8   3   3   7.7e-05    0.0021   15.4   0.0    38    91   296   352   258   363 0.80 -
Pdum_DN91072_c6_g2_i4:11-988     -            326 537718at33208        -            243   3.1e-16   57.5   2.6   1   4   0.00014    0.0039   14.6   0.0    87   142    17    72     8    80 0.84 -
Pdum_DN91072_c6_g2_i4:11-988     -            326 537718at33208        -            243   3.1e-16   57.5   2.6   2   4   7.4e-06   0.00021   18.8   0.3    35   129    87   196    72   202 0.71 -
Pdum_DN91072_c6_g2_i4:11-988     -            326 537718at33208        -            243   3.1e-16   57.5   2.6   3   4   0.00039     0.011   13.1   0.0    36    87   181   234   167   234 0.92 -
Pdum_DN91072_c6_g2_i4:11-988     -            326 537718at33208        -            243   3.1e-16   57.5   2.6   4   4   1.6e-06   4.4e-05   20.9   0.1    18   130   200   325   183   326 0.67 -
Pdum_DN73504_c1_g7_i2:375-1772   -            466 537718at33208        -            243   6.6e-16   56.4   5.1   1   4     0.034      0.96    6.8   0.0    64   131   141   172   132   180 0.57 -
Pdum_DN73504_c1_g7_i2:375-1772   -            466 537718at33208        -            243   6.6e-16   56.4   5.1   2   4     2e-12   5.7e-11   40.2   0.3    23   135   195   313   186   319 0.88 -
Pdum_DN73504_c1_g7_i2:375-1772   -            466 537718at33208        -            243   6.6e-16   56.4   5.1   3   4   2.8e-05   0.00077   16.9   0.1    18   103   272   363   269   368 0.75 -
Pdum_DN73504_c1_g7_i2:375-1772   -            466 537718at33208        -            243   6.6e-16   56.4   5.1   4   4      0.47        13    3.0   0.0    32    75   379   427   363   459 0.61 -
Pdum_DN83656_c0_g1_i2:2236-2991  -            252 537718at33208        -            243   1.3e-15   55.5   3.3   1   3   1.6e-08   4.4e-07   27.5   0.0    68   135    66   139     2   143 0.77 -
Pdum_DN83656_c0_g1_i2:2236-2991  -            252 537718at33208        -            243   1.3e-15   55.5   3.3   2   3      0.17       4.6    4.5   0.1    61    86   143   168   138   187 0.74 -
Pdum_DN83656_c0_g1_i2:2236-2991  -            252 537718at33208        -            243   1.3e-15   55.5   3.3   3   3   1.2e-06   3.4e-05   21.3   0.2    20    87   181   249   171   252 0.88 -
Pdum_DN87342_c0_g1_i8:5-2425     -            807 537718at33208        -            243   1.5e-15   55.2   0.3   1   4     0.018      0.49    7.7   0.0   136   168    94   126    33   180 0.76 -
Pdum_DN87342_c0_g1_i8:5-2425     -            807 537718at33208        -            243   1.5e-15   55.2   0.3   2   4   1.2e-05   0.00033   18.1   0.1    35   130   305   407   283   412 0.82 -
Pdum_DN87342_c0_g1_i8:5-2425     -            807 537718at33208        -            243   1.5e-15   55.2   0.3   3   4   3.8e-08     1e-06   26.3   0.0    23   135   373   498   366   502 0.84 -
Pdum_DN87342_c0_g1_i8:5-2425     -            807 537718at33208        -            243   1.5e-15   55.2   0.3   4   4   5.2e-07   1.4e-05   22.5   0.0    27   194   419   607   414   656 0.70 -
Pdum_DN75190_c1_g2_i8:2335-2706  -            124 537718at33208        -            243   1.6e-15   55.1   1.0   1   2   1.9e-08   5.2e-07   27.3   0.1    36    86    22    72    11    73 0.92 -
Pdum_DN75190_c1_g2_i8:2335-2706  -            124 537718at33208        -            243   1.6e-15   55.1   1.0   2   2     4e-10   1.1e-08   32.7   0.1    36    91    62   118    61   123 0.91 -
Pdum_DN65740_c0_g1_i1:159-803    -            215 537718at33208        -            243   2.1e-15   54.7   1.8   1   4     0.017      0.46    7.8   0.1    29    72     4    47     1    55 0.87 -
Pdum_DN65740_c0_g1_i1:159-803    -            215 537718at33208        -            243   2.1e-15   54.7   1.8   2   4   0.00093     0.026   11.9   0.0    37    67    55    86    51    89 0.82 -
Pdum_DN65740_c0_g1_i1:159-803    -            215 537718at33208        -            243   2.1e-15   54.7   1.8   3   4     0.011      0.31    8.3   0.0    98   138    95   136    87   148 0.84 -
Pdum_DN65740_c0_g1_i1:159-803    -            215 537718at33208        -            243   2.1e-15   54.7   1.8   4   4   1.9e-07   5.2e-06   24.0   0.0    39    88   162   213   141   215 0.87 -
Pdum_DN84241_c0_g1_i1:2776-3423  -            216 537718at33208        -            243   6.2e-15   53.2   4.8   1   2     4e-07   1.1e-05   22.9   0.2    60   151     6   110     1   112 0.81 -
Pdum_DN84241_c0_g1_i1:2776-3423  -            216 537718at33208        -            243   6.2e-15   53.2   4.8   2   2     9e-10   2.5e-08   31.6   4.1    25   128    94   211    88   213 0.76 -
Pdum_DN71389_c1_g2_i1:359-1099   -            247 537718at33208        -            243   1.6e-14   51.9   5.9   1   2   7.8e-08   2.2e-06   25.2   0.4    58   150     1   110     1   113 0.71 -
Pdum_DN71389_c1_g2_i1:359-1099   -            247 537718at33208        -            243   1.6e-14   51.9   5.9   2   2   1.8e-09     5e-08   30.6   1.5    20   140    92   226    88   244 0.74 -
Pdum_DN76828_c2_g1_i1:4967-5695  -            243 537718at33208        -            243   1.6e-14   51.8   0.1   1   2   1.9e-09   5.2e-08   30.5   0.0    36   153    13   144     7   145 0.80 -
Pdum_DN76828_c2_g1_i1:4967-5695  -            243 537718at33208        -            243   1.6e-14   51.8   0.1   2   2   1.4e-06     4e-05   21.1   0.0    37   129   143   243   122   243 0.66 -
Pdum_DN83588_c0_g2_i13:1293-2279 -            329 537718at33208        -            243   2.2e-14   51.4   0.0   1   5      0.12       3.4    5.0   0.0   109   150    11    58     1    62 0.62 -
Pdum_DN83588_c0_g2_i13:1293-2279 -            329 537718at33208        -            243   2.2e-14   51.4   0.0   2   5   3.4e-06   9.4e-05   19.9   0.0    36    89    59   115    39   129 0.84 -
Pdum_DN83588_c0_g2_i13:1293-2279 -            329 537718at33208        -            243   2.2e-14   51.4   0.0   3   5     0.044       1.2    6.4   0.0    32    63   155   186   125   211 0.65 -
Pdum_DN83588_c0_g2_i13:1293-2279 -            329 537718at33208        -            243   2.2e-14   51.4   0.0   4   5    0.0061      0.17    9.2   0.0   102   141   206   245   191   260 0.79 -
Pdum_DN83588_c0_g2_i13:1293-2279 -            329 537718at33208        -            243   2.2e-14   51.4   0.0   5   5     0.034      0.95    6.8   0.0   209   236   257   284   245   290 0.78 -
Pdum_DN84798_c1_g2_i5:993-2768   -            592 537718at33208        -            243   3.9e-14   50.6   0.8   1   6         4   1.1e+02   -0.0   0.0   140   155    94   109    51   144 0.62 -
Pdum_DN84798_c1_g2_i5:993-2768   -            592 537718at33208        -            243   3.9e-14   50.6   0.8   2   6      0.15       4.1    4.7   0.0    48    88   119   162   105   166 0.84 -
Pdum_DN84798_c1_g2_i5:993-2768   -            592 537718at33208        -            243   3.9e-14   50.6   0.8   3   6   2.8e-05   0.00079   16.9   0.0    38   141   152   263   150   273 0.81 -
Pdum_DN84798_c1_g2_i5:993-2768   -            592 537718at33208        -            243   3.9e-14   50.6   0.8   4   6    0.0069      0.19    9.0   0.0    60   124   304   373   281   379 0.69 -
Pdum_DN84798_c1_g2_i5:993-2768   -            592 537718at33208        -            243   3.9e-14   50.6   0.8   5   6      0.41        12    3.2   0.0    42    90   450   503   405   515 0.67 -
Pdum_DN84798_c1_g2_i5:993-2768   -            592 537718at33208        -            243   3.9e-14   50.6   0.8   6   6    0.0011      0.03   11.7   0.0    27    87   518   586   508   592 0.81 -
Pdum_DN87402_c0_g1_i1:93-1976    -            628 537718at33208        -            243   5.1e-14   50.2   0.1   1   4   8.6e-08   2.4e-06   25.1   0.0    99   150   290   346   284   356 0.81 -
Pdum_DN87402_c0_g1_i1:93-1976    -            628 537718at33208        -            243   5.1e-14   50.2   0.1   2   4      0.02      0.57    7.5   0.0    41   129   437   530   429   531 0.80 -
Pdum_DN87402_c0_g1_i1:93-1976    -            628 537718at33208        -            243   5.1e-14   50.2   0.1   3   4    0.0018      0.05   10.9   0.0    38    90   517   572   515   579 0.82 -
Pdum_DN87402_c0_g1_i1:93-1976    -            628 537718at33208        -            243   5.1e-14   50.2   0.1   4   4      0.45        12    3.1   0.0    98   127   597   626   583   628 0.86 -
Pdum_DN90273_c4_g1_i2:3537-4052  -            172 537718at33208        -            243   5.3e-14   50.2   0.7   1   2      0.29       8.1    3.7   0.0    43    78    29    65     3    69 0.82 -
Pdum_DN90273_c4_g1_i2:3537-4052  -            172 537718at33208        -            243   5.3e-14   50.2   0.7   2   2   2.1e-14   5.7e-13   46.8   0.3    37   131    65   165    49   171 0.88 -
Pdum_DN66770_c0_g1_i1:157-1065   -            303 537718at33208        -            243   7.6e-14   49.7   3.2   1   3   0.00049     0.014   12.8   0.0   102   173    14    95     3   111 0.63 -
Pdum_DN66770_c0_g1_i1:157-1065   -            303 537718at33208        -            243   7.6e-14   49.7   3.2   2   3   7.6e-05    0.0021   15.5   0.0    36    88   114   169   110   195 0.87 -
Pdum_DN66770_c0_g1_i1:157-1065   -            303 537718at33208        -            243   7.6e-14   49.7   3.2   3   3   1.2e-06   3.4e-05   21.3   0.2    29   128   192   303   173   303 0.71 -
Pdum_DN84814_c0_g2_i1:1505-2083  -            193 537718at33208        -            243     1e-13   49.2   0.4   1   2   3.7e-07     1e-05   23.0   0.1    37   150     9   132     6   134 0.77 -
Pdum_DN84814_c0_g2_i1:1505-2083  -            193 537718at33208        -            243     1e-13   49.2   0.4   2   2   6.2e-08   1.7e-06   25.6   0.0    36    86   133   185   119   193 0.74 -
Pdum_DN66493_c0_g1_i1:720-1655   -            312 537718at33208        -            243   4.4e-13   47.1   0.1   1   3   2.2e-08   6.2e-07   27.0   0.6    29   135    27   141     4   167 0.74 -
Pdum_DN66493_c0_g1_i1:720-1655   -            312 537718at33208        -            243   4.4e-13   47.1   0.1   2   3       2.4        67    0.7   0.0    41    54   165   178   152   225 0.51 -
Pdum_DN66493_c0_g1_i1:720-1655   -            312 537718at33208        -            243   4.4e-13   47.1   0.1   3   3   0.00015    0.0043   14.4   0.0    34    82   249   298   227   306 0.84 -
Pdum_DN89089_c3_g1_i2:1021-1773  -            251 537718at33208        -            243   4.9e-13   47.0   0.1   1   2   1.7e-06   4.8e-05   20.8   0.0    27   131     1   125     1   134 0.69 -
Pdum_DN89089_c3_g1_i2:1021-1773  -            251 537718at33208        -            243   4.9e-13   47.0   0.1   2   2   1.7e-07   4.8e-06   24.1   0.0    35    90   151   208   144   251 0.80 -
Pdum_DN73512_c4_g2_i3:726-1661   -            312 537718at33208        -            243   5.6e-13   46.8   0.3   1   3       1.4        40    1.4   0.0    64   103    14    61     6    66 0.72 -
Pdum_DN73512_c4_g2_i3:726-1661   -            312 537718at33208        -            243   5.6e-13   46.8   0.3   2   3   6.1e-10   1.7e-08   32.1   0.3    37   170    74   219    63   246 0.75 -
Pdum_DN73512_c4_g2_i3:726-1661   -            312 537718at33208        -            243   5.6e-13   46.8   0.3   3   3    0.0052      0.14    9.5   0.0    39   129   241   295   227   304 0.62 -
Pdum_DN76096_c0_g1_i2:374-1027   -            218 537718at33208        -            243     8e-13   46.3   2.4   1   3   3.2e-06   8.9e-05   20.0   0.0    45    88     2    47     1    54 0.92 -
Pdum_DN76096_c0_g1_i2:374-1027   -            218 537718at33208        -            243     8e-13   46.3   2.4   2   3   0.00031    0.0087   13.4   0.1    34    88    88   143    78   161 0.77 -
Pdum_DN76096_c0_g1_i2:374-1027   -            218 537718at33208        -            243     8e-13   46.3   2.4   3   3     0.001     0.028   11.8   0.2    59   103   166   214   157   217 0.82 -
Pdum_DN87178_c0_g1_i10:2619-3539 -            307 537718at33208        -            243   1.7e-12   45.3   4.4   1   4     0.099       2.7    5.3   0.0    37    56     5    24     1    36 0.56 -
Pdum_DN87178_c0_g1_i10:2619-3539 -            307 537718at33208        -            243   1.7e-12   45.3   4.4   2   4     0.057       1.6    6.0   0.0   100   130    42    73    35    85 0.88 -
Pdum_DN87178_c0_g1_i10:2619-3539 -            307 537718at33208        -            243   1.7e-12   45.3   4.4   3   4     0.008      0.22    8.8   0.2   100   129    95   125    86   130 0.82 -
Pdum_DN87178_c0_g1_i10:2619-3539 -            307 537718at33208        -            243   1.7e-12   45.3   4.4   4   4   2.6e-07   7.1e-06   23.5   0.2    39   123   208   302   191   306 0.85 -
Pdum_DN82173_c1_g1_i7:1104-1730  -            209 537718at33208        -            243     2e-12   45.0   0.1   1   2   2.3e-10   6.4e-09   33.5   0.1    26   152     9   150     3   157 0.74 -
Pdum_DN82173_c1_g1_i7:1104-1730  -            209 537718at33208        -            243     2e-12   45.0   0.1   2   2    0.0027     0.076   10.4   0.0    82   130   158   209   138   209 0.81 -
Pdum_DN80498_c1_g1_i1:1987-2589  -            201 537718at33208        -            243   3.3e-12   44.3   0.1   1   2   8.9e-09   2.5e-07   28.3   0.1    36   144    15   131     1   140 0.81 -
Pdum_DN80498_c1_g1_i1:1987-2589  -            201 537718at33208        -            243   3.3e-12   44.3   0.1   2   2   1.5e-05   0.00041   17.8   0.0    37   128   102   201   100   201 0.79 -
Pdum_DN80990_c0_g1_i2:150-1607   -            486 537718at33208        -            243   3.7e-12   44.1   0.9   1   3   1.8e-05   0.00051   17.5   0.0    36    74   264   302   261   306 0.94 -
Pdum_DN80990_c0_g1_i2:150-1607   -            486 537718at33208        -            243   3.7e-12   44.1   0.9   2   3     2e-07   5.7e-06   23.9   0.4    35   140   306   418   302   423 0.82 -
Pdum_DN80990_c0_g1_i2:150-1607   -            486 537718at33208        -            243   3.7e-12   44.1   0.9   3   3       7.4   2.1e+02   -0.9   0.0   102   134   424   456   415   460 0.81 -
Pdum_DN90064_c4_g2_i4:2740-4161  -            474 537718at33208        -            243   4.8e-12   43.8   5.7   1   3   0.00017    0.0048   14.3   0.4    78   129   157   212   138   227 0.78 -
Pdum_DN90064_c4_g2_i4:2740-4161  -            474 537718at33208        -            243   4.8e-12   43.8   5.7   2   3   4.8e-06   0.00013   19.4   0.3    58   130   260   338   254   346 0.82 -
Pdum_DN90064_c4_g2_i4:2740-4161  -            474 537718at33208        -            243   4.8e-12   43.8   5.7   3   3    0.0014     0.038   11.3   0.0    23    73   349   401   341   417 0.77 -
Pdum_DN92345_c8_g1_i1:3879-4793  -            305 537718at33208        -            243   5.2e-12   43.7   0.6   1   3      0.27       7.5    3.8   0.0    82   130    81   129    70   133 0.86 -
Pdum_DN92345_c8_g1_i1:3879-4793  -            305 537718at33208        -            243   5.2e-12   43.7   0.6   2   3   5.8e-06   0.00016   19.1   0.0    38   130   163   266   158   285 0.81 -
Pdum_DN92345_c8_g1_i1:3879-4793  -            305 537718at33208        -            243   5.2e-12   43.7   0.6   3   3      0.18       5.1    4.4   0.0   211   227   289   305   268   305 0.78 -
Pdum_DN78785_c0_g1_i2:534-2834   -            767 537718at33208        -            243   1.3e-11   42.3   0.2   1   2   0.00013    0.0037   14.7   0.0    36    87    60   117    46   117 0.81 -
Pdum_DN78785_c0_g1_i2:534-2834   -            767 537718at33208        -            243   1.3e-11   42.3   0.2   2   2   1.1e-10   3.1e-09   34.5   0.0    35   152   105   237    82   261 0.73 -
Pdum_DN83855_c0_g1_i4:658-1428   -            257 537718at33208        -            243   1.3e-11   42.3   0.0   1   3   2.8e-06   7.9e-05   20.1   0.0    37    90     7    69     2    77 0.77 -
Pdum_DN83855_c0_g1_i4:658-1428   -            257 537718at33208        -            243   1.3e-11   42.3   0.0   2   3      0.15       4.2    4.7   0.0   122   151    85   114    81   115 0.89 -
Pdum_DN83855_c0_g1_i4:658-1428   -            257 537718at33208        -            243   1.3e-11   42.3   0.0   3   3   0.00011     0.003   14.9   0.0    36    85   114   165   112   183 0.88 -
Pdum_DN84903_c4_g3_i8:753-1754   -            334 537718at33208        -            243   2.2e-11   41.6   0.5   1   4    0.0015     0.043   11.2   0.1    46    91    34    85    20    98 0.71 -
Pdum_DN84903_c4_g3_i8:753-1754   -            334 537718at33208        -            243   2.2e-11   41.6   0.5   2   4   1.5e-07   4.1e-06   24.3   0.5    22   133    52   172    37   180 0.77 -
Pdum_DN84903_c4_g3_i8:753-1754   -            334 537718at33208        -            243   2.2e-11   41.6   0.5   3   4     0.036         1    6.7   0.0    37    87   196   248   184   254 0.83 -
Pdum_DN84903_c4_g3_i8:753-1754   -            334 537718at33208        -            243   2.2e-11   41.6   0.5   4   4      0.19       5.3    4.3   0.0    33    53   279   299   271   305 0.76 -
Pdum_DN75651_c0_g1_i1:179-1012   -            278 537718at33208        -            243   3.5e-11   41.0   0.3   1   3    0.0042      0.12    9.7   0.0    41   130     8   104     2   109 0.84 -
Pdum_DN75651_c0_g1_i1:179-1012   -            278 537718at33208        -            243   3.5e-11   41.0   0.3   2   3   2.2e-06   6.2e-05   20.5   0.1    38   134    90   197    89   206 0.78 -
Pdum_DN75651_c0_g1_i1:179-1012   -            278 537718at33208        -            243   3.5e-11   41.0   0.3   3   3    0.0011      0.03   11.7   0.0    31    88   214   273   201   277 0.76 -
Pdum_DN79208_c0_g1_i2:96-1031    -            312 537718at33208        -            243     5e-11   40.4   0.0   1   3   2.2e-06   6.1e-05   20.5   0.0    37   130     9   109     5   111 0.84 -
Pdum_DN79208_c0_g1_i2:96-1031    -            312 537718at33208        -            243     5e-11   40.4   0.0   2   3   1.2e-05   0.00033   18.1   0.0    36   133    93   197    91   205 0.85 -
Pdum_DN79208_c0_g1_i2:96-1031    -            312 537718at33208        -            243     5e-11   40.4   0.0   3   3     0.045       1.3    6.4   0.0    35    75   270   310   263   312 0.93 -
Pdum_DN77965_c1_g1_i1:1646-2635  -            330 537718at33208        -            243   6.7e-11   40.0   6.6   1   4   0.00014     0.004   14.5   2.1    57   158     3   120     2   133 0.69 -
Pdum_DN77965_c1_g1_i1:1646-2635  -            330 537718at33208        -            243   6.7e-11   40.0   6.6   2   4   0.00098     0.027   11.8   0.2    68   130    59   129    53   158 0.44 -
Pdum_DN77965_c1_g1_i1:1646-2635  -            330 537718at33208        -            243   6.7e-11   40.0   6.6   3   4   2.2e-05   0.00062   17.2   0.1    35    89   157   216   141   224 0.77 -
Pdum_DN77965_c1_g1_i1:1646-2635  -            330 537718at33208        -            243   6.7e-11   40.0   6.6   4   4      0.27       7.4    3.8   0.0   212   228   312   328   296   330 0.79 -
Pdum_DN84033_c1_g3_i1:1082-1726  -            215 537718at33208        -            243   1.8e-10   38.6   0.3   1   2    0.0027     0.075   10.4   0.0    58    90     3    37     1    41 0.84 -
Pdum_DN84033_c1_g3_i1:1082-1726  -            215 537718at33208        -            243   1.8e-10   38.6   0.3   2   2   5.4e-08   1.5e-06   25.8   0.1    51   135    54   145    37   211 0.61 -
Pdum_DN92880_c2_g1_i2:4337-5176  -            280 537718at33208        -            243   2.3e-10   38.2   2.1   1   3     0.093       2.6    5.3   0.0    96   133     7    44     2    77 0.69 -
Pdum_DN92880_c2_g1_i2:4337-5176  -            280 537718at33208        -            243   2.3e-10   38.2   2.1   2   3     2e-07   5.5e-06   23.9   0.1    35    91   162   221   129   230 0.81 -
Pdum_DN92880_c2_g1_i2:4337-5176  -            280 537718at33208        -            243   2.3e-10   38.2   2.1   3   3     0.034      0.95    6.8   0.1    65    90   244   270   226   273 0.74 -
Pdum_DN57990_c0_g1_i2:33-530     -            166 537718at33208        -            243   2.3e-10   38.2   0.1   1   2    0.0016     0.045   11.1   0.0    64   135     1    84     1    85 0.72 -
Pdum_DN57990_c0_g1_i2:33-530     -            166 537718at33208        -            243   2.3e-10   38.2   0.1   2   2   1.3e-06   3.5e-05   21.3   0.0    36    88   108   162   101   166 0.93 -
Pdum_DN89990_c3_g2_i4:936-1778   -            281 537718at33208        -            243     4e-10   37.5   4.8   1   3   3.4e-07   9.5e-06   23.1   0.9    24   132    36   151    31   155 0.84 -
Pdum_DN89990_c3_g2_i4:936-1778   -            281 537718at33208        -            243     4e-10   37.5   4.8   2   3   0.00015    0.0041   14.5   0.0    36    83   133   186   129   215 0.70 -
Pdum_DN89990_c3_g2_i4:936-1778   -            281 537718at33208        -            243     4e-10   37.5   4.8   3   3   0.00011     0.003   15.0   0.1    22   129   159   281   155   281 0.79 -
Pdum_DN83655_c1_g1_i2:238-2439   -            734 537718at33208        -            243   5.1e-10   37.1   2.6   1   4   3.5e-05   0.00096   16.6   0.0    41    91    27    80    12    90 0.83 -
Pdum_DN83655_c1_g1_i2:238-2439   -            734 537718at33208        -            243   5.1e-10   37.1   2.6   2   4      0.24       6.6    4.0   0.2    46   166   166   299   148   322 0.58 -
Pdum_DN83655_c1_g1_i2:238-2439   -            734 537718at33208        -            243   5.1e-10   37.1   2.6   3   4     0.024      0.66    7.3   0.0   206   234   444   472   431   484 0.64 -
Pdum_DN83655_c1_g1_i2:238-2439   -            734 537718at33208        -            243   5.1e-10   37.1   2.6   4   4     0.086       2.4    5.5   0.0   208   242   541   578   502   579 0.73 -
Pdum_DN38861_c0_g1_i1:595-1392   -            266 537718at33208        -            243     8e-10   36.5   0.0   1   3       0.3       8.4    3.7   0.0    64    88     1    26     1    37 0.90 -
Pdum_DN38861_c0_g1_i1:595-1392   -            266 537718at33208        -            243     8e-10   36.5   0.0   2   3   7.3e-06    0.0002   18.8   0.0    47   162    66   189    53   195 0.77 -
Pdum_DN38861_c0_g1_i1:595-1392   -            266 537718at33208        -            243     8e-10   36.5   0.0   3   3    0.0023     0.064   10.6   0.0    38    89   200   255   196   262 0.83 -
Pdum_DN83800_c0_g2_i3:14-562     -            183 537718at33208        -            243   8.9e-10   36.3   0.0   1   2   0.00095     0.026   11.9   0.0    94   134    52    94    34   107 0.59 -
Pdum_DN83800_c0_g2_i3:14-562     -            183 537718at33208        -            243   8.9e-10   36.3   0.0   2   2     6e-07   1.7e-05   22.3   0.0    35    91   114   173   107   179 0.90 -
Pdum_DN90616_c3_g1_i1:602-1432   -            277 537718at33208        -            243     9e-10   36.3   0.0   1   2   2.6e-06   7.3e-05   20.2   0.1    36   134     4   122     2   125 0.79 -
Pdum_DN90616_c3_g1_i1:602-1432   -            277 537718at33208        -            243     9e-10   36.3   0.0   2   2   0.00089     0.025   12.0   0.0    36    87   102   153    90   166 0.88 -
Pdum_DN88766_c3_g2_i10:292-717   -            142 537718at33208        -            243   9.8e-10   36.2   0.1   1   1   1.8e-10     5e-09   33.9   0.1    38   152     6   132     3   138 0.81 -
Pdum_DN75894_c0_g1_i3:333-1052   -            240 537718at33208        -            243   1.7e-09   35.4   1.9   1   3    0.0064      0.18    9.1   0.0    95   135    14    56     5    61 0.84 -
Pdum_DN75894_c0_g1_i3:333-1052   -            240 537718at33208        -            243   1.7e-09   35.4   1.9   2   3   3.1e-05   0.00085   16.7   0.0    99   149    61   113    55   122 0.87 -
Pdum_DN75894_c0_g1_i3:333-1052   -            240 537718at33208        -            243   1.7e-09   35.4   1.9   3   3     0.024      0.66    7.3   0.5    36    91   167   226   124   238 0.49 -
Pdum_DN91578_c1_g1_i1:293-997    -            235 537718at33208        -            243   1.7e-09   35.4   0.6   1   1   2.5e-09     7e-08   30.1   0.4    25   133   118   231   105   232 0.81 -
Pdum_DN92425_c3_g2_i1:539-1228   -            230 537718at33208        -            243   1.8e-09   35.3   0.8   1   2     3e-05   0.00085   16.8   0.1    64   138     6    88     2   101 0.82 -
Pdum_DN92425_c3_g2_i1:539-1228   -            230 537718at33208        -            243   1.8e-09   35.3   0.8   2   2   2.2e-05    0.0006   17.2   0.0    25   111   132   225   103   228 0.73 -
Pdum_DN88892_c3_g1_i1:2670-3179  -            170 537718at33208        -            243   2.6e-09   34.8   0.6   1   1   1.4e-10   3.9e-09   34.2   0.4    35   137    48   158    36   164 0.84 -
Pdum_DN86522_c0_g3_i4:534-1520   -            329 537718at33208        -            243   2.8e-09   34.7  10.4   1   5   6.2e-06   0.00017   19.0   0.6    37   134    15   116    11   123 0.91 -
Pdum_DN86522_c0_g3_i4:534-1520   -            329 537718at33208        -            243   2.8e-09   34.7  10.4   2   5   0.00026    0.0072   13.7   0.9    36   136    56   159    56   165 0.81 -
Pdum_DN86522_c0_g3_i4:534-1520   -            329 537718at33208        -            243   2.8e-09   34.7  10.4   3   5     0.007       0.2    9.0   0.9    76   142   137   210   116   220 0.76 -
Pdum_DN86522_c0_g3_i4:534-1520   -            329 537718at33208        -            243   2.8e-09   34.7  10.4   4   5   0.00016    0.0045   14.4   0.4    31   132   177   288   163   293 0.77 -
Pdum_DN86522_c0_g3_i4:534-1520   -            329 537718at33208        -            243   2.8e-09   34.7  10.4   5   5     0.048       1.3    6.3   0.0    38    86   272   322   268   328 0.88 -
Pdum_DN66325_c0_g1_i1:831-1904   -            358 537718at33208        -            243   2.9e-09   34.6   0.6   1   4   2.9e-05   0.00082   16.8   0.0    36   103    44   116    25   149 0.73 -
Pdum_DN66325_c0_g1_i1:831-1904   -            358 537718at33208        -            243   2.9e-09   34.6   0.6   2   4    0.0011     0.031   11.6   0.0    99   135   172   208   163   214 0.83 -
Pdum_DN66325_c0_g1_i1:831-1904   -            358 537718at33208        -            243   2.9e-09   34.6   0.6   3   4       2.1        59    0.9   0.0   211   228   291   308   279   315 0.81 -
Pdum_DN66325_c0_g1_i1:831-1904   -            358 537718at33208        -            243   2.9e-09   34.6   0.6   4   4       6.9   1.9e+02   -0.8   0.1    64    84   330   352   324   358 0.51 -
Pdum_DN85054_c1_g3_i7:3145-3996  -            284 537718at33208        -            243   4.9e-09   33.9   0.2   1   3    0.0027     0.076   10.4   0.0    76   154    18   112     1   161 0.61 -
Pdum_DN85054_c1_g3_i7:3145-3996  -            284 537718at33208        -            243   4.9e-09   33.9   0.2   2   3       8.4   2.4e+02   -1.1   0.0   104   130   179   205   171   212 0.83 -
Pdum_DN85054_c1_g3_i7:3145-3996  -            284 537718at33208        -            243   4.9e-09   33.9   0.2   3   3     2e-06   5.6e-05   20.6   0.0    35    74   233   272   210   284 0.83 -
Pdum_DN77673_c0_g1_i3:1295-1852  -            186 537718at33208        -            243     9e-09   33.0   0.0   1   3       0.5        14    2.9   0.0    35    54    34    53    11    58 0.78 -
Pdum_DN77673_c0_g1_i3:1295-1852  -            186 537718at33208        -            243     9e-09   33.0   0.0   2   3   0.00013    0.0037   14.7   0.0    26    87    73   137    61   146 0.84 -
Pdum_DN77673_c0_g1_i3:1295-1852  -            186 537718at33208        -            243     9e-09   33.0   0.0   3   3   8.1e-06   0.00023   18.6   0.0    35    89   125   179   110   184 0.88 -
Pdum_DN86294_c0_g1_i3:101-3103   -           1001 537718at33208        -            243   1.2e-08   32.6   0.0   1   3      0.43        12    3.2   0.0   100   129    11    41     3    42 0.79 -
Pdum_DN86294_c0_g1_i3:101-3103   -           1001 537718at33208        -            243   1.2e-08   32.6   0.0   2   3   2.4e-05   0.00067   17.1   0.0    39   130    68   164    56   186 0.82 -
Pdum_DN86294_c0_g1_i3:101-3103   -           1001 537718at33208        -            243   1.2e-08   32.6   0.0   3   3     0.017      0.47    7.8   0.0    18    70   222   275   212   283 0.76 -
Pdum_DN90581_c4_g3_i1:18-467     -            150 537718at33208        -            243   1.4e-08   32.4   0.0   1   1   1.2e-09   3.3e-08   31.2   0.0    38   124    51   147    44   150 0.81 -
Pdum_DN74384_c0_g2_i2:99-1367    -            423 537718at33208        -            243   1.6e-08   32.2   5.1   1   3    0.0001    0.0029   15.0   0.4    23   131   102   224    96   230 0.75 -
Pdum_DN74384_c0_g2_i2:99-1367    -            423 537718at33208        -            243   1.6e-08   32.2   5.1   2   3   0.00056     0.015   12.6   1.4    55   150   252   359   248   364 0.76 -
Pdum_DN74384_c0_g2_i2:99-1367    -            423 537718at33208        -            243   1.6e-08   32.2   5.1   3   3      0.09       2.5    5.4   0.0    24    87   343   414   336   421 0.78 -
Pdum_DN73439_c0_g1_i2:1041-1721  -            227 537718at33208        -            243   1.8e-08   32.1   0.8   1   4    0.0001    0.0028   15.0   0.0    80   138    28    89     3    95 0.81 -
Pdum_DN73439_c0_g1_i2:1041-1721  -            227 537718at33208        -            243   1.8e-08   32.1   0.8   2   4   2.3e-06   6.4e-05   20.4   0.0    50   130    37   123    24   137 0.79 -
Pdum_DN73439_c0_g1_i2:1041-1721  -            227 537718at33208        -            243   1.8e-08   32.1   0.8   3   4      0.62        17    2.6   0.0   108   135   164   190   152   198 0.80 -
Pdum_DN73439_c0_g1_i2:1041-1721  -            227 537718at33208        -            243   1.8e-08   32.1   0.8   4   4      0.35       9.7    3.5   0.0   176   197   201   222   193   227 0.58 -
Pdum_DN82853_c0_g1_i2:2495-3019  -            175 537718at33208        -            243   1.9e-08   32.0   0.0   1   2   9.4e-05    0.0026   15.1   0.0    26    86     3    64     1    66 0.76 -
Pdum_DN82853_c0_g1_i2:2495-3019  -            175 537718at33208        -            243   1.9e-08   32.0   0.0   2   2   7.2e-05     0.002   15.5   0.0    37    88    64   118    59   147 0.86 -
Pdum_DN84582_c3_g1_i1:332-1036   -            235 537718at33208        -            243   3.2e-08   31.2   0.1   1   2      0.05       1.4    6.2   0.0    36    74    36    73    13    81 0.77 -
Pdum_DN84582_c3_g1_i1:332-1036   -            235 537718at33208        -            243   3.2e-08   31.2   0.1   2   2   5.3e-07   1.5e-05   22.5   0.0    37   102    79   149    75   161 0.85 -
Pdum_DN88423_c1_g1_i2:993-1421   -            143 537718at33208        -            243     4e-08   30.9   2.3   1   1   2.7e-09   7.5e-08   30.0   2.3    27   131    11   120     4   128 0.83 -
Pdum_DN91312_c3_g1_i1:2567-3481  -            305 537718at33208        -            243     6e-08   30.3   0.1   1   3   1.5e-05   0.00043   17.7   0.0    36   101    14    88    10   119 0.74 -
Pdum_DN91312_c3_g1_i1:2567-3481  -            305 537718at33208        -            243     6e-08   30.3   0.1   2   3       5.4   1.5e+02   -0.4   0.0    36    55   149   168   136   186 0.76 -
Pdum_DN91312_c3_g1_i1:2567-3481  -            305 537718at33208        -            243     6e-08   30.3   0.1   3   3     0.032      0.89    6.9   0.1    36   126   241   303   206   305 0.55 -
Pdum_DN92785_c3_g1_i2:3114-4076  -            321 537718at33208        -            243   7.1e-08   30.1   0.3   1   2       3.9   1.1e+02    0.0   0.0   108   136    52    80    36    95 0.83 -
Pdum_DN92785_c3_g1_i2:3114-4076  -            321 537718at33208        -            243   7.1e-08   30.1   0.3   2   2   2.2e-08   6.3e-07   27.0   0.2    26    87   245   313   238   320 0.88 -
Pdum_DN79406_c0_g1_i1:209-1183   -            325 537718at33208        -            243   8.2e-08   29.9   0.7   1   3   3.1e-05   0.00086   16.7   0.2    60   153     5   108     1   116 0.76 -
Pdum_DN79406_c0_g1_i1:209-1183   -            325 537718at33208        -            243   8.2e-08   29.9   0.7   2   3     0.077       2.1    5.6   0.1    36   112   159   240   148   258 0.81 -
Pdum_DN79406_c0_g1_i1:209-1183   -            325 537718at33208        -            243   8.2e-08   29.9   0.7   3   3      0.18         5    4.4   0.0    48    87   268   309   250   317 0.84 -
Pdum_DN72823_c0_g2_i2:1154-1981  -            276 537718at33208        -            243   1.7e-07   28.8   0.0   1   3    0.0092      0.26    8.6   0.0    35    86     7    58     5    67 0.89 -
Pdum_DN72823_c0_g2_i2:1154-1981  -            276 537718at33208        -            243   1.7e-07   28.8   0.0   2   3     0.026      0.73    7.1   0.0    25    82    73   134    61   155 0.72 -
Pdum_DN72823_c0_g2_i2:1154-1981  -            276 537718at33208        -            243   1.7e-07   28.8   0.0   3   3    0.0065      0.18    9.1   0.0    31    75   222   266   216   276 0.85 -
Pdum_DN89096_c2_g3_i4:2-1384     -            461 537718at33208        -            243   1.8e-07   28.8   1.6   1   3     0.016      0.44    7.9   0.0   100   143    12    55     3    67 0.79 -
Pdum_DN89096_c2_g3_i4:2-1384     -            461 537718at33208        -            243   1.8e-07   28.8   1.6   2   3      0.26       7.2    3.9   0.0    38    87    80   130    76   139 0.68 -
Pdum_DN89096_c2_g3_i4:2-1384     -            461 537718at33208        -            243   1.8e-07   28.8   1.6   3   3   2.7e-05   0.00075   16.9   0.5    36   186   119   282    99   307 0.68 -
Pdum_DN89974_c1_g1_i2:3302-3844  -            181 537718at33208        -            243     2e-07   28.6   0.5   1   1   9.8e-09   2.7e-07   28.2   0.5    78   133     1    59     1   133 0.77 -
Pdum_DN87078_c1_g1_i1:1858-2604  -            249 537718at33208        -            243   2.1e-07   28.6   2.7   1   2       2.1        60    0.9   0.0   144   161    25    42    16    49 0.82 -
Pdum_DN87078_c1_g1_i1:1858-2604  -            249 537718at33208        -            243   2.1e-07   28.6   2.7   2   2   5.9e-08   1.7e-06   25.6   0.4    37   133   107   211   103   241 0.82 -
Pdum_DN75461_c3_g1_i3:3415-4074  -            220 537718at33208        -            243   2.4e-07   28.4   0.6   1   2   1.7e-06   4.6e-05   20.9   0.1    67   136    16    90     4   120 0.71 -
Pdum_DN75461_c3_g1_i3:3415-4074  -            220 537718at33208        -            243   2.4e-07   28.4   0.6   2   2      0.14       3.9    4.8   0.0    41    86   167   216   159   220 0.67 -
Pdum_DN88741_c1_g1_i6:2841-3650  -            270 537718at33208        -            243   4.3e-07   27.5   1.0   1   4      0.57        16    2.8   0.0   206   227    12    33     2    46 0.65 -
Pdum_DN88741_c1_g1_i6:2841-3650  -            270 537718at33208        -            243   4.3e-07   27.5   1.0   2   4       1.9        53    1.0   0.0    37    86    72   125    66   126 0.64 -
Pdum_DN88741_c1_g1_i6:2841-3650  -            270 537718at33208        -            243   4.3e-07   27.5   1.0   3   4   0.00052     0.014   12.7   0.1    36   123   115   211   107   217 0.77 -
Pdum_DN88741_c1_g1_i6:2841-3650  -            270 537718at33208        -            243   4.3e-07   27.5   1.0   4   4    0.0026     0.073   10.4   0.1    33    87   199   261   181   267 0.77 -
Pdum_DN84536_c0_g1_i1:2255-2878  -            208 537718at33208        -            243   5.1e-07   27.3   0.1   1   2   0.00011     0.003   15.0   0.0    64   158    47   150    35   165 0.73 -
Pdum_DN84536_c0_g1_i1:2255-2878  -            208 537718at33208        -            243   5.1e-07   27.3   0.1   2   2   0.00031    0.0087   13.4   0.1    72   134   137   205   131   207 0.82 -
Pdum_DN78867_c0_g1_i4:315-983    -            223 537718at33208        -            243   6.5e-07   27.0   0.0   1   3       1.6        44    1.3   0.0   143   165    20    42     7    61 0.74 -
Pdum_DN78867_c0_g1_i4:315-983    -            223 537718at33208        -            243   6.5e-07   27.0   0.0   2   3       1.1        30    1.9   0.0   133   156    51    74    47    84 0.86 -
Pdum_DN78867_c0_g1_i4:315-983    -            223 537718at33208        -            243   6.5e-07   27.0   0.0   3   3   2.1e-06   5.8e-05   20.6   0.0    36    93   111   168    79   204 0.73 -
Pdum_DN90517_c4_g2_i3:211-1731   -            507 537718at33208        -            243   6.9e-07   26.9   0.2   1   3       4.4   1.2e+02   -0.2   0.0   140   160    77    97    72   114 0.79 -
Pdum_DN90517_c4_g2_i3:211-1731   -            507 537718at33208        -            243   6.9e-07   26.9   0.2   2   3   2.6e-06   7.2e-05   20.2   0.0    36    86   272   324   244   336 0.81 -
Pdum_DN90517_c4_g2_i3:211-1731   -            507 537718at33208        -            243   6.9e-07   26.9   0.2   3   3       1.7        48    1.2   0.1   110   134   365   389   343   400 0.63 -
Pdum_DN78364_c0_g1_i1:226-1314   -            363 537718at33208        -            243   7.2e-07   26.8   0.5   1   1   3.2e-07   8.9e-06   23.2   0.7    27   132    19   135     7   143 0.78 -
Pdum_DN82224_c0_g1_i1:2783-3526  -            248 537718at33208        -            243   8.6e-07   26.6   0.3   1   2   3.5e-05   0.00097   16.6   0.0    38    91    22    77    12    94 0.87 -
Pdum_DN82224_c0_g1_i1:2783-3526  -            248 537718at33208        -            243   8.6e-07   26.6   0.3   2   2     0.025      0.71    7.2   0.1    64    96   117   153   106   190 0.67 -
Pdum_DN76013_c0_g1_i3:463-1068   -            202 537718at33208        -            243   9.1e-07   26.5   2.0   1   2   6.2e-07   1.7e-05   22.3   0.2    18    93    39   125    33   135 0.71 -
Pdum_DN76013_c0_g1_i3:463-1068   -            202 537718at33208        -            243   9.1e-07   26.5   2.0   2   2       1.6        45    1.3   0.0   116   131   166   181   144   186 0.73 -
Pdum_DN69263_c0_g1_i1:405-1196   -            264 537718at33208        -            243   1.3e-06   26.0   3.2   1   2   1.5e-05   0.00041   17.8   0.1    38   125     4   105     2   138 0.67 -
Pdum_DN69263_c0_g1_i1:405-1196   -            264 537718at33208        -            243   1.3e-06   26.0   3.2   2   2     0.025       0.7    7.2   0.5    34   128   154   262   146   263 0.70 -
Pdum_DN75371_c0_g2_i4:68-763     -            232 537718at33208        -            243   1.3e-06   26.0   0.1   1   2   9.5e-05    0.0027   15.1   0.0    37    88     2    55     1    72 0.86 -
Pdum_DN75371_c0_g2_i4:68-763     -            232 537718at33208        -            243   1.3e-06   26.0   0.1   2   2    0.0094      0.26    8.6   0.0    43    84   139   182   130   227 0.78 -
Pdum_DN86525_c0_g1_i1:704-1231   -            176 537718at33208        -            243   1.3e-06   26.0   0.0   1   2       1.5        43    1.3   0.0    43    68     2    27     1    35 0.79 -
Pdum_DN86525_c0_g1_i1:704-1231   -            176 537718at33208        -            243   1.3e-06   26.0   0.0   2   2   4.8e-07   1.3e-05   22.6   0.0    37   132    39   143    33   158 0.82 -
Pdum_DN90079_c2_g2_i8:1469-1858  -            130 537718at33208        -            243     2e-06   25.4   0.0   1   2      0.49        14    3.0   0.0   206   228    36    58    23    71 0.73 -
Pdum_DN90079_c2_g2_i8:1469-1858  -            130 537718at33208        -            243     2e-06   25.4   0.0   2   2   2.6e-06   7.3e-05   20.2   0.0    31    75    81   125    77   128 0.92 -
Pdum_DN84963_c1_g1_i6:1317-3311  -            665 537718at33208        -            243     2e-06   25.4   0.1   1   2   5.8e-07   1.6e-05   22.4   0.0    21    93    77   157    41   168 0.81 -
Pdum_DN84963_c1_g1_i6:1317-3311  -            665 537718at33208        -            243     2e-06   25.4   0.1   2   2       5.6   1.6e+02   -0.5   0.0    59    87   629   659   623   663 0.66 -
Pdum_DN83005_c1_g1_i1:16-1335    -            440 537718at33208        -            243   2.1e-06   25.3   1.3   1   2       2.1        58    0.9   0.0   147   172    11    39     5    57 0.59 -
Pdum_DN83005_c1_g1_i1:16-1335    -            440 537718at33208        -            243   2.1e-06   25.3   1.3   2   2   7.7e-07   2.1e-05   22.0   1.0    37   132    84   185    69   206 0.69 -
Pdum_DN82629_c0_g1_i4:473-2515   -            681 537718at33208        -            243   2.4e-06   25.1   0.0   1   2    0.0041      0.12    9.8   0.0    97   232   203   342   196   352 0.62 -
Pdum_DN82629_c0_g1_i4:473-2515   -            681 537718at33208        -            243   2.4e-06   25.1   0.0   2   2   0.00016    0.0045   14.4   0.1    39   131   325   435   319   443 0.70 -
Pdum_DN79808_c0_g1_i2:642-4217   -           1192 537718at33208        -            243   3.4e-06   24.6   0.1   1   2   3.8e-06   0.00011   19.7   0.0    45   123    39   122    31   164 0.77 -
Pdum_DN79808_c0_g1_i2:642-4217   -           1192 537718at33208        -            243   3.4e-06   24.6   0.1   2   2       1.3        38    1.5   0.0    29    55   274   300   237   312 0.79 -
Pdum_DN86637_c0_g1_i2:178-705    -            176 537718at33208        -            243   3.7e-06   24.5   0.0   1   1   1.3e-06   3.7e-05   21.2   0.0    36    91    58   120    40   128 0.78 -
Pdum_DN92600_c5_g2_i1:144-365    -             74 537718at33208        -            243   3.7e-06   24.5   0.0   1   1   1.5e-07   4.1e-06   24.3   0.0    36    88    16    70     9    74 0.92 -
Pdum_DN89812_c3_g1_i3:2-727      -            242 537718at33208        -            243   4.1e-06   24.3   0.0   1   1   2.8e-07   7.9e-06   23.4   0.0    45   132    32   126    29   141 0.86 -
Pdum_DN66486_c0_g1_i1:419-1648   -            410 537718at33208        -            243   4.9e-06   24.1   0.6   1   2     0.046       1.3    6.3   0.0    35    66    81   112    59   121 0.81 -
Pdum_DN66486_c0_g1_i1:419-1648   -            410 537718at33208        -            243   4.9e-06   24.1   0.6   2   2   0.00011     0.003   15.0   0.1    76   183   165   280   151   286 0.80 -
Pdum_DN63408_c0_g1_i3:4-960      -            319 537718at33208        -            243   5.7e-06   23.9   0.5   1   2   1.6e-06   4.6e-05   20.9   0.1    38   131    35   136     8   146 0.75 -
Pdum_DN63408_c0_g1_i3:4-960      -            319 537718at33208        -            243   5.7e-06   23.9   0.5   2   2       1.8        51    1.1   0.0   115   135   179   199   160   240 0.72 -
Pdum_DN90796_c3_g1_i4:1517-2605  -            363 537718at33208        -            243   6.3e-06   23.7   1.0   1   5       7.5   2.1e+02   -0.9   0.0    64   128     7    34     3    42 0.52 -
Pdum_DN90796_c3_g1_i4:1517-2605  -            363 537718at33208        -            243   6.3e-06   23.7   1.0   2   5      0.93        26    2.1   0.0   104   136    94   126    80   134 0.81 -
Pdum_DN90796_c3_g1_i4:1517-2605  -            363 537718at33208        -            243   6.3e-06   23.7   1.0   3   5       3.1        88    0.3   0.0   125   152   161   188   133   191 0.68 -
Pdum_DN90796_c3_g1_i4:1517-2605  -            363 537718at33208        -            243   6.3e-06   23.7   1.0   4   5   0.00057     0.016   12.6   0.0    36    91   187   249   147   270 0.81 -
Pdum_DN90796_c3_g1_i4:1517-2605  -            363 537718at33208        -            243   6.3e-06   23.7   1.0   5   5      0.32       8.9    3.6   0.0    66   130   333   362   291   363 0.71 -
Pdum_DN67795_c0_g1_i2:1517-2137  -            207 537718at33208        -            243   7.2e-06   23.5   0.3   1   2   5.4e-06   0.00015   19.2   0.1    64   174     2   126     1   148 0.71 -
Pdum_DN67795_c0_g1_i2:1517-2137  -            207 537718at33208        -            243   7.2e-06   23.5   0.3   2   2       2.2        60    0.9   0.0    47    74   156   183   139   203 0.84 -
Pdum_DN74464_c0_g1_i5:1442-2167  -            242 537718at33208        -            243   8.1e-06   23.4   2.3   1   2   1.2e-05   0.00034   18.1   0.3    99   144   104   149    22   177 0.84 -
Pdum_DN74464_c0_g1_i5:1442-2167  -            242 537718at33208        -            243   8.1e-06   23.4   2.3   2   2      0.74        21    2.4   0.1   103   129   200   226   185   236 0.66 -
Pdum_DN83917_c0_g1_i10:2-1282    -            427 537718at33208        -            243   9.9e-06   23.1   0.2   1   3    0.0084      0.23    8.8   0.0    97   133   151   186   139   208 0.81 -
Pdum_DN83917_c0_g1_i10:2-1282    -            427 537718at33208        -            243   9.9e-06   23.1   0.2   2   3    0.0099      0.28    8.5   0.0    56    97   277   321   267   331 0.69 -
Pdum_DN83917_c0_g1_i10:2-1282    -            427 537718at33208        -            243   9.9e-06   23.1   0.2   3   3         1        28    2.0   0.0    31    55   337   361   329   397 0.77 -
Pdum_DN89782_c4_g2_i2:556-4518   -           1321 537718at33208        -            243     1e-05   23.0   0.8   1   3       8.9   2.5e+02   -1.2   0.0    32    52    21    41    12    51 0.85 -
Pdum_DN89782_c4_g2_i2:556-4518   -           1321 537718at33208        -            243     1e-05   23.0   0.8   2   3    0.0064      0.18    9.1   0.0    38    90   110   163   101   175 0.84 -
Pdum_DN89782_c4_g2_i2:556-4518   -           1321 537718at33208        -            243     1e-05   23.0   0.8   3   3    0.0056      0.16    9.3   0.1    19   102   264   355   232   361 0.81 -
Pdum_DN92435_c3_g1_i6:249-854    -            202 537718at33208        -            243   1.1e-05   22.9   1.3   1   1   1.2e-06   3.4e-05   21.3   0.7    30    99    17    90     3   120 0.77 -
Pdum_DN79360_c0_g1_i4:98-2620    -            841 537718at33208        -            243   1.3e-05   22.7   0.0   1   2   2.7e-06   7.4e-05   20.2   0.0    27    90    37   103    18   127 0.84 -
Pdum_DN79360_c0_g1_i4:98-2620    -            841 537718at33208        -            243   1.3e-05   22.7   0.0   2   2         7     2e+02   -0.8   0.0    36    65   176   204   145   210 0.65 -
Pdum_DN80615_c0_g2_i1:231-1205   -            325 537718at33208        -            243   1.6e-05   22.4   0.1   1   2     0.058       1.6    6.0   0.0    60    91    51    82    43   107 0.72 -
Pdum_DN80615_c0_g2_i1:231-1205   -            325 537718at33208        -            243   1.6e-05   22.4   0.1   2   2   0.00022     0.006   14.0   0.0    38    90   126   181   111   187 0.88 -
Pdum_DN87538_c0_g1_i11:59-631    -            191 537718at33208        -            243   1.8e-05   22.2   1.0   1   3     0.004      0.11    9.8   0.1    63    90     4    34     1    52 0.72 -
Pdum_DN87538_c0_g1_i11:59-631    -            191 537718at33208        -            243   1.8e-05   22.2   1.0   2   3    0.0036       0.1   10.0   0.1    35    87    63   121    54   133 0.81 -
Pdum_DN87538_c0_g1_i11:59-631    -            191 537718at33208        -            243   1.8e-05   22.2   1.0   3   3       9.4   2.6e+02   -1.2   0.0    40    51   166   177   161   181 0.85 -
Pdum_DN71483_c1_g1_i1:599-1228   -            210 537718at33208        -            243     2e-05   22.1   0.8   1   1   2.1e-06   5.9e-05   20.5   0.8    61   158    66   183    12   201 0.73 -
Pdum_DN92312_c5_g1_i1:3890-4381  -            164 537718at33208        -            243   4.3e-05   21.0   0.0   1   3       8.4   2.4e+02   -1.1   0.0    60    73     4    17     2    22 0.78 -
Pdum_DN92312_c5_g1_i1:3890-4381  -            164 537718at33208        -            243   4.3e-05   21.0   0.0   2   3   0.00091     0.025   11.9   0.0    35    71    27    63    19    66 0.93 -
Pdum_DN92312_c5_g1_i1:3890-4381  -            164 537718at33208        -            243   4.3e-05   21.0   0.0   3   3     0.062       1.7    5.9   0.0    36   101    76   144    70   152 0.72 -
Pdum_DN90581_c4_g2_i3:17-301     -             95 537718at33208        -            243   4.4e-05   20.9   0.1   1   2   1.5e-05   0.00042   17.8   0.0    97   135    12    52     4    55 0.86 -
Pdum_DN90581_c4_g2_i3:17-301     -             95 537718at33208        -            243   4.4e-05   20.9   0.1   2   2         2        56    1.0   0.0   104   132    65    93    57    95 0.70 -
Pdum_DN92615_c3_g1_i3:1432-2112  -            227 537718at33208        -            243     8e-05   20.1   0.2   1   2     0.017      0.46    7.8   0.0    21    86     8    83     2   136 0.70 -
Pdum_DN92615_c3_g1_i3:1432-2112  -            227 537718at33208        -            243     8e-05   20.1   0.2   2   2    0.0032     0.088   10.2   0.0    31    88   152   215   138   225 0.80 -
Pdum_DN92312_c4_g1_i6:372-914    -            181 537718at33208        -            243   8.3e-05   20.1   0.2   1   2   0.00018     0.005   14.2   0.1    75   141    18    95     8    99 0.72 -
Pdum_DN92312_c4_g1_i6:372-914    -            181 537718at33208        -            243   8.3e-05   20.1   0.2   2   2      0.44        12    3.1   0.0   212   228   161   177   154   181 0.86 -
Pdum_DN74625_c0_g1_i4:613-1299   -            229 537718at33208        -            243    0.0001   19.8   0.1   1   1   6.8e-06   0.00019   18.9   0.1    77   129     1    56     1    69 0.75 -
Pdum_DN84002_c0_g1_i8:796-1551   -            252 537718at33208        -            243   0.00011   19.6   0.1   1   2       5.7   1.6e+02   -0.5   0.0   214   228    11    25     7    39 0.65 -
Pdum_DN84002_c0_g1_i8:796-1551   -            252 537718at33208        -            243   0.00011   19.6   0.1   2   2   3.2e-05   0.00088   16.7   0.1    35    86    58   111    55   119 0.90 -
Pdum_DN71445_c0_g2_i2:766-1509   -            248 537718at33208        -            243   0.00024   18.6   0.0   1   2   0.00016    0.0044   14.4   0.0    38   132     1   104     1   149 0.81 -
Pdum_DN71445_c0_g2_i2:766-1509   -            248 537718at33208        -            243   0.00024   18.6   0.0   2   2      0.97        27    2.0   0.0   104   129   219   244   210   245 0.88 -
Pdum_DN89224_c5_g2_i10:3220-3918 -            233 537718at33208        -            243   0.00039   17.9   0.3   1   1   2.4e-05   0.00066   17.1   0.3    35   137   101   211    74   216 0.77 -
Pdum_DN83063_c0_g1_i6:381-1082   -            234 537718at33208        -            243   0.00042   17.7   0.0   1   3     0.056       1.6    6.1   0.0    38    93     4    61     1   116 0.79 -
Pdum_DN83063_c0_g1_i6:381-1082   -            234 537718at33208        -            243   0.00042   17.7   0.0   2   3       2.6        72    0.6   0.0   217   233   100   116    91   131 0.63 -
Pdum_DN83063_c0_g1_i6:381-1082   -            234 537718at33208        -            243   0.00042   17.7   0.0   3   3     0.016      0.44    7.8   0.0    36    66   185   215   149   225 0.86 -
Pdum_DN86351_c0_g1_i1:4485-5351  -            289 537718at33208        -            243   0.00063   17.2   0.0   1   2    0.0052      0.14    9.4   0.0    35    94   134   199   118   244 0.73 -
Pdum_DN86351_c0_g1_i1:4485-5351  -            289 537718at33208        -            243   0.00063   17.2   0.0   2   2      0.06       1.7    6.0   0.0    47   127   239   285   203   288 0.63 -
Pdum_DN74254_c0_g1_i10:1266-1853 -            196 537718at33208        -            243   0.00095   16.6   0.3   1   2   0.00098     0.027   11.8   0.0    32    94    13    80     6    95 0.80 -
Pdum_DN74254_c0_g1_i10:1266-1853 -            196 537718at33208        -            243   0.00095   16.6   0.3   2   2      0.59        17    2.7   0.1    41    64   105   128    99   165 0.84 -
Pdum_DN80657_c0_g1_i8:864-1619   -            252 537718at33208        -            243    0.0012   16.3   1.1   1   3      0.14       3.8    4.8   0.0   139   174    32    71    20    93 0.79 -
Pdum_DN80657_c0_g1_i8:864-1619   -            252 537718at33208        -            243    0.0012   16.3   1.1   2   3     0.082       2.3    5.5   0.0   127   164   150   187   147   210 0.87 -
Pdum_DN80657_c0_g1_i8:864-1619   -            252 537718at33208        -            243    0.0012   16.3   1.1   3   3      0.97        27    2.0   0.0    35    51   216   232   206   248 0.80 -
Pdum_DN85168_c0_g1_i2:546-2090   -            515 537718at33208        -            243    0.0012   16.3   0.2   1   4       1.2        34    1.7   0.1   102   116    42    56    24   114 0.79 -
Pdum_DN85168_c0_g1_i2:546-2090   -            515 537718at33208        -            243    0.0012   16.3   0.2   2   4       1.2        34    1.7   0.0    18    87   181   252   170   267 0.56 -
Pdum_DN85168_c0_g1_i2:546-2090   -            515 537718at33208        -            243    0.0012   16.3   0.2   3   4       2.6        72    0.6   0.0    22    78   224   286   218   306 0.56 -
Pdum_DN85168_c0_g1_i2:546-2090   -            515 537718at33208        -            243    0.0012   16.3   0.2   4   4     0.045       1.3    6.4   0.0    36    89   340   395   318   400 0.78 -
Pdum_DN70491_c0_g1_i1:1-1254     -            418 537718at33208        -            243    0.0013   16.2   0.2   1   2   0.00065     0.018   12.4   0.0    92   131   177   220   161   228 0.77 -
Pdum_DN70491_c0_g1_i1:1-1254     -            418 537718at33208        -            243    0.0013   16.2   0.2   2   2         4   1.1e+02   -0.0   0.0   116   132   250   266   230   276 0.74 -
Pdum_DN70029_c0_g1_i5:236-670    -            145 537718at33208        -            243    0.0015   15.9   0.1   1   2     0.002     0.055   10.8   0.0    46    88     2    47     1    61 0.82 -
Pdum_DN70029_c0_g1_i5:236-670    -            145 537718at33208        -            243    0.0015   15.9   0.1   2   2      0.82        23    2.2   0.0    63    87   116   143    87   145 0.74 -
Pdum_DN77384_c0_g1_i7:393-935    -            181 537718at33208        -            243    0.0025   15.2   0.0   1   1   0.00012    0.0033   14.8   0.0    36   130    78   180    52   181 0.80 -
Pdum_DN82465_c0_g2_i1:488-1204   -            239 537718at33208        -            243    0.0028   15.1   0.0   1   3       4.7   1.3e+02   -0.2   0.0    39    70     3    34     1    98 0.65 -
Pdum_DN82465_c0_g2_i1:488-1204   -            239 537718at33208        -            243    0.0028   15.1   0.0   2   3     0.031      0.86    6.9   0.0    59    89   112   143   106   152 0.84 -
Pdum_DN82465_c0_g2_i1:488-1204   -            239 537718at33208        -            243    0.0028   15.1   0.0   3   3      0.17       4.6    4.5   0.0    60    87   205   234   182   239 0.68 -
Pdum_DN70256_c0_g1_i2:778-1377   -            200 537718at33208        -            243     0.003   15.0   0.1   1   2     0.054       1.5    6.1   0.0   138   192    38    96    26   107 0.76 -
Pdum_DN70256_c0_g1_i2:778-1377   -            200 537718at33208        -            243     0.003   15.0   0.1   2   2     0.042       1.2    6.5   0.0    28    56   164   194   150   199 0.62 -
Pdum_DN90162_c3_g1_i6:3068-3295  -             76 537718at33208        -            243    0.0051   14.2   0.0   1   1    0.0002    0.0055   14.1   0.0    68   128    11    76     4    76 0.84 -
Pdum_DN91057_c2_g1_i2:7938-8480  -            181 537718at33208        -            243     0.012   13.0   0.0   1   1   0.00057     0.016   12.6   0.0    74   130    52   112    12   123 0.81 -
Pdum_DN80062_c1_g1_i8:396-980    -            195 537718at33208        -            243     0.014   12.8   0.3   1   2     0.057       1.6    6.0   0.1    65    94     2    32     1    95 0.74 -
Pdum_DN80062_c1_g1_i8:396-980    -            195 537718at33208        -            243     0.014   12.8   0.3   2   2      0.12       3.4    5.0   0.0    36    58   118   140   105   174 0.62 -
Pdum_DN77163_c0_g1_i7:250-627    -            126 537718at33208        -            243     0.017   12.5   0.0   1   1   0.00087     0.024   12.0   0.0    36    88    10    66     7    75 0.80 -
Pdum_DN89809_c3_g1_i10:6324-7073 -            250 537718at33208        -            243     0.019   12.4   0.2   1   1    0.0036       0.1    9.9   0.2    65   134    53    87    16   156 0.72 -
Pdum_DN85938_c0_g1_i1:258-608    -            117 537718at33208        -            243     0.029   11.7   0.0   1   1    0.0032     0.088   10.2   0.0   103   136     4    37     1   115 0.80 -
#
# Program:         hmmsearch
# Version:         3.1b2 (February 2015)
# Pipeline mode:   SEARCH
# Query file:      /mnt/f/phylo/WORMS/busco_analysis/busco_downloads/lineages/metazoa_odb10/hmms/537718at33208.hmm
# Target file:     /mnt/f/phylo/WORMS/busco_analysis/metazoa_lineage_result/run_metazoa_odb10/metaeuk_output/initial_results/Platynereis_ref.eggnog_filter.nucl.fasta.modified.fas
# Option settings: hmmsearch --domtblout /mnt/f/phylo/WORMS/busco_analysis/metazoa_lineage_result/run_metazoa_odb10/hmmer_output/initial_run_results/537718at33208.out --cpu 1 /mnt/f/phylo/WORMS/busco_analysis/busco_downloads/lineages/metazoa_odb10/hmms/537718at33208.hmm /mnt/f/phylo/WORMS/busco_analysis/metazoa_lineage_result/run_metazoa_odb10/metaeuk_output/initial_results/Platynereis_ref.eggnog_filter.nucl.fasta.modified.fas 
# Current dir:     /mnt/f/phylo/WORMS/busco_analysis
# Date:            Sun Mar 12 20:42:42 2023
# [ok]
