#                                                                                         --- full sequence --- -------------- this domain -------------   hmm coord   ali coord   env coord
# target name                     accession   tlen query name           accession   qlen   E-value  score  bias   #  of  c-Evalue  i-Evalue  score  bias  from    to  from    to  from    to  acc description of target
#             ------------------- ---------- ----- -------------------- ---------- ----- --------- ------ ----- --- --- --------- --------- ------ ----- ----- ----- ----- ----- ----- ----- ---- ---------------------
Pdum_DN92555_c2_g1_i1:87-461      -            125 547099at33208        -            161   1.9e-60  201.3   4.2   1   1   3.1e-62   2.2e-60  201.2   4.2    18   133     1   122     1   125 0.96 -
Pdum_DN77144_c0_g1_i2:125-631     -            169 547099at33208        -            161   1.4e-34  117.2  14.7   1   3   4.7e-34   3.3e-32  109.5   7.3    67   135     1    70     1   102 0.87 -
Pdum_DN77144_c0_g1_i2:125-631     -            169 547099at33208        -            161   1.4e-34  117.2  14.7   2   3       2.3   1.6e+02   -0.0   0.1   127   146   106   125    89   134 0.72 -
Pdum_DN77144_c0_g1_i2:125-631     -            169 547099at33208        -            161   1.4e-34  117.2  14.7   3   3   0.00084     0.059   11.2   0.2   144   161   151   168   139   168 0.84 -
Pdum_DN74808_c0_g1_i4:5648-7072   -            475 547099at33208        -            161   5.3e-28   95.8   0.0   1   3   4.1e-12   2.9e-10   38.2   0.0    11    72     8    69     3    92 0.92 -
Pdum_DN74808_c0_g1_i4:5648-7072   -            475 547099at33208        -            161   5.3e-28   95.8   0.0   2   3     1e-09   7.1e-08   30.4   0.0     7    73   100   165    93   173 0.88 -
Pdum_DN74808_c0_g1_i4:5648-7072   -            475 547099at33208        -            161   5.3e-28   95.8   0.0   3   3   1.4e-07   9.7e-06   23.5   0.0     7    75   396   464   391   471 0.91 -
Pdum_DN84397_c0_g1_i2:2844-3935   -            364 547099at33208        -            161   3.6e-26   89.9   0.0   1   3   3.3e-07   2.3e-05   22.3   0.0     9    78     6    80     2    90 0.80 -
Pdum_DN84397_c0_g1_i2:2844-3935   -            364 547099at33208        -            161   3.6e-26   89.9   0.0   2   3   4.9e-14   3.5e-12   44.4   0.0     9    77    91   159    84   177 0.90 -
Pdum_DN84397_c0_g1_i2:2844-3935   -            364 547099at33208        -            161   3.6e-26   89.9   0.0   3   3   1.9e-06   0.00014   19.7   0.0    12    72   287   347   280   353 0.88 -
Pdum_DN76623_c1_g1_i7:3858-4985   -            376 547099at33208        -            161   2.8e-18   64.3   0.0   1   4   2.7e-06   0.00019   19.3   0.0     5    81    35   124    31   133 0.74 -
Pdum_DN76623_c1_g1_i7:3858-4985   -            376 547099at33208        -            161   2.8e-18   64.3   0.0   2   4    0.0093      0.65    7.8   0.0    10    47   134   171   127   177 0.89 -
Pdum_DN76623_c1_g1_i7:3858-4985   -            376 547099at33208        -            161   2.8e-18   64.3   0.0   3   4     0.036       2.5    5.9   0.0    50    74   195   219   184   225 0.89 -
Pdum_DN76623_c1_g1_i7:3858-4985   -            376 547099at33208        -            161   2.8e-18   64.3   0.0   4   4   2.5e-08   1.7e-06   25.9   0.0    11    76   299   364   290   374 0.90 -
Pdum_DN76857_c3_g1_i1:2613-3095   -            161 547099at33208        -            161   4.8e-18   63.5   0.5   1   2   1.3e-09   9.3e-08   30.0   0.1    25    78    17    70    13   100 0.83 -
Pdum_DN76857_c3_g1_i1:2613-3095   -            161 547099at33208        -            161   4.8e-18   63.5   0.5   2   2   2.7e-10   1.9e-08   32.3   0.1    15    66   104   155    90   160 0.89 -
Pdum_DN87389_c0_g1_i2:1186-2469   -            428 547099at33208        -            161   8.2e-16   56.2   0.3   1   2   6.9e-09   4.9e-07   27.7   0.1    12    82     1    75     1    90 0.78 -
Pdum_DN87389_c0_g1_i2:1186-2469   -            428 547099at33208        -            161   8.2e-16   56.2   0.3   2   2   1.7e-08   1.2e-06   26.4   0.0    11    78   103   173    95   187 0.90 -
Pdum_DN76652_c0_g1_i4:848-1546    -            233 547099at33208        -            161   6.4e-15   53.3   1.3   1   2   9.5e-10   6.7e-08   30.5   0.5     9    72    14    82     7    92 0.88 -
Pdum_DN76652_c0_g1_i4:848-1546    -            233 547099at33208        -            161   6.4e-15   53.3   1.3   2   2   6.5e-07   4.6e-05   21.3   0.0     6    93   114   207   108   212 0.78 -
Pdum_DN82315_c0_g1_i4:1180-2193   -            338 547099at33208        -            161   2.7e-14   51.3   5.1   1   2   1.6e-10   1.1e-08   33.1   1.1    11    95     1    88     1   154 0.78 -
Pdum_DN82315_c0_g1_i4:1180-2193   -            338 547099at33208        -            161   2.7e-14   51.3   5.1   2   2   2.8e-06    0.0002   19.2   0.0     7    89   169   251   163   266 0.83 -
Pdum_DN73247_c1_g1_i2:1341-1997   -            219 547099at33208        -            161   3.7e-14   50.8   6.6   1   2   1.6e-15   1.1e-13   49.3   0.0    10    79    37   111    30   127 0.85 -
Pdum_DN73247_c1_g1_i2:1341-1997   -            219 547099at33208        -            161   3.7e-14   50.8   6.6   2   2       4.3     3e+02   -0.9   6.9   127   159   161   191   145   209 0.68 -
Pdum_DN81606_c0_g1_i6:6371-6646   -             92 547099at33208        -            161   3.5e-13   47.7   0.0   1   1   6.2e-15   4.4e-13   47.4   0.0    12    71     5    64     2    75 0.91 -
Pdum_DN73755_c4_g2_i2:190-708     -            173 547099at33208        -            161     7e-13   46.7   0.0   1   2   8.1e-08   5.7e-06   24.2   0.0     8    76     1    64     1    88 0.81 -
Pdum_DN73755_c4_g2_i2:190-708     -            173 547099at33208        -            161     7e-13   46.7   0.0   2   2   1.1e-06   7.4e-05   20.6   0.0     6    67    96   154    91   172 0.80 -
Pdum_DN79795_c2_g1_i4:2239-2469   -             77 547099at33208        -            161   6.8e-12   43.5   0.0   1   1     1e-13   7.1e-12   43.4   0.0    14    81     4    76     1    77 0.87 -
Pdum_DN78001_c0_g1_i3:1696-1869   -             58 547099at33208        -            161   7.1e-12   43.4   0.0   1   1   1.1e-13   7.7e-12   43.3   0.0    13    65     2    54     1    57 0.95 -
Pdum_DN86159_c0_g1_i1:3225-3536   -            104 547099at33208        -            161     2e-11   42.0   0.0   1   1   3.4e-13   2.4e-11   41.7   0.0    12   112     1    99     1   104 0.86 -
Pdum_DN90308_c3_g2_i2:1305-1652   -            116 547099at33208        -            161     2e-11   42.0   0.0   1   2     3e-10   2.1e-08   32.2   0.0    14    75     3    67     1    86 0.76 -
Pdum_DN90308_c3_g2_i2:1305-1652   -            116 547099at33208        -            161     2e-11   42.0   0.0   2   2    0.0046      0.33    8.8   0.0     7    39    84   116    77   116 0.88 -
Pdum_DN79448_c0_g1_i6:242-517     -             92 547099at33208        -            161   7.8e-11   40.0   0.0   1   1   1.2e-12   8.4e-11   39.9   0.0    12    90     1    83     1    92 0.87 -
Pdum_DN77047_c0_g1_i3:1775-2164   -            130 547099at33208        -            161   1.1e-10   39.6   0.2   1   2   5.2e-06   0.00037   18.3   0.0     9    74     2    62     1    78 0.87 -
Pdum_DN77047_c0_g1_i3:1775-2164   -            130 547099at33208        -            161   1.1e-10   39.6   0.2   2   2     4e-06   0.00028   18.7   1.1    92   117   104   130    98   130 0.92 -
Pdum_DN86532_c0_g1_i6:1599-1826   -             76 547099at33208        -            161   1.1e-10   39.5   0.0   1   1   1.8e-12   1.3e-10   39.4   0.0    13    76     2    70     1    74 0.84 -
Pdum_DN66438_c0_g1_i3:876-1244    -            123 547099at33208        -            161   2.4e-10   38.4   0.1   1   1   5.1e-11   3.6e-09   34.6   0.1     7   113     5   121     1   123 0.80 -
Pdum_DN86883_c2_g2_i1:2833-3207   -            125 547099at33208        -            161   4.4e-10   37.6   0.0   1   2   5.6e-09     4e-07   28.0   0.0    11    61     5    55     1    79 0.91 -
Pdum_DN86883_c2_g2_i1:2833-3207   -            125 547099at33208        -            161   4.4e-10   37.6   0.0   2   2    0.0076      0.54    8.1   0.0     7    39    93   125    87   125 0.90 -
Pdum_DN76623_c1_g1_i7:4317-4862   -            182 547099at33208        -            161   5.8e-10   37.2   0.0   1   3   1.4e-05     0.001   16.9   0.0    14    81     3    83     1    91 0.72 -
Pdum_DN76623_c1_g1_i7:4317-4862   -            182 547099at33208        -            161   5.8e-10   37.2   0.0   2   3     0.003      0.21    9.4   0.0    10    47    93   130    86   136 0.89 -
Pdum_DN76623_c1_g1_i7:4317-4862   -            182 547099at33208        -            161   5.8e-10   37.2   0.0   3   3     0.014         1    7.2   0.0    49    74   153   178   141   181 0.90 -
Pdum_DN75590_c0_g1_i2:1908-2168   -             87 547099at33208        -            161   8.6e-10   36.7   0.0   1   1   1.4e-11   9.6e-10   36.5   0.0    12    87     1    81     1    86 0.87 -
Pdum_DN83224_c3_g2_i1:2451-2816   -            122 547099at33208        -            161   1.7e-09   35.7   0.0   1   2   7.3e-11   5.1e-09   34.1   0.0    11    62     6    57     1    95 0.82 -
Pdum_DN83224_c3_g2_i1:2451-2816   -            122 547099at33208        -            161   1.7e-09   35.7   0.0   2   2       2.5   1.8e+02   -0.1   0.0    11    38    94   121    84   122 0.79 -
Pdum_DN89836_c1_g1_i3:2774-3037   -             88 547099at33208        -            161   2.2e-09   35.3   0.0   1   1   3.2e-11   2.2e-09   35.3   0.0    10    69    13    72     1    88 0.84 -
Pdum_DN67733_c0_g1_i1:5740-6108   -            123 547099at33208        -            161   3.8e-09   34.6   0.0   1   2   1.5e-08     1e-06   26.6   0.0    12    63     6    57     2    66 0.92 -
Pdum_DN67733_c0_g1_i1:5740-6108   -            123 547099at33208        -            161   3.8e-09   34.6   0.0   2   2     0.028         2    6.2   0.0     5    36    92   123    88   123 0.90 -
Pdum_DN84908_c0_g1_i12:1867-2175  -            103 547099at33208        -            161     5e-09   34.2   0.1   1   1   1.2e-10   8.7e-09   33.4   0.1    10   112     5    99     1   103 0.89 -
Pdum_DN83721_c0_g1_i5:312-2675    -            788 547099at33208        -            161     2e-08   32.2   0.0   1   4     0.043         3    5.6   6.3    20   138    13   135     1   143 0.70 -
Pdum_DN83721_c0_g1_i5:312-2675    -            788 547099at33208        -            161     2e-08   32.2   0.0   2   4      0.53        37    2.1   0.2    35    68   318   351   296   365 0.79 -
Pdum_DN83721_c0_g1_i5:312-2675    -            788 547099at33208        -            161     2e-08   32.2   0.0   3   4   2.8e-10     2e-08   32.2   0.0    10    73   531   594   523   629 0.79 -
Pdum_DN83721_c0_g1_i5:312-2675    -            788 547099at33208        -            161     2e-08   32.2   0.0   4   4      0.16        11    3.8   0.0     6    39   709   742   704   746 0.87 -
Pdum_DN69237_c0_g1_i1:120-1301    -            394 547099at33208        -            161   2.2e-08   32.1  10.1   1   2   4.9e-10   3.5e-08   31.4   0.1    10    92     6    97     2   113 0.81 -
Pdum_DN69237_c0_g1_i1:120-1301    -            394 547099at33208        -            161   2.2e-08   32.1  10.1   2   2     0.027       1.9    6.3   0.4     9    65   157   224   149   311 0.59 -
Pdum_DN70164_c0_g2_i1:210-428     -             73 547099at33208        -            161   4.1e-08   31.2   0.0   1   1   6.2e-10   4.3e-08   31.1   0.0    11    66     4    59     2    73 0.91 -
Pdum_DN86342_c1_g1_i9:1186-1401   -             72 547099at33208        -            161   7.8e-08   30.3   0.0   1   1   1.2e-09   8.5e-08   30.2   0.0    13    76     2    65     1    70 0.93 -
Pdum_DN69702_c0_g4_i1:167-547     -            127 547099at33208        -            161   8.7e-08   30.1   0.0   1   2   2.4e-09   1.7e-07   29.2   0.0    11    73    19    78    10   107 0.86 -
Pdum_DN69702_c0_g4_i1:167-547     -            127 547099at33208        -            161   8.7e-08   30.1   0.0   2   2       9.1   6.4e+02   -1.9   0.0    22    34   105   117    88   119 0.60 -
Pdum_DN65368_c0_g1_i4:1170-1403   -             78 547099at33208        -            161   3.4e-07   28.2   0.0   1   1   5.6e-09   3.9e-07   28.0   0.0    21    72    14    65     5    77 0.80 -
Pdum_DN68166_c1_g1_i4:537-755     -             73 547099at33208        -            161   4.4e-07   27.9   0.0   1   1   6.8e-09   4.8e-07   27.7   0.0    12    78     1    72     1    73 0.91 -
Pdum_DN85772_c0_g1_i3:1745-2029   -             95 547099at33208        -            161   5.7e-07   27.5   0.0   1   1   8.8e-09   6.2e-07   27.4   0.0    12    78     1    67     1    83 0.89 -
Pdum_DN45906_c0_g1_i1:104-307     -             68 547099at33208        -            161   6.9e-07   27.2   0.0   1   1   9.8e-09   6.9e-07   27.2   0.0    18    69     1    52     1    68 0.88 -
Pdum_DN92901_c6_g1_i1:16066-16320 -             85 547099at33208        -            161   7.6e-07   27.1   0.0   1   1   1.3e-08   8.9e-07   26.9   0.0    10    69    10    70     3    80 0.72 -
Pdum_DN89767_c1_g2_i3:8831-9010   -             60 547099at33208        -            161   1.4e-06   26.2   0.0   1   1     2e-08   1.4e-06   26.2   0.0    13    68     2    57     1    60 0.91 -
Pdum_DN70264_c0_g1_i1:1118-1351   -             78 547099at33208        -            161   1.6e-06   26.0   0.0   1   1   2.4e-08   1.7e-06   26.0   0.0    13    71     3    60     1    77 0.82 -
Pdum_DN65122_c0_g1_i1:2987-3289   -            101 547099at33208        -            161   3.1e-06   25.1   0.0   1   1   5.1e-08   3.6e-06   24.9   0.0    12    86     2    82     1    96 0.85 -
Pdum_DN91715_c1_g2_i2:2695-3060   -            122 547099at33208        -            161   9.3e-06   23.5   0.0   1   1   1.8e-07   1.3e-05   23.1   0.0    12    86     1    80     1    84 0.82 -
Pdum_DN76182_c1_g1_i1:881-1321    -            147 547099at33208        -            161   1.2e-05   23.2   0.1   1   1     2e-07   1.4e-05   22.9   0.1     9    71    48   110    40   129 0.90 -
Pdum_DN83455_c0_g1_i1:2407-2658   -             84 547099at33208        -            161   2.3e-05   22.2   0.0   1   1   3.8e-07   2.7e-05   22.1   0.0     1    65     2    62     2    71 0.89 -
Pdum_DN74974_c1_g1_i3:1131-1409   -             93 547099at33208        -            161   3.9e-05   21.5   0.0   1   1   6.2e-07   4.4e-05   21.3   0.0    12    87     1    84     1    88 0.80 -
Pdum_DN88773_c0_g2_i4:596-898     -            101 547099at33208        -            161   0.00011   20.1   0.0   1   1   1.6e-06   0.00011   20.0   0.0     7    75     7    78     1    98 0.85 -
Pdum_DN62132_c0_g1_i1:32-1381     -            450 547099at33208        -            161   0.00012   19.9   0.0   1   1   2.9e-06   0.00021   19.2   0.0     9    75   231   291   224   315 0.82 -
Pdum_DN70379_c0_g1_i14:1472-1894  -            141 547099at33208        -            161   0.00016   19.5   0.0   1   1   2.9e-06    0.0002   19.2   0.0    12    62     4    54     2    82 0.89 -
Pdum_DN86718_c0_g1_i8:4884-5372   -            163 547099at33208        -            161   0.00021   19.2   0.0   1   2     0.023       1.6    6.5   0.0    13    82     2    70     1    74 0.77 -
Pdum_DN86718_c0_g1_i8:4884-5372   -            163 547099at33208        -            161   0.00021   19.2   0.0   2   2   0.00065     0.046   11.5   0.0    10    66    73   128    65   138 0.80 -
Pdum_DN92303_c4_g1_i7:4508-4837   -            110 547099at33208        -            161    0.0003   18.6   0.0   1   2     0.003      0.21    9.4   0.0    11    76     2    66     1    79 0.81 -
Pdum_DN92303_c4_g1_i7:4508-4837   -            110 547099at33208        -            161    0.0003   18.6   0.0   2   2    0.0093      0.66    7.8   0.0     8    38    80   110    75   110 0.88 -
Pdum_DN83614_c0_g1_i3:1720-2064   -            115 547099at33208        -            161   0.00033   18.5   0.1   1   1   7.1e-06    0.0005   17.9   0.1    11    65     2    49     1    72 0.84 -
Pdum_DN85107_c0_g1_i6:3931-4224   -             98 547099at33208        -            161   0.00044   18.1   0.0   1   1   8.9e-06   0.00063   17.6   0.0    10    86     2    77     1    90 0.81 -
Pdum_DN86456_c0_g1_i3:3208-4017   -            270 547099at33208        -            161   0.00063   17.6   0.0   1   1   1.3e-05   0.00094   17.0   0.0     7    62   212   265   206   269 0.83 -
Pdum_DN84216_c0_g1_i7:2474-2644   -             57 547099at33208        -            161    0.0038   15.1   0.0   1   1   5.8e-05    0.0041   14.9   0.0    12    69     1    53     1    57 0.89 -
Pdum_DN62329_c0_g1_i1:474-686     -             71 547099at33208        -            161    0.0044   14.8   0.1   1   1   7.3e-05    0.0051   14.6   0.1    24    73    13    59     3    62 0.85 -
Pdum_DN92901_c6_g1_i1:14710-15027 -            106 547099at33208        -            161    0.0054   14.6   0.1   1   2   0.00049     0.034   11.9   0.0    11    75     2    63     1    76 0.85 -
Pdum_DN92901_c6_g1_i1:14710-15027 -            106 547099at33208        -            161    0.0054   14.6   0.1   2   2       1.1        79    1.0   0.0    10    36    80   106    72   106 0.87 -
Pdum_DN91619_c4_g1_i11:1277-1597  -            107 547099at33208        -            161      0.12   10.1  27.9   1   5       1.3        94    0.8   1.0   101   112     2    13     1    20 0.82 -
Pdum_DN91619_c4_g1_i11:1277-1597  -            107 547099at33208        -            161      0.12   10.1  27.9   2   5     0.039       2.8    5.7   2.1    96   117    17    39    10    44 0.76 -
Pdum_DN91619_c4_g1_i11:1277-1597  -            107 547099at33208        -            161      0.12   10.1  27.9   3   5     0.022       1.6    6.5   0.7   100   112    46    58    40    67 0.79 -
Pdum_DN91619_c4_g1_i11:1277-1597  -            107 547099at33208        -            161      0.12   10.1  27.9   4   5     0.072       5.1    4.9   0.9   100   112    67    79    59    87 0.82 -
Pdum_DN91619_c4_g1_i11:1277-1597  -            107 547099at33208        -            161      0.12   10.1  27.9   5   5    0.0017      0.12   10.2   0.6    98   113    88   103    84   107 0.82 -
Pdum_DN56418_c0_g1_i1:398-646     -             83 547099at33208        -            161       7.5    4.3   9.9   1   3      0.31        22    2.8   0.4    99   117    12    31     2    39 0.73 -
Pdum_DN56418_c0_g1_i1:398-646     -             83 547099at33208        -            161       7.5    4.3   9.9   2   3       1.7   1.2e+02    0.4   0.2   101   111    41    51    31    65 0.79 -
Pdum_DN56418_c0_g1_i1:398-646     -             83 547099at33208        -            161       7.5    4.3   9.9   3   3     0.017       1.2    7.0   0.5   100   112    67    79    62    83 0.84 -
#
# Program:         hmmsearch
# Version:         3.1b2 (February 2015)
# Pipeline mode:   SEARCH
# Query file:      /mnt/f/phylo/WORMS/busco_analysis/busco_downloads/lineages/metazoa_odb10/hmms/547099at33208.hmm
# Target file:     /mnt/f/phylo/WORMS/busco_analysis/metazoa_lineage_result/run_metazoa_odb10/metaeuk_output/initial_results/Platynereis_ref.eggnog_filter.nucl.fasta.modified.fas
# Option settings: hmmsearch --domtblout /mnt/f/phylo/WORMS/busco_analysis/metazoa_lineage_result/run_metazoa_odb10/hmmer_output/initial_run_results/547099at33208.out --cpu 1 /mnt/f/phylo/WORMS/busco_analysis/busco_downloads/lineages/metazoa_odb10/hmms/547099at33208.hmm /mnt/f/phylo/WORMS/busco_analysis/metazoa_lineage_result/run_metazoa_odb10/metaeuk_output/initial_results/Platynereis_ref.eggnog_filter.nucl.fasta.modified.fas 
# Current dir:     /mnt/f/phylo/WORMS/busco_analysis
# Date:            Sun Mar 12 20:42:43 2023
# [ok]
