#                                                                                        --- full sequence --- -------------- this domain -------------   hmm coord   ali coord   env coord
# target name                    accession   tlen query name           accession   qlen   E-value  score  bias   #  of  c-Evalue  i-Evalue  score  bias  from    to  from    to  from    to  acc description of target
#            ------------------- ---------- ----- -------------------- ---------- ----- --------- ------ ----- --- --- --------- --------- ------ ----- ----- ----- ----- ----- ----- ----- ---- ---------------------
Pdum_DN83810_c0_g2_i4:218-1060   -            281 553411at33208        -            163     8e-62  205.7  24.5   1   3   3.3e-62   6.6e-59  196.2   5.4     1   125     1   147     1   151 0.90 -
Pdum_DN83810_c0_g2_i4:218-1060   -            281 553411at33208        -            163     8e-62  205.7  24.5   2   3     0.031        62    1.2   0.0   124   152   166   194   161   199 0.81 -
Pdum_DN83810_c0_g2_i4:218-1060   -            281 553411at33208        -            163     8e-62  205.7  24.5   3   3   5.6e-07    0.0011   16.6   6.8   136   162   200   226   187   228 0.88 -
Pdum_DN91619_c4_g1_i11:1277-1597 -            107 553411at33208        -            163       6.3    4.4  23.2   1   5     0.004       8.1    4.0   0.5   104   120     2    16     1    20 0.83 -
Pdum_DN91619_c4_g1_i11:1277-1597 -            107 553411at33208        -            163       6.3    4.4  23.2   2   5   0.00021      0.43    8.2   0.7   104   117    22    35    18    42 0.87 -
Pdum_DN91619_c4_g1_i11:1277-1597 -            107 553411at33208        -            163       6.3    4.4  23.2   3   5      0.01        21    2.7   0.4   104   120    47    61    40    67 0.84 -
Pdum_DN91619_c4_g1_i11:1277-1597 -            107 553411at33208        -            163       6.3    4.4  23.2   4   5    0.0071        14    3.2   0.1   101   122    65    84    62    90 0.82 -
Pdum_DN91619_c4_g1_i11:1277-1597 -            107 553411at33208        -            163       6.3    4.4  23.2   5   5     0.022        45    1.6   0.4   104   121    91   106    84   107 0.86 -
#
# Program:         hmmsearch
# Version:         3.1b2 (February 2015)
# Pipeline mode:   SEARCH
# Query file:      /mnt/f/phylo/WORMS/busco_analysis/busco_downloads/lineages/metazoa_odb10/hmms/553411at33208.hmm
# Target file:     /mnt/f/phylo/WORMS/busco_analysis/metazoa_lineage_result/run_metazoa_odb10/metaeuk_output/initial_results/Platynereis_ref.eggnog_filter.nucl.fasta.modified.fas
# Option settings: hmmsearch --domtblout /mnt/f/phylo/WORMS/busco_analysis/metazoa_lineage_result/run_metazoa_odb10/hmmer_output/initial_run_results/553411at33208.out --cpu 1 /mnt/f/phylo/WORMS/busco_analysis/busco_downloads/lineages/metazoa_odb10/hmms/553411at33208.hmm /mnt/f/phylo/WORMS/busco_analysis/metazoa_lineage_result/run_metazoa_odb10/metaeuk_output/initial_results/Platynereis_ref.eggnog_filter.nucl.fasta.modified.fas 
# Current dir:     /mnt/f/phylo/WORMS/busco_analysis
# Date:            Sun Mar 12 20:42:44 2023
# [ok]
