#                                                                                         --- full sequence --- -------------- this domain -------------   hmm coord   ali coord   env coord
# target name                     accession   tlen query name           accession   qlen   E-value  score  bias   #  of  c-Evalue  i-Evalue  score  bias  from    to  from    to  from    to  acc description of target
#             ------------------- ---------- ----- -------------------- ---------- ----- --------- ------ ----- --- --- --------- --------- ------ ----- ----- ----- ----- ----- ----- ----- ---- ---------------------
Pdum_DN70847_c1_g1_i3:1561-2280   -            240 553585at33208        -            207   2.5e-95  315.7   2.8   1   2   7.8e-89   3.2e-87  289.2   1.3     1   176     1   180     1   191 0.95 -
Pdum_DN70847_c1_g1_i3:1561-2280   -            240 553585at33208        -            207   2.5e-95  315.7   2.8   2   2   2.5e-08     1e-06   26.3   0.0   177   207   207   237   197   237 0.92 -
Pdum_DN86193_c0_g1_i2:3136-4725   -            530 553585at33208        -            207   7.2e-16   56.2  35.9   1   7   0.00034     0.014   12.8   0.1    48   120     3    77     1    82 0.86 -
Pdum_DN86193_c0_g1_i2:3136-4725   -            530 553585at33208        -            207   7.2e-16   56.2  35.9   2   7   0.00035     0.014   12.7   3.3    29    98    79   150    76   171 0.73 -
Pdum_DN86193_c0_g1_i2:3136-4725   -            530 553585at33208        -            207   7.2e-16   56.2  35.9   3   7   1.5e-05   0.00061   17.2   2.3    43   114   165   241   158   249 0.81 -
Pdum_DN86193_c0_g1_i2:3136-4725   -            530 553585at33208        -            207   7.2e-16   56.2  35.9   4   7   1.4e-05   0.00056   17.3   0.5    42   143   260   361   250   361 0.80 -
Pdum_DN86193_c0_g1_i2:3136-4725   -            530 553585at33208        -            207   7.2e-16   56.2  35.9   5   7    0.0052      0.21    8.9   4.5    46   124   336   416   329   436 0.74 -
Pdum_DN86193_c0_g1_i2:3136-4725   -            530 553585at33208        -            207   7.2e-16   56.2  35.9   6   7      0.89        36    1.6   0.3    49    97   410   461   399   466 0.75 -
Pdum_DN86193_c0_g1_i2:3136-4725   -            530 553585at33208        -            207   7.2e-16   56.2  35.9   7   7     0.034       1.4    6.3   0.2    38    79   472   515   455   529 0.69 -
Pdum_DN91221_c0_g1_i5:6867-7259   -            131 553585at33208        -            207   2.5e-15   54.4   0.1   1   1   6.7e-17   2.7e-15   54.3   0.1    46   173     1   131     1   131 0.92 -
Pdum_DN79850_c0_g2_i4:2801-3193   -            131 553585at33208        -            207   3.9e-15   53.8   1.3   1   1     1e-16   4.2e-15   53.7   1.3    30   155     1   129     1   131 0.87 -
Pdum_DN77199_c0_g1_i3:1160-1570   -            137 553585at33208        -            207   1.1e-14   52.3   4.4   1   1   3.4e-16   1.4e-14   52.0   4.4    30   156     9   134     1   136 0.86 -
Pdum_DN91306_c4_g1_i1:4747-5205   -            153 553585at33208        -            207   1.7e-14   51.7   0.0   1   1     5e-16     2e-14   51.4   0.0    27   163     5   149     2   153 0.81 -
Pdum_DN69949_c0_g1_i4:629-1066    -            146 553585at33208        -            207   1.1e-11   42.5   3.8   1   1     1e-12   4.1e-11   40.6   3.8    48   155    31   146    23   146 0.77 -
Pdum_DN60718_c0_g1_i1:294-905     -            204 553585at33208        -            207     2e-11   41.7   1.5   1   1   6.1e-13   2.5e-11   41.4   1.5    48   161    27   142    12   163 0.84 -
Pdum_DN91875_c1_g1_i1:557-1504    -            316 553585at33208        -            207   2.8e-11   41.2  22.8   1   5   1.9e-07   7.8e-06   23.4   2.9    47   147     5   105     1   113 0.81 -
Pdum_DN91875_c1_g1_i1:557-1504    -            316 553585at33208        -            207   2.8e-11   41.2  22.8   2   5    0.0018     0.075   10.4   0.2    53    97   108   151   101   158 0.85 -
Pdum_DN91875_c1_g1_i1:557-1504    -            316 553585at33208        -            207   2.8e-11   41.2  22.8   3   5    0.0041      0.17    9.3   2.9    59   114   161   219   157   227 0.83 -
Pdum_DN91875_c1_g1_i1:557-1504    -            316 553585at33208        -            207   2.8e-11   41.2  22.8   4   5      0.73        30    1.9   0.0    62   101   212   252   205   264 0.75 -
Pdum_DN91875_c1_g1_i1:557-1504    -            316 553585at33208        -            207   2.8e-11   41.2  22.8   5   5    0.0083      0.34    8.3   0.7    45    92   265   314   240   316 0.83 -
Pdum_DN88556_c2_g1_i1:264-1802    -            513 553585at33208        -            207   2.9e-11   41.1  30.4   1   6    0.0011     0.043   11.2   1.1    47   114     2    74     1    76 0.81 -
Pdum_DN88556_c2_g1_i1:264-1802    -            513 553585at33208        -            207   2.9e-11   41.1  30.4   2   6   0.00048      0.02   12.3   0.2    56   119    61   127    49   138 0.75 -
Pdum_DN88556_c2_g1_i1:264-1802    -            513 553585at33208        -            207   2.9e-11   41.1  30.4   3   6   1.4e-06   5.9e-05   20.5   8.6    39   105   162   230   131   250 0.81 -
Pdum_DN88556_c2_g1_i1:264-1802    -            513 553585at33208        -            207   2.9e-11   41.1  30.4   4   6     0.023      0.94    6.8   2.7    40   107   211   281   210   297 0.83 -
Pdum_DN88556_c2_g1_i1:264-1802    -            513 553585at33208        -            207   2.9e-11   41.1  30.4   5   6    0.0016     0.067   10.5   0.2    46   121   290   368   282   374 0.52 -
Pdum_DN88556_c2_g1_i1:264-1802    -            513 553585at33208        -            207   2.9e-11   41.1  30.4   6   6       5.9   2.4e+02   -1.1   0.4    62   116   422   475   416   503 0.64 -
Pdum_DN89910_c5_g1_i3:2314-2991   -            226 553585at33208        -            207   1.1e-10   39.2   5.3   1   5      0.38        15    2.8   0.0    45    96     5    54     2    63 0.74 -
Pdum_DN89910_c5_g1_i3:2314-2991   -            226 553585at33208        -            207   1.1e-10   39.2   5.3   2   5     0.018      0.73    7.2   0.0    44    97    48   104    43   104 0.79 -
Pdum_DN89910_c5_g1_i3:2314-2991   -            226 553585at33208        -            207   1.1e-10   39.2   5.3   3   5   0.00015    0.0061   14.0   0.1    40    97    69   128    60   134 0.86 -
Pdum_DN89910_c5_g1_i3:2314-2991   -            226 553585at33208        -            207   1.1e-10   39.2   5.3   4   5   6.6e-05    0.0027   15.1   0.1    47    97   100   152    91   159 0.86 -
Pdum_DN89910_c5_g1_i3:2314-2991   -            226 553585at33208        -            207   1.1e-10   39.2   5.3   5   5   2.3e-06   9.3e-05   19.9   1.2    44   122   145   226   138   226 0.91 -
Pdum_DN78561_c0_g1_i1:1181-2056   -            292 553585at33208        -            207   2.4e-10   38.1  10.8   1   4      0.51        21    2.4   0.0    59   108    24    74    19    82 0.78 -
Pdum_DN78561_c0_g1_i1:1181-2056   -            292 553585at33208        -            207   2.4e-10   38.1  10.8   2   4   5.7e-06   0.00023   18.6   0.2    40   100    79   144    74   170 0.76 -
Pdum_DN78561_c0_g1_i1:1181-2056   -            292 553585at33208        -            207   2.4e-10   38.1  10.8   3   4   0.00049      0.02   12.3   0.4    58    97   175   214   164   220 0.85 -
Pdum_DN78561_c0_g1_i1:1181-2056   -            292 553585at33208        -            207   2.4e-10   38.1  10.8   4   4    0.0024     0.099   10.0   0.3    67   116   235   287   225   292 0.70 -
Pdum_DN71851_c1_g1_i3:1473-1847   -            125 553585at33208        -            207   2.8e-10   37.9   6.9   1   1   2.6e-11   1.1e-09   36.0   6.9    46   155     1   124     1   125 0.76 -
Pdum_DN68102_c1_g1_i3:107-475     -            123 553585at33208        -            207   7.7e-10   36.5   3.8   1   1     2e-11   8.3e-10   36.4   3.8    24   143     3   123     1   123 0.90 -
Pdum_DN92253_c7_g1_i3:6699-7001   -            101 553585at33208        -            207   1.3e-09   35.7   0.1   1   1   3.8e-11   1.5e-09   35.5   0.1    40   114    15    94     4    98 0.87 -
Pdum_DN88406_c0_g2_i1:4425-5549   -            375 553585at33208        -            207   1.4e-09   35.6  27.1   1   6      0.38        16    2.8   0.0    66    98     2    34     1    38 0.92 -
Pdum_DN88406_c0_g2_i1:4425-5549   -            375 553585at33208        -            207   1.4e-09   35.6  27.1   2   6   0.00094     0.038   11.3   0.1    41    91    48   100    39   101 0.85 -
Pdum_DN88406_c0_g2_i1:4425-5549   -            375 553585at33208        -            207   1.4e-09   35.6  27.1   3   6   0.00011    0.0046   14.4   2.0    43    97    98   153    91   162 0.89 -
Pdum_DN88406_c0_g2_i1:4425-5549   -            375 553585at33208        -            207   1.4e-09   35.6  27.1   4   6   9.2e-06   0.00038   17.9   1.3    43   100   169   229   160   246 0.80 -
Pdum_DN88406_c0_g2_i1:4425-5549   -            375 553585at33208        -            207   1.4e-09   35.6  27.1   5   6     0.068       2.8    5.3   2.5    62   116   237   293   224   304 0.71 -
Pdum_DN88406_c0_g2_i1:4425-5549   -            375 553585at33208        -            207   1.4e-09   35.6  27.1   6   6       3.2   1.3e+02   -0.2   0.1    61    99   307   346   284   373 0.65 -
Pdum_DN89549_c1_g1_i8:4400-5491   -            364 553585at33208        -            207   1.6e-09   35.5  20.6   1   5      0.05       2.1    5.7   0.1    59   100    16    57     2    78 0.65 -
Pdum_DN89549_c1_g1_i8:4400-5491   -            364 553585at33208        -            207   1.6e-09   35.5  20.6   2   5      0.11       4.6    4.6   1.8    46    97    73   126    65   134 0.80 -
Pdum_DN89549_c1_g1_i8:4400-5491   -            364 553585at33208        -            207   1.6e-09   35.5  20.6   3   5    0.0019     0.077   10.3   0.3    48   116   147   217   134   226 0.65 -
Pdum_DN89549_c1_g1_i8:4400-5491   -            364 553585at33208        -            207   1.6e-09   35.5  20.6   4   5     0.017      0.68    7.3   0.1    48   113   219   289   216   293 0.73 -
Pdum_DN89549_c1_g1_i8:4400-5491   -            364 553585at33208        -            207   1.6e-09   35.5  20.6   5   5   2.4e-06   9.9e-05   19.8   1.3    19    95   286   361   278   364 0.82 -
Pdum_DN41956_c0_g1_i2:698-1324    -            209 553585at33208        -            207   1.7e-09   35.4  13.3   1   4   0.00035     0.015   12.7   0.3    43    97     2    58     1    69 0.88 -
Pdum_DN41956_c0_g1_i2:698-1324    -            209 553585at33208        -            207   1.7e-09   35.4  13.3   2   4     0.012       0.5    7.7   0.5    46    97    77   135    69   142 0.75 -
Pdum_DN41956_c0_g1_i2:698-1324    -            209 553585at33208        -            207   1.7e-09   35.4  13.3   3   4     0.044       1.8    5.9   0.2    62   101   124   164   117   166 0.83 -
Pdum_DN41956_c0_g1_i2:698-1324    -            209 553585at33208        -            207   1.7e-09   35.4  13.3   4   4     1e-06   4.2e-05   21.0   1.8    45    97   153   207   148   209 0.92 -
Pdum_DN86762_c0_g2_i7:971-1825    -            285 553585at33208        -            207   2.3e-09   35.0  20.9   1   4     0.054       2.2    5.6   0.0    64   102    10    49     4    63 0.75 -
Pdum_DN86762_c0_g2_i7:971-1825    -            285 553585at33208        -            207   2.3e-09   35.0  20.9   2   4   0.00017    0.0069   13.8   6.4    60   131    78   148    66   183 0.81 -
Pdum_DN86762_c0_g2_i7:971-1825    -            285 553585at33208        -            207   2.3e-09   35.0  20.9   3   4   0.00069     0.028   11.8   0.9    48    97   184   235   173   242 0.84 -
Pdum_DN86762_c0_g2_i7:971-1825    -            285 553585at33208        -            207   2.3e-09   35.0  20.9   4   4   0.00057     0.024   12.0   1.1    27    58   234   266   233   285 0.66 -
Pdum_DN82535_c0_g1_i3:253-918     -            222 553585at33208        -            207     3e-09   34.6  13.6   1   3   3.4e-06   0.00014   19.3   0.7    44    97    21    76    14    84 0.82 -
Pdum_DN82535_c0_g1_i3:253-918     -            222 553585at33208        -            207     3e-09   34.6  13.6   2   3   3.6e-05    0.0015   16.0   0.4    38    94    87   145    72   157 0.83 -
Pdum_DN82535_c0_g1_i3:253-918     -            222 553585at33208        -            207     3e-09   34.6  13.6   3   3     0.031       1.3    6.4   1.0    62    99   161   198   155   206 0.78 -
Pdum_DN76481_c1_g1_i2:2536-3198   -            221 553585at33208        -            207   7.1e-09   33.3  11.1   1   4   0.00022    0.0089   13.4   1.0    46    98    14    67    10    82 0.81 -
Pdum_DN76481_c1_g1_i2:2536-3198   -            221 553585at33208        -            207   7.1e-09   33.3  11.1   2   4   0.00063     0.026   11.9   0.5    48   103    63   121    61   126 0.84 -
Pdum_DN76481_c1_g1_i2:2536-3198   -            221 553585at33208        -            207   7.1e-09   33.3  11.1   3   4    0.0051      0.21    8.9   0.1    49    97   112   162   109   170 0.81 -
Pdum_DN76481_c1_g1_i2:2536-3198   -            221 553585at33208        -            207   7.1e-09   33.3  11.1   4   4    0.0012     0.048   11.0   0.1    57    97   170   215   158   219 0.75 -
Pdum_DN83304_c0_g1_i7:701-2119    -            473 553585at33208        -            207     9e-09   33.0  16.8   1   5       2.8   1.1e+02    0.0   0.2    70    96   107   133    84   154 0.72 -
Pdum_DN83304_c0_g1_i7:701-2119    -            473 553585at33208        -            207     9e-09   33.0  16.8   2   5     0.054       2.2    5.6   0.0    39    76   145   182   133   187 0.85 -
Pdum_DN83304_c0_g1_i7:701-2119    -            473 553585at33208        -            207     9e-09   33.0  16.8   3   5   0.00018    0.0073   13.7   0.5    44   141   172   277   167   287 0.78 -
Pdum_DN83304_c0_g1_i7:701-2119    -            473 553585at33208        -            207     9e-09   33.0  16.8   4   5   6.2e-06   0.00025   18.5   1.4    46   106   299   361   278   385 0.85 -
Pdum_DN83304_c0_g1_i7:701-2119    -            473 553585at33208        -            207     9e-09   33.0  16.8   5   5     0.091       3.7    4.9   0.2    46    95   393   444   371   449 0.76 -
Pdum_DN88721_c1_g1_i8:1846-3393   -            516 553585at33208        -            207   1.9e-08   31.9  22.0   1   6     0.021      0.88    6.9   0.3    44   117    23   101     1   108 0.71 -
Pdum_DN88721_c1_g1_i8:1846-3393   -            516 553585at33208        -            207   1.9e-08   31.9  22.0   2   6       6.3   2.6e+02   -1.2   0.3    47    99   152   211   146   238 0.56 -
Pdum_DN88721_c1_g1_i8:1846-3393   -            516 553585at33208        -            207   1.9e-08   31.9  22.0   3   6   1.6e-05   0.00065   17.1   0.6    46   113   252   322   244   330 0.79 -
Pdum_DN88721_c1_g1_i8:1846-3393   -            516 553585at33208        -            207   1.9e-08   31.9  22.0   4   6       1.5        61    0.9   0.0    44    78   320   354   313   371 0.80 -
Pdum_DN88721_c1_g1_i8:1846-3393   -            516 553585at33208        -            207   1.9e-08   31.9  22.0   5   6      0.55        22    2.3   0.0    41    61   385   405   369   410 0.84 -
Pdum_DN88721_c1_g1_i8:1846-3393   -            516 553585at33208        -            207   1.9e-08   31.9  22.0   6   6   2.3e-05   0.00093   16.6   2.2    40   124   407   491   396   514 0.78 -
Pdum_DN88145_c1_g2_i1:1609-3027   -            473 553585at33208        -            207     2e-08   31.8  34.8   1   7      0.32        13    3.0   0.1    60    97    20    57     3    63 0.81 -
Pdum_DN88145_c1_g2_i1:1609-3027   -            473 553585at33208        -            207     2e-08   31.8  34.8   2   7     0.056       2.3    5.5   3.0    48   101    54   109    51   125 0.89 -
Pdum_DN88145_c1_g2_i1:1609-3027   -            473 553585at33208        -            207     2e-08   31.8  34.8   3   7   0.00036     0.015   12.7   0.3    54    99   131   179   124   197 0.74 -
Pdum_DN88145_c1_g2_i1:1609-3027   -            473 553585at33208        -            207     2e-08   31.8  34.8   4   7     0.094       3.9    4.8   3.7    45   101   194   252   187   276 0.81 -
Pdum_DN88145_c1_g2_i1:1609-3027   -            473 553585at33208        -            207     2e-08   31.8  34.8   5   7    0.0068      0.28    8.5   0.3    45    89   266   312   255   351 0.70 -
Pdum_DN88145_c1_g2_i1:1609-3027   -            473 553585at33208        -            207     2e-08   31.8  34.8   6   7     0.071       2.9    5.2   0.5    23    87   335   403   312   407 0.68 -
Pdum_DN88145_c1_g2_i1:1609-3027   -            473 553585at33208        -            207     2e-08   31.8  34.8   7   7   0.00015    0.0063   13.9   1.1    40    97   402   461   397   471 0.85 -
Pdum_DN89381_c1_g1_i5:34-936      -            301 553585at33208        -            207   2.4e-08   31.6   7.8   1   3     0.037       1.5    6.1   0.0    47    79     1    35     1    38 0.88 -
Pdum_DN89381_c1_g1_i5:34-936      -            301 553585at33208        -            207   2.4e-08   31.6   7.8   2   3      0.06       2.4    5.5   0.1    58    79    38    59    35    90 0.74 -
Pdum_DN89381_c1_g1_i5:34-936      -            301 553585at33208        -            207   2.4e-08   31.6   7.8   3   3   3.2e-07   1.3e-05   22.6   1.6    37   121   156   245   132   262 0.83 -
Pdum_DN85767_c2_g1_i2:2897-3337   -            147 553585at33208        -            207   6.8e-08   30.1   5.6   1   2     0.096       3.9    4.8   0.1    44    80     2    38     1    45 0.91 -
Pdum_DN85767_c2_g1_i2:2897-3337   -            147 553585at33208        -            207   6.8e-08   30.1   5.6   2   2   2.6e-08   1.1e-06   26.2   3.0    43   116    45   119    39   124 0.94 -
Pdum_DN91775_c3_g1_i1:5136-5582   -            149 553585at33208        -            207   7.1e-08   30.1   4.4   1   2   4.4e-05    0.0018   15.7   0.1    48   101    26    82    14    84 0.80 -
Pdum_DN91775_c3_g1_i1:5136-5582   -            149 553585at33208        -            207   7.1e-08   30.1   4.4   2   2     6e-05    0.0024   15.2   1.6    59   116    87   147    83   148 0.86 -
Pdum_DN90127_c2_g1_i1:4449-5648   -            400 553585at33208        -            207   7.8e-08   29.9   8.0   1   4      0.72        29    1.9   0.0    44    79    16    53     7    61 0.81 -
Pdum_DN90127_c2_g1_i1:4449-5648   -            400 553585at33208        -            207   7.8e-08   29.9   8.0   2   4   0.00049      0.02   12.3   0.7    27    97    46   118    20   130 0.62 -
Pdum_DN90127_c2_g1_i1:4449-5648   -            400 553585at33208        -            207   7.8e-08   29.9   8.0   3   4      0.69        28    2.0   0.0    46   113   136   205   125   214 0.69 -
Pdum_DN90127_c2_g1_i1:4449-5648   -            400 553585at33208        -            207   7.8e-08   29.9   8.0   4   4   1.6e-05   0.00066   17.1   0.3    50   158   230   337   221   375 0.81 -
Pdum_DN84156_c0_g1_i7:1070-2623   -            518 553585at33208        -            207   8.7e-08   29.8  26.9   1   6    0.0026      0.11    9.9   0.2    45   116    26    99    10   100 0.84 -
Pdum_DN84156_c0_g1_i7:1070-2623   -            518 553585at33208        -            207   8.7e-08   29.8  26.9   2   6   0.00015    0.0063   13.9   1.4    43   115    93   167    77   174 0.83 -
Pdum_DN84156_c0_g1_i7:1070-2623   -            518 553585at33208        -            207   8.7e-08   29.8  26.9   3   6    0.0071      0.29    8.5   0.9    40   112   136   207   133   213 0.75 -
Pdum_DN84156_c0_g1_i7:1070-2623   -            518 553585at33208        -            207   8.7e-08   29.8  26.9   4   6    0.0038      0.16    9.3   3.7    43    97   208   262   185   274 0.79 -
Pdum_DN84156_c0_g1_i7:1070-2623   -            518 553585at33208        -            207   8.7e-08   29.8  26.9   5   6       0.2       8.2    3.7   0.2    22    78   373   431   365   436 0.83 -
Pdum_DN84156_c0_g1_i7:1070-2623   -            518 553585at33208        -            207   8.7e-08   29.8  26.9   6   6      0.01      0.43    7.9   0.1    62   114   438   492   428   501 0.72 -
Pdum_DN91963_c4_g1_i1:5807-6181   -            125 553585at33208        -            207     9e-08   29.7   4.1   1   2   2.3e-06   9.4e-05   19.9   0.3    43    97    19    75     7    82 0.84 -
Pdum_DN91963_c4_g1_i1:5807-6181   -            125 553585at33208        -            207     9e-08   29.7   4.1   2   2   0.00055     0.023   12.1   0.6    57    97    83   123    74   125 0.87 -
Pdum_DN77445_c0_g4_i1:354-1061    -            236 553585at33208        -            207   2.6e-07   28.2   4.3   1   2   0.00089     0.036   11.4   0.4    43   122    39    95    11   114 0.57 -
Pdum_DN77445_c0_g4_i1:354-1061    -            236 553585at33208        -            207   2.6e-07   28.2   4.3   2   2   5.5e-06   0.00023   18.6   0.5    16   108   105   195    96   219 0.77 -
Pdum_DN83841_c6_g2_i3:71-1663     -            531 553585at33208        -            207   5.3e-07   27.2   2.1   1   3       5.3   2.2e+02   -0.9   0.1    97   142   362   406   345   422 0.59 -
Pdum_DN83841_c6_g2_i3:71-1663     -            531 553585at33208        -            207   5.3e-07   27.2   2.1   2   3       6.2   2.6e+02   -1.1   0.1    51    87   373   408   362   450 0.58 -
Pdum_DN83841_c6_g2_i3:71-1663     -            531 553585at33208        -            207   5.3e-07   27.2   2.1   3   3   1.3e-08   5.3e-07   27.2   2.1    42   114   455   526   432   531 0.86 -
Pdum_DN73711_c2_g4_i7:642-1112    -            157 553585at33208        -            207   8.4e-07   26.6   1.7   1   1   2.4e-08   9.6e-07   26.4   1.3    36   122    33   124    23   142 0.82 -
Pdum_DN90329_c2_g1_i3:2251-2817   -            189 553585at33208        -            207   9.6e-07   26.4   8.3   1   2   6.1e-05    0.0025   15.2   1.3    42    97    25    82     2    86 0.83 -
Pdum_DN90329_c2_g1_i3:2251-2817   -            189 553585at33208        -            207   9.6e-07   26.4   8.3   2   2   6.6e-05    0.0027   15.1   1.2    32    95    87   152    81   159 0.86 -
Pdum_DN88406_c0_g2_i1:5136-5561   -            142 553585at33208        -            207   1.1e-06   26.2   5.8   1   3     0.043       1.8    5.9   0.0    65    98     5    38     1    46 0.92 -
Pdum_DN88406_c0_g2_i1:5136-5561   -            142 553585at33208        -            207   1.1e-06   26.2   5.8   2   3   0.00016    0.0067   13.8   0.1    40    91    51   104    42   105 0.86 -
Pdum_DN88406_c0_g2_i1:5136-5561   -            142 553585at33208        -            207   1.1e-06   26.2   5.8   3   3    0.0023     0.094   10.1   0.9    43    80   102   140    95   142 0.85 -
Pdum_DN92522_c1_g1_i1:6356-7147   -            264 553585at33208        -            207   1.3e-06   25.9   9.2   1   4       1.4        57    1.0   0.4    41    67    60    87    30   106 0.47 -
Pdum_DN92522_c1_g1_i1:6356-7147   -            264 553585at33208        -            207   1.3e-06   25.9   9.2   2   4   1.2e-05    0.0005   17.5   0.4    41    98   106   163    87   168 0.88 -
Pdum_DN92522_c1_g1_i1:6356-7147   -            264 553585at33208        -            207   1.3e-06   25.9   9.2   3   4    0.0011     0.045   11.1   0.7    51   116   162   229   156   232 0.81 -
Pdum_DN92522_c1_g1_i1:6356-7147   -            264 553585at33208        -            207   1.3e-06   25.9   9.2   4   4      0.37        15    2.9   0.1    40    78   220   259   216   263 0.73 -
Pdum_DN86666_c0_g1_i2:1983-2753   -            257 553585at33208        -            207   1.6e-06   25.6  10.9   1   5     0.017       0.7    7.2   0.0    62   113     4    55     2    75 0.81 -
Pdum_DN86666_c0_g1_i2:1983-2753   -            257 553585at33208        -            207   1.6e-06   25.6  10.9   2   5    0.0013     0.052   10.9   0.1    49   116    37   109    34   110 0.83 -
Pdum_DN86666_c0_g1_i2:1983-2753   -            257 553585at33208        -            207   1.6e-06   25.6  10.9   3   5     0.017       0.7    7.2   0.9    44   109    80   147    74   164 0.76 -
Pdum_DN86666_c0_g1_i2:1983-2753   -            257 553585at33208        -            207   1.6e-06   25.6  10.9   4   5      0.16       6.7    4.0   0.3    40    76   100   138    95   191 0.78 -
Pdum_DN86666_c0_g1_i2:1983-2753   -            257 553585at33208        -            207   1.6e-06   25.6  10.9   5   5   6.9e-05    0.0028   15.0   1.0    57    97   216   256   202   257 0.92 -
Pdum_DN88656_c0_g1_i3:3346-4263   -            306 553585at33208        -            207   1.8e-06   25.5  17.0   1   4       4.7   1.9e+02   -0.7   0.0    43    75    33    66    28    91 0.83 -
Pdum_DN88656_c0_g1_i3:3346-4263   -            306 553585at33208        -            207   1.8e-06   25.5  17.0   2   4   0.00042     0.017   12.5   0.1    61   103   102   144    46   155 0.82 -
Pdum_DN88656_c0_g1_i3:3346-4263   -            306 553585at33208        -            207   1.8e-06   25.5  17.0   3   4   0.00096      0.04   11.3   2.8    27    96   137   209   136   214 0.82 -
Pdum_DN88656_c0_g1_i3:3346-4263   -            306 553585at33208        -            207   1.8e-06   25.5  17.0   4   4    0.0011     0.044   11.2   1.7    41   101   224   287   216   306 0.77 -
Pdum_DN87210_c0_g1_i4:1265-2329   -            355 553585at33208        -            207   2.1e-06   25.3   7.9   1   4   0.00071     0.029   11.7   0.3    51   107    10    68     2   109 0.77 -
Pdum_DN87210_c0_g1_i4:1265-2329   -            355 553585at33208        -            207   2.1e-06   25.3   7.9   2   4   0.00019     0.008   13.6   0.1    44    97   152   208   131   227 0.80 -
Pdum_DN87210_c0_g1_i4:1265-2329   -            355 553585at33208        -            207   2.1e-06   25.3   7.9   3   4      0.63        26    2.1   0.1    59    97   239   277   215   303 0.68 -
Pdum_DN87210_c0_g1_i4:1265-2329   -            355 553585at33208        -            207   2.1e-06   25.3   7.9   4   4       3.4   1.4e+02   -0.3   0.0    62    97   320   355   311   355 0.80 -
Pdum_DN92813_c2_g1_i2:24-689      -            222 553585at33208        -            207   2.2e-06   25.2   2.7   1   2      0.13       5.1    4.4   0.0    59    97    14    52     1    80 0.70 -
Pdum_DN92813_c2_g1_i2:24-689      -            222 553585at33208        -            207   2.2e-06   25.2   2.7   2   2   2.2e-06   8.9e-05   19.9   0.5    49   115   147   217   140   219 0.83 -
Pdum_DN89399_c1_g1_i20:1446-1991  -            182 553585at33208        -            207   2.2e-06   25.2   7.0   1   2      0.13       5.1    4.4   0.5    66    97     4    35     1    56 0.84 -
Pdum_DN89399_c1_g1_i20:1446-1991  -            182 553585at33208        -            207   2.2e-06   25.2   7.0   2   2   2.4e-07   9.9e-06   23.1   1.6    43   102    75   137    51   163 0.82 -
Pdum_DN87210_c0_g1_i4:2156-2596   -            147 553585at33208        -            207   2.3e-06   25.1   2.3   1   2   0.00013    0.0054   14.1   0.3    46   109    27    92    15   101 0.78 -
Pdum_DN87210_c0_g1_i4:2156-2596   -            147 553585at33208        -            207   2.3e-06   25.1   2.3   2   2   0.00079     0.033   11.6   0.2    48    96    96   146    88   147 0.83 -
Pdum_DN77537_c0_g1_i2:993-1934    -            314 553585at33208        -            207   3.9e-06   24.4  19.0   1   4   0.00018    0.0075   13.7   0.3    57   105    34    83    27   100 0.84 -
Pdum_DN77537_c0_g1_i2:993-1934    -            314 553585at33208        -            207   3.9e-06   24.4  19.0   2   4      0.41        17    2.7   0.1   168   194   101   127    94   135 0.89 -
Pdum_DN77537_c0_g1_i2:993-1934    -            314 553585at33208        -            207   3.9e-06   24.4  19.0   3   4      0.17       6.9    4.0   1.2    55   123   127   194   125   219 0.80 -
Pdum_DN77537_c0_g1_i2:993-1934    -            314 553585at33208        -            207   3.9e-06   24.4  19.0   4   4   0.00011    0.0046   14.4   2.6    45   108   233   301   223   314 0.67 -
Pdum_DN87468_c0_g2_i3:294-1007    -            238 553585at33208        -            207   4.6e-06   24.2   7.9   1   3     0.017      0.68    7.3   0.1    43    88    25    73    19    92 0.76 -
Pdum_DN87468_c0_g2_i3:294-1007    -            238 553585at33208        -            207   4.6e-06   24.2   7.9   2   3   4.1e-05    0.0017   15.8   1.9    38   112    94   166    76   170 0.83 -
Pdum_DN87468_c0_g2_i3:294-1007    -            238 553585at33208        -            207   4.6e-06   24.2   7.9   3   3     0.051       2.1    5.7   1.4    40   116   140   221   138   227 0.85 -
Pdum_DN80006_c0_g1_i7:712-1794    -            361 553585at33208        -            207   8.9e-06   23.2  13.0   1   5      0.47        19    2.5   0.0    58    80    21    43     2    54 0.59 -
Pdum_DN80006_c0_g1_i7:712-1794    -            361 553585at33208        -            207   8.9e-06   23.2  13.0   2   5    0.0004     0.017   12.5   0.7    45   116    58   135    48   143 0.83 -
Pdum_DN80006_c0_g1_i7:712-1794    -            361 553585at33208        -            207   8.9e-06   23.2  13.0   3   5       0.5        20    2.4   0.2    50   102   161   215   145   239 0.58 -
Pdum_DN80006_c0_g1_i7:712-1794    -            361 553585at33208        -            207   8.9e-06   23.2  13.0   4   5       1.2        47    1.3   0.1    38    86   223   274   195   294 0.66 -
Pdum_DN80006_c0_g1_i7:712-1794    -            361 553585at33208        -            207   8.9e-06   23.2  13.0   5   5     0.001     0.043   11.2   0.4    33    95   295   359   271   361 0.72 -
Pdum_DN70239_c0_g1_i1:1594-2223   -            210 553585at33208        -            207   1.3e-05   22.7  13.7   1   4     0.005       0.2    9.0   0.9    44   105     4    61     1    68 0.74 -
Pdum_DN70239_c0_g1_i1:1594-2223   -            210 553585at33208        -            207   1.3e-05   22.7  13.7   2   4    0.0011     0.044   11.2   0.4    62   102    80   121    75   135 0.58 -
Pdum_DN70239_c0_g1_i1:1594-2223   -            210 553585at33208        -            207   1.3e-05   22.7  13.7   3   4    0.0068      0.28    8.5   0.3    42    81   130   171   122   175 0.76 -
Pdum_DN70239_c0_g1_i1:1594-2223   -            210 553585at33208        -            207   1.3e-05   22.7  13.7   4   4      0.72        30    1.9   0.1    44    67   176   199   172   210 0.73 -
Pdum_DN84936_c0_g4_i3:47-598      -            184 553585at33208        -            207   1.5e-05   22.5   5.0   1   2      0.11       4.5    4.6   0.1    44    76    11    45     4    52 0.55 -
Pdum_DN84936_c0_g4_i3:47-598      -            184 553585at33208        -            207   1.5e-05   22.5   5.0   2   2   5.4e-06   0.00022   18.7   1.9    44    98    62   118    58   157 0.81 -
Pdum_DN92571_c4_g1_i1:3831-4814   -            328 553585at33208        -            207   1.7e-05   22.3  12.3   1   4    0.0099       0.4    8.0   0.9    47   118     5    79     1   102 0.56 -
Pdum_DN92571_c4_g1_i1:3831-4814   -            328 553585at33208        -            207   1.7e-05   22.3  12.3   2   4   0.00016    0.0066   13.8   1.2    27   101   104   181    98   187 0.86 -
Pdum_DN92571_c4_g1_i1:3831-4814   -            328 553585at33208        -            207   1.7e-05   22.3  12.3   3   4      0.11       4.7    4.5   0.1    39   100   193   258   179   275 0.71 -
Pdum_DN92571_c4_g1_i1:3831-4814   -            328 553585at33208        -            207   1.7e-05   22.3  12.3   4   4         2        81    0.5   0.0    45    68   271   295   255   304 0.74 -
Pdum_DN91775_c3_g1_i1:4479-4844   -            122 553585at33208        -            207   2.3e-05   21.9   6.3   1   2   5.3e-05    0.0022   15.4   0.5    47    97     5    58     2    65 0.86 -
Pdum_DN91775_c3_g1_i1:4479-4844   -            122 553585at33208        -            207   2.3e-05   21.9   6.3   2   2   0.00023    0.0092   13.4   1.1    46    97    53   106    44   119 0.87 -
Pdum_DN88413_c1_g3_i5:1730-2284   -            185 553585at33208        -            207   2.4e-05   21.8  10.7   1   3     0.033       1.3    6.3   1.3    47    97     2    54     1    56 0.49 -
Pdum_DN88413_c1_g3_i5:1730-2284   -            185 553585at33208        -            207   2.4e-05   21.8  10.7   2   3    0.0042      0.17    9.2   2.1    40   115    19   106    13   107 0.69 -
Pdum_DN88413_c1_g3_i5:1730-2284   -            185 553585at33208        -            207   2.4e-05   21.8  10.7   3   3   0.00016    0.0063   13.9   0.7    35    96   117   182   117   184 0.79 -
Pdum_DN71063_c0_g1_i12:4687-5259  -            191 553585at33208        -            207   3.8e-05   21.2   1.2   1   3      0.34        14    3.0   0.0    65   102    38    75    27    88 0.80 -
Pdum_DN71063_c0_g1_i12:4687-5259  -            191 553585at33208        -            207   3.8e-05   21.2   1.2   2   3   2.8e-05    0.0011   16.3   0.3    43   122    86   168    80   172 0.83 -
Pdum_DN71063_c0_g1_i12:4687-5259  -            191 553585at33208        -            207   3.8e-05   21.2   1.2   3   3       1.4        57    1.0   0.0    44    82   159   175   144   188 0.58 -
Pdum_DN91576_c4_g1_i3:2980-3495   -            172 553585at33208        -            207   8.3e-05   20.0   7.4   1   2    0.0017     0.068   10.5   0.5    51   114     2    66     1    79 0.68 -
Pdum_DN91576_c4_g1_i3:2980-3495   -            172 553585at33208        -            207   8.3e-05   20.0   7.4   2   2   0.00029     0.012   13.0   1.7    43   106    65   130    51   140 0.82 -
Pdum_DN83304_c0_g1_i7:1439-1807   -            123 553585at33208        -            207   9.5e-05   19.9   1.1   1   3       1.1        43    1.4   0.0    82    96    15    29     1    38 0.69 -
Pdum_DN83304_c0_g1_i7:1439-1807   -            123 553585at33208        -            207   9.5e-05   19.9   1.1   2   3    0.0074       0.3    8.4   0.1    39    75    41    77    30    82 0.85 -
Pdum_DN83304_c0_g1_i7:1439-1807   -            123 553585at33208        -            207   9.5e-05   19.9   1.1   3   3    0.0017     0.069   10.5   0.1    44    96    68   122    64   123 0.86 -
Pdum_DN66154_c1_g1_i7:584-1195    -            204 553585at33208        -            207   0.00011   19.6   6.3   1   3    0.0086      0.35    8.2   1.7    40   116    16    99     3   124 0.62 -
Pdum_DN66154_c1_g1_i7:584-1195    -            204 553585at33208        -            207   0.00011   19.6   6.3   2   3   0.00046     0.019   12.4   0.5    42    97   120   177    87   185 0.84 -
Pdum_DN66154_c1_g1_i7:584-1195    -            204 553585at33208        -            207   0.00011   19.6   6.3   3   3      0.28        11    3.3   0.0    65    97   169   201   161   203 0.88 -
Pdum_DN86762_c0_g1_i5:1-633       -            211 553585at33208        -            207   0.00011   19.6   5.3   1   3    0.0047      0.19    9.1   0.1    57    97    33    73    14    82 0.81 -
Pdum_DN86762_c0_g1_i5:1-633       -            211 553585at33208        -            207   0.00011   19.6   5.3   2   3     0.022      0.88    6.9   0.7    63    97    87   121    82   140 0.56 -
Pdum_DN86762_c0_g1_i5:1-633       -            211 553585at33208        -            207   0.00011   19.6   5.3   3   3      0.15       6.1    4.1   0.0    45    92   139   188   131   201 0.77 -
Pdum_DN78378_c1_g1_i1:347-766     -            140 553585at33208        -            207   0.00012   19.5   3.1   1   2     0.052       2.1    5.6   0.2    46    94     5    57     2    70 0.79 -
Pdum_DN78378_c1_g1_i1:347-766     -            140 553585at33208        -            207   0.00012   19.5   3.1   2   2   5.6e-05    0.0023   15.3   0.8    48   104    60   119    49   138 0.74 -
Pdum_DN77789_c1_g1_i11:2036-2572  -            179 553585at33208        -            207   0.00014   19.4   3.5   1   2      0.29        12    3.2   0.3    70   122     4    58     1    63 0.52 -
Pdum_DN77789_c1_g1_i11:2036-2572  -            179 553585at33208        -            207   0.00014   19.4   3.5   2   2   3.3e-06   0.00014   19.4   3.5    47   115    52   122    40   153 0.78 -
Pdum_DN70088_c0_g1_i4:987-2129    -            381 553585at33208        -            207   0.00016   19.2   1.1   1   4      0.28        11    3.3   0.0    59    97   103   141    89   150 0.87 -
Pdum_DN70088_c0_g1_i4:987-2129    -            381 553585at33208        -            207   0.00016   19.2   1.1   2   4       1.4        57    1.0   0.3    48   113   162   227   146   242 0.69 -
Pdum_DN70088_c0_g1_i4:987-2129    -            381 553585at33208        -            207   0.00016   19.2   1.1   3   4   3.8e-06   0.00016   19.2   1.1    49   115   260   328   252   332 0.92 -
Pdum_DN70088_c0_g1_i4:987-2129    -            381 553585at33208        -            207   0.00016   19.2   1.1   4   4       1.4        55    1.0   0.2    58    97   340   379   328   381 0.65 -
Pdum_DN91283_c2_g3_i4:368-1279    -            304 553585at33208        -            207   0.00016   19.1  13.0   1   3    0.0013     0.053   10.9   2.6    65   104     6    46     2    53 0.83 -
Pdum_DN91283_c2_g3_i4:368-1279    -            304 553585at33208        -            207   0.00016   19.1  13.0   2   3   0.00016    0.0067   13.8   0.6    33   102    47   121    44   138 0.79 -
Pdum_DN91283_c2_g3_i4:368-1279    -            304 553585at33208        -            207   0.00016   19.1  13.0   3   3       1.6        64    0.8   0.1    44    75   132   166   122   182 0.64 -
Pdum_DN66885_c0_g1_i12:594-1340   -            249 553585at33208        -            207   0.00018   18.9  12.2   1   3   0.00032     0.013   12.9   1.9    67   104     3    41     1    65 0.81 -
Pdum_DN66885_c0_g1_i12:594-1340   -            249 553585at33208        -            207   0.00018   18.9  12.2   2   3   0.00046     0.019   12.4   1.4    45   116    55   132    42   144 0.76 -
Pdum_DN66885_c0_g1_i12:594-1340   -            249 553585at33208        -            207   0.00018   18.9  12.2   3   3       1.2        50    1.2   0.5    40    95   123   178   117   213 0.54 -
Pdum_DN88840_c3_g1_i2:2856-3701   -            282 553585at33208        -            207   0.00022   18.7   0.6   1   3   5.3e-06   0.00022   18.7   0.6    44   101    80   140    62   160 0.83 -
Pdum_DN88840_c3_g1_i2:2856-3701   -            282 553585at33208        -            207   0.00022   18.7   0.6   2   3       3.5   1.4e+02   -0.3   0.3    47    97   156   208   144   217 0.77 -
Pdum_DN88840_c3_g1_i2:2856-3701   -            282 553585at33208        -            207   0.00022   18.7   0.6   3   3      0.24        10    3.5   1.6    57   100   216   259   196   277 0.81 -
Pdum_DN86057_c1_g1_i13:1203-1745  -            181 553585at33208        -            207   0.00023   18.6   0.1   1   1   7.6e-06   0.00031   18.2   0.1    33    99    16    85     5   111 0.80 -
Pdum_DN82557_c0_g2_i3:1284-1808   -            175 553585at33208        -            207   0.00031   18.2   7.8   1   2   8.7e-05    0.0036   14.7   2.6    39   117    19    96     6   108 0.81 -
Pdum_DN82557_c0_g2_i3:1284-1808   -            175 553585at33208        -            207   0.00031   18.2   7.8   2   2      0.02      0.83    7.0   0.3    32    89   111   164    95   175 0.75 -
Pdum_DN85765_c0_g1_i13:2137-3027  -            297 553585at33208        -            207   0.00034   18.1   0.2   1   2      0.11       4.3    4.6   0.0    46    91    72   117    63   127 0.85 -
Pdum_DN85765_c0_g1_i13:2137-3027  -            297 553585at33208        -            207   0.00034   18.1   0.2   2   2    0.0022     0.091   10.1   0.0    59   115   157   214   146   224 0.92 -
Pdum_DN78378_c1_g3_i5:593-2113    -            507 553585at33208        -            207   0.00054   17.4   0.7   1   5       0.5        20    2.4   0.4    65   114    29    78    24   101 0.77 -
Pdum_DN78378_c1_g3_i5:593-2113    -            507 553585at33208        -            207   0.00054   17.4   0.7   2   5      0.55        22    2.3   0.6    32    75    90   137    65   166 0.58 -
Pdum_DN78378_c1_g3_i5:593-2113    -            507 553585at33208        -            207   0.00054   17.4   0.7   3   5       1.8        75    0.6   0.3    65    97   174   206   160   230 0.78 -
Pdum_DN78378_c1_g3_i5:593-2113    -            507 553585at33208        -            207   0.00054   17.4   0.7   4   5      0.58        24    2.2   0.3    59    97   320   358   309   366 0.71 -
Pdum_DN78378_c1_g3_i5:593-2113    -            507 553585at33208        -            207   0.00054   17.4   0.7   5   5   1.3e-05   0.00054   17.4   0.7    45   113   377   448   366   479 0.79 -
Pdum_DN91775_c3_g1_i1:3810-4184   -            125 553585at33208        -            207    0.0006   17.2   1.3   1   2   2.7e-05    0.0011   16.4   1.1    48   119    25    98    15   108 0.76 -
Pdum_DN91775_c3_g1_i1:3810-4184   -            125 553585at33208        -            207    0.0006   17.2   1.3   2   2      0.23       9.4    3.5   0.0    56    97    82   123    72   123 0.85 -
Pdum_DN91576_c4_g1_i3:2317-3696   -            460 553585at33208        -            207   0.00085   16.7  27.7   1   5    0.0011     0.045   11.1   2.8    48    97    42    93    37   120 0.55 -
Pdum_DN91576_c4_g1_i3:2317-3696   -            460 553585at33208        -            207   0.00085   16.7  27.7   2   5    0.0014     0.059   10.7   1.3    46   106   135   197   120   210 0.82 -
Pdum_DN91576_c4_g1_i3:2317-3696   -            460 553585at33208        -            207   0.00085   16.7  27.7   3   5      0.22       8.9    3.6   1.1    58   101   241   284   222   300 0.63 -
Pdum_DN91576_c4_g1_i3:2317-3696   -            460 553585at33208        -            207   0.00085   16.7  27.7   4   5      0.24       9.9    3.5   1.9    48   115   253   322   243   329 0.68 -
Pdum_DN91576_c4_g1_i3:2317-3696   -            460 553585at33208        -            207   0.00085   16.7  27.7   5   5      0.23       9.3    3.6   1.0    39    87   337   387   316   402 0.52 -
Pdum_DN85865_c4_g2_i4:452-1258    -            269 553585at33208        -            207    0.0016   15.8   6.7   1   2     0.002     0.082   10.3   1.6    42   116    19    94     5    99 0.87 -
Pdum_DN85865_c4_g2_i4:452-1258    -            269 553585at33208        -            207    0.0016   15.8   6.7   2   2    0.0076      0.31    8.4   0.3    40    97   133   190   112   209 0.77 -
Pdum_DN89484_c2_g1_i1:31-1038     -            336 553585at33208        -            207    0.0017   15.7   5.5   1   3      0.32        13    3.0   0.1    60   111    64   116    56   132 0.72 -
Pdum_DN89484_c2_g1_i1:31-1038     -            336 553585at33208        -            207    0.0017   15.7   5.5   2   3    0.0013     0.055   10.8   0.1    45   112   227   295   205   302 0.91 -
Pdum_DN89484_c2_g1_i1:31-1038     -            336 553585at33208        -            207    0.0017   15.7   5.5   3   3      0.28        12    3.2   0.3    45    78   301   336   296   336 0.78 -
Pdum_DN76752_c0_g2_i5:2755-3642   -            296 553585at33208        -            207     0.002   15.5   3.2   1   2    0.0075      0.31    8.4   0.2    43    92    10    61     5    91 0.75 -
Pdum_DN76752_c0_g2_i5:2755-3642   -            296 553585at33208        -            207     0.002   15.5   3.2   2   2     0.013      0.54    7.6   0.3    57   120   127   194   104   222 0.77 -
Pdum_DN67653_c1_g1_i1:224-472     -             83 553585at33208        -            207     0.002   15.5   0.2   1   1   4.9e-05     0.002   15.5   0.2    41    97    23    81     2    83 0.88 -
Pdum_DN86563_c0_g1_i1:1290-2321   -            344 553585at33208        -            207    0.0021   15.4  10.7   1   3     0.043       1.8    5.9   0.3    29    73    39    84    24    99 0.72 -
Pdum_DN86563_c0_g1_i1:1290-2321   -            344 553585at33208        -            207    0.0021   15.4  10.7   2   3    0.0017     0.071   10.5   0.6    43   116   101   176    89   184 0.81 -
Pdum_DN86563_c0_g1_i1:1290-2321   -            344 553585at33208        -            207    0.0021   15.4  10.7   3   3     0.052       2.1    5.6   2.1    62   125   167   228   156   253 0.73 -
Pdum_DN88282_c1_g1_i4:924-1898    -            325 553585at33208        -            207    0.0023   15.4  13.0   1   4       3.6   1.5e+02   -0.4   0.1    57    92    14    47     2    53 0.78 -
Pdum_DN88282_c1_g1_i4:924-1898    -            325 553585at33208        -            207    0.0023   15.4  13.0   2   4     0.014      0.58    7.5   1.2    46    97    47   100    20   124 0.83 -
Pdum_DN88282_c1_g1_i4:924-1898    -            325 553585at33208        -            207    0.0023   15.4  13.0   3   4     0.076       3.1    5.1   0.1    36    76   137   179   125   187 0.79 -
Pdum_DN88282_c1_g1_i4:924-1898    -            325 553585at33208        -            207    0.0023   15.4  13.0   4   4    0.0081      0.33    8.3   1.0    60   117   192   252   183   267 0.72 -
Pdum_DN91986_c3_g1_i1:3533-4180   -            216 553585at33208        -            207    0.0028   15.0   6.3   1   3       0.1       4.2    4.7   0.0    61    98     8    43     4    50 0.85 -
Pdum_DN91986_c3_g1_i1:3533-4180   -            216 553585at33208        -            207    0.0028   15.0   6.3   2   3   0.00062     0.025   11.9   1.3    62   109   104   156    93   168 0.78 -
Pdum_DN91986_c3_g1_i1:3533-4180   -            216 553585at33208        -            207    0.0028   15.0   6.3   3   3       6.2   2.5e+02   -1.1   0.1    51    79   162   190   150   211 0.67 -
Pdum_DN78432_c0_g2_i1:2540-3076   -            179 553585at33208        -            207    0.0048   14.3   0.2   1   1   0.00019    0.0078   13.6   0.2    45   114    24    99    18   157 0.75 -
Pdum_DN91762_c2_g1_i3:2341-3438   -            366 553585at33208        -            207    0.0048   14.3  20.2   1   4      0.44        18    2.6   0.2    58    96    33    71    18    75 0.84 -
Pdum_DN91762_c2_g1_i3:2341-3438   -            366 553585at33208        -            207    0.0048   14.3  20.2   2   4      0.16       6.5    4.1   5.8    44   122   119   200    99   206 0.82 -
Pdum_DN91762_c2_g1_i3:2341-3438   -            366 553585at33208        -            207    0.0048   14.3  20.2   3   4    0.0015      0.06   10.7   0.9    45   113   216   286   205   288 0.76 -
Pdum_DN91762_c2_g1_i3:2341-3438   -            366 553585at33208        -            207    0.0048   14.3  20.2   4   4     0.037       1.5    6.1   0.1    37    97   280   342   270   365 0.70 -
Pdum_DN88448_c1_g2_i2:786-1367    -            194 553585at33208        -            207    0.0048   14.3   0.6   1   1   0.00022    0.0091   13.4   0.6    55    97   103   145    91   188 0.81 -
Pdum_DN68362_c1_g1_i7:313-864     -            184 553585at33208        -            207    0.0061   14.0  13.2   1   2    0.0087      0.36    8.2   6.3    46   130     1    91     1   111 0.77 -
Pdum_DN68362_c1_g1_i7:313-864     -            184 553585at33208        -            207    0.0061   14.0  13.2   2   2     0.033       1.4    6.3   3.0    59    98   120   159    91   184 0.62 -
Pdum_DN83423_c0_g1_i3:4390-4932   -            181 553585at33208        -            207    0.0065   13.9   2.5   1   2    0.0093      0.38    8.1   0.4    44    97    49   102    30   109 0.80 -
Pdum_DN83423_c0_g1_i3:4390-4932   -            181 553585at33208        -            207    0.0065   13.9   2.5   2   2     0.017      0.71    7.2   0.2    45    95    96   146    89   152 0.79 -
Pdum_DN77973_c0_g1_i2:2358-2870   -            171 553585at33208        -            207    0.0069   13.8   3.0   1   2    0.0083      0.34    8.2   0.5    62   101     1    41     1    53 0.83 -
Pdum_DN77973_c0_g1_i2:2358-2870   -            171 553585at33208        -            207    0.0069   13.8   3.0   2   2   0.00044     0.018   12.4   1.4    40   103    25    86    20   105 0.88 -
Pdum_DN92789_c3_g1_i1:14856-15131 -             92 553585at33208        -            207    0.0073   13.7   1.1   1   1    0.0002    0.0082   13.5   1.1    39   112    13    91     7    92 0.81 -
Pdum_DN84389_c0_g1_i3:1713-2219   -            169 553585at33208        -            207     0.011   13.1   0.2   1   3      0.61        25    2.1   0.0    59   112    19    72     2    76 0.57 -
Pdum_DN84389_c0_g1_i3:1713-2219   -            169 553585at33208        -            207     0.011   13.1   0.2   2   3     0.036       1.5    6.2   0.1    44   114    26    98    18   104 0.74 -
Pdum_DN84389_c0_g1_i3:1713-2219   -            169 553585at33208        -            207     0.011   13.1   0.2   3   3    0.0021     0.085   10.2   0.1    40    80    70   112    61   129 0.83 -
Pdum_DN91260_c5_g1_i3:3699-4226   -            176 553585at33208        -            207      0.02   12.3   2.8   1   2     0.014      0.56    7.5   0.3    46    78     6    39     2    49 0.85 -
Pdum_DN91260_c5_g1_i3:3699-4226   -            176 553585at33208        -            207      0.02   12.3   2.8   2   2     0.075       3.1    5.1   0.2    53    97    59   106    51   118 0.82 -
Pdum_DN86710_c0_g1_i1:1297-2430   -            378 553585at33208        -            207     0.023   12.1  11.4   1   3    0.0074       0.3    8.4   1.6    43    97    74   130    50   140 0.80 -
Pdum_DN86710_c0_g1_i1:1297-2430   -            378 553585at33208        -            207     0.023   12.1  11.4   2   3       1.5        60    0.9   0.1    62   100   167   206   150   214 0.83 -
Pdum_DN86710_c0_g1_i1:1297-2430   -            378 553585at33208        -            207     0.023   12.1  11.4   3   3     0.012      0.47    7.8   0.2    43    97   219   275   210   296 0.63 -
Pdum_DN71063_c0_g2_i2:770-1015    -             82 553585at33208        -            207     0.023   12.1   0.3   1   1     0.001     0.042   11.2   0.3    68   120     1    54     1    60 0.83 -
Pdum_DN73431_c0_g1_i2:579-1325    -            249 553585at33208        -            207     0.036   11.4   4.0   1   3     0.014      0.57    7.5   1.5    51    99    81   131    50   163 0.67 -
Pdum_DN73431_c0_g1_i2:579-1325    -            249 553585at33208        -            207     0.036   11.4   4.0   2   3     0.033       1.4    6.3   0.4    42    81   120   161   115   180 0.66 -
Pdum_DN73431_c0_g1_i2:579-1325    -            249 553585at33208        -            207     0.036   11.4   4.0   3   3       1.6        66    0.8   0.0    57    94   185   222   171   227 0.88 -
Pdum_DN83762_c0_g1_i1:334-756     -            141 553585at33208        -            207     0.038   11.4   4.1   1   2     0.084       3.5    5.0   0.7    45    97    12    66     2    72 0.79 -
Pdum_DN83762_c0_g1_i1:334-756     -            141 553585at33208        -            207     0.038   11.4   4.1   2   2    0.0024     0.097   10.0   1.0    45   110    60   128    55   138 0.80 -
Pdum_DN85891_c0_g1_i2:2053-2511   -            153 553585at33208        -            207     0.058   10.8   1.7   1   2    0.0053      0.22    8.9   0.7    68   122     5    59     1   111 0.49 -
Pdum_DN85891_c0_g1_i2:2053-2511   -            153 553585at33208        -            207     0.058   10.8   1.7   2   2       1.6        64    0.8   0.0    40    75    96   131    91   147 0.66 -
Pdum_DN76457_c1_g1_i1:0-767       -            256 553585at33208        -            207     0.062   10.7  13.2   1   4   0.00039     0.016   12.6   0.7    44   101     2    59     1    78 0.74 -
Pdum_DN76457_c1_g1_i1:0-767       -            256 553585at33208        -            207     0.062   10.7  13.2   2   4       1.1        46    1.3   0.2    44    80    72   108    65   144 0.82 -
Pdum_DN76457_c1_g1_i1:0-767       -            256 553585at33208        -            207     0.062   10.7  13.2   3   4      0.33        13    3.0   1.1    64    97   164   198   119   218 0.60 -
Pdum_DN76457_c1_g1_i1:0-767       -            256 553585at33208        -            207     0.062   10.7  13.2   4   4       2.7   1.1e+02    0.0   0.1    61    98   216   253   212   255 0.80 -
Pdum_DN80081_c2_g2_i1:505-1170    -            222 553585at33208        -            207     0.069   10.5   6.2   1   3     0.048         2    5.8   1.9    59   119    22    83     2   109 0.60 -
Pdum_DN80081_c2_g2_i1:505-1170    -            222 553585at33208        -            207     0.069   10.5   6.2   2   3      0.08       3.3    5.0   0.3    47   113    58   102    47   126 0.58 -
Pdum_DN80081_c2_g2_i1:505-1170    -            222 553585at33208        -            207     0.069   10.5   6.2   3   3     0.063       2.6    5.4   0.1    65    97   149   181   117   204 0.70 -
Pdum_DN92813_c3_g1_i9:2042-2491   -            150 553585at33208        -            207     0.083   10.2   3.6   1   1    0.0048       0.2    9.0   3.6    47   121    27   107     6   140 0.62 -
Pdum_DN67653_c1_g3_i5:63-980      -            306 553585at33208        -            207      0.11    9.8  10.3   1   3     0.005       0.2    9.0   0.3    48   115    53   123    46   144 0.75 -
Pdum_DN67653_c1_g3_i5:63-980      -            306 553585at33208        -            207      0.11    9.8  10.3   2   3      0.38        16    2.8   2.5    40    83   170   215   145   254 0.63 -
Pdum_DN67653_c1_g3_i5:63-980      -            306 553585at33208        -            207      0.11    9.8  10.3   3   3      0.68        28    2.0   0.3    40    95   243   301   223   305 0.44 -
Pdum_DN84559_c0_g1_i1:4859-6706   -            616 553585at33208        -            207      0.11    9.8  27.0   1   5    0.0058      0.24    8.8   2.8    40   117   180   257   165   266 0.68 -
Pdum_DN84559_c0_g1_i1:4859-6706   -            616 553585at33208        -            207      0.11    9.8  27.0   2   5     0.014      0.58    7.5   2.1    38   109   201   274   193   286 0.77 -
Pdum_DN84559_c0_g1_i1:4859-6706   -            616 553585at33208        -            207      0.11    9.8  27.0   3   5     0.029       1.2    6.5   0.5    43   116   298   374   289   380 0.88 -
Pdum_DN84559_c0_g1_i1:4859-6706   -            616 553585at33208        -            207      0.11    9.8  27.0   4   5     0.055       2.2    5.6   2.9    49   100   422   473   415   490 0.73 -
Pdum_DN84559_c0_g1_i1:4859-6706   -            616 553585at33208        -            207      0.11    9.8  27.0   5   5      0.58        24    2.2   1.1    40   113   482   557   475   570 0.68 -
Pdum_DN91181_c2_g2_i2:1663-2265   -            201 553585at33208        -            207      0.12    9.7  13.7   1   3     0.021      0.87    6.9   1.6    46    98     1    54     1    59 0.84 -
Pdum_DN91181_c2_g2_i2:1663-2265   -            201 553585at33208        -            207      0.12    9.7  13.7   2   3     0.082       3.3    5.0   1.8    45    97    47   101    39   124 0.80 -
Pdum_DN91181_c2_g2_i2:1663-2265   -            201 553585at33208        -            207      0.12    9.7  13.7   3   3      0.02      0.83    7.0   0.5    38    97   141   199   121   200 0.82 -
Pdum_DN78378_c1_g2_i1:372-2222    -            617 553585at33208        -            207      0.14    9.6  40.3   1   7   0.00037     0.015   12.7   2.9    65   118    46    99    40   109 0.83 -
Pdum_DN78378_c1_g2_i1:372-2222    -            617 553585at33208        -            207      0.14    9.6  40.3   2   7       2.7   1.1e+02    0.0   1.0    60   100   113   155   105   177 0.71 -
Pdum_DN78378_c1_g2_i1:372-2222    -            617 553585at33208        -            207      0.14    9.6  40.3   3   7       2.8   1.2e+02   -0.0   0.9    53    98   248   296   230   304 0.70 -
Pdum_DN78378_c1_g2_i1:372-2222    -            617 553585at33208        -            207      0.14    9.6  40.3   4   7      0.11       4.4    4.6   0.7    57    97   329   369   318   378 0.85 -
Pdum_DN78378_c1_g2_i1:372-2222    -            617 553585at33208        -            207      0.14    9.6  40.3   5   7      0.61        25    2.2   0.1    45   106   414   477   397   489 0.77 -
Pdum_DN78378_c1_g2_i1:372-2222    -            617 553585at33208        -            207      0.14    9.6  40.3   6   7     0.066       2.7    5.3   0.1    46    97   489   546   480   557 0.76 -
Pdum_DN78378_c1_g2_i1:372-2222    -            617 553585at33208        -            207      0.14    9.6  40.3   7   7   0.00073      0.03   11.7   0.9    39    97   534   594   522   611 0.85 -
Pdum_DN76175_c3_g2_i1:363-941     -            193 553585at33208        -            207      0.16    9.4  15.1   1   2     0.036       1.5    6.2   1.0    48    99     2    54     1    84 0.75 -
Pdum_DN76175_c3_g2_i1:363-941     -            193 553585at33208        -            207      0.16    9.4  15.1   2   2     0.012      0.48    7.7   4.4    21    75   139   193   134   193 0.85 -
Pdum_DN76106_c0_g2_i1:1212-1994   -            261 553585at33208        -            207       1.7    6.0  11.2   1   3      0.24       9.9    3.5   0.2    58    94    41    76    36    96 0.76 -
Pdum_DN76106_c0_g2_i1:1212-1994   -            261 553585at33208        -            207       1.7    6.0  11.2   2   3      0.71        29    1.9   0.4    59    97    99   137    92   151 0.77 -
Pdum_DN76106_c0_g2_i1:1212-1994   -            261 553585at33208        -            207       1.7    6.0  11.2   3   3     0.032       1.3    6.3   1.2    46   116   160   236   143   242 0.74 -
Pdum_DN87327_c2_g2_i1:23-1717     -            565 553585at33208        -            207       6.4    4.1  14.4   1   4     0.022      0.91    6.9   0.3    67   116     1    53     1    64 0.83 -
Pdum_DN87327_c2_g2_i1:23-1717     -            565 553585at33208        -            207       6.4    4.1  14.4   2   4       3.2   1.3e+02   -0.2   0.1    61    93   229   261   214   267 0.83 -
Pdum_DN87327_c2_g2_i1:23-1717     -            565 553585at33208        -            207       6.4    4.1  14.4   3   4      0.56        23    2.3   0.6    62   113   409   461   392   467 0.79 -
Pdum_DN87327_c2_g2_i1:23-1717     -            565 553585at33208        -            207       6.4    4.1  14.4   4   4       1.6        64    0.8   2.3    42    84   460   504   446   533 0.75 -
#
# Program:         hmmsearch
# Version:         3.1b2 (February 2015)
# Pipeline mode:   SEARCH
# Query file:      /mnt/f/phylo/WORMS/busco_analysis/busco_downloads/lineages/metazoa_odb10/hmms/553585at33208.hmm
# Target file:     /mnt/f/phylo/WORMS/busco_analysis/metazoa_lineage_result/run_metazoa_odb10/metaeuk_output/initial_results/Platynereis_ref.eggnog_filter.nucl.fasta.modified.fas
# Option settings: hmmsearch --domtblout /mnt/f/phylo/WORMS/busco_analysis/metazoa_lineage_result/run_metazoa_odb10/hmmer_output/initial_run_results/553585at33208.out --cpu 1 /mnt/f/phylo/WORMS/busco_analysis/busco_downloads/lineages/metazoa_odb10/hmms/553585at33208.hmm /mnt/f/phylo/WORMS/busco_analysis/metazoa_lineage_result/run_metazoa_odb10/metaeuk_output/initial_results/Platynereis_ref.eggnog_filter.nucl.fasta.modified.fas 
# Current dir:     /mnt/f/phylo/WORMS/busco_analysis
# Date:            Sun Mar 12 20:42:44 2023
# [ok]
