#                                                                                       --- full sequence --- -------------- this domain -------------   hmm coord   ali coord   env coord
# target name                   accession   tlen query name           accession   qlen   E-value  score  bias   #  of  c-Evalue  i-Evalue  score  bias  from    to  from    to  from    to  acc description of target
#           ------------------- ---------- ----- -------------------- ---------- ----- --------- ------ ----- --- --- --------- --------- ------ ----- ----- ----- ----- ----- ----- ----- ---- ---------------------
Pdum_DN89303_c1_g1_i1:2-1951    -            650 557834at33208        -            378  1.1e-129  430.7  23.9   1   5   1.2e-65   2.2e-63  212.5   5.0    19   139     3   135     2   140 0.93 -
Pdum_DN89303_c1_g1_i1:2-1951    -            650 557834at33208        -            378  1.1e-129  430.7  23.9   2   5   7.6e-05     0.014   12.4   0.0   137   188   152   211   144   215 0.82 -
Pdum_DN89303_c1_g1_i1:2-1951    -            650 557834at33208        -            378  1.1e-129  430.7  23.9   3   5   1.2e-59   2.3e-57  192.7   0.1   188   326   361   503   321   522 0.93 -
Pdum_DN89303_c1_g1_i1:2-1951    -            650 557834at33208        -            378  1.1e-129  430.7  23.9   4   5      0.16        31    1.4   0.0   308   340   537   569   533   580 0.83 -
Pdum_DN89303_c1_g1_i1:2-1951    -            650 557834at33208        -            378  1.1e-129  430.7  23.9   5   5   1.1e-05     0.002   15.2   4.8   331   378   590   650   584   650 0.72 -
Pdum_DN86171_c1_g1_i1:80-388    -            103 557834at33208        -            378   1.2e-07   29.1   1.6   1   1   7.2e-10   1.4e-07   28.9   1.6    49   108    15    72     9    85 0.80 -
Pdum_DN66504_c0_g1_i1:893-1309  -            139 557834at33208        -            378   5.7e-06   23.6   1.9   1   1   3.7e-08     7e-06   23.3   1.9    72   107     2    36     1    42 0.83 -
Pdum_DN88786_c1_g1_i5:593-1663  -            357 557834at33208        -            378   9.1e-05   19.6   2.9   1   2   4.7e-07   9.1e-05   19.6   2.9    57   102     4    55     2    62 0.82 -
Pdum_DN88786_c1_g1_i5:593-1663  -            357 557834at33208        -            378   9.1e-05   19.6   2.9   2   2       1.9   3.6e+02   -2.1   7.5    70   143   102   176    92   219 0.79 -
Pdum_DN71086_c0_g1_i3:269-1300  -            344 557834at33208        -            378   0.00018   18.6   1.4   1   1   1.4e-06   0.00028   18.0   1.4    58    91   291   325   285   338 0.82 -
Pdum_DN80620_c1_g2_i1:1-663     -            221 557834at33208        -            378    0.0002   18.5   1.1   1   2     1e-06    0.0002   18.5   1.1    55   114    14    70    10    82 0.86 -
Pdum_DN80620_c1_g2_i1:1-663     -            221 557834at33208        -            378    0.0002   18.5   1.1   2   2       2.7   5.2e+02   -2.7   0.3   124   128   160   164   127   195 0.55 -
Pdum_DN78896_c0_g2_i2:299-820   -            174 557834at33208        -            378   0.00073   16.6   3.4   1   1   4.7e-06    0.0009   16.3   3.4    53   107   116   168   111   174 0.82 -
Pdum_DN82335_c0_g1_i1:4106-4744 -            213 557834at33208        -            378    0.0008   16.5   1.6   1   2   4.2e-06    0.0008   16.5   1.6    56   103     9    58     4    78 0.86 -
Pdum_DN82335_c0_g1_i1:4106-4744 -            213 557834at33208        -            378    0.0008   16.5   1.6   2   2       2.2   4.1e+02   -2.3   0.4    94   111    93   110    80   135 0.56 -
Pdum_DN89987_c0_g1_i1:2225-2920 -            232 557834at33208        -            378    0.0012   15.9   1.0   1   1   6.3e-06    0.0012   15.9   1.0    57   108     5    62     2    80 0.77 -
Pdum_DN92548_c2_g1_i8:2011-2853 -            281 557834at33208        -            378    0.0026   14.8   2.4   1   1   1.4e-05    0.0026   14.8   2.4    57   102     2    46     1    64 0.85 -
Pdum_DN71580_c0_g1_i2:953-1255  -            101 557834at33208        -            378    0.0031   14.6   3.2   1   1   1.8e-05    0.0035   14.4   3.2    57   115     9    63     2    74 0.82 -
Pdum_DN89082_c3_g2_i2:884-1165  -             94 557834at33208        -            378     0.004   14.2   0.5   1   1   2.1e-05     0.004   14.2   0.5    59    89    16    47     4    79 0.79 -
Pdum_DN87666_c0_g1_i4:2296-2532 -             79 557834at33208        -            378    0.0075   13.3   3.6   1   1   4.1e-05    0.0078   13.2   3.6    58    88     2    32     1    57 0.86 -
Pdum_DN63563_c1_g1_i1:44-865    -            274 557834at33208        -            378    0.0088   13.1   0.3   1   1   5.6e-05     0.011   12.8   0.3   179   282    43   155    23   184 0.86 -
Pdum_DN92825_c6_g1_i3:2200-2472 -             91 557834at33208        -            378    0.0091   13.0   0.4   1   1   5.4e-05      0.01   12.8   0.4    72   116    19    63    14    77 0.85 -
Pdum_DN80587_c0_g2_i1:5-601     -            199 557834at33208        -            378     0.012   12.6   7.0   1   1   0.00013     0.024   11.6   7.0    57   103     5    49     1    59 0.87 -
Pdum_DN89614_c2_g1_i5:1654-2160 -            169 557834at33208        -            378     0.017   12.1   4.3   1   1   0.00015     0.028   11.4   4.3    57   102     4    50     2    53 0.83 -
Pdum_DN87453_c1_g1_i1:4135-5076 -            314 557834at33208        -            378     0.031   11.3   4.8   1   1   0.00024     0.047   10.7   4.7    57   101   200   256   178   264 0.71 -
Pdum_DN78106_c0_g1_i2:952-2025  -            358 557834at33208        -            378     0.055   10.5   4.6   1   1    0.0004     0.077   10.0   4.6    58   104   316   358   310   358 0.92 -
Pdum_DN87177_c0_g1_i1:2404-2556 -             51 557834at33208        -            378      0.23    8.4   4.7   1   1    0.0012      0.23    8.4   4.7    72   102    15    46     8    51 0.79 -
Pdum_DN90087_c1_g1_i1:2544-2804 -             87 557834at33208        -            378      0.24    8.4   7.3   1   1    0.0013      0.24    8.3   7.3    72   107    30    68     4    77 0.75 -
#
# Program:         hmmsearch
# Version:         3.1b2 (February 2015)
# Pipeline mode:   SEARCH
# Query file:      /mnt/f/phylo/WORMS/busco_analysis/busco_downloads/lineages/metazoa_odb10/hmms/557834at33208.hmm
# Target file:     /mnt/f/phylo/WORMS/busco_analysis/metazoa_lineage_result/run_metazoa_odb10/metaeuk_output/initial_results/Platynereis_ref.eggnog_filter.nucl.fasta.modified.fas
# Option settings: hmmsearch --domtblout /mnt/f/phylo/WORMS/busco_analysis/metazoa_lineage_result/run_metazoa_odb10/hmmer_output/initial_run_results/557834at33208.out --cpu 1 /mnt/f/phylo/WORMS/busco_analysis/busco_downloads/lineages/metazoa_odb10/hmms/557834at33208.hmm /mnt/f/phylo/WORMS/busco_analysis/metazoa_lineage_result/run_metazoa_odb10/metaeuk_output/initial_results/Platynereis_ref.eggnog_filter.nucl.fasta.modified.fas 
# Current dir:     /mnt/f/phylo/WORMS/busco_analysis
# Date:            Sun Mar 12 20:42:45 2023
# [ok]
