#                                                                                       --- full sequence --- -------------- this domain -------------   hmm coord   ali coord   env coord
# target name                   accession   tlen query name           accession   qlen   E-value  score  bias   #  of  c-Evalue  i-Evalue  score  bias  from    to  from    to  from    to  acc description of target
#           ------------------- ---------- ----- -------------------- ---------- ----- --------- ------ ----- --- --- --------- --------- ------ ----- ----- ----- ----- ----- ----- ----- ---- ---------------------
Pdum_DN74341_c4_g1_i1:2283-5543 -           1087 56573at33208         -            932         0 1366.3   9.5   1   1         0         0 1365.9   9.5     1   922     4  1044     4  1064 0.91 -
Pdum_DN92264_c9_g1_i2:26-2788   -            921 56573at33208         -            932   1.3e-39  133.8   7.7   1   1     2e-42     2e-39  133.2   7.7     1   815     3   921     3   921 0.70 -
Pdum_DN89849_c2_g1_i2:925-2715  -            597 56573at33208         -            932   4.7e-14   49.2   2.6   1   3      0.14   1.4e+02   -1.9   0.0   374   545    69   101    11   140 0.55 -
Pdum_DN89849_c2_g1_i2:925-2715  -            597 56573at33208         -            932   4.7e-14   49.2   2.6   2   3   1.5e-11   1.5e-08   31.0   0.0   250   392   172   322   154   357 0.79 -
Pdum_DN89849_c2_g1_i2:925-2715  -            597 56573at33208         -            932   4.7e-14   49.2   2.6   3   3   1.7e-07   0.00017   17.6   0.3   413   551   450   587   362   596 0.82 -
Pdum_DN92151_c3_g1_i1:831-8831  -           2667 56573at33208         -            932     1e-10   38.2   2.3   1   8     0.014        14    1.3   0.0   789   845   299   356   260   374 0.86 -
Pdum_DN92151_c3_g1_i1:831-8831  -           2667 56573at33208         -            932     1e-10   38.2   2.3   2   8     0.011        11    1.7   0.1   743   865   382   505   370   523 0.69 -
Pdum_DN92151_c3_g1_i1:831-8831  -           2667 56573at33208         -            932     1e-10   38.2   2.3   3   8   6.7e-08   6.7e-05   19.0   0.0   278   379  1489  1589  1467  1624 0.84 -
Pdum_DN92151_c3_g1_i1:831-8831  -           2667 56573at33208         -            932     1e-10   38.2   2.3   4   8    0.0035       3.5    3.3   0.0   793   853  1659  1719  1640  1752 0.83 -
Pdum_DN92151_c3_g1_i1:831-8831  -           2667 56573at33208         -            932     1e-10   38.2   2.3   5   8     0.081        82   -1.2   0.0   797   842  1931  1976  1915  2035 0.68 -
Pdum_DN92151_c3_g1_i1:831-8831  -           2667 56573at33208         -            932     1e-10   38.2   2.3   6   8    0.0044       4.4    3.0   0.0   791   843  2005  2057  1950  2136 0.77 -
Pdum_DN92151_c3_g1_i1:831-8831  -           2667 56573at33208         -            932     1e-10   38.2   2.3   7   8    0.0045       4.6    3.0   0.1   142   342  2016  2210  2006  2218 0.58 -
Pdum_DN92151_c3_g1_i1:831-8831  -           2667 56573at33208         -            932     1e-10   38.2   2.3   8   8      0.33   3.3e+02   -3.2   0.0   795   870  2553  2629  2550  2644 0.84 -
#
# Program:         hmmsearch
# Version:         3.1b2 (February 2015)
# Pipeline mode:   SEARCH
# Query file:      /mnt/f/phylo/WORMS/busco_analysis/busco_downloads/lineages/metazoa_odb10/hmms/56573at33208.hmm
# Target file:     /mnt/f/phylo/WORMS/busco_analysis/metazoa_lineage_result/run_metazoa_odb10/metaeuk_output/initial_results/Platynereis_ref.eggnog_filter.nucl.fasta.modified.fas
# Option settings: hmmsearch --domtblout /mnt/f/phylo/WORMS/busco_analysis/metazoa_lineage_result/run_metazoa_odb10/hmmer_output/initial_run_results/56573at33208.out --cpu 1 /mnt/f/phylo/WORMS/busco_analysis/busco_downloads/lineages/metazoa_odb10/hmms/56573at33208.hmm /mnt/f/phylo/WORMS/busco_analysis/metazoa_lineage_result/run_metazoa_odb10/metaeuk_output/initial_results/Platynereis_ref.eggnog_filter.nucl.fasta.modified.fas 
# Current dir:     /mnt/f/phylo/WORMS/busco_analysis
# Date:            Sun Mar 12 20:42:46 2023
# [ok]
