#                                                                                         --- full sequence --- -------------- this domain -------------   hmm coord   ali coord   env coord
# target name                     accession   tlen query name           accession   qlen   E-value  score  bias   #  of  c-Evalue  i-Evalue  score  bias  from    to  from    to  from    to  acc description of target
#             ------------------- ---------- ----- -------------------- ---------- ----- --------- ------ ----- --- --- --------- --------- ------ ----- ----- ----- ----- ----- ----- ----- ---- ---------------------
Pdum_DN74595_c0_g1_i2:261-1511    -            417 567650at33208        -            214   6.4e-53  176.9  19.6   1   2   1.5e-19   5.2e-18   62.8   0.0     2    50    64   112    63   122 0.94 -
Pdum_DN74595_c0_g1_i2:261-1511    -            417 567650at33208        -            214   6.4e-53  176.9  19.6   2   2   6.3e-35   2.1e-33  113.1  18.1    34   202   117   306   113   316 0.87 -
Pdum_DN84559_c0_g1_i1:4859-6706   -            616 567650at33208        -            214   2.9e-44  148.6  85.4   1   6   1.8e-08   6.2e-07   26.6   0.4   121   186   130   198   122   201 0.86 -
Pdum_DN84559_c0_g1_i1:4859-6706   -            616 567650at33208        -            214   2.9e-44  148.6  85.4   2   6   4.3e-13   1.4e-11   41.8   7.4    87   185   200   312   198   313 0.71 -
Pdum_DN84559_c0_g1_i1:4859-6706   -            616 567650at33208        -            214   2.9e-44  148.6  85.4   3   6   1.1e-13   3.9e-12   43.6   9.3    82   203   241   379   232   382 0.83 -
Pdum_DN84559_c0_g1_i1:4859-6706   -            616 567650at33208        -            214   2.9e-44  148.6  85.4   4   6   2.7e-09     9e-08   29.4   1.7    83   185   311   430   308   433 0.81 -
Pdum_DN84559_c0_g1_i1:4859-6706   -            616 567650at33208        -            214   2.9e-44  148.6  85.4   5   6   1.9e-13   6.5e-12   42.9  16.5    76   200   422   562   386   563 0.80 -
Pdum_DN84559_c0_g1_i1:4859-6706   -            616 567650at33208        -            214   2.9e-44  148.6  85.4   6   6   1.3e-10   4.2e-09   33.7  12.7    77   186   469   593   466   595 0.83 -
Pdum_DN85923_c1_g1_i5:511-1821    -            437 567650at33208        -            214   1.6e-39  133.1  28.4   1   6   2.5e-13   8.5e-12   42.5   6.6    77   201     5   146     3   147 0.83 -
Pdum_DN85923_c1_g1_i5:511-1821    -            437 567650at33208        -            214   1.6e-39  133.1  28.4   2   6   1.6e-12   5.6e-11   39.8   5.3    86   186    84   198    83   198 0.82 -
Pdum_DN85923_c1_g1_i5:511-1821    -            437 567650at33208        -            214   1.6e-39  133.1  28.4   3   6   2.9e-08   9.9e-07   25.9   0.4    85   181   152   239   149   241 0.57 -
Pdum_DN85923_c1_g1_i5:511-1821    -            437 567650at33208        -            214   1.6e-39  133.1  28.4   4   6     0.043       1.4    5.8   0.0    91   118   253   280   250   284 0.91 -
Pdum_DN85923_c1_g1_i5:511-1821    -            437 567650at33208        -            214   1.6e-39  133.1  28.4   5   6   2.1e-16   7.2e-15   52.6   6.3    80   201   301   415   290   417 0.89 -
Pdum_DN85923_c1_g1_i5:511-1821    -            437 567650at33208        -            214   1.6e-39  133.1  28.4   6   6   0.00084     0.028   11.4   0.3    89   116   402   429   398   437 0.75 -
Pdum_DN84156_c0_g1_i7:1070-2623   -            518 567650at33208        -            214   1.3e-36  123.7  48.0   1   6   2.8e-08   9.6e-07   26.0   4.2   128   203     1    81     1    91 0.80 -
Pdum_DN84156_c0_g1_i7:1070-2623   -            518 567650at33208        -            214   1.3e-36  123.7  48.0   2   6   1.2e-16   4.2e-15   53.3  15.0    71   201    47   193    40   195 0.83 -
Pdum_DN84156_c0_g1_i7:1070-2623   -            518 567650at33208        -            214   1.3e-36  123.7  48.0   3   6   7.5e-12   2.5e-10   37.7  12.1    82   184   151   267   150   269 0.81 -
Pdum_DN84156_c0_g1_i7:1070-2623   -            518 567650at33208        -            214   1.3e-36  123.7  48.0   4   6   2.5e-08   8.3e-07   26.2   0.5   126   202   347   428   342   430 0.86 -
Pdum_DN84156_c0_g1_i7:1070-2623   -            518 567650at33208        -            214   1.3e-36  123.7  48.0   5   6     0.028      0.95    6.4   0.0    84   122   409   450   407   453 0.77 -
Pdum_DN84156_c0_g1_i7:1070-2623   -            518 567650at33208        -            214   1.3e-36  123.7  48.0   6   6   2.1e-05   0.00072   16.6   0.1    74   123   445   498   439   513 0.80 -
Pdum_DN86193_c0_g1_i2:3136-4725   -            530 567650at33208        -            214   5.1e-31  105.3  48.3   1   5   6.4e-07   2.2e-05   21.6   0.4   131   202     1    80     1    83 0.80 -
Pdum_DN86193_c0_g1_i2:3136-4725   -            530 567650at33208        -            214   5.1e-31  105.3  48.3   2   5   1.9e-11   6.4e-10   36.4  12.3    77   186    77   204    65   207 0.82 -
Pdum_DN86193_c0_g1_i2:3136-4725   -            530 567650at33208        -            214   5.1e-31  105.3  48.3   3   5   1.6e-08   5.5e-07   26.8   8.8    81   202   176   319   174   356 0.57 -
Pdum_DN86193_c0_g1_i2:3136-4725   -            530 567650at33208        -            214   5.1e-31  105.3  48.3   4   5     4e-07   1.3e-05   22.3  10.6    80   203   320   464   281   468 0.69 -
Pdum_DN86193_c0_g1_i2:3136-4725   -            530 567650at33208        -            214   5.1e-31  105.3  48.3   5   5   9.7e-07   3.3e-05   21.0   3.6    90   162   425   514   419   518 0.64 -
Pdum_DN91469_c5_g2_i1:74-1186     -            371 567650at33208        -            214   1.9e-29  100.2  39.2   1   4   5.9e-11     2e-09   34.8   4.9    78   186    16   140     5   144 0.75 -
Pdum_DN91469_c5_g2_i1:74-1186     -            371 567650at33208        -            214   1.9e-29  100.2  39.2   2   4   3.3e-10   1.1e-08   32.3  10.1    88   186   144   236   140   237 0.89 -
Pdum_DN91469_c5_g2_i1:74-1186     -            371 567650at33208        -            214   1.9e-29  100.2  39.2   3   4   6.3e-15   2.1e-13   47.7   8.7    79   186   207   330   194   331 0.78 -
Pdum_DN91469_c5_g2_i1:74-1186     -            371 567650at33208        -            214   1.9e-29  100.2  39.2   4   4    0.0019     0.063   10.3   0.1    83   116   328   361   327   369 0.86 -
Pdum_DN78698_c0_g1_i1:195-1151    -            319 567650at33208        -            214   2.8e-27   93.1  37.8   1   3   4.2e-12   1.4e-10   38.5  11.4    92   185     3   110     2   111 0.83 -
Pdum_DN78698_c0_g1_i1:195-1151    -            319 567650at33208        -            214   2.8e-27   93.1  37.8   2   3   1.1e-14   3.6e-13   47.0  10.0    71   186    27   134    26   146 0.70 -
Pdum_DN78698_c0_g1_i1:195-1151    -            319 567650at33208        -            214   2.8e-27   93.1  37.8   3   3   1.3e-10   4.3e-09   33.7   1.2    86   187   112   226   111   255 0.63 -
Pdum_DN88721_c1_g1_i8:1846-3393   -            516 567650at33208        -            214   4.6e-27   92.4  53.8   1   6   5.9e-05     0.002   15.1   2.9   127   201    21   100     6   106 0.80 -
Pdum_DN88721_c1_g1_i8:1846-3393   -            516 567650at33208        -            214   4.6e-27   92.4  53.8   2   6     0.027      0.93    6.4   0.1    86   125    87   131    82   138 0.75 -
Pdum_DN88721_c1_g1_i8:1846-3393   -            516 567650at33208        -            214   4.6e-27   92.4  53.8   3   6   1.6e-09   5.5e-08   30.0  11.2    91   203   198   330   151   335 0.74 -
Pdum_DN88721_c1_g1_i8:1846-3393   -            516 567650at33208        -            214   4.6e-27   92.4  53.8   4   6   3.9e-14   1.3e-12   45.2   3.1    89   202   245   373   241   383 0.84 -
Pdum_DN88721_c1_g1_i8:1846-3393   -            516 567650at33208        -            214   4.6e-27   92.4  53.8   5   6   4.3e-12   1.5e-10   38.5   0.3    90   212   292   431   287   432 0.83 -
Pdum_DN88721_c1_g1_i8:1846-3393   -            516 567650at33208        -            214   4.6e-27   92.4  53.8   6   6   1.3e-05   0.00045   17.3   7.2    96   188   390   497   385   515 0.60 -
Pdum_DN92522_c1_g1_i1:6356-7147   -            264 567650at33208        -            214   1.5e-26   90.7  19.3   1   3   2.3e-16   7.8e-15   52.4   8.0    67   188    35   171    20   176 0.85 -
Pdum_DN92522_c1_g1_i1:6356-7147   -            264 567650at33208        -            214   1.5e-26   90.7  19.3   2   3   1.1e-11   3.6e-10   37.2   4.3   127   202   176   256   172   257 0.86 -
Pdum_DN92522_c1_g1_i1:6356-7147   -            264 567650at33208        -            214   1.5e-26   90.7  19.3   3   3     0.018      0.61    7.0   0.1    89   109   242   262   238   264 0.73 -
Pdum_DN92571_c4_g1_i1:3831-4814   -            328 567650at33208        -            214   4.8e-24   82.5  31.9   1   4   1.7e-11   5.6e-10   36.6  12.7    96   201     4   129     1   135 0.52 -
Pdum_DN92571_c4_g1_i1:3831-4814   -            328 567650at33208        -            214   4.8e-24   82.5  31.9   2   4   0.00093     0.031   11.2   0.4    88   113   115   140   113   142 0.90 -
Pdum_DN92571_c4_g1_i1:3831-4814   -            328 567650at33208        -            214   4.8e-24   82.5  31.9   3   4   0.00089      0.03   11.3   5.0    91   124   142   180   136   184 0.85 -
Pdum_DN92571_c4_g1_i1:3831-4814   -            328 567650at33208        -            214   4.8e-24   82.5  31.9   4   4   2.1e-11     7e-10   36.2   0.4    84   170   188   290   184   305 0.80 -
Pdum_DN91675_c4_g1_i3:3400-5013   -            538 567650at33208        -            214   4.3e-23   79.4  55.5   1   4   1.1e-07   3.6e-06   24.1  13.4    88   204    26   163     2   167 0.80 -
Pdum_DN91675_c4_g1_i3:3400-5013   -            538 567650at33208        -            214   4.3e-23   79.4  55.5   2   4   4.3e-10   1.5e-08   31.9   1.0    88   208   175   316   168   320 0.81 -
Pdum_DN91675_c4_g1_i3:3400-5013   -            538 567650at33208        -            214   4.3e-23   79.4  55.5   3   4     0.035       1.2    6.1   0.3    70   125   322   381   318   387 0.78 -
Pdum_DN91675_c4_g1_i3:3400-5013   -            538 567650at33208        -            214   4.3e-23   79.4  55.5   4   4   2.5e-08   8.3e-07   26.2  21.7    87   201   387   522   382   530 0.78 -
Pdum_DN77445_c0_g4_i1:354-1061    -            236 567650at33208        -            214     1e-22   78.2  18.6   1   2   1.6e-12   5.5e-11   39.9   3.3    80   185    25   122    14   124 0.52 -
Pdum_DN77445_c0_g4_i1:354-1061    -            236 567650at33208        -            214     1e-22   78.2  18.6   2   2   5.5e-16   1.9e-14   51.2   7.4    84   203    76   212    73   219 0.82 -
Pdum_DN91871_c1_g1_i7:3931-4680   -            250 567650at33208        -            214   1.1e-21   74.9   5.3   1   2   2.3e-09   7.6e-08   29.6   0.0    77   185     8   131     6   134 0.77 -
Pdum_DN91871_c1_g1_i7:3931-4680   -            250 567650at33208        -            214   1.1e-21   74.9   5.3   2   2   6.3e-13   2.1e-11   41.2   3.4    77   200   124   240   121   249 0.79 -
Pdum_DN86563_c0_g1_i1:1290-2321   -            344 567650at33208        -            214   2.4e-20   70.5  19.0   1   5   1.1e-08   3.7e-07   27.4   3.3   127   203    29   112    21   114 0.84 -
Pdum_DN86563_c0_g1_i1:1290-2321   -            344 567650at33208        -            214   2.4e-20   70.5  19.0   2   5    0.0015     0.052   10.5   0.3    82   117    90   125    84   136 0.75 -
Pdum_DN86563_c0_g1_i1:1290-2321   -            344 567650at33208        -            214   2.4e-20   70.5  19.0   3   5   1.6e-06   5.5e-05   20.3   0.1    77   117   108   148   106   149 0.93 -
Pdum_DN86563_c0_g1_i1:1290-2321   -            344 567650at33208        -            214   2.4e-20   70.5  19.0   4   5   2.9e-07   9.9e-06   22.7   0.4    81   125   135   182   132   184 0.85 -
Pdum_DN86563_c0_g1_i1:1290-2321   -            344 567650at33208        -            214   2.4e-20   70.5  19.0   5   5   1.4e-07   4.7e-06   23.7   2.4    80   130   180   232   176   244 0.85 -
Pdum_DN89549_c1_g1_i8:4400-5491   -            364 567650at33208        -            214   2.4e-20   70.4  35.1   1   4   5.7e-07   1.9e-05   21.7  11.1    84   186    13   133     1   156 0.74 -
Pdum_DN89549_c1_g1_i8:4400-5491   -            364 567650at33208        -            214   2.4e-20   70.4  35.1   2   4   4.4e-08   1.5e-06   25.4   7.5    92   201    69   199    67   204 0.72 -
Pdum_DN89549_c1_g1_i8:4400-5491   -            364 567650at33208        -            214   2.4e-20   70.4  35.1   3   4     3e-10     1e-08   32.4   6.2    78   202   150   296   143   299 0.78 -
Pdum_DN89549_c1_g1_i8:4400-5491   -            364 567650at33208        -            214   2.4e-20   70.4  35.1   4   4   3.1e-06   0.00011   19.3   4.4    88   125   305   343   296   364 0.74 -
Pdum_DN85865_c4_g2_i4:452-1258    -            269 567650at33208        -            214   1.4e-19   68.0  13.1   1   2   1.9e-08   6.5e-07   26.5   3.5   127   185    41   102    31   107 0.83 -
Pdum_DN85865_c4_g2_i4:452-1258    -            269 567650at33208        -            214   1.4e-19   68.0  13.1   2   2     2e-15   6.8e-14   49.4   4.9    83   186    78   197    76   211 0.78 -
Pdum_DN88145_c1_g2_i1:1609-3027   -            473 567650at33208        -            214   8.3e-19   65.4  46.3   1   4    0.0049      0.17    8.9  17.1   152   204    52   109     1   210 0.48 -
Pdum_DN88145_c1_g2_i1:1609-3027   -            473 567650at33208        -            214   8.3e-19   65.4  46.3   2   4   1.2e-06     4e-05   20.7  11.7    75   203   125   272   107   280 0.74 -
Pdum_DN88145_c1_g2_i1:1609-3027   -            473 567650at33208        -            214   8.3e-19   65.4  46.3   3   4   9.8e-10   3.3e-08   30.8   7.4    74   203   269   416   263   422 0.83 -
Pdum_DN88145_c1_g2_i1:1609-3027   -            473 567650at33208        -            214   8.3e-19   65.4  46.3   4   4     0.028      0.95    6.4   0.7    91   124   427   464   420   471 0.59 -
Pdum_DN88556_c2_g1_i1:264-1802    -            513 567650at33208        -            214   1.2e-18   64.8  50.2   1   6   0.00098     0.033   11.2   2.1    97   137     2    55     1    61 0.37 -
Pdum_DN88556_c2_g1_i1:264-1802    -            513 567650at33208        -            214   1.2e-18   64.8  50.2   2   6   2.4e-07   8.1e-06   23.0   7.9    90   202    43   176    37   182 0.75 -
Pdum_DN88556_c2_g1_i1:264-1802    -            513 567650at33208        -            214   1.2e-18   64.8  50.2   3   6   5.2e-05    0.0017   15.3  17.5    90   184   115   227   112   229 0.80 -
Pdum_DN88556_c2_g1_i1:264-1802    -            513 567650at33208        -            214   1.2e-18   64.8  50.2   4   6     0.019      0.64    7.0  12.0    95   143   168   229   164   278 0.41 -
Pdum_DN88556_c2_g1_i1:264-1802    -            513 567650at33208        -            214   1.2e-18   64.8  50.2   5   6   1.9e-09   6.3e-08   29.9   1.7    92   186   286   398   279   409 0.80 -
Pdum_DN88556_c2_g1_i1:264-1802    -            513 567650at33208        -            214   1.2e-18   64.8  50.2   6   6    0.0003      0.01   12.8   0.9    83   141   438   506   417   510 0.60 -
Pdum_DN91875_c1_g1_i1:557-1504    -            316 567650at33208        -            214   1.4e-17   61.4  31.8   1   3   3.8e-09   1.3e-07   28.8   5.5    94   184     2   108     1   110 0.81 -
Pdum_DN91875_c1_g1_i1:557-1504    -            316 567650at33208        -            214   1.4e-17   61.4  31.8   2   3   2.2e-06   7.4e-05   19.8  13.1    87   196    89   192    82   204 0.72 -
Pdum_DN91875_c1_g1_i1:557-1504    -            316 567650at33208        -            214   1.4e-17   61.4  31.8   3   3   6.1e-06   0.00021   18.4   6.0    80   161   202   299   187   316 0.65 -
Pdum_DN87468_c0_g2_i3:294-1007    -            238 567650at33208        -            214   4.5e-17   59.8  23.7   1   3   3.6e-05    0.0012   15.8   0.2    95   142     3    64     1    65 0.41 -
Pdum_DN87468_c0_g2_i3:294-1007    -            238 567650at33208        -            214   4.5e-17   59.8  23.7   2   3   1.5e-11   4.9e-10   36.7  15.2    89   202    46   177    21   186 0.81 -
Pdum_DN87468_c0_g2_i3:294-1007    -            238 567650at33208        -            214   4.5e-17   59.8  23.7   3   3     3e-05     0.001   16.1   1.0    91   131   189   233   178   235 0.79 -
Pdum_DN91223_c8_g3_i5:452-1168    -            239 567650at33208        -            214   4.8e-17   59.7  15.4   1   1   3.2e-15   1.1e-13   48.7  16.0    78   200    70   207    22   210 0.59 -
Pdum_DN91986_c3_g1_i1:3533-4180   -            216 567650at33208        -            214   3.6e-16   56.8  20.9   1   3   2.1e-08   7.1e-07   26.4   6.2    91   184    10   120     4   122 0.78 -
Pdum_DN91986_c3_g1_i1:3533-4180   -            216 567650at33208        -            214   3.6e-16   56.8  20.9   2   3   1.5e-13   5.2e-12   43.2   8.5    91   202    56   186    54   196 0.82 -
Pdum_DN91986_c3_g1_i1:3533-4180   -            216 567650at33208        -            214   3.6e-16   56.8  20.9   3   3      0.79        26    1.7   0.6   116   137   187   208   181   214 0.83 -
Pdum_DN92140_c4_g1_i1:6249-7646   -            466 567650at33208        -            214   4.9e-16   56.4  15.9   1   4   1.3e-07   4.4e-06   23.8   4.3    93   151     1    70     1    79 0.77 -
Pdum_DN92140_c4_g1_i1:6249-7646   -            466 567650at33208        -            214   4.9e-16   56.4  15.9   2   4    0.0014     0.047   10.7   0.1    93   125   165   201   161   232 0.72 -
Pdum_DN92140_c4_g1_i1:6249-7646   -            466 567650at33208        -            214   4.9e-16   56.4  15.9   3   4     0.079       2.7    4.9   0.1    88   108   293   313   281   320 0.60 -
Pdum_DN92140_c4_g1_i1:6249-7646   -            466 567650at33208        -            214   4.9e-16   56.4  15.9   4   4   3.9e-07   1.3e-05   22.3   0.2   127   181   355   412   348   417 0.80 -
Pdum_DN83423_c0_g1_i3:4390-4932   -            181 567650at33208        -            214   9.9e-15   52.1   6.5   1   1   6.8e-15   2.3e-13   47.6   6.7    94   186    24   132     2   151 0.68 -
Pdum_DN91871_c1_g1_i7:4132-4578   -            149 567650at33208        -            214   7.4e-14   49.2   0.7   1   2   3.6e-07   1.2e-05   22.4   0.1   123   198     9    89     4    93 0.81 -
Pdum_DN91871_c1_g1_i7:4132-4578   -            149 567650at33208        -            214   7.4e-14   49.2   0.7   2   2   0.00078     0.026   11.5   0.0    86   113   122   149   121   149 0.94 -
Pdum_DN88656_c0_g1_i3:3346-4263   -            306 567650at33208        -            214   8.2e-14   49.1  18.9   1   4       4.5   1.5e+02   -0.8   0.0    95   164    35    48    14    67 0.52 -
Pdum_DN88656_c0_g1_i3:3346-4263   -            306 567650at33208        -            214   8.2e-14   49.1  18.9   2   4   6.5e-06   0.00022   18.3   0.1    77   124    89   141    78   144 0.80 -
Pdum_DN88656_c0_g1_i3:3346-4263   -            306 567650at33208        -            214   8.2e-14   49.1  18.9   3   4   8.7e-08   2.9e-06   24.4   9.6    78   184   138   263   128   267 0.78 -
Pdum_DN88656_c0_g1_i3:3346-4263   -            306 567650at33208        -            214   8.2e-14   49.1  18.9   4   4   0.00057     0.019   11.9   0.6    88   121   269   306   263   306 0.83 -
Pdum_DN91576_c4_g1_i3:2317-3696   -            460 567650at33208        -            214   1.6e-13   48.2  42.7   1   5   3.9e-10   1.3e-08   32.1  13.4    79   209    46   197    24   201 0.78 -
Pdum_DN91576_c4_g1_i3:2317-3696   -            460 567650at33208        -            214   1.6e-13   48.2  42.7   2   5     7e-06   0.00024   18.2  12.6    92   205   155   285   154   287 0.80 -
Pdum_DN91576_c4_g1_i3:2317-3696   -            460 567650at33208        -            214   1.6e-13   48.2  42.7   3   5   0.00016    0.0055   13.7   8.3    92   183   202   305   199   318 0.79 -
Pdum_DN91576_c4_g1_i3:2317-3696   -            460 567650at33208        -            214   1.6e-13   48.2  42.7   4   5   1.2e-06   3.9e-05   20.7  10.1    88   206   267   379   263   386 0.83 -
Pdum_DN91576_c4_g1_i3:2317-3696   -            460 567650at33208        -            214   1.6e-13   48.2  42.7   5   5       4.7   1.6e+02   -0.9   0.1    93   108   442   457   410   460 0.60 -
Pdum_DN86762_c0_g1_i5:1-633       -            211 567650at33208        -            214     2e-13   47.8   9.4   1   2   1.8e-07     6e-06   23.4   3.1   124   202    37   123     1   129 0.75 -
Pdum_DN86762_c0_g1_i5:1-633       -            211 567650at33208        -            214     2e-13   47.8   9.4   2   2   4.3e-11   1.5e-09   35.2   0.4    91   187    87   201    85   210 0.79 -
Pdum_DN89910_c5_g1_i3:2314-2991   -            226 567650at33208        -            214   3.1e-13   47.2  13.6   1   2   3.6e-09   1.2e-07   28.9   1.5    92   182     2   107     1   111 0.80 -
Pdum_DN89910_c5_g1_i3:2314-2991   -            226 567650at33208        -            214   3.1e-13   47.2  13.6   2   2   3.5e-09   1.2e-07   29.0   6.3    89   197    92   218    87   226 0.76 -
Pdum_DN90127_c2_g1_i1:4449-5648   -            400 567650at33208        -            214   1.1e-12   45.4  14.8   1   3   9.4e-07   3.2e-05   21.0   0.2   127   200    14    94    10   100 0.72 -
Pdum_DN90127_c2_g1_i1:4449-5648   -            400 567650at33208        -            214   1.1e-12   45.4  14.8   2   3     0.056       1.9    5.4   0.3    89   160    82   165    78   193 0.61 -
Pdum_DN90127_c2_g1_i1:4449-5648   -            400 567650at33208        -            214   1.1e-12   45.4  14.8   3   3   2.2e-08   7.3e-07   26.4   3.5    92   186   201   309   193   335 0.78 -
Pdum_DN85765_c0_g1_i13:2137-3027  -            297 567650at33208        -            214   1.4e-12   45.1   6.0   1   3   5.3e-06   0.00018   18.6   0.2    89   176    42    96    21   110 0.49 -
Pdum_DN85765_c0_g1_i13:2137-3027  -            297 567650at33208        -            214   1.4e-12   45.1   6.0   2   3   8.7e-11   2.9e-09   34.2   0.6    80   188    56   180    55   187 0.83 -
Pdum_DN85765_c0_g1_i13:2137-3027  -            297 567650at33208        -            214   1.4e-12   45.1   6.0   3   3    0.0043      0.15    9.1   0.0   125   190   184   261   181   271 0.63 -
Pdum_DN88282_c1_g1_i4:924-1898    -            325 567650at33208        -            214   3.7e-12   43.7  31.1   1   3   1.9e-06   6.5e-05   20.0   3.9   125   199    19    96    13   102 0.79 -
Pdum_DN88282_c1_g1_i4:924-1898    -            325 567650at33208        -            214   3.7e-12   43.7  31.1   2   3   0.00046     0.016   12.2   8.0    69   162    66   181    59   181 0.81 -
Pdum_DN88282_c1_g1_i4:924-1898    -            325 567650at33208        -            214   3.7e-12   43.7  31.1   3   3   5.8e-06    0.0002   18.4   8.5    85   147   189   264   182   281 0.75 -
Pdum_DN77537_c0_g1_i2:993-1934    -            314 567650at33208        -            214   9.7e-12   42.3  24.0   1   4   7.4e-05    0.0025   14.8   1.0    77   124    25    77     5    92 0.77 -
Pdum_DN77537_c0_g1_i2:993-1934    -            314 567650at33208        -            214   9.7e-12   42.3  24.0   2   4   9.4e-07   3.2e-05   21.0   4.9   101   208   136   247   111   251 0.86 -
Pdum_DN77537_c0_g1_i2:993-1934    -            314 567650at33208        -            214   9.7e-12   42.3  24.0   3   4     0.018       0.6    7.0   0.2    90   108   252   270   248   274 0.82 -
Pdum_DN77537_c0_g1_i2:993-1934    -            314 567650at33208        -            214   9.7e-12   42.3  24.0   4   4   0.00075     0.025   11.5   0.1    89   122   276   313   267   314 0.76 -
Pdum_DN71249_c0_g2_i4:114-485     -            124 567650at33208        -            214   1.1e-11   42.1   3.5   1   2   1.4e-06   4.8e-05   20.4   0.0    80   121    25    69    14    72 0.82 -
Pdum_DN71249_c0_g2_i4:114-485     -            124 567650at33208        -            214   1.1e-11   42.1   3.5   2   2   6.5e-07   2.2e-05   21.6   1.2    81   118    72   109    70   119 0.90 -
Pdum_DN86762_c0_g2_i7:971-1825    -            285 567650at33208        -            214   1.2e-11   42.0  30.3   1   4   2.3e-05   0.00078   16.5   0.5   126   202     9    93     7    97 0.82 -
Pdum_DN86762_c0_g2_i7:971-1825    -            285 567650at33208        -            214   1.2e-11   42.0  30.3   2   4    0.0002    0.0068   13.4  12.4    87   183    77   167    74   170 0.70 -
Pdum_DN86762_c0_g2_i7:971-1825    -            285 567650at33208        -            214   1.2e-11   42.0  30.3   3   4   1.1e-06   3.7e-05   20.8  19.2    90   204   104   239    99   245 0.82 -
Pdum_DN86762_c0_g2_i7:971-1825    -            285 567650at33208        -            214   1.2e-11   42.0  30.3   4   4      0.01      0.35    7.8   0.3    89   122   247   284   236   285 0.74 -
Pdum_DN88840_c3_g1_i2:2856-3701   -            282 567650at33208        -            214     4e-11   40.3  24.2   1   2   8.3e-07   2.8e-05   21.2  14.1    46   181    28   184    21   195 0.67 -
Pdum_DN88840_c3_g1_i2:2856-3701   -            282 567650at33208        -            214     4e-11   40.3  24.2   2   2   6.6e-07   2.2e-05   21.5   5.6   109   201   180   281   167   282 0.79 -
Pdum_DN70239_c0_g1_i1:1594-2223   -            210 567650at33208        -            214     4e-11   40.3  18.1   1   2   5.8e-06    0.0002   18.4   2.8    92   135     2    49     1    67 0.77 -
Pdum_DN70239_c0_g1_i1:1594-2223   -            210 567650at33208        -            214     4e-11   40.3  18.1   2   2   2.6e-08   8.9e-07   26.1   7.4    90   200    80   208    76   210 0.76 -
Pdum_DN41956_c0_g1_i2:698-1324    -            209 567650at33208        -            214   4.1e-11   40.3  21.5   1   3   1.7e-09   5.6e-08   30.0   7.7    92   185     1   112     1   116 0.77 -
Pdum_DN41956_c0_g1_i2:698-1324    -            209 567650at33208        -            214   4.1e-11   40.3  21.5   2   3   1.4e-05   0.00048   17.2   3.9    88   185    69   165    64   168 0.75 -
Pdum_DN41956_c0_g1_i2:698-1324    -            209 567650at33208        -            214   4.1e-11   40.3  21.5   3   3   0.00067     0.023   11.7   1.1    87   123   169   209   160   209 0.82 -
Pdum_DN90329_c2_g1_i3:2251-2817   -            189 567650at33208        -            214   5.9e-11   39.8  11.0   1   3   0.00024     0.008   13.2   0.1    94   184     2    39     1    46 0.47 -
Pdum_DN90329_c2_g1_i3:2251-2817   -            189 567650at33208        -            214   5.9e-11   39.8  11.0   2   3    0.0059       0.2    8.6   0.1    89   124    46    85    39    87 0.76 -
Pdum_DN90329_c2_g1_i3:2251-2817   -            189 567650at33208        -            214   5.9e-11   39.8  11.0   3   3   1.3e-06   4.4e-05   20.6   3.0    80   126    85   135    65   185 0.63 -
Pdum_DN91775_c3_g1_i1:3810-4184   -            125 567650at33208        -            214   7.5e-11   39.4   3.0   1   2   5.3e-09   1.8e-07   28.4   2.4    61   125    10    79     2    84 0.73 -
Pdum_DN91775_c3_g1_i1:3810-4184   -            125 567650at33208        -            214   7.5e-11   39.4   3.0   2   2    0.0035      0.12    9.4   0.0    90   200    88   123    80   125 0.53 -
Pdum_DN87121_c0_g1_i2:1013-1531   -            173 567650at33208        -            214   9.2e-11   39.1   0.1   1   2   4.9e-06   0.00016   18.7   0.0   131   206     2    85     1    93 0.77 -
Pdum_DN87121_c0_g1_i2:1013-1531   -            173 567650at33208        -            214   9.2e-11   39.1   0.1   2   2   5.4e-08   1.8e-06   25.1   0.0    80   199    33   172    30   173 0.67 -
Pdum_DN84605_c0_g1_i1:2167-2478   -            104 567650at33208        -            214   1.2e-10   38.7   7.2   1   1   5.4e-12   1.8e-10   38.2   7.2   129   202    23   102     1   103 0.89 -
Pdum_DN91375_c2_g1_i5:2925-3452   -            176 567650at33208        -            214     2e-10   38.0  22.8   1   1   6.3e-11   2.1e-09   34.7  18.8    78   201    38   175    24   176 0.76 -
Pdum_DN78378_c1_g2_i1:372-2222    -            617 567650at33208        -            214   2.2e-10   37.9  67.0   1   7     0.066       2.2    5.2  14.5    89   159    42   128    20   128 0.79 -
Pdum_DN78378_c1_g2_i1:372-2222    -            617 567650at33208        -            214   2.2e-10   37.9  67.0   2   7       1.5        52    0.7   8.6    79   117   104   142    91   156 0.70 -
Pdum_DN78378_c1_g2_i1:372-2222    -            617 567650at33208        -            214   2.2e-10   37.9  67.0   3   7         2        67    0.4   7.5   102   203   167   271   138   278 0.84 -
Pdum_DN78378_c1_g2_i1:372-2222    -            617 567650at33208        -            214   2.2e-10   37.9  67.0   4   7       1.8        61    0.5   7.2   126   184   236   300   178   308 0.52 -
Pdum_DN78378_c1_g2_i1:372-2222    -            617 567650at33208        -            214   2.2e-10   37.9  67.0   5   7   1.3e-09   4.3e-08   30.4  14.8    55   208   297   476   273   480 0.75 -
Pdum_DN78378_c1_g2_i1:372-2222    -            617 567650at33208        -            214   2.2e-10   37.9  67.0   6   7    0.0031      0.11    9.5   3.0    66   125   432   498   426   527 0.76 -
Pdum_DN78378_c1_g2_i1:372-2222    -            617 567650at33208        -            214   2.2e-10   37.9  67.0   7   7     0.023      0.77    6.7   6.1    82   125   527   574   511   603 0.69 -
Pdum_DN83762_c0_g1_i1:334-756     -            141 567650at33208        -            214   2.8e-10   37.6  10.5   1   1   1.9e-11   6.4e-10   36.4  10.5    90   200     7   136     3   141 0.74 -
Pdum_DN78561_c0_g1_i1:1181-2056   -            292 567650at33208        -            214   2.9e-10   37.5  20.9   1   3    0.0051      0.17    8.8   0.3    75   123    35    92    12    95 0.70 -
Pdum_DN78561_c0_g1_i1:1181-2056   -            292 567650at33208        -            214   2.9e-10   37.5  20.9   2   3   1.6e-05   0.00053   17.0   0.4    89   143    78   148    77   161 0.75 -
Pdum_DN78561_c0_g1_i1:1181-2056   -            292 567650at33208        -            214   2.9e-10   37.5  20.9   3   3   1.3e-05   0.00045   17.3  11.1    88   181   177   291   148   292 0.69 -
Pdum_DN73431_c0_g1_i2:579-1325    -            249 567650at33208        -            214   3.4e-10   37.3  11.0   1   2   2.9e-06   9.9e-05   19.4   0.6   126   203    24   108     4   112 0.81 -
Pdum_DN73431_c0_g1_i2:579-1325    -            249 567650at33208        -            214   3.4e-10   37.3  11.0   2   2   2.3e-06   7.8e-05   19.7   4.0    85   142   113   183   107   249 0.67 -
Pdum_DN76481_c1_g1_i2:2536-3198   -            221 567650at33208        -            214   4.4e-10   36.9  19.1   1   3   3.6e-08   1.2e-06   25.7   9.6    79   185    20   144     8   144 0.74 -
Pdum_DN76481_c1_g1_i2:2536-3198   -            221 567650at33208        -            214   4.4e-10   36.9  19.1   2   3   5.6e-07   1.9e-05   21.8   7.4    88   186    77   193    69   195 0.74 -
Pdum_DN76481_c1_g1_i2:2536-3198   -            221 567650at33208        -            214   4.4e-10   36.9  19.1   3   3   7.5e-05    0.0025   14.8   3.8    84   145   121   195   117   221 0.57 -
Pdum_DN91181_c2_g2_i2:1663-2265   -            201 567650at33208        -            214   4.8e-10   36.8  24.7   1   2   2.3e-08   7.8e-07   26.3  17.8    96   203     1   130     1   142 0.77 -
Pdum_DN91181_c2_g2_i2:1663-2265   -            201 567650at33208        -            214   4.8e-10   36.8  24.7   2   2   0.00041     0.014   12.4   1.0    73   110   146   184   137   201 0.79 -
Pdum_DN90193_c5_g1_i9:944-1825    -            294 567650at33208        -            214   6.5e-10   36.4   8.4   1   2   1.1e-06   3.8e-05   20.8   0.6   147   205    40   101    26   107 0.80 -
Pdum_DN90193_c5_g1_i9:944-1825    -            294 567650at33208        -            214   6.5e-10   36.4   8.4   2   2   3.4e-05    0.0012   15.9   2.4    90   199   109   237    90   270 0.65 -
Pdum_DN78378_c1_g3_i5:593-2113    -            507 567650at33208        -            214   1.1e-09   35.6  42.1   1   3     0.013      0.43    7.5   6.5   147   204    50   113    19   145 0.45 -
Pdum_DN78378_c1_g3_i5:593-2113    -            507 567650at33208        -            214   1.1e-09   35.6  42.1   2   3       1.1        38    1.2   6.3    92   200   173   284   147   287 0.52 -
Pdum_DN78378_c1_g3_i5:593-2113    -            507 567650at33208        -            214   1.1e-09   35.6  42.1   3   3   1.3e-09   4.4e-08   30.4  12.7    66   208   297   464   289   470 0.76 -
Pdum_DN88413_c1_g3_i5:1730-2284   -            185 567650at33208        -            214   1.3e-09   35.4  26.8   1   3    0.0079      0.27    8.2   0.5   152   185     1    36     1    38 0.51 -
Pdum_DN88413_c1_g3_i5:1730-2284   -            185 567650at33208        -            214   1.3e-09   35.4  26.8   2   3   4.5e-10   1.5e-08   31.9  10.6    86   186    39   140    37   146 0.86 -
Pdum_DN88413_c1_g3_i5:1730-2284   -            185 567650at33208        -            214   1.3e-09   35.4  26.8   3   3     0.041       1.4    5.9   1.4    90   122   147   184   141   185 0.68 -
Pdum_DN76457_c1_g1_i1:0-767       -            256 567650at33208        -            214     2e-09   34.8  18.0   1   3   6.9e-09   2.3e-07   28.0   8.6    79   204    10   153     1   153 0.82 -
Pdum_DN76457_c1_g1_i1:0-767       -            256 567650at33208        -            214     2e-09   34.8  18.0   2   3   0.00026    0.0089   13.0   5.1   123   188   136   207   115   224 0.80 -
Pdum_DN76457_c1_g1_i1:0-767       -            256 567650at33208        -            214     2e-09   34.8  18.0   3   3       6.7   2.3e+02   -1.4   0.0    94   123   221   254   215   256 0.60 -
Pdum_DN86710_c0_g1_i1:1297-2430   -            378 567650at33208        -            214   2.2e-09   34.6  22.0   1   3   0.00036     0.012   12.6   5.7   122   202    43   132    11   143 0.69 -
Pdum_DN86710_c0_g1_i1:1297-2430   -            378 567650at33208        -            214   2.2e-09   34.6  22.0   2   3   2.2e-07   7.6e-06   23.1   6.7    89   201   166   276   154   324 0.50 -
Pdum_DN86710_c0_g1_i1:1297-2430   -            378 567650at33208        -            214   2.2e-09   34.6  22.0   3   3       1.5        50    0.8   0.0    90   128   288   331   285   337 0.68 -
Pdum_DN83313_c0_g1_i5:1068-1655   -            196 567650at33208        -            214   3.4e-09   34.0   5.2   1   3   7.6e-06   0.00026   18.1   0.0   128   203     2    85     1    90 0.78 -
Pdum_DN83313_c0_g1_i5:1068-1655   -            196 567650at33208        -            214   3.4e-09   34.0   5.2   2   3    0.0032      0.11    9.5   0.0    89   124    70   109    62   113 0.68 -
Pdum_DN83313_c0_g1_i5:1068-1655   -            196 567650at33208        -            214   3.4e-09   34.0   5.2   3   3    0.0012     0.039   10.9   0.9   150   188   142   180   135   193 0.66 -
Pdum_DN79188_c0_g1_i3:6775-7896   -            374 567650at33208        -            214   6.8e-09   33.0  11.3   1   4       1.1        36    1.3   0.1   144   191    46    93     5   105 0.66 -
Pdum_DN79188_c0_g1_i3:6775-7896   -            374 567650at33208        -            214   6.8e-09   33.0  11.3   2   4     0.026      0.88    6.5   0.0    93   132   113   151   109   156 0.78 -
Pdum_DN79188_c0_g1_i3:6775-7896   -            374 567650at33208        -            214   6.8e-09   33.0  11.3   3   4   0.00038     0.013   12.5   0.6   148   203   236   290   197   297 0.80 -
Pdum_DN79188_c0_g1_i3:6775-7896   -            374 567650at33208        -            214   6.8e-09   33.0  11.3   4   4   2.2e-05   0.00073   16.6   0.7   123   184   298   361   291   374 0.81 -
Pdum_DN91112_c3_g1_i1:1869-2600   -            244 567650at33208        -            214   8.1e-09   32.8   2.1   1   2   4.5e-10   1.5e-08   31.9   0.5    70   200    46   198    34   201 0.76 -
Pdum_DN91112_c3_g1_i1:1869-2600   -            244 567650at33208        -            214   8.1e-09   32.8   2.1   2   2       4.6   1.6e+02   -0.8   0.0   122   135   216   229   197   243 0.69 -
Pdum_DN85767_c2_g1_i2:2897-3337   -            147 567650at33208        -            214   1.3e-08   32.1  19.4   1   2   5.5e-09   1.9e-07   28.3  10.5   113   195     1    91     1    99 0.85 -
Pdum_DN85767_c2_g1_i2:2897-3337   -            147 567650at33208        -            214   1.3e-08   32.1  19.4   2   2     0.022      0.74    6.7   4.4   152   198    94   145    91   147 0.50 -
Pdum_DN89381_c1_g1_i5:34-936      -            301 567650at33208        -            214   1.5e-08   31.9  13.2   1   3   1.7e-05   0.00059   16.9   0.6    88   130    16    62    10    90 0.85 -
Pdum_DN89381_c1_g1_i5:34-936      -            301 567650at33208        -            214   1.5e-08   31.9  13.2   2   3   3.6e-05    0.0012   15.9   6.0    79   141   148   223   131   256 0.75 -
Pdum_DN89381_c1_g1_i5:34-936      -            301 567650at33208        -            214   1.5e-08   31.9  13.2   3   3       1.9        65    0.4   0.0    83   116   226   259   222   265 0.82 -
Pdum_DN70882_c0_g1_i1:213-572     -            120 567650at33208        -            214   2.9e-08   31.0   1.6   1   1   2.4e-09   8.2e-08   29.5   1.7   133   202    43   118    11   119 0.80 -
Pdum_DN92253_c7_g1_i3:6699-7001   -            101 567650at33208        -            214     3e-08   30.9   2.0   1   2     3e-06    0.0001   19.4   1.4    88   125    13    54     1    76 0.64 -
Pdum_DN92253_c7_g1_i3:6699-7001   -            101 567650at33208        -            214     3e-08   30.9   2.0   2   2   7.4e-05    0.0025   14.8   1.0    72   109    44    82    40   101 0.67 -
Pdum_DN92772_c6_g1_i2:2823-4196   -            458 567650at33208        -            214   3.1e-08   30.9   8.8   1   3      0.26       8.9    3.2   0.2    91   124     4    37     1    43 0.71 -
Pdum_DN92772_c6_g1_i2:2823-4196   -            458 567650at33208        -            214   3.1e-08   30.9   8.8   2   3   0.00012    0.0041   14.1  10.4   104   183   276   359   260   360 0.73 -
Pdum_DN92772_c6_g1_i2:2823-4196   -            458 567650at33208        -            214   3.1e-08   30.9   8.8   3   3   9.1e-10   3.1e-08   30.9   8.8    88   205   318   449   314   457 0.82 -
Pdum_DN91775_c3_g1_i1:4479-4844   -            122 567650at33208        -            214     5e-08   30.2   7.2   1   3     2e-05   0.00068   16.7   0.4    88   124    21    61     6    64 0.80 -
Pdum_DN91775_c3_g1_i1:4479-4844   -            122 567650at33208        -            214     5e-08   30.2   7.2   2   3   0.00016    0.0054   13.7   2.3    84   124    64   109    60   112 0.78 -
Pdum_DN91775_c3_g1_i1:4479-4844   -            122 567650at33208        -            214     5e-08   30.2   7.2   3   3     0.013      0.45    7.5   0.1    87   113    92   119    89   122 0.77 -
Pdum_DN82535_c0_g1_i3:253-918     -            222 567650at33208        -            214   5.1e-08   30.2  20.3   1   3    0.0015     0.051   10.6   0.3    92   123    19    54     2    60 0.66 -
Pdum_DN82535_c0_g1_i3:253-918     -            222 567650at33208        -            214   5.1e-08   30.2  20.3   2   3   1.2e-05   0.00039   17.5   7.7    90   185    41   154    36   155 0.70 -
Pdum_DN82535_c0_g1_i3:253-918     -            222 567650at33208        -            214   5.1e-08   30.2  20.3   3   3   0.00072     0.024   11.6   4.7    70   123   139   198   130   202 0.78 -
Pdum_DN71063_c0_g1_i12:4687-5259  -            191 567650at33208        -            214   6.1e-08   29.9   0.6   1   3     0.048       1.6    5.6   0.0   153   202    21    72    11    79 0.82 -
Pdum_DN71063_c0_g1_i12:4687-5259  -            191 567650at33208        -            214   6.1e-08   29.9   0.6   2   3     6e-05     0.002   15.1   0.2    65   121    57   118    52   137 0.65 -
Pdum_DN71063_c0_g1_i12:4687-5259  -            191 567650at33208        -            214   6.1e-08   29.9   0.6   3   3     0.015      0.51    7.3   0.0    75   111   139   176   128   180 0.80 -
Pdum_DN72094_c0_g2_i1:1021-1449   -            143 567650at33208        -            214   1.1e-07   29.1   1.8   1   2   6.4e-06   0.00022   18.3   0.3   120   201     7    94     4    96 0.74 -
Pdum_DN72094_c0_g2_i1:1021-1449   -            143 567650at33208        -            214   1.1e-07   29.1   1.8   2   2     0.001     0.035   11.1   0.4    71   122    85   142    81   143 0.46 -
Pdum_DN92813_c2_g1_i2:24-689      -            222 567650at33208        -            214   1.2e-07   28.9  16.1   1   3   9.6e-07   3.2e-05   21.0   4.9    98   203     1   125     1   137 0.66 -
Pdum_DN92813_c2_g1_i2:24-689      -            222 567650at33208        -            214   1.2e-07   28.9  16.1   2   3    0.0022     0.076   10.0   6.6    93   182    66   176    63   181 0.71 -
Pdum_DN92813_c2_g1_i2:24-689      -            222 567650at33208        -            214   1.2e-07   28.9  16.1   3   3    0.0067      0.22    8.4   0.2    88   123   184   222   177   222 0.80 -
Pdum_DN84936_c0_g4_i3:47-598      -            184 567650at33208        -            214   1.3e-07   28.8  10.5   1   2   0.00045     0.015   12.3   0.1    91   125     8    46     1    80 0.49 -
Pdum_DN84936_c0_g4_i3:47-598      -            184 567650at33208        -            214   1.3e-07   28.8  10.5   2   2   1.3e-05   0.00045   17.3   5.9    87   130    79   126    74   141 0.85 -
Pdum_DN86666_c0_g1_i2:1983-2753   -            257 567650at33208        -            214     2e-07   28.2  28.7   1   3   3.3e-06   0.00011   19.2   1.4    88   162     2    92     2    94 0.74 -
Pdum_DN86666_c0_g1_i2:1983-2753   -            257 567650at33208        -            214     2e-07   28.2  28.7   2   3    0.0021     0.072   10.1  13.7    89   203    75   210    73   213 0.69 -
Pdum_DN86666_c0_g1_i2:1983-2753   -            257 567650at33208        -            214     2e-07   28.2  28.7   3   3      0.15         5    4.0   5.2    87   121   218   256   202   257 0.75 -
Pdum_DN82557_c0_g2_i3:1284-1808   -            175 567650at33208        -            214   2.1e-07   28.2  15.4   1   2   4.8e-07   1.6e-05   22.0   8.7   122   201    17    98    11   103 0.91 -
Pdum_DN82557_c0_g2_i3:1284-1808   -            175 567650at33208        -            214   2.1e-07   28.2  15.4   2   2   6.4e-05    0.0022   15.0   5.7    90   162    64   154    59   175 0.74 -
Pdum_DN84389_c0_g1_i3:1713-2219   -            169 567650at33208        -            214   2.3e-07   28.0   2.3   1   1     5e-08   1.7e-06   25.2   2.3    95   202     3   130     1   144 0.65 -
Pdum_DN87210_c0_g1_i4:1265-2329   -            355 567650at33208        -            214   2.4e-07   27.9  15.3   1   3     0.087       2.9    4.8   1.6    83   131    16    68     6   106 0.71 -
Pdum_DN87210_c0_g1_i4:1265-2329   -            355 567650at33208        -            214   2.4e-07   27.9  15.3   2   3   2.5e-05   0.00084   16.4   1.3   116   201   130   230    85   240 0.55 -
Pdum_DN87210_c0_g1_i4:1265-2329   -            355 567650at33208        -            214   2.4e-07   27.9  15.3   3   3    0.0013     0.043   10.8   1.2    78   129   254   311   237   355 0.68 -
Pdum_DN80006_c0_g1_i7:712-1794    -            361 567650at33208        -            214   2.7e-07   27.8  30.1   1   5     0.014      0.48    7.4   9.0    77   144    88   160    79   191 0.67 -
Pdum_DN80006_c0_g1_i7:712-1794    -            361 567650at33208        -            214   2.7e-07   27.8  30.1   2   5      0.21         7    3.6   0.1    86   123   168   211   165   212 0.73 -
Pdum_DN80006_c0_g1_i7:712-1794    -            361 567650at33208        -            214   2.7e-07   27.8  30.1   3   5     0.013      0.44    7.5   0.1    88   111   196   219   185   232 0.85 -
Pdum_DN80006_c0_g1_i7:712-1794    -            361 567650at33208        -            214   2.7e-07   27.8  30.1   4   5       4.9   1.6e+02   -0.9   0.0    85   105   245   265   239   272 0.71 -
Pdum_DN80006_c0_g1_i7:712-1794    -            361 567650at33208        -            214   2.7e-07   27.8  30.1   5   5   3.5e-05    0.0012   15.9   5.0    69   127   280   343   270   361 0.71 -
Pdum_DN71036_c0_g1_i3:509-1393    -            295 567650at33208        -            214   3.3e-07   27.5  14.8   1   2   4.6e-05    0.0015   15.5   2.1    89   205    23   142     9   149 0.74 -
Pdum_DN71036_c0_g1_i3:509-1393    -            295 567650at33208        -            214   3.3e-07   27.5  14.8   2   2   0.00039     0.013   12.5   4.2    86   141   171   218   152   250 0.66 -
Pdum_DN89399_c1_g1_i20:1446-1991  -            182 567650at33208        -            214   3.3e-07   27.5  15.1   1   4   0.00027     0.009   13.0   1.9    92   122     2    36     1    41 0.80 -
Pdum_DN89399_c1_g1_i20:1446-1991  -            182 567650at33208        -            214   3.3e-07   27.5  15.1   2   4   0.00018    0.0059   13.6   1.6    89   161    23   111    20   117 0.72 -
Pdum_DN89399_c1_g1_i20:1446-1991  -            182 567650at33208        -            214   3.3e-07   27.5  15.1   3   4   0.00012    0.0042   14.1   0.9    88   125    94   135    91   142 0.83 -
Pdum_DN89399_c1_g1_i20:1446-1991  -            182 567650at33208        -            214   3.3e-07   27.5  15.1   4   4         2        69    0.3   0.1    93   110   148   165   141   175 0.76 -
Pdum_DN89132_c0_g1_i3:2343-3002   -            220 567650at33208        -            214   6.2e-07   26.6  19.2   1   2   9.8e-07   3.3e-05   21.0   7.0   125   209    43   135     1   140 0.81 -
Pdum_DN89132_c0_g1_i3:2343-3002   -            220 567650at33208        -            214   6.2e-07   26.6  19.2   2   2   0.00076     0.026   11.5   5.4    92   165   117   184   113   208 0.53 -
Pdum_DN73711_c2_g4_i7:642-1112    -            157 567650at33208        -            214   7.4e-07   26.4   8.4   1   2   5.3e-07   1.8e-05   21.8   5.7    79   139    26    99    12   102 0.76 -
Pdum_DN73711_c2_g4_i7:642-1112    -            157 567650at33208        -            214   7.4e-07   26.4   8.4   2   2       1.1        36    1.2   0.0    83   115   104   136   100   143 0.79 -
Pdum_DN67653_c1_g3_i5:63-980      -            306 567650at33208        -            214     1e-06   25.9  22.3   1   2     0.063       2.1    5.3   2.0    87   200    22   131     4   133 0.53 -
Pdum_DN67653_c1_g3_i5:63-980      -            306 567650at33208        -            214     1e-06   25.9  22.3   2   2   5.5e-05    0.0019   15.2  12.1    75   201   154   304   142   305 0.75 -
Pdum_DN88406_c0_g2_i1:5136-5561   -            142 567650at33208        -            214   1.2e-06   25.7  10.7   1   2   1.4e-07   4.8e-06   23.7   4.0    92   185     4   116     1   120 0.68 -
Pdum_DN88406_c0_g2_i1:5136-5561   -            142 567650at33208        -            214   1.2e-06   25.7  10.7   2   2   0.00014    0.0048   13.9   6.4   126   200    52   133    50   142 0.48 -
Pdum_DN77199_c0_g1_i3:1160-1570   -            137 567650at33208        -            214   1.6e-06   25.2   5.7   1   2   3.2e-05    0.0011   16.0   0.8   152   203     2    54     1    60 0.70 -
Pdum_DN77199_c0_g1_i3:1160-1570   -            137 567650at33208        -            214   1.6e-06   25.2   5.7   2   2   0.00065     0.022   11.8   0.3    86   133    58   110    52   122 0.80 -
Pdum_DN91221_c0_g1_i5:6867-7259   -            131 567650at33208        -            214   1.9e-06   25.0   1.6   1   1   1.4e-07   4.6e-06   23.8   1.6    96   165     1    85     1   103 0.54 -
Pdum_DN91963_c4_g1_i1:5807-6181   -            125 567650at33208        -            214   2.1e-06   24.9   7.7   1   1    0.0019     0.065   10.2   1.2    90   122    88   124    81   125 0.79 -
Pdum_DN91283_c2_g3_i4:368-1279    -            304 567650at33208        -            214   2.5e-06   24.6  20.6   1   4    0.0089       0.3    8.0   3.8    76   114    12    51     2    75 0.67 -
Pdum_DN91283_c2_g3_i4:368-1279    -            304 567650at33208        -            214   2.5e-06   24.6  20.6   2   4   7.9e-05    0.0027   14.7   8.8    95   201    60   186    59   187 0.61 -
Pdum_DN91283_c2_g3_i4:368-1279    -            304 567650at33208        -            214   2.5e-06   24.6  20.6   3   4   5.2e-05    0.0017   15.3   1.1    90   142   128   191   122   205 0.74 -
Pdum_DN91283_c2_g3_i4:368-1279    -            304 567650at33208        -            214   2.5e-06   24.6  20.6   4   4       2.1        70    0.3   0.0   121   162   219   259   211   265 0.86 -
Pdum_DN79850_c0_g2_i4:2801-3193   -            131 567650at33208        -            214   3.4e-06   24.2   4.8   1   2   9.6e-07   3.2e-05   21.0   4.7    90   141    10    73     3    93 0.59 -
Pdum_DN79850_c0_g2_i4:2801-3193   -            131 567650at33208        -            214   3.4e-06   24.2   4.8   2   2     0.012      0.42    7.6   0.1    90   123    57    95    51   117 0.64 -
Pdum_DN88908_c2_g2_i1:2753-3388   -            212 567650at33208        -            214     4e-06   24.0   7.5   1   2   0.00083     0.028   11.4   0.2   124   184    50   113    43   115 0.79 -
Pdum_DN88908_c2_g2_i1:2753-3388   -            212 567650at33208        -            214     4e-06   24.0   7.5   2   2   1.8e-05   0.00062   16.8   6.6    77   194    83   194    81   204 0.76 -
Pdum_DN91306_c4_g1_i1:4747-5205   -            153 567650at33208        -            214   4.5e-06   23.8  11.1   1   1   2.8e-07   9.3e-06   22.8  11.1    82   151     9    89     1   105 0.76 -
Pdum_DN91576_c4_g1_i3:2980-3495   -            172 567650at33208        -            214   5.5e-06   23.5  14.1   1   1   3.8e-07   1.3e-05   22.3   9.8   109   210    14   131     2   135 0.76 -
Pdum_DN88448_c1_g2_i2:786-1367    -            194 567650at33208        -            214   6.3e-06   23.3   9.4   1   2   0.00098     0.033   11.2   0.2   159   205     8    54     1    61 0.86 -
Pdum_DN88448_c1_g2_i2:786-1367    -            194 567650at33208        -            214   6.3e-06   23.3   9.4   2   2   0.00014    0.0048   13.9   1.0    65   116   132   188   124   194 0.71 -
Pdum_DN92789_c3_g1_i1:14856-15131 -             92 567650at33208        -            214   7.2e-06   23.1   3.4   1   1   3.5e-07   1.2e-05   22.4   3.2   127   194    16    88     5    92 0.68 -
Pdum_DN77973_c0_g1_i2:2358-2870   -            171 567650at33208        -            214   7.8e-06   23.0   3.7   1   2   2.3e-07   7.8e-06   23.0   3.7    76   125    10    62     2    67 0.83 -
Pdum_DN77973_c0_g1_i2:2358-2870   -            171 567650at33208        -            214   7.8e-06   23.0   3.7   2   2    0.0011     0.038   11.0   2.4    88   148    45   107    43   127 0.72 -
Pdum_DN91775_c3_g1_i1:5136-5582   -            149 567650at33208        -            214   8.7e-06   22.9   9.1   1   1   1.5e-05    0.0005   17.1   9.6    64   166    14   134    10   149 0.68 -
Pdum_DN88303_c1_g1_i2:2086-2493   -            136 567650at33208        -            214   9.1e-06   22.8   4.0   1   1   6.5e-07   2.2e-05   21.6   4.0    86   188    18   118     6   133 0.76 -
Pdum_DN89484_c2_g1_i1:31-1038     -            336 567650at33208        -            214   1.5e-05   22.1   8.0   1   2       8.8     3e+02   -1.7   0.1    84   103    83   103    66   129 0.61 -
Pdum_DN89484_c2_g1_i1:31-1038     -            336 567650at33208        -            214   1.5e-05   22.1   8.0   2   2   0.00016    0.0054   13.8   4.5    76   160   231   334   219   336 0.73 -
Pdum_DN88203_c1_g2_i4:188-850     -            221 567650at33208        -            214   1.9e-05   21.8   1.0   1   1   5.6e-06   0.00019   18.5   1.0   127   195     9    84     5    96 0.68 -
Pdum_DN85891_c0_g1_i2:2053-2511   -            153 567650at33208        -            214     5e-05   20.4   8.3   1   2   0.00038     0.013   12.5   4.0    96   182     5   110     1   111 0.56 -
Pdum_DN85891_c0_g1_i2:2053-2511   -            153 567650at33208        -            214     5e-05   20.4   8.3   2   2   3.2e-05    0.0011   16.0   0.7    73   123    77   131    67   140 0.81 -
Pdum_DN68102_c1_g1_i3:107-475     -            123 567650at33208        -            214   5.8e-05   20.2   9.6   1   2   4.8e-06   0.00016   18.7   5.1    76   144     6    84     2    87 0.83 -
Pdum_DN68102_c1_g1_i3:107-475     -            123 567650at33208        -            214   5.8e-05   20.2   9.6   2   2      0.23       7.9    3.4   0.2    88   116    87   115    83   122 0.81 -
Pdum_DN87210_c0_g1_i4:2156-2596   -            147 567650at33208        -            214   6.2e-05   20.1   8.8   1   3    0.0014     0.048   10.6   0.6   158   194    10    47     3    59 0.50 -
Pdum_DN87210_c0_g1_i4:2156-2596   -            147 567650at33208        -            214   6.2e-05   20.1   8.8   2   3    0.0011     0.036   11.1   1.1    71   123    48   101    43   104 0.83 -
Pdum_DN87210_c0_g1_i4:2156-2596   -            147 567650at33208        -            214   6.2e-05   20.1   8.8   3   3      0.18       6.2    3.7   0.1    83   118   105   141    98   147 0.73 -
Pdum_DN72493_c0_g2_i3:16-435      -            140 567650at33208        -            214   7.2e-05   19.9   2.5   1   1   3.7e-05    0.0012   15.8   2.6    91   202    28   114    15   140 0.42 -
Pdum_DN78432_c0_g2_i1:2540-3076   -            179 567650at33208        -            214   7.2e-05   19.9   4.1   1   2   6.9e-06   0.00023   18.2   0.5    76   125     4    58     3    75 0.83 -
Pdum_DN78432_c0_g2_i1:2540-3076   -            179 567650at33208        -            214   7.2e-05   19.9   4.1   2   2      0.31        10    3.0   0.2    89   147   118   177    93   179 0.82 -
Pdum_DN91260_c5_g1_i3:3699-4226   -            176 567650at33208        -            214    0.0001   19.4   5.2   1   2    0.0011     0.038   11.0   0.1   170   201     2    35     1    45 0.72 -
Pdum_DN91260_c5_g1_i3:3699-4226   -            176 567650at33208        -            214    0.0001   19.4   5.2   2   2    0.0019     0.066   10.2   1.5    76   125    55   110    47   117 0.80 -
Pdum_DN76752_c0_g2_i5:2080-3639   -            520 567650at33208        -            214   0.00011   19.3  21.2   1   4   0.00063     0.021   11.8   0.2    92   125     8    45     3    72 0.82 -
Pdum_DN76752_c0_g2_i5:2080-3639   -            520 567650at33208        -            214   0.00011   19.3  21.2   2   4       5.1   1.7e+02   -1.0   0.6   138   155   176   193   121   260 0.68 -
Pdum_DN76752_c0_g2_i5:2080-3639   -            520 567650at33208        -            214   0.00011   19.3  21.2   3   4       2.9        97   -0.2   0.5   164   191   240   267   180   292 0.83 -
Pdum_DN76752_c0_g2_i5:2080-3639   -            520 567650at33208        -            214   0.00011   19.3  21.2   4   4   0.00015     0.005   13.8   7.3    87   185   402   517   393   519 0.73 -
Pdum_DN71851_c1_g1_i3:1473-1847   -            125 567650at33208        -            214   0.00012   19.1   8.9   1   2    0.0024     0.082    9.9   0.1    96   124     1    31     1    35 0.89 -
Pdum_DN71851_c1_g1_i3:1473-1847   -            125 567650at33208        -            214   0.00012   19.1   8.9   2   2    0.0013     0.043   10.8   5.5    85   132    34    88    31   113 0.78 -
Pdum_DN86057_c1_g1_i13:1203-1745  -            181 567650at33208        -            214   0.00013   19.1   0.5   1   2   0.00048     0.016   12.2   0.1    76   124    12    62     1    63 0.75 -
Pdum_DN86057_c1_g1_i13:1203-1745  -            181 567650at33208        -            214   0.00013   19.1   0.5   2   2   0.00063     0.021   11.8   0.1    91   144    49   113    46   136 0.75 -
Pdum_DN83304_c0_g1_i7:1439-1807   -            123 567650at33208        -            214   0.00013   19.0   3.0   1   1     1e-05   0.00035   17.6   3.0    96   200     1   120     1   123 0.78 -
Pdum_DN69949_c0_g1_i4:629-1066    -            146 567650at33208        -            214   0.00016   18.7   5.6   1   3      0.14       4.6    4.2   0.2    94   141    27    68    24    71 0.64 -
Pdum_DN69949_c0_g1_i4:629-1066    -            146 567650at33208        -            214   0.00016   18.7   5.6   2   3   8.6e-06   0.00029   17.9   1.5    80   122    65   112    61   117 0.81 -
Pdum_DN69949_c0_g1_i4:629-1066    -            146 567650at33208        -            214   0.00016   18.7   5.6   3   3      0.44        15    2.5   0.0    87   108    97   118    92   133 0.85 -
Pdum_DN85774_c0_g1_i6:1104-1688   -            195 567650at33208        -            214    0.0002   18.4  17.9   1   2    0.0068      0.23    8.4   3.1    76   163     4    94     2    96 0.67 -
Pdum_DN85774_c0_g1_i6:1104-1688   -            195 567650at33208        -            214    0.0002   18.4  17.9   2   2    0.0031       0.1    9.5  11.6    76   123    86   138    68   178 0.63 -
Pdum_DN78378_c1_g1_i1:347-766     -            140 567650at33208        -            214   0.00021   18.3  14.0   1   3     0.034       1.1    6.1   3.6    92   130     1    45     1    58 0.69 -
Pdum_DN78378_c1_g1_i1:347-766     -            140 567650at33208        -            214   0.00021   18.3  14.0   2   3    0.0002    0.0066   13.5   0.5    75   123    60   113    53   120 0.78 -
Pdum_DN78378_c1_g1_i1:347-766     -            140 567650at33208        -            214   0.00021   18.3  14.0   3   3      0.22       7.3    3.5   0.3    88   105   122   139   119   140 0.73 -
Pdum_DN60718_c0_g1_i1:294-905     -            204 567650at33208        -            214   0.00022   18.3  14.3   1   2    0.0022     0.075   10.0   1.6    92   124    21    55    12    57 0.70 -
Pdum_DN60718_c0_g1_i1:294-905     -            204 567650at33208        -            214   0.00022   18.3  14.3   2   2   0.00012    0.0042   14.1   7.1    79   126    53   106    53   131 0.83 -
Pdum_DN67653_c1_g1_i1:224-472     -             83 567650at33208        -            214   0.00028   17.9   1.6   1   1   0.00011    0.0037   14.3   1.6    85   138    17    83     1    83 0.71 -
Pdum_DN76421_c3_g1_i1:1060-1656   -            199 567650at33208        -            214   0.00045   17.3  12.3   1   1    0.0003      0.01   12.9   9.6    75   142     6    77     2   127 0.65 -
Pdum_DN66885_c0_g1_i12:594-1340   -            249 567650at33208        -            214   0.00052   17.1  22.3   1   2     0.014      0.46    7.4   8.8    76   183     7   114     1   120 0.47 -
Pdum_DN66885_c0_g1_i12:594-1340   -            249 567650at33208        -            214   0.00052   17.1  22.3   2   2   0.00058     0.019   11.9   7.5    80   142   112   186    99   207 0.58 -
Pdum_DN76175_c3_g2_i1:363-941     -            193 567650at33208        -            214   0.00055   17.0  24.3   1   2     0.021      0.71    6.8  16.4    87   205    15   145     3   153 0.79 -
Pdum_DN76175_c3_g2_i1:363-941     -            193 567650at33208        -            214   0.00055   17.0  24.3   2   2    0.0017     0.057   10.4   0.9    92   123   158   193   156   193 0.83 -
Pdum_DN88908_c2_g2_i1:3896-4420   -            175 567650at33208        -            214   0.00056   17.0   0.5   1   2   3.6e-05    0.0012   15.9   0.1    92   124    18    54     9    60 0.80 -
Pdum_DN88908_c2_g2_i1:3896-4420   -            175 567650at33208        -            214   0.00056   17.0   0.5   2   2       9.8   3.3e+02   -1.9   0.0   104   113   132   141    94   173 0.61 -
Pdum_DN70847_c1_g1_i3:1561-2280   -            240 567650at33208        -            214    0.0007   16.6   8.3   1   1   8.9e-05     0.003   14.6   8.2   127   203    43   126    26   144 0.78 -
Pdum_DN90366_c4_g1_i2:247-1116    -            290 567650at33208        -            214     0.002   15.1   0.1   1   3   5.9e-05     0.002   15.1   0.1   151   203     7    62     1    70 0.75 -
Pdum_DN90366_c4_g1_i2:247-1116    -            290 567650at33208        -            214     0.002   15.1   0.1   2   3       3.5   1.2e+02   -0.4   0.2   140   151   193   204   120   229 0.58 -
Pdum_DN90366_c4_g1_i2:247-1116    -            290 567650at33208        -            214     0.002   15.1   0.1   3   3       6.1     2e+02   -1.2   0.1    76   101   264   290   251   290 0.60 -
Pdum_DN83849_c0_g1_i1:967-1686    -            240 567650at33208        -            214    0.0032   14.5   9.7   1   2    0.0075      0.25    8.3   0.1   125   184    78   140    18   142 0.80 -
Pdum_DN83849_c0_g1_i1:967-1686    -            240 567650at33208        -            214    0.0032   14.5   9.7   2   2     0.012      0.39    7.7   4.9    93   181   152   208   147   240 0.56 -
Pdum_DN88387_c0_g1_i9:2413-3072   -            220 567650at33208        -            214    0.0066   13.5   5.4   1   2       2.9        98   -0.2   0.0   112   126    37    51    27   111 0.64 -
Pdum_DN88387_c0_g1_i9:2413-3072   -            220 567650at33208        -            214    0.0066   13.5   5.4   2   2    0.0023     0.076   10.0   2.6    93   195   122   218    76   220 0.52 -
Pdum_DN66932_c0_g1_i1:1118-1660   -            181 567650at33208        -            214    0.0086   13.1   8.0   1   2   0.00081     0.027   11.4   0.5   107   139    64    96    50   107 0.86 -
Pdum_DN66932_c0_g1_i1:1118-1660   -            181 567650at33208        -            214    0.0086   13.1   8.0   2   2     0.095       3.2    4.7   0.4   111   125   111   125   100   168 0.51 -
Pdum_DN76752_c0_g2_i5:2755-3642   -            296 567650at33208        -            214    0.0091   13.0   6.0   1   2   0.00027    0.0092   13.0   0.2    92   125     9    46     4    80 0.83 -
Pdum_DN76752_c0_g2_i5:2755-3642   -            296 567650at33208        -            214    0.0091   13.0   6.0   2   2       1.2        40    1.1   1.0   164   188   241   265   123   274 0.68 -
#
# Program:         hmmsearch
# Version:         3.1b2 (February 2015)
# Pipeline mode:   SEARCH
# Query file:      /mnt/f/phylo/WORMS/busco_analysis/busco_downloads/lineages/metazoa_odb10/hmms/567650at33208.hmm
# Target file:     /mnt/f/phylo/WORMS/busco_analysis/metazoa_lineage_result/run_metazoa_odb10/metaeuk_output/initial_results/Platynereis_ref.eggnog_filter.nucl.fasta.modified.fas
# Option settings: hmmsearch --domtblout /mnt/f/phylo/WORMS/busco_analysis/metazoa_lineage_result/run_metazoa_odb10/hmmer_output/initial_run_results/567650at33208.out --cpu 1 /mnt/f/phylo/WORMS/busco_analysis/busco_downloads/lineages/metazoa_odb10/hmms/567650at33208.hmm /mnt/f/phylo/WORMS/busco_analysis/metazoa_lineage_result/run_metazoa_odb10/metaeuk_output/initial_results/Platynereis_ref.eggnog_filter.nucl.fasta.modified.fas 
# Current dir:     /mnt/f/phylo/WORMS/busco_analysis
# Date:            Sun Mar 12 20:42:47 2023
# [ok]
