#                                                                                         --- full sequence --- -------------- this domain -------------   hmm coord   ali coord   env coord
# target name                     accession   tlen query name           accession   qlen   E-value  score  bias   #  of  c-Evalue  i-Evalue  score  bias  from    to  from    to  from    to  acc description of target
#             ------------------- ---------- ----- -------------------- ---------- ----- --------- ------ ----- --- --- --------- --------- ------ ----- ----- ----- ----- ----- ----- ----- ---- ---------------------
Pdum_DN77445_c0_g4_i1:354-1061    -            236 578734at33208        -            193   3.6e-64  213.6   8.5   1   1   1.3e-64   4.2e-63  210.1   8.5     1   193     1   235     1   235 0.86 -
Pdum_DN84156_c0_g1_i7:1070-2623   -            518 578734at33208        -            193   2.2e-36  122.9  33.2   1   6   1.5e-08   4.8e-07   27.2   2.7    52   122    15    94     4   103 0.73 -
Pdum_DN84156_c0_g1_i7:1070-2623   -            518 578734at33208        -            193   2.2e-36  122.9  33.2   2   6   2.8e-08   9.3e-07   26.3   2.2    66   112   104   153    89   156 0.81 -
Pdum_DN84156_c0_g1_i7:1070-2623   -            518 578734at33208        -            193   2.2e-36  122.9  33.2   3   6     3e-07   9.8e-06   22.9   6.8    67   146   151   239   149   239 0.88 -
Pdum_DN84156_c0_g1_i7:1070-2623   -            518 578734at33208        -            193   2.2e-36  122.9  33.2   4   6   1.4e-06   4.6e-05   20.8   5.7    72   149   178   265   177   275 0.80 -
Pdum_DN84156_c0_g1_i7:1070-2623   -            518 578734at33208        -            193   2.2e-36  122.9  33.2   5   6   0.00015     0.005   14.1   0.2    96   149   347   406   319   408 0.51 -
Pdum_DN84156_c0_g1_i7:1070-2623   -            518 578734at33208        -            193   2.2e-36  122.9  33.2   6   6   1.2e-14     4e-13   47.1   1.1    23   148   366   498   365   514 0.81 -
Pdum_DN84559_c0_g1_i1:4859-6706   -            616 578734at33208        -            193   1.5e-33  113.7  37.1   1   5   4.6e-13   1.5e-11   41.9   5.6    32   148   140   262   136   264 0.79 -
Pdum_DN84559_c0_g1_i1:4859-6706   -            616 578734at33208        -            193   1.5e-33  113.7  37.1   2   5   8.7e-09   2.9e-07   27.9   0.4    67   147   264   353   261   355 0.83 -
Pdum_DN84559_c0_g1_i1:4859-6706   -            616 578734at33208        -            193   1.5e-33  113.7  37.1   3   5   3.7e-06   0.00012   19.4   0.5    67   147   356   448   352   449 0.80 -
Pdum_DN84559_c0_g1_i1:4859-6706   -            616 578734at33208        -            193   1.5e-33  113.7  37.1   4   5   3.3e-08   1.1e-06   26.0   2.5    79   149   393   473   385   475 0.85 -
Pdum_DN84559_c0_g1_i1:4859-6706   -            616 578734at33208        -            193   1.5e-33  113.7  37.1   5   5   6.6e-08   2.2e-06   25.1   6.0    22   127   478   582   475   593 0.74 -
Pdum_DN85923_c1_g1_i5:511-1821    -            437 578734at33208        -            193     1e-32  111.0  19.9   1   6   5.2e-07   1.7e-05   22.1   2.3    31   112    23   105     5   108 0.79 -
Pdum_DN85923_c1_g1_i5:511-1821    -            437 578734at33208        -            193     1e-32  111.0  19.9   2   6   2.3e-11   7.4e-10   36.4   1.1    66   149   125   217   112   239 0.84 -
Pdum_DN85923_c1_g1_i5:511-1821    -            437 578734at33208        -            193     1e-32  111.0  19.9   3   6     0.046       1.5    6.0   0.0    67   102   243   279   218   284 0.79 -
Pdum_DN85923_c1_g1_i5:511-1821    -            437 578734at33208        -            193     1e-32  111.0  19.9   4   6   4.5e-09   1.5e-07   28.9   0.2    66   118   302   357   298   371 0.85 -
Pdum_DN85923_c1_g1_i5:511-1821    -            437 578734at33208        -            193     1e-32  111.0  19.9   5   6     0.026      0.87    6.8   0.0    67    94   349   376   348   379 0.92 -
Pdum_DN85923_c1_g1_i5:511-1821    -            437 578734at33208        -            193     1e-32  111.0  19.9   6   6   2.3e-07   7.6e-06   23.3   0.4    66   112   371   420   356   429 0.84 -
Pdum_DN86193_c0_g1_i2:3136-4725   -            530 578734at33208        -            193   2.1e-28   96.9  30.7   1   4     4e-09   1.3e-07   29.1   1.3    34   147     3   126     1   128 0.78 -
Pdum_DN86193_c0_g1_i2:3136-4725   -            530 578734at33208        -            193   2.1e-28   96.9  30.7   2   4   9.8e-07   3.2e-05   21.3   8.7    28   146   140   269   110   275 0.52 -
Pdum_DN86193_c0_g1_i2:3136-4725   -            530 578734at33208        -            193   2.1e-28   96.9  30.7   3   4     6e-05     0.002   15.4   0.6    60   131   267   349   231   352 0.66 -
Pdum_DN86193_c0_g1_i2:3136-4725   -            530 578734at33208        -            193   2.1e-28   96.9  30.7   4   4   1.3e-11   4.2e-10   37.2   4.5    23   168   351   509   345   513 0.76 -
Pdum_DN91469_c5_g2_i1:74-1186     -            371 578734at33208        -            193   1.5e-21   74.6  30.3   1   5   0.00047     0.015   12.5   0.1    66   118    19    74     9    80 0.84 -
Pdum_DN91469_c5_g2_i1:74-1186     -            371 578734at33208        -            193   1.5e-21   74.6  30.3   2   5   3.1e-08     1e-06   26.2   8.7    62   148    85   182    72   187 0.81 -
Pdum_DN91469_c5_g2_i1:74-1186     -            371 578734at33208        -            193   1.5e-21   74.6  30.3   3   5   2.7e-09   8.9e-08   29.6  12.9    28   148   148   277   142   278 0.72 -
Pdum_DN91469_c5_g2_i1:74-1186     -            371 578734at33208        -            193   1.5e-21   74.6  30.3   4   5   6.5e-08   2.1e-06   25.1   2.6    68   149   234   326   231   327 0.79 -
Pdum_DN91469_c5_g2_i1:74-1186     -            371 578734at33208        -            193   1.5e-21   74.6  30.3   5   5   1.4e-05   0.00046   17.5   0.6    66   140   278   363   273   369 0.74 -
Pdum_DN89549_c1_g1_i8:4400-5491   -            364 578734at33208        -            193     9e-21   72.0  19.7   1   6   8.9e-05    0.0029   14.9   0.1    67   125    10    73     3    86 0.71 -
Pdum_DN89549_c1_g1_i8:4400-5491   -            364 578734at33208        -            193     9e-21   72.0  19.7   2   6    0.0001    0.0033   14.7   1.2    42   113    67   133    62   137 0.66 -
Pdum_DN89549_c1_g1_i8:4400-5491   -            364 578734at33208        -            193     9e-21   72.0  19.7   3   6   8.9e-06   0.00029   18.1   0.5    28    95   117   183   112   203 0.82 -
Pdum_DN89549_c1_g1_i8:4400-5491   -            364 578734at33208        -            193     9e-21   72.0  19.7   4   6   8.3e-05    0.0027   15.0   0.2    23    91   160   227   159   232 0.76 -
Pdum_DN89549_c1_g1_i8:4400-5491   -            364 578734at33208        -            193     9e-21   72.0  19.7   5   6   8.2e-07   2.7e-05   21.5   1.1    35   130   204   301   189   302 0.68 -
Pdum_DN89549_c1_g1_i8:4400-5491   -            364 578734at33208        -            193     9e-21   72.0  19.7   6   6   3.2e-07     1e-05   22.8   1.8    72   144   280   361   276   364 0.78 -
Pdum_DN92571_c4_g1_i1:3831-4814   -            328 578734at33208        -            193     1e-20   71.8  19.9   1   5    0.0018     0.059   10.6   0.4    80   117     3    44     1    46 0.82 -
Pdum_DN92571_c4_g1_i1:3831-4814   -            328 578734at33208        -            193     1e-20   71.8  19.9   2   5   7.5e-08   2.5e-06   24.9   1.8    74   148    21   107    16   108 0.80 -
Pdum_DN92571_c4_g1_i1:3831-4814   -            328 578734at33208        -            193     1e-20   71.8  19.9   3   5   4.8e-08   1.6e-06   25.5   4.1    74   151    93   182    90   184 0.78 -
Pdum_DN92571_c4_g1_i1:3831-4814   -            328 578734at33208        -            193     1e-20   71.8  19.9   4   5   0.00025    0.0083   13.4   2.8    29   111   144   234   143   237 0.66 -
Pdum_DN92571_c4_g1_i1:3831-4814   -            328 578734at33208        -            193     1e-20   71.8  19.9   5   5   1.2e-07   3.8e-06   24.3   0.1    77   156   220   310   213   314 0.79 -
Pdum_DN88145_c1_g2_i1:1609-3027   -            473 578734at33208        -            193   2.4e-20   70.6  29.6   1   7   0.00045     0.015   12.6   0.0    80   131     3    65     1    68 0.70 -
Pdum_DN88145_c1_g2_i1:1609-3027   -            473 578734at33208        -            193   2.4e-20   70.6  29.6   2   7    0.0017     0.057   10.6   1.5    68   109    62   108    45   117 0.71 -
Pdum_DN88145_c1_g2_i1:1609-3027   -            473 578734at33208        -            193   2.4e-20   70.6  29.6   3   7    0.0028     0.093   10.0   0.8    64   112   133   182   114   208 0.69 -
Pdum_DN88145_c1_g2_i1:1609-3027   -            473 578734at33208        -            193   2.4e-20   70.6  29.6   4   7   7.9e-05    0.0026   15.0   1.9    32   111   203   277   187   281 0.78 -
Pdum_DN88145_c1_g2_i1:1609-3027   -            473 578734at33208        -            193   2.4e-20   70.6  29.6   5   7   9.4e-07   3.1e-05   21.3   0.1    66   149   276   368   274   372 0.83 -
Pdum_DN88145_c1_g2_i1:1609-3027   -            473 578734at33208        -            193   2.4e-20   70.6  29.6   6   7   8.1e-05    0.0027   15.0   0.4    30   111   334   418   331   424 0.80 -
Pdum_DN88145_c1_g2_i1:1609-3027   -            473 578734at33208        -            193   2.4e-20   70.6  29.6   7   7     0.027       0.9    6.8   0.2    74   112   425   467   420   471 0.80 -
Pdum_DN92522_c1_g1_i1:6356-7147   -            264 578734at33208        -            193   7.6e-20   69.0  14.0   1   4     1e-08   3.3e-07   27.7   0.9    72   146    33   116    10   119 0.82 -
Pdum_DN92522_c1_g1_i1:6356-7147   -            264 578734at33208        -            193   7.6e-20   69.0  14.0   2   4   6.8e-09   2.2e-07   28.3   1.4    68   149    75   165    73   166 0.87 -
Pdum_DN92522_c1_g1_i1:6356-7147   -            264 578734at33208        -            193   7.6e-20   69.0  14.0   3   4     7e-06   0.00023   18.5   1.2    67   113   143   192   126   200 0.81 -
Pdum_DN92522_c1_g1_i1:6356-7147   -            264 578734at33208        -            193   7.6e-20   69.0  14.0   4   4   4.1e-08   1.4e-06   25.7   0.5    66   112   211   260   192   263 0.51 -
Pdum_DN86563_c0_g1_i1:1290-2321   -            344 578734at33208        -            193   9.9e-20   68.6  12.2   1   5   0.00015    0.0048   14.2   0.7    98   169    30    85     8    89 0.50 -
Pdum_DN86563_c0_g1_i1:1290-2321   -            344 578734at33208        -            193   9.9e-20   68.6  12.2   2   5   6.9e-09   2.3e-07   28.3   0.2    66   113    89   139    76   141 0.85 -
Pdum_DN86563_c0_g1_i1:1290-2321   -            344 578734at33208        -            193   9.9e-20   68.6  12.2   3   5   8.6e-07   2.8e-05   21.4   0.0    71   115   117   164   116   171 0.87 -
Pdum_DN86563_c0_g1_i1:1290-2321   -            344 578734at33208        -            193   9.9e-20   68.6  12.2   4   5   0.00062      0.02   12.1   0.0    68    98   137   167   135   181 0.85 -
Pdum_DN86563_c0_g1_i1:1290-2321   -            344 578734at33208        -            193   9.9e-20   68.6  12.2   5   5   1.2e-06   3.9e-05   21.0   1.5    67   108   182   223   170   253 0.83 -
Pdum_DN91675_c4_g1_i3:3400-5013   -            538 578734at33208        -            193   1.4e-19   68.1  39.0   1   8   0.00027    0.0088   13.3   0.9    29   112     7    93     4   117 0.76 -
Pdum_DN91675_c4_g1_i3:3400-5013   -            538 578734at33208        -            193   1.4e-19   68.1  39.0   2   8    0.0096      0.32    8.2   0.3    74   115    99   144    90   146 0.79 -
Pdum_DN91675_c4_g1_i3:3400-5013   -            538 578734at33208        -            193   1.4e-19   68.1  39.0   3   8    0.0097      0.32    8.2   0.2    70   112   143   194   142   199 0.72 -
Pdum_DN91675_c4_g1_i3:3400-5013   -            538 578734at33208        -            193   1.4e-19   68.1  39.0   4   8   0.00012    0.0038   14.5   0.0    73   111   199   241   192   245 0.87 -
Pdum_DN91675_c4_g1_i3:3400-5013   -            538 578734at33208        -            193   1.4e-19   68.1  39.0   5   8    0.0096      0.32    8.2   0.1    95   153   249   316   241   329 0.46 -
Pdum_DN91675_c4_g1_i3:3400-5013   -            538 578734at33208        -            193   1.4e-19   68.1  39.0   6   8     0.038       1.2    6.3   2.8    71   165   293   398   291   404 0.65 -
Pdum_DN91675_c4_g1_i3:3400-5013   -            538 578734at33208        -            193   1.4e-19   68.1  39.0   7   8   4.8e-05    0.0016   15.7   4.7    25   111   365   454   351   454 0.81 -
Pdum_DN91675_c4_g1_i3:3400-5013   -            538 578734at33208        -            193   1.4e-19   68.1  39.0   8   8     3e-06   9.8e-05   19.7   6.7    25   108   445   523   436   530 0.81 -
Pdum_DN88556_c2_g1_i1:264-1802    -            513 578734at33208        -            193   2.6e-19   67.2  38.0   1   7   0.00065     0.021   12.0   0.1    64   111     7    59     1    63 0.57 -
Pdum_DN88556_c2_g1_i1:264-1802    -            513 578734at33208        -            193   2.6e-19   67.2  38.0   2   7    0.0021     0.068   10.4   0.0    71   112    63   108    60   113 0.84 -
Pdum_DN88556_c2_g1_i1:264-1802    -            513 578734at33208        -            193   2.6e-19   67.2  38.0   3   7   0.00021    0.0069   13.7   0.3    71   119   111   163   109   169 0.85 -
Pdum_DN88556_c2_g1_i1:264-1802    -            513 578734at33208        -            193   2.6e-19   67.2  38.0   4   7    0.0001    0.0034   14.7   9.4    77   150   165   250   162   277 0.75 -
Pdum_DN88556_c2_g1_i1:264-1802    -            513 578734at33208        -            193   2.6e-19   67.2  38.0   5   7   7.5e-06   0.00025   18.4   4.4    76   149   285   370   238   372 0.80 -
Pdum_DN88556_c2_g1_i1:264-1802    -            513 578734at33208        -            193   2.6e-19   67.2  38.0   6   7   0.00023    0.0074   13.5   2.1    24   149   330   459   328   461 0.76 -
Pdum_DN88556_c2_g1_i1:264-1802    -            513 578734at33208        -            193   2.6e-19   67.2  38.0   7   7     0.057       1.9    5.7   0.0    78   117   469   512   462   513 0.61 -
Pdum_DN88721_c1_g1_i8:1846-3393   -            516 578734at33208        -            193   8.9e-19   65.5  26.7   1   7   0.00038     0.012   12.8   0.1   120   170    27    80     5    84 0.72 -
Pdum_DN88721_c1_g1_i8:1846-3393   -            516 578734at33208        -            193   8.9e-19   65.5  26.7   2   7       0.3       9.9    3.4   0.1    28    87   118   181   112   197 0.73 -
Pdum_DN88721_c1_g1_i8:1846-3393   -            516 578734at33208        -            193   8.9e-19   65.5  26.7   3   7   0.00053     0.017   12.3   1.0    35   114   162   241   152   247 0.79 -
Pdum_DN88721_c1_g1_i8:1846-3393   -            516 578734at33208        -            193   8.9e-19   65.5  26.7   4   7   1.7e-06   5.6e-05   20.5   0.6    28   109   248   330   245   336 0.69 -
Pdum_DN88721_c1_g1_i8:1846-3393   -            516 578734at33208        -            193   8.9e-19   65.5  26.7   5   7    0.0023     0.074   10.3   0.0    74   112   337   377   331   382 0.85 -
Pdum_DN88721_c1_g1_i8:1846-3393   -            516 578734at33208        -            193   8.9e-19   65.5  26.7   6   7   3.2e-05     0.001   16.3   0.6    74   149   383   466   376   467 0.78 -
Pdum_DN88721_c1_g1_i8:1846-3393   -            516 578734at33208        -            193   8.9e-19   65.5  26.7   7   7    0.0096      0.32    8.2   0.8    70   108   447   489   422   513 0.67 -
Pdum_DN91871_c1_g1_i7:3931-4680   -            250 578734at33208        -            193   2.3e-18   64.1   1.8   1   4    0.0097      0.32    8.2   0.0   116   146    26    56    11    59 0.88 -
Pdum_DN91871_c1_g1_i7:3931-4680   -            250 578734at33208        -            193   2.3e-18   64.1   1.8   2   4   0.00022    0.0074   13.6   0.0    67   116    60   112    57   125 0.81 -
Pdum_DN91871_c1_g1_i7:3931-4680   -            250 578734at33208        -            193   2.3e-18   64.1   1.8   3   4   4.5e-10   1.5e-08   32.1   0.2    67   148   129   219   117   221 0.86 -
Pdum_DN91871_c1_g1_i7:3931-4680   -            250 578734at33208        -            193   2.3e-18   64.1   1.8   4   4      0.12       4.1    4.6   0.0    68    94   222   248   220   250 0.89 -
Pdum_DN85865_c4_g2_i4:452-1258    -            269 578734at33208        -            193   7.4e-18   62.5   6.6   1   3   3.1e-05     0.001   16.4   0.4    72   113    36    80    31    82 0.86 -
Pdum_DN85865_c4_g2_i4:452-1258    -            269 578734at33208        -            193   7.4e-18   62.5   6.6   2   3   7.1e-10   2.3e-08   31.5   0.4    67   148    77   169    76   169 0.81 -
Pdum_DN85865_c4_g2_i4:452-1258    -            269 578734at33208        -            193   7.4e-18   62.5   6.6   3   3   2.8e-05   0.00092   16.5   0.0    67   101   171   205   169   210 0.94 -
Pdum_DN91223_c8_g3_i5:452-1168    -            239 578734at33208        -            193   2.6e-17   60.7  11.3   1   3   2.5e-06   8.1e-05   19.9   0.3    73   149     9    96     2    97 0.74 -
Pdum_DN91223_c8_g3_i5:452-1168    -            239 578734at33208        -            193   2.6e-17   60.7  11.3   2   3   5.1e-06   0.00017   18.9   0.2    67   118    97   151    96   152 0.86 -
Pdum_DN91223_c8_g3_i5:452-1168    -            239 578734at33208        -            193   2.6e-17   60.7  11.3   3   3   7.6e-10   2.5e-08   31.4   1.5    66   142   142   226   141   232 0.84 -
Pdum_DN78698_c0_g1_i1:195-1151    -            319 578734at33208        -            193   8.3e-17   59.1  10.9   1   3   1.4e-07   4.6e-06   24.0   2.1    66   112    38    87     2    88 0.74 -
Pdum_DN78698_c0_g1_i1:195-1151    -            319 578734at33208        -            193   8.3e-17   59.1  10.9   2   3   1.2e-08   3.8e-07   27.5   1.5    66   149    84   176    70   178 0.81 -
Pdum_DN78698_c0_g1_i1:195-1151    -            319 578734at33208        -            193   8.3e-17   59.1  10.9   3   3   0.00014    0.0045   14.3   0.1    67   118   177   230   173   235 0.81 -
Pdum_DN86762_c0_g2_i7:971-1825    -            285 578734at33208        -            193   1.1e-16   58.7  17.3   1   4    0.0017     0.055   10.7   0.0    71   111     4    48     1    50 0.81 -
Pdum_DN86762_c0_g2_i7:971-1825    -            285 578734at33208        -            193   1.1e-16   58.7  17.3   2   4   0.00029    0.0095   13.2   0.1    69   112    50    97    46   101 0.86 -
Pdum_DN86762_c0_g2_i7:971-1825    -            285 578734at33208        -            193   1.1e-16   58.7  17.3   3   4   5.7e-06   0.00019   18.8   3.9    17    92    95   169    94   191 0.74 -
Pdum_DN86762_c0_g2_i7:971-1825    -            285 578734at33208        -            193   1.1e-16   58.7  17.3   4   4   3.3e-07   1.1e-05   22.8   2.9    33   116   191   269   179   277 0.86 -
Pdum_DN88406_c0_g2_i1:4425-5549   -            375 578734at33208        -            193   1.5e-15   54.9  26.4   1   6   0.00068     0.022   12.0   0.0    62   111     9    63     2    68 0.85 -
Pdum_DN88406_c0_g2_i1:4425-5549   -            375 578734at33208        -            193   1.5e-15   54.9  26.4   2   6   0.00016    0.0051   14.1   0.6    73   131    69   137    64   139 0.71 -
Pdum_DN88406_c0_g2_i1:4425-5549   -            375 578734at33208        -            193   1.5e-15   54.9  26.4   3   6   0.00027    0.0088   13.3   5.7    27   115    96   186    92   188 0.80 -
Pdum_DN88406_c0_g2_i1:4425-5549   -            375 578734at33208        -            193   1.5e-15   54.9  26.4   4   6   1.5e-06   4.9e-05   20.6   6.6    71   153   186   279   184   299 0.77 -
Pdum_DN88406_c0_g2_i1:4425-5549   -            375 578734at33208        -            193   1.5e-15   54.9  26.4   5   6     0.014      0.45    7.7   0.0    72   113   305   350   281   360 0.80 -
Pdum_DN88406_c0_g2_i1:4425-5549   -            375 578734at33208        -            193   1.5e-15   54.9  26.4   6   6       4.8   1.6e+02   -0.6   0.1    74    90   357   373   351   375 0.58 -
Pdum_DN91576_c4_g1_i3:2317-3696   -            460 578734at33208        -            193     3e-15   54.0  32.5   1   5     0.021      0.68    7.1   0.2    78   112    37    75    28    81 0.72 -
Pdum_DN91576_c4_g1_i3:2317-3696   -            460 578734at33208        -            193     3e-15   54.0  32.5   2   5   4.3e-07   1.4e-05   22.4   2.1    71   148    54   142    50   171 0.60 -
Pdum_DN91576_c4_g1_i3:2317-3696   -            460 578734at33208        -            193     3e-15   54.0  32.5   3   5   2.7e-05   0.00087   16.6   4.1    70   149   172   259   144   262 0.85 -
Pdum_DN91576_c4_g1_i3:2317-3696   -            460 578734at33208        -            193     3e-15   54.0  32.5   4   5   9.4e-05    0.0031   14.8   2.2    64   131   258   326   257   332 0.86 -
Pdum_DN91576_c4_g1_i3:2317-3696   -            460 578734at33208        -            193     3e-15   54.0  32.5   5   5   2.5e-05   0.00081   16.7   0.9    70   115   333   382   323   402 0.76 -
Pdum_DN70239_c0_g1_i1:1594-2223   -            210 578734at33208        -            193   9.3e-15   52.4   8.1   1   4   4.8e-05    0.0016   15.7   0.7    77   114     2    40     1    63 0.81 -
Pdum_DN70239_c0_g1_i1:1594-2223   -            210 578734at33208        -            193   9.3e-15   52.4   8.1   2   4   0.00026    0.0086   13.3   0.4    74   115    79   124    46   126 0.83 -
Pdum_DN70239_c0_g1_i1:1594-2223   -            210 578734at33208        -            193   9.3e-15   52.4   8.1   3   4   0.00047     0.015   12.5   0.6    76   115    81   124    80   148 0.68 -
Pdum_DN70239_c0_g1_i1:1594-2223   -            210 578734at33208        -            193   9.3e-15   52.4   8.1   4   4     3e-08   9.9e-07   26.2   0.1    63   111   140   188   128   205 0.89 -
Pdum_DN91875_c1_g1_i1:557-1504    -            316 578734at33208        -            193   1.4e-14   51.8  20.7   1   4   2.8e-05   0.00091   16.5   0.8    99   150     2    61     1    79 0.81 -
Pdum_DN91875_c1_g1_i1:557-1504    -            316 578734at33208        -            193   1.4e-14   51.8  20.7   2   4    0.0021     0.069   10.4   0.0    74   116    45    89    40    90 0.76 -
Pdum_DN91875_c1_g1_i1:557-1504    -            316 578734at33208        -            193   1.4e-14   51.8  20.7   3   4   1.1e-07   3.7e-06   24.3   6.2    18   111    84   180    67   189 0.80 -
Pdum_DN91875_c1_g1_i1:557-1504    -            316 578734at33208        -            193   1.4e-14   51.8  20.7   4   4   3.8e-06   0.00012   19.3   3.3    28   148   166   297   163   301 0.78 -
Pdum_DN87468_c0_g2_i3:294-1007    -            238 578734at33208        -            193   1.4e-14   51.8  14.5   1   3   2.4e-06     8e-05   20.0   0.1    72   116    19    68     7    74 0.80 -
Pdum_DN87468_c0_g2_i3:294-1007    -            238 578734at33208        -            193   1.4e-14   51.8  14.5   2   3   5.9e-07   1.9e-05   22.0   5.6    29   113    75   158    69   162 0.77 -
Pdum_DN87468_c0_g2_i3:294-1007    -            238 578734at33208        -            193   1.4e-14   51.8  14.5   3   3   0.00062      0.02   12.1   0.2    25   113   163   230   161   234 0.46 -
Pdum_DN90193_c5_g1_i9:944-1825    -            294 578734at33208        -            193     4e-14   50.3   4.1   1   3     3e-06    0.0001   19.6   0.7    58   132    22   105     4   117 0.79 -
Pdum_DN90193_c5_g1_i9:944-1825    -            294 578734at33208        -            193     4e-14   50.3   4.1   2   3     0.058       1.9    5.7   0.0    62    93   144   175   106   177 0.70 -
Pdum_DN90193_c5_g1_i9:944-1825    -            294 578734at33208        -            193     4e-14   50.3   4.1   3   3   6.4e-08   2.1e-06   25.1   0.1    69   170   175   291   171   293 0.75 -
Pdum_DN86762_c0_g1_i5:1-633       -            211 578734at33208        -            193   1.5e-13   48.4   1.7   1   3     2e-05   0.00067   17.0   0.3    37   112    33   103    11   106 0.68 -
Pdum_DN86762_c0_g1_i5:1-633       -            211 578734at33208        -            193   1.5e-13   48.4   1.7   2   3   5.4e-05    0.0018   15.6   0.0    74   115   109   154   105   156 0.85 -
Pdum_DN86762_c0_g1_i5:1-633       -            211 578734at33208        -            193   1.5e-13   48.4   1.7   3   3   0.00035     0.012   12.9   0.0    72   113   155   200   153   205 0.83 -
Pdum_DN85765_c0_g1_i13:2137-3027  -            297 578734at33208        -            193   1.8e-13   48.1   0.3   1   3   3.6e-06   0.00012   19.4   0.2    22   112    39   129    20   145 0.81 -
Pdum_DN85765_c0_g1_i13:2137-3027  -            297 578734at33208        -            193   1.8e-13   48.1   0.3   2   3     0.012      0.38    8.0   0.0    63    93   148   178   132   180 0.83 -
Pdum_DN85765_c0_g1_i13:2137-3027  -            297 578734at33208        -            193   1.8e-13   48.1   0.3   3   3   1.4e-05   0.00047   17.4   0.0    71   171   180   295   178   297 0.76 -
Pdum_DN91871_c1_g1_i7:4132-4578   -            149 578734at33208        -            193     3e-13   47.4   0.2   1   3   0.00013    0.0043   14.3   0.0    67   112     3    51     1    55 0.83 -
Pdum_DN91871_c1_g1_i7:4132-4578   -            149 578734at33208        -            193     3e-13   47.4   0.2   2   3     0.015       0.5    7.6   0.0    68    99    50    81    47    91 0.87 -
Pdum_DN91871_c1_g1_i7:4132-4578   -            149 578734at33208        -            193     3e-13   47.4   0.2   3   3     1e-07   3.3e-06   24.5   0.1    67   112    95   143    78   148 0.86 -
Pdum_DN74595_c0_g1_i2:261-1511    -            417 578734at33208        -            193   3.9e-13   47.1  14.7   1   2   4.5e-09   1.5e-07   28.9   6.1    68   146   169   259   110   259 0.75 -
Pdum_DN74595_c0_g1_i2:261-1511    -            417 578734at33208        -            193   3.9e-13   47.1  14.7   2   2   8.6e-07   2.8e-05   21.4   7.0    28   103   227   299   225   335 0.87 -
Pdum_DN87210_c0_g1_i4:1265-2329   -            355 578734at33208        -            193     5e-13   46.7  10.4   1   4   2.5e-05   0.00082   16.7   1.2    68   138    16    90     8   106 0.84 -
Pdum_DN87210_c0_g1_i4:1265-2329   -            355 578734at33208        -            193     5e-13   46.7  10.4   2   4     1e-05   0.00034   17.9   0.1    25   146   123   253   115   259 0.80 -
Pdum_DN87210_c0_g1_i4:1265-2329   -            355 578734at33208        -            193     5e-13   46.7  10.4   3   4   0.00089     0.029   11.6   0.0    17    91   233   308   206   313 0.61 -
Pdum_DN87210_c0_g1_i4:1265-2329   -            355 578734at33208        -            193     5e-13   46.7  10.4   4   4   7.5e-05    0.0025   15.1   0.6    21   106   261   355   257   355 0.61 -
Pdum_DN88282_c1_g1_i4:924-1898    -            325 578734at33208        -            193   6.9e-13   46.3  20.7   1   5     4e-06   0.00013   19.3   0.3    62   115     6    61     3    66 0.85 -
Pdum_DN88282_c1_g1_i4:924-1898    -            325 578734at33208        -            193   6.9e-13   46.3  20.7   2   5      0.14       4.8    4.4   0.0    77   108    67   102    61   108 0.63 -
Pdum_DN88282_c1_g1_i4:924-1898    -            325 578734at33208        -            193   6.9e-13   46.3  20.7   3   5    0.0013     0.043   11.1   1.6    38   125   111   178   105   183 0.45 -
Pdum_DN88282_c1_g1_i4:924-1898    -            325 578734at33208        -            193   6.9e-13   46.3  20.7   4   5   5.8e-07   1.9e-05   22.0   8.2    17   129   140   259   138   261 0.77 -
Pdum_DN88282_c1_g1_i4:924-1898    -            325 578734at33208        -            193   6.9e-13   46.3  20.7   5   5    0.0018     0.058   10.6   0.7    73   112   216   259   214   277 0.81 -
Pdum_DN92140_c4_g1_i1:6249-7646   -            466 578734at33208        -            193     7e-13   46.3   9.0   1   4   5.7e-06   0.00019   18.8   1.3    64   122    11    71     1    85 0.59 -
Pdum_DN92140_c4_g1_i1:6249-7646   -            466 578734at33208        -            193     7e-13   46.3   9.0   2   4     0.016      0.53    7.5   0.0    75   111   162   202   131   223 0.82 -
Pdum_DN92140_c4_g1_i1:6249-7646   -            466 578734at33208        -            193     7e-13   46.3   9.0   3   4      0.11       3.5    4.8   0.0    40    59   293   312   286   327 0.58 -
Pdum_DN92140_c4_g1_i1:6249-7646   -            466 578734at33208        -            193     7e-13   46.3   9.0   4   4   2.4e-05   0.00079   16.7   0.1    66   111   367   415   351   424 0.83 -
Pdum_DN86710_c0_g1_i1:1297-2430   -            378 578734at33208        -            193     8e-13   46.1  13.1   1   3   6.3e-07   2.1e-05   21.9   1.0    78   176    54   161    34   166 0.74 -
Pdum_DN86710_c0_g1_i1:1297-2430   -            378 578734at33208        -            193     8e-13   46.1  13.1   2   3   0.00024    0.0079   13.5   1.5    73   127   165   231   160   233 0.74 -
Pdum_DN86710_c0_g1_i1:1297-2430   -            378 578734at33208        -            193     8e-13   46.1  13.1   3   3   0.00011    0.0037   14.5   0.9    78   114   219   259   214   281 0.55 -
Pdum_DN71249_c0_g2_i4:114-485     -            124 578734at33208        -            193   2.6e-12   44.4   0.6   1   1   1.5e-13   4.9e-12   43.5   0.6    66   147    26   116     3   119 0.80 -
Pdum_DN73431_c0_g1_i2:579-1325    -            249 578734at33208        -            193   2.7e-12   44.3   2.0   1   3     2e-05   0.00067   17.0   0.1    71   148    19   107     9   111 0.78 -
Pdum_DN73431_c0_g1_i2:579-1325    -            249 578734at33208        -            193   2.7e-12   44.3   2.0   2   3   9.6e-08   3.2e-06   24.5   0.1    70   144   113   199    88   207 0.72 -
Pdum_DN73431_c0_g1_i2:579-1325    -            249 578734at33208        -            193   2.7e-12   44.3   2.0   3   3      0.32        11    3.2   0.0    64    94   203   233   168   248 0.69 -
Pdum_DN80006_c0_g1_i7:712-1794    -            361 578734at33208        -            193   9.7e-12   42.5  15.7   1   4      0.12         4    4.7   0.0    36    61    19    44     7    47 0.83 -
Pdum_DN80006_c0_g1_i7:712-1794    -            361 578734at33208        -            193   9.7e-12   42.5  15.7   2   4   6.2e-07     2e-05   21.9   2.4    28   119    55   150    48   159 0.84 -
Pdum_DN80006_c0_g1_i7:712-1794    -            361 578734at33208        -            193   9.7e-12   42.5  15.7   3   4   0.00038     0.013   12.8   0.1    60   129   156   234   145   241 0.74 -
Pdum_DN80006_c0_g1_i7:712-1794    -            361 578734at33208        -            193   9.7e-12   42.5  15.7   4   4    0.0038      0.13    9.5   1.6    69   112   296   343   246   361 0.55 -
Pdum_DN89910_c5_g1_i3:2314-2991   -            226 578734at33208        -            193   2.2e-11   41.4   6.5   1   3      0.01      0.34    8.1   0.0    77   112     2    38     1    42 0.89 -
Pdum_DN89910_c5_g1_i3:2314-2991   -            226 578734at33208        -            193   2.2e-11   41.4   6.5   2   3   1.9e-06   6.3e-05   20.3   0.6    23   111    41   133    38   136 0.70 -
Pdum_DN89910_c5_g1_i3:2314-2991   -            226 578734at33208        -            193   2.2e-11   41.4   6.5   3   3   7.9e-06   0.00026   18.3   1.0    71   168   113   224   109   226 0.77 -
Pdum_DN83423_c0_g1_i3:4390-4932   -            181 578734at33208        -            193   2.5e-11   41.2   5.6   1   2   3.4e-05    0.0011   16.2   0.3    70   118    40    91     1    96 0.65 -
Pdum_DN83423_c0_g1_i3:4390-4932   -            181 578734at33208        -            193   2.5e-11   41.2   5.6   2   2   1.2e-10   3.8e-09   34.1   0.9    22   115    41   134    39   157 0.78 -
Pdum_DN91375_c2_g1_i5:2925-3452   -            176 578734at33208        -            193   2.5e-11   41.2  19.9   1   2   3.3e-06   0.00011   19.6   3.0    76   148     7    84     1    86 0.80 -
Pdum_DN91375_c2_g1_i5:2925-3452   -            176 578734at33208        -            193   2.5e-11   41.2  19.9   2   2   7.3e-09   2.4e-07   28.2   9.0    67   148    86   176    83   176 0.86 -
Pdum_DN76481_c1_g1_i2:2536-3198   -            221 578734at33208        -            193   4.6e-11   40.3  11.9   1   4    0.0046      0.15    9.3   0.1    76   112     9    48     1    53 0.72 -
Pdum_DN76481_c1_g1_i2:2536-3198   -            221 578734at33208        -            193   4.6e-11   40.3  11.9   2   4   2.7e-06   8.7e-05   19.8   2.3    72   148    52   140    48   140 0.78 -
Pdum_DN76481_c1_g1_i2:2536-3198   -            221 578734at33208        -            193   4.6e-11   40.3  11.9   3   4   6.9e-05    0.0023   15.2   0.3    36    88   121   188   111   193 0.38 -
Pdum_DN76481_c1_g1_i2:2536-3198   -            221 578734at33208        -            193   4.6e-11   40.3  11.9   4   4      0.19       6.1    4.0   0.0    32    59   194   221   187   221 0.82 -
Pdum_DN83304_c0_g1_i7:701-2119    -            473 578734at33208        -            193   7.3e-11   39.7  21.4   1   7       6.6   2.2e+02   -1.0   0.1    95   108    51    64    23    93 0.74 -
Pdum_DN83304_c0_g1_i7:701-2119    -            473 578734at33208        -            193   7.3e-11   39.7  21.4   2   7      0.24         8    3.7   0.3    80   119    81   123    59   142 0.61 -
Pdum_DN83304_c0_g1_i7:701-2119    -            473 578734at33208        -            193   7.3e-11   39.7  21.4   3   7   0.00046     0.015   12.5   1.0    60   117   108   168    84   181 0.73 -
Pdum_DN83304_c0_g1_i7:701-2119    -            473 578734at33208        -            193   7.3e-11   39.7  21.4   4   7   4.9e-06   0.00016   19.0   0.1    25   109   145   230   134   241 0.83 -
Pdum_DN83304_c0_g1_i7:701-2119    -            473 578734at33208        -            193   7.3e-11   39.7  21.4   5   7    0.0026     0.085   10.1   1.5    29   112   246   334   237   362 0.76 -
Pdum_DN83304_c0_g1_i7:701-2119    -            473 578734at33208        -            193   7.3e-11   39.7  21.4   6   7     0.025      0.82    6.9   0.2    17    41   378   402   371   406 0.78 -
Pdum_DN83304_c0_g1_i7:701-2119    -            473 578734at33208        -            193   7.3e-11   39.7  21.4   7   7    0.0075      0.25    8.6   0.0    18    84   403   471   400   473 0.68 -
Pdum_DN88413_c1_g3_i5:1730-2284   -            185 578734at33208        -            193   8.3e-11   39.5  14.5   1   3   1.1e-05   0.00037   17.8   3.8    32   112     9    91     1    95 0.69 -
Pdum_DN88413_c1_g3_i5:1730-2284   -            185 578734at33208        -            193   8.3e-11   39.5  14.5   2   3   1.9e-06   6.4e-05   20.3   4.1    25   111    73   163    65   164 0.69 -
Pdum_DN88413_c1_g3_i5:1730-2284   -            185 578734at33208        -            193   8.3e-11   39.5  14.5   3   3   1.4e-07   4.7e-06   24.0   3.6    72   148    95   185    89   185 0.76 -
Pdum_DN77537_c0_g1_i2:993-1934    -            314 578734at33208        -            193   1.9e-10   38.3  14.9   1   3      0.93        31    1.8   0.0    76   111    19    55     6    56 0.50 -
Pdum_DN77537_c0_g1_i2:993-1934    -            314 578734at33208        -            193   1.9e-10   38.3  14.9   2   3   1.3e-05   0.00042   17.6   3.6    27   153    48   177    29   201 0.79 -
Pdum_DN77537_c0_g1_i2:993-1934    -            314 578734at33208        -            193   1.9e-10   38.3  14.9   3   3   9.4e-08   3.1e-06   24.6   3.7    49   147   203   313   182   314 0.78 -
Pdum_DN89381_c1_g1_i5:34-936      -            301 578734at33208        -            193   2.7e-10   37.8  13.6   1   4    0.0026     0.087   10.1   0.7    70   115    13    62     4    79 0.81 -
Pdum_DN89381_c1_g1_i5:34-936      -            301 578734at33208        -            193   2.7e-10   37.8  13.6   2   4     0.019      0.64    7.2   0.2    77   113   133   177   127   181 0.59 -
Pdum_DN89381_c1_g1_i5:34-936      -            301 578734at33208        -            193   2.7e-10   37.8  13.6   3   4   7.1e-08   2.3e-06   25.0   1.0    72   121   180   234   176   242 0.81 -
Pdum_DN89381_c1_g1_i5:34-936      -            301 578734at33208        -            193   2.7e-10   37.8  13.6   4   4      0.45        15    2.8   0.0    68   104   226   263   223   294 0.85 -
Pdum_DN91986_c3_g1_i1:3533-4180   -            216 578734at33208        -            193   3.3e-10   37.5  14.5   1   4   0.00013    0.0043   14.3   0.2    72   117     6    53     1    55 0.84 -
Pdum_DN91986_c3_g1_i1:3533-4180   -            216 578734at33208        -            193   3.3e-10   37.5  14.5   2   4   0.00043     0.014   12.6   0.6    78   148    34   117    33   121 0.65 -
Pdum_DN91986_c3_g1_i1:3533-4180   -            216 578734at33208        -            193   3.3e-10   37.5  14.5   3   4   4.2e-07   1.4e-05   22.5   3.3    43   149    56   165    51   168 0.62 -
Pdum_DN91986_c3_g1_i1:3533-4180   -            216 578734at33208        -            193   3.3e-10   37.5  14.5   4   4      0.26       8.5    3.6   0.3    73   107   171   208   166   213 0.62 -
Pdum_DN78561_c0_g1_i1:1181-2056   -            292 578734at33208        -            193   3.5e-10   37.4  10.8   1   3    0.0018     0.059   10.6   0.1    66   111    42    95     1   103 0.63 -
Pdum_DN78561_c0_g1_i1:1181-2056   -            292 578734at33208        -            193   3.5e-10   37.4  10.8   2   3   6.3e-05    0.0021   15.4   2.0    19   108   123   216    97   219 0.60 -
Pdum_DN78561_c0_g1_i1:1181-2056   -            292 578734at33208        -            193   3.5e-10   37.4  10.8   3   3    0.0014     0.045   11.0   0.3    29    88   233   291   219   292 0.55 -
Pdum_DN88840_c3_g1_i2:2856-3701   -            282 578734at33208        -            193   4.2e-10   37.2  21.3   1   3   0.00086     0.028   11.7   1.9    51   112    29    93    19    97 0.61 -
Pdum_DN88840_c3_g1_i2:2856-3701   -            282 578734at33208        -            193   4.2e-10   37.2  21.3   2   3   8.2e-05    0.0027   15.0   0.0    72   116    97   145    94   150 0.84 -
Pdum_DN88840_c3_g1_i2:2856-3701   -            282 578734at33208        -            193   4.2e-10   37.2  21.3   3   3     0.066       2.2    5.5   0.2    72   108   242   282   237   282 0.80 -
Pdum_DN90127_c2_g1_i1:4449-5648   -            400 578734at33208        -            193   4.9e-10   37.0   8.9   1   3   5.2e-05    0.0017   15.6   0.1    24   149    57   189     3   195 0.79 -
Pdum_DN90127_c2_g1_i1:4449-5648   -            400 578734at33208        -            193   4.9e-10   37.0   8.9   2   3     0.052       1.7    5.9   0.1    74   112   198   237   193   262 0.71 -
Pdum_DN90127_c2_g1_i1:4449-5648   -            400 578734at33208        -            193   4.9e-10   37.0   8.9   3   3   0.00077     0.025   11.8   1.5    24   103   265   348   257   400 0.72 -
Pdum_DN91775_c3_g1_i1:3810-4184   -            125 578734at33208        -            193   5.4e-10   36.8   0.3   1   2   0.00079     0.026   11.8   0.0   110   138    15    43     4    46 0.89 -
Pdum_DN91775_c3_g1_i1:3810-4184   -            125 578734at33208        -            193   5.4e-10   36.8   0.3   2   2   1.5e-07     5e-06   23.9   0.3    29    94    43   107    41   124 0.83 -
Pdum_DN82535_c0_g1_i3:253-918     -            222 578734at33208        -            193     7e-10   36.5  11.8   1   3    0.0019     0.063   10.5   0.1    63   111     5    57     1    63 0.76 -
Pdum_DN82535_c0_g1_i3:253-918     -            222 578734at33208        -            193     7e-10   36.5  11.8   2   3   1.5e-06     5e-05   20.6   0.1    71   111    61   105    57   114 0.83 -
Pdum_DN82535_c0_g1_i3:253-918     -            222 578734at33208        -            193     7e-10   36.5  11.8   3   3    0.0051      0.17    9.1   3.4    37   111   132   201   108   207 0.66 -
Pdum_DN84605_c0_g1_i1:2167-2478   -            104 578734at33208        -            193   1.5e-09   35.4   6.1   1   1   1.6e-10   5.3e-09   33.6   5.2    23   109    16   103    10   104 0.88 -
Pdum_DN88656_c0_g1_i3:3346-4263   -            306 578734at33208        -            193   2.3e-09   34.8   9.5   1   4     0.028      0.93    6.7   0.0    72    93   100   121    18   123 0.73 -
Pdum_DN88656_c0_g1_i3:3346-4263   -            306 578734at33208        -            193   2.3e-09   34.8   9.5   2   4    0.0036      0.12    9.6   0.0    72   111   100   143    82   147 0.78 -
Pdum_DN88656_c0_g1_i3:3346-4263   -            306 578734at33208        -            193   2.3e-09   34.8   9.5   3   4   4.4e-06   0.00015   19.1   0.3    72   149   124   213   121   218 0.77 -
Pdum_DN88656_c0_g1_i3:3346-4263   -            306 578734at33208        -            193   2.3e-09   34.8   9.5   4   4     0.025      0.83    6.9   0.1    69    96   265   292   258   306 0.82 -
Pdum_DN70088_c0_g1_i4:987-2129    -            381 578734at33208        -            193   4.5e-09   33.8  12.5   1   5     0.051       1.7    5.9   0.0    72    95    46    69    36    74 0.83 -
Pdum_DN70088_c0_g1_i4:987-2129    -            381 578734at33208        -            193   4.5e-09   33.8  12.5   2   5     0.025      0.81    6.9   0.1    61   112   116   171    70   196 0.53 -
Pdum_DN70088_c0_g1_i4:987-2129    -            381 578734at33208        -            193   4.5e-09   33.8  12.5   3   5   0.00037     0.012   12.9   0.3    68   118   192   247   182   257 0.77 -
Pdum_DN70088_c0_g1_i4:987-2129    -            381 578734at33208        -            193   4.5e-09   33.8  12.5   4   5    0.0028     0.092   10.0   0.4   111   152   273   316   256   333 0.76 -
Pdum_DN70088_c0_g1_i4:987-2129    -            381 578734at33208        -            193   4.5e-09   33.8  12.5   5   5      0.31        10    3.3   0.0    72   111   317   360   314   380 0.81 -
Pdum_DN66154_c1_g1_i7:584-1195    -            204 578734at33208        -            193   6.9e-09   33.2  10.3   1   3   3.6e-06   0.00012   19.4   6.8    20   110    10   105     5   135 0.74 -
Pdum_DN66154_c1_g1_i7:584-1195    -            204 578734at33208        -            193   6.9e-09   33.2  10.3   2   3   9.6e-05    0.0032   14.8   1.5    29   112    93   183    92   188 0.74 -
Pdum_DN66154_c1_g1_i7:584-1195    -            204 578734at33208        -            193   6.9e-09   33.2  10.3   3   3       1.6        52    1.0   0.0    18    39   182   203   180   204 0.67 -
Pdum_DN88406_c0_g2_i1:5136-5561   -            142 578734at33208        -            193   7.7e-09   33.1   1.4   1   2   5.5e-05    0.0018   15.6   0.0    60   111    11    67     1    73 0.82 -
Pdum_DN88406_c0_g2_i1:5136-5561   -            142 578734at33208        -            193   7.7e-09   33.1   1.4   2   2   2.4e-05   0.00079   16.7   0.5    72   131    72   141    66   142 0.72 -
Pdum_DN73711_c2_g4_i7:642-1112    -            157 578734at33208        -            193   8.7e-09   32.9   8.1   1   3   0.00034     0.011   13.0   0.8    78   114    12    56     6    59 0.61 -
Pdum_DN73711_c2_g4_i7:642-1112    -            157 578734at33208        -            193   8.7e-09   32.9   8.1   2   3   3.7e-06   0.00012   19.4   0.9    72   120    58   111    55   113 0.78 -
Pdum_DN73711_c2_g4_i7:642-1112    -            157 578734at33208        -            193   8.7e-09   32.9   8.1   3   3      0.22       7.3    3.8   0.0    68   104   104   141   100   152 0.81 -
Pdum_DN89399_c1_g1_i20:1446-1991  -            182 578734at33208        -            193   1.3e-08   32.4  11.0   1   3   0.00051     0.017   12.4   0.9    78   107     3    36     1    41 0.50 -
Pdum_DN89399_c1_g1_i20:1446-1991  -            182 578734at33208        -            193   1.3e-08   32.4  11.0   2   3   0.00013    0.0042   14.4   0.2    25   114    23    91    21    94 0.51 -
Pdum_DN89399_c1_g1_i20:1446-1991  -            182 578734at33208        -            193   1.3e-08   32.4  11.0   3   3    0.0009      0.03   11.6   1.6    25   140    95   173    92   180 0.39 -
Pdum_DN91181_c2_g2_i2:1663-2265   -            201 578734at33208        -            193   1.3e-08   32.3  15.3   1   2   1.1e-07   3.6e-06   24.4   6.5    18   116    10   111     8   116 0.62 -
Pdum_DN91181_c2_g2_i2:1663-2265   -            201 578734at33208        -            193   1.3e-08   32.3  15.3   2   2     0.003       0.1    9.9   1.4    29   112   119   181   112   197 0.49 -
Pdum_DN84389_c0_g1_i3:1713-2219   -            169 578734at33208        -            193   1.5e-08   32.1   0.1   1   2   0.00031      0.01   13.1   0.1    31   114    27    89     1    92 0.53 -
Pdum_DN84389_c0_g1_i3:1713-2219   -            169 578734at33208        -            193   1.5e-08   32.1   0.1   2   2   3.3e-05    0.0011   16.3   0.0    71   148    90   169    88   169 0.84 -
Pdum_DN41956_c0_g1_i2:698-1324    -            209 578734at33208        -            193   2.5e-08   31.4  11.6   1   2     2e-06   6.6e-05   20.3   3.5    29   130     2   113     1   116 0.74 -
Pdum_DN41956_c0_g1_i2:698-1324    -            209 578734at33208        -            193   2.5e-08   31.4  11.6   2   2     9e-06    0.0003   18.1   2.1    41   147    94   208    88   209 0.74 -
Pdum_DN87210_c0_g1_i4:2156-2596   -            147 578734at33208        -            193     4e-08   30.7   5.4   1   2   1.1e-05   0.00037   17.8   1.4    29   108    24   101    11   104 0.79 -
Pdum_DN87210_c0_g1_i4:2156-2596   -            147 578734at33208        -            193     4e-08   30.7   5.4   2   2   2.8e-07   9.4e-06   23.0   3.7    22   106    41   147    39   147 0.66 -
Pdum_DN70882_c0_g1_i1:213-572     -            120 578734at33208        -            193   4.3e-08   30.7   0.5   1   1     2e-09   6.4e-08   30.1   0.5    20   109    30   119    18   120 0.81 -
Pdum_DN90329_c2_g1_i3:2251-2817   -            189 578734at33208        -            193   5.5e-08   30.3   8.1   1   4    0.0015     0.051   10.8   0.1    78   114     1    42     1    45 0.80 -
Pdum_DN90329_c2_g1_i3:2251-2817   -            189 578734at33208        -            193   5.5e-08   30.3   8.1   2   4   4.9e-06   0.00016   19.0   1.5    29   111    26   111    23   112 0.57 -
Pdum_DN90329_c2_g1_i3:2251-2817   -            189 578734at33208        -            193   5.5e-08   30.3   8.1   3   4   1.3e-05   0.00043   17.6   3.4    29   130    50   137    42   154 0.52 -
Pdum_DN90329_c2_g1_i3:2251-2817   -            189 578734at33208        -            193   5.5e-08   30.3   8.1   4   4     0.042       1.4    6.2   0.2    72    95   116   139   112   184 0.67 -
Pdum_DN91576_c4_g1_i3:2980-3495   -            172 578734at33208        -            193   6.3e-08   30.1   7.1   1   2   7.5e-07   2.5e-05   21.6   0.4    71   149    11   100     2   104 0.78 -
Pdum_DN91576_c4_g1_i3:2980-3495   -            172 578734at33208        -            193   6.3e-08   30.1   7.1   2   2   0.00074     0.024   11.9   1.5    70   128   105   170   100   172 0.85 -
Pdum_DN92253_c7_g1_i3:6699-7001   -            101 578734at33208        -            193   6.4e-08   30.1   0.5   1   1   1.6e-05   0.00053   17.3   0.0    71   116    11    60     2    62 0.77 -
Pdum_DN85891_c0_g1_i2:2053-2511   -            153 578734at33208        -            193   7.1e-08   29.9   5.4   1   3       1.1        37    1.5   0.1    78   107     2    35     1    40 0.61 -
Pdum_DN85891_c0_g1_i2:2053-2511   -            153 578734at33208        -            193   7.1e-08   29.9   5.4   2   3   5.3e-05    0.0017   15.6   1.0    32   109    36   110    19   114 0.67 -
Pdum_DN85891_c0_g1_i2:2053-2511   -            153 578734at33208        -            193   7.1e-08   29.9   5.4   3   3   0.00011    0.0037   14.5   0.1    21    55   113   147   110   152 0.86 -
Pdum_DN71036_c0_g1_i3:509-1393    -            295 578734at33208        -            193     8e-08   29.7   8.2   1   3      0.45        15    2.8   0.0    81   111     6    40     2    51 0.67 -
Pdum_DN71036_c0_g1_i3:509-1393    -            295 578734at33208        -            193     8e-08   29.7   8.2   2   3     0.001     0.033   11.4   0.1    32   111    59   142    45   148 0.72 -
Pdum_DN71036_c0_g1_i3:509-1393    -            295 578734at33208        -            193     8e-08   29.7   8.2   3   3   4.7e-05    0.0016   15.8   1.7    71   125   171   233   153   254 0.74 -
Pdum_DN83313_c0_g1_i5:1068-1655   -            196 578734at33208        -            193   8.6e-08   29.7   2.1   1   3   0.00034     0.011   13.0   0.0    80   114     4    42     1    63 0.81 -
Pdum_DN83313_c0_g1_i5:1068-1655   -            196 578734at33208        -            193   8.6e-08   29.7   2.1   2   3     0.011      0.36    8.1   0.0    63    92    83   112    69   115 0.87 -
Pdum_DN83313_c0_g1_i5:1068-1655   -            196 578734at33208        -            193   8.6e-08   29.7   2.1   3   3     0.042       1.4    6.1   0.2    65    91   147   176   135   189 0.55 -
Pdum_DN91775_c3_g1_i1:5136-5582   -            149 578734at33208        -            193     1e-07   29.4   4.0   1   2   7.7e-05    0.0025   15.1   0.1   110   148    16    55     1    59 0.74 -
Pdum_DN91775_c3_g1_i1:5136-5582   -            149 578734at33208        -            193     1e-07   29.4   4.0   2   2   0.00048     0.016   12.5   0.5    72   130    63   125    55   149 0.49 -
Pdum_DN86666_c0_g1_i2:1983-2753   -            257 578734at33208        -            193   1.1e-07   29.2  12.9   1   4     0.033       1.1    6.5   0.0    75   111     4    44     2    49 0.83 -
Pdum_DN86666_c0_g1_i2:1983-2753   -            257 578734at33208        -            193   1.1e-07   29.2  12.9   2   4      0.01      0.34    8.2   0.1    70   112    71   117    68   139 0.81 -
Pdum_DN86666_c0_g1_i2:1983-2753   -            257 578734at33208        -            193   1.1e-07   29.2  12.9   3   4    0.0039      0.13    9.5   0.8    22    87   144   208   141   212 0.83 -
Pdum_DN86666_c0_g1_i2:1983-2753   -            257 578734at33208        -            193   1.1e-07   29.2  12.9   4   4      0.11       3.7    4.8   0.4    38    92   217   238   209   257 0.53 -
Pdum_DN67653_c1_g3_i5:63-980      -            306 578734at33208        -            193   1.3e-07   29.0  12.6   1   4   0.00062     0.021   12.1   0.4    72   169    22   132    18   144 0.74 -
Pdum_DN67653_c1_g3_i5:63-980      -            306 578734at33208        -            193   1.3e-07   29.0  12.6   2   4   0.00052     0.017   12.4   1.3    29   111   149   235   144   247 0.77 -
Pdum_DN67653_c1_g3_i5:63-980      -            306 578734at33208        -            193   1.3e-07   29.0  12.6   3   4    0.0016     0.054   10.8   0.3    76   111   220   260   185   265 0.71 -
Pdum_DN67653_c1_g3_i5:63-980      -            306 578734at33208        -            193   1.3e-07   29.0  12.6   4   4      0.11       3.8    4.7   0.1    67   108   263   305   256   306 0.63 -
Pdum_DN83762_c0_g1_i1:334-756     -            141 578734at33208        -            193   2.2e-07   28.3   6.9   1   2   5.4e-07   1.8e-05   22.1   4.4    70   148     2    93     1    93 0.81 -
Pdum_DN83762_c0_g1_i1:334-756     -            141 578734at33208        -            193   2.2e-07   28.3   6.9   2   2    0.0005     0.016   12.4   0.7    62   113    66   122    64   139 0.83 -
Pdum_DN71063_c0_g1_i12:4687-5259  -            191 578734at33208        -            193   2.3e-07   28.3   1.1   1   3       2.2        73    0.5   0.0    78   108    17    48     9    53 0.64 -
Pdum_DN71063_c0_g1_i12:4687-5259  -            191 578734at33208        -            193   2.3e-07   28.3   1.1   2   3   2.1e-05   0.00071   16.9   0.3    70   117    54   105    38   144 0.66 -
Pdum_DN71063_c0_g1_i12:4687-5259  -            191 578734at33208        -            193   2.3e-07   28.3   1.1   3   3    0.0033      0.11    9.8   0.2    72   146   104   191   101   191 0.69 -
Pdum_DN91283_c2_g3_i4:368-1279    -            304 578734at33208        -            193   2.9e-07   27.9  10.6   1   2    0.0005     0.016   12.4   3.1    20   118     5   103     1   106 0.75 -
Pdum_DN91283_c2_g3_i4:368-1279    -            304 578734at33208        -            193   2.9e-07   27.9  10.6   2   2   3.9e-07   1.3e-05   22.6   2.3    25   148    55   187    47   195 0.75 -
Pdum_DN85774_c0_g1_i6:1104-1688   -            195 578734at33208        -            193   3.1e-07   27.8  12.0   1   2   2.6e-08   8.5e-07   26.4   9.4    18   118    10   124     4   146 0.76 -
Pdum_DN85774_c0_g1_i6:1104-1688   -            195 578734at33208        -            193   3.1e-07   27.8  12.0   2   2      0.36        12    3.1   0.2    72    95   122   145   118   177 0.77 -
Pdum_DN83304_c0_g1_i7:1439-1807   -            123 578734at33208        -            193   3.8e-07   27.5   3.2   1   2   3.9e-05    0.0013   16.0   0.2    61   120     5    67     1    79 0.75 -
Pdum_DN83304_c0_g1_i7:1439-1807   -            123 578734at33208        -            193   3.8e-07   27.5   3.2   2   2   7.8e-06   0.00026   18.3   0.3    28   103    44   120    42   123 0.80 -
Pdum_DN92813_c2_g1_i2:24-689      -            222 578734at33208        -            193   3.9e-07   27.5   4.6   1   3   0.00013    0.0042   14.4   0.3    69   148    11   100     2   104 0.82 -
Pdum_DN92813_c2_g1_i2:24-689      -            222 578734at33208        -            193   3.9e-07   27.5   4.6   2   3     0.008      0.26    8.5   0.2    66   113    77   129    70   135 0.77 -
Pdum_DN92813_c2_g1_i2:24-689      -            222 578734at33208        -            193   3.9e-07   27.5   4.6   3   3    0.0008     0.026   11.8   0.5    17   107   129   221   123   222 0.69 -
Pdum_DN91221_c0_g1_i5:6867-7259   -            131 578734at33208        -            193   4.6e-07   27.3   0.3   1   2   9.9e-07   3.3e-05   21.2   0.1    71   111    13    57     5    61 0.86 -
Pdum_DN91221_c0_g1_i5:6867-7259   -            131 578734at33208        -            193   4.6e-07   27.3   0.3   2   2      0.15       4.8    4.4   0.0    71   102    62   100    57   108 0.67 -
Pdum_DN88908_c2_g2_i1:2753-3388   -            212 578734at33208        -            193   5.8e-07   26.9   2.9   1   3      0.49        16    2.7   0.0    78   110    54    88    45    93 0.79 -
Pdum_DN88908_c2_g2_i1:2753-3388   -            212 578734at33208        -            193   5.8e-07   26.9   2.9   2   3   4.2e-07   1.4e-05   22.5   1.2    22   116    93   189    87   200 0.85 -
Pdum_DN88908_c2_g2_i1:2753-3388   -            212 578734at33208        -            193   5.8e-07   26.9   2.9   3   3     0.097       3.2    5.0   0.1    72    99   165   193   162   212 0.61 -
Pdum_DN88387_c0_g1_i9:2413-3072   -            220 578734at33208        -            193   8.9e-07   26.3   0.9   1   2   9.1e-05     0.003   14.8   0.0    67   144    84   175    31   177 0.69 -
Pdum_DN88387_c0_g1_i9:2413-3072   -            220 578734at33208        -            193   8.9e-07   26.3   0.9   2   2    0.0021     0.069   10.4   0.7    56   102   172   219   145   220 0.76 -
Pdum_DN66885_c0_g1_i12:594-1340   -            249 578734at33208        -            193   1.2e-06   26.0  13.6   1   2   0.00026    0.0086   13.3   3.0    25   112     5    92     1    98 0.73 -
Pdum_DN66885_c0_g1_i12:594-1340   -            249 578734at33208        -            193   1.2e-06   26.0  13.6   2   2   1.4e-05   0.00046   17.5   5.3    27   146    52   180    46   186 0.68 -
Pdum_DN85767_c2_g1_i2:2897-3337   -            147 578734at33208        -            193   1.7e-06   25.5  13.8   1   2   8.5e-06   0.00028   18.2   8.1    69   148    14   101     1   115 0.79 -
Pdum_DN85767_c2_g1_i2:2897-3337   -            147 578734at33208        -            193   1.7e-06   25.5  13.8   2   2    0.0011     0.037   11.3   5.1    79   146    68   147    67   147 0.53 -
Pdum_DN87121_c0_g1_i2:1013-1531   -            173 578734at33208        -            193   1.7e-06   25.4   0.0   1   2     0.057       1.9    5.7   0.0    81   114     2    39     1    41 0.83 -
Pdum_DN87121_c0_g1_i2:1013-1531   -            173 578734at33208        -            193   1.7e-06   25.4   0.0   2   2     7e-06   0.00023   18.5   0.0    63   170    32   152    29   160 0.80 -
Pdum_DN78378_c1_g3_i5:593-2113    -            507 578734at33208        -            193   2.1e-06   25.2  28.6   1   5      0.23       7.6    3.7   0.1    96   128    27    66    17    88 0.57 -
Pdum_DN78378_c1_g3_i5:593-2113    -            507 578734at33208        -            193   2.1e-06   25.2  28.6   2   5    0.0012     0.038   11.2   2.3    22   108    46   137    37   144 0.71 -
Pdum_DN78378_c1_g3_i5:593-2113    -            507 578734at33208        -            193   2.1e-06   25.2  28.6   3   5      0.13       4.2    4.6   0.1    70   104   190   227   145   237 0.67 -
Pdum_DN78378_c1_g3_i5:593-2113    -            507 578734at33208        -            193   2.1e-06   25.2  28.6   4   5     0.055       1.8    5.8   9.0    69   153   317   415   243   424 0.58 -
Pdum_DN78378_c1_g3_i5:593-2113    -            507 578734at33208        -            193   2.1e-06   25.2  28.6   5   5     0.041       1.3    6.2   0.6    77   112   399   438   390   487 0.42 -
Pdum_DN79850_c0_g2_i4:2801-3193   -            131 578734at33208        -            193   2.7e-06   24.8   4.4   1   2      0.03      0.98    6.6   0.2    95   111    10    26     2    30 0.72 -
Pdum_DN79850_c0_g2_i4:2801-3193   -            131 578734at33208        -            193   2.7e-06   24.8   4.4   2   2   4.6e-05    0.0015   15.8   0.2    72   113    29    75    27    80 0.74 -
Pdum_DN72493_c0_g2_i3:16-435      -            140 578734at33208        -            193   3.4e-06   24.5   0.8   1   1   1.7e-07   5.6e-06   23.7   0.6    20   108    45   137    38   140 0.87 -
Pdum_DN77973_c0_g1_i2:2358-2870   -            171 578734at33208        -            193   3.4e-06   24.4   4.9   1   1   2.4e-07   7.9e-06   23.2   4.5    62   116    11    68     1   114 0.74 -
Pdum_DN88303_c1_g1_i2:2086-2493   -            136 578734at33208        -            193   4.1e-06   24.2   1.1   1   1   5.7e-06   0.00019   18.8   1.1    36   139    16   125     6   135 0.57 -
Pdum_DN76457_c1_g1_i1:0-767       -            256 578734at33208        -            193   4.7e-06   24.0   8.2   1   3      0.54        18    2.5   0.0    80   111     3    38     1    43 0.71 -
Pdum_DN76457_c1_g1_i1:0-767       -            256 578734at33208        -            193   4.7e-06   24.0   8.2   2   3     2e-06   6.6e-05   20.2   1.2    72   174    43   155    39   164 0.79 -
Pdum_DN76457_c1_g1_i1:0-767       -            256 578734at33208        -            193   4.7e-06   24.0   8.2   3   3      0.17       5.6    4.2   0.3    44    75   189   220   164   256 0.45 -
Pdum_DN72094_c0_g2_i1:1021-1449   -            143 578734at33208        -            193   4.8e-06   24.0   1.9   1   1   5.7e-07   1.9e-05   22.0   1.9    32   146    18   141    12   143 0.55 -
Pdum_DN84936_c0_g4_i3:47-598      -            184 578734at33208        -            193   7.7e-06   23.3   6.5   1   2    0.0081      0.27    8.5   0.1    77   111     9    47     3    50 0.53 -
Pdum_DN84936_c0_g4_i3:47-598      -            184 578734at33208        -            193   7.7e-06   23.3   6.5   2   2   0.00048     0.016   12.5   5.5    69   117    76   128    37   145 0.76 -
Pdum_DN83849_c0_g1_i1:967-1686    -            240 578734at33208        -            193   7.9e-06   23.2   2.0   1   3   0.00091      0.03   11.6   0.0    61   117   110   171    73   173 0.70 -
Pdum_DN83849_c0_g1_i1:967-1686    -            240 578734at33208        -            193   7.9e-06   23.2   2.0   2   3   8.6e-06   0.00028   18.2   2.1    19   116   117   216   114   228 0.87 -
Pdum_DN83849_c0_g1_i1:967-1686    -            240 578734at33208        -            193   7.9e-06   23.2   2.0   3   3       4.4   1.4e+02   -0.4   0.0    85   107   216   238   213   240 0.81 -
Pdum_DN76106_c0_g2_i1:1212-1994   -            261 578734at33208        -            193   8.1e-06   23.2  11.6   1   4     0.026      0.85    6.8   0.2    69    89    39    59     7    82 0.63 -
Pdum_DN76106_c0_g2_i1:1212-1994   -            261 578734at33208        -            193   8.1e-06   23.2  11.6   2   4     0.021      0.71    7.1   0.6    37    80    40    84    34   121 0.52 -
Pdum_DN76106_c0_g2_i1:1212-1994   -            261 578734at33208        -            193   8.1e-06   23.2  11.6   3   4    0.0094      0.31    8.3   3.6    27   112    69   171    59   195 0.59 -
Pdum_DN76106_c0_g2_i1:1212-1994   -            261 578734at33208        -            193   8.1e-06   23.2  11.6   4   4   7.7e-05    0.0025   15.1   2.2    28   110   156   242   143   261 0.73 -
Pdum_DN89132_c0_g1_i3:2343-3002   -            220 578734at33208        -            193   9.9e-06   22.9  13.0   1   3     0.077       2.5    5.3   0.3    70   109    14    57     4    81 0.74 -
Pdum_DN89132_c0_g1_i3:2343-3002   -            220 578734at33208        -            193   9.9e-06   22.9  13.0   2   3   7.2e-05    0.0024   15.2   1.6    33   115    50   135    37   141 0.68 -
Pdum_DN89132_c0_g1_i3:2343-3002   -            220 578734at33208        -            193   9.9e-06   22.9  13.0   3   3     0.014      0.45    7.7   0.8    77   112   147   182   133   190 0.65 -
Pdum_DN67653_c1_g1_i1:224-472     -             83 578734at33208        -            193     1e-05   22.9   0.2   1   2     2e-05   0.00067   17.0   0.0    78   113     1    40     1    55 0.85 -
Pdum_DN67653_c1_g1_i1:224-472     -             83 578734at33208        -            193     1e-05   22.9   0.2   2   2      0.15         5    4.3   0.3    71   107    66    82    41    83 0.45 -
Pdum_DN86057_c1_g1_i13:2487-3062  -            192 578734at33208        -            193   1.1e-05   22.8   1.5   1   2      0.47        16    2.7   0.1    62    88    36    62     7    64 0.60 -
Pdum_DN86057_c1_g1_i13:2487-3062  -            192 578734at33208        -            193   1.1e-05   22.8   1.5   2   2     5e-06   0.00017   18.9   0.1    25   104    76   163    72   171 0.78 -
Pdum_DN68102_c1_g1_i3:107-475     -            123 578734at33208        -            193   1.2e-05   22.7   3.7   1   2   0.00086     0.028   11.6   0.3    68   109    16    56     2    60 0.86 -
Pdum_DN68102_c1_g1_i3:107-475     -            123 578734at33208        -            193   1.2e-05   22.7   3.7   2   2   1.5e-05   0.00049   17.4   3.5    38   111    19   105    18   120 0.60 -
Pdum_DN89484_c2_g1_i1:31-1038     -            336 578734at33208        -            193   1.2e-05   22.7   2.3   1   3       2.2        72    0.6   0.0    30    57    78   105    31   133 0.73 -
Pdum_DN89484_c2_g1_i1:31-1038     -            336 578734at33208        -            193   1.2e-05   22.7   2.3   2   3      0.16       5.4    4.2   0.0    64   116   192   243   187   264 0.80 -
Pdum_DN89484_c2_g1_i1:31-1038     -            336 578734at33208        -            193   1.2e-05   22.7   2.3   3   3    0.0001    0.0033   14.7   0.4    70   111   291   336   286   336 0.84 -
Pdum_DN91963_c4_g1_i1:5807-6181   -            125 578734at33208        -            193   1.3e-05   22.5   2.6   1   2    0.0064      0.21    8.8   0.2    81   116    22    61     3    75 0.60 -
Pdum_DN91963_c4_g1_i1:5807-6181   -            125 578734at33208        -            193   1.3e-05   22.5   2.6   2   2   6.2e-05    0.0021   15.4   2.3    28    95    42   108    39   124 0.73 -
Pdum_DN68362_c1_g1_i7:313-864     -            184 578734at33208        -            193   1.9e-05   22.0  10.8   1   2      0.18         6    4.1   0.5    61    89    29    57     1    58 0.46 -
Pdum_DN68362_c1_g1_i7:313-864     -            184 578734at33208        -            193   1.9e-05   22.0  10.8   2   2   1.5e-06   4.9e-05   20.7   6.9    28   148    57   184    33   184 0.69 -
Pdum_DN76421_c3_g1_i1:1060-1656   -            199 578734at33208        -            193   2.1e-05   21.9   8.5   1   2   1.3e-06   4.4e-05   20.8   6.5    52   119    16    93     7   119 0.48 -
Pdum_DN76421_c3_g1_i1:1060-1656   -            199 578734at33208        -            193   2.1e-05   21.9   8.5   2   2       3.1     1e+02    0.1   0.1    48    92   102   154    91   169 0.53 -
Pdum_DN91775_c3_g1_i1:4479-4844   -            122 578734at33208        -            193   2.5e-05   21.6   2.4   1   2    0.0003    0.0098   13.2   0.6    93   147    21    83     1    86 0.45 -
Pdum_DN91775_c3_g1_i1:4479-4844   -            122 578734at33208        -            193   2.5e-05   21.6   2.4   2   2   7.8e-06   0.00026   18.3   1.2    26   111    23   111    19   120 0.72 -
Pdum_DN78378_c1_g1_i1:347-766     -            140 578734at33208        -            193   2.9e-05   21.4   6.9   1   1      0.38        13    3.0   0.1    71    89   120   138   117   140 0.87 -
Pdum_DN92789_c3_g1_i1:14856-15131 -             92 578734at33208        -            193   5.8e-05   20.4   1.8   1   2   1.1e-05   0.00037   17.8   0.1    70   115     9    58     2    60 0.86 -
Pdum_DN92789_c3_g1_i1:14856-15131 -             92 578734at33208        -            193   5.8e-05   20.4   1.8   2   2     0.078       2.6    5.3   0.1    33    60    53    80    52    92 0.82 -
Pdum_DN66154_c1_g1_i7:1832-2302   -            157 578734at33208        -            193   5.9e-05   20.4   4.7   1   1   8.5e-06   0.00028   18.2   4.7    22   148    19   157     1   157 0.73 -
Pdum_DN86057_c1_g1_i13:1203-1745  -            181 578734at33208        -            193   0.00013   19.3   0.1   1   2   2.7e-05   0.00087   16.6   0.0   114   171    27    86     2    92 0.83 -
Pdum_DN86057_c1_g1_i13:1203-1745  -            181 578734at33208        -            193   0.00013   19.3   0.1   2   2      0.13       4.1    4.6   0.0    72   109    69   108    61   137 0.79 -
Pdum_DN70847_c1_g1_i3:1561-2280   -            240 578734at33208        -            193   0.00016   19.0   4.6   1   2   1.4e-05   0.00047   17.4   1.7    88   149    34   101     2   106 0.82 -
Pdum_DN70847_c1_g1_i3:1561-2280   -            240 578734at33208        -            193   0.00016   19.0   4.6   2   2     0.037       1.2    6.3   0.9    41    83    86   120    83   150 0.72 -
Pdum_DN76752_c0_g2_i5:2080-3639   -            520 578734at33208        -            193   0.00017   18.9  14.7   1   4      0.15       4.9    4.3   0.2    28    44     8    24     2    75 0.65 -
Pdum_DN76752_c0_g2_i5:2080-3639   -            520 578734at33208        -            193   0.00017   18.9  14.7   2   4       1.3        42    1.3   0.1    33    61   150   182   139   215 0.61 -
Pdum_DN76752_c0_g2_i5:2080-3639   -            520 578734at33208        -            193   0.00017   18.9  14.7   3   4       7.6   2.5e+02   -1.2   0.2    38    62   222   246   178   300 0.49 -
Pdum_DN76752_c0_g2_i5:2080-3639   -            520 578734at33208        -            193   0.00017   18.9  14.7   4   4   7.6e-05    0.0025   15.1   2.6    62   151   416   515   386   519 0.67 -
Pdum_DN88203_c1_g2_i4:188-850     -            221 578734at33208        -            193   0.00022   18.5   0.4   1   2     0.029      0.94    6.7   0.2    74   109     6    44     1    46 0.46 -
Pdum_DN88203_c1_g2_i4:188-850     -            221 578734at33208        -            193   0.00022   18.5   0.4   2   2   0.00065     0.021   12.1   0.1   118   169    38    90    32   111 0.73 -
Pdum_DN76175_c3_g2_i1:363-941     -            193 578734at33208        -            193   0.00038   17.8  15.6   1   2   0.00045     0.015   12.6   2.7    71   165    14    69     1    89 0.57 -
Pdum_DN76175_c3_g2_i1:363-941     -            193 578734at33208        -            193   0.00038   17.8  15.6   2   2    0.0072      0.24    8.6   6.9    77   125   136   193    76   193 0.68 -
Pdum_DN69949_c0_g1_i4:629-1066    -            146 578734at33208        -            193   0.00043   17.6   3.8   1   2   0.00034     0.011   13.0   2.6   107   170    47   113    24   124 0.76 -
Pdum_DN69949_c0_g1_i4:629-1066    -            146 578734at33208        -            193   0.00043   17.6   3.8   2   2       1.6        51    1.0   0.0    22    36   123   137   113   142 0.84 -
Pdum_DN82557_c0_g2_i3:1284-1808   -            175 578734at33208        -            193   0.00052   17.3   6.6   1   2   0.00033     0.011   13.0   2.4    69   148    14    99     2   109 0.59 -
Pdum_DN82557_c0_g2_i3:1284-1808   -            175 578734at33208        -            193   0.00052   17.3   6.6   2   2     0.049       1.6    5.9   0.7    19   108    92   151    80   173 0.50 -
Pdum_DN88448_c1_g2_i2:786-1367    -            194 578734at33208        -            193   0.00062   17.1   2.9   1   2     0.084       2.8    5.2   0.0   137   172    19    53     4    71 0.78 -
Pdum_DN88448_c1_g2_i2:786-1367    -            194 578734at33208        -            193   0.00062   17.1   2.9   2   2    0.0031       0.1    9.9   1.3    28    96   112   179   105   193 0.54 -
Pdum_DN91112_c3_g1_i1:1869-2600   -            244 578734at33208        -            193   0.00089   16.6   0.5   1   2   0.00011    0.0037   14.5   0.2    64   144    57   148     7   153 0.77 -
Pdum_DN91112_c3_g1_i1:1869-2600   -            244 578734at33208        -            193   0.00089   16.6   0.5   2   2       7.4   2.4e+02   -1.2   0.0   140   168   192   220   173   242 0.61 -
Pdum_DN66932_c0_g1_i1:1118-1660   -            181 578734at33208        -            193    0.0011   16.3   1.5   1   2    0.0001    0.0033   14.7   0.5    69   148    48   123    42   130 0.88 -
Pdum_DN66932_c0_g1_i1:1118-1660   -            181 578734at33208        -            193    0.0011   16.3   1.5   2   2       4.8   1.6e+02   -0.6   0.0    98   110   141   153   135   177 0.71 -
Pdum_DN87327_c2_g2_i1:23-1717     -            565 578734at33208        -            193    0.0014   15.9   4.8   1   3      0.49        16    2.7   0.9    25   102    19   101     5   108 0.53 -
Pdum_DN87327_c2_g2_i1:23-1717     -            565 578734at33208        -            193    0.0014   15.9   4.8   2   3       7.7   2.5e+02   -1.2   0.0    37    69   167   199   147   207 0.60 -
Pdum_DN87327_c2_g2_i1:23-1717     -            565 578734at33208        -            193    0.0014   15.9   4.8   3   3   4.4e-05    0.0014   15.9   4.8    22   107   429   516   417   551 0.86 -
Pdum_DN77199_c0_g1_i3:1160-1570   -            137 578734at33208        -            193    0.0017   15.6   2.7   1   2       0.1       3.4    4.9   0.1    82   111     3    34     1    36 0.70 -
Pdum_DN77199_c0_g1_i3:1160-1570   -            137 578734at33208        -            193    0.0017   15.6   2.7   2   2   0.00023    0.0077   13.5   1.5    25   109    17   101    11   124 0.60 -
Pdum_DN92813_c3_g1_i9:2042-2491   -            150 578734at33208        -            193    0.0022   15.3   4.0   1   2   0.00023    0.0074   13.5   2.9   115   169    23    80     2    83 0.78 -
Pdum_DN92813_c3_g1_i9:2042-2491   -            150 578734at33208        -            193    0.0022   15.3   4.0   2   2      0.36        12    3.1   0.2    58    86    78   106    62   109 0.63 -
Pdum_DN71851_c1_g1_i3:1473-1847   -            125 578734at33208        -            193    0.0076   13.5   3.7   1   1   0.00053     0.017   12.3   2.8    33    76    29    73    11    92 0.55 -
Pdum_DN91306_c4_g1_i1:4747-5205   -            153 578734at33208        -            193     0.017   12.4   6.6   1   2    0.0022     0.073   10.3   3.3    82   147     2    75     1    77 0.70 -
Pdum_DN91306_c4_g1_i1:4747-5205   -            153 578734at33208        -            193     0.017   12.4   6.6   2   2     0.023      0.76    7.0   3.3    71   120    35    88    33   104 0.72 -
Pdum_DN60718_c0_g1_i1:294-905     -            204 578734at33208        -            193     0.019   12.2   7.0   1   2      0.12       3.9    4.7   0.2   137   169    21    53     2    57 0.87 -
Pdum_DN60718_c0_g1_i1:294-905     -            204 578734at33208        -            193     0.019   12.2   7.0   2   2    0.0013     0.042   11.1   4.5    30    89    45   104    41   124 0.71 -
Pdum_DN78432_c0_g2_i1:2540-3076   -            179 578734at33208        -            193     0.024   11.9   2.9   1   3    0.0042      0.14    9.4   0.1    87   112     7    36     1    41 0.72 -
Pdum_DN78432_c0_g2_i1:2540-3076   -            179 578734at33208        -            193     0.024   11.9   2.9   2   3     0.018      0.58    7.4   1.5    97   112    21    36    14   104 0.79 -
Pdum_DN78432_c0_g2_i1:2540-3076   -            179 578734at33208        -            193     0.024   11.9   2.9   3   3         2        66    0.7   0.2    71    85    91   105    45   131 0.66 -
#
# Program:         hmmsearch
# Version:         3.1b2 (February 2015)
# Pipeline mode:   SEARCH
# Query file:      /mnt/f/phylo/WORMS/busco_analysis/busco_downloads/lineages/metazoa_odb10/hmms/578734at33208.hmm
# Target file:     /mnt/f/phylo/WORMS/busco_analysis/metazoa_lineage_result/run_metazoa_odb10/metaeuk_output/initial_results/Platynereis_ref.eggnog_filter.nucl.fasta.modified.fas
# Option settings: hmmsearch --domtblout /mnt/f/phylo/WORMS/busco_analysis/metazoa_lineage_result/run_metazoa_odb10/hmmer_output/initial_run_results/578734at33208.out --cpu 1 /mnt/f/phylo/WORMS/busco_analysis/busco_downloads/lineages/metazoa_odb10/hmms/578734at33208.hmm /mnt/f/phylo/WORMS/busco_analysis/metazoa_lineage_result/run_metazoa_odb10/metaeuk_output/initial_results/Platynereis_ref.eggnog_filter.nucl.fasta.modified.fas 
# Current dir:     /mnt/f/phylo/WORMS/busco_analysis
# Date:            Sun Mar 12 20:42:50 2023
# [ok]
