#                                                                                        --- full sequence --- -------------- this domain -------------   hmm coord   ali coord   env coord
# target name                    accession   tlen query name           accession   qlen   E-value  score  bias   #  of  c-Evalue  i-Evalue  score  bias  from    to  from    to  from    to  acc description of target
#            ------------------- ---------- ----- -------------------- ---------- ----- --------- ------ ----- --- --- --------- --------- ------ ----- ----- ----- ----- ----- ----- ----- ---- ---------------------
Pdum_DN73864_c0_g1_i1:430-1335   -            302 581717at33208        -            249   2.7e-67  224.5   0.0   1   1   3.1e-68   1.2e-66  222.3   0.0    29   227    70   301    24   302 0.88 -
Pdum_DN79110_c0_g1_i7:340-1365   -            342 581717at33208        -            249   5.7e-17   59.7   0.0   1   6      0.22       8.6    3.4   0.0   182   210    52    80    27    86 0.77 -
Pdum_DN79110_c0_g1_i7:340-1365   -            342 581717at33208        -            249   5.7e-17   59.7   0.0   2   6    0.0088      0.35    7.9   0.0   175   214    88   127    85   132 0.90 -
Pdum_DN79110_c0_g1_i7:340-1365   -            342 581717at33208        -            249   5.7e-17   59.7   0.0   3   6       0.1         4    4.5   0.0   174   229   129   186   126   192 0.73 -
Pdum_DN79110_c0_g1_i7:340-1365   -            342 581717at33208        -            249   5.7e-17   59.7   0.0   4   6   3.9e-06   0.00015   18.9   0.0   155   211   192   250   189   269 0.87 -
Pdum_DN79110_c0_g1_i7:340-1365   -            342 581717at33208        -            249   5.7e-17   59.7   0.0   5   6      0.74        29    1.6   0.0   186   213   275   302   259   308 0.78 -
Pdum_DN79110_c0_g1_i7:340-1365   -            342 581717at33208        -            249   5.7e-17   59.7   0.0   6   6   4.2e-05    0.0017   15.5   0.0   170   205   301   336   282   342 0.79 -
Pdum_DN90586_c2_g3_i4:2166-2804  -            213 581717at33208        -            249   5.7e-16   56.4   0.0   1   4       2.5        99   -0.1   0.0    74    89    24    39     8    41 0.85 -
Pdum_DN90586_c2_g3_i4:2166-2804  -            213 581717at33208        -            249   5.7e-16   56.4   0.0   2   4   1.9e-08   7.6e-07   26.5   0.0   154   213    65   126    51   128 0.89 -
Pdum_DN90586_c2_g3_i4:2166-2804  -            213 581717at33208        -            249   5.7e-16   56.4   0.0   3   4   0.00018    0.0073   13.4   0.0   166   212   119   167   117   172 0.86 -
Pdum_DN90586_c2_g3_i4:2166-2804  -            213 581717at33208        -            249   5.7e-16   56.4   0.0   4   4   0.00011    0.0042   14.2   0.0   172   212   169   209   166   212 0.93 -
Pdum_DN77740_c0_g3_i3:100-1476   -            459 581717at33208        -            249   9.5e-15   52.4   0.4   1   5   0.00071     0.028   11.5   0.0   174   213   142   181   138   190 0.88 -
Pdum_DN77740_c0_g3_i3:100-1476   -            459 581717at33208        -            249   9.5e-15   52.4   0.4   2   5    0.0011     0.045   10.8   0.0   177   212   187   222   181   225 0.88 -
Pdum_DN77740_c0_g3_i3:100-1476   -            459 581717at33208        -            249   9.5e-15   52.4   0.4   3   5   1.2e-05   0.00049   17.3   0.0   169   215   221   267   214   273 0.89 -
Pdum_DN77740_c0_g3_i3:100-1476   -            459 581717at33208        -            249   9.5e-15   52.4   0.4   4   5    0.0084      0.33    8.0   0.0   173   213   267   307   264   320 0.84 -
Pdum_DN77740_c0_g3_i3:100-1476   -            459 581717at33208        -            249   9.5e-15   52.4   0.4   5   5     0.055       2.2    5.3   0.0   155   202   289   338   278   340 0.69 -
Pdum_DN80129_c0_g2_i7:710-1570   -            287 581717at33208        -            249   1.7e-14   51.5   0.1   1   6     0.087       3.4    4.7   0.0   179   212     3    36     1    43 0.86 -
Pdum_DN80129_c0_g2_i7:710-1570   -            287 581717at33208        -            249   1.7e-14   51.5   0.1   2   6      0.14       5.6    4.0   0.0   175   212    41    78    37    81 0.89 -
Pdum_DN80129_c0_g2_i7:710-1570   -            287 581717at33208        -            249   1.7e-14   51.5   0.1   3   6   1.2e-05   0.00047   17.3   0.0   172   214    80   122    76   131 0.91 -
Pdum_DN80129_c0_g2_i7:710-1570   -            287 581717at33208        -            249   1.7e-14   51.5   0.1   4   6      0.13       5.3    4.1   0.0   173   213   123   163   118   174 0.83 -
Pdum_DN80129_c0_g2_i7:710-1570   -            287 581717at33208        -            249   1.7e-14   51.5   0.1   5   6     0.078       3.1    4.8   0.0   184   220   177   213   175   228 0.87 -
Pdum_DN80129_c0_g2_i7:710-1570   -            287 581717at33208        -            249   1.7e-14   51.5   0.1   6   6    0.0019     0.075   10.1   0.0   164   201   244   281   223   284 0.80 -
Pdum_DN84814_c0_g2_i1:1505-2083  -            193 581717at33208        -            249   1.9e-14   51.4   0.0   1   4      0.12       4.9    4.2   0.0    40   136    45    66     8    68 0.53 -
Pdum_DN84814_c0_g2_i1:1505-2083  -            193 581717at33208        -            249   1.9e-14   51.4   0.0   2   4   4.1e-06   0.00016   18.8   0.0   142   198    38    95    29    99 0.83 -
Pdum_DN84814_c0_g2_i1:1505-2083  -            193 581717at33208        -            249   1.9e-14   51.4   0.0   3   4    0.0043      0.17    8.9   0.0   171   212   110   151    95   155 0.82 -
Pdum_DN84814_c0_g2_i1:1505-2083  -            193 581717at33208        -            249   1.9e-14   51.4   0.0   4   4   1.7e-06   6.7e-05   20.1   0.0   172   211   153   192   149   193 0.92 -
Pdum_DN87680_c1_g3_i1:3327-4124  -            266 581717at33208        -            249   2.4e-13   47.8   1.3   1   4   0.00011    0.0042   14.2   0.1   171   210    38    77     2    80 0.74 -
Pdum_DN87680_c1_g3_i1:3327-4124  -            266 581717at33208        -            249   2.4e-13   47.8   1.3   2   4     0.052       2.1    5.4   0.0   173   214    82   123    80   127 0.88 -
Pdum_DN87680_c1_g3_i1:3327-4124  -            266 581717at33208        -            249   2.4e-13   47.8   1.3   3   4    0.0001    0.0041   14.3   0.0   173   214   124   165   116   182 0.86 -
Pdum_DN87680_c1_g3_i1:3327-4124  -            266 581717at33208        -            249   2.4e-13   47.8   1.3   4   4    0.0029      0.11    9.5   0.0   157   210   210   265   197   266 0.77 -
Pdum_DN73138_c0_g1_i1:392-1264   -            291 581717at33208        -            249   5.9e-13   46.5   0.4   1   4     0.011      0.45    7.6   0.0   182   224    11    53     1    68 0.84 -
Pdum_DN73138_c0_g1_i1:392-1264   -            291 581717at33208        -            249   5.9e-13   46.5   0.4   2   4   9.9e-05    0.0039   14.3   0.1   172   220    85   133    51   150 0.80 -
Pdum_DN73138_c0_g1_i1:392-1264   -            291 581717at33208        -            249   5.9e-13   46.5   0.4   3   4   2.7e-09   1.1e-07   29.3   0.1   110   231    97   226    96   237 0.86 -
Pdum_DN73138_c0_g1_i1:392-1264   -            291 581717at33208        -            249   5.9e-13   46.5   0.4   4   4       1.7        66    0.5   0.0   156   198   235   280   230   286 0.60 -
Pdum_DN66770_c0_g1_i1:157-1065   -            303 581717at33208        -            249   8.5e-13   46.0   0.3   1   4     0.012      0.49    7.4   0.0   171   210     3    43     2    46 0.89 -
Pdum_DN66770_c0_g1_i1:157-1065   -            303 581717at33208        -            249   8.5e-13   46.0   0.3   2   4     4e-07   1.6e-05   22.2   0.0   169   239    45   116    41   118 0.94 -
Pdum_DN66770_c0_g1_i1:157-1065   -            303 581717at33208        -            249   8.5e-13   46.0   0.3   3   4   0.00016    0.0063   13.7   0.0   155   212   115   174   114   189 0.89 -
Pdum_DN66770_c0_g1_i1:157-1065   -            303 581717at33208        -            249   8.5e-13   46.0   0.3   4   4       4.5   1.8e+02   -0.9   0.0   177   218   227   271   214   291 0.68 -
Pdum_DN74150_c0_g1_i3:157-2955   -            933 581717at33208        -            249   1.3e-12   45.4   3.6   1   7       3.5   1.4e+02   -0.6   0.0   156   209    80   135    67   140 0.78 -
Pdum_DN74150_c0_g1_i3:157-2955   -            933 581717at33208        -            249   1.3e-12   45.4   3.6   2   7    0.0015     0.059   10.5   0.0   157   217   123   185   113   206 0.80 -
Pdum_DN74150_c0_g1_i3:157-2955   -            933 581717at33208        -            249   1.3e-12   45.4   3.6   3   7      0.37        15    2.6   0.0   183   234   275   326   266   331 0.84 -
Pdum_DN74150_c0_g1_i3:157-2955   -            933 581717at33208        -            249   1.3e-12   45.4   3.6   4   7   1.6e-06   6.4e-05   20.2   0.1    81   218   378   524   372   547 0.79 -
Pdum_DN74150_c0_g1_i3:157-2955   -            933 581717at33208        -            249   1.3e-12   45.4   3.6   5   7       3.8   1.5e+02   -0.7   0.0   180   212   541   573   524   598 0.80 -
Pdum_DN74150_c0_g1_i3:157-2955   -            933 581717at33208        -            249   1.3e-12   45.4   3.6   6   7      0.87        35    1.4   0.0   142   208   586   653   577   660 0.64 -
Pdum_DN74150_c0_g1_i3:157-2955   -            933 581717at33208        -            249   1.3e-12   45.4   3.6   7   7       0.1         4    4.5   0.0   172   212   659   699   654   719 0.86 -
Pdum_DN72920_c0_g1_i5:770-1675   -            302 581717at33208        -            249   7.8e-12   42.8   0.7   1   4   6.8e-05    0.0027   14.8   0.0   171   217    51    97    29   101 0.88 -
Pdum_DN72920_c0_g1_i5:770-1675   -            302 581717at33208        -            249   7.8e-12   42.8   0.7   2   4   0.00014    0.0056   13.8   0.0   112   213   108   219   100   225 0.77 -
Pdum_DN72920_c0_g1_i5:770-1675   -            302 581717at33208        -            249   7.8e-12   42.8   0.7   3   4      0.26        10    3.1   0.0   109   210   231   258   220   261 0.61 -
Pdum_DN72920_c0_g1_i5:770-1675   -            302 581717at33208        -            249   7.8e-12   42.8   0.7   4   4     0.017      0.67    7.0   0.1   170   210   260   300   257   301 0.94 -
Pdum_DN83552_c2_g1_i4:337-1659   -            441 581717at33208        -            249   9.7e-12   42.5   0.1   1   2   0.00037     0.015   12.4   0.0   149   212    74   139    63   171 0.85 -
Pdum_DN83552_c2_g1_i4:337-1659   -            441 581717at33208        -            249   9.7e-12   42.5   0.1   2   2   3.2e-08   1.3e-06   25.7   0.1   116   233   206   335   166   341 0.75 -
Pdum_DN87178_c0_g1_i10:2619-3539 -            307 581717at33208        -            249   9.7e-12   42.5   0.3   1   6      0.84        33    1.5   0.0    76    90     7    21     2    30 0.79 -
Pdum_DN87178_c0_g1_i10:2619-3539 -            307 581717at33208        -            249   9.7e-12   42.5   0.3   2   6    0.0031      0.12    9.4   0.0   172   212    35    75    24   101 0.84 -
Pdum_DN87178_c0_g1_i10:2619-3539 -            307 581717at33208        -            249   9.7e-12   42.5   0.3   3   6      0.12       4.9    4.2   0.0    42    65   108   131    88   143 0.60 -
Pdum_DN87178_c0_g1_i10:2619-3539 -            307 581717at33208        -            249   9.7e-12   42.5   0.3   4   6    0.0044      0.17    8.9   0.0   171   217   182   229   155   234 0.78 -
Pdum_DN87178_c0_g1_i10:2619-3539 -            307 581717at33208        -            249   9.7e-12   42.5   0.3   5   6      0.12       4.7    4.2   0.0   174   217   227   270   224   276 0.83 -
Pdum_DN87178_c0_g1_i10:2619-3539 -            307 581717at33208        -            249   9.7e-12   42.5   0.3   6   6     0.011      0.42    7.7   0.0   174   206   273   305   269   307 0.84 -
Pdum_DN85045_c0_g1_i5:248-835    -            196 581717at33208        -            249   2.8e-11   41.0   0.2   1   5      0.46        18    2.3   0.0    42    62    11    31     5    39 0.84 -
Pdum_DN85045_c0_g1_i5:248-835    -            196 581717at33208        -            249   2.8e-11   41.0   0.2   2   5      0.15       5.8    3.9   0.0   185   213    46    74    34    79 0.81 -
Pdum_DN85045_c0_g1_i5:248-835    -            196 581717at33208        -            249   2.8e-11   41.0   0.2   3   5   0.00032     0.013   12.7   0.0   172   212    75   115    72   122 0.86 -
Pdum_DN85045_c0_g1_i5:248-835    -            196 581717at33208        -            249   2.8e-11   41.0   0.2   4   5     0.001      0.04   11.0   0.0   173   213   118   158   115   179 0.90 -
Pdum_DN85045_c0_g1_i5:248-835    -            196 581717at33208        -            249   2.8e-11   41.0   0.2   5   5     0.032       1.3    6.1   0.1    75    88   183   196   177   196 0.92 -
Pdum_DN87402_c0_g1_i1:93-1976    -            628 581717at33208        -            249   1.4e-10   38.7   0.3   1   5    0.0082      0.32    8.0   0.0   176   216   288   328   284   334 0.89 -
Pdum_DN87402_c0_g1_i1:93-1976    -            628 581717at33208        -            249   1.4e-10   38.7   0.3   2   5       2.3        92    0.0   0.0   180   208   333   362   326   390 0.77 -
Pdum_DN87402_c0_g1_i1:93-1976    -            628 581717at33208        -            249   1.4e-10   38.7   0.3   3   5   6.1e-05    0.0024   15.0   0.1   165   218   445   498   430   511 0.80 -
Pdum_DN87402_c0_g1_i1:93-1976    -            628 581717at33208        -            249   1.4e-10   38.7   0.3   4   5    0.0041      0.16    9.0   0.0   156   202   517   566   514   578 0.81 -
Pdum_DN87402_c0_g1_i1:93-1976    -            628 581717at33208        -            249   1.4e-10   38.7   0.3   5   5       6.2   2.4e+02   -1.4   0.0   184   208   603   627   596   628 0.86 -
Pdum_DN78854_c0_g1_i1:1579-2349  -            257 581717at33208        -            249   8.9e-10   36.1   4.7   1   4      0.26        10    3.1   0.0   183   208     5    30     1    37 0.89 -
Pdum_DN78854_c0_g1_i1:1579-2349  -            257 581717at33208        -            249   8.9e-10   36.1   4.7   2   4    0.0056      0.22    8.6   0.2   175   222    39    85    33   100 0.80 -
Pdum_DN78854_c0_g1_i1:1579-2349  -            257 581717at33208        -            249   8.9e-10   36.1   4.7   3   4   4.4e-05    0.0017   15.5   0.0   158   221   104   169   100   172 0.83 -
Pdum_DN78854_c0_g1_i1:1579-2349  -            257 581717at33208        -            249   8.9e-10   36.1   4.7   4   4         1        41    1.1   0.0   176   211   208   243   204   253 0.82 -
Pdum_DN80927_c0_g1_i1:489-1964   -            492 581717at33208        -            249     1e-09   35.9   0.0   1   5       4.4   1.7e+02   -0.9   0.0   178   216   145   183   140   195 0.78 -
Pdum_DN80927_c0_g1_i1:489-1964   -            492 581717at33208        -            249     1e-09   35.9   0.0   2   5       2.7   1.1e+02   -0.2   0.0   184   215   206   237   202   243 0.86 -
Pdum_DN80927_c0_g1_i1:489-1964   -            492 581717at33208        -            249     1e-09   35.9   0.0   3   5      0.23       9.3    3.3   0.0   173   213   236   276   216   290 0.83 -
Pdum_DN80927_c0_g1_i1:489-1964   -            492 581717at33208        -            249     1e-09   35.9   0.0   4   5   9.5e-05    0.0038   14.4   0.0   168   213   314   359   298   376 0.86 -
Pdum_DN80927_c0_g1_i1:489-1964   -            492 581717at33208        -            249     1e-09   35.9   0.0   5   5   0.00066     0.026   11.6   0.0   162   219   401   458   387   463 0.87 -
Pdum_DN90273_c4_g1_i2:3537-4052  -            172 581717at33208        -            249   1.3e-09   35.6   0.1   1   3    0.0002     0.008   13.3   0.0   161   213    29    83    20    88 0.85 -
Pdum_DN90273_c4_g1_i2:3537-4052  -            172 581717at33208        -            249   1.3e-09   35.6   0.1   2   3      0.05         2    5.5   0.0   172   215    84   127    82   132 0.84 -
Pdum_DN90273_c4_g1_i2:3537-4052  -            172 581717at33208        -            249   1.3e-09   35.6   0.1   3   3   3.9e-05    0.0016   15.6   0.1   171   211   125   165   123   172 0.89 -
Pdum_DN75894_c0_g1_i3:333-1052   -            240 581717at33208        -            249   2.8e-09   34.4   0.3   1   4     0.069       2.7    5.0   0.0    52    90    10    52     6    56 0.67 -
Pdum_DN75894_c0_g1_i3:333-1052   -            240 581717at33208        -            249   2.8e-09   34.4   0.3   2   4     5e-05     0.002   15.3   0.0   174   231    57   119    55   126 0.76 -
Pdum_DN75894_c0_g1_i3:333-1052   -            240 581717at33208        -            249   2.8e-09   34.4   0.3   3   4     0.017      0.67    7.0   0.0   155   223   125   196   118   201 0.83 -
Pdum_DN75894_c0_g1_i3:333-1052   -            240 581717at33208        -            249   2.8e-09   34.4   0.3   4   4      0.32        13    2.8   0.0   186   216   203   233   195   237 0.87 -
Pdum_DN84894_c0_g1_i9:97-867     -            257 581717at33208        -            249   1.1e-08   32.6   0.0   1   5      0.94        38    1.3   0.0    45   210    30    45     8    58 0.68 -
Pdum_DN84894_c0_g1_i9:97-867     -            257 581717at33208        -            249   1.1e-08   32.6   0.0   2   5     0.045       1.8    5.6   0.0   183   212    61    90    45   112 0.84 -
Pdum_DN84894_c0_g1_i9:97-867     -            257 581717at33208        -            249   1.1e-08   32.6   0.0   3   5      0.32        13    2.8   0.0   184   212   104   132    91   147 0.81 -
Pdum_DN84894_c0_g1_i9:97-867     -            257 581717at33208        -            249   1.1e-08   32.6   0.0   4   5     0.023      0.91    6.6   0.0    74    90   157   173   154   178 0.90 -
Pdum_DN84894_c0_g1_i9:97-867     -            257 581717at33208        -            249   1.1e-08   32.6   0.0   5   5    0.0058      0.23    8.5   0.0   174   208   221   255   219   257 0.91 -
Pdum_DN92615_c3_g1_i3:1432-2112  -            227 581717at33208        -            249   2.8e-08   31.2   0.0   1   3     0.032       1.3    6.1   0.0   174   212     6    44     2    55 0.92 -
Pdum_DN92615_c3_g1_i3:1432-2112  -            227 581717at33208        -            249   2.8e-08   31.2   0.0   2   3    0.0009     0.036   11.2   0.0   137   197   100   165    83   166 0.69 -
Pdum_DN92615_c3_g1_i3:1432-2112  -            227 581717at33208        -            249   2.8e-08   31.2   0.0   3   3   0.00044     0.017   12.2   0.0   156   213   164   222   161   226 0.87 -
Pdum_DN66493_c0_g1_i1:720-1655   -            312 581717at33208        -            249   2.9e-08   31.1   0.1   1   4     0.026         1    6.4   0.0   173   221    13    61     4    74 0.86 -
Pdum_DN66493_c0_g1_i1:720-1655   -            312 581717at33208        -            249   2.9e-08   31.1   0.1   2   4    0.0008     0.032   11.3   0.1   155   212    82   138    66   146 0.84 -
Pdum_DN66493_c0_g1_i1:720-1655   -            312 581717at33208        -            249   2.9e-08   31.1   0.1   3   4    0.0081      0.32    8.0   0.0    75   144   162   230   160   244 0.84 -
Pdum_DN66493_c0_g1_i1:720-1655   -            312 581717at33208        -            249   2.9e-08   31.1   0.1   4   4       3.9   1.5e+02   -0.7   0.0   190   215   247   272   229   280 0.72 -
Pdum_DN88892_c3_g1_i1:2670-3179  -            170 581717at33208        -            249     4e-08   30.7   0.1   1   2     0.016      0.63    7.1   0.1   171   215    26    70    10    80 0.71 -
Pdum_DN88892_c3_g1_i1:2670-3179  -            170 581717at33208        -            249     4e-08   30.7   0.1   2   2   5.1e-07     2e-05   21.8   0.0   113   212    42   153    39   158 0.69 -
Pdum_DN71389_c1_g2_i1:359-1099   -            247 581717at33208        -            249   4.9e-08   30.4   1.1   1   4     0.065       2.6    5.1   0.0   175   216    50    91    46    93 0.88 -
Pdum_DN71389_c1_g2_i1:359-1099   -            247 581717at33208        -            249   4.9e-08   30.4   1.1   2   4   0.00043     0.017   12.2   0.0   158   218    73   135    69   140 0.85 -
Pdum_DN71389_c1_g2_i1:359-1099   -            247 581717at33208        -            249   4.9e-08   30.4   1.1   3   4     0.044       1.7    5.7   0.1   183   220   145   184   139   201 0.60 -
Pdum_DN71389_c1_g2_i1:359-1099   -            247 581717at33208        -            249   4.9e-08   30.4   1.1   4   4     0.014      0.55    7.3   0.1    74    90   201   217   198   218 0.91 -
Pdum_DN85879_c0_g1_i1:230-808    -            193 581717at33208        -            249   5.4e-08   30.2   0.0   1   3   5.9e-06   0.00023   18.3   0.0   155   214     5    66     2    73 0.84 -
Pdum_DN85879_c0_g1_i1:230-808    -            193 581717at33208        -            249   5.4e-08   30.2   0.0   2   3      0.19       7.6    3.6   0.0   174   210    68   104    62   118 0.80 -
Pdum_DN85879_c0_g1_i1:230-808    -            193 581717at33208        -            249   5.4e-08   30.2   0.0   3   3     0.056       2.2    5.3   0.0   159   200   142   185   125   193 0.73 -
Pdum_DN92078_c7_g2_i1:2888-3787  -            300 581717at33208        -            249   5.8e-08   30.1   0.6   1   4     0.051         2    5.4   0.0    75   137    10    67     6    73 0.76 -
Pdum_DN92078_c7_g2_i1:2888-3787  -            300 581717at33208        -            249   5.8e-08   30.1   0.6   2   4     0.007      0.28    8.3   0.0   175   211    72   108    69   117 0.92 -
Pdum_DN92078_c7_g2_i1:2888-3787  -            300 581717at33208        -            249   5.8e-08   30.1   0.6   3   4    0.0004     0.016   12.3   0.0   138   212   121   196   108   221 0.79 -
Pdum_DN92078_c7_g2_i1:2888-3787  -            300 581717at33208        -            249   5.8e-08   30.1   0.6   4   4       2.8   1.1e+02   -0.3   0.0   175   210   201   236   196   250 0.76 -
Pdum_DN77965_c1_g1_i1:1646-2635  -            330 581717at33208        -            249   8.4e-08   29.6   0.0   1   5      0.11       4.3    4.4   0.0   177   209     7    39     2    44 0.85 -
Pdum_DN77965_c1_g1_i1:1646-2635  -            330 581717at33208        -            249   8.4e-08   29.6   0.0   2   5      0.77        31    1.6   0.0   182   208    57    83    47    88 0.83 -
Pdum_DN77965_c1_g1_i1:1646-2635  -            330 581717at33208        -            249   8.4e-08   29.6   0.0   3   5      0.17       6.8    3.7   0.0   173   217    92   136    88   146 0.86 -
Pdum_DN77965_c1_g1_i1:1646-2635  -            330 581717at33208        -            249   8.4e-08   29.6   0.0   4   5    0.0022     0.087    9.9   0.0   180   209   144   173   135   192 0.88 -
Pdum_DN77965_c1_g1_i1:1646-2635  -            330 581717at33208        -            249   8.4e-08   29.6   0.0   5   5       0.5        20    2.2   0.0    44    65   202   223   189   232 0.73 -
Pdum_DN82012_c2_g2_i1:484-1302   -            273 581717at33208        -            249   1.2e-07   29.1   5.4   1   4   0.00023    0.0093   13.1   0.1   152   212    13    73     6    81 0.82 -
Pdum_DN82012_c2_g2_i1:484-1302   -            273 581717at33208        -            249   1.2e-07   29.1   5.4   2   4     0.083       3.3    4.7   0.1   157   213    58   114    57   118 0.67 -
Pdum_DN82012_c2_g2_i1:484-1302   -            273 581717at33208        -            249   1.2e-07   29.1   5.4   3   4   0.00096     0.038   11.1   0.1   169   219   112   161    97   176 0.82 -
Pdum_DN82012_c2_g2_i1:484-1302   -            273 581717at33208        -            249   1.2e-07   29.1   5.4   4   4      0.28        11    3.0   0.0    28    60   202   234   187   260 0.77 -
Pdum_DN79406_c0_g1_i1:209-1183   -            325 581717at33208        -            249   1.2e-07   29.1   0.0   1   4      0.17       6.6    3.7   0.0   177   202     6    31     4    38 0.90 -
Pdum_DN79406_c0_g1_i1:209-1183   -            325 581717at33208        -            249   1.2e-07   29.1   0.0   2   4     0.078       3.1    4.8   0.0   174   223    45    95    42   106 0.84 -
Pdum_DN79406_c0_g1_i1:209-1183   -            325 581717at33208        -            249   1.2e-07   29.1   0.0   3   4       4.5   1.8e+02   -0.9   0.0    36    59   151   174   146   181 0.79 -
Pdum_DN79406_c0_g1_i1:209-1183   -            325 581717at33208        -            249   1.2e-07   29.1   0.0   4   4   0.00046     0.018   12.1   0.0   112   212   193   316   185   321 0.60 -
Pdum_DN84033_c1_g3_i1:1082-1726  -            215 581717at33208        -            249   1.3e-07   29.0   0.0   1   3       0.9        36    1.3   0.0   177   210     6    39     1    48 0.81 -
Pdum_DN84033_c1_g3_i1:1082-1726  -            215 581717at33208        -            249   1.3e-07   29.0   0.0   2   3   0.00095     0.038   11.1   0.0   171   212    58    99    49   103 0.89 -
Pdum_DN84033_c1_g3_i1:1082-1726  -            215 581717at33208        -            249   1.3e-07   29.0   0.0   3   3   0.00032     0.013   12.7   0.0   174   211   104   141    99   155 0.88 -
Pdum_DN88147_c0_g1_i1:430-1308   -            293 581717at33208        -            249   1.7e-07   28.6   0.3   1   2    0.0002    0.0081   13.3   0.1    77   211    85   228    27   231 0.75 -
Pdum_DN88147_c0_g1_i1:430-1308   -            293 581717at33208        -            249   1.7e-07   28.6   0.3   2   2   3.1e-05    0.0012   16.0   0.0   121   178   213   276   195   292 0.75 -
Pdum_DN75190_c1_g2_i8:1873-2820  -            316 581717at33208        -            249   1.8e-07   28.6   3.7   1   2    0.0005      0.02   12.0   0.2   125   213    34   119    18   136 0.75 -
Pdum_DN75190_c1_g2_i8:1873-2820  -            316 581717at33208        -            249   1.8e-07   28.6   3.7   2   2   2.2e-05   0.00086   16.5   0.7    74   214   141   283   121   300 0.83 -
Pdum_DN83656_c0_g1_i2:2236-2991  -            252 581717at33208        -            249   1.8e-07   28.5   0.4   1   4     0.079       3.1    4.8   0.0   174   213     1    38     1    69 0.86 -
Pdum_DN83656_c0_g1_i2:2236-2991  -            252 581717at33208        -            249   1.8e-07   28.5   0.4   2   4    0.0019     0.076   10.1   0.0   168   215    92   139    76   159 0.81 -
Pdum_DN83656_c0_g1_i2:2236-2991  -            252 581717at33208        -            249   1.8e-07   28.5   0.4   3   4       1.8        73    0.3   0.0   161   190   167   196   146   199 0.78 -
Pdum_DN83656_c0_g1_i2:2236-2991  -            252 581717at33208        -            249   1.8e-07   28.5   0.4   4   4    0.0033      0.13    9.3   0.1   155   206   199   250   181   252 0.80 -
Pdum_DN63925_c0_g1_i1:119-1006   -            296 581717at33208        -            249   1.8e-07   28.5   0.2   1   4      0.13         5    4.2   0.0   179   214    34    68    16    78 0.86 -
Pdum_DN63925_c0_g1_i1:119-1006   -            296 581717at33208        -            249   1.8e-07   28.5   0.2   2   4       0.1         4    4.5   0.0   181   214    36    68    31   107 0.69 -
Pdum_DN63925_c0_g1_i1:119-1006   -            296 581717at33208        -            249   1.8e-07   28.5   0.2   3   4   3.3e-06   0.00013   19.1   0.0   169   228   106   166    93   176 0.83 -
Pdum_DN63925_c0_g1_i1:119-1006   -            296 581717at33208        -            249   1.8e-07   28.5   0.2   4   4         3   1.2e+02   -0.4   0.0    46    60   258   272   254   287 0.76 -
Pdum_DN74384_c0_g2_i2:99-1367    -            423 581717at33208        -            249   2.2e-07   28.3   0.4   1   4      0.91        36    1.3   0.0   190   218   111   139   106   162 0.75 -
Pdum_DN74384_c0_g2_i2:99-1367    -            423 581717at33208        -            249   2.2e-07   28.3   0.4   2   4    0.0016     0.065   10.3   0.1   172   209   185   222   178   230 0.92 -
Pdum_DN74384_c0_g2_i2:99-1367    -            423 581717at33208        -            249   2.2e-07   28.3   0.4   3   4      0.22       8.8    3.3   0.0   176   217   257   297   243   306 0.68 -
Pdum_DN74384_c0_g2_i2:99-1367    -            423 581717at33208        -            249   2.2e-07   28.3   0.4   4   4     0.023      0.91    6.6   0.0   187   213   308   334   301   354 0.75 -
Pdum_DN86637_c0_g1_i2:178-705    -            176 581717at33208        -            249   2.5e-07   28.0   0.1   1   3    0.0016     0.063   10.4   0.0   184   222     1    40     1    44 0.80 -
Pdum_DN86637_c0_g1_i2:178-705    -            176 581717at33208        -            249   2.5e-07   28.0   0.1   2   3    0.0047      0.19    8.8   0.0    75    94    60    79    45    84 0.87 -
Pdum_DN86637_c0_g1_i2:178-705    -            176 581717at33208        -            249   2.5e-07   28.0   0.1   3   3     0.045       1.8    5.6   0.0   173   210    82   120    80   129 0.72 -
Pdum_DN91072_c6_g2_i4:11-988     -            326 581717at33208        -            249   4.1e-07   27.4   0.2   1   4     0.062       2.5    5.2   0.0   183   213    33    63    26    79 0.86 -
Pdum_DN91072_c6_g2_i4:11-988     -            326 581717at33208        -            249   4.1e-07   27.4   0.2   2   4       3.9   1.5e+02   -0.7   0.1    43    61    87   105    71   117 0.77 -
Pdum_DN91072_c6_g2_i4:11-988     -            326 581717at33208        -            249   4.1e-07   27.4   0.2   3   4    0.0075       0.3    8.2   0.0   175   212   111   148   106   174 0.80 -
Pdum_DN91072_c6_g2_i4:11-988     -            326 581717at33208        -            249   4.1e-07   27.4   0.2   4   4    0.0056      0.22    8.6   0.0   150   212   180   241   172   269 0.83 -
Pdum_DN78086_c1_g1_i5:2830-3705  -            292 581717at33208        -            249     8e-07   26.4   0.0   1   4       4.7   1.9e+02   -1.0   0.0   186   212    11    37     9    66 0.80 -
Pdum_DN78086_c1_g1_i5:2830-3705  -            292 581717at33208        -            249     8e-07   26.4   0.0   2   4     0.013      0.52    7.4   0.0   172   213    82   123    72   134 0.90 -
Pdum_DN78086_c1_g1_i5:2830-3705  -            292 581717at33208        -            249     8e-07   26.4   0.0   3   4     0.024      0.97    6.5   0.0   153   212   145   206   134   211 0.87 -
Pdum_DN78086_c1_g1_i5:2830-3705  -            292 581717at33208        -            249     8e-07   26.4   0.0   4   4      0.04       1.6    5.8   0.0   160   210   238   288   221   291 0.84 -
Pdum_DN83588_c0_g2_i13:1452-2396 -            315 581717at33208        -            249   1.3e-06   25.7   0.0   1   4     0.022      0.86    6.6   0.0   107   211    42   157     9   168 0.65 -
Pdum_DN83588_c0_g2_i13:1452-2396 -            315 581717at33208        -            249   1.3e-06   25.7   0.0   2   4      0.11       4.2    4.4   0.0    75    89   200   214   185   221 0.88 -
Pdum_DN83588_c0_g2_i13:1452-2396 -            315 581717at33208        -            249   1.3e-06   25.7   0.0   3   4     0.016      0.63    7.1   0.0   175   224   238   288   227   300 0.84 -
Pdum_DN83588_c0_g2_i13:1452-2396 -            315 581717at33208        -            249   1.3e-06   25.7   0.0   4   4       3.7   1.5e+02   -0.7   0.0    73    89   299   315   297   315 0.86 -
Pdum_DN86522_c0_g3_i4:534-1520   -            329 581717at33208        -            249   2.2e-06   25.0   1.5   1   4       3.3   1.3e+02   -0.5   0.0    73    89    14    30    10    32 0.89 -
Pdum_DN86522_c0_g3_i4:534-1520   -            329 581717at33208        -            249   2.2e-06   25.0   1.5   2   4         6   2.4e+02   -1.3   0.0    45    62    57    74    37    80 0.64 -
Pdum_DN86522_c0_g3_i4:534-1520   -            329 581717at33208        -            249   2.2e-06   25.0   1.5   3   4     0.096       3.8    4.5   0.1   156   203   139   191   115   219 0.77 -
Pdum_DN86522_c0_g3_i4:534-1520   -            329 581717at33208        -            249   2.2e-06   25.0   1.5   4   4   1.8e-05   0.00073   16.7   0.0   156   225   231   301   222   316 0.80 -
Pdum_DN92880_c2_g1_i2:4337-5176  -            280 581717at33208        -            249   4.3e-06   24.0   0.1   1   3     0.038       1.5    5.8   0.0   178   210     9    41     3    53 0.88 -
Pdum_DN92880_c2_g1_i2:4337-5176  -            280 581717at33208        -            249   4.3e-06   24.0   0.1   2   3   0.00029     0.012   12.8   0.1   156   211   165   222    55   242 0.74 -
Pdum_DN92880_c2_g1_i2:4337-5176  -            280 581717at33208        -            249   4.3e-06   24.0   0.1   3   3         2        79    0.2   0.0   176   210   239   272   233   277 0.79 -
Pdum_DN73512_c4_g2_i3:726-1661   -            312 581717at33208        -            249   5.3e-06   23.7   0.0   1   3       2.4        94   -0.0   0.0   169   232    48   112    15   117 0.70 -
Pdum_DN73512_c4_g2_i3:726-1661   -            312 581717at33208        -            249   5.3e-06   23.7   0.0   2   3    0.0002    0.0079   13.3   0.0   155   232   115   196    99   220 0.80 -
Pdum_DN73512_c4_g2_i3:726-1661   -            312 581717at33208        -            249   5.3e-06   23.7   0.0   3   3     0.024      0.97    6.5   0.0   156   209   240   295   235   300 0.82 -
Pdum_DN75461_c3_g1_i3:3415-4074  -            220 581717at33208        -            249   6.5e-06   23.4   0.1   1   3     0.026       1.1    6.4   0.0   170   213     3    45     3    53 0.86 -
Pdum_DN75461_c3_g1_i3:3415-4074  -            220 581717at33208        -            249   6.5e-06   23.4   0.1   2   3      0.03       1.2    6.2   0.0   184   213    57    87    44   104 0.84 -
Pdum_DN75461_c3_g1_i3:3415-4074  -            220 581717at33208        -            249   6.5e-06   23.4   0.1   3   3     0.009      0.36    7.9   0.0   153   207   161   219   123   220 0.74 -
Pdum_DN83588_c0_g2_i13:1293-2279 -            329 581717at33208        -            249   7.1e-06   23.3   0.0   1   4     0.062       2.5    5.2   0.0   120   210    17   117     3   129 0.63 -
Pdum_DN83588_c0_g2_i13:1293-2279 -            329 581717at33208        -            249   7.1e-06   23.3   0.0   2   4      0.11       4.4    4.3   0.0    75    89   161   175   146   182 0.88 -
Pdum_DN83588_c0_g2_i13:1293-2279 -            329 581717at33208        -            249   7.1e-06   23.3   0.0   3   4     0.016      0.64    7.1   0.0   175   224   199   249   184   261 0.84 -
Pdum_DN83588_c0_g2_i13:1293-2279 -            329 581717at33208        -            249   7.1e-06   23.3   0.0   4   4       2.8   1.1e+02   -0.2   0.0    73    89   260   276   253   278 0.87 -
Pdum_DN57990_c0_g1_i2:33-530     -            166 581717at33208        -            249   9.1e-06   23.0   0.1   1   3       9.4   3.7e+02   -2.0   0.0   195   211    18    34     4    52 0.63 -
Pdum_DN57990_c0_g1_i2:33-530     -            166 581717at33208        -            249   9.1e-06   23.0   0.1   2   3   0.00014    0.0057   13.8   0.0   185   220    54    89    31    93 0.87 -
Pdum_DN57990_c0_g1_i2:33-530     -            166 581717at33208        -            249   9.1e-06   23.0   0.1   3   3    0.0021     0.082   10.0   0.0   174   210    85   124    83   140 0.86 -
Pdum_DN83005_c1_g1_i1:16-1335    -            440 581717at33208        -            249   1.6e-05   22.2   0.0   1   3       1.2        48    0.9   0.0   190   222    11    43     4    64 0.77 -
Pdum_DN83005_c1_g1_i1:16-1335    -            440 581717at33208        -            249   1.6e-05   22.2   0.0   2   3   0.00042     0.017   12.3   0.0   153   215    82   148    61   155 0.69 -
Pdum_DN83005_c1_g1_i1:16-1335    -            440 581717at33208        -            249   1.6e-05   22.2   0.0   3   3     0.039       1.5    5.8   0.0   173   222   148   195   143   212 0.84 -
Pdum_DN89838_c3_g2_i15:954-1709  -            252 581717at33208        -            249   1.8e-05   22.0   2.4   1   2         2        79    0.2   0.0    78    93     4    19     2    23 0.84 -
Pdum_DN89838_c3_g2_i15:954-1709  -            252 581717at33208        -            249   1.8e-05   22.0   2.4   2   2   7.6e-06    0.0003   18.0   1.1    72   217    77   224    38   240 0.73 -
Pdum_DN90064_c4_g2_i4:2740-4161  -            474 581717at33208        -            249   1.8e-05   21.9   0.8   1   4    0.0073      0.29    8.2   0.0   172   212   175   215   132   230 0.78 -
Pdum_DN90064_c4_g2_i4:2740-4161  -            474 581717at33208        -            249   1.8e-05   21.9   0.8   2   4       4.8   1.9e+02   -1.0   0.0   170   213   256   299   246   321 0.77 -
Pdum_DN90064_c4_g2_i4:2740-4161  -            474 581717at33208        -            249   1.8e-05   21.9   0.8   3   4      0.08       3.2    4.8   0.1   173   216   301   344   276   361 0.83 -
Pdum_DN90064_c4_g2_i4:2740-4161  -            474 581717at33208        -            249   1.8e-05   21.9   0.8   4   4      0.02      0.81    6.7   0.6   157   220   325   392   321   474 0.56 -
Pdum_DN87342_c0_g1_i8:5-2425     -            807 581717at33208        -            249   1.9e-05   21.9   0.1   1   3      0.85        34    1.4   0.1    74    89   392   407   370   413 0.84 -
Pdum_DN87342_c0_g1_i8:5-2425     -            807 581717at33208        -            249   1.9e-05   21.9   0.1   2   3     0.093       3.7    4.6   0.0   177   213   416   452   411   467 0.85 -
Pdum_DN87342_c0_g1_i8:5-2425     -            807 581717at33208        -            249   1.9e-05   21.9   0.1   3   3    0.0019     0.074   10.1   0.0   172   214   497   539   477   565 0.82 -
Pdum_DN76828_c2_g1_i1:4967-5695  -            243 581717at33208        -            249   3.6e-05   21.0   0.0   1   2   4.3e-05    0.0017   15.5   0.0    74   228    14   176    11   185 0.79 -
Pdum_DN76828_c2_g1_i1:4967-5695  -            243 581717at33208        -            249   3.6e-05   21.0   0.0   2   2       0.6        24    1.9   0.0   177   209   211   243   187   243 0.85 -
Pdum_DN80990_c0_g1_i2:150-1607   -            486 581717at33208        -            249   5.9e-05   20.3   0.0   1   3       1.2        47    0.9   0.0    72    91   201   220   197   223 0.88 -
Pdum_DN80990_c0_g1_i2:150-1607   -            486 581717at33208        -            249   5.9e-05   20.3   0.0   2   3      0.35        14    2.7   0.0   179   211   291   324   264   347 0.78 -
Pdum_DN80990_c0_g1_i2:150-1607   -            486 581717at33208        -            249   5.9e-05   20.3   0.0   3   3   0.00052      0.02   12.0   0.0   158   222   354   420   341   437 0.84 -
Pdum_DN79208_c0_g1_i2:96-1031    -            312 581717at33208        -            249   6.7e-05   20.1   0.1   1   3   0.00059     0.023   11.8   0.0   110   148    40    78    33    87 0.87 -
Pdum_DN79208_c0_g1_i2:96-1031    -            312 581717at33208        -            249   6.7e-05   20.1   0.1   2   3      0.33        13    2.8   0.0   127   172   101   154    78   184 0.42 -
Pdum_DN79208_c0_g1_i2:96-1031    -            312 581717at33208        -            249   6.7e-05   20.1   0.1   3   3       1.5        58    0.7   0.0   180   221   257   298   214   311 0.63 -
Pdum_DN78454_c0_g1_i4:576-2111   -            512 581717at33208        -            249   7.8e-05   19.9   0.5   1   3       1.7        69    0.4   0.0   183   227   216   261   204   274 0.68 -
Pdum_DN78454_c0_g1_i4:576-2111   -            512 581717at33208        -            249   7.8e-05   19.9   0.5   2   3   0.00013     0.005   14.0   0.1   173   231   298   359   275   362 0.71 -
Pdum_DN78454_c0_g1_i4:576-2111   -            512 581717at33208        -            249   7.8e-05   19.9   0.5   3   3      0.85        34    1.4   0.0    42    62   359   379   348   386 0.74 -
Pdum_DN90616_c3_g1_i1:602-1432   -            277 581717at33208        -            249     8e-05   19.8   0.1   1   3       2.8   1.1e+02   -0.3   0.0    70    89     1    20     1    25 0.68 -
Pdum_DN90616_c3_g1_i1:602-1432   -            277 581717at33208        -            249     8e-05   19.8   0.1   2   3     0.013      0.53    7.3   0.0   188   232    55   100    51   104 0.87 -
Pdum_DN90616_c3_g1_i1:602-1432   -            277 581717at33208        -            249     8e-05   19.8   0.1   3   3    0.0083      0.33    8.0   0.0   192   224   140   172   102   193 0.78 -
Pdum_DN75190_c1_g2_i8:2335-2706  -            124 581717at33208        -            249   8.7e-05   19.7   0.3   1   3      0.11       4.6    4.3   0.0    69    91    18    40     3    46 0.75 -
Pdum_DN75190_c1_g2_i8:2335-2706  -            124 581717at33208        -            249   8.7e-05   19.7   0.3   2   3   0.00053     0.021   11.9   0.1   172   213    42    81    23    95 0.79 -
Pdum_DN75190_c1_g2_i8:2335-2706  -            124 581717at33208        -            249   8.7e-05   19.7   0.3   3   3      0.54        21    2.1   0.0   195   212   103   120    94   123 0.52 -
Pdum_DN69263_c0_g1_i1:405-1196   -            264 581717at33208        -            249   8.7e-05   19.7   0.3   1   3     0.098       3.9    4.5   0.0   121   139     4    22     1    30 0.59 -
Pdum_DN69263_c0_g1_i1:405-1196   -            264 581717at33208        -            249   8.7e-05   19.7   0.3   2   3    0.0063      0.25    8.4   0.0   172   218    24    72    12    86 0.75 -
Pdum_DN69263_c0_g1_i1:405-1196   -            264 581717at33208        -            249   8.7e-05   19.7   0.3   3   3     0.078       3.1    4.8   0.2    73   136   155   220   148   242 0.79 -
Pdum_DN80498_c1_g1_i1:1987-2589  -            201 581717at33208        -            249   9.1e-05   19.7   0.0   1   3   0.00025      0.01   13.0   0.0   157   212    20    77     8    80 0.79 -
Pdum_DN80498_c1_g1_i1:1987-2589  -            201 581717at33208        -            249   9.1e-05   19.7   0.0   2   3    0.0024     0.096    9.8   0.0   157   222    62   129    59   134 0.89 -
Pdum_DN80498_c1_g1_i1:1987-2589  -            201 581717at33208        -            249   9.1e-05   19.7   0.0   3   3       3.1   1.2e+02   -0.4   0.0   174   207   167   200   140   201 0.73 -
Pdum_DN78785_c0_g1_i2:534-2834   -            767 581717at33208        -            249   9.6e-05   19.6   0.2   1   2    0.0005      0.02   12.0   0.2   101   199    42   153    10   165 0.67 -
Pdum_DN78785_c0_g1_i2:534-2834   -            767 581717at33208        -            249   9.6e-05   19.6   0.2   2   2      0.24       9.4    3.2   0.0    73    90   193   210   188   212 0.90 -
Pdum_DN84536_c0_g1_i1:2255-2878  -            208 581717at33208        -            249   0.00012   19.3   0.0   1   2   3.2e-05    0.0013   15.9   0.0   181   216    48    83    13   101 0.82 -
Pdum_DN84536_c0_g1_i1:2255-2878  -            208 581717at33208        -            249   0.00012   19.3   0.0   2   2       1.4        55    0.7   0.0   182   202   173   193   141   206 0.65 -
Pdum_DN74464_c0_g1_i5:1442-2167  -            242 581717at33208        -            249   0.00013   19.1   0.0   1   3     0.056       2.2    5.3   0.0   175   212     3    40     1    61 0.80 -
Pdum_DN74464_c0_g1_i5:1442-2167  -            242 581717at33208        -            249   0.00013   19.1   0.0   2   3    0.0016     0.064   10.3   0.0   178   222   104   148    94   157 0.87 -
Pdum_DN74464_c0_g1_i5:1442-2167  -            242 581717at33208        -            249   0.00013   19.1   0.0   3   3       5.3   2.1e+02   -1.2   0.0    75    89   163   177   154   179 0.79 -
Pdum_DN88741_c1_g1_i6:2841-3650  -            270 581717at33208        -            249   0.00015   18.9   0.1   1   4         2        78    0.2   0.0    44    62    18    36     7    41 0.83 -
Pdum_DN88741_c1_g1_i6:2841-3650  -            270 581717at33208        -            249   0.00015   18.9   0.1   2   4       8.3   3.3e+02   -1.8   0.0   196   213    72    89    58    98 0.59 -
Pdum_DN88741_c1_g1_i6:2841-3650  -            270 581717at33208        -            249   0.00015   18.9   0.1   3   4      0.11       4.4    4.3   0.0   155   213   116   180   102   202 0.69 -
Pdum_DN88741_c1_g1_i6:2841-3650  -            270 581717at33208        -            249   0.00015   18.9   0.1   4   4    0.0031      0.12    9.4   0.1   176   210   228   266   155   270 0.65 -
Pdum_DN83855_c0_g1_i4:658-1428   -            257 581717at33208        -            249   0.00018   18.7   0.2   1   4     0.054       2.1    5.4   0.0   196   212     8    24     4    32 0.83 -
Pdum_DN83855_c0_g1_i4:658-1428   -            257 581717at33208        -            249   0.00018   18.7   0.2   2   4       1.2        49    0.9   0.0   177   243    37    95    30   100 0.66 -
Pdum_DN83855_c0_g1_i4:658-1428   -            257 581717at33208        -            249   0.00018   18.7   0.2   3   4       3.5   1.4e+02   -0.6   0.0   173   205    93   125    81   139 0.69 -
Pdum_DN83855_c0_g1_i4:658-1428   -            257 581717at33208        -            249   0.00018   18.7   0.2   4   4    0.0085      0.34    8.0   0.0   178   214   140   176   114   206 0.78 -
Pdum_DN75651_c0_g1_i1:179-1012   -            278 581717at33208        -            249   0.00019   18.7   0.2   1   1   3.9e-05    0.0015   15.7   0.2    74   215    89   240    85   263 0.81 -
Pdum_DN76013_c0_g1_i3:463-1068   -            202 581717at33208        -            249   0.00021   18.5   0.0   1   2     4e-05    0.0016   15.6   0.0   156   212    65   125    53   134 0.83 -
Pdum_DN76013_c0_g1_i3:463-1068   -            202 581717at33208        -            249   0.00021   18.5   0.0   2   2       2.4        97   -0.1   0.0   179   213   148   183   142   189 0.78 -
Pdum_DN73504_c1_g7_i2:375-1772   -            466 581717at33208        -            249   0.00023   18.3   1.3   1   4   0.00096     0.038   11.1   0.0   159   212   213   268   195   276 0.81 -
Pdum_DN73504_c1_g7_i2:375-1772   -            466 581717at33208        -            249   0.00023   18.3   1.3   2   4      0.57        23    2.0   0.0    71    89   290   308   275   310 0.83 -
Pdum_DN73504_c1_g7_i2:375-1772   -            466 581717at33208        -            249   0.00023   18.3   1.3   3   4       4.2   1.7e+02   -0.8   0.0    41    73   329   361   314   376 0.68 -
Pdum_DN73504_c1_g7_i2:375-1772   -            466 581717at33208        -            249   0.00023   18.3   1.3   4   4       4.3   1.7e+02   -0.9   0.0    44    68   385   409   364   418 0.58 -
Pdum_DN92425_c3_g2_i1:539-1228   -            230 581717at33208        -            249   0.00027   18.1   0.3   1   2      0.19       7.5    3.6   0.0   167   227    31    98     7   106 0.71 -
Pdum_DN92425_c3_g2_i1:539-1228   -            230 581717at33208        -            249   0.00027   18.1   0.3   2   2   0.00041     0.016   12.3   0.0   190   231   183   225   169   229 0.83 -
Pdum_DN84981_c0_g1_i4:2535-3476  -            314 581717at33208        -            249   0.00028   18.1   0.9   1   3      0.14       5.7    4.0   0.0   156   202    80   128    34   130 0.73 -
Pdum_DN84981_c0_g1_i4:2535-3476  -            314 581717at33208        -            249   0.00028   18.1   0.9   2   3      0.06       2.4    5.2   0.2    85   129   131   172   128   187 0.83 -
Pdum_DN84981_c0_g1_i4:2535-3476  -            314 581717at33208        -            249   0.00028   18.1   0.9   3   3     0.033       1.3    6.1   0.0    75    91   209   225   199   255 0.75 -
Pdum_DN78364_c0_g1_i1:226-1314   -            363 581717at33208        -            249   0.00033   17.8   0.1   1   1   2.4e-05   0.00097   16.3   0.1   113   222    28   146    18   159 0.68 -
Pdum_DN88766_c3_g2_i10:292-717   -            142 581717at33208        -            249   0.00039   17.6   0.0   1   2    0.0016     0.065   10.3   0.0   175   212    28    65     4    72 0.86 -
Pdum_DN88766_c3_g2_i10:292-717   -            142 581717at33208        -            249   0.00039   17.6   0.0   2   2     0.041       1.6    5.7   0.0   173   214    68   109    64   120 0.86 -
Pdum_DN38861_c0_g1_i1:595-1392   -            266 581717at33208        -            249   0.00047   17.3   0.2   1   2       2.8   1.1e+02   -0.3   0.0    43    74    13    44     6    48 0.72 -
Pdum_DN38861_c0_g1_i1:595-1392   -            266 581717at33208        -            249   0.00047   17.3   0.2   2   2   9.9e-05    0.0039   14.3   0.1   164   226    65   130    48   145 0.79 -
Pdum_DN86294_c0_g1_i3:101-3103   -           1001 581717at33208        -            249   0.00057   17.1   0.0   1   4       1.7        69    0.4   0.0    43    67    25    49    12    59 0.77 -
Pdum_DN86294_c0_g1_i3:101-3103   -           1001 581717at33208        -            249   0.00057   17.1   0.0   2   4     0.026         1    6.4   0.0   159   210   112   164   101   173 0.75 -
Pdum_DN86294_c0_g1_i3:101-3103   -           1001 581717at33208        -            249   0.00057   17.1   0.0   3   4      0.11       4.5    4.3   0.0   174   216   220   262   202   296 0.73 -
Pdum_DN86294_c0_g1_i3:101-3103   -           1001 581717at33208        -            249   0.00057   17.1   0.0   4   4       5.4   2.1e+02   -1.2   0.0    37    84   519   566   493   570 0.70 -
Pdum_DN61369_c0_g1_i1:1242-1787  -            182 581717at33208        -            249   0.00058   17.0   0.0   1   2     0.014      0.55    7.3   0.0   113   148    30    66    24    70 0.86 -
Pdum_DN61369_c0_g1_i1:1242-1787  -            182 581717at33208        -            249   0.00058   17.0   0.0   2   2    0.0076       0.3    8.1   0.0   110   171    81   142    65   165 0.74 -
Pdum_DN90254_c2_g1_i7:1612-2445  -            278 581717at33208        -            249    0.0006   17.0   0.0   1   3       0.3        12    2.9   0.0    11    36     4    30     2    36 0.83 -
Pdum_DN90254_c2_g1_i7:1612-2445  -            278 581717at33208        -            249    0.0006   17.0   0.0   2   3    0.0097      0.39    7.8   0.0   102   153    54   105    39   141 0.74 -
Pdum_DN90254_c2_g1_i7:1612-2445  -            278 581717at33208        -            249    0.0006   17.0   0.0   3   3      0.34        14    2.7   0.0   173   212   193   238   144   251 0.70 -
Pdum_DN91578_c1_g1_i1:293-997    -            235 581717at33208        -            249   0.00068   16.8   0.4   1   2     0.006      0.24    8.5   0.1   130   212   108   190   101   197 0.73 -
Pdum_DN91578_c1_g1_i1:293-997    -            235 581717at33208        -            249   0.00068   16.8   0.4   2   2     0.014      0.54    7.3   0.1   172   209   192   227   179   235 0.81 -
Pdum_DN83800_c0_g2_i3:14-562     -            183 581717at33208        -            249   0.00074   16.7   0.1   1   1   0.00011    0.0043   14.2   0.1   110   212    64   175    43   181 0.74 -
Pdum_DN84241_c0_g1_i1:2776-3423  -            216 581717at33208        -            249   0.00078   16.6   0.1   1   3     0.019      0.76    6.8   0.0   174   217     4    47     2    50 0.80 -
Pdum_DN84241_c0_g1_i1:2776-3423  -            216 581717at33208        -            249   0.00078   16.6   0.1   2   3      0.74        29    1.6   0.0   176   202    48    74    41    86 0.86 -
Pdum_DN84241_c0_g1_i1:2776-3423  -            216 581717at33208        -            249   0.00078   16.6   0.1   3   3     0.069       2.7    5.0   0.0   161   214    75   130    62   157 0.64 -
Pdum_DN75082_c2_g3_i2:17-943     -            309 581717at33208        -            249   0.00085   16.5   0.1   1   3      0.13       5.3    4.1   0.0   184   212    20    48    10    54 0.86 -
Pdum_DN75082_c2_g3_i2:17-943     -            309 581717at33208        -            249   0.00085   16.5   0.1   2   3       0.2       7.8    3.5   0.0   173   204    53    86    49    92 0.79 -
Pdum_DN75082_c2_g3_i2:17-943     -            309 581717at33208        -            249   0.00085   16.5   0.1   3   3     0.069       2.7    5.0   0.0   107   135   115   146   106   167 0.79 -
Pdum_DN74356_c1_g1_i1:377-1456   -            360 581717at33208        -            249    0.0011   16.1   0.1   1   4     0.038       1.5    5.8   0.0   173   214    37    78    15    97 0.91 -
Pdum_DN74356_c1_g1_i1:377-1456   -            360 581717at33208        -            249    0.0011   16.1   0.1   2   4       6.1   2.4e+02   -1.4   0.0   184   219   188   223   176   242 0.64 -
Pdum_DN74356_c1_g1_i1:377-1456   -            360 581717at33208        -            249    0.0011   16.1   0.1   3   4       5.5   2.2e+02   -1.2   0.0    44    60   257   273   242   278 0.70 -
Pdum_DN74356_c1_g1_i1:377-1456   -            360 581717at33208        -            249    0.0011   16.1   0.1   4   4     0.032       1.3    6.1   0.0   172   217   277   323   256   329 0.83 -
Pdum_DN67795_c0_g1_i2:1517-2137  -            207 581717at33208        -            249    0.0012   16.0   0.0   1   2      0.62        24    1.9   0.0   183   212     5    34     1    39 0.87 -
Pdum_DN67795_c0_g1_i2:1517-2137  -            207 581717at33208        -            249    0.0012   16.0   0.0   2   2    0.0057      0.23    8.5   0.0    72   137    57   118    53   182 0.65 -
Pdum_DN66325_c0_g1_i1:831-1904   -            358 581717at33208        -            249    0.0014   15.8   0.2   1   4      0.17       6.9    3.7   0.0   183   224    77   118    29   129 0.64 -
Pdum_DN66325_c0_g1_i1:831-1904   -            358 581717at33208        -            249    0.0014   15.8   0.2   2   4      0.19       7.6    3.6   0.0   191   209   131   149   122   160 0.82 -
Pdum_DN66325_c0_g1_i1:831-1904   -            358 581717at33208        -            249    0.0014   15.8   0.2   3   4       7.4   2.9e+02   -1.6   0.0   183   212   281   310   262   314 0.80 -
Pdum_DN66325_c0_g1_i1:831-1904   -            358 581717at33208        -            249    0.0014   15.8   0.2   4   4      0.89        35    1.4   0.0   174   202   324   352   322   358 0.88 -
Pdum_DN84798_c1_g2_i5:993-2768   -            592 581717at33208        -            249    0.0019   15.4   0.0   1   5      0.96        38    1.3   0.0   158   212    65   125    49   147 0.70 -
Pdum_DN84798_c1_g2_i5:993-2768   -            592 581717at33208        -            249    0.0019   15.4   0.0   2   5      0.57        23    2.0   0.0   175   212   173   210   170   219 0.88 -
Pdum_DN84798_c1_g2_i5:993-2768   -            592 581717at33208        -            249    0.0019   15.4   0.0   3   5       9.2   3.7e+02   -2.0   0.0   118   154   278   316   262   373 0.60 -
Pdum_DN84798_c1_g2_i5:993-2768   -            592 581717at33208        -            249    0.0019   15.4   0.0   4   5       1.5        61    0.6   0.0   169   205   463   499   435   508 0.80 -
Pdum_DN84798_c1_g2_i5:993-2768   -            592 581717at33208        -            249    0.0019   15.4   0.0   5   5      0.27        11    3.1   0.0   182   219   520   557   512   569 0.85 -
Pdum_DN70256_c0_g1_i2:778-1377   -            200 581717at33208        -            249    0.0029   14.7   0.1   1   2      0.31        12    2.9   0.0   104   145    35    76    27   138 0.67 -
Pdum_DN70256_c0_g1_i2:778-1377   -            200 581717at33208        -            249    0.0029   14.7   0.1   2   2    0.0024     0.096    9.8   0.0    75    93   176   194   129   198 0.80 -
Pdum_DN72912_c1_g1_i12:353-769   -            139 581717at33208        -            249    0.0033   14.6   2.1   1   3    0.0012     0.048   10.8   0.2   194   224    39    69    13    75 0.82 -
Pdum_DN72912_c1_g1_i12:353-769   -            139 581717at33208        -            249    0.0033   14.6   2.1   2   3      0.24       9.5    3.2   0.0   200   222    78   100    70   113 0.84 -
Pdum_DN72912_c1_g1_i12:353-769   -            139 581717at33208        -            249    0.0033   14.6   2.1   3   3       6.3   2.5e+02   -1.4   0.0   200   213   111   124    99   133 0.77 -
Pdum_DN83917_c0_g1_i10:2-1282    -            427 581717at33208        -            249    0.0035   14.5   0.1   1   2     0.012      0.47    7.5   0.0   182   218   156   192   139   196 0.89 -
Pdum_DN83917_c0_g1_i10:2-1282    -            427 581717at33208        -            249    0.0035   14.5   0.1   2   2       0.2       7.9    3.5   0.0   171   213   277   318   258   343 0.79 -
Pdum_DN76178_c0_g1_i1:3394-3981  -            196 581717at33208        -            249     0.004   14.3   0.2   1   2       2.4        94   -0.0   0.0   109   133     7    31     4    41 0.67 -
Pdum_DN76178_c0_g1_i1:3394-3981  -            196 581717at33208        -            249     0.004   14.3   0.2   2   2    0.0036      0.14    9.2   0.1   177   234    63   120    55   127 0.77 -
Pdum_DN87384_c0_g1_i3:1267-1899  -            211 581717at33208        -            249    0.0046   14.1   0.0   1   2       1.3        52    0.8   0.0   155   170    39    54    16    83 0.80 -
Pdum_DN87384_c0_g1_i3:1267-1899  -            211 581717at33208        -            249    0.0046   14.1   0.0   2   2   0.00098     0.039   11.0   0.0   180   213   141   174   124   209 0.86 -
Pdum_DN89974_c1_g1_i2:3302-3844  -            181 581717at33208        -            249    0.0049   14.0   0.0   1   2   0.00034     0.013   12.6   0.0   157   221     2    68     1    89 0.82 -
Pdum_DN89974_c1_g1_i2:3302-3844  -            181 581717at33208        -            249    0.0049   14.0   0.0   2   2       7.1   2.8e+02   -1.6   0.0   128   149   111   132    81   144 0.58 -
Pdum_DN80062_c1_g1_i8:396-980    -            195 581717at33208        -            249    0.0063   13.6   0.1   1   2       3.8   1.5e+02   -0.7   0.0    72    89    12    29     4    38 0.52 -
Pdum_DN80062_c1_g1_i8:396-980    -            195 581717at33208        -            249    0.0063   13.6   0.1   2   2    0.0011     0.043   10.9   0.0   181   218   107   142    99   148 0.81 -
Pdum_DN88423_c1_g1_i2:993-1421   -            143 581717at33208        -            249    0.0067   13.5   0.1   1   2      0.01      0.41    7.7   0.0   186   237    15    66     6    78 0.81 -
Pdum_DN88423_c1_g1_i2:993-1421   -            143 581717at33208        -            249    0.0067   13.5   0.1   2   2      0.11       4.5    4.3   0.0   172   211    81   120    64   128 0.80 -
Pdum_DN90796_c3_g1_i4:1517-2605  -            363 581717at33208        -            249    0.0075   13.4   0.1   1   2    0.0075       0.3    8.2   0.0   156   213    65   123    48   128 0.79 -
Pdum_DN90796_c3_g1_i4:1517-2605  -            363 581717at33208        -            249    0.0075   13.4   0.1   2   2      0.47        19    2.3   0.0   154   213   145   206   139   226 0.86 -
Pdum_DN84002_c0_g1_i8:2338-3012  -            225 581717at33208        -            249    0.0075   13.4   0.0   1   2    0.0035      0.14    9.2   0.0    55   139     8    95     4   106 0.80 -
Pdum_DN84002_c0_g1_i8:2338-3012  -            225 581717at33208        -            249    0.0075   13.4   0.0   2   2    0.0058      0.23    8.5   0.0   155   214    76   137    73   156 0.81 -
Pdum_DN70491_c0_g1_i1:1-1254     -            418 581717at33208        -            249    0.0081   13.3   0.0   1   2     0.056       2.2    5.3   0.0   172   213   180   222   156   227 0.87 -
Pdum_DN70491_c0_g1_i1:1-1254     -            418 581717at33208        -            249    0.0081   13.3   0.0   2   2     0.076         3    4.9   0.0   194   218   248   272   238   283 0.76 -
Pdum_DN90581_c4_g2_i3:17-301     -             95 581717at33208        -            249    0.0087   13.2   0.0   1   2    0.0011     0.044   10.9   0.0   174   217    11    55     8    80 0.68 -
Pdum_DN90581_c4_g2_i3:17-301     -             95 581717at33208        -            249    0.0087   13.2   0.0   2   2      0.51        20    2.2   0.0   177   212    58    93    52    95 0.85 -
Pdum_DN89224_c5_g2_i10:3220-3918 -            233 581717at33208        -            249    0.0094   13.1   0.0   1   1    0.0061      0.24    8.5   0.0   110   148    93   130    69   180 0.51 -
Pdum_DN91312_c3_g1_i1:2567-3481  -            305 581717at33208        -            249     0.012   12.7   0.0   1   3     0.022      0.89    6.6   0.0   183   223    50    90    39   107 0.85 -
Pdum_DN91312_c3_g1_i1:2567-3481  -            305 581717at33208        -            249     0.012   12.7   0.0   2   3       5.8   2.3e+02   -1.3   0.0   152   157   137   142    84   185 0.58 -
Pdum_DN91312_c3_g1_i1:2567-3481  -            305 581717at33208        -            249     0.012   12.7   0.0   3   3      0.27        11    3.1   0.0   174   206   271   303   228   305 0.91 -
Pdum_DN84582_c3_g1_i1:332-1036   -            235 581717at33208        -            249     0.017   12.2   0.1   1   1     0.001     0.041   11.0   0.1   140   213    64   139    16   164 0.70 -
Pdum_DN92785_c3_g1_i2:3114-4076  -            321 581717at33208        -            249      0.02   12.0   0.4   1   3       2.2        88    0.1   0.0    42    70   197   224   185   241 0.73 -
Pdum_DN92785_c3_g1_i2:3114-4076  -            321 581717at33208        -            249      0.02   12.0   0.4   2   3     0.016      0.62    7.1   0.0   181   217   247   284   241   303 0.76 -
Pdum_DN92785_c3_g1_i2:3114-4076  -            321 581717at33208        -            249      0.02   12.0   0.4   3   3      0.24       9.6    3.2   0.0   168   209   276   317   272   320 0.86 -
Pdum_DN85938_c0_g1_i1:258-608    -            117 581717at33208        -            249     0.022   11.9   0.0   1   2     0.014      0.57    7.2   0.0   182   215     3    36     1    59 0.82 -
Pdum_DN85938_c0_g1_i1:258-608    -            117 581717at33208        -            249     0.022   11.9   0.0   2   2      0.19       7.4    3.6   0.0   151   195    56   103    38   108 0.65 -
Pdum_DN82173_c1_g1_i7:1104-1730  -            209 581717at33208        -            249     0.026   11.6   0.0   1   2     0.046       1.8    5.6   0.1    72    90    62    80    45    84 0.87 -
Pdum_DN82173_c1_g1_i7:1104-1730  -            209 581717at33208        -            249     0.026   11.6   0.0   2   2      0.15       5.8    3.9   0.0   173   231    84   145    80   155 0.73 -
Pdum_DN66431_c0_g1_i1:1561-2364  -            268 581717at33208        -            249     0.026   11.6   0.0   1   3      0.41        16    2.5   0.0   169   210    81   122    22   147 0.72 -
Pdum_DN66431_c0_g1_i1:1561-2364  -            268 581717at33208        -            249     0.026   11.6   0.0   2   3     0.049         2    5.5   0.0   173   209   166   202   160   227 0.88 -
Pdum_DN66431_c0_g1_i1:1561-2364  -            268 581717at33208        -            249     0.026   11.6   0.0   3   3       4.1   1.6e+02   -0.8   0.0    41    62   223   244   218   250 0.83 -
Pdum_DN87538_c0_g1_i11:59-631    -            191 581717at33208        -            249     0.033   11.3   0.0   1   3         2        80    0.2   0.0   179   212     4    37     1    56 0.81 -
Pdum_DN87538_c0_g1_i11:59-631    -            191 581717at33208        -            249     0.033   11.3   0.0   2   3     0.056       2.2    5.3   0.0   113   137    58    82    21   104 0.83 -
Pdum_DN87538_c0_g1_i11:59-631    -            191 581717at33208        -            249     0.033   11.3   0.0   3   3      0.43        17    2.4   0.0   112   136   155   179   146   182 0.68 -
#
# Program:         hmmsearch
# Version:         3.1b2 (February 2015)
# Pipeline mode:   SEARCH
# Query file:      /mnt/f/phylo/WORMS/busco_analysis/busco_downloads/lineages/metazoa_odb10/hmms/581717at33208.hmm
# Target file:     /mnt/f/phylo/WORMS/busco_analysis/metazoa_lineage_result/run_metazoa_odb10/metaeuk_output/initial_results/Platynereis_ref.eggnog_filter.nucl.fasta.modified.fas
# Option settings: hmmsearch --domtblout /mnt/f/phylo/WORMS/busco_analysis/metazoa_lineage_result/run_metazoa_odb10/hmmer_output/initial_run_results/581717at33208.out --cpu 1 /mnt/f/phylo/WORMS/busco_analysis/busco_downloads/lineages/metazoa_odb10/hmms/581717at33208.hmm /mnt/f/phylo/WORMS/busco_analysis/metazoa_lineage_result/run_metazoa_odb10/metaeuk_output/initial_results/Platynereis_ref.eggnog_filter.nucl.fasta.modified.fas 
# Current dir:     /mnt/f/phylo/WORMS/busco_analysis
# Date:            Sun Mar 12 20:42:51 2023
# [ok]
