#                                                                                        --- full sequence --- -------------- this domain -------------   hmm coord   ali coord   env coord
# target name                    accession   tlen query name           accession   qlen   E-value  score  bias   #  of  c-Evalue  i-Evalue  score  bias  from    to  from    to  from    to  acc description of target
#            ------------------- ---------- ----- -------------------- ---------- ----- --------- ------ ----- --- --- --------- --------- ------ ----- ----- ----- ----- ----- ----- ----- ---- ---------------------
Pdum_DN89612_c2_g1_i3:77-1273    -            399 641073at33208        -            124   2.1e-24   84.1  34.4   1   4   2.6e-07   1.8e-05   23.0   1.2     1    36     7    46     7    53 0.90 -
Pdum_DN89612_c2_g1_i3:77-1273    -            399 641073at33208        -            124   2.1e-24   84.1  34.4   2   4   9.1e-12   6.4e-10   37.4   5.7    33    82    59   113    50   118 0.80 -
Pdum_DN89612_c2_g1_i3:77-1273    -            399 641073at33208        -            124   2.1e-24   84.1  34.4   3   4         1        72    1.7   0.0    83    99   249   265   224   270 0.80 -
Pdum_DN89612_c2_g1_i3:77-1273    -            399 641073at33208        -            124   2.1e-24   84.1  34.4   4   4   1.3e-10   9.2e-09   33.6   9.8    58   124   326   392   287   392 0.64 -
Pdum_DN86174_c0_g1_i7:988-1344   -            119 641073at33208        -            124    0.0022   16.3  13.6   1   4    0.0075      0.53    8.6   0.7     2    24     3    25     2    28 0.83 -
Pdum_DN86174_c0_g1_i7:988-1344   -            119 641073at33208        -            124    0.0022   16.3  13.6   2   4     0.038       2.6    6.3   0.7     1    25    27    51    26    57 0.82 -
Pdum_DN86174_c0_g1_i7:988-1344   -            119 641073at33208        -            124    0.0022   16.3  13.6   3   4      0.66        47    2.3   0.0     2    19    56    73    55    80 0.83 -
Pdum_DN86174_c0_g1_i7:988-1344   -            119 641073at33208        -            124    0.0022   16.3  13.6   4   4     0.022       1.6    7.1   0.6     2    24    84   106    83   115 0.82 -
Pdum_DN84890_c0_g1_i1:3383-4135  -            251 641073at33208        -            124    0.0044   15.3  28.7   1   8       6.3   4.4e+02   -0.9   0.0     2    20     5    23     4    31 0.65 -
Pdum_DN84890_c0_g1_i1:3383-4135  -            251 641073at33208        -            124    0.0044   15.3  28.7   2   8    0.0053      0.37    9.1   0.4     2    20    33    51    32    58 0.88 -
Pdum_DN84890_c0_g1_i1:3383-4135  -            251 641073at33208        -            124    0.0044   15.3  28.7   3   8       1.3        93    1.3   0.0     1    19    61    79    61    84 0.89 -
Pdum_DN84890_c0_g1_i1:3383-4135  -            251 641073at33208        -            124    0.0044   15.3  28.7   4   8     0.011       0.8    8.0   0.8     2    22    90   111    89   118 0.81 -
Pdum_DN84890_c0_g1_i1:3383-4135  -            251 641073at33208        -            124    0.0044   15.3  28.7   5   8      0.47        33    2.8   0.3     1    28   117   144   117   146 0.83 -
Pdum_DN84890_c0_g1_i1:3383-4135  -            251 641073at33208        -            124    0.0044   15.3  28.7   6   8      0.25        18    3.7   0.2     2    20   146   164   145   173 0.82 -
Pdum_DN84890_c0_g1_i1:3383-4135  -            251 641073at33208        -            124    0.0044   15.3  28.7   7   8      0.24        17    3.7   0.1     2    20   175   193   174   198 0.89 -
Pdum_DN84890_c0_g1_i1:3383-4135  -            251 641073at33208        -            124    0.0044   15.3  28.7   8   8      0.79        55    2.1   0.0     1    19   201   219   201   225 0.91 -
Pdum_DN76945_c0_g2_i2:874-1530   -            219 641073at33208        -            124    0.0049   15.2   3.2   1   1   0.00011    0.0081   14.4   3.2    36    82    13    58     5    88 0.66 -
Pdum_DN76041_c1_g2_i2:685-1053   -            123 641073at33208        -            124    0.0059   14.9  14.3   1   4       2.2   1.6e+02    0.6   0.0     2    19     5    22     4    30 0.83 -
Pdum_DN76041_c1_g2_i2:685-1053   -            123 641073at33208        -            124    0.0059   14.9  14.3   2   4    0.0014     0.096   11.0   2.1     2    22    33    54    32    80 0.73 -
Pdum_DN76041_c1_g2_i2:685-1053   -            123 641073at33208        -            124    0.0059   14.9  14.3   3   4      0.45        32    2.8   0.1     2    20    61    79    60    87 0.83 -
Pdum_DN76041_c1_g2_i2:685-1053   -            123 641073at33208        -            124    0.0059   14.9  14.3   4   4     0.019       1.3    7.3   1.5     2    20    89   107    88   121 0.80 -
Pdum_DN83437_c0_g1_i8:754-1500   -            249 641073at33208        -            124    0.0079   14.5  21.6   1   7       7.5   5.3e+02   -1.1   0.4     8    25     8    25     1    53 0.69 -
Pdum_DN83437_c0_g1_i8:754-1500   -            249 641073at33208        -            124    0.0079   14.5  21.6   2   7      0.45        31    2.9   0.0     2    20    58    76    57    85 0.84 -
Pdum_DN83437_c0_g1_i8:754-1500   -            249 641073at33208        -            124    0.0079   14.5  21.6   3   7         2   1.4e+02    0.8   0.0     2    23    89   110    88   118 0.80 -
Pdum_DN83437_c0_g1_i8:754-1500   -            249 641073at33208        -            124    0.0079   14.5  21.6   4   7       4.9   3.4e+02   -0.5   0.0     2    18   117   133   116   139 0.89 -
Pdum_DN83437_c0_g1_i8:754-1500   -            249 641073at33208        -            124    0.0079   14.5  21.6   5   7    0.0036      0.26    9.6   1.9     2    35   145   187   144   192 0.69 -
Pdum_DN83437_c0_g1_i8:754-1500   -            249 641073at33208        -            124    0.0079   14.5  21.6   6   7     0.057         4    5.7   0.1     1    22   200   221   200   227 0.87 -
Pdum_DN83437_c0_g1_i8:754-1500   -            249 641073at33208        -            124    0.0079   14.5  21.6   7   7      0.36        26    3.1   0.0     2    20   229   247   228   249 0.90 -
Pdum_DN76078_c1_g1_i5:2-388      -            129 641073at33208        -            124    0.0091   14.3  10.4   1   4       1.1        78    1.6   0.1     1    21     1    21     1    28 0.82 -
Pdum_DN76078_c1_g1_i5:2-388      -            129 641073at33208        -            124    0.0091   14.3  10.4   2   4      0.12       8.2    4.7   0.3     2    20    30    48    29    55 0.82 -
Pdum_DN76078_c1_g1_i5:2-388      -            129 641073at33208        -            124    0.0091   14.3  10.4   3   4      0.19        13    4.0   0.1     2    22    57    78    56    96 0.81 -
Pdum_DN76078_c1_g1_i5:2-388      -            129 641073at33208        -            124    0.0091   14.3  10.4   4   4    0.0059      0.42    8.9   0.4     2    23   101   122   100   129 0.83 -
Pdum_DN77293_c2_g1_i1:129-497    -            123 641073at33208        -            124     0.013   13.7  14.5   1   3      0.01      0.74    8.1   0.1     2    21     3    23     2    43 0.84 -
Pdum_DN77293_c2_g1_i1:129-497    -            123 641073at33208        -            124     0.013   13.7  14.5   2   3     0.029       2.1    6.7   2.0     2    23    58    79    57    84 0.86 -
Pdum_DN77293_c2_g1_i1:129-497    -            123 641073at33208        -            124     0.013   13.7  14.5   3   3     0.027       1.9    6.8   1.6     2    25    89   112    88   123 0.81 -
Pdum_DN72368_c0_g1_i4:143-637    -            165 641073at33208        -            124      0.02   13.1  14.1   1   6      0.46        33    2.8   0.0     2    20     8    26     7    32 0.88 -
Pdum_DN72368_c0_g1_i4:143-637    -            165 641073at33208        -            124      0.02   13.1  14.1   2   6      0.28        20    3.5   0.1     2    19    36    53    35    62 0.90 -
Pdum_DN72368_c0_g1_i4:143-637    -            165 641073at33208        -            124      0.02   13.1  14.1   3   6      0.82        58    2.0   0.1     2    20    64    82    63    88 0.88 -
Pdum_DN72368_c0_g1_i4:143-637    -            165 641073at33208        -            124      0.02   13.1  14.1   4   6     0.081       5.7    5.2   0.0     2    19    92   109    91   117 0.89 -
Pdum_DN72368_c0_g1_i4:143-637    -            165 641073at33208        -            124      0.02   13.1  14.1   5   6      0.66        47    2.3   0.2     2    21   120   139   119   146 0.86 -
Pdum_DN72368_c0_g1_i4:143-637    -            165 641073at33208        -            124      0.02   13.1  14.1   6   6      0.53        37    2.6   0.2     2    19   148   165   147   165 0.91 -
Pdum_DN89378_c3_g1_i6:928-1437   -            170 641073at33208        -            124     0.022   13.1  21.5   1   5       1.7   1.2e+02    0.9   0.2     2    19    13    30    12    38 0.86 -
Pdum_DN89378_c3_g1_i6:928-1437   -            170 641073at33208        -            124     0.022   13.1  21.5   2   5       0.1       7.2    4.9   0.4     4    20    46    62    41    67 0.85 -
Pdum_DN89378_c3_g1_i6:928-1437   -            170 641073at33208        -            124     0.022   13.1  21.5   3   5    0.0077      0.54    8.6   0.2     1    20    72    91    72    99 0.85 -
Pdum_DN89378_c3_g1_i6:928-1437   -            170 641073at33208        -            124     0.022   13.1  21.5   4   5      0.23        16    3.8   0.9     2    24   115   139   114   144 0.77 -
Pdum_DN89378_c3_g1_i6:928-1437   -            170 641073at33208        -            124     0.022   13.1  21.5   5   5     0.012      0.81    8.0   0.2     2    23   147   168   146   170 0.93 -
Pdum_DN82376_c0_g1_i2:630-959    -            110 641073at33208        -            124     0.029   12.6   9.3   1   4     0.036       2.5    6.4   0.4     2    20     6    24     5    32 0.88 -
Pdum_DN82376_c0_g1_i2:630-959    -            110 641073at33208        -            124     0.029   12.6   9.3   2   4      0.22        15    3.9   0.1     2    20    34    52    33    59 0.86 -
Pdum_DN82376_c0_g1_i2:630-959    -            110 641073at33208        -            124     0.029   12.6   9.3   3   4      0.86        60    1.9   0.0     2    20    62    80    61    88 0.85 -
Pdum_DN82376_c0_g1_i2:630-959    -            110 641073at33208        -            124     0.029   12.6   9.3   4   4      0.14       9.9    4.5   0.1     2    20    90   108    89   110 0.90 -
Pdum_DN77881_c1_g1_i4:4-324      -            107 641073at33208        -            124     0.031   12.5   5.9   1   4      0.25        17    3.7   0.0     2    21     5    24     4    31 0.87 -
Pdum_DN77881_c1_g1_i4:4-324      -            107 641073at33208        -            124     0.031   12.5   5.9   2   4     0.026       1.8    6.8   0.2     2    25    33    56    32    61 0.84 -
Pdum_DN77881_c1_g1_i4:4-324      -            107 641073at33208        -            124     0.031   12.5   5.9   3   4      0.41        29    3.0   0.0     2    20    61    79    60    91 0.84 -
Pdum_DN77881_c1_g1_i4:4-324      -            107 641073at33208        -            124     0.031   12.5   5.9   4   4       2.9   2.1e+02    0.2   0.1     2    19    89   106    87   107 0.91 -
Pdum_DN81774_c0_g1_i8:1877-3124  -            416 641073at33208        -            124     0.033   12.5  50.2   1  13      0.29        21    3.4   0.2     2    28    20    46    19    49 0.82 -
Pdum_DN81774_c0_g1_i8:1877-3124  -            416 641073at33208        -            124     0.033   12.5  50.2   2  13       1.4        98    1.3   0.1     2    19    48    65    47    72 0.87 -
Pdum_DN81774_c0_g1_i8:1877-3124  -            416 641073at33208        -            124     0.033   12.5  50.2   3  13      0.57        40    2.5   0.1     1    24    77   100    77   104 0.83 -
Pdum_DN81774_c0_g1_i8:1877-3124  -            416 641073at33208        -            124     0.033   12.5  50.2   4  13      0.54        38    2.6   0.1     1    19   105   123   105   128 0.92 -
Pdum_DN81774_c0_g1_i8:1877-3124  -            416 641073at33208        -            124     0.033   12.5  50.2   5  13       1.1        76    1.6   0.2     2    20   142   160   141   166 0.88 -
Pdum_DN81774_c0_g1_i8:1877-3124  -            416 641073at33208        -            124     0.033   12.5  50.2   6  13       0.8        57    2.0   0.1     1    21   169   189   169   196 0.85 -
Pdum_DN81774_c0_g1_i8:1877-3124  -            416 641073at33208        -            124     0.033   12.5  50.2   7  13       2.6   1.9e+02    0.4   0.1     1    21   197   217   197   220 0.88 -
Pdum_DN81774_c0_g1_i8:1877-3124  -            416 641073at33208        -            124     0.033   12.5  50.2   8  13    0.0065      0.46    8.8   0.3     2    20   227   245   226   251 0.90 -
Pdum_DN81774_c0_g1_i8:1877-3124  -            416 641073at33208        -            124     0.033   12.5  50.2   9  13     0.098       6.9    5.0   0.2     2    22   255   276   254   281 0.85 -
Pdum_DN81774_c0_g1_i8:1877-3124  -            416 641073at33208        -            124     0.033   12.5  50.2  10  13       0.9        64    1.9   0.2     2    20   295   313   294   317 0.91 -
Pdum_DN81774_c0_g1_i8:1877-3124  -            416 641073at33208        -            124     0.033   12.5  50.2  11  13     0.032       2.3    6.5   0.3     1    21   322   342   322   347 0.86 -
Pdum_DN81774_c0_g1_i8:1877-3124  -            416 641073at33208        -            124     0.033   12.5  50.2  12  13      0.11       7.8    4.8   0.2     2    29   351   379   350   390 0.86 -
Pdum_DN81774_c0_g1_i8:1877-3124  -            416 641073at33208        -            124     0.033   12.5  50.2  13  13       2.5   1.7e+02    0.5   0.0     2    19   380   397   379   402 0.87 -
Pdum_DN71180_c6_g1_i1:468-821    -            118 641073at33208        -            124     0.037   12.3  12.6   1   4     0.031       2.2    6.6   0.2     1    23     1    23     1    29 0.83 -
Pdum_DN71180_c6_g1_i1:468-821    -            118 641073at33208        -            124     0.037   12.3  12.6   2   4     0.046       3.2    6.1   1.9     2    22    30    50    29    64 0.80 -
Pdum_DN71180_c6_g1_i1:468-821    -            118 641073at33208        -            124     0.037   12.3  12.6   3   4      0.86        61    1.9   0.1     2    20    58    76    57    82 0.88 -
Pdum_DN71180_c6_g1_i1:468-821    -            118 641073at33208        -            124     0.037   12.3  12.6   4   4      0.19        13    4.1   0.1     2    22    86   106    85   116 0.82 -
Pdum_DN88785_c2_g1_i3:1061-1816  -            252 641073at33208        -            124      0.04   12.2  30.0   1   8      0.11       7.8    4.8   0.6     2    22     2    22     1    28 0.86 -
Pdum_DN88785_c2_g1_i3:1061-1816  -            252 641073at33208        -            124      0.04   12.2  30.0   2   8     0.022       1.6    7.1   0.3     1    28    29    56    29    60 0.81 -
Pdum_DN88785_c2_g1_i3:1061-1816  -            252 641073at33208        -            124      0.04   12.2  30.0   3   8       2.6   1.8e+02    0.4   0.1     1    25    57    82    57    86 0.77 -
Pdum_DN88785_c2_g1_i3:1061-1816  -            252 641073at33208        -            124      0.04   12.2  30.0   4   8      0.14       9.5    4.5   0.9     2    29    87   114    85   118 0.91 -
Pdum_DN88785_c2_g1_i3:1061-1816  -            252 641073at33208        -            124      0.04   12.2  30.0   5   8       5.4   3.8e+02   -0.7   0.1     1    21   114   134   114   139 0.84 -
Pdum_DN88785_c2_g1_i3:1061-1816  -            252 641073at33208        -            124      0.04   12.2  30.0   6   8     0.044       3.1    6.1   0.1     2    19   144   161   143   169 0.88 -
Pdum_DN88785_c2_g1_i3:1061-1816  -            252 641073at33208        -            124      0.04   12.2  30.0   7   8       0.3        21    3.4   0.1     2    20   172   190   171   199 0.84 -
Pdum_DN88785_c2_g1_i3:1061-1816  -            252 641073at33208        -            124      0.04   12.2  30.0   8   8       0.8        57    2.0   0.3     2    20   200   218   199   248 0.58 -
Pdum_DN69037_c1_g1_i9:125-664    -            180 641073at33208        -            124     0.049   11.9  20.0   1   4     0.073       5.1    5.4   0.3     2    23    22    43    21    49 0.83 -
Pdum_DN69037_c1_g1_i9:125-664    -            180 641073at33208        -            124     0.049   11.9  20.0   2   4      0.15        10    4.4   2.0     2    29    50    77    49    92 0.79 -
Pdum_DN69037_c1_g1_i9:125-664    -            180 641073at33208        -            124     0.049   11.9  20.0   3   4      0.78        55    2.1   0.2     2    19   106   123   105   130 0.85 -
Pdum_DN69037_c1_g1_i9:125-664    -            180 641073at33208        -            124     0.049   11.9  20.0   4   4   0.00084     0.059   11.6   0.7     2    30   134   166   133   173 0.76 -
Pdum_DN85461_c2_g1_i1:35-406     -            124 641073at33208        -            124     0.069   11.4   7.4   1   4       4.5   3.1e+02   -0.4   0.0     2    22     5    25     4    31 0.81 -
Pdum_DN85461_c2_g1_i1:35-406     -            124 641073at33208        -            124     0.069   11.4   7.4   2   4    0.0073      0.52    8.6   0.4     2    23    33    54    32    67 0.78 -
Pdum_DN85461_c2_g1_i1:35-406     -            124 641073at33208        -            124     0.069   11.4   7.4   3   4       1.4     1e+02    1.2   0.0     2    19    61    78    60    87 0.85 -
Pdum_DN85461_c2_g1_i1:35-406     -            124 641073at33208        -            124     0.069   11.4   7.4   4   4      0.23        16    3.8   0.3     2    25    89   112    88   120 0.83 -
Pdum_DN77991_c1_g3_i1:45-761     -            239 641073at33208        -            124      0.08   11.2  26.8   1   7       1.5     1e+02    1.2   0.1     2    24    21    43    20    51 0.63 -
Pdum_DN77991_c1_g3_i1:45-761     -            239 641073at33208        -            124      0.08   11.2  26.8   2   7     0.067       4.7    5.5   0.4     2    22    49    69    48    76 0.82 -
Pdum_DN77991_c1_g3_i1:45-761     -            239 641073at33208        -            124      0.08   11.2  26.8   3   7      0.14       9.8    4.5   0.3     2    22    77    97    76   114 0.77 -
Pdum_DN77991_c1_g3_i1:45-761     -            239 641073at33208        -            124      0.08   11.2  26.8   4   7     0.016       1.1    7.5   0.8     1    20   130   149   130   155 0.88 -
Pdum_DN77991_c1_g3_i1:45-761     -            239 641073at33208        -            124      0.08   11.2  26.8   5   7     0.099         7    5.0   0.1     2    19   159   176   158   184 0.89 -
Pdum_DN77991_c1_g3_i1:45-761     -            239 641073at33208        -            124      0.08   11.2  26.8   6   7      0.34        24    3.2   0.4     2    22   188   208   187   217 0.86 -
Pdum_DN77991_c1_g3_i1:45-761     -            239 641073at33208        -            124      0.08   11.2  26.8   7   7       4.7   3.3e+02   -0.4   0.0     2    19   216   233   215   238 0.83 -
Pdum_DN81397_c1_g1_i3:2162-2701  -            180 641073at33208        -            124     0.098   11.0  21.2   1   5      0.16        11    4.3   0.6     1    21    15    35    15    40 0.87 -
Pdum_DN81397_c1_g1_i3:2162-2701  -            180 641073at33208        -            124     0.098   11.0  21.2   2   5      0.21        15    3.9   0.1     2    20    47    65    46    72 0.88 -
Pdum_DN81397_c1_g1_i3:2162-2701  -            180 641073at33208        -            124     0.098   11.0  21.2   3   5       0.1       7.3    4.9   0.4     2    22    77    97    76   103 0.88 -
Pdum_DN81397_c1_g1_i3:2162-2701  -            180 641073at33208        -            124     0.098   11.0  21.2   4   5      0.25        18    3.7   1.8     1    19   132   150   104   158 0.50 -
Pdum_DN81397_c1_g1_i3:2162-2701  -            180 641073at33208        -            124     0.098   11.0  21.2   5   5      0.29        20    3.5   0.0     2    19   161   178   160   179 0.93 -
Pdum_DN89273_c2_g1_i7:2263-2670  -            136 641073at33208        -            124     0.098   10.9   8.4   1   4       8.1   5.7e+02   -1.2   0.1     2    19     5    22     4    29 0.77 -
Pdum_DN89273_c2_g1_i7:2263-2670  -            136 641073at33208        -            124     0.098   10.9   8.4   2   4      0.18        13    4.1   0.0     2    19    33    50    32    58 0.89 -
Pdum_DN89273_c2_g1_i7:2263-2670  -            136 641073at33208        -            124     0.098   10.9   8.4   3   4     0.099         7    5.0   0.4     2    38    61   106    60   110 0.53 -
Pdum_DN89273_c2_g1_i7:2263-2670  -            136 641073at33208        -            124     0.098   10.9   8.4   4   4      0.43        30    2.9   0.1     2    19   117   134   116   136 0.91 -
Pdum_DN86523_c0_g1_i11:1152-1532 -            127 641073at33208        -            124      0.12   10.7   8.9   1   4     0.016       1.1    7.5   0.1     1    20     4    23     4    30 0.89 -
Pdum_DN86523_c0_g1_i11:1152-1532 -            127 641073at33208        -            124      0.12   10.7   8.9   2   4      0.13       8.9    4.6   0.2     2    27    34    59    33    64 0.83 -
Pdum_DN86523_c0_g1_i11:1152-1532 -            127 641073at33208        -            124      0.12   10.7   8.9   3   4         5   3.5e+02   -0.5   0.0     2    20    62    80    60    83 0.88 -
Pdum_DN86523_c0_g1_i11:1152-1532 -            127 641073at33208        -            124      0.12   10.7   8.9   4   4      0.72        51    2.2   0.3     2    20    90   108    89   125 0.83 -
Pdum_DN91933_c2_g1_i2:2472-3164  -            231 641073at33208        -            124      0.13   10.6  27.9   1   7     0.033       2.3    6.5   0.3     2    22    10    30     9    34 0.94 -
Pdum_DN91933_c2_g1_i2:2472-3164  -            231 641073at33208        -            124      0.13   10.6  27.9   2   7       1.7   1.2e+02    1.0   0.0     2    22    36    56    35    62 0.85 -
Pdum_DN91933_c2_g1_i2:2472-3164  -            231 641073at33208        -            124      0.13   10.6  27.9   3   7     0.091       6.4    5.1   0.5     2    20    65    83    64    89 0.90 -
Pdum_DN91933_c2_g1_i2:2472-3164  -            231 641073at33208        -            124      0.13   10.6  27.9   4   7         3   2.1e+02    0.2   0.1     2    19    95   112    94   119 0.85 -
Pdum_DN91933_c2_g1_i2:2472-3164  -            231 641073at33208        -            124      0.13   10.6  27.9   5   7     0.011      0.78    8.0   0.2     1    20   122   141   122   149 0.88 -
Pdum_DN91933_c2_g1_i2:2472-3164  -            231 641073at33208        -            124      0.13   10.6  27.9   6   7      0.47        33    2.8   0.0     1    20   150   169   150   179 0.80 -
Pdum_DN91933_c2_g1_i2:2472-3164  -            231 641073at33208        -            124      0.13   10.6  27.9   7   7      0.83        59    2.0   0.4     1    19   207   225   207   231 0.83 -
Pdum_DN69389_c3_g1_i6:99-476     -            126 641073at33208        -            124      0.13   10.6  12.6   1   4      0.68        48    2.3   0.1     2    21     5    24     4    31 0.85 -
Pdum_DN69389_c3_g1_i6:99-476     -            126 641073at33208        -            124      0.13   10.6  12.6   2   4     0.048       3.4    6.0   0.1     2    21    33    52    32    59 0.87 -
Pdum_DN69389_c3_g1_i6:99-476     -            126 641073at33208        -            124      0.13   10.6  12.6   3   4     0.041       2.9    6.2   1.3     2    27    61    90    60   116 0.62 -
Pdum_DN69389_c3_g1_i6:99-476     -            126 641073at33208        -            124      0.13   10.6  12.6   4   4       4.2     3e+02   -0.3   0.1     2    10   117   125   116   126 0.89 -
Pdum_DN77318_c0_g1_i1:1259-1621  -            121 641073at33208        -            124      0.14   10.5   6.9   1   4      0.46        32    2.8   0.0     2    19     1    18     1    23 0.88 -
Pdum_DN77318_c0_g1_i1:1259-1621  -            121 641073at33208        -            124      0.14   10.5   6.9   2   4      0.11         8    4.8   0.1     1    23    28    50    28    57 0.79 -
Pdum_DN77318_c0_g1_i1:1259-1621  -            121 641073at33208        -            124      0.14   10.5   6.9   3   4      0.89        63    1.9   0.1     2    20    58    76    57    86 0.76 -
Pdum_DN77318_c0_g1_i1:1259-1621  -            121 641073at33208        -            124      0.14   10.5   6.9   4   4      0.45        32    2.8   0.1     2    20    86   105    85   115 0.82 -
Pdum_DN84146_c0_g3_i2:44-469     -            142 641073at33208        -            124      0.15   10.3  12.6   1   4      0.67        47    2.3   0.1     2    20     5    23     4    35 0.89 -
Pdum_DN84146_c0_g3_i2:44-469     -            142 641073at33208        -            124      0.15   10.3  12.6   2   4      0.16        11    4.3   0.4     2    24    51    73    50    81 0.77 -
Pdum_DN84146_c0_g3_i2:44-469     -            142 641073at33208        -            124      0.15   10.3  12.6   3   4       1.4        95    1.3   0.1     1    20    78    97    78   103 0.83 -
Pdum_DN84146_c0_g3_i2:44-469     -            142 641073at33208        -            124      0.15   10.3  12.6   4   4    0.0046      0.32    9.3   0.4     2    20   107   125   106   139 0.85 -
Pdum_DN79351_c0_g2_i2:16-579     -            188 641073at33208        -            124      0.16   10.2  14.7   1   4    0.0072       0.5    8.6   0.5     3    51    34    81    28    84 0.83 -
Pdum_DN79351_c0_g2_i2:16-579     -            188 641073at33208        -            124      0.16   10.2  14.7   2   4      0.22        16    3.8   0.1     2    23    85   106    84   110 0.87 -
Pdum_DN79351_c0_g2_i2:16-579     -            188 641073at33208        -            124      0.16   10.2  14.7   3   4      0.61        43    2.4   0.3     2    20   114   132   113   140 0.85 -
Pdum_DN79351_c0_g2_i2:16-579     -            188 641073at33208        -            124      0.16   10.2  14.7   4   4      0.28        20    3.5   0.3     2    28   142   168   141   184 0.85 -
Pdum_DN89738_c4_g2_i5:219-590    -            124 641073at33208        -            124      0.16   10.2   9.7   1   4      0.13         9    4.6   0.1     2    22     5    25     4    31 0.84 -
Pdum_DN89738_c4_g2_i5:219-590    -            124 641073at33208        -            124      0.16   10.2   9.7   2   4     0.079       5.6    5.3   0.1     1    21    32    52    32    60 0.85 -
Pdum_DN89738_c4_g2_i5:219-590    -            124 641073at33208        -            124      0.16   10.2   9.7   3   4      0.75        53    2.1   0.1     2    22    61    81    60    87 0.84 -
Pdum_DN89738_c4_g2_i5:219-590    -            124 641073at33208        -            124      0.16   10.2   9.7   4   4      0.57        40    2.5   0.2     2    22    89   109    88   120 0.82 -
Pdum_DN89839_c2_g1_i9:224-571    -            116 641073at33208        -            124      0.18   10.1   7.8   1   3     0.013      0.91    7.8   0.9     1    19     4    22     4    51 0.73 -
Pdum_DN89839_c2_g1_i9:224-571    -            116 641073at33208        -            124      0.18   10.1   7.8   2   3      0.61        43    2.4   0.3     2    19    33    50    32    82 0.71 -
Pdum_DN89839_c2_g1_i9:224-571    -            116 641073at33208        -            124      0.18   10.1   7.8   3   3       0.4        28    3.0   0.1     2    20    88   106    87   110 0.89 -
Pdum_DN80756_c2_g2_i11:59-451    -            131 641073at33208        -            124      0.18   10.1   5.4   1   2      0.82        58    2.0   0.4     2    20     5    23     4    53 0.67 -
Pdum_DN80756_c2_g2_i11:59-451    -            131 641073at33208        -            124      0.18   10.1   5.4   2   2    0.0035      0.24    9.7   0.6     2    23    61    82    60   106 0.85 -
Pdum_DN77510_c0_g1_i14:540-1100  -            187 641073at33208        -            124      0.27    9.5  20.0   1   6      0.12       8.6    4.7   0.2     1    20     2    21     2    29 0.87 -
Pdum_DN77510_c0_g1_i14:540-1100  -            187 641073at33208        -            124      0.27    9.5  20.0   2   6      0.12       8.1    4.7   0.2     1    19    30    48    30    57 0.88 -
Pdum_DN77510_c0_g1_i14:540-1100  -            187 641073at33208        -            124      0.27    9.5  20.0   3   6       1.1        80    1.5   0.2     2    30    58    86    57   102 0.82 -
Pdum_DN77510_c0_g1_i14:540-1100  -            187 641073at33208        -            124      0.27    9.5  20.0   4   6      0.12       8.6    4.7   0.2     1    20   113   132   113   140 0.87 -
Pdum_DN77510_c0_g1_i14:540-1100  -            187 641073at33208        -            124      0.27    9.5  20.0   5   6     0.095       6.7    5.0   0.5     1    19   141   159   141   175 0.82 -
Pdum_DN77510_c0_g1_i14:540-1100  -            187 641073at33208        -            124      0.27    9.5  20.0   6   6       9.9     7e+02   -1.5   0.0     2    18   169   185   168   187 0.89 -
Pdum_DN78668_c0_g1_i4:203-529    -            109 641073at33208        -            124      0.28    9.5   8.4   1   4     0.023       1.6    7.0   0.4     2    28     2    28     1    31 0.84 -
Pdum_DN78668_c0_g1_i4:203-529    -            109 641073at33208        -            124      0.28    9.5   8.4   2   4      0.57        40    2.5   0.2     2    21    30    49    29    60 0.79 -
Pdum_DN78668_c0_g1_i4:203-529    -            109 641073at33208        -            124      0.28    9.5   8.4   3   4       2.7   1.9e+02    0.3   0.1     2    23    61    82    60    89 0.80 -
Pdum_DN78668_c0_g1_i4:203-529    -            109 641073at33208        -            124      0.28    9.5   8.4   4   4       0.4        28    3.0   0.0     1    20    89   108    89   109 0.91 -
Pdum_DN72413_c1_g1_i2:40-870     -            277 641073at33208        -            124      0.36    9.1  38.1   1   6     0.091       6.4    5.1   0.8     2    35     2    35     1    47 0.87 -
Pdum_DN72413_c1_g1_i2:40-870     -            277 641073at33208        -            124      0.36    9.1  38.1   2   6     0.034       2.4    6.4   2.0     1    25    83   108    83   116 0.81 -
Pdum_DN72413_c1_g1_i2:40-870     -            277 641073at33208        -            124      0.36    9.1  38.1   3   6     0.007      0.49    8.7   0.1     2    20   141   159   140   167 0.88 -
Pdum_DN72413_c1_g1_i2:40-870     -            277 641073at33208        -            124      0.36    9.1  38.1   4   6     0.049       3.5    5.9   0.3     1    19   168   186   168   196 0.86 -
Pdum_DN72413_c1_g1_i2:40-870     -            277 641073at33208        -            124      0.36    9.1  38.1   5   6       3.4   2.4e+02   -0.0   0.5     2    22   200   220   199   225 0.85 -
Pdum_DN72413_c1_g1_i2:40-870     -            277 641073at33208        -            124      0.36    9.1  38.1   6   6     0.018       1.2    7.4   0.2     1    20   228   247   228   257 0.89 -
Pdum_DN66235_c0_g1_i2:1187-1540  -            118 641073at33208        -            124      0.48    8.7   8.4   1   3       1.2        84    1.5   0.1     2    19    19    36    18    44 0.79 -
Pdum_DN66235_c0_g1_i2:1187-1540  -            118 641073at33208        -            124      0.48    8.7   8.4   2   3       0.5        35    2.7   0.0     2    20    47    65    46    70 0.87 -
Pdum_DN66235_c0_g1_i2:1187-1540  -            118 641073at33208        -            124      0.48    8.7   8.4   3   3     0.015       1.1    7.6   1.7     2    23    75    96    74   115 0.85 -
Pdum_DN79222_c1_g1_i4:1699-2466  -            256 641073at33208        -            124      0.53    8.6  24.5   1   4      0.42        30    2.9   0.1     2    19    60    77    59    85 0.87 -
Pdum_DN79222_c1_g1_i4:1699-2466  -            256 641073at33208        -            124      0.53    8.6  24.5   2   4       0.2        14    4.0   6.6     2    25    88   111    87   142 0.63 -
Pdum_DN79222_c1_g1_i4:1699-2466  -            256 641073at33208        -            124      0.53    8.6  24.5   3   4      0.71        50    2.2   0.2     2    20   144   162   143   168 0.87 -
Pdum_DN79222_c1_g1_i4:1699-2466  -            256 641073at33208        -            124      0.53    8.6  24.5   4   4     0.022       1.6    7.0   1.4     2    23   173   194   172   224 0.79 -
Pdum_DN89240_c1_g1_i2:2041-2412  -            124 641073at33208        -            124      0.74    8.1  12.4   1   3    0.0028      0.19   10.0   2.1     2    23     1    23     1    50 0.75 -
Pdum_DN89240_c1_g1_i2:2041-2412  -            124 641073at33208        -            124      0.74    8.1  12.4   2   3      0.21        15    3.9   0.3     2    19    58    75    57    86 0.88 -
Pdum_DN89240_c1_g1_i2:2041-2412  -            124 641073at33208        -            124      0.74    8.1  12.4   3   3       3.3   2.3e+02    0.1   0.1     2    19    87   104    86   118 0.80 -
Pdum_DN90316_c3_g1_i4:972-1421   -            150 641073at33208        -            124       1.1    7.6  16.4   1   4     0.028         2    6.7   0.3     1    22    32    53    32    59 0.82 -
Pdum_DN90316_c3_g1_i4:972-1421   -            150 641073at33208        -            124       1.1    7.6  16.4   2   4      0.39        27    3.0   0.5     2    22    58    78    57    92 0.82 -
Pdum_DN90316_c3_g1_i4:972-1421   -            150 641073at33208        -            124       1.1    7.6  16.4   3   4       9.1   6.4e+02   -1.4   0.0     1    22    85   106    85   112 0.79 -
Pdum_DN90316_c3_g1_i4:972-1421   -            150 641073at33208        -            124       1.1    7.6  16.4   4   4     0.012      0.85    7.9   1.2     2    20   114   132   113   149 0.80 -
Pdum_DN72429_c2_g1_i5:6-725      -            240 641073at33208        -            124       1.1    7.6  28.7   1   6      0.27        19    3.6   0.7     2    22     2    22     1    29 0.85 -
Pdum_DN72429_c2_g1_i5:6-725      -            240 641073at33208        -            124       1.1    7.6  28.7   2   6      0.98        69    1.7   0.1     2    19    30    47    29    53 0.88 -
Pdum_DN72429_c2_g1_i5:6-725      -            240 641073at33208        -            124       1.1    7.6  28.7   3   6    0.0099      0.69    8.2   0.6     2    21    58    77    57    99 0.87 -
Pdum_DN72429_c2_g1_i5:6-725      -            240 641073at33208        -            124       1.1    7.6  28.7   4   6      0.36        26    3.1   0.1     2    20   115   133   114   139 0.86 -
Pdum_DN72429_c2_g1_i5:6-725      -            240 641073at33208        -            124       1.1    7.6  28.7   5   6      0.25        18    3.6   0.2     2    47   143   191   142   198 0.59 -
Pdum_DN72429_c2_g1_i5:6-725      -            240 641073at33208        -            124       1.1    7.6  28.7   6   6      0.27        19    3.6   1.3     2    22   199   219   198   233 0.78 -
Pdum_DN90004_c1_g1_i1:24-719     -            232 641073at33208        -            124       1.2    7.5  25.1   1   6      0.21        15    3.9   0.3     2    26     3    27     2    33 0.85 -
Pdum_DN90004_c1_g1_i1:24-719     -            232 641073at33208        -            124       1.2    7.5  25.1   2   6      0.37        26    3.1   0.1     2    20    32    50    31    58 0.86 -
Pdum_DN90004_c1_g1_i1:24-719     -            232 641073at33208        -            124       1.2    7.5  25.1   3   6      0.37        26    3.1   0.1     2    23    60    81    59    88 0.81 -
Pdum_DN90004_c1_g1_i1:24-719     -            232 641073at33208        -            124       1.2    7.5  25.1   4   6     0.031       2.2    6.6   0.4     2    22   114   134   113   144 0.86 -
Pdum_DN90004_c1_g1_i1:24-719     -            232 641073at33208        -            124       1.2    7.5  25.1   5   6      0.21        15    3.9   1.0     2    22   170   190   169   205 0.85 -
Pdum_DN90004_c1_g1_i1:24-719     -            232 641073at33208        -            124       1.2    7.5  25.1   6   6       1.9   1.3e+02    0.8   0.2     2    22   198   218   197   228 0.81 -
Pdum_DN91787_c4_g2_i3:1535-1906  -            124 641073at33208        -            124       1.2    7.4  15.6   1   4       3.6   2.5e+02   -0.1   0.0     2    22     3    23     2    28 0.90 -
Pdum_DN91787_c4_g2_i3:1535-1906  -            124 641073at33208        -            124       1.2    7.4  15.6   2   4    0.0087      0.61    8.4   1.2     2    20    34    52    33    66 0.86 -
Pdum_DN91787_c4_g2_i3:1535-1906  -            124 641073at33208        -            124       1.2    7.4  15.6   3   4      0.85        60    2.0   0.2    53    75    67    88    66    91 0.79 -
Pdum_DN91787_c4_g2_i3:1535-1906  -            124 641073at33208        -            124       1.2    7.4  15.6   4   4      0.13       9.2    4.6   1.9     2    27    89   114    88   122 0.81 -
Pdum_DN80849_c0_g1_i1:1652-2146  -            165 641073at33208        -            124       1.2    7.4  13.4   1   6      0.14       9.5    4.5   0.1     2    21     7    26     6    33 0.85 -
Pdum_DN80849_c0_g1_i1:1652-2146  -            165 641073at33208        -            124       1.2    7.4  13.4   2   6      0.28        20    3.5   1.1     1    31    34    64    34    69 0.82 -
Pdum_DN80849_c0_g1_i1:1652-2146  -            165 641073at33208        -            124       1.2    7.4  13.4   3   6       4.7   3.3e+02   -0.4   0.1     2    20    63    81    62    87 0.84 -
Pdum_DN80849_c0_g1_i1:1652-2146  -            165 641073at33208        -            124       1.2    7.4  13.4   4   6       1.1        80    1.5   0.1     2    20    91   109    90   114 0.88 -
Pdum_DN80849_c0_g1_i1:1652-2146  -            165 641073at33208        -            124       1.2    7.4  13.4   5   6       1.9   1.4e+02    0.8   0.0     2    20   119   137   118   143 0.84 -
Pdum_DN80849_c0_g1_i1:1652-2146  -            165 641073at33208        -            124       1.2    7.4  13.4   6   6       1.3        89    1.4   0.0     2    18   147   163   146   165 0.88 -
Pdum_DN91498_c2_g1_i8:983-1372   -            130 641073at33208        -            124       1.9    6.8  15.4   1   4    0.0089      0.63    8.3   0.2     2    29    10    37     9    40 0.85 -
Pdum_DN91498_c2_g1_i8:983-1372   -            130 641073at33208        -            124       1.9    6.8  15.4   2   4      0.22        15    3.9   0.2     2    20    39    57    38    63 0.87 -
Pdum_DN91498_c2_g1_i8:983-1372   -            130 641073at33208        -            124       1.9    6.8  15.4   3   4         2   1.4e+02    0.8   2.5     2    25    67    91    66    96 0.83 -
Pdum_DN91498_c2_g1_i8:983-1372   -            130 641073at33208        -            124       1.9    6.8  15.4   4   4      0.74        52    2.1   0.2     2    20    96   114    95   118 0.91 -
Pdum_DN74777_c7_g3_i1:27-419     -            131 641073at33208        -            124       2.3    6.5  12.8   1   4      0.29        20    3.5   0.2     1    19     4    22     4    34 0.84 -
Pdum_DN74777_c7_g3_i1:27-419     -            131 641073at33208        -            124       2.3    6.5  12.8   2   4       0.9        63    1.9   0.2     2    19    33    50    32    59 0.86 -
Pdum_DN74777_c7_g3_i1:27-419     -            131 641073at33208        -            124       2.3    6.5  12.8   3   4      0.18        13    4.1   0.4     2    20    61    79    60    92 0.85 -
Pdum_DN74777_c7_g3_i1:27-419     -            131 641073at33208        -            124       2.3    6.5  12.8   4   4      0.16        12    4.3   0.2     2    22    96   116    95   129 0.78 -
Pdum_DN77498_c1_g1_i8:107-433    -            109 641073at33208        -            124       2.8    6.2  14.9   1   3      0.42        30    2.9   4.8     2    33     3    43     2    55 0.60 -
Pdum_DN77498_c1_g1_i8:107-433    -            109 641073at33208        -            124       2.8    6.2  14.9   2   3      0.28        20    3.5   0.4     2    20    59    77    58    87 0.88 -
Pdum_DN77498_c1_g1_i8:107-433    -            109 641073at33208        -            124       2.8    6.2  14.9   3   3      0.21        15    3.9   0.1     5    20    92   107    89   109 0.89 -
Pdum_DN87739_c1_g1_i1:1353-2264  -            304 641073at33208        -            124       3.3    6.0  25.7   1   8      0.16        11    4.3   0.0     2    20     1    19     1    26 0.89 -
Pdum_DN87739_c1_g1_i1:1353-2264  -            304 641073at33208        -            124       3.3    6.0  25.7   2   8       4.1   2.9e+02   -0.3   0.1     2    19    29    46    28    57 0.86 -
Pdum_DN87739_c1_g1_i1:1353-2264  -            304 641073at33208        -            124       3.3    6.0  25.7   3   8       2.4   1.7e+02    0.5   0.1     2    21    87   107    86   112 0.82 -
Pdum_DN87739_c1_g1_i1:1353-2264  -            304 641073at33208        -            124       3.3    6.0  25.7   4   8       1.3        94    1.3   0.0     1    19   115   133   115   141 0.87 -
Pdum_DN87739_c1_g1_i1:1353-2264  -            304 641073at33208        -            124       3.3    6.0  25.7   5   8       3.9   2.7e+02   -0.2   0.0     2    20   196   214   195   218 0.86 -
Pdum_DN87739_c1_g1_i1:1353-2264  -            304 641073at33208        -            124       3.3    6.0  25.7   6   8      0.13       9.1    4.6   0.1     2    19   224   241   223   250 0.90 -
Pdum_DN87739_c1_g1_i1:1353-2264  -            304 641073at33208        -            124       3.3    6.0  25.7   7   8      0.41        29    3.0   0.2     2    20   252   270   251   279 0.84 -
Pdum_DN87739_c1_g1_i1:1353-2264  -            304 641073at33208        -            124       3.3    6.0  25.7   8   8      0.33        24    3.3   0.0     2    20   280   298   279   303 0.88 -
Pdum_DN84712_c0_g1_i9:3000-3656  -            219 641073at33208        -            124       3.4    6.0  23.0   1   5      0.42        29    2.9   0.3     2    22     5    25     4    42 0.88 -
Pdum_DN84712_c0_g1_i9:3000-3656  -            219 641073at33208        -            124       3.4    6.0  23.0   2   5      0.39        28    3.0   0.5     2    21    58    77    57    83 0.87 -
Pdum_DN84712_c0_g1_i9:3000-3656  -            219 641073at33208        -            124       3.4    6.0  23.0   3   5     0.025       1.7    6.9   4.6     2    50    88   145    87   146 0.81 -
Pdum_DN84712_c0_g1_i9:3000-3656  -            219 641073at33208        -            124       3.4    6.0  23.0   4   5      0.53        37    2.6   0.2     2    22   144   164   143   172 0.82 -
Pdum_DN84712_c0_g1_i9:3000-3656  -            219 641073at33208        -            124       3.4    6.0  23.0   5   5       1.3        90    1.4   0.0     2    20   172   190   171   199 0.85 -
Pdum_DN75541_c0_g1_i4:313-1050   -            246 641073at33208        -            124       3.8    5.8  34.9   1   8      0.37        26    3.1   0.6     2    19    29    46    28    54 0.84 -
Pdum_DN75541_c0_g1_i4:313-1050   -            246 641073at33208        -            124       3.8    5.8  34.9   2   8     0.088       6.2    5.1   0.2     2    22    57    78    56    84 0.84 -
Pdum_DN75541_c0_g1_i4:313-1050   -            246 641073at33208        -            124       3.8    5.8  34.9   3   8       1.2        87    1.4   0.3     2    20    85   103    84   110 0.84 -
Pdum_DN75541_c0_g1_i4:313-1050   -            246 641073at33208        -            124       3.8    5.8  34.9   4   8         2   1.4e+02    0.7   0.1     1    19   113   131   113   140 0.86 -
Pdum_DN75541_c0_g1_i4:313-1050   -            246 641073at33208        -            124       3.8    5.8  34.9   5   8     0.049       3.4    6.0   1.0     2    19   142   159   141   165 0.88 -
Pdum_DN75541_c0_g1_i4:313-1050   -            246 641073at33208        -            124       3.8    5.8  34.9   6   8     0.063       4.4    5.6   0.4     2    24   170   192   169   199 0.78 -
Pdum_DN75541_c0_g1_i4:313-1050   -            246 641073at33208        -            124       3.8    5.8  34.9   7   8      0.47        33    2.8   0.1     2    19   198   215   197   224 0.86 -
Pdum_DN75541_c0_g1_i4:313-1050   -            246 641073at33208        -            124       3.8    5.8  34.9   8   8      0.97        68    1.8   0.1     2    19   226   243   225   246 0.90 -
Pdum_DN72108_c0_g1_i1:181-858    -            226 641073at33208        -            124         4    5.7  24.9   1   7     0.045       3.2    6.1   1.2     2    24     3    25     2    31 0.82 -
Pdum_DN72108_c0_g1_i1:181-858    -            226 641073at33208        -            124         4    5.7  24.9   2   7       1.9   1.4e+02    0.8   0.0     2    23    31    52    30    58 0.82 -
Pdum_DN72108_c0_g1_i1:181-858    -            226 641073at33208        -            124         4    5.7  24.9   3   7       7.6   5.3e+02   -1.1   0.1     1    18    62    79    62    89 0.82 -
Pdum_DN72108_c0_g1_i1:181-858    -            226 641073at33208        -            124         4    5.7  24.9   4   7       6.1   4.3e+02   -0.8   0.0     2    19    92   109    91   116 0.83 -
Pdum_DN72108_c0_g1_i1:181-858    -            226 641073at33208        -            124         4    5.7  24.9   5   7       2.2   1.6e+02    0.6   0.1     2    19   120   137   119   143 0.88 -
Pdum_DN72108_c0_g1_i1:181-858    -            226 641073at33208        -            124         4    5.7  24.9   6   7     0.063       4.4    5.6   0.2     1    20   147   166   147   170 0.89 -
Pdum_DN72108_c0_g1_i1:181-858    -            226 641073at33208        -            124         4    5.7  24.9   7   7     0.073       5.1    5.4   0.2     1    20   175   194   175   206 0.85 -
Pdum_DN73818_c0_g1_i2:37-798     -            254 641073at33208        -            124       4.1    5.7  26.0   1   8       4.3     3e+02   -0.3   0.1     4    47     3    27     1    41 0.57 -
Pdum_DN73818_c0_g1_i2:37-798     -            254 641073at33208        -            124       4.1    5.7  26.0   2   8     0.043         3    6.1   0.1     2    20    58    76    57    86 0.88 -
Pdum_DN73818_c0_g1_i2:37-798     -            254 641073at33208        -            124       4.1    5.7  26.0   3   8      0.87        61    1.9   0.1     1    22    88   109    88   118 0.80 -
Pdum_DN73818_c0_g1_i2:37-798     -            254 641073at33208        -            124       4.1    5.7  26.0   4   8       1.5     1e+02    1.2   0.2     2    20   117   135   116   141 0.87 -
Pdum_DN73818_c0_g1_i2:37-798     -            254 641073at33208        -            124       4.1    5.7  26.0   5   8      0.58        41    2.5   0.0     2    22   145   165   144   172 0.85 -
Pdum_DN73818_c0_g1_i2:37-798     -            254 641073at33208        -            124       4.1    5.7  26.0   6   8       1.5     1e+02    1.2   0.1     2    21   173   192   172   200 0.81 -
Pdum_DN73818_c0_g1_i2:37-798     -            254 641073at33208        -            124       4.1    5.7  26.0   7   8      0.12       8.3    4.7   2.0     2    23   201   222   200   237 0.86 -
Pdum_DN73818_c0_g1_i2:37-798     -            254 641073at33208        -            124       4.1    5.7  26.0   8   8       7.2     5e+02   -1.0   0.0     2    20   230   248   229   252 0.86 -
Pdum_DN86005_c0_g1_i1:767-1342   -            192 641073at33208        -            124       4.1    5.7  23.2   1   4       2.3   1.6e+02    0.6   0.8     2    21    17    36    16    43 0.79 -
Pdum_DN86005_c0_g1_i1:767-1342   -            192 641073at33208        -            124       4.1    5.7  23.2   2   4      0.02       1.4    7.2   0.1     2    21    45    64    44    70 0.89 -
Pdum_DN86005_c0_g1_i1:767-1342   -            192 641073at33208        -            124       4.1    5.7  23.2   3   4     0.033       2.3    6.5   0.4     1    20    76    95    76   106 0.88 -
Pdum_DN86005_c0_g1_i1:767-1342   -            192 641073at33208        -            124       4.1    5.7  23.2   4   4       1.2        85    1.5   5.2     5    71   118   185   103   190 0.66 -
Pdum_DN73409_c0_g1_i1:491-1045   -            185 641073at33208        -            124       4.2    5.7  19.1   1   4      0.05       3.5    5.9   1.1     1    20     2    21     2    50 0.86 -
Pdum_DN73409_c0_g1_i1:491-1045   -            185 641073at33208        -            124       4.2    5.7  19.1   2   4    0.0043       0.3    9.4   0.1     2    22    61    81    60    91 0.78 -
Pdum_DN73409_c0_g1_i1:491-1045   -            185 641073at33208        -            124       4.2    5.7  19.1   3   4       1.9   1.4e+02    0.8   1.2     2    20    89   107    88   114 0.88 -
Pdum_DN73409_c0_g1_i1:491-1045   -            185 641073at33208        -            124       4.2    5.7  19.1   4   4       3.3   2.3e+02    0.0   0.5     2    38   135   173   134   183 0.54 -
Pdum_DN83320_c3_g2_i3:2-655      -            218 641073at33208        -            124       4.8    5.5  13.6   1   5       2.6   1.8e+02    0.4   0.1     2    20    17    35    16    47 0.79 -
Pdum_DN83320_c3_g2_i3:2-655      -            218 641073at33208        -            124       4.8    5.5  13.6   2   5       2.6   1.9e+02    0.4   0.0     2    19    45    62    44    74 0.84 -
Pdum_DN83320_c3_g2_i3:2-655      -            218 641073at33208        -            124       4.8    5.5  13.6   3   5      0.28        19    3.5   0.4     2    20   102   120   101   138 0.84 -
Pdum_DN83320_c3_g2_i3:2-655      -            218 641073at33208        -            124       4.8    5.5  13.6   4   5      0.11       7.7    4.8   0.4     2    23   156   177   155   196 0.81 -
Pdum_DN83320_c3_g2_i3:2-655      -            218 641073at33208        -            124       4.8    5.5  13.6   5   5       1.2        87    1.4   0.2     2    20   183   201   182   215 0.77 -
Pdum_DN71522_c0_g1_i3:1911-2783  -            291 641073at33208        -            124       5.7    5.3  30.1   1   6     0.045       3.2    6.1   0.1     2    19    18    35    17    42 0.88 -
Pdum_DN71522_c0_g1_i3:1911-2783  -            291 641073at33208        -            124       5.7    5.3  30.1   2   6      0.68        48    2.3   3.8     2    21    46    66    45    96 0.75 -
Pdum_DN71522_c0_g1_i3:1911-2783  -            291 641073at33208        -            124       5.7    5.3  30.1   3   6      0.35        25    3.2   0.2     2    20   101   119   100   126 0.84 -
Pdum_DN71522_c0_g1_i3:1911-2783  -            291 641073at33208        -            124       5.7    5.3  30.1   4   6      0.96        67    1.8   0.0     2    21   129   148   128   155 0.87 -
Pdum_DN71522_c0_g1_i3:1911-2783  -            291 641073at33208        -            124       5.7    5.3  30.1   5   6      0.17        12    4.2   1.5     2    27   157   182   156   212 0.74 -
Pdum_DN71522_c0_g1_i3:1911-2783  -            291 641073at33208        -            124       5.7    5.3  30.1   6   6         2   1.4e+02    0.8   0.2     2    21   247   266   246   279 0.84 -
Pdum_DN68269_c1_g1_i10:0-707     -            236 641073at33208        -            124       5.8    5.2  23.9   1   6      0.84        59    2.0   0.4     2    28     1    31     1    41 0.72 -
Pdum_DN68269_c1_g1_i10:0-707     -            236 641073at33208        -            124       5.8    5.2  23.9   2   6      0.23        16    3.8   0.5     2    20    57    75    56   109 0.86 -
Pdum_DN68269_c1_g1_i10:0-707     -            236 641073at33208        -            124       5.8    5.2  23.9   3   6       0.8        56    2.0   2.7     2    21   112   132   111   169 0.48 -
Pdum_DN68269_c1_g1_i10:0-707     -            236 641073at33208        -            124       5.8    5.2  23.9   4   6      0.84        59    2.0   1.2     1    21   138   158   138   178 0.83 -
Pdum_DN68269_c1_g1_i10:0-707     -            236 641073at33208        -            124       5.8    5.2  23.9   5   6     0.014         1    7.7   0.2     2    21   186   205   185   216 0.87 -
Pdum_DN68269_c1_g1_i10:0-707     -            236 641073at33208        -            124       5.8    5.2  23.9   6   6       2.9   2.1e+02    0.2   0.0     2    18   219   235   218   236 0.90 -
Pdum_DN91222_c1_g1_i11:40-1110   -            357 641073at33208        -            124       6.3    5.1  36.0   1  10      0.31        22    3.3   0.1     2    20    38    56    37    60 0.90 -
Pdum_DN91222_c1_g1_i11:40-1110   -            357 641073at33208        -            124       6.3    5.1  36.0   2  10      0.17        12    4.2   0.0     1    20    65    84    65    89 0.86 -
Pdum_DN91222_c1_g1_i11:40-1110   -            357 641073at33208        -            124       6.3    5.1  36.0   3  10      0.24        17    3.7   0.1     1    21    93   113    93   122 0.89 -
Pdum_DN91222_c1_g1_i11:40-1110   -            357 641073at33208        -            124       6.3    5.1  36.0   4  10       3.7   2.6e+02   -0.1   0.1     1    22   153   174   153   179 0.81 -
Pdum_DN91222_c1_g1_i11:40-1110   -            357 641073at33208        -            124       6.3    5.1  36.0   5  10      0.52        37    2.6   0.2     2    20   182   200   181   209 0.87 -
Pdum_DN91222_c1_g1_i11:40-1110   -            357 641073at33208        -            124       6.3    5.1  36.0   6  10      0.81        57    2.0   0.1     2    23   215   237   214   248 0.85 -
Pdum_DN91222_c1_g1_i11:40-1110   -            357 641073at33208        -            124       6.3    5.1  36.0   7  10       2.3   1.6e+02    0.6   0.0     1    19   254   272   254   280 0.86 -
Pdum_DN91222_c1_g1_i11:40-1110   -            357 641073at33208        -            124       6.3    5.1  36.0   8  10       5.9   4.2e+02   -0.8   0.1     2    20   283   301   282   306 0.83 -
Pdum_DN91222_c1_g1_i11:40-1110   -            357 641073at33208        -            124       6.3    5.1  36.0   9  10      0.32        22    3.3   0.2     1    21   310   330   310   335 0.86 -
Pdum_DN91222_c1_g1_i11:40-1110   -            357 641073at33208        -            124       6.3    5.1  36.0  10  10      0.24        17    3.7   0.2     1    18   338   355   338   357 0.92 -
Pdum_DN82029_c2_g1_i12:118-885   -            256 641073at33208        -            124       6.5    5.1  36.8   1   8      0.91        64    1.9   0.3     2    21     1    20     1    29 0.81 -
Pdum_DN82029_c2_g1_i12:118-885   -            256 641073at33208        -            124       6.5    5.1  36.8   2   8       2.2   1.5e+02    0.6   0.3     2    20    29    47    28    54 0.88 -
Pdum_DN82029_c2_g1_i12:118-885   -            256 641073at33208        -            124       6.5    5.1  36.8   3   8       2.7   1.9e+02    0.3   0.3     2    19    58    75    57    84 0.83 -
Pdum_DN82029_c2_g1_i12:118-885   -            256 641073at33208        -            124       6.5    5.1  36.8   4   8       1.5     1e+02    1.2   0.0     1    19    85   103    85   109 0.90 -
Pdum_DN82029_c2_g1_i12:118-885   -            256 641073at33208        -            124       6.5    5.1  36.8   5   8     0.012      0.81    8.0   0.4     2    25   114   137   113   142 0.88 -
Pdum_DN82029_c2_g1_i12:118-885   -            256 641073at33208        -            124       6.5    5.1  36.8   6   8      0.33        23    3.3   0.1     2    25   143   167   142   170 0.78 -
Pdum_DN82029_c2_g1_i12:118-885   -            256 641073at33208        -            124       6.5    5.1  36.8   7   8    0.0078      0.55    8.5   0.5     1    26   170   197   170   206 0.80 -
Pdum_DN82029_c2_g1_i12:118-885   -            256 641073at33208        -            124       6.5    5.1  36.8   8   8      0.21        15    3.9   0.5     1    20   224   243   224   256 0.84 -
Pdum_DN92488_c3_g3_i2:4-741      -            246 641073at33208        -            124       6.5    5.1  33.6   1   6      0.26        18    3.6   0.5     2    19     1    18     1    26 0.84 -
Pdum_DN92488_c3_g3_i2:4-741      -            246 641073at33208        -            124       6.5    5.1  33.6   2   6     0.016       1.1    7.5   0.5     2    22    29    49    28    78 0.86 -
Pdum_DN92488_c3_g3_i2:4-741      -            246 641073at33208        -            124       6.5    5.1  33.6   3   6      0.43        30    2.9   0.3     1    21    83   103    83   111 0.84 -
Pdum_DN92488_c3_g3_i2:4-741      -            246 641073at33208        -            124       6.5    5.1  33.6   4   6       1.1        75    1.6   3.7     2    19   113   130   112   174 0.91 -
Pdum_DN92488_c3_g3_i2:4-741      -            246 641073at33208        -            124       6.5    5.1  33.6   5   6      0.07       4.9    5.5   0.2     2    19   179   196   178   206 0.87 -
Pdum_DN92488_c3_g3_i2:4-741      -            246 641073at33208        -            124       6.5    5.1  33.6   6   6      0.32        23    3.3   0.2     1    21   207   227   207   238 0.86 -
Pdum_DN81082_c4_g1_i7:44-706     -            221 641073at33208        -            124       6.6    5.0  16.5   1   4       1.4        96    1.3   0.4     2    23    33    54    32    79 0.66 -
Pdum_DN81082_c4_g1_i7:44-706     -            221 641073at33208        -            124       6.6    5.0  16.5   2   4      0.23        16    3.8   0.0     2    20    89   107    88   114 0.87 -
Pdum_DN81082_c4_g1_i7:44-706     -            221 641073at33208        -            124       6.6    5.0  16.5   3   4      0.19        13    4.1   0.5     2    20   117   135   116   150 0.84 -
Pdum_DN81082_c4_g1_i7:44-706     -            221 641073at33208        -            124       6.6    5.0  16.5   4   4      0.45        32    2.8   0.1     2    31   173   206   172   220 0.59 -
#
# Program:         hmmsearch
# Version:         3.1b2 (February 2015)
# Pipeline mode:   SEARCH
# Query file:      /mnt/f/phylo/WORMS/busco_analysis/busco_downloads/lineages/metazoa_odb10/hmms/641073at33208.hmm
# Target file:     /mnt/f/phylo/WORMS/busco_analysis/metazoa_lineage_result/run_metazoa_odb10/metaeuk_output/initial_results/Platynereis_ref.eggnog_filter.nucl.fasta.modified.fas
# Option settings: hmmsearch --domtblout /mnt/f/phylo/WORMS/busco_analysis/metazoa_lineage_result/run_metazoa_odb10/hmmer_output/initial_run_results/641073at33208.out --cpu 1 /mnt/f/phylo/WORMS/busco_analysis/busco_downloads/lineages/metazoa_odb10/hmms/641073at33208.hmm /mnt/f/phylo/WORMS/busco_analysis/metazoa_lineage_result/run_metazoa_odb10/metaeuk_output/initial_results/Platynereis_ref.eggnog_filter.nucl.fasta.modified.fas 
# Current dir:     /mnt/f/phylo/WORMS/busco_analysis
# Date:            Sun Mar 12 20:42:57 2023
# [ok]
