#                                                                                       --- full sequence --- -------------- this domain -------------   hmm coord   ali coord   env coord
# target name                   accession   tlen query name           accession   qlen   E-value  score  bias   #  of  c-Evalue  i-Evalue  score  bias  from    to  from    to  from    to  acc description of target
#           ------------------- ---------- ----- -------------------- ---------- ----- --------- ------ ----- --- --- --------- --------- ------ ----- ----- ----- ----- ----- ----- ----- ---- ---------------------
Pdum_DN89647_c2_g1_i1:176-4474  -           1433 66018at33208         -            871         0 1606.0   5.0   1   3   2.2e-21   1.3e-18   64.1   0.1     1    57   291   350   291   367 0.94 -
Pdum_DN89647_c2_g1_i1:176-4474  -           1433 66018at33208         -            871         0 1606.0   5.0   2   3  2.2e-170  1.3e-167  557.1   0.1    62   376   389   736   381   741 0.91 -
Pdum_DN89647_c2_g1_i1:176-4474  -           1433 66018at33208         -            871         0 1606.0   5.0   3   3  9.3e-298  5.3e-295  978.5   0.4   369   869   773  1314   762  1316 0.95 -
Pdum_DN92200_c6_g1_i2:2329-3135 -            269 66018at33208         -            871   1.6e-31  106.8   0.2   1   1   3.8e-34   2.2e-31  106.3   0.2   588   855     8   269     1   269 0.80 -
Pdum_DN92021_c4_g1_i2:2533-3330 -            266 66018at33208         -            871   4.9e-28   95.2   0.1   1   1   1.1e-30   6.1e-28   94.9   0.1   588   851     8   265     1   266 0.81 -
Pdum_DN89204_c2_g1_i1:2984-3823 -            280 66018at33208         -            871   4.6e-25   85.4   0.1   1   1   7.3e-27   4.2e-24   82.2   0.1   588   850     8   276     2   279 0.78 -
Pdum_DN89863_c1_g1_i8:1595-2842 -            416 66018at33208         -            871   1.1e-16   57.7   0.4   1   2   1.3e-08   7.4e-06   21.9   0.1   392   471     2    77     1    95 0.85 -
Pdum_DN89863_c1_g1_i8:1595-2842 -            416 66018at33208         -            871   1.1e-16   57.7   0.4   2   2   2.2e-11   1.2e-08   31.0   0.0   617   846   176   414   132   416 0.66 -
Pdum_DN84603_c0_g1_i4:2849-4909 -            687 66018at33208         -            871   7.1e-10   35.2   0.0   1   2   2.4e-06    0.0014   14.4   0.0   372   460   270   360   238   417 0.80 -
Pdum_DN84603_c0_g1_i4:2849-4909 -            687 66018at33208         -            871   7.1e-10   35.2   0.0   2   2   1.1e-07   6.1e-05   18.8   0.0   585   701   478   590   465   681 0.86 -
Pdum_DN92422_c5_g1_i1:2882-3445 -            188 66018at33208         -            871   9.6e-09   31.4   0.0   1   2   4.4e-05     0.025   10.2   0.0   405   448     1    43     1    57 0.80 -
Pdum_DN92422_c5_g1_i1:2882-3445 -            188 66018at33208         -            871   9.6e-09   31.4   0.0   2   2     6e-08   3.5e-05   19.6   0.0   616   682   128   187   102   188 0.83 -
#
# Program:         hmmsearch
# Version:         3.1b2 (February 2015)
# Pipeline mode:   SEARCH
# Query file:      /mnt/f/phylo/WORMS/busco_analysis/busco_downloads/lineages/metazoa_odb10/hmms/66018at33208.hmm
# Target file:     /mnt/f/phylo/WORMS/busco_analysis/metazoa_lineage_result/run_metazoa_odb10/metaeuk_output/initial_results/Platynereis_ref.eggnog_filter.nucl.fasta.modified.fas
# Option settings: hmmsearch --domtblout /mnt/f/phylo/WORMS/busco_analysis/metazoa_lineage_result/run_metazoa_odb10/hmmer_output/initial_run_results/66018at33208.out --cpu 1 /mnt/f/phylo/WORMS/busco_analysis/busco_downloads/lineages/metazoa_odb10/hmms/66018at33208.hmm /mnt/f/phylo/WORMS/busco_analysis/metazoa_lineage_result/run_metazoa_odb10/metaeuk_output/initial_results/Platynereis_ref.eggnog_filter.nucl.fasta.modified.fas 
# Current dir:     /mnt/f/phylo/WORMS/busco_analysis
# Date:            Sun Mar 12 20:42:58 2023
# [ok]
