#                                                                                        --- full sequence --- -------------- this domain -------------   hmm coord   ali coord   env coord
# target name                    accession   tlen query name           accession   qlen   E-value  score  bias   #  of  c-Evalue  i-Evalue  score  bias  from    to  from    to  from    to  acc description of target
#            ------------------- ---------- ----- -------------------- ---------- ----- --------- ------ ----- --- --- --------- --------- ------ ----- ----- ----- ----- ----- ----- ----- ---- ---------------------
Pdum_DN78364_c0_g1_i1:226-1314   -            363 235430at33208        -            372  3.7e-101  335.2   4.0   1   2   9.9e-87   1.1e-85  284.4   0.2   116   289     2   177     1   186 0.96 -
Pdum_DN78364_c0_g1_i1:226-1314   -            363 235430at33208        -            372  3.7e-101  335.2   4.0   2   2   4.2e-16   4.5e-15   51.9   0.1   276   357   210   308   201   316 0.80 -
Pdum_DN87134_c2_g1_i3:1615-2430  -            272 235430at33208        -            372   5.2e-47  157.0   9.7   1   2   2.2e-33   2.3e-32  108.8   4.0    71   258     3   199     1   201 0.83 -
Pdum_DN87134_c2_g1_i3:1615-2430  -            272 235430at33208        -            372   5.2e-47  157.0   9.7   2   2   2.8e-15     3e-14   49.2   0.3   104   163   214   271   200   272 0.89 -
Pdum_DN92078_c7_g2_i1:2837-3847  -            337 235430at33208        -            372   6.4e-45  150.2   4.5   1   3   1.8e-30   1.9e-29   99.2   1.8    52   246     9   215     6   216 0.87 -
Pdum_DN92078_c7_g2_i1:2837-3847  -            337 235430at33208        -            372   6.4e-45  150.2   4.5   2   3   2.9e-18   3.1e-17   59.1   0.0   137   286   146   299   145   316 0.85 -
Pdum_DN92078_c7_g2_i1:2837-3847  -            337 235430at33208        -            372   6.4e-45  150.2   4.5   3   3       2.6        28   -0.0   0.1   128   159   306   337   294   337 0.68 -
Pdum_DN80129_c0_g2_i7:692-1552   -            287 235430at33208        -            372   1.6e-39  132.4   0.0   1   2   2.2e-31   2.3e-30  102.2   0.0    64   253     5   205     1   211 0.88 -
Pdum_DN80129_c0_g2_i7:692-1552   -            287 235430at33208        -            372   1.6e-39  132.4   0.0   2   2   8.3e-09   8.9e-08   27.9   0.0   103   161   224   284   209   286 0.87 -
Pdum_DN78364_c0_g2_i1:5-400      -            132 235430at33208        -            372   6.2e-38  127.2   0.1   1   1   7.3e-39   7.9e-38  126.8   0.1     4   105    20   126    18   131 0.92 -
Pdum_DN78854_c0_g1_i1:1621-2460  -            280 235430at33208        -            372   3.9e-36  121.3   5.6   1   1     2e-35   2.1e-34  115.6   5.6    26   283     3   276     1   280 0.84 -
Pdum_DN78086_c1_g1_i5:2722-3576  -            285 235430at33208        -            372   2.4e-33  112.0   0.2   1   2   2.2e-25   2.4e-24   82.5   0.2    70   255    18   213     5   223 0.87 -
Pdum_DN78086_c1_g1_i5:2722-3576  -            285 235430at33208        -            372   2.4e-33  112.0   0.2   2   2   1.5e-07   1.6e-06   23.8   0.0   104   161   228   285   221   285 0.94 -
Pdum_DN87680_c1_g3_i1:3324-4244  -            307 235430at33208        -            372   3.4e-32  108.3   7.6   1   3   2.1e-14   2.2e-13   46.4   1.2   101   193    55   149    41   150 0.87 -
Pdum_DN87680_c1_g3_i1:3324-4244  -            307 235430at33208        -            372   3.4e-32  108.3   7.6   2   3   1.2e-11   1.3e-10   37.3   0.0   107   187   145   227   142   241 0.87 -
Pdum_DN87680_c1_g3_i1:3324-4244  -            307 235430at33208        -            372   3.4e-32  108.3   7.6   3   3   3.3e-10   3.5e-09   32.5   0.1   107   164   249   306   244   307 0.96 -
Pdum_DN84241_c0_g1_i1:2785-3528  -            248 235430at33208        -            372   8.5e-32  107.0   1.2   1   3   3.1e-08   3.3e-07   26.0   0.0   131   203     2    76     1    77 0.90 -
Pdum_DN84241_c0_g1_i1:2785-3528  -            248 235430at33208        -            372   8.5e-32  107.0   1.2   2   3   1.7e-19   1.8e-18   63.1   0.1   119   249    32   165    29   167 0.88 -
Pdum_DN84241_c0_g1_i1:2785-3528  -            248 235430at33208        -            372   8.5e-32  107.0   1.2   3   3   3.7e-09     4e-08   29.1   0.1    56   161   130   246   127   248 0.83 -
Pdum_DN90586_c2_g3_i4:2154-2747  -            198 235430at33208        -            372   1.2e-31  106.5   0.0   1   1   1.3e-32   1.4e-31  106.3   0.0    70   254     3   197     1   198 0.90 -
Pdum_DN79110_c0_g1_i7:412-1203   -            264 235430at33208        -            372   2.1e-31  105.7   0.0   1   2   5.8e-28   6.3e-27   91.0   0.1    63   248     2   198     1   203 0.88 -
Pdum_DN79110_c0_g1_i7:412-1203   -            264 235430at33208        -            372   2.1e-31  105.7   0.0   2   2   0.00039    0.0042   12.6   0.0    54   104   212   262   203   264 0.89 -
Pdum_DN73138_c0_g1_i1:428-1294   -            289 235430at33208        -            372   4.8e-31  104.5   1.2   1   2   2.4e-17   2.6e-16   56.0   0.0    53   167    15   137     1   144 0.86 -
Pdum_DN73138_c0_g1_i1:428-1294   -            289 235430at33208        -            372   4.8e-31  104.5   1.2   2   2   6.6e-15   7.1e-14   48.0   0.7   126   273   140   289   136   289 0.84 -
Pdum_DN77740_c0_g3_i3:253-1053   -            267 235430at33208        -            372   4.6e-30  101.3   0.2   1   2   1.7e-05   0.00019   17.0   0.0   131   192     5    68     2    69 0.77 -
Pdum_DN77740_c0_g3_i3:253-1053   -            267 235430at33208        -            372   4.6e-30  101.3   0.2   2   2   3.9e-25   4.2e-24   81.7   0.3    74   246    66   246    63   265 0.84 -
Pdum_DN80498_c1_g1_i1:1987-2928  -            314 235430at33208        -            372   1.7e-29   99.4   0.5   1   2   3.2e-05   0.00034   16.1   0.0    96   161    23    96    10   104 0.61 -
Pdum_DN80498_c1_g1_i1:1987-2928  -            314 235430at33208        -            372   1.7e-29   99.4   0.5   2   2   1.6e-24   1.7e-23   79.6   0.3    58   242   115   313   104   314 0.79 -
Pdum_DN90273_c4_g1_i2:2910-4019  -            370 235430at33208        -            372     1e-28   96.8   1.9   1   2   4.7e-20     5e-19   64.9   1.0    27   163     4   153     1   163 0.84 -
Pdum_DN90273_c4_g1_i2:2910-4019  -            370 235430at33208        -            372     1e-28   96.8   1.9   2   2   3.6e-09   3.8e-08   29.1   0.0   105   168   209   274   174   322 0.58 -
Pdum_DN82012_c2_g2_i1:565-1263   -            233 235430at33208        -            372     1e-28   96.8   6.2   1   2   2.6e-15   2.8e-14   49.3   1.0    70   171     1   106     1   119 0.85 -
Pdum_DN82012_c2_g2_i1:565-1263   -            233 235430at33208        -            372     1e-28   96.8   6.2   2   2   2.6e-15   2.8e-14   49.3   0.5    67   167   118   225   108   230 0.81 -
Pdum_DN88892_c3_g1_i1:2334-3191  -            286 235430at33208        -            372   1.3e-28   96.5   0.5   1   1   3.3e-29   3.5e-28   95.1   0.5    24   284     1   281     1   285 0.76 -
Pdum_DN83588_c0_g2_i13:1458-2267 -            270 235430at33208        -            372     2e-27   92.6   0.8   1   4   1.4e-12   1.5e-11   40.3   0.1   177   281     2   108     1   110 0.87 -
Pdum_DN83588_c0_g2_i13:1458-2267 -            270 235430at33208        -            372     2e-27   92.6   0.8   2   4   1.1e-10   1.2e-09   34.1   0.0   106   166    56   116    55   140 0.92 -
Pdum_DN83588_c0_g2_i13:1458-2267 -            270 235430at33208        -            372     2e-27   92.6   0.8   3   4      0.58       6.3    2.1   0.0    97   125   147   175   126   186 0.80 -
Pdum_DN83588_c0_g2_i13:1458-2267 -            270 235430at33208        -            372     2e-27   92.6   0.8   4   4   3.5e-09   3.8e-08   29.2   0.0   107   161   216   270   184   270 0.53 -
Pdum_DN85045_c0_g1_i5:245-829    -            195 235430at33208        -            372   7.3e-27   90.7   0.0   1   2   7.5e-19   8.1e-18   61.0   0.0   101   240     7   148     1   148 0.91 -
Pdum_DN85045_c0_g1_i5:245-829    -            195 235430at33208        -            372   7.3e-27   90.7   0.0   2   2   1.1e-10   1.2e-09   34.0   0.0   108   163   140   195   138   195 0.97 -
Pdum_DN84894_c0_g1_i9:94-966     -            291 235430at33208        -            372     5e-26   88.0   0.0   1   3    0.0088     0.094    8.1   0.0   142   193     7    60     2    65 0.73 -
Pdum_DN84894_c0_g1_i9:94-966     -            291 235430at33208        -            372     5e-26   88.0   0.0   2   3     9e-18   9.7e-17   57.4   0.0   107   262    64   222    62   228 0.89 -
Pdum_DN84894_c0_g1_i9:94-966     -            291 235430at33208        -            372     5e-26   88.0   0.0   3   3   3.1e-06   3.3e-05   19.5   0.0   107   162   234   289   227   291 0.95 -
Pdum_DN71389_c1_g2_i1:188-1069   -            294 235430at33208        -            372   8.2e-26   87.3   4.7   1   2   2.2e-14   2.3e-13   46.3   2.3   107   268    14   188     7   191 0.82 -
Pdum_DN71389_c1_g2_i1:188-1069   -            294 235430at33208        -            372   8.2e-26   87.3   4.7   2   2   4.1e-15   4.4e-14   48.7   0.0   107   245   150   293   145   294 0.88 -
Pdum_DN76828_c2_g1_i1:4967-5536  -            190 235430at33208        -            372   1.1e-25   86.9   0.1   1   2   6.4e-14   6.9e-13   44.7   0.0   106   187     6    89     4    92 0.91 -
Pdum_DN76828_c2_g1_i1:4967-5536  -            190 235430at33208        -            372   1.1e-25   86.9   0.1   2   2   1.5e-14   1.6e-13   46.9   0.0   117   244    59   190    58   190 0.89 -
Pdum_DN75190_c1_g2_i8:1756-2607  -            284 235430at33208        -            372   2.6e-25   85.6   9.7   1   3   3.8e-15   4.1e-14   48.8   2.9   117   255     1   138     1   151 0.77 -
Pdum_DN75190_c1_g2_i8:1756-2607  -            284 235430at33208        -            372   2.6e-25   85.6   9.7   2   3   5.2e-12   5.6e-11   38.5   0.0    95   164   136   209   135   239 0.80 -
Pdum_DN75190_c1_g2_i8:1756-2607  -            284 235430at33208        -            372   2.6e-25   85.6   9.7   3   3      0.32       3.4    3.0   0.3   105   122   247   264   227   273 0.82 -
Pdum_DN84814_c0_g2_i1:1493-2059  -            189 235430at33208        -            372   7.4e-24   80.8   0.0   1   3   4.4e-05   0.00048   15.7   0.0   148   202     1    57     1    57 0.80 -
Pdum_DN84814_c0_g2_i1:1493-2059  -            189 235430at33208        -            372   7.4e-24   80.8   0.0   2   3   1.6e-12   1.7e-11   40.2   0.0   147   247    41   143    38   146 0.85 -
Pdum_DN84814_c0_g2_i1:1493-2059  -            189 235430at33208        -            372   7.4e-24   80.8   0.0   3   3   8.8e-11   9.5e-10   34.4   0.0   175   250   113   188   112   189 0.89 -
Pdum_DN73504_c1_g7_i2:465-1388   -            308 235430at33208        -            372   1.6e-23   79.7   1.0   1   2     0.016      0.17    7.2   0.0   211   249     9    47     4    53 0.84 -
Pdum_DN73504_c1_g7_i2:465-1388   -            308 235430at33208        -            372   1.6e-23   79.7   1.0   2   2   7.1e-22   7.7e-21   70.9   0.5    59   275    68   307    58   308 0.86 -
Pdum_DN83656_c0_g1_i2:2431-3243  -            271 235430at33208        -            372   2.1e-23   79.3   0.2   1   3   2.2e-14   2.4e-13   46.2   0.0    61   184    11   142     3   145 0.81 -
Pdum_DN83656_c0_g1_i2:2431-3243  -            271 235430at33208        -            372   2.1e-23   79.3   0.2   2   3      0.11       1.2    4.5   0.0    84   114   116   146   115   157 0.86 -
Pdum_DN83656_c0_g1_i2:2431-3243  -            271 235430at33208        -            372   2.1e-23   79.3   0.2   3   3   1.3e-09   1.4e-08   30.6   0.1   145   239   158   252   151   260 0.81 -
Pdum_DN74150_c0_g1_i3:898-1731   -            278 235430at33208        -            372   4.4e-23   78.3   0.8   1   3   0.00025    0.0027   13.2   0.0   221   283     3    63     1    63 0.90 -
Pdum_DN74150_c0_g1_i3:898-1731   -            278 235430at33208        -            372   4.4e-23   78.3   0.8   2   3   7.8e-12   8.4e-11   37.9   0.2   117   243    62   203    60   207 0.79 -
Pdum_DN74150_c0_g1_i3:898-1731   -            278 235430at33208        -            372   4.4e-23   78.3   0.8   3   3   5.6e-12     6e-11   38.4   0.0   138   275   138   278   134   278 0.86 -
Pdum_DN88147_c0_g1_i1:514-1320   -            269 235430at33208        -            372     5e-22   74.8   0.2   1   3   0.00015    0.0016   13.9   0.0   189   243     4    59     1    68 0.82 -
Pdum_DN88147_c0_g1_i1:514-1320   -            269 235430at33208        -            372     5e-22   74.8   0.2   2   3   4.6e-05    0.0005   15.6   0.0   228   280    84   137    74   157 0.47 -
Pdum_DN88147_c0_g1_i1:514-1320   -            269 235430at33208        -            372     5e-22   74.8   0.2   3   3   3.7e-17     4e-16   55.4   0.0   116   281    96   267    95   269 0.84 -
Pdum_DN80927_c0_g1_i1:537-1823   -            429 235430at33208        -            372   7.2e-22   74.3   0.7   1   2   1.8e-06     2e-05   20.2   0.0   128   257    95   238    85   243 0.66 -
Pdum_DN80927_c0_g1_i1:537-1823   -            429 235430at33208        -            372   7.2e-22   74.3   0.7   2   2   6.2e-15   6.6e-14   48.1   0.6   106   257   252   414   245   424 0.83 -
Pdum_DN89838_c3_g2_i15:1065-1715 -            217 235430at33208        -            372   1.1e-21   73.7   1.5   1   2   3.2e-15   3.4e-14   49.0   0.4   107   276     3   165     2   170 0.83 -
Pdum_DN89838_c3_g2_i15:1065-1715 -            217 235430at33208        -            372   1.1e-21   73.7   1.5   2   2   4.9e-08   5.3e-07   25.4   0.1   107   161   161   217   155   217 0.83 -
Pdum_DN72920_c0_g1_i5:770-1225   -            152 235430at33208        -            372   1.4e-21   73.3   2.6   1   2   8.3e-05   0.00089   14.8   0.0    66   103     3    40     1    42 0.93 -
Pdum_DN72920_c0_g1_i5:770-1225   -            152 235430at33208        -            372   1.4e-21   73.3   2.6   2   2   9.8e-18   1.1e-16   57.3   2.4    63   163    42   150    39   152 0.90 -
Pdum_DN85879_c0_g1_i1:212-862    -            217 235430at33208        -            372   2.3e-21   72.7   0.0   1   2   2.3e-12   2.5e-11   39.6   0.1   148   246    23   123    15   136 0.85 -
Pdum_DN85879_c0_g1_i1:212-862    -            217 235430at33208        -            372   2.3e-21   72.7   0.0   2   2   8.4e-10   9.1e-09   31.2   0.0    58   122   142   214   132   216 0.85 -
Pdum_DN76096_c0_g1_i2:257-1054   -            266 235430at33208        -            372   4.2e-21   71.8   2.9   1   3   1.7e-05   0.00019   17.0   0.1   187   237     3    52     1    58 0.90 -
Pdum_DN76096_c0_g1_i2:257-1054   -            266 235430at33208        -            372   4.2e-21   71.8   2.9   2   3   2.6e-06   2.8e-05   19.7   0.0   209   281    77   151    67   163 0.81 -
Pdum_DN76096_c0_g1_i2:257-1054   -            266 235430at33208        -            372   4.2e-21   71.8   2.9   3   3   8.3e-11     9e-10   34.5   0.1   210   263   175   228   165   257 0.89 -
Pdum_DN91072_c6_g2_i4:278-889    -            204 235430at33208        -            372   8.4e-21   70.8   2.1   1   2    0.0015     0.016   10.6   0.1   104   138    10    46     3    54 0.85 -
Pdum_DN91072_c6_g2_i4:278-889    -            204 235430at33208        -            372   8.4e-21   70.8   2.1   2   2   3.1e-18   3.4e-17   58.9   0.3   107   242    57   203    53   204 0.84 -
Pdum_DN67795_c0_g1_i2:1421-2377  -            319 235430at33208        -            372   9.8e-21   70.6   0.0   1   2   2.2e-15   2.3e-14   49.6   0.0   108   257    57   208    30   220 0.88 -
Pdum_DN67795_c0_g1_i2:1421-2377  -            319 235430at33208        -            372   9.8e-21   70.6   0.0   2   2   5.3e-06   5.7e-05   18.7   0.0   116   190   236   318   230   319 0.58 -
Pdum_DN74384_c0_g2_i2:183-1028   -            282 235430at33208        -            372   1.9e-20   69.6   0.8   1   3   5.6e-09     6e-08   28.5   0.0   147   244     2   109     1   114 0.80 -
Pdum_DN74384_c0_g2_i2:183-1028   -            282 235430at33208        -            372   1.9e-20   69.6   0.8   2   3   7.8e-08   8.3e-07   24.7   0.2    93   168   142   223   134   229 0.78 -
Pdum_DN74384_c0_g2_i2:183-1028   -            282 235430at33208        -            372   1.9e-20   69.6   0.8   3   3   0.00021    0.0023   13.4   0.0   129   166   229   267   221   274 0.86 -
Pdum_DN80990_c0_g1_i2:237-1007   -            257 235430at33208        -            372   3.2e-20   68.9   0.8   1   1   3.8e-21   4.1e-20   68.5   0.8   106   275    65   242    48   256 0.81 -
Pdum_DN84903_c4_g3_i8:858-1829   -            324 235430at33208        -            372   3.7e-20   68.7   0.8   1   4   1.1e-06   1.2e-05   20.9   0.0   170   254    31   119    25   139 0.75 -
Pdum_DN84903_c4_g3_i8:858-1829   -            324 235430at33208        -            372   3.7e-20   68.7   0.8   2   4   3.2e-09   3.5e-08   29.3   0.1   107   167   138   198   121   205 0.93 -
Pdum_DN84903_c4_g3_i8:858-1829   -            324 235430at33208        -            372   3.7e-20   68.7   0.8   3   4      0.15       1.6    4.1   0.0   256   283   206   233   198   237 0.84 -
Pdum_DN84903_c4_g3_i8:858-1829   -            324 235430at33208        -            372   3.7e-20   68.7   0.8   4   4   0.00019    0.0021   13.6   0.0   106   202   221   323   219   324 0.78 -
Pdum_DN89089_c3_g1_i2:1144-1842  -            233 235430at33208        -            372   5.9e-20   68.0   0.1   1   3   0.00073    0.0078   11.7   0.0   129   196    20    98     9   102 0.69 -
Pdum_DN89089_c3_g1_i2:1144-1842  -            233 235430at33208        -            372   5.9e-20   68.0   0.1   2   3   3.6e-06   3.9e-05   19.2   0.0   107   189    92   177    79   182 0.73 -
Pdum_DN89089_c3_g1_i2:1144-1842  -            233 235430at33208        -            372   5.9e-20   68.0   0.1   3   3   1.9e-11     2e-10   36.6   0.0   108   162   178   232   165   233 0.93 -
Pdum_DN87342_c0_g1_i8:827-1540   -            238 235430at33208        -            372   2.9e-19   65.7   0.0   1   2   5.6e-14     6e-13   45.0   0.0   100   279     7   190     2   192 0.78 -
Pdum_DN87342_c0_g1_i8:827-1540   -            238 235430at33208        -            372   2.9e-19   65.7   0.0   2   2   1.6e-05   0.00017   17.1   0.0   196   243   192   238   189   238 0.89 -
Pdum_DN78454_c0_g1_i4:633-1472   -            280 235430at33208        -            372   5.4e-19   64.8   0.5   1   3    0.0016     0.017   10.6   0.0    60    97     3    40     1    48 0.80 -
Pdum_DN78454_c0_g1_i4:633-1472   -            280 235430at33208        -            372   5.4e-19   64.8   0.5   2   3   5.1e-06   5.5e-05   18.7   0.0    51    97    44    90    39    92 0.90 -
Pdum_DN78454_c0_g1_i4:633-1472   -            280 235430at33208        -            372   5.4e-19   64.8   0.5   3   3     3e-10   3.3e-09   32.7   0.1   214   305    92   183    90   192 0.92 -
Pdum_DN86522_c0_g3_i4:549-1403   -            285 235430at33208        -            372   2.1e-18   62.9   1.6   1   3    0.0005    0.0053   12.2   0.0    58    97     4    43     1    48 0.91 -
Pdum_DN86522_c0_g3_i4:549-1403   -            285 235430at33208        -            372   2.1e-18   62.9   1.6   2   3   2.5e-10   2.7e-09   32.9   0.4   145   282    55   202    50   203 0.82 -
Pdum_DN86522_c0_g3_i4:549-1403   -            285 235430at33208        -            372   2.1e-18   62.9   1.6   3   3   2.2e-05   0.00023   16.7   0.0   117   195   202   281   199   284 0.81 -
Pdum_DN77965_c1_g1_i1:1796-2569  -            258 235430at33208        -            372   2.9e-18   62.5   0.1   1   3   9.1e-05   0.00098   14.6   0.0   108   191     5    95     2    97 0.80 -
Pdum_DN77965_c1_g1_i1:1796-2569  -            258 235430at33208        -            372   2.9e-18   62.5   0.1   2   3   2.1e-16   2.2e-15   52.9   0.1   107   244    49   195    44   208 0.86 -
Pdum_DN77965_c1_g1_i1:1796-2569  -            258 235430at33208        -            372   2.9e-18   62.5   0.1   3   3       3.5        38   -0.5   0.0   168   199   219   251   203   254 0.74 -
Pdum_DN89990_c3_g2_i4:939-1688   -            250 235430at33208        -            372   3.3e-18   62.2   0.0   1   1     4e-19   4.3e-18   61.9   0.0    63   274    12   240     3   249 0.81 -
Pdum_DN73512_c4_g2_i3:762-1337   -            192 235430at33208        -            372   4.7e-18   61.7   0.5   1   1   2.6e-17   2.8e-16   55.9   0.5    66   244     1   187     1   189 0.85 -
Pdum_DN66325_c0_g1_i1:831-1838   -            336 235430at33208        -            372   6.8e-18   61.2   0.1   1   5   3.7e-10     4e-09   32.4   0.0   169   255     4    92     1   119 0.85 -
Pdum_DN66325_c0_g1_i1:831-1838   -            336 235430at33208        -            372   6.8e-18   61.2   0.1   2   5         1        11    1.3   0.0   226   245   109   128    90   142 0.75 -
Pdum_DN66325_c0_g1_i1:831-1838   -            336 235430at33208        -            372   6.8e-18   61.2   0.1   3   5     0.078      0.84    5.0   0.0   172   210   151   188   108   192 0.78 -
Pdum_DN66325_c0_g1_i1:831-1838   -            336 235430at33208        -            372   6.8e-18   61.2   0.1   4   5   0.00093      0.01   11.3   0.0   186   248   224   289   216   296 0.85 -
Pdum_DN66325_c0_g1_i1:831-1838   -            336 235430at33208        -            372   6.8e-18   61.2   0.1   5   5     0.048      0.52    5.7   0.1   208   241   301   334   292   336 0.80 -
Pdum_DN66431_c0_g1_i1:1774-2508  -            245 235430at33208        -            372   1.1e-17   60.6   0.0   1   2    0.0028      0.03    9.7   0.0   108   161    24    87    22    91 0.76 -
Pdum_DN66431_c0_g1_i1:1774-2508  -            245 235430at33208        -            372   1.1e-17   60.6   0.0   2   2   6.1e-17   6.5e-16   54.7   0.1    73   238    75   244    72   245 0.87 -
Pdum_DN66493_c0_g1_i1:729-1436   -            236 235430at33208        -            372   2.8e-17   59.2   0.0   1   2     5e-10   5.3e-09   31.9   0.1   109   202     9   103     1   108 0.81 -
Pdum_DN66493_c0_g1_i1:729-1436   -            236 235430at33208        -            372   2.8e-17   59.2   0.0   2   2   3.4e-07   3.6e-06   22.6   0.0    64   197    80   230    78   234 0.64 -
Pdum_DN86525_c0_g1_i1:767-1237   -            157 235430at33208        -            372     9e-17   57.5   0.0   1   1   6.6e-17   7.1e-16   54.6   0.0   109   255     1   154     1   156 0.85 -
Pdum_DN92345_c8_g1_i1:3999-4772  -            258 235430at33208        -            372     2e-16   56.4   0.0   1   3   3.3e-07   3.5e-06   22.7   0.1   107   167     3    62     1    71 0.90 -
Pdum_DN92345_c8_g1_i1:3999-4772  -            258 235430at33208        -            372     2e-16   56.4   0.0   2   3   6.9e-06   7.4e-05   18.3   0.0   176   246    96   171    82   181 0.82 -
Pdum_DN92345_c8_g1_i1:3999-4772  -            258 235430at33208        -            372     2e-16   56.4   0.0   3   3   0.00059    0.0064   12.0   0.0   107   161   202   257   188   258 0.88 -
Pdum_DN66770_c0_g1_i1:181-1002   -            274 235430at33208        -            372   2.8e-16   55.9   4.9   1   3   5.7e-08   6.1e-07   25.2   0.1   107   168     8    70     2    73 0.84 -
Pdum_DN66770_c0_g1_i1:181-1002   -            274 235430at33208        -            372   2.8e-16   55.9   4.9   2   3   1.8e-07   1.9e-06   23.5   0.2    53   124    70   156    66   192 0.76 -
Pdum_DN66770_c0_g1_i1:181-1002   -            274 235430at33208        -            372   2.8e-16   55.9   4.9   3   3    0.0042     0.045    9.1   0.1    69   136   176   256   170   270 0.68 -
Pdum_DN87178_c0_g1_i10:2757-3584 -            276 235430at33208        -            372   3.7e-16   55.5   0.1   1   2     1e-09   1.1e-08   30.9   0.0   130   246     2   142     1   157 0.79 -
Pdum_DN87178_c0_g1_i10:2757-3584 -            276 235430at33208        -            372   3.7e-16   55.5   0.1   2   2   1.6e-07   1.8e-06   23.7   0.6   104   242   124   275   122   276 0.66 -
Pdum_DN79406_c0_g1_i1:443-1132   -            230 235430at33208        -            372   5.2e-16   55.0   0.0   1   2   1.1e-07   1.2e-06   24.2   0.0   194   272    14    91     3    99 0.84 -
Pdum_DN79406_c0_g1_i1:443-1132   -            230 235430at33208        -            372   5.2e-16   55.0   0.0   2   2   4.1e-09   4.5e-08   28.9   0.0   105   185   142   223   129   230 0.81 -
Pdum_DN75651_c0_g1_i1:314-1726   -            471 235430at33208        -            372   1.8e-15   53.3   0.1   1   2     0.036      0.39    6.1   0.0   110   209    18    81     1   156 0.57 -
Pdum_DN75651_c0_g1_i1:314-1726   -            471 235430at33208        -            372   1.8e-15   53.3   0.1   2   2   1.3e-12   1.4e-11   40.4   0.0    34   243   240   471   227   471 0.76 -
Pdum_DN82173_c1_g1_i7:1104-1763  -            220 235430at33208        -            372   4.8e-15   51.9   0.0   1   2   5.9e-06   6.3e-05   18.5   0.0   116   169     1    52     1    64 0.92 -
Pdum_DN82173_c1_g1_i7:1104-1763  -            220 235430at33208        -            372   4.8e-15   51.9   0.0   2   2     6e-10   6.4e-09   31.7   0.0   104   245    73   220    54   220 0.87 -
Pdum_DN65740_c0_g1_i1:159-950    -            264 235430at33208        -            372   6.2e-15   51.5   2.3   1   3      0.02      0.22    6.9   0.0   173   202     1    32     1    55 0.72 -
Pdum_DN65740_c0_g1_i1:159-950    -            264 235430at33208        -            372   6.2e-15   51.5   2.3   2   3   6.7e-08   7.2e-07   24.9   0.8    71   140    60   139    53   207 0.64 -
Pdum_DN65740_c0_g1_i1:159-950    -            264 235430at33208        -            372   6.2e-15   51.5   2.3   3   3   0.00012    0.0013   14.2   0.0   193   242   215   263   203   264 0.80 -
Pdum_DN82224_c0_g1_i1:2663-3601  -            313 235430at33208        -            372   7.7e-15   51.2   2.7   1   3   1.2e-09   1.3e-08   30.7   0.1   104   167    44   106     2   111 0.85 -
Pdum_DN82224_c0_g1_i1:2663-3601  -            313 235430at33208        -            372   7.7e-15   51.2   2.7   2   3   0.00026    0.0028   13.1   0.0   207   253   134   181   116   189 0.82 -
Pdum_DN82224_c0_g1_i1:2663-3601  -            313 235430at33208        -            372   7.7e-15   51.2   2.7   3   3     0.032      0.34    6.3   0.1   222   278   204   265   199   292 0.76 -
Pdum_DN83800_c0_g2_i3:8-544      -            179 235430at33208        -            372   1.1e-14   50.7   0.1   1   1   1.2e-15   1.3e-14   50.4   0.1    59   165    56   169    30   179 0.87 -
Pdum_DN84798_c1_g2_i5:1761-2636  -            292 235430at33208        -            372   1.9e-14   49.9   0.0   1   2      0.96        10    1.4   0.0   172   205     2    36     1    45 0.70 -
Pdum_DN84798_c1_g2_i5:1761-2636  -            292 235430at33208        -            372   1.9e-14   49.9   0.0   2   2   2.1e-13   2.2e-12   43.1   0.0    83   281    75   289    49   291 0.77 -
Pdum_DN72823_c0_g2_i2:1538-1969  -            144 235430at33208        -            372   1.5e-13   46.9   0.0   1   1   1.7e-14   1.8e-13   46.6   0.0    71   203     4   141     1   144 0.80 -
Pdum_DN92785_c3_g1_i2:3039-3953  -            305 235430at33208        -            372   1.8e-13   46.6   0.4   1   2      0.22       2.3    3.5   0.0   195   279    26   118    12   122 0.68 -
Pdum_DN92785_c3_g1_i2:3039-3953  -            305 235430at33208        -            372   1.8e-13   46.6   0.4   2   2   1.4e-12   1.5e-11   40.4   0.3   204   283   194   274   184   281 0.74 -
Pdum_DN78785_c0_g1_i2:534-2834   -            767 235430at33208        -            372   2.2e-13   46.4   0.6   1   2   3.2e-11   3.4e-10   35.9   0.0   110   247    65   211    53   230 0.77 -
Pdum_DN78785_c0_g1_i2:534-2834   -            767 235430at33208        -            372   2.2e-13   46.4   0.6   2   2    0.0063     0.068    8.6   0.1   104   155   236   291   226   303 0.72 -
Pdum_DN87078_c1_g1_i1:1681-2622  -            314 235430at33208        -            372   2.8e-13   46.1   2.5   1   3   5.5e-05   0.00059   15.4   0.0   190   247   114   173   105   201 0.74 -
Pdum_DN87078_c1_g1_i1:1681-2622  -            314 235430at33208        -            372   2.8e-13   46.1   2.5   2   3   7.1e-08   7.6e-07   24.9   0.2   104   165   197   258   176   270 0.88 -
Pdum_DN87078_c1_g1_i1:1681-2622  -            314 235430at33208        -            372   2.8e-13   46.1   2.5   3   3     0.087      0.93    4.8   0.1   106   122   296   312   290   313 0.91 -
Pdum_DN92157_c3_g1_i4:3279-3899  -            207 235430at33208        -            372   4.7e-13   45.3   0.0   1   3      0.26       2.8    3.3   0.0    60    99     2    45     1    47 0.75 -
Pdum_DN92157_c3_g1_i4:3279-3899  -            207 235430at33208        -            372   4.7e-13   45.3   0.0   2   3    0.0016     0.017   10.6   0.0   209   291    39   121    32   125 0.91 -
Pdum_DN92157_c3_g1_i4:3279-3899  -            207 235430at33208        -            372   4.7e-13   45.3   0.0   3   3   1.3e-09   1.4e-08   30.5   0.0   125   202   122   203   116   206 0.89 -
Pdum_DN84582_c3_g1_i1:635-1354   -            240 235430at33208        -            372   4.9e-13   45.2   2.3   1   2       2.3        24    0.2   0.1   217   247    37    67    23    96 0.70 -
Pdum_DN84582_c3_g1_i1:635-1354   -            240 235430at33208        -            372   4.9e-13   45.2   2.3   2   2   8.1e-14   8.7e-13   44.4   0.7   104   242    97   239    84   240 0.85 -
Pdum_DN69316_c0_g1_i1:306-1280   -            325 235430at33208        -            372   5.4e-13   45.1   1.7   1   3   0.00096      0.01   11.3   0.0    54    92     8    46     2    57 0.74 -
Pdum_DN69316_c0_g1_i1:306-1280   -            325 235430at33208        -            372   5.4e-13   45.1   1.7   2   3   0.00016    0.0017   13.8   0.1   194   257    88   149    77   155 0.74 -
Pdum_DN69316_c0_g1_i1:306-1280   -            325 235430at33208        -            372   5.4e-13   45.1   1.7   3   3   4.2e-05   0.00045   15.7   0.1   139   211   164   241   149   314 0.62 -
Pdum_DN76013_c0_g1_i3:697-1326   -            210 235430at33208        -            372   6.4e-13   44.9   2.3   1   1   5.2e-13   5.6e-12   41.7   2.3   106   245    54   209    46   210 0.77 -
Pdum_DN89974_c1_g1_i2:2570-4393  -            608 235430at33208        -            372   7.3e-13   44.7   4.2   1   3   1.2e-09   1.3e-08   30.7   0.4   145   247   180   281   143   320 0.75 -
Pdum_DN89974_c1_g1_i2:2570-4393  -            608 235430at33208        -            372   7.3e-13   44.7   4.2   2   3    0.0022     0.024   10.1   0.0   196   248   439   491   427   528 0.87 -
Pdum_DN89974_c1_g1_i2:2570-4393  -            608 235430at33208        -            372   7.3e-13   44.7   4.2   3   3      0.21       2.3    3.6   0.2   197   247   532   583   507   601 0.71 -
Pdum_DN90064_c4_g2_i4:2737-3285  -            183 235430at33208        -            372   1.1e-12   44.1   0.8   1   1   1.2e-13   1.3e-12   43.8   0.8   101   245    26   178     1   181 0.76 -
Pdum_DN88741_c1_g1_i6:2862-3788  -            309 235430at33208        -            372   1.6e-12   43.6   0.4   1   2      0.54       5.8    2.2   0.0    49   244    42    79     1   100 0.52 -
Pdum_DN88741_c1_g1_i6:2862-3788  -            309 235430at33208        -            372   1.6e-12   43.6   0.4   2   2   2.7e-10   2.9e-09   32.8   0.6   106   283   117   309   110   309 0.73 -
Pdum_DN83855_c0_g1_i4:898-1398   -            167 235430at33208        -            372   1.8e-12   43.4   0.3   1   2   2.1e-05   0.00023   16.7   0.0   208   249    23    64     1    71 0.66 -
Pdum_DN83855_c0_g1_i4:898-1398   -            167 235430at33208        -            372   1.8e-12   43.4   0.3   2   2   7.5e-10   8.1e-09   31.3   0.1    53   191    26   150    20   164 0.87 -
Pdum_DN84963_c1_g1_i6:2493-3167  -            225 235430at33208        -            372   2.6e-12   42.8   0.1   1   1   3.4e-13   3.6e-12   42.4   0.1    66   173     1   117     1   164 0.82 -
Pdum_DN74356_c1_g1_i1:605-1453   -            283 235430at33208        -            372   2.9e-12   42.7   1.1   1   3   3.1e-07   3.3e-06   22.8   0.0   173   247     1    75     1    96 0.77 -
Pdum_DN74356_c1_g1_i1:605-1453   -            283 235430at33208        -            372   2.9e-12   42.7   1.1   2   3   7.2e-05   0.00077   15.0   0.0   113   162   161   212    94   231 0.68 -
Pdum_DN74356_c1_g1_i1:605-1453   -            283 235430at33208        -            372   2.9e-12   42.7   1.1   3   3      0.83         9    1.6   0.0   218   254   245   281   231   283 0.68 -
Pdum_DN75894_c0_g1_i3:519-1061   -            181 235430at33208        -            372   5.2e-12   41.9   0.1   1   3   8.3e-08   8.9e-07   24.6   0.1   116   195     4    89     2    96 0.71 -
Pdum_DN75894_c0_g1_i3:519-1061   -            181 235430at33208        -            372   5.2e-12   41.9   0.1   2   3   5.7e-07   6.1e-06   21.9   0.0   113   167    46   101    46   109 0.91 -
Pdum_DN75894_c0_g1_i3:519-1061   -            181 235430at33208        -            372   5.2e-12   41.9   0.1   3   3      0.21       2.3    3.5   0.0    72   104   128   160   100   181 0.66 -
Pdum_DN73439_c0_g1_i2:840-1721   -            294 235430at33208        -            372   7.8e-12   41.3   0.0   1   3       2.5        26    0.0   0.0    68   103    20    55     3    58 0.81 -
Pdum_DN73439_c0_g1_i2:840-1721   -            294 235430at33208        -            372   7.8e-12   41.3   0.0   2   3   1.1e-09   1.2e-08   30.8   0.0   176   256    54   134    50   144 0.89 -
Pdum_DN73439_c0_g1_i2:840-1721   -            294 235430at33208        -            372   7.8e-12   41.3   0.0   3   3     0.018       0.2    7.1   0.0   110   191   175   256   166   267 0.71 -
Pdum_DN83552_c2_g1_i4:736-1533   -            266 235430at33208        -            372   8.8e-12   41.1   0.4   1   2   1.3e-08   1.4e-07   27.3   0.1   105   246    37   184     6   186 0.82 -
Pdum_DN83552_c2_g1_i4:736-1533   -            266 235430at33208        -            372   8.8e-12   41.1   0.4   2   2   0.00061    0.0066   11.9   0.1    72   161   168   266   167   266 0.66 -
Pdum_DN71445_c0_g2_i2:715-1509   -            265 235430at33208        -            372   1.3e-11   40.6   0.0   1   1     3e-12   3.2e-11   39.3   0.0    73   167     1   106     1   134 0.83 -
Pdum_DN85054_c1_g3_i7:3124-4005  -            294 235430at33208        -            372   1.5e-11   40.3   0.2   1   4    0.0012     0.013   10.9   0.0    59   115     9    67     2   117 0.81 -
Pdum_DN85054_c1_g3_i7:3124-4005  -            294 235430at33208        -            372   1.5e-11   40.3   0.2   2   4       1.6        17    0.6   0.0    58    87    99   128    57   138 0.78 -
Pdum_DN85054_c1_g3_i7:3124-4005  -            294 235430at33208        -            372   1.5e-11   40.3   0.2   3   4      0.93        10    1.4   0.0   219   267   141   189   136   195 0.91 -
Pdum_DN85054_c1_g3_i7:3124-4005  -            294 235430at33208        -            372   1.5e-11   40.3   0.2   4   4     1e-07   1.1e-06   24.4   0.1    51   161   172   294   161   294 0.77 -
Pdum_DN90616_c3_g1_i1:734-1480   -            249 235430at33208        -            372   4.1e-11   38.9   0.0   1   1   1.4e-10   1.5e-09   33.7   0.0   105   247    20   176     5   190 0.79 -
Pdum_DN88256_c0_g1_i4:1238-1801  -            188 235430at33208        -            372   5.8e-11   38.4   0.3   1   1   1.7e-11   1.8e-10   36.8   0.3   130   282     3   173     1   187 0.77 -
Pdum_DN82853_c0_g1_i2:2474-3004  -            177 235430at33208        -            372   8.8e-11   37.8   0.0   1   2   2.4e-08   2.5e-07   26.4   0.0    63   167     5   121     1   133 0.72 -
Pdum_DN82853_c0_g1_i2:2474-3004  -            177 235430at33208        -            372   8.8e-11   37.8   0.0   2   2   3.5e-05   0.00037   16.0   0.0   107   167    60   121    56   177 0.58 -
Pdum_DN79208_c0_g1_i2:126-881    -            252 235430at33208        -            372   1.6e-10   37.0   0.0   1   3   2.8e-06     3e-05   19.6   0.0   115   202     9   102     1   111 0.70 -
Pdum_DN79208_c0_g1_i2:126-881    -            252 235430at33208        -            372   1.6e-10   37.0   0.0   2   3      0.66       7.1    1.9   0.0    53    94   160   201   116   211 0.74 -
Pdum_DN79208_c0_g1_i2:126-881    -            252 235430at33208        -            372   1.6e-10   37.0   0.0   3   3   0.00068    0.0073   11.7   0.0    63   102   213   252   205   252 0.92 -
Pdum_DN92880_c2_g1_i2:4520-5134  -            205 235430at33208        -            372     2e-10   36.6   0.0   1   2      0.07      0.75    5.1   0.0   148   234    12   106     2   109 0.75 -
Pdum_DN92880_c2_g1_i2:4520-5134  -            205 235430at33208        -            372     2e-10   36.6   0.0   2   2   1.5e-08   1.6e-07   27.1   0.0   111   200   110   205   107   205 0.63 -
Pdum_DN91578_c1_g1_i1:221-1078   -            286 235430at33208        -            372     3e-10   36.1   0.5   1   2      0.97        10    1.4   0.0    68    99    29    60    17    92 0.60 -
Pdum_DN91578_c1_g1_i1:221-1078   -            286 235430at33208        -            372     3e-10   36.1   0.5   2   2   2.8e-10   3.1e-09   32.7   0.4   142   256   151   266   104   286 0.76 -
Pdum_DN80615_c0_g2_i1:462-1022   -            187 235430at33208        -            372   3.5e-10   35.8   0.0   1   1   4.7e-11   5.1e-10   35.3   0.0   107   167    65   125    59   178 0.89 -
Pdum_DN90796_c3_g1_i4:1658-2590  -            311 235430at33208        -            372   5.6e-10   35.2   1.2   1   3       8.5        91   -1.7   0.0    64    83     9    28     4    35 0.82 -
Pdum_DN90796_c3_g1_i4:1658-2590  -            311 235430at33208        -            372   5.6e-10   35.2   1.2   2   3   2.1e-10   2.3e-09   33.2   0.1   100   257    94   253    77   271 0.85 -
Pdum_DN90796_c3_g1_i4:1658-2590  -            311 235430at33208        -            372   5.6e-10   35.2   1.2   3   3       8.9        96   -1.8   0.0    63    85   286   309   282   310 0.74 -
Pdum_DN91312_c3_g1_i1:2693-3613  -            307 235430at33208        -            372   1.1e-09   34.1   0.0   1   3   3.4e-08   3.6e-07   25.9   0.0   176   274    46   150    41   164 0.72 -
Pdum_DN91312_c3_g1_i1:2693-3613  -            307 235430at33208        -            372   1.1e-09   34.1   0.0   2   3       1.1        11    1.3   0.0   147   255   147   264   141   277 0.54 -
Pdum_DN91312_c3_g1_i1:2693-3613  -            307 235430at33208        -            372   1.1e-09   34.1   0.0   3   3      0.12       1.3    4.3   0.0    96   124   279   304   222   306 0.78 -
Pdum_DN90901_c7_g1_i5:586-1371   -            262 235430at33208        -            372   1.7e-09   33.6   0.0   1   2     0.013      0.14    7.6   0.0   173   205     3    34     1    61 0.87 -
Pdum_DN90901_c7_g1_i5:586-1371   -            262 235430at33208        -            372   1.7e-09   33.6   0.0   2   2   1.3e-07   1.4e-06   24.0   0.0   130   247    87   211    80   231 0.84 -
Pdum_DN79808_c0_g1_i2:3342-4115  -            258 235430at33208        -            372   2.7e-09   32.9   0.0   1   3   1.1e-08   1.2e-07   27.5   0.1   116   200     7    91     1   102 0.58 -
Pdum_DN79808_c0_g1_i2:3342-4115  -            258 235430at33208        -            372   2.7e-09   32.9   0.0   2   3      0.17       1.8    3.9   0.0   217   287    66   134    62   141 0.66 -
Pdum_DN79808_c0_g1_i2:3342-4115  -            258 235430at33208        -            372   2.7e-09   32.9   0.0   3   3       6.3        68   -1.3   0.0   131   157   231   257   199   258 0.53 -
Pdum_DN84981_c0_g1_i4:2502-3299  -            266 235430at33208        -            372   3.1e-09   32.7   0.4   1   2     3e-05   0.00033   16.2   0.2   112   192    26   108    12   135 0.83 -
Pdum_DN84981_c0_g1_i4:2502-3299  -            266 235430at33208        -            372   3.1e-09   32.7   0.4   2   2     9e-05   0.00097   14.6   0.0    68   106   145   183   133   235 0.83 -
Pdum_DN71483_c1_g1_i1:326-1213   -            296 235430at33208        -            372   6.9e-09   31.6   0.2   1   2   2.9e-08   3.1e-07   26.2   0.1   106   233    80   218    72   223 0.73 -
Pdum_DN71483_c1_g1_i1:326-1213   -            296 235430at33208        -            372   6.9e-09   31.6   0.2   2   2       1.8        19    0.5   0.0    70    92   262   284   220   294 0.80 -
Pdum_DN69263_c0_g1_i1:369-1241   -            291 235430at33208        -            372   8.2e-09   31.3   1.1   1   2   1.2e-05   0.00013   17.5   0.2   105   195    17   116     3   145 0.77 -
Pdum_DN69263_c0_g1_i1:369-1241   -            291 235430at33208        -            372   8.2e-09   31.3   1.1   2   2   0.00098     0.011   11.2   0.0   101   207   166   284   158   287 0.73 -
Pdum_DN89812_c3_g1_i3:2-727      -            242 235430at33208        -            372   1.2e-08   30.8   0.5   1   2   1.3e-06   1.4e-05   20.7   0.1   171   254    49   133    41   143 0.88 -
Pdum_DN89812_c3_g1_i3:2-727      -            242 235430at33208        -            372   1.2e-08   30.8   0.5   2   2   4.8e-05   0.00052   15.5   0.0   109   193   112   204   111   213 0.82 -
Pdum_DN61369_c0_g1_i1:1329-2081  -            251 235430at33208        -            372   1.7e-08   30.3   0.0   1   3     0.032      0.34    6.3   0.0    67   115     7    54     2    86 0.52 -
Pdum_DN61369_c0_g1_i1:1329-2081  -            251 235430at33208        -            372   1.7e-08   30.3   0.0   2   3     0.003     0.033    9.6   0.0   131   168   119   156    75   164 0.82 -
Pdum_DN61369_c0_g1_i1:1329-2081  -            251 235430at33208        -            372   1.7e-08   30.3   0.0   3   3    0.0011     0.012   11.1   0.0   152   202   193   247   186   251 0.79 -
Pdum_DN83917_c0_g1_i10:26-898    -            291 235430at33208        -            372   1.7e-08   30.3   0.7   1   2      0.14       1.5    4.2   0.1   170   201    19    55    10   111 0.59 -
Pdum_DN83917_c0_g1_i10:26-898    -            291 235430at33208        -            372   1.7e-08   30.3   0.7   2   2     1e-07   1.1e-06   24.3   0.1    68   171   127   236   113   271 0.75 -
Pdum_DN63925_c0_g1_i1:566-913    -            116 235430at33208        -            372   2.3e-08   29.9   0.0   1   1   2.6e-09   2.8e-08   29.6   0.0    72   161    18   114     2   116 0.69 -
Pdum_DN84536_c0_g1_i1:2054-2740  -            229 235430at33208        -            372   2.7e-08   29.6   1.3   1   3    0.0054     0.058    8.8   0.0   215   280     1    66     1    79 0.90 -
Pdum_DN84536_c0_g1_i1:2054-2740  -            229 235430at33208        -            372   2.7e-08   29.6   1.3   2   3   0.00068    0.0073   11.8   0.1    63   127    89   161    74   168 0.73 -
Pdum_DN84536_c0_g1_i1:2054-2740  -            229 235430at33208        -            372   2.7e-08   29.6   1.3   3   3    0.0081     0.087    8.2   0.2   200   276   153   227   150   229 0.80 -
Pdum_DN82629_c0_g1_i4:1199-1945  -            249 235430at33208        -            372   2.8e-08   29.6   0.0   1   2     0.027      0.29    6.5   0.0   211   246    12    47     8    58 0.82 -
Pdum_DN82629_c0_g1_i4:1199-1945  -            249 235430at33208        -            372   2.8e-08   29.6   0.0   2   2   4.6e-05    0.0005   15.6   0.2    88   201   115   243    98   244 0.70 -
Pdum_DN92909_c6_g1_i3:5203-5631  -            143 235430at33208        -            372   4.2e-08   29.0   0.0   1   1   4.6e-09   4.9e-08   28.8   0.0   183   265    43   132    17   142 0.80 -
Pdum_DN92425_c3_g2_i1:425-1114   -            230 235430at33208        -            372   5.6e-08   28.6   0.4   1   2   8.5e-05   0.00091   14.7   0.1   146   246    25   126    13   127 0.84 -
Pdum_DN92425_c3_g2_i1:425-1114   -            230 235430at33208        -            372   5.6e-08   28.6   0.4   2   2   2.3e-05   0.00025   16.6   0.2   188   278   111   197   106   209 0.82 -
Pdum_DN91159_c2_g2_i3:3805-5139  -            445 235430at33208        -            372   6.5e-08   28.4   0.0   1   3       3.1        34   -0.3   0.0    78   222    27    55    10    88 0.42 -
Pdum_DN91159_c2_g2_i3:3805-5139  -            445 235430at33208        -            372   6.5e-08   28.4   0.0   2   3     0.012      0.13    7.6   0.0   212   307   244   347   234   350 0.74 -
Pdum_DN91159_c2_g2_i3:3805-5139  -            445 235430at33208        -            372   6.5e-08   28.4   0.0   3   3   1.3e-05   0.00014   17.4   0.0   211   292   347   433   338   442 0.78 -
Pdum_DN90517_c4_g2_i3:223-1167   -            315 235430at33208        -            372   6.7e-08   28.3   0.2   1   3   1.3e-07   1.4e-06   24.0   0.0   173   246    65   143    58   148 0.84 -
Pdum_DN90517_c4_g2_i3:223-1167   -            315 235430at33208        -            372   6.7e-08   28.3   0.2   2   3         4        43   -0.7   0.1   108   127   184   203   161   212 0.56 -
Pdum_DN90517_c4_g2_i3:223-1167   -            315 235430at33208        -            372   6.7e-08   28.3   0.2   3   3       3.2        34   -0.3   0.0    99   118   295   314   267   315 0.81 -
Pdum_DN90079_c2_g2_i8:1520-1906  -            129 235430at33208        -            372   7.8e-08   28.1   0.1   1   1     3e-07   3.2e-06   22.8   0.1    99   167    52   122     4   127 0.68 -
Pdum_DN84002_c0_g1_i8:1297-1713  -            139 235430at33208        -            372   8.5e-08   28.0   0.0   1   1   1.1e-08   1.1e-07   27.6   0.0   105   167    63   133    56   138 0.74 -
Pdum_DN38861_c0_g1_i1:634-1395   -            254 235430at33208        -            372     1e-07   27.7   0.1   1   3       1.5        16    0.8   0.0    58    87     3    31     2    40 0.75 -
Pdum_DN38861_c0_g1_i1:634-1395   -            254 235430at33208        -            372     1e-07   27.7   0.1   2   3   0.00018    0.0019   13.7   0.0   144   254    55   167    15   172 0.57 -
Pdum_DN38861_c0_g1_i1:634-1395   -            254 235430at33208        -            372     1e-07   27.7   0.1   3   3    0.0024     0.026    9.9   0.0    62   105   190   235   187   248 0.79 -
Pdum_DN83655_c1_g1_i2:565-2370   -            602 235430at33208        -            372   1.6e-07   27.1   0.2   1   4    0.0024     0.026    9.9   0.0    76   130     4    66     1    69 0.77 -
Pdum_DN83655_c1_g1_i2:565-2370   -            602 235430at33208        -            372   1.6e-07   27.1   0.2   2   4     0.034      0.36    6.2   0.0   149   286   135   277   126   285 0.65 -
Pdum_DN83655_c1_g1_i2:565-2370   -            602 235430at33208        -            372   1.6e-07   27.1   0.2   3   4       1.4        15    0.8   0.0    94   131   416   453   405   466 0.82 -
Pdum_DN83655_c1_g1_i2:565-2370   -            602 235430at33208        -            372   1.6e-07   27.1   0.2   4   4      0.24       2.5    3.4   0.0    61   103   469   510   454   538 0.79 -
Pdum_DN87402_c0_g1_i1:96-587     -            164 235430at33208        -            372   2.3e-07   26.6   0.0   1   1   2.9e-07   3.1e-06   22.8   0.0   177   280     1   105     1   112 0.67 -
Pdum_DN75371_c0_g2_i4:68-790     -            241 235430at33208        -            372     3e-07   26.2   0.1   1   3    0.0019      0.02   10.3   0.0   228   277     9    60     2    68 0.86 -
Pdum_DN75371_c0_g2_i4:68-790     -            241 235430at33208        -            372     3e-07   26.2   0.1   2   3   0.00041    0.0044   12.5   0.0   185   259   140   215    89   235 0.85 -
Pdum_DN75371_c0_g2_i4:68-790     -            241 235430at33208        -            372     3e-07   26.2   0.1   3   3       1.9        20    0.4   0.0    65    85   221   241   217   241 0.88 -
Pdum_DN90254_c2_g1_i7:1711-2505  -            265 235430at33208        -            372   4.1e-07   25.7   0.4   1   3      0.37       3.9    2.8   0.0   215   237    23    45    14    48 0.89 -
Pdum_DN90254_c2_g1_i7:1711-2505  -            265 235430at33208        -            372   4.1e-07   25.7   0.4   2   3   5.6e-05    0.0006   15.3   0.2   113   224    55   184    52   204 0.67 -
Pdum_DN90254_c2_g1_i7:1711-2505  -            265 235430at33208        -            372   4.1e-07   25.7   0.4   3   3       0.2       2.2    3.6   0.0   147   166   240   259   234   264 0.82 -
Pdum_DN81583_c1_g1_i3:690-1517   -            276 235430at33208        -            372   7.8e-07   24.8   0.0   1   2     0.016      0.17    7.3   0.0   188   246    40   101    31   104 0.77 -
Pdum_DN81583_c1_g1_i3:690-1517   -            276 235430at33208        -            372   7.8e-07   24.8   0.0   2   2   8.7e-05   0.00094   14.7   0.0   144   247   130   238   110   249 0.81 -
Pdum_DN80062_c1_g1_i8:396-980    -            195 235430at33208        -            372   8.2e-07   24.8   0.4   1   3     0.026      0.28    6.6   0.0   145   165    11    31     6    45 0.83 -
Pdum_DN80062_c1_g1_i8:396-980    -            195 235430at33208        -            372   8.2e-07   24.8   0.4   2   3   7.8e-05   0.00084   14.9   0.1   144   179   115   151   107   181 0.73 -
Pdum_DN80062_c1_g1_i8:396-980    -            195 235430at33208        -            372   8.2e-07   24.8   0.4   3   3       2.7        29   -0.1   0.0   142   170   157   186   150   190 0.77 -
Pdum_DN82280_c0_g2_i3:105-599    -            165 235430at33208        -            372     1e-06   24.4   0.0   1   2   3.3e-07   3.6e-06   22.7   0.0   173   292     2   132     1   134 0.75 -
Pdum_DN82280_c0_g2_i3:105-599    -            165 235430at33208        -            372     1e-06   24.4   0.0   2   2      0.65         7    1.9   0.0   193   233   124   165   105   165 0.71 -
Pdum_DN75461_c3_g1_i3:3373-3924  -            184 235430at33208        -            372   1.4e-06   24.0   0.1   1   2    0.0046     0.049    9.0   0.0   132   168     2    39     1    45 0.71 -
Pdum_DN75461_c3_g1_i3:3373-3924  -            184 235430at33208        -            372   1.4e-06   24.0   0.1   2   2   0.00037    0.0039   12.6   0.1   102   165   109   174    53   180 0.76 -
Pdum_DN89224_c5_g2_i10:3106-3672 -            189 235430at33208        -            372   1.5e-06   23.9   0.0   1   1   1.9e-07   2.1e-06   23.4   0.0   144   249    17   126     2   139 0.81 -
Pdum_DN90581_c4_g3_i1:36-329     -             98 235430at33208        -            372   1.6e-06   23.8   0.0   1   2      0.26       2.8    3.3   0.0   148   168     4    24     1    33 0.79 -
Pdum_DN90581_c4_g3_i1:36-329     -             98 235430at33208        -            372   1.6e-06   23.8   0.0   2   2   5.7e-06   6.1e-05   18.6   0.0    64   104    42    82    33    87 0.93 -
Pdum_DN77673_c0_g1_i3:1415-1756  -            114 235430at33208        -            372   2.3e-06   23.3   0.1   1   1   6.5e-07   6.9e-06   21.7   0.1   105   166    54   113     1   114 0.87 -
Pdum_DN92828_c4_g1_i1:1118-1732  -            205 235430at33208        -            372   2.9e-06   22.9   1.3   1   1   8.4e-07     9e-06   21.3   1.2   132   283    40   203    35   205 0.76 -
Pdum_DN79218_c1_g3_i3:741-1523   -            261 235430at33208        -            372   3.7e-06   22.6   0.1   1   2       1.6        17    0.6   0.0   240   285    39    88    22   121 0.58 -
Pdum_DN79218_c1_g3_i3:741-1523   -            261 235430at33208        -            372   3.7e-06   22.6   0.1   2   2      0.97        10    1.4   0.0   214   237   237   258   227   261 0.78 -
Pdum_DN83005_c1_g1_i1:16-1335    -            440 235430at33208        -            372   4.2e-06   22.4   0.5   1   2       1.4        15    0.9   0.0   189   230    19    59     9    78 0.64 -
Pdum_DN83005_c1_g1_i1:16-1335    -            440 235430at33208        -            372   4.2e-06   22.4   0.5   2   2   2.8e-06     3e-05   19.6   0.3    98   184   112   204    41   212 0.54 -
Pdum_DN89809_c3_g1_i10:6423-7019 -            199 235430at33208        -            372   4.7e-06   22.3   0.0   1   2    0.0046     0.049    9.0   0.1   107   163     1    65     1    71 0.66 -
Pdum_DN89809_c3_g1_i10:6423-7019 -            199 235430at33208        -            372   4.7e-06   22.3   0.0   2   2    0.0028     0.031    9.7   0.0    62   117    81   136    71   180 0.80 -
Pdum_DN74464_c0_g1_i5:1241-2116  -            292 235430at33208        -            372   7.1e-06   21.7   0.1   1   2   2.9e-06   3.1e-05   19.5   0.0   133   246    89   211    77   218 0.79 -
Pdum_DN74464_c0_g1_i5:1241-2116  -            292 235430at33208        -            372   7.1e-06   21.7   0.1   2   2       5.8        62   -1.2   0.0   184   231   240   287   227   291 0.66 -
Pdum_DN84033_c1_g3_i1:1196-1882  -            229 235430at33208        -            372   7.3e-06   21.6   0.6   1   2   0.00097      0.01   11.2   0.1   206   283    52   146     1   165 0.64 -
Pdum_DN84033_c1_g3_i1:1196-1882  -            229 235430at33208        -            372   7.3e-06   21.6   0.6   2   2     0.066      0.71    5.2   0.1   101   120   172   191   154   203 0.81 -
Pdum_DN73864_c0_g1_i1:496-1020   -            175 235430at33208        -            372   8.1e-06   21.5   0.0   1   2      0.24       2.6    3.3   0.0    71    89    23    41    10    55 0.75 -
Pdum_DN73864_c0_g1_i1:496-1020   -            175 235430at33208        -            372   8.1e-06   21.5   0.0   2   2   1.3e-05   0.00014   17.4   0.0   195   299    32   146    23   174 0.72 -
Pdum_DN89096_c2_g3_i4:368-1081   -            238 235430at33208        -            372   9.2e-06   21.3   0.0   1   1   1.7e-06   1.9e-05   20.3   0.0    59   201     6   155     1   199 0.74 -
Pdum_DN34036_c0_g1_i1:796-1353   -            186 235430at33208        -            372   1.1e-05   21.1   0.0   1   1   1.2e-06   1.3e-05   20.8   0.0   106   165   115   177    67   181 0.86 -
Pdum_DN86351_c0_g1_i1:4371-5225  -            285 235430at33208        -            372   3.1e-05   19.5   0.0   1   2     0.011      0.12    7.8   0.0   173   250    78   159    70   170 0.70 -
Pdum_DN86351_c0_g1_i1:4371-5225  -            285 235430at33208        -            372   3.1e-05   19.5   0.0   2   2    0.0024     0.026   10.0   0.0    79   162   158   245   155   252 0.70 -
Pdum_DN87384_c0_g1_i3:1231-2082  -            284 235430at33208        -            372   4.7e-05   19.0   0.0   1   3       7.7        82   -1.6   0.0    68    98    96   126    93   137 0.83 -
Pdum_DN87384_c0_g1_i3:1231-2082  -            284 235430at33208        -            372   4.7e-05   19.0   0.0   2   3       2.1        23    0.2   0.0    20    46   131   158   116   166 0.78 -
Pdum_DN87384_c0_g1_i3:1231-2082  -            284 235430at33208        -            372   4.7e-05   19.0   0.0   3   3     5e-05   0.00054   15.5   0.0    22    91   204   278   194   282 0.66 -
Pdum_DN71959_c0_g1_i4:1470-2264  -            265 235430at33208        -            372   0.00011   17.8   0.3   1   3         8        86   -1.6   0.0    73    90     3    20     1    42 0.69 -
Pdum_DN71959_c0_g1_i4:1470-2264  -            265 235430at33208        -            372   0.00011   17.8   0.3   2   3   0.00041    0.0044   12.5   0.1   168   275    91   200    69   217 0.72 -
Pdum_DN71959_c0_g1_i4:1470-2264  -            265 235430at33208        -            372   0.00011   17.8   0.3   3   3         3        32   -0.2   0.0   221   246   239   264   219   265 0.69 -
Pdum_DN78867_c0_g1_i4:318-917    -            200 235430at33208        -            372   0.00012   17.6   0.0   1   1   2.3e-05   0.00025   16.6   0.0   152   287    11   148     2   156 0.80 -
Pdum_DN70256_c0_g1_i2:565-1389   -            275 235430at33208        -            372   0.00013   17.5   0.0   1   1   0.00033    0.0035   12.8   0.0   178   278   127   226     4   243 0.60 -
Pdum_DN90581_c4_g2_i3:17-301     -             95 235430at33208        -            372   0.00017   17.1   0.0   1   1   1.7e-05   0.00019   17.0   0.0   173   246    17    92     8    95 0.85 -
Pdum_DN84945_c0_g1_i5:1684-2409  -            242 235430at33208        -            372    0.0004   15.9   0.1   1   1   7.6e-05   0.00082   14.9   0.0   144   247    79   185    71   212 0.85 -
Pdum_DN87538_c0_g1_i11:101-625   -            175 235430at33208        -            372   0.00044   15.8   0.2   1   2   9.9e-05    0.0011   14.5   0.0    65   134    11    94     1   132 0.52 -
Pdum_DN87538_c0_g1_i11:101-625   -            175 235430at33208        -            372   0.00044   15.8   0.2   2   2       6.9        74   -1.4   0.0   151   162   164   175   157   175 0.53 -
Pdum_DN92312_c5_g1_i1:3986-4570  -            195 235430at33208        -            372   0.00044   15.8   0.0   1   1   0.00033    0.0035   12.8   0.0   107   280    93   191    88   195 0.49 -
Pdum_DN89794_c2_g1_i1:591-1430   -            280 235430at33208        -            372   0.00048   15.6   3.3   1   2     0.043      0.47    5.8   0.6   107   124    24    41     2    98 0.73 -
Pdum_DN89794_c2_g1_i1:591-1430   -            280 235430at33208        -            372   0.00048   15.6   3.3   2   2    0.0023     0.024   10.0   0.3   119   208   136   233    45   274 0.86 -
Pdum_DN92083_c9_g1_i4:168-389    -             74 235430at33208        -            372   0.00064   15.2   0.3   1   1   6.1e-05   0.00065   15.2   0.3   129   174     3    48     1    70 0.58 -
Pdum_DN85858_c0_g1_i11:715-1416  -            234 235430at33208        -            372   0.00087   14.8   0.1   1   2     0.067      0.72    5.2   0.0    22    65    50    96    33   103 0.74 -
Pdum_DN85858_c0_g1_i11:715-1416  -            234 235430at33208        -            372   0.00087   14.8   0.1   2   2     0.013      0.14    7.6   0.1    71   119   176   234   163   234 0.76 -
Pdum_DN86721_c1_g1_i1:1968-2888  -            307 235430at33208        -            372    0.0045   12.4   0.2   1   3     0.057      0.61    5.4   0.0   144   165    12    33     2    39 0.73 -
Pdum_DN86721_c1_g1_i1:1968-2888  -            307 235430at33208        -            372    0.0045   12.4   0.2   2   3      0.43       4.7    2.5   0.0   218   251    50    83    43   110 0.85 -
Pdum_DN86721_c1_g1_i1:1968-2888  -            307 235430at33208        -            372    0.0045   12.4   0.2   3   3       2.1        23    0.3   0.0   174   240   235   303   171   307 0.61 -
Pdum_DN77384_c0_g1_i7:393-935    -            181 235430at33208        -            372    0.0047   12.4   0.0   1   1    0.0007    0.0076   11.7   0.0   103   200    76   178    10   180 0.63 -
Pdum_DN77163_c0_g1_i7:484-801    -            106 235430at33208        -            372    0.0051   12.3   0.0   1   1   0.00064    0.0069   11.8   0.0   115   168    31    89     6    93 0.76 -
Pdum_DN70491_c0_g1_i1:493-933    -            147 235430at33208        -            372    0.0059   12.1   0.0   1   2       8.2        88   -1.7   0.0   188   208     4    24     3    32 0.81 -
Pdum_DN70491_c0_g1_i1:493-933    -            147 235430at33208        -            372    0.0059   12.1   0.0   2   2    0.0013     0.013   10.9   0.0    72   141    54   135    37   147 0.67 -
Pdum_DN89900_c1_g2_i1:81-776     -            232 235430at33208        -            372     0.011   11.2   0.2   1   2      0.07      0.76    5.1   0.0   187   280    50   146    27   162 0.65 -
Pdum_DN89900_c1_g2_i1:81-776     -            232 235430at33208        -            372     0.011   11.2   0.2   2   2      0.16       1.7    4.0   0.1   200   237   196   232   167   232 0.81 -
#
# Program:         hmmsearch
# Version:         3.1b2 (February 2015)
# Pipeline mode:   SEARCH
# Query file:      /mnt/f/phylo/WORMS/busco_analysis/busco_downloads/lineages/metazoa_odb10/hmms/235430at33208.hmm
# Target file:     /mnt/f/phylo/WORMS/busco_analysis/metazoa_lineage_result/run_metazoa_odb10/metaeuk_output/rerun_results/Platynereis_ref.eggnog_filter.nucl.fasta.modified.fas
# Option settings: hmmsearch --domtblout /mnt/f/phylo/WORMS/busco_analysis/metazoa_lineage_result/run_metazoa_odb10/hmmer_output/rerun_results/235430at33208.out --cpu 1 /mnt/f/phylo/WORMS/busco_analysis/busco_downloads/lineages/metazoa_odb10/hmms/235430at33208.hmm /mnt/f/phylo/WORMS/busco_analysis/metazoa_lineage_result/run_metazoa_odb10/metaeuk_output/rerun_results/Platynereis_ref.eggnog_filter.nucl.fasta.modified.fas 
# Current dir:     /mnt/f/phylo/WORMS/busco_analysis
# Date:            Sun Mar 12 21:15:09 2023
# [ok]
