#                                                                                       --- full sequence --- -------------- this domain -------------   hmm coord   ali coord   env coord
# target name                   accession   tlen query name           accession   qlen   E-value  score  bias   #  of  c-Evalue  i-Evalue  score  bias  from    to  from    to  from    to  acc description of target
#           ------------------- ---------- ----- -------------------- ---------- ----- --------- ------ ----- --- --- --------- --------- ------ ----- ----- ----- ----- ----- ----- ----- ---- ---------------------
Pdum_DN70202_c0_g1_i1:8-433     -            142 266469at33208        -            223   7.1e-36  120.2   0.3   1   1   1.4e-37   8.3e-36  120.0   0.3     1   119     8   142     8   142 0.87 -
Pdum_DN61422_c0_g1_i5:0-710     -            237 266469at33208        -            223   1.1e-22   77.1   0.3   1   2   0.00012    0.0072   12.3   0.2    91   124    12    51     8    77 0.77 -
Pdum_DN61422_c0_g1_i5:0-710     -            237 266469at33208        -            223   1.1e-22   77.1   0.3   2   2   4.8e-20   2.9e-18   62.6   0.0   112   187   127   216   106   220 0.83 -
Pdum_DN92662_c4_g1_i1:478-1230  -            251 266469at33208        -            223   1.4e-21   73.5   0.9   1   2    0.0043      0.26    7.2   0.5   104   124     1    21     1    46 0.85 -
Pdum_DN92662_c4_g1_i1:478-1230  -            251 266469at33208        -            223   1.4e-21   73.5   0.9   2   2   1.7e-20     1e-18   64.1   0.0   107   187    92   186    79   190 0.82 -
Pdum_DN87581_c1_g1_i9:724-1335  -            204 266469at33208        -            223   4.1e-19   65.4   0.6   1   2   7.1e-20   4.3e-18   62.1   0.2     1    99     1   101     1   110 0.83 -
Pdum_DN87581_c1_g1_i9:724-1335  -            204 266469at33208        -            223   4.1e-19   65.4   0.6   2   2       0.2        12    1.7   0.0   103   123   142   162   135   203 0.71 -
Pdum_DN79981_c2_g1_i1:666-1139  -            158 266469at33208        -            223   1.5e-12   44.0   0.4   1   1   3.8e-14   2.3e-12   43.4   0.4     1    60     7    64     7    84 0.92 -
Pdum_DN68622_c0_g2_i1:1419-1928 -            170 266469at33208        -            223     5e-12   42.3   0.0   1   1   8.3e-14     5e-12   42.2   0.0     4   103     1   101     1   160 0.91 -
Pdum_DN68295_c0_g1_i3:267-875   -            203 266469at33208        -            223   6.8e-11   38.6   0.2   1   2   4.2e-10   2.6e-08   30.1   0.0     3    93     1    92     1   117 0.80 -
Pdum_DN68295_c0_g1_i3:267-875   -            203 266469at33208        -            223   6.8e-11   38.6   0.2   2   2    0.0072      0.44    6.5   0.3   101   128   122   149   113   182 0.89 -
Pdum_DN71328_c1_g1_i1:635-1051  -            139 266469at33208        -            223   1.3e-08   31.1   0.0   1   1   2.5e-10   1.5e-08   30.8   0.0     5    63     1    65     1    92 0.79 -
Pdum_DN66899_c0_g1_i1:1080-1796 -            239 266469at33208        -            223   1.2e-06   24.7   0.0   1   2   5.9e-07   3.6e-05   19.8   0.0     2    89     1    88     1   100 0.81 -
Pdum_DN66899_c0_g1_i1:1080-1796 -            239 266469at33208        -            223   1.2e-06   24.7   0.0   2   2     0.093       5.7    2.8   0.0    98   113   174   189   146   201 0.82 -
Pdum_DN88729_c1_g1_i6:686-1162  -            159 266469at33208        -            223   1.9e-06   24.0   0.0   1   1   5.9e-08   3.6e-06   23.1   0.0     5    72     1    68     1   140 0.73 -
Pdum_DN75676_c1_g2_i10:154-603  -            150 266469at33208        -            223   3.2e-06   23.2   0.0   1   2   1.2e-07   7.1e-06   22.1   0.0     5    87     1    84     1   100 0.74 -
Pdum_DN75676_c1_g2_i10:154-603  -            150 266469at33208        -            223   3.2e-06   23.2   0.0   2   2       2.2   1.3e+02   -1.7   0.0   102   122   112   132   103   136 0.81 -
Pdum_DN75083_c2_g1_i4:299-790   -            164 266469at33208        -            223   1.3e-05   21.3   0.0   1   1   4.2e-07   2.6e-05   20.3   0.0     2    23     1    22     1    30 0.87 -
Pdum_DN81462_c1_g1_i4:736-1362  -            209 266469at33208        -            223     2e-05   20.7   0.1   1   1   5.8e-07   3.5e-05   19.9   0.1     1    25     9    33     9    42 0.89 -
Pdum_DN73365_c0_g1_i2:587-1186  -            200 266469at33208        -            223   0.00048   16.2   0.1   1   2   1.6e-05     0.001   15.1   0.0    49   117     2    81     1    86 0.71 -
Pdum_DN73365_c0_g1_i2:587-1186  -            200 266469at33208        -            223   0.00048   16.2   0.1   2   2       3.8   2.3e+02   -2.5   0.0   110   110   147   147   119   187 0.59 -
Pdum_DN82721_c0_g2_i3:2681-3112 -            144 266469at33208        -            223   0.00064   15.7   0.1   1   1   1.4e-05   0.00087   15.3   0.1     2    32    20    50    19   114 0.87 -
Pdum_DN82632_c1_g3_i3:563-1087  -            175 266469at33208        -            223   0.00066   15.7   0.0   1   2   3.9e-05    0.0024   13.9   0.0     1    40     2    38     2    48 0.79 -
Pdum_DN82632_c1_g3_i3:563-1087  -            175 266469at33208        -            223   0.00066   15.7   0.0   2   2         1        61   -0.5   0.0    96   115   112   131    85   169 0.69 -
Pdum_DN85393_c0_g1_i2:1318-1821 -            168 266469at33208        -            223     0.001   15.1   0.0   1   2   0.00016      0.01   11.8   0.0     1    29     1    29     1    78 0.83 -
Pdum_DN85393_c0_g1_i2:1318-1821 -            168 266469at33208        -            223     0.001   15.1   0.0   2   2      0.23        14    1.6   0.0   101   148   111   156    99   167 0.67 -
Pdum_DN76643_c0_g1_i3:3889-4347 -            153 266469at33208        -            223    0.0025   13.8   0.0   1   1   6.8e-05    0.0041   13.1   0.0     2   129     1   134     1   152 0.76 -
Pdum_DN92808_c4_g2_i2:1329-1868 -            180 266469at33208        -            223    0.0026   13.8   0.1   1   1   5.6e-05    0.0034   13.4   0.1     3   154     1   159     1   179 0.64 -
Pdum_DN68428_c4_g1_i3:354-770   -            139 266469at33208        -            223    0.0028   13.7   0.1   1   1   9.3e-05    0.0057   12.6   0.1     1    57     9    62     9   125 0.70 -
Pdum_DN73110_c0_g1_i1:1527-1859 -            111 266469at33208        -            223    0.0033   13.4   0.0   1   1   7.5e-05    0.0046   13.0   0.0     2    25     1    24     1    53 0.86 -
Pdum_DN77765_c0_g2_i1:2839-3279 -            147 266469at33208        -            223    0.0057   12.6   0.0   1   1   0.00016      0.01   11.8   0.0     3   103     1    96     1   140 0.84 -
Pdum_DN82219_c0_g1_i1:2341-2847 -            169 266469at33208        -            223     0.011   11.7   0.0   1   2   0.00039     0.024   10.6   0.0     2    27     1    26     1    85 0.81 -
Pdum_DN82219_c0_g1_i1:2341-2847 -            169 266469at33208        -            223     0.011   11.7   0.0   2   2       1.9   1.2e+02   -1.5   0.0   100   115   109   124    96   158 0.76 -
Pdum_DN77915_c3_g1_i6:1141-1530 -            130 266469at33208        -            223     0.015   11.3   0.0   1   1    0.0003     0.018   11.0   0.0     1   111     5   120     5   127 0.80 -
Pdum_DN87187_c0_g1_i6:1767-2279 -            171 266469at33208        -            223     0.018   11.0   0.2   1   1   0.00045     0.027   10.4   0.2     5    25    10    30     7    37 0.83 -
#
# Program:         hmmsearch
# Version:         3.1b2 (February 2015)
# Pipeline mode:   SEARCH
# Query file:      /mnt/f/phylo/WORMS/busco_analysis/busco_downloads/lineages/metazoa_odb10/hmms/266469at33208.hmm
# Target file:     /mnt/f/phylo/WORMS/busco_analysis/metazoa_lineage_result/run_metazoa_odb10/metaeuk_output/rerun_results/Platynereis_ref.eggnog_filter.nucl.fasta.modified.fas
# Option settings: hmmsearch --domtblout /mnt/f/phylo/WORMS/busco_analysis/metazoa_lineage_result/run_metazoa_odb10/hmmer_output/rerun_results/266469at33208.out --cpu 1 /mnt/f/phylo/WORMS/busco_analysis/busco_downloads/lineages/metazoa_odb10/hmms/266469at33208.hmm /mnt/f/phylo/WORMS/busco_analysis/metazoa_lineage_result/run_metazoa_odb10/metaeuk_output/rerun_results/Platynereis_ref.eggnog_filter.nucl.fasta.modified.fas 
# Current dir:     /mnt/f/phylo/WORMS/busco_analysis
# Date:            Sun Mar 12 21:15:09 2023
# [ok]
