#                                                                                        --- full sequence --- -------------- this domain -------------   hmm coord   ali coord   env coord
# target name                    accession   tlen query name           accession   qlen   E-value  score  bias   #  of  c-Evalue  i-Evalue  score  bias  from    to  from    to  from    to  acc description of target
#            ------------------- ---------- ----- -------------------- ---------- ----- --------- ------ ----- --- --- --------- --------- ------ ----- ----- ----- ----- ----- ----- ----- ---- ---------------------
Pdum_DN78854_c0_g1_i1:1621-2460  -            280 266808at33208        -            354   2.6e-39  131.6  14.7   1   3   2.8e-11   3.2e-10   36.0   0.4   112   217     1   110     1   116 0.61 -
Pdum_DN78854_c0_g1_i1:1621-2460  -            280 266808at33208        -            354   2.6e-39  131.6  14.7   2   3     1e-22   1.1e-21   73.6   3.8   108   272    39   205    37   210 0.86 -
Pdum_DN78854_c0_g1_i1:1621-2460  -            280 266808at33208        -            354   2.6e-39  131.6  14.7   3   3   2.1e-13   2.3e-12   43.0   0.1   155   260   169   277   164   280 0.63 -
Pdum_DN80129_c0_g2_i7:692-1552   -            287 266808at33208        -            354   7.8e-38  126.7   7.8   1   3   1.2e-11   1.3e-10   37.2   0.6   193   273     3    81     1    85 0.90 -
Pdum_DN80129_c0_g2_i7:692-1552   -            287 266808at33208        -            354   7.8e-38  126.7   7.8   2   3   4.3e-24   4.8e-23   78.1   0.2   155   276    86   211    83   223 0.89 -
Pdum_DN80129_c0_g2_i7:692-1552   -            287 266808at33208        -            354   7.8e-38  126.7   7.8   3   3    0.0026     0.029    9.8   0.1    95   135   241   284   214   287 0.59 -
Pdum_DN78086_c1_g1_i5:2722-3576  -            285 266808at33208        -            354   6.8e-36  120.4   5.3   1   3   1.6e-10   1.7e-09   33.5   0.1   198   275    15    90     3    92 0.87 -
Pdum_DN78086_c1_g1_i5:2722-3576  -            285 266808at33208        -            354   6.8e-36  120.4   5.3   2   3   4.7e-20   5.2e-19   64.8   0.5   108   273    47   214    47   218 0.86 -
Pdum_DN78086_c1_g1_i5:2722-3576  -            285 266808at33208        -            354   6.8e-36  120.4   5.3   3   3   1.1e-11   1.2e-10   37.3   0.0   154   260   176   285   174   285 0.87 -
Pdum_DN87680_c1_g3_i1:3324-4244  -            307 266808at33208        -            354   1.8e-32  109.1   2.1   1   3   7.7e-22   8.5e-21   70.7   1.1   154   274    48   171    46   177 0.90 -
Pdum_DN87680_c1_g3_i1:3324-4244  -            307 266808at33208        -            354   1.8e-32  109.1   2.1   2   3   1.8e-05    0.0002   16.9   0.0   194   273   177   274   172   275 0.69 -
Pdum_DN87680_c1_g3_i1:3324-4244  -            307 266808at33208        -            354   1.8e-32  109.1   2.1   3   3   1.4e-08   1.6e-07   27.1   0.0   121   182   247   306   239   307 0.87 -
Pdum_DN92078_c7_g2_i1:2837-3847  -            337 266808at33208        -            354   4.8e-32  107.7   2.8   1   3   3.8e-08   4.2e-07   25.7   0.1    61   138    17    86     9    91 0.90 -
Pdum_DN92078_c7_g2_i1:2837-3847  -            337 266808at33208        -            354   4.8e-32  107.7   2.8   2   3   1.8e-21     2e-20   69.5   0.0   103   276    92   270    87   277 0.87 -
Pdum_DN92078_c7_g2_i1:2837-3847  -            337 266808at33208        -            354   4.8e-32  107.7   2.8   3   3   8.2e-07   9.1e-06   21.3   0.1   102   214   220   337   218   337 0.81 -
Pdum_DN82012_c2_g2_i1:565-1263   -            233 266808at33208        -            354   4.2e-30  101.3   5.0   1   2   2.6e-23   2.9e-22   75.6   1.8    88   272     9   188     1   189 0.82 -
Pdum_DN82012_c2_g2_i1:565-1263   -            233 266808at33208        -            354   4.2e-30  101.3   5.0   2   2   1.2e-10   1.3e-09   33.9   0.1   200   268   160   227   149   231 0.86 -
Pdum_DN90586_c2_g3_i4:2154-2747  -            198 266808at33208        -            354     5e-28   94.5   0.1   1   3   1.7e-13   1.9e-12   43.2   0.1   163   275     2   117     1   119 0.88 -
Pdum_DN90586_c2_g3_i4:2154-2747  -            198 266808at33208        -            354     5e-28   94.5   0.1   2   3   1.5e-12   1.7e-11   40.1   0.0   194   269    80   153    76   156 0.60 -
Pdum_DN90586_c2_g3_i4:2154-2747  -            198 266808at33208        -            354     5e-28   94.5   0.1   3   3   1.2e-06   1.3e-05   20.7   0.0   102   137   152   188   148   193 0.87 -
Pdum_DN80927_c0_g1_i1:537-1823   -            429 266808at33208        -            354   5.6e-28   94.3   1.7   1   4     0.058      0.65    5.3   0.0   105   143    97   136    78   148 0.72 -
Pdum_DN80927_c0_g1_i1:537-1823   -            429 266808at33208        -            354   5.6e-28   94.3   1.7   2   4   4.5e-09     5e-08   28.7   0.2   191   272   158   236   136   246 0.89 -
Pdum_DN80927_c0_g1_i1:537-1823   -            429 266808at33208        -            354   5.6e-28   94.3   1.7   3   4   1.5e-05   0.00017   17.1   0.0   100   164   271   334   254   336 0.71 -
Pdum_DN80927_c0_g1_i1:537-1823   -            429 266808at33208        -            354   5.6e-28   94.3   1.7   4   4   2.9e-12   3.2e-11   39.2   0.1   203   275   345   415   335   427 0.90 -
Pdum_DN87134_c2_g1_i3:1615-2430  -            272 266808at33208        -            354   2.3e-26   89.0   5.1   1   3   3.4e-06   3.8e-05   19.2   0.0   123   187     5    67     1    74 0.87 -
Pdum_DN87134_c2_g1_i3:1615-2430  -            272 266808at33208        -            354   2.3e-26   89.0   5.1   2   3   2.3e-15   2.5e-14   49.4   2.5   104   269    75   238    73   240 0.87 -
Pdum_DN87134_c2_g1_i3:1615-2430  -            272 266808at33208        -            354   2.3e-26   89.0   5.1   3   3   1.8e-06     2e-05   20.2   0.0   103   138   238   272   235   272 0.91 -
Pdum_DN84894_c0_g1_i9:94-966     -            291 266808at33208        -            354     7e-25   84.2   0.1   1   5   0.00015    0.0017   13.8   0.0   195   267     5    83     2    89 0.70 -
Pdum_DN84894_c0_g1_i9:94-966     -            291 266808at33208        -            354     7e-25   84.2   0.1   2   5     8e-07   8.9e-06   21.3   0.0   187   269    47   128    33   135 0.83 -
Pdum_DN84894_c0_g1_i9:94-966     -            291 266808at33208        -            354     7e-25   84.2   0.1   3   5   3.1e-07   3.5e-06   22.7   0.0   194   273    97   174    93   178 0.83 -
Pdum_DN84894_c0_g1_i9:94-966     -            291 266808at33208        -            354     7e-25   84.2   0.1   4   5     1e-09   1.1e-08   30.9   0.0   194   273   181   259   171   264 0.84 -
Pdum_DN84894_c0_g1_i9:94-966     -            291 266808at33208        -            354     7e-25   84.2   0.1   5   5   1.9e-05   0.00021   16.8   0.1   194   261   223   289   220   291 0.87 -
Pdum_DN85045_c0_g1_i5:245-829    -            195 266808at33208        -            354   2.1e-23   79.3   0.1   1   3   6.8e-07   7.5e-06   21.5   0.0   195   273     4    80     1    84 0.89 -
Pdum_DN85045_c0_g1_i5:245-829    -            195 266808at33208        -            354   2.1e-23   79.3   0.1   2   3   1.3e-14   1.5e-13   46.9   0.0   192   275    85   166    69   169 0.89 -
Pdum_DN85045_c0_g1_i5:245-829    -            195 266808at33208        -            354   2.1e-23   79.3   0.1   3   3     0.004     0.044    9.2   0.0   234   262   167   195   163   195 0.86 -
Pdum_DN73138_c0_g1_i1:428-1294   -            289 266808at33208        -            354   3.7e-23   78.5   4.0   1   3   1.6e-09   1.8e-08   30.2   0.4   190   274    21   103     6   107 0.87 -
Pdum_DN73138_c0_g1_i1:428-1294   -            289 266808at33208        -            354   3.7e-23   78.5   4.0   2   3   0.00077    0.0086   11.5   0.0   192   233   107   150   103   160 0.74 -
Pdum_DN73138_c0_g1_i1:428-1294   -            289 266808at33208        -            354   3.7e-23   78.5   4.0   3   3   2.2e-11   2.4e-10   36.3   0.3   203   336   160   285   147   289 0.88 -
Pdum_DN84903_c4_g3_i8:858-1829   -            324 266808at33208        -            354   9.1e-23   77.2   0.6   1   3      0.98        11    1.3   0.0   144   182    27    66    21    72 0.71 -
Pdum_DN84903_c4_g3_i8:858-1829   -            324 266808at33208        -            354   9.1e-23   77.2   0.6   2   3   2.9e-15   3.2e-14   49.1   0.5    30   216    49   234    45   236 0.83 -
Pdum_DN84903_c4_g3_i8:858-1829   -            324 266808at33208        -            354   9.1e-23   77.2   0.6   3   3   1.4e-10   1.5e-09   33.7   0.0   120   263   177   324   165   324 0.82 -
Pdum_DN83588_c0_g2_i13:1458-2267 -            270 266808at33208        -            354     1e-22   77.0   0.0   1   3   1.5e-13   1.7e-12   43.5   0.0   196   326     6   131     2   141 0.87 -
Pdum_DN83588_c0_g2_i13:1458-2267 -            270 266808at33208        -            354     1e-22   77.0   0.0   2   3   1.3e-05   0.00014   17.3   0.0   194   265    89   174    83   184 0.68 -
Pdum_DN83588_c0_g2_i13:1458-2267 -            270 266808at33208        -            354     1e-22   77.0   0.0   3   3   2.2e-06   2.5e-05   19.8   0.0   177   260   185   270   176   270 0.78 -
Pdum_DN80498_c1_g1_i1:1987-2928  -            314 266808at33208        -            354   1.3e-22   76.7   5.2   1   2     0.011      0.12    7.7   0.1   193   220    31    58    16    66 0.84 -
Pdum_DN80498_c1_g1_i1:1987-2928  -            314 266808at33208        -            354   1.3e-22   76.7   5.2   2   2   6.4e-19   7.1e-18   61.1   3.1   147   351   112   314   106   314 0.86 -
Pdum_DN79110_c0_g1_i7:412-1203   -            264 266808at33208        -            354   1.7e-22   76.3   0.2   1   3   6.6e-06   7.3e-05   18.3   0.0   196   273     4    80     2    86 0.86 -
Pdum_DN79110_c0_g1_i7:412-1203   -            264 266808at33208        -            354   1.7e-22   76.3   0.2   2   3   6.6e-12   7.3e-11   38.0   0.1   194   275    87   166    76   171 0.84 -
Pdum_DN79110_c0_g1_i7:412-1203   -            264 266808at33208        -            354   1.7e-22   76.3   0.2   3   3   1.5e-05   0.00017   17.1   0.0   157   273   171   256   163   263 0.56 -
Pdum_DN90273_c4_g1_i2:2910-4019  -            370 266808at33208        -            354   1.8e-22   76.2   0.1   1   3     1e-10   1.1e-09   34.1   0.0   155   274     1   123     1   126 0.83 -
Pdum_DN90273_c4_g1_i2:2910-4019  -            370 266808at33208        -            354   1.8e-22   76.2   0.1   2   3   0.00021    0.0023   13.4   0.0   104   139   119   155   112   162 0.83 -
Pdum_DN90273_c4_g1_i2:2910-4019  -            370 266808at33208        -            354   1.8e-22   76.2   0.1   3   3   3.5e-08   3.9e-07   25.8   0.0    65   196   202   325   193   354 0.57 -
Pdum_DN84241_c0_g1_i1:2785-3528  -            248 266808at33208        -            354   2.1e-22   76.0   0.2   1   2   1.5e-07   1.7e-06   23.7   0.0   153   219     6    76     2    81 0.85 -
Pdum_DN84241_c0_g1_i1:2785-3528  -            248 266808at33208        -            354   2.1e-22   76.0   0.2   2   2   1.2e-15   1.3e-14   50.4   0.0   104   260    83   246    79   248 0.80 -
Pdum_DN66325_c0_g1_i1:831-1838   -            336 266808at33208        -            354   7.3e-22   74.2   0.6   1   3   5.7e-13   6.3e-12   41.5   0.0   195   269    15    89     2    91 0.92 -
Pdum_DN66325_c0_g1_i1:831-1838   -            336 266808at33208        -            354   7.3e-22   74.2   0.6   2   3   6.3e-09     7e-08   28.2   0.0   194   260    58   126    57   135 0.89 -
Pdum_DN66325_c0_g1_i1:831-1838   -            336 266808at33208        -            354   7.3e-22   74.2   0.6   3   3   3.2e-05   0.00036   16.0   0.0   201   351   164   336   151   336 0.71 -
Pdum_DN74356_c1_g1_i1:605-1453   -            283 266808at33208        -            354   8.6e-22   74.0   1.6   1   3   1.8e-08     2e-07   26.7   0.0   194   273     7    84     3    93 0.90 -
Pdum_DN74356_c1_g1_i1:605-1453   -            283 266808at33208        -            354   8.6e-22   74.0   1.6   2   3     9e-10     1e-08   31.0   0.0   151   216   139   211    85   216 0.72 -
Pdum_DN74356_c1_g1_i1:605-1453   -            283 266808at33208        -            354   8.6e-22   74.0   1.6   3   3   0.00086    0.0096   11.3   0.1   190   226   244   280   234   283 0.87 -
Pdum_DN77740_c0_g3_i3:253-1053   -            267 266808at33208        -            354   6.7e-20   67.8   0.1   1   2   5.3e-09   5.9e-08   28.5   0.0   193   273    12    90     3    90 0.88 -
Pdum_DN77740_c0_g3_i3:253-1053   -            267 266808at33208        -            354   6.7e-20   67.8   0.1   2   2   4.7e-13   5.3e-12   41.8   0.0    97   265    80   248    78   254 0.78 -
Pdum_DN88892_c3_g1_i1:2334-3191  -            286 266808at33208        -            354   2.4e-19   66.0   0.1   1   3       4.1        46   -0.8   0.0   206   228    15    37     2    48 0.79 -
Pdum_DN88892_c3_g1_i1:2334-3191  -            286 266808at33208        -            354   2.4e-19   66.0   0.1   2   3   3.1e-15   3.5e-14   49.0   0.1   121   271    53   208    43   210 0.82 -
Pdum_DN88892_c3_g1_i1:2334-3191  -            286 266808at33208        -            354   2.4e-19   66.0   0.1   3   3   1.1e-05   0.00012   17.6   0.0    97   143   200   247   198   280 0.75 -
Pdum_DN66770_c0_g1_i1:181-1002   -            274 266808at33208        -            354   4.2e-19   65.1   5.6   1   2   5.8e-16   6.5e-15   51.4   1.9   198   351     2   149     1   152 0.87 -
Pdum_DN66770_c0_g1_i1:181-1002   -            274 266808at33208        -            354   4.2e-19   65.1   5.6   2   2   4.5e-05    0.0005   15.6   0.1   193   269   169   248   156   261 0.74 -
Pdum_DN75190_c1_g2_i8:1756-2607  -            284 266808at33208        -            354   8.1e-19   64.2   3.1   1   5    0.0011     0.013   10.9   0.0   101   142    10    50     4    68 0.76 -
Pdum_DN75190_c1_g2_i8:1756-2607  -            284 266808at33208        -            354   8.1e-19   64.2   3.1   2   5   1.7e-08   1.9e-07   26.8   1.5   169   265    33   131    31   134 0.74 -
Pdum_DN75190_c1_g2_i8:1756-2607  -            284 266808at33208        -            354   8.1e-19   64.2   3.1   3   5   1.5e-05   0.00017   17.1   0.0   100   160   132   189   128   191 0.82 -
Pdum_DN75190_c1_g2_i8:1756-2607  -            284 266808at33208        -            354   8.1e-19   64.2   3.1   4   5    0.0059     0.066    8.6   0.0   101   139   173   210   168   218 0.73 -
Pdum_DN75190_c1_g2_i8:1756-2607  -            284 266808at33208        -            354   8.1e-19   64.2   3.1   5   5     0.046      0.51    5.7   0.0   105   145   232   271   223   277 0.85 -
Pdum_DN78454_c0_g1_i4:633-1472   -            280 266808at33208        -            354   1.2e-18   63.6   3.2   1   3   0.00033    0.0037   12.7   0.0   190   223     2    35     1    50 0.82 -
Pdum_DN78454_c0_g1_i4:633-1472   -            280 266808at33208        -            354   1.2e-18   63.6   3.2   2   3   1.2e-10   1.3e-09   33.9   0.3   183   276    45   137    35   147 0.89 -
Pdum_DN78454_c0_g1_i4:633-1472   -            280 266808at33208        -            354   1.2e-18   63.6   3.2   3   3   1.7e-05   0.00019   17.0   0.4   194   231   141   177   135   280 0.74 -
Pdum_DN87342_c0_g1_i8:827-1540   -            238 266808at33208        -            354   1.5e-18   63.3   0.1   1   1   1.6e-19   1.8e-18   63.1   0.1   118   351     8   238     1   238 0.79 -
Pdum_DN86522_c0_g3_i4:549-1403   -            285 266808at33208        -            354   1.8e-18   63.1   1.8   1   2   7.2e-07     8e-06   21.5   1.0   153   273     5   125     3   128 0.83 -
Pdum_DN86522_c0_g3_i4:549-1403   -            285 266808at33208        -            354   1.8e-18   63.1   1.8   2   2   1.1e-11   1.3e-10   37.3   0.0   107   257   128   284   126   285 0.80 -
Pdum_DN66493_c0_g1_i1:729-1436   -            236 266808at33208        -            354   1.9e-18   63.0   0.0   1   2   1.2e-13   1.3e-12   43.7   0.0    78   264     5   196     2   200 0.84 -
Pdum_DN66493_c0_g1_i1:729-1436   -            236 266808at33208        -            354   1.9e-18   63.0   0.0   2   2   9.9e-08   1.1e-06   24.3   0.0   122   248    88   221    81   234 0.47 -
Pdum_DN87178_c0_g1_i10:2757-3584 -            276 266808at33208        -            354   2.6e-18   62.6   0.0   1   2   9.4e-12     1e-10   37.5   0.0   104   269     1   194     1   196 0.67 -
Pdum_DN87178_c0_g1_i10:2757-3584 -            276 266808at33208        -            354   2.6e-18   62.6   0.0   2   2   1.5e-09   1.7e-08   30.3   0.0    57   260    57   276    48   276 0.74 -
Pdum_DN85879_c0_g1_i1:212-862    -            217 266808at33208        -            354   2.7e-18   62.5   0.0   1   1   2.6e-17   2.9e-16   55.8   0.0    99   263    41   214    39   217 0.78 -
Pdum_DN84814_c0_g2_i1:1493-2059  -            189 266808at33208        -            354   3.6e-18   62.1   0.1   1   1   1.3e-18   1.5e-17   60.1   0.1   105   267    24   188    18   189 0.83 -
Pdum_DN71389_c1_g2_i1:188-1069   -            294 266808at33208        -            354   6.8e-18   61.2   8.8   1   4   1.9e-06   2.1e-05   20.1   0.3   232   275    45    88     9    92 0.84 -
Pdum_DN71389_c1_g2_i1:188-1069   -            294 266808at33208        -            354   6.8e-18   61.2   8.8   2   4   6.5e-08   7.2e-07   24.9   1.2   194   265    93   167    87   178 0.83 -
Pdum_DN71389_c1_g2_i1:188-1069   -            294 266808at33208        -            354   6.8e-18   61.2   8.8   3   4   2.2e-05   0.00024   16.6   0.0   189   264   177   248   166   255 0.80 -
Pdum_DN71389_c1_g2_i1:188-1069   -            294 266808at33208        -            354   6.8e-18   61.2   8.8   4   4      0.39       4.4    2.6   0.0    61    88   266   293   255   294 0.79 -
Pdum_DN91072_c6_g2_i4:278-889    -            204 266808at33208        -            354   6.1e-17   58.0   1.7   1   1   5.2e-15   5.8e-14   48.2   1.7   155   351     1   204     1   204 0.84 -
Pdum_DN67795_c0_g1_i2:1421-2377  -            319 266808at33208        -            354   2.3e-16   56.2   1.9   1   3   0.00034    0.0038   12.6   0.0   193   272    45   122    31   127 0.80 -
Pdum_DN67795_c0_g1_i2:1421-2377  -            319 266808at33208        -            354   2.3e-16   56.2   1.9   2   3   2.8e-08   3.1e-07   26.1   0.1   155   276   128   255   124   259 0.83 -
Pdum_DN67795_c0_g1_i2:1421-2377  -            319 266808at33208        -            354   2.3e-16   56.2   1.9   3   3   5.1e-05   0.00057   15.4   0.0   202   233   272   303   268   314 0.87 -
Pdum_DN72920_c0_g1_i5:770-1225   -            152 266808at33208        -            354   2.5e-16   56.0   1.8   1   2    0.0049     0.054    8.9   0.0   195   227     1    33     1    37 0.86 -
Pdum_DN72920_c0_g1_i5:770-1225   -            152 266808at33208        -            354   2.5e-16   56.0   1.8   2   2   5.4e-13     6e-12   41.6   1.4   154   260    39   148    37   151 0.87 -
Pdum_DN84798_c1_g2_i5:1761-2636  -            292 266808at33208        -            354   7.5e-16   54.5   0.0   1   2    0.0042     0.046    9.1   0.0   192   225     7    40     3    69 0.82 -
Pdum_DN84798_c1_g2_i5:1761-2636  -            292 266808at33208        -            354   7.5e-16   54.5   0.0   2   2   3.5e-13   3.9e-12   42.2   0.0   151   337    91   278    83   292 0.68 -
Pdum_DN74150_c0_g1_i3:898-1731   -            278 266808at33208        -            354   1.1e-15   53.9   0.6   1   2   3.3e-07   3.7e-06   22.6   0.1   164   262     9   108     1   113 0.81 -
Pdum_DN74150_c0_g1_i3:898-1731   -            278 266808at33208        -            354   1.1e-15   53.9   0.6   2   2   3.7e-09   4.1e-08   29.0   0.0   145   273   127   258   114   263 0.84 -
Pdum_DN88256_c0_g1_i4:1238-1801  -            188 266808at33208        -            354     2e-15   53.0   0.2   1   2   1.7e-08   1.8e-07   26.9   0.1   195   263    13    84     2    89 0.78 -
Pdum_DN88256_c0_g1_i4:1238-1801  -            188 266808at33208        -            354     2e-15   53.0   0.2   2   2   1.2e-07   1.4e-06   24.0   0.0   154   227   108   186    94   188 0.50 -
Pdum_DN83656_c0_g1_i2:2431-3243  -            271 266808at33208        -            354   5.2e-15   51.7   0.4   1   2   1.3e-10   1.5e-09   33.7   0.3   154   274    10   131     2   135 0.83 -
Pdum_DN83656_c0_g1_i2:2431-3243  -            271 266808at33208        -            354   5.2e-15   51.7   0.4   2   2   3.3e-05   0.00037   16.0   0.0   120   223   159   263   145   270 0.73 -
Pdum_DN89089_c3_g1_i2:1144-1842  -            233 266808at33208        -            354   5.8e-15   51.5   0.0   1   1   1.3e-14   1.4e-13   47.0   0.0    57   260    23   231    11   233 0.81 -
Pdum_DN77965_c1_g1_i1:1796-2569  -            258 266808at33208        -            354     1e-14   50.7   1.1   1   4    0.0015     0.017   10.5   0.1   229   270    31    73     1    83 0.46 -
Pdum_DN77965_c1_g1_i1:1796-2569  -            258 266808at33208        -            354     1e-14   50.7   1.1   2   4   6.1e-11   6.7e-10   34.9   0.0    58   180    77   195    73   198 0.85 -
Pdum_DN77965_c1_g1_i1:1796-2569  -            258 266808at33208        -            354     1e-14   50.7   1.1   3   4    0.0084     0.093    8.1   0.0   101   140   159   199   151   219 0.76 -
Pdum_DN77965_c1_g1_i1:1796-2569  -            258 266808at33208        -            354     1e-14   50.7   1.1   4   4       2.3        26    0.1   0.0    60    86   226   252   209   256 0.76 -
Pdum_DN79208_c0_g1_i2:126-881    -            252 266808at33208        -            354   1.3e-14   50.4   0.3   1   3    0.0015     0.016   10.6   0.0   228   264    25    61     2    67 0.72 -
Pdum_DN79208_c0_g1_i2:126-881    -            252 266808at33208        -            354   1.3e-14   50.4   0.3   2   3   2.2e-05   0.00025   16.5   0.0   111   216    32   142    31   149 0.73 -
Pdum_DN79208_c0_g1_i2:126-881    -            252 266808at33208        -            354   1.3e-14   50.4   0.3   3   3   1.7e-08   1.9e-07   26.8   0.2   194   274   170   249   152   252 0.84 -
Pdum_DN82629_c0_g1_i4:1199-1945  -            249 266808at33208        -            354   5.9e-14   48.2   0.0   1   2   4.1e-07   4.6e-06   22.3   0.0   107   218    15   148     3   166 0.71 -
Pdum_DN82629_c0_g1_i4:1199-1945  -            249 266808at33208        -            354   5.9e-14   48.2   0.0   2   2   2.9e-07   3.2e-06   22.8   0.1   195   263   174   245   152   248 0.83 -
Pdum_DN83552_c2_g1_i4:736-1533   -            266 266808at33208        -            354   5.9e-14   48.2   0.1   1   1   7.7e-15   8.6e-14   47.7   0.1    99   349    13   264     2   266 0.84 -
Pdum_DN80990_c0_g1_i2:237-1007   -            257 266808at33208        -            354   7.6e-14   47.8   0.2   1   2    0.0049     0.054    8.9   0.0   104   141    45    84    29    88 0.80 -
Pdum_DN80990_c0_g1_i2:237-1007   -            257 266808at33208        -            354   7.6e-14   47.8   0.2   2   2     7e-12   7.8e-11   38.0   0.3   101   259    85   249    80   256 0.82 -
Pdum_DN75651_c0_g1_i1:314-1726   -            471 266808at33208        -            354     1e-13   47.5   3.4   1   4     0.015      0.16    7.3   0.0   194   264     3    76     1   114 0.82 -
Pdum_DN75651_c0_g1_i1:314-1726   -            471 266808at33208        -            354     1e-13   47.5   3.4   2   4   1.2e-05   0.00013   17.5   0.0   153   265   229   345   202   356 0.80 -
Pdum_DN75651_c0_g1_i1:314-1726   -            471 266808at33208        -            354     1e-13   47.5   3.4   3   4      0.27         3    3.1   0.1   193   219   365   391   346   409 0.69 -
Pdum_DN75651_c0_g1_i1:314-1726   -            471 266808at33208        -            354     1e-13   47.5   3.4   4   4   8.4e-06   9.4e-05   18.0   1.0   192   260   405   471   359   471 0.79 -
Pdum_DN87078_c1_g1_i1:1681-2622  -            314 266808at33208        -            354   1.6e-13   46.8   0.0   1   2   5.7e-10   6.4e-09   31.7   0.0   158   274   104   226    89   230 0.81 -
Pdum_DN87078_c1_g1_i1:1681-2622  -            314 266808at33208        -            354   1.6e-13   46.8   0.0   2   2   0.00041    0.0046   12.4   0.0   195   262   233   311   226   313 0.76 -
Pdum_DN73504_c1_g7_i2:465-1388   -            308 266808at33208        -            354   3.7e-13   45.6   5.6   1   3      0.04      0.44    5.9   0.1   235   267    16    48     7    66 0.79 -
Pdum_DN73504_c1_g7_i2:465-1388   -            308 266808at33208        -            354   3.7e-13   45.6   5.6   2   3   1.1e-08   1.3e-07   27.4   0.5   146   277    61   194    56   226 0.73 -
Pdum_DN73504_c1_g7_i2:465-1388   -            308 266808at33208        -            354   3.7e-13   45.6   5.6   3   3    0.0036      0.04    9.3   0.1   201   262   203   273   192   276 0.82 -
Pdum_DN89990_c3_g2_i4:939-1688   -            250 266808at33208        -            354   4.6e-13   45.3   3.8   1   3   3.7e-06   4.1e-05   19.1   0.0   150   261     5   118     2   118 0.83 -
Pdum_DN89990_c3_g2_i4:939-1688   -            250 266808at33208        -            354   4.6e-13   45.3   3.8   2   3   3.8e-08   4.2e-07   25.7   0.1   172   271    72   176    70   181 0.73 -
Pdum_DN89990_c3_g2_i4:939-1688   -            250 266808at33208        -            354   4.6e-13   45.3   3.8   3   3   0.00012    0.0013   14.1   0.2   179   275   129   223   122   228 0.75 -
Pdum_DN73439_c0_g1_i2:840-1721   -            294 266808at33208        -            354   9.2e-13   44.3   0.0   1   2   3.6e-12     4e-11   38.9   0.0   104   234     6   139     3   162 0.86 -
Pdum_DN73439_c0_g1_i2:840-1721   -            294 266808at33208        -            354   9.2e-13   44.3   0.0   2   2      0.22       2.5    3.4   0.0   110   142   199   231   187   271 0.75 -
Pdum_DN73512_c4_g2_i3:762-1337   -            192 266808at33208        -            354   1.3e-12   43.8   0.0   1   2   4.5e-06     5e-05   18.8   0.0   161   228     2    75     1   103 0.79 -
Pdum_DN73512_c4_g2_i3:762-1337   -            192 266808at33208        -            354   1.3e-12   43.8   0.0   2   2     2e-07   2.2e-06   23.3   0.0   153   220   118   190    98   192 0.75 -
Pdum_DN76828_c2_g1_i1:4967-5536  -            190 266808at33208        -            354   1.4e-12   43.7   0.8   1   3   1.2e-05   0.00014   17.4   0.1   203   273     6    74     2    78 0.60 -
Pdum_DN76828_c2_g1_i1:4967-5536  -            190 266808at33208        -            354   1.4e-12   43.7   0.8   2   3   6.2e-07   6.9e-06   21.7   0.0   193   262    80   149    75   160 0.91 -
Pdum_DN76828_c2_g1_i1:4967-5536  -            190 266808at33208        -            354   1.4e-12   43.7   0.8   3   3      0.78       8.7    1.6   0.0    61    85   164   188   155   190 0.63 -
Pdum_DN78785_c0_g1_i2:534-2834   -            767 266808at33208        -            354   2.2e-12   43.1   0.6   1   2     0.041      0.45    5.8   0.3   284   331    50    99    38   103 0.80 -
Pdum_DN78785_c0_g1_i2:534-2834   -            767 266808at33208        -            354   2.2e-12   43.1   0.6   2   2   4.9e-12   5.5e-11   38.4   0.1   107   315    90   304    87   317 0.80 -
Pdum_DN89974_c1_g1_i2:2570-4393  -            608 266808at33208        -            354   3.1e-12   42.6   2.8   1   3     1e-05   0.00011   17.7   0.0   195   279   175   256   147   263 0.73 -
Pdum_DN89974_c1_g1_i2:2570-4393  -            608 266808at33208        -            354   3.1e-12   42.6   2.8   2   3   5.8e-05   0.00065   15.2   0.1   205   262   432   488   422   497 0.83 -
Pdum_DN89974_c1_g1_i2:2570-4393  -            608 266808at33208        -            354   3.1e-12   42.6   2.8   3   3     0.015      0.16    7.3   0.1   195   221   558   583   525   594 0.71 -
Pdum_DN92880_c2_g1_i2:4520-5134  -            205 266808at33208        -            354   3.2e-12   42.5   0.1   1   2   4.5e-07     5e-06   22.1   0.0   203   334    12   146     5   147 0.79 -
Pdum_DN92880_c2_g1_i2:4520-5134  -            205 266808at33208        -            354   3.2e-12   42.5   0.1   2   2   7.1e-07   7.9e-06   21.5   0.1    67   178    96   204    79   205 0.78 -
Pdum_DN83005_c1_g1_i1:16-1335    -            440 266808at33208        -            354   4.1e-12   42.2   0.8   1   2   7.3e-05   0.00081   14.9   0.0   196   238     9    51     4    59 0.83 -
Pdum_DN83005_c1_g1_i1:16-1335    -            440 266808at33208        -            354   4.1e-12   42.2   0.8   2   2     5e-08   5.6e-07   25.3   0.6   165   278    83   199    72   209 0.76 -
Pdum_DN83917_c0_g1_i10:26-898    -            291 266808at33208        -            354     6e-12   41.6   1.3   1   2     5e-10   5.5e-09   31.9   0.1   110   272    28   197    22   203 0.79 -
Pdum_DN83917_c0_g1_i10:26-898    -            291 266808at33208        -            354     6e-12   41.6   1.3   2   2    0.0082     0.092    8.1   0.1   194   224   206   238   197   285 0.54 -
Pdum_DN82853_c0_g1_i2:2474-3004  -            177 266808at33208        -            354   6.3e-12   41.5   0.0   1   2   1.9e-09   2.1e-08   29.9   0.1   193   271     4    83     2    95 0.88 -
Pdum_DN82853_c0_g1_i2:2474-3004  -            177 266808at33208        -            354   6.3e-12   41.5   0.0   2   2    0.0013     0.014   10.8   0.0   105   186    83   177    57   177 0.59 -
Pdum_DN82173_c1_g1_i7:1104-1763  -            220 266808at33208        -            354   9.9e-12   40.9   0.0   1   1   1.6e-10   1.8e-09   33.4   0.0    98   255     8   169     4   189 0.80 -
Pdum_DN83800_c0_g2_i3:8-544      -            179 266808at33208        -            354   1.2e-11   40.7   0.7   1   3   2.7e-06     3e-05   19.6   0.0   231   274    54    96    26   105 0.83 -
Pdum_DN83800_c0_g2_i3:8-544      -            179 266808at33208        -            354   1.2e-11   40.7   0.7   2   3      0.36         4    2.7   0.1   335   352   107   124    94   126 0.62 -
Pdum_DN83800_c0_g2_i3:8-544      -            179 266808at33208        -            354   1.2e-11   40.7   0.7   3   3   2.8e-05   0.00031   16.2   0.0   101   139   130   169   124   177 0.84 -
Pdum_DN85054_c1_g3_i7:3124-4005  -            294 266808at33208        -            354   1.7e-11   40.1   1.8   1   3   1.6e-07   1.8e-06   23.6   0.1   195   261    14    82     2    94 0.80 -
Pdum_DN85054_c1_g3_i7:3124-4005  -            294 266808at33208        -            354   1.7e-11   40.1   1.8   2   3   0.00037    0.0041   12.5   0.1   151   276   137   267   127   273 0.80 -
Pdum_DN85054_c1_g3_i7:3124-4005  -            294 266808at33208        -            354   1.7e-11   40.1   1.8   3   3      0.39       4.3    2.6   0.0   322   351   264   294   261   294 0.49 -
Pdum_DN88147_c0_g1_i1:514-1320   -            269 266808at33208        -            354   1.9e-11   39.9   0.7   1   2   8.4e-06   9.3e-05   18.0   0.2   174   271    10   110     1   113 0.74 -
Pdum_DN88147_c0_g1_i1:514-1320   -            269 266808at33208        -            354   1.9e-11   39.9   0.7   2   2   2.4e-07   2.6e-06   23.1   0.1   142   264   103   233   101   243 0.77 -
Pdum_DN90796_c3_g1_i4:1658-2590  -            311 266808at33208        -            354   2.4e-11   39.6   0.1   1   2   0.00074    0.0082   11.6   0.0   150   228    44   125     1   131 0.73 -
Pdum_DN90796_c3_g1_i4:1658-2590  -            311 266808at33208        -            354   2.4e-11   39.6   0.1   2   2   3.8e-08   4.3e-07   25.7   0.1   156   270   131   252   128   273 0.80 -
Pdum_DN78364_c0_g1_i1:226-1314   -            363 266808at33208        -            354   2.6e-11   39.5   1.1   1   2   9.6e-05    0.0011   14.5   0.1   103   181    14    90     5    91 0.78 -
Pdum_DN78364_c0_g1_i1:226-1314   -            363 266808at33208        -            354   2.6e-11   39.5   1.1   2   2   5.9e-10   6.6e-09   31.6   0.2   165   269    34   140    32   150 0.78 -
Pdum_DN66431_c0_g1_i1:1774-2508  -            245 266808at33208        -            354   4.9e-11   38.6   0.0   1   2      0.14       1.5    4.1   0.0   321   353     4    37     1    38 0.82 -
Pdum_DN66431_c0_g1_i1:1774-2508  -            245 266808at33208        -            354   4.9e-11   38.6   0.0   2   2   2.4e-10   2.7e-09   32.9   0.0    98   254    91   243    47   245 0.84 -
Pdum_DN92157_c3_g1_i4:3279-3899  -            207 266808at33208        -            354   7.5e-11   38.0   0.2   1   2      0.01      0.11    7.8   0.0   194   282     5    95     2   107 0.67 -
Pdum_DN92157_c3_g1_i4:3279-3899  -            207 266808at33208        -            354   7.5e-11   38.0   0.2   2   2   1.2e-10   1.4e-09   33.8   0.2    97   264    34   205    29   207 0.76 -
Pdum_DN83655_c1_g1_i2:565-2370   -            602 266808at33208        -            354   9.9e-11   37.6   1.4   1   5     0.061      0.68    5.2   0.0   211   274     7    70     2    81 0.76 -
Pdum_DN83655_c1_g1_i2:565-2370   -            602 266808at33208        -            354   9.9e-11   37.6   1.4   2   5   4.2e-07   4.7e-06   22.2   0.1   169   264   137   238   113   252 0.77 -
Pdum_DN83655_c1_g1_i2:565-2370   -            602 266808at33208        -            354   9.9e-11   37.6   1.4   3   5       5.5        61   -1.2   0.0   195   216   254   275   249   287 0.68 -
Pdum_DN83655_c1_g1_i2:565-2370   -            602 266808at33208        -            354   9.9e-11   37.6   1.4   4   5      0.28       3.1    3.1   0.0   201   221   426   446   397   493 0.77 -
Pdum_DN83655_c1_g1_i2:565-2370   -            602 266808at33208        -            354   9.9e-11   37.6   1.4   5   5      0.87       9.7    1.5   0.0    54   190   450   586   445   600 0.62 -
Pdum_DN92345_c8_g1_i1:3999-4772  -            258 266808at33208        -            354   1.5e-10   37.1   3.0   1   3   0.00082    0.0091   11.4   1.5   169   231     5    72     1   137 0.69 -
Pdum_DN92345_c8_g1_i1:3999-4772  -            258 266808at33208        -            354   1.5e-10   37.1   3.0   2   3      0.62       6.9    1.9   0.0   123   140   156   173   144   181 0.79 -
Pdum_DN92345_c8_g1_i1:3999-4772  -            258 266808at33208        -            354   1.5e-10   37.1   3.0   3   3   2.1e-06   2.3e-05   20.0   0.0    75   179   157   257   152   258 0.52 -
Pdum_DN63925_c0_g1_i1:566-913    -            116 266808at33208        -            354   1.5e-10   37.0   0.0   1   2   4.5e-06     5e-05   18.9   0.0   107   163     3    57     2    62 0.87 -
Pdum_DN63925_c0_g1_i1:566-913    -            116 266808at33208        -            354   1.5e-10   37.0   0.0   2   2   1.5e-05   0.00016   17.1   0.0   202   262    58   116    56   116 0.87 -
Pdum_DN86525_c0_g1_i1:767-1237   -            157 266808at33208        -            354   1.7e-10   36.9   2.5   1   1   3.8e-10   4.3e-09   32.2   2.5   206   351     1   141     1   144 0.82 -
Pdum_DN78867_c0_g1_i4:318-917    -            200 266808at33208        -            354   2.1e-10   36.5   0.0   1   1     1e-10   1.1e-09   34.1   0.0   123   268     8   153     3   156 0.84 -
Pdum_DN65740_c0_g1_i1:159-950    -            264 266808at33208        -            354   2.7e-10   36.2   5.8   1   1   8.8e-10   9.8e-09   31.0   5.8   121   337    16   250     1   264 0.76 -
Pdum_DN90581_c4_g2_i3:17-301     -             95 266808at33208        -            354   3.4e-10   35.9   0.0   1   1   3.3e-11   3.7e-10   35.7   0.0   192   265    21    94     5    95 0.92 -
Pdum_DN84981_c0_g1_i4:2502-3299  -            266 266808at33208        -            354   4.4e-10   35.5   0.1   1   2   5.3e-10   5.9e-09   31.8   0.1   126   268    24   170     8   183 0.82 -
Pdum_DN84981_c0_g1_i4:2502-3299  -            266 266808at33208        -            354   4.4e-10   35.5   0.1   2   2      0.68       7.6    1.8   0.0   121   182   198   257   170   264 0.50 -
Pdum_DN83855_c0_g1_i4:898-1398   -            167 266808at33208        -            354   4.8e-10   35.4   0.0   1   2   0.00022    0.0024   13.3   0.0   210   266     4    64     1    80 0.58 -
Pdum_DN83855_c0_g1_i4:898-1398   -            167 266808at33208        -            354   4.8e-10   35.4   0.0   2   2     2e-06   2.3e-05   20.0   0.0    99   186    81   167    75   167 0.86 -
Pdum_DN92785_c3_g1_i2:3039-3953  -            305 266808at33208        -            354   4.9e-10   35.3   1.8   1   3       3.7        41   -0.6   0.0   212   255    72   118    24   122 0.72 -
Pdum_DN92785_c3_g1_i2:3039-3953  -            305 266808at33208        -            354   4.9e-10   35.3   1.8   2   3   7.9e-05   0.00088   14.8   0.1   230   273   204   246   192   252 0.81 -
Pdum_DN92785_c3_g1_i2:3039-3953  -            305 266808at33208        -            354   4.9e-10   35.3   1.8   3   3   5.2e-06   5.8e-05   18.6   0.1   194   249   253   305   244   305 0.87 -
Pdum_DN75461_c3_g1_i3:3373-3924  -            184 266808at33208        -            354   6.8e-10   34.9   0.1   1   1   2.6e-10   2.9e-09   32.8   0.1   107   262     2   172     1   183 0.82 -
Pdum_DN90064_c4_g2_i4:2737-3285  -            183 266808at33208        -            354   8.1e-10   34.6   0.2   1   1   2.6e-10   2.9e-09   32.8   0.2    97   263     5   179     2   181 0.78 -
Pdum_DN89838_c3_g2_i15:1065-1715 -            217 266808at33208        -            354   9.1e-10   34.4   4.4   1   2   0.00049    0.0054   12.2   0.3   205   262     4    57     1    59 0.82 -
Pdum_DN89838_c3_g2_i15:1065-1715 -            217 266808at33208        -            354   9.1e-10   34.4   4.4   2   2   7.2e-08     8e-07   24.8   0.9    94   260    55   217    50   217 0.77 -
Pdum_DN87402_c0_g1_i1:96-587     -            164 266808at33208        -            354   1.1e-09   34.2   0.0   1   1   1.3e-10   1.4e-09   33.8   0.0   112   260     1   164     1   164 0.70 -
Pdum_DN82224_c0_g1_i1:2663-3601  -            313 266808at33208        -            354   1.1e-09   34.1   5.2   1   3   4.8e-05   0.00054   15.5   0.0   205   315     3   107     1   115 0.67 -
Pdum_DN82224_c0_g1_i1:2663-3601  -            313 266808at33208        -            354   1.1e-09   34.1   5.2   2   3     0.001     0.012   11.1   0.1   104   218   138   172   114   190 0.59 -
Pdum_DN82224_c0_g1_i1:2663-3601  -            313 266808at33208        -            354   1.1e-09   34.1   5.2   3   3     0.013      0.15    7.4   0.3   193   267   203   278   194   294 0.80 -
Pdum_DN84963_c1_g1_i6:2493-3167  -            225 266808at33208        -            354   1.1e-09   34.1   0.2   1   1   1.9e-10   2.1e-09   33.2   0.2   160   277     1   123     1   161 0.78 -
Pdum_DN81583_c1_g1_i3:690-1517   -            276 266808at33208        -            354   1.5e-09   33.8   0.0   1   1   3.3e-10   3.6e-09   32.5   0.0   118   314    34   240    20   276 0.75 -
Pdum_DN74384_c0_g2_i2:183-1028   -            282 266808at33208        -            354   1.6e-09   33.6   3.7   1   2     0.046      0.51    5.7   2.0   164   261     1   109     1   115 0.55 -
Pdum_DN74384_c0_g2_i2:183-1028   -            282 266808at33208        -            354   1.6e-09   33.6   3.7   2   2   1.1e-08   1.2e-07   27.4   0.0   101   220   141   266   120   279 0.81 -
Pdum_DN91159_c2_g2_i3:3805-5139  -            445 266808at33208        -            354   1.8e-09   33.5   0.0   1   3   9.5e-05    0.0011   14.5   0.0   193   308     9   119     4   169 0.85 -
Pdum_DN91159_c2_g2_i3:3805-5139  -            445 266808at33208        -            354   1.8e-09   33.5   0.0   2   3   0.00035    0.0039   12.6   0.0   106   184   245   326   231   337 0.80 -
Pdum_DN91159_c2_g2_i3:3805-5139  -            445 266808at33208        -            354   1.8e-09   33.5   0.0   3   3      0.23       2.6    3.4   0.0    85   139   328   383   322   400 0.80 -
Pdum_DN88741_c1_g1_i6:2862-3788  -            309 266808at33208        -            354   2.4e-09   33.0   0.1   1   4     0.053      0.59    5.5   0.0   115   265    58   135     9   156 0.61 -
Pdum_DN88741_c1_g1_i6:2862-3788  -            309 266808at33208        -            354   2.4e-09   33.0   0.1   2   4   7.5e-05   0.00083   14.8   0.0   112   263    55   224    48   229 0.73 -
Pdum_DN88741_c1_g1_i6:2862-3788  -            309 266808at33208        -            354   2.4e-09   33.0   0.1   3   4   5.8e-06   6.4e-05   18.5   0.0    69   182   158   265   148   279 0.84 -
Pdum_DN88741_c1_g1_i6:2862-3788  -            309 266808at33208        -            354   2.4e-09   33.0   0.1   4   4    0.0015     0.016   10.6   0.0    68   132   244   307   238   309 0.80 -
Pdum_DN84536_c0_g1_i1:2054-2740  -            229 266808at33208        -            354   3.5e-09   32.5   0.1   1   1   5.2e-10   5.8e-09   31.8   0.1   120   267    14   160     1   189 0.84 -
Pdum_DN80062_c1_g1_i8:396-980    -            195 266808at33208        -            354   8.7e-09   31.2   0.1   1   3    0.0011     0.012   11.0   0.0   108   138     1    30     1    38 0.88 -
Pdum_DN80062_c1_g1_i8:396-980    -            195 266808at33208        -            354   8.7e-09   31.2   0.1   2   3   6.7e-05   0.00074   15.0   0.0   195   265    63   137    53   147 0.78 -
Pdum_DN80062_c1_g1_i8:396-980    -            195 266808at33208        -            354   8.7e-09   31.2   0.1   3   3      0.55       6.1    2.1   0.0   235   273   152   191   138   195 0.71 -
Pdum_DN75894_c0_g1_i3:519-1061   -            181 266808at33208        -            354   1.2e-08   30.7   0.1   1   2   9.5e-05    0.0011   14.5   0.2   211   271     2    63     1    66 0.82 -
Pdum_DN75894_c0_g1_i3:519-1061   -            181 266808at33208        -            354   1.2e-08   30.7   0.1   2   2   6.1e-05   0.00068   15.1   0.0   106   194    64   158    59   181 0.63 -
Pdum_DN74464_c0_g1_i5:1241-2116  -            292 266808at33208        -            354   1.3e-08   30.7   3.5   1   4   8.8e-06   9.8e-05   17.9   0.1   183   264    31   121     1   133 0.72 -
Pdum_DN74464_c0_g1_i5:1241-2116  -            292 266808at33208        -            354   1.3e-08   30.7   3.5   2   4   4.5e-06     5e-05   18.8   0.1   195   264    96   162    79   166 0.74 -
Pdum_DN74464_c0_g1_i5:1241-2116  -            292 266808at33208        -            354   1.3e-08   30.7   3.5   3   4     0.062      0.69    5.2   0.2   195   218   187   210   167   215 0.79 -
Pdum_DN74464_c0_g1_i5:1241-2116  -            292 266808at33208        -            354   1.3e-08   30.7   3.5   4   4       1.8        20    0.4   0.0   190   252   231   291   221   292 0.64 -
Pdum_DN91312_c3_g1_i1:2693-3613  -            307 266808at33208        -            354   1.5e-08   30.4   0.0   1   1   7.3e-09   8.1e-08   28.0   0.0   102   293    37   238    25   301 0.70 -
Pdum_DN84033_c1_g3_i1:1196-1882  -            229 266808at33208        -            354   1.6e-08   30.3   1.3   1   3   0.00016    0.0017   13.8   0.1   235   264    64    93     9   102 0.83 -
Pdum_DN84033_c1_g3_i1:1196-1882  -            229 266808at33208        -            354   1.6e-08   30.3   1.3   2   3   0.00011    0.0012   14.3   0.1   194   261   125   191    94   202 0.68 -
Pdum_DN84033_c1_g3_i1:1196-1882  -            229 266808at33208        -            354   1.6e-08   30.3   1.3   3   3    0.0068     0.076    8.4   0.0   193   250   167   228   154   229 0.81 -
Pdum_DN92828_c4_g1_i1:1118-1732  -            205 266808at33208        -            354   2.6e-08   29.7   0.3   1   1     3e-09   3.4e-08   29.3   0.3   104   261    37   205    27   205 0.73 -
Pdum_DN76013_c0_g1_i3:697-1326   -            210 266808at33208        -            354   2.7e-08   29.6   0.4   1   1     0.057      0.64    5.3   0.0   105   137   175   209   170   210 0.66 -
Pdum_DN70029_c0_g1_i5:95-625     -            177 266808at33208        -            354   5.8e-08   28.5   0.0   1   2   0.00041    0.0046   12.4   0.0   108   254     5    75     1    78 0.48 -
Pdum_DN70029_c0_g1_i5:95-625     -            177 266808at33208        -            354   5.8e-08   28.5   0.0   2   2   0.00011    0.0013   14.2   0.0    97   145    90   141    78   155 0.80 -
Pdum_DN69316_c0_g1_i1:306-1280   -            325 266808at33208        -            354   6.5e-08   28.3   2.1   1   1   2.7e-08     3e-07   26.1   2.1    61   262    14   233     6   243 0.75 -
Pdum_DN72823_c0_g2_i2:1538-1969  -            144 266808at33208        -            354   7.5e-08   28.1   0.1   1   1   5.3e-08   5.9e-07   25.2   0.1   120   229     3   112     1   143 0.76 -
Pdum_DN71483_c1_g1_i1:326-1213   -            296 266808at33208        -            354   8.1e-08   28.0   0.0   1   1   1.8e-08     2e-07   26.7   0.0   113   252    69   220    58   245 0.75 -
Pdum_DN92909_c6_g1_i3:5203-5631  -            143 266808at33208        -            354   1.2e-07   27.4   0.0   1   2   0.00029    0.0032   12.9   0.1   205   265     8    66     2    75 0.87 -
Pdum_DN92909_c6_g1_i3:5203-5631  -            143 266808at33208        -            354   1.2e-07   27.4   0.0   2   2   0.00025    0.0028   13.1   0.0   104   147    77   121    66   141 0.79 -
Pdum_DN90079_c2_g2_i8:1520-1906  -            129 266808at33208        -            354   1.3e-07   27.4   0.1   1   1   2.7e-08     3e-07   26.2   0.1   192   273    47   129     1   129 0.81 -
Pdum_DN71959_c0_g1_i4:1470-2264  -            265 266808at33208        -            354   1.6e-07   27.0   0.1   1   1   3.2e-08   3.6e-07   25.9   0.0   154   262    99   211    89   235 0.82 -
Pdum_DN38861_c0_g1_i1:634-1395   -            254 266808at33208        -            354   1.7e-07   26.9   0.0   1   2   7.1e-07   7.9e-06   21.5   0.0   165   268    57   164     1   176 0.68 -
Pdum_DN38861_c0_g1_i1:634-1395   -            254 266808at33208        -            354   1.7e-07   26.9   0.0   2   2      0.18         2    3.7   0.0   155   213   189   254   179   254 0.72 -
Pdum_DN70256_c0_g1_i2:565-1389   -            275 266808at33208        -            354   1.8e-07   26.9   0.2   1   3       0.1       1.1    4.5   0.1   158   228     7    82     5    87 0.73 -
Pdum_DN70256_c0_g1_i2:565-1389   -            275 266808at33208        -            354   1.8e-07   26.9   0.2   2   3   2.3e-06   2.6e-05   19.8   0.0   204   285   138   217    82   231 0.76 -
Pdum_DN70256_c0_g1_i2:565-1389   -            275 266808at33208        -            354   1.8e-07   26.9   0.2   3   3       3.4        38   -0.5   0.0   115   171   212   268   209   271 0.75 -
Pdum_DN87538_c0_g1_i11:101-625   -            175 266808at33208        -            354   1.9e-07   26.8   0.4   1   1   3.2e-08   3.6e-07   25.9   0.4   193   279     8   101     2   142 0.74 -
Pdum_DN90517_c4_g2_i3:223-1167   -            315 266808at33208        -            354   2.1e-07   26.7   1.9   1   3      0.31       3.5    2.9   0.0   100   128    57    86    47    91 0.85 -
Pdum_DN90517_c4_g2_i3:223-1167   -            315 266808at33208        -            354   2.1e-07   26.7   1.9   2   3    0.0025     0.027    9.8   0.0   208   261    90   141    84   147 0.79 -
Pdum_DN90517_c4_g2_i3:223-1167   -            315 266808at33208        -            354   2.1e-07   26.7   1.9   3   3   0.00082    0.0092   11.4   0.6   234   335   169   287   155   315 0.64 -
Pdum_DN89224_c5_g2_i10:3106-3672 -            189 266808at33208        -            354   2.1e-07   26.7   0.4   1   2    0.0026     0.029    9.8   0.1   200   262    18    78     2    87 0.67 -
Pdum_DN89224_c5_g2_i10:3106-3672 -            189 266808at33208        -            354   2.1e-07   26.7   0.4   2   2   1.5e-07   1.7e-06   23.7   0.1   193   267    53   127    45   142 0.88 -
Pdum_DN76096_c0_g1_i2:257-1054   -            266 266808at33208        -            354   2.3e-07   26.6   3.3   1   3    0.0075     0.084    8.2   0.0   205   263     5    61     2    79 0.83 -
Pdum_DN76096_c0_g1_i2:257-1054   -            266 266808at33208        -            354   2.3e-07   26.6   3.3   2   3      0.27         3    3.1   0.1   243   270    97   123    78   148 0.70 -
Pdum_DN76096_c0_g1_i2:257-1054   -            266 266808at33208        -            354   2.3e-07   26.6   3.3   3   3     9e-05     0.001   14.6   0.1   192   228   184   220   170   229 0.72 -
Pdum_DN91578_c1_g1_i1:221-1078   -            286 266808at33208        -            354   5.8e-07   25.2   0.3   1   2      0.91        10    1.4   0.0   196   235    26    65     2    90 0.69 -
Pdum_DN91578_c1_g1_i1:221-1078   -            286 266808at33208        -            354   5.8e-07   25.2   0.3   2   2   5.4e-07     6e-06   21.9   0.1   160   266   151   259   134   265 0.78 -
Pdum_DN75371_c0_g2_i4:68-790     -            241 266808at33208        -            354   5.9e-07   25.2   0.2   1   2    0.0017     0.018   10.4   0.0   200   257     8    63     4    75 0.81 -
Pdum_DN75371_c0_g2_i4:68-790     -            241 266808at33208        -            354   5.9e-07   25.2   0.2   2   2   0.00025    0.0027   13.1   0.0   127   259   103   240    91   241 0.77 -
Pdum_DN90616_c3_g1_i1:734-1480   -            249 266808at33208        -            354   6.8e-07   25.0   0.3   1   2     0.009       0.1    8.0   0.0   236   273    12    47     2    55 0.70 -
Pdum_DN90616_c3_g1_i1:734-1480   -            249 266808at33208        -            354   6.8e-07   25.0   0.3   2   2       3.3        37   -0.4   0.0   125   151   214   240   151   249 0.61 -
Pdum_DN87384_c0_g1_i3:1231-2082  -            284 266808at33208        -            354   1.1e-06   24.3   0.0   1   1   1.8e-07     2e-06   23.4   0.0   195   268   209   280   197   283 0.91 -
Pdum_DN90581_c4_g3_i1:36-329     -             98 266808at33208        -            354   1.3e-06   24.0   0.1   1   2   4.1e-06   4.5e-05   19.0   0.1   204   266     5    69     1    72 0.86 -
Pdum_DN90581_c4_g3_i1:36-329     -             98 266808at33208        -            354   1.3e-06   24.0   0.1   2   2       0.1       1.1    4.6   0.0   101   127    70    97    67    98 0.70 -
Pdum_DN79406_c0_g1_i1:443-1132   -            230 266808at33208        -            354   1.4e-06   24.0   0.1   1   3    0.0029     0.032    9.6   0.1   197   268     1    70     1    97 0.67 -
Pdum_DN79406_c0_g1_i1:443-1132   -            230 266808at33208        -            354   1.4e-06   24.0   0.1   2   3     0.009       0.1    8.0   0.0   104   174    30    98    22   119 0.78 -
Pdum_DN79406_c0_g1_i1:443-1132   -            230 266808at33208        -            354   1.4e-06   24.0   0.1   3   3   0.00052    0.0058   12.1   0.0   105   156   167   216   129   230 0.78 -
Pdum_DN84002_c0_g1_i8:1297-1713  -            139 266808at33208        -            354   2.4e-06   23.2   0.1   1   2      0.29       3.2    3.0   0.0   196   217    56    78    44    91 0.58 -
Pdum_DN84002_c0_g1_i8:1297-1713  -            139 266808at33208        -            354   2.4e-06   23.2   0.1   2   2   2.3e-06   2.6e-05   19.8   0.1    76   139    67   131    60   135 0.72 -
Pdum_DN90901_c7_g1_i5:586-1371   -            262 266808at33208        -            354   2.7e-06   23.0   0.0   1   1   3.7e-07   4.1e-06   22.4   0.0   105   217    87   208    60   255 0.83 -
Pdum_DN89794_c2_g1_i1:591-1430   -            280 266808at33208        -            354   3.7e-06   22.6   2.1   1   2   0.00025    0.0028   13.1   0.1   193   218    13    38     2    57 0.72 -
Pdum_DN89794_c2_g1_i1:591-1430   -            280 266808at33208        -            354   3.7e-06   22.6   2.1   2   2    0.0048     0.053    8.9   0.3    60   182    59   183    40   280 0.86 -
Pdum_DN69263_c0_g1_i1:369-1241   -            291 266808at33208        -            354   3.7e-06   22.6   2.0   1   3    0.0078     0.087    8.2   0.0    57   171     2   115     1   126 0.68 -
Pdum_DN69263_c0_g1_i1:369-1241   -            291 266808at33208        -            354   3.7e-06   22.6   2.0   2   3       1.6        18    0.6   0.0   201   218   169   186   161   210 0.66 -
Pdum_DN69263_c0_g1_i1:369-1241   -            291 266808at33208        -            354   3.7e-06   22.6   2.0   3   3   0.00098     0.011   11.2   0.5   119   180   216   278   192   288 0.57 -
Pdum_DN71445_c0_g2_i2:715-1509   -            265 266808at33208        -            354     5e-06   22.1   0.2   1   2   5.3e-06   5.9e-05   18.6   0.1   123   220     1   104     1   125 0.71 -
Pdum_DN71445_c0_g2_i2:715-1509   -            265 266808at33208        -            354     5e-06   22.1   0.2   2   2       1.5        17    0.7   0.0   146   172   210   237   199   250 0.65 -
Pdum_DN70491_c0_g1_i1:493-933    -            147 266808at33208        -            354   8.4e-06   21.4   0.0   1   1   7.9e-07   8.8e-06   21.3   0.0   204   276    55   126    27   147 0.75 -
Pdum_DN89809_c3_g1_i10:6423-7019 -            199 266808at33208        -            354   1.2e-05   20.9   0.0   1   1   1.6e-06   1.7e-05   20.4   0.0   124   248     2   135     1   154 0.81 -
Pdum_DN89096_c2_g3_i4:368-1081   -            238 266808at33208        -            354   1.5e-05   20.6   0.2   1   2    0.0014     0.015   10.7   0.0   194   258    10    72     1    79 0.69 -
Pdum_DN89096_c2_g3_i4:368-1081   -            238 266808at33208        -            354   1.5e-05   20.6   0.2   2   2      0.03      0.33    6.3   0.0   122   213   101   192    81   227 0.61 -
Pdum_DN61369_c0_g1_i1:1329-2081  -            251 266808at33208        -            354   2.2e-05   20.0   0.1   1   3      0.45       5.1    2.4   0.0    70   143     9    34     2    74 0.57 -
Pdum_DN61369_c0_g1_i1:1329-2081  -            251 266808at33208        -            354   2.2e-05   20.0   0.1   2   3      0.29       3.2    3.0   0.0   193   222   126   156    86   164 0.73 -
Pdum_DN61369_c0_g1_i1:1329-2081  -            251 266808at33208        -            354   2.2e-05   20.0   0.1   3   3   0.00095     0.011   11.2   0.0   196   264   183   249   176   251 0.63 -
Pdum_DN73864_c0_g1_i1:496-1020   -            175 266808at33208        -            354   3.4e-05   19.4   0.0   1   2   0.00072     0.008   11.6   0.0   120   186    22    96    11   103 0.79 -
Pdum_DN73864_c0_g1_i1:496-1020   -            175 266808at33208        -            354   3.4e-05   19.4   0.0   2   2       1.3        15    0.9   0.0   321   349   146   174   132   175 0.81 -
Pdum_DN77384_c0_g1_i7:393-935    -            181 266808at33208        -            354   6.1e-05   18.6   0.0   1   1   9.5e-06   0.00011   17.8   0.0   151   262    63   180    49   181 0.80 -
Pdum_DN79808_c0_g1_i2:3342-4115  -            258 266808at33208        -            354   6.3e-05   18.5   0.2   1   3    0.0048     0.053    8.9   0.1   192   217    28    53     5    59 0.78 -
Pdum_DN79808_c0_g1_i2:3342-4115  -            258 266808at33208        -            354   6.3e-05   18.5   0.2   2   3       1.4        15    0.8   0.0   319   343    60    84    53    90 0.70 -
Pdum_DN79808_c0_g1_i2:3342-4115  -            258 266808at33208        -            354   6.3e-05   18.5   0.2   3   3      0.13       1.4    4.2   0.0   121   213   165   258    91   258 0.58 -
Pdum_DN77673_c0_g1_i3:1415-1756  -            114 266808at33208        -            354   7.2e-05   18.3   0.0   1   1   6.9e-06   7.6e-05   18.2   0.0    70   142     1    75     1   113 0.77 -
Pdum_DN91057_c2_g1_i2:7869-8894  -            342 266808at33208        -            354   8.6e-05   18.1   0.0   1   2      0.01      0.12    7.8   0.0   157   217    17    81     4   111 0.63 -
Pdum_DN91057_c2_g1_i2:7869-8894  -            342 266808at33208        -            354   8.6e-05   18.1   0.0   2   2    0.0071     0.079    8.3   0.0   166   217   194   249   130   269 0.80 -
Pdum_DN86351_c0_g1_i1:4371-5225  -            285 266808at33208        -            354    0.0001   17.9   0.0   1   1   1.4e-05   0.00016   17.2   0.0   200   351    91   244    62   249 0.66 -
Pdum_DN89812_c3_g1_i3:2-727      -            242 266808at33208        -            354   0.00016   17.2   0.3   1   2     0.021      0.24    6.7   0.2   191   221    51    83    33    98 0.74 -
Pdum_DN89812_c3_g1_i3:2-727      -            242 266808at33208        -            354   0.00016   17.2   0.3   2   2    0.0054      0.06    8.7   0.0   100   218    86   214    80   217 0.71 -
Pdum_DN80615_c0_g2_i1:462-1022   -            187 266808at33208        -            354   0.00041   15.9   0.1   1   1     6e-05   0.00067   15.1   0.0   158   219    56   122    39   178 0.77 -
Pdum_DN82280_c0_g2_i3:105-599    -            165 266808at33208        -            354   0.00083   14.8   0.0   1   1   0.00014    0.0015   14.0   0.0   108   181     2    79     1    93 0.81 -
Pdum_DN90254_c2_g1_i7:1711-2505  -            265 266808at33208        -            354    0.0009   14.7   0.5   1   2       0.1       1.1    4.5   0.1   202   263    91   158    65   179 0.73 -
Pdum_DN90254_c2_g1_i7:1711-2505  -            265 266808at33208        -            354    0.0009   14.7   0.5   2   2     0.006     0.067    8.6   0.0   200   270   188   264   162   265 0.64 -
Pdum_DN85858_c0_g1_i11:715-1416  -            234 266808at33208        -            354    0.0016   13.9   0.6   1   2       3.8        42   -0.7   0.0   112   136    52    78    29   136 0.59 -
Pdum_DN85858_c0_g1_i11:715-1416  -            234 266808at33208        -            354    0.0016   13.9   0.6   2   2   0.00049    0.0055   12.1   0.5   158   216   168   234   158   234 0.65 -
Pdum_DN92083_c9_g1_i4:168-389    -             74 266808at33208        -            354    0.0019   13.7   0.1   1   1   0.00017    0.0019   13.6   0.1   234   286     9    61     2    70 0.83 -
Pdum_DN90416_c1_g1_i6:5174-6010  -            279 266808at33208        -            354    0.0034   12.8   2.0   1   4         1        11    1.3   0.0   245   263    73    91    54    98 0.66 -
Pdum_DN90416_c1_g1_i6:5174-6010  -            279 266808at33208        -            354    0.0034   12.8   2.0   2   4       4.3        48   -0.8   0.0   316   352   135   170   129   172 0.63 -
Pdum_DN90416_c1_g1_i6:5174-6010  -            279 266808at33208        -            354    0.0034   12.8   2.0   3   4      0.32       3.6    2.9   0.0   108   142   191   227   182   246 0.63 -
Pdum_DN90416_c1_g1_i6:5174-6010  -            279 266808at33208        -            354    0.0034   12.8   2.0   4   4     0.092         1    4.7   0.1   235   262   253   279   247   279 0.82 -
Pdum_DN92312_c5_g1_i1:3986-4570  -            195 266808at33208        -            354     0.011   11.2   0.0   1   2     0.003     0.034    9.5   0.0   244   272    89   117    66   127 0.85 -
Pdum_DN92312_c5_g1_i1:3986-4570  -            195 266808at33208        -            354     0.011   11.2   0.0   2   2       5.8        65   -1.3   0.0   157   215   173   194   144   195 0.65 -
Pdum_DN77163_c0_g1_i7:484-801    -            106 266808at33208        -            354     0.011   11.2   0.0   1   1    0.0016     0.017   10.5   0.0   112   154    57   101    23   105 0.79 -
#
# Program:         hmmsearch
# Version:         3.1b2 (February 2015)
# Pipeline mode:   SEARCH
# Query file:      /mnt/f/phylo/WORMS/busco_analysis/busco_downloads/lineages/metazoa_odb10/hmms/266808at33208.hmm
# Target file:     /mnt/f/phylo/WORMS/busco_analysis/metazoa_lineage_result/run_metazoa_odb10/metaeuk_output/rerun_results/Platynereis_ref.eggnog_filter.nucl.fasta.modified.fas
# Option settings: hmmsearch --domtblout /mnt/f/phylo/WORMS/busco_analysis/metazoa_lineage_result/run_metazoa_odb10/hmmer_output/rerun_results/266808at33208.out --cpu 1 /mnt/f/phylo/WORMS/busco_analysis/busco_downloads/lineages/metazoa_odb10/hmms/266808at33208.hmm /mnt/f/phylo/WORMS/busco_analysis/metazoa_lineage_result/run_metazoa_odb10/metaeuk_output/rerun_results/Platynereis_ref.eggnog_filter.nucl.fasta.modified.fas 
# Current dir:     /mnt/f/phylo/WORMS/busco_analysis
# Date:            Sun Mar 12 21:15:05 2023
# [ok]
