#                                                                                       --- full sequence --- -------------- this domain -------------   hmm coord   ali coord   env coord
# target name                   accession   tlen query name           accession   qlen   E-value  score  bias   #  of  c-Evalue  i-Evalue  score  bias  from    to  from    to  from    to  acc description of target
#           ------------------- ---------- ----- -------------------- ---------- ----- --------- ------ ----- --- --- --------- --------- ------ ----- ----- ----- ----- ----- ----- ----- ---- ---------------------
Pdum_DN64454_c0_g1_i1:2-391     -            130 502691at33208        -            206   2.9e-56  187.1   0.2   1   1   1.8e-58     4e-56  186.6   0.2     1   106     9   129     9   130 0.92 -
Pdum_DN85282_c0_g2_i1:233-943   -            237 502691at33208        -            206   6.1e-14   48.9   0.1   1   1   1.6e-15   3.5e-13   46.4   0.1     1   100     2   114     2   223 0.85 -
Pdum_DN85823_c0_g1_i1:1835-2272 -            146 502691at33208        -            206   3.6e-05   20.2   0.0   1   1   2.2e-07   4.7e-05   19.8   0.0    21    97    32   107    27   125 0.75 -
Pdum_DN84386_c0_g1_i2:1023-1739 -            239 502691at33208        -            206   7.2e-05   19.2   0.0   1   2   8.8e-07   0.00019   17.8   0.0    23   101    37   115    32   130 0.82 -
Pdum_DN84386_c0_g1_i2:1023-1739 -            239 502691at33208        -            206   7.2e-05   19.2   0.0   2   2      0.91     2e+02   -1.8   0.0    96   143   168   187   144   232 0.47 -
Pdum_DN83381_c0_g1_i2:3059-3595 -            179 502691at33208        -            206   0.00021   17.7   0.0   1   1   1.1e-06   0.00025   17.5   0.0    22    98    63   139    34   149 0.77 -
Pdum_DN78808_c2_g1_i4:1197-1637 -            147 502691at33208        -            206    0.0021   14.4   0.0   1   1   1.1e-05    0.0024   14.3   0.0    22   100    33   110     4   124 0.79 -
Pdum_DN90194_c4_g1_i2:2559-2999 -            147 502691at33208        -            206     0.007   12.7   0.0   1   1   3.9e-05    0.0085   12.4   0.0    22    96    24   100    15   120 0.85 -
#
# Program:         hmmsearch
# Version:         3.1b2 (February 2015)
# Pipeline mode:   SEARCH
# Query file:      /mnt/f/phylo/WORMS/busco_analysis/busco_downloads/lineages/metazoa_odb10/hmms/502691at33208.hmm
# Target file:     /mnt/f/phylo/WORMS/busco_analysis/metazoa_lineage_result/run_metazoa_odb10/metaeuk_output/rerun_results/Platynereis_ref.eggnog_filter.nucl.fasta.modified.fas
# Option settings: hmmsearch --domtblout /mnt/f/phylo/WORMS/busco_analysis/metazoa_lineage_result/run_metazoa_odb10/hmmer_output/rerun_results/502691at33208.out --cpu 1 /mnt/f/phylo/WORMS/busco_analysis/busco_downloads/lineages/metazoa_odb10/hmms/502691at33208.hmm /mnt/f/phylo/WORMS/busco_analysis/metazoa_lineage_result/run_metazoa_odb10/metaeuk_output/rerun_results/Platynereis_ref.eggnog_filter.nucl.fasta.modified.fas 
# Current dir:     /mnt/f/phylo/WORMS/busco_analysis
# Date:            Sun Mar 12 21:15:11 2023
# [ok]
